INFO:__main__:used memory: 15 M
INFO:__main__:FuncIndex is 401, time overhead is 0.8018722534179688
INFO:__main__:used memory: 3 M
INFO:__main__:FuncIndex is 402, time overhead is 0.6362006664276123
INFO:__main__:used memory: 0 M
INFO:__main__:FuncIndex is 403, time overhead is 0.08059525489807129
INFO:__main__:used memory: 0 M
INFO:__main__:FuncIndex is 404, time overhead is 0.04214310646057129
INFO:__main__:used memory: 40 M
INFO:__main__:FuncIndex is 405, time overhead is 9.049281358718872
INFO:__main__:used memory: 0 M
INFO:__main__:FuncIndex is 406, time overhead is 0.1879134178161621
INFO:__main__:used memory: 0 M
INFO:__main__:FuncIndex is 407, time overhead is 0.02143573760986328
INFO:__main__:used memory: 14 M
INFO:__main__:FuncIndex is 408, time overhead is 8.845160007476807
INFO:__main__:[exception] used memory: 0 M
INFO:__main__:[exception] FuncIndex is 409, time overhead is 0.00258636474609375
INFO:root:
INFO:root:
INFO:__main__:used memory: 21 M
INFO:__main__:FuncIndex is 410, time overhead is 12.492322444915771
INFO:__main__:used memory: 1 M
INFO:__main__:FuncIndex is 411, time overhead is 0.05221295356750488
INFO:__main__:used memory: 0 M
INFO:__main__:FuncIndex is 412, time overhead is 0.13813185691833496
INFO:__main__:used memory: 0 M
INFO:__main__:FuncIndex is 413, time overhead is 0.02500152587890625
INFO:__main__:used memory: 0 M
INFO:__main__:FuncIndex is 414, time overhead is 0.03651165962219238
INFO:__main__:used memory: 0 M
INFO:__main__:FuncIndex is 415, time overhead is 0.06190061569213867
INFO:root:unsupport call_indirect now
INFO:root:unsupport call_indirect now
INFO:root:unsupport call_indirect now
INFO:root:unsupport call_indirect now
INFO:__main__:used memory: 5 M
INFO:__main__:FuncIndex is 416, time overhead is 0.8884408473968506
INFO:root:unsupport call_indirect now
INFO:root:unsupport call_indirect now
INFO:__main__:used memory: 6 M
INFO:__main__:FuncIndex is 417, time overhead is 0.5741097927093506
INFO:__main__:used memory: -40 M
INFO:__main__:FuncIndex is 418, time overhead is 2.4707303047180176
INFO:__main__:used memory: -8 M
INFO:__main__:FuncIndex is 419, time overhead is 2.3292477130889893
INFO:__main__:used memory: 69 M
INFO:__main__:FuncIndex is 420, time overhead is 18.646135330200195
INFO:__main__:used memory: -3 M
INFO:__main__:FuncIndex is 421, time overhead is 0.4375152587890625
INFO:__main__:used memory: 2 M
INFO:__main__:FuncIndex is 422, time overhead is 0.4061269760131836
INFO:__main__:used memory: 3 M
INFO:__main__:FuncIndex is 423, time overhead is 0.4029548168182373
INFO:__main__:used memory: 15 M
INFO:__main__:FuncIndex is 424, time overhead is 11.525507926940918
INFO:__main__:used memory: -62 M
INFO:__main__:FuncIndex is 425, time overhead is 17.64047932624817
INFO:__main__:used memory: -3 M
INFO:__main__:FuncIndex is 426, time overhead is 0.04812288284301758
INFO:__main__:used memory: 0 M
INFO:__main__:FuncIndex is 427, time overhead is 0.028629302978515625
INFO:__main__:[exception] used memory: 0 M
INFO:__main__:[exception] FuncIndex is 428, time overhead is 0.01194620132446289
INFO:__main__:used memory: 0 M
INFO:__main__:FuncIndex is 429, time overhead is 0.022130250930786133
INFO:__main__:used memory: 0 M
INFO:__main__:FuncIndex is 430, time overhead is 0.08658385276794434
INFO:root:unsupport call_indirect now
INFO:root:unsupport call_indirect now
INFO:__main__:used memory: -1 M
INFO:__main__:FuncIndex is 431, time overhead is 0.07365703582763672
INFO:__main__:[exception] used memory: 0 M
INFO:__main__:[exception] FuncIndex is 432, time overhead is 0.5142977237701416
INFO:__main__:[exception] used memory: 0 M
INFO:__main__:[exception] FuncIndex is 433, time overhead is 0.036391258239746094
INFO:__main__:used memory: 0 M
INFO:__main__:FuncIndex is 434, time overhead is 0.10942673683166504
INFO:root:sort mismatch
INFO:__main__:used memory: 0 M
INFO:__main__:FuncIndex is 435, time overhead is 0.03639698028564453
INFO:__main__:used memory: 0 M
INFO:__main__:FuncIndex is 436, time overhead is 0.03818249702453613
INFO:__main__:used memory: 0 M
INFO:__main__:FuncIndex is 437, time overhead is 0.19337725639343262
INFO:root:sort mismatch
INFO:__main__:used memory: -1 M
INFO:__main__:FuncIndex is 438, time overhead is 0.08852672576904297
INFO:__main__:used memory: 1 M
INFO:__main__:FuncIndex is 439, time overhead is 0.030619144439697266
INFO:__main__:used memory: 0 M
INFO:__main__:FuncIndex is 440, time overhead is 0.03174924850463867
INFO:__main__:used memory: 0 M
INFO:__main__:FuncIndex is 441, time overhead is 0.031362295150756836
INFO:__main__:used memory: 0 M
INFO:__main__:FuncIndex is 442, time overhead is 0.029988765716552734
INFO:__main__:used memory: 0 M
INFO:__main__:FuncIndex is 443, time overhead is 0.032604217529296875
INFO:__main__:used memory: 0 M
INFO:__main__:FuncIndex is 444, time overhead is 0.030180931091308594
INFO:__main__:used memory: 0 M
INFO:__main__:FuncIndex is 445, time overhead is 0.0464777946472168
INFO:__main__:used memory: 0 M
INFO:__main__:FuncIndex is 446, time overhead is 0.03168487548828125
INFO:root:fpMin() missing 1 required positional argument: 'b'
INFO:__main__:used memory: 0 M
INFO:__main__:FuncIndex is 447, time overhead is 0.17904877662658691
INFO:__main__:used memory: 0 M
INFO:__main__:FuncIndex is 448, time overhead is 0.05021858215332031
INFO:__main__:used memory: 0 M
INFO:__main__:FuncIndex is 449, time overhead is 0.049776554107666016
INFO:__main__:used memory: 0 M
INFO:__main__:FuncIndex is 450, time overhead is 0.03689146041870117
INFO:__main__:[exception] used memory: -1 M
INFO:__main__:[exception] FuncIndex is 451, time overhead is 4.3227314949035645
INFO:__main__:used memory: 1 M
INFO:__main__:FuncIndex is 452, time overhead is 0.36184239387512207
INFO:__main__:used memory: 0 M
INFO:__main__:FuncIndex is 453, time overhead is 0.03997945785522461
INFO:__main__:used memory: -5 M
INFO:__main__:FuncIndex is 454, time overhead is 24.486083269119263
INFO:__main__:used memory: 0 M
INFO:__main__:FuncIndex is 455, time overhead is 0.49462270736694336
INFO:__main__:used memory: 0 M
INFO:__main__:FuncIndex is 456, time overhead is 0.031473398208618164
INFO:__main__:used memory: 0 M
INFO:__main__:FuncIndex is 457, time overhead is 0.0731499195098877
INFO:__main__:used memory: 0 M
INFO:__main__:FuncIndex is 458, time overhead is 0.050518035888671875
INFO:__main__:used memory: 3 M
INFO:__main__:FuncIndex is 459, time overhead is 0.2503809928894043
INFO:__main__:used memory: 0 M
INFO:__main__:FuncIndex is 460, time overhead is 0.03250527381896973
INFO:__main__:used memory: 0 M
INFO:__main__:FuncIndex is 461, time overhead is 0.061018943786621094
INFO:__main__:used memory: 3 M
INFO:__main__:FuncIndex is 462, time overhead is 1.4588656425476074
INFO:__main__:used memory: 1 M
INFO:__main__:FuncIndex is 463, time overhead is 0.08725547790527344
INFO:__main__:used memory: 2 M
INFO:__main__:FuncIndex is 464, time overhead is 0.15776491165161133
INFO:__main__:used memory: -1 M
INFO:__main__:FuncIndex is 465, time overhead is 0.028255224227905273
INFO:__main__:used memory: 1 M
INFO:__main__:FuncIndex is 466, time overhead is 0.07037973403930664
INFO:__main__:used memory: 1 M
INFO:__main__:FuncIndex is 467, time overhead is 0.872316837310791
INFO:__main__:used memory: 1 M
INFO:__main__:FuncIndex is 468, time overhead is 0.13701248168945312
INFO:__main__:used memory: -1 M
INFO:__main__:FuncIndex is 469, time overhead is 0.041197776794433594
INFO:__main__:used memory: 1 M
INFO:__main__:FuncIndex is 470, time overhead is 0.1066133975982666
INFO:root:unsupport call_indirect now
INFO:root:unsupport call_indirect now
INFO:__main__:used memory: -3 M
INFO:__main__:FuncIndex is 471, time overhead is 1.3558123111724854
INFO:__main__:used memory: -1 M
INFO:__main__:FuncIndex is 472, time overhead is 0.1546173095703125
INFO:__main__:used memory: 0 M
INFO:__main__:FuncIndex is 473, time overhead is 0.07561874389648438
INFO:__main__:used memory: 35 M
INFO:__main__:FuncIndex is 474, time overhead is 21.5788836479187
INFO:__main__:used memory: 0 M
INFO:__main__:FuncIndex is 475, time overhead is 0.16796326637268066
INFO:root:unsupport call_indirect now
INFO:root:unsupport call_indirect now
INFO:root:unsupport call_indirect now
INFO:root:unsupport call_indirect now
INFO:root:unsupport call_indirect now
INFO:__main__:used memory: -19 M
INFO:__main__:FuncIndex is 476, time overhead is 2.44100022315979
INFO:root:
INFO:__main__:used memory: -4 M
INFO:__main__:FuncIndex is 477, time overhead is 0.10988879203796387
INFO:root:unsupport call_indirect now
INFO:__main__:used memory: -1 M
INFO:__main__:FuncIndex is 478, time overhead is 0.07503867149353027
INFO:__main__:used memory: -6 M
INFO:__main__:FuncIndex is 479, time overhead is 2.3780136108398438
INFO:__main__:used memory: -2 M
INFO:__main__:FuncIndex is 480, time overhead is 7.045764446258545
INFO:__main__:used memory: 0 M
INFO:__main__:FuncIndex is 481, time overhead is 4.002551794052124
INFO:__main__:used memory: 18 M
INFO:__main__:FuncIndex is 482, time overhead is 10.979022979736328
INFO:__main__:used memory: 0 M
INFO:__main__:FuncIndex is 483, time overhead is 0.24776530265808105
INFO:__main__:used memory: 1 M
INFO:__main__:FuncIndex is 484, time overhead is 0.14568686485290527
INFO:__main__:[exception] used memory: -1 M
INFO:__main__:[exception] FuncIndex is 485, time overhead is 0.2332465648651123
INFO:__main__:used memory: 3 M
INFO:__main__:FuncIndex is 486, time overhead is 0.19891786575317383
INFO:__main__:used memory: -19 M
INFO:__main__:FuncIndex is 487, time overhead is 0.5212254524230957
INFO:__main__:[exception] used memory: 0 M
INFO:__main__:[exception] FuncIndex is 488, time overhead is 1.0492992401123047
INFO:__main__:used memory: -1 M
INFO:__main__:FuncIndex is 489, time overhead is 6.665683746337891
INFO:__main__:used memory: 69 M
INFO:__main__:FuncIndex is 490, time overhead is 37.50325298309326
INFO:__main__:used memory: 0 M
INFO:__main__:FuncIndex is 491, time overhead is 0.2770826816558838
INFO:__main__:used memory: 0 M
INFO:__main__:FuncIndex is 492, time overhead is 0.18793439865112305
INFO:__main__:used memory: 5 M
INFO:__main__:FuncIndex is 493, time overhead is 0.6780543327331543
INFO:__main__:used memory: 0 M
INFO:__main__:FuncIndex is 494, time overhead is 0.05035066604614258
INFO:__main__:used memory: -48 M
INFO:__main__:FuncIndex is 495, time overhead is 21.51409888267517
INFO:__main__:used memory: 0 M
INFO:__main__:FuncIndex is 496, time overhead is 0.0533452033996582
INFO:__main__:used memory: 0 M
INFO:__main__:FuncIndex is 497, time overhead is 0.9676580429077148
INFO:__main__:used memory: 0 M
INFO:__main__:FuncIndex is 498, time overhead is 0.16557812690734863
INFO:__main__:used memory: 0 M
INFO:__main__:FuncIndex is 499, time overhead is 0.030259132385253906
INFO:__main__:used memory: -1 M
INFO:__main__:FuncIndex is 500, time overhead is 0.21996283531188965
INFO:__main__:used memory: 0 M
INFO:__main__:FuncIndex is 501, time overhead is 0.025124549865722656
INFO:__main__:used memory: 0 M
INFO:__main__:FuncIndex is 502, time overhead is 0.08723735809326172
INFO:__main__:used memory: 0 M
INFO:__main__:FuncIndex is 503, time overhead is 0.4881899356842041
INFO:__main__:used memory: 1 M
INFO:__main__:FuncIndex is 504, time overhead is 0.10953664779663086
INFO:__main__:used memory: -1 M
INFO:__main__:FuncIndex is 505, time overhead is 0.09064269065856934
INFO:__main__:used memory: 0 M
INFO:__main__:FuncIndex is 506, time overhead is 0.3751504421234131
INFO:__main__:used memory: 0 M
INFO:__main__:FuncIndex is 507, time overhead is 0.05033993721008301
INFO:__main__:used memory: -18 M
INFO:__main__:FuncIndex is 508, time overhead is 2.288365125656128
INFO:__main__:used memory: -1 M
INFO:__main__:FuncIndex is 509, time overhead is 8.715869665145874
INFO:__main__:used memory: 0 M
INFO:__main__:FuncIndex is 510, time overhead is 1.263063669204712
INFO:__main__:used memory: -1 M
INFO:__main__:FuncIndex is 511, time overhead is 0.10501861572265625
INFO:__main__:used memory: 0 M
INFO:__main__:FuncIndex is 512, time overhead is 1.4480061531066895
INFO:__main__:used memory: 0 M
INFO:__main__:FuncIndex is 513, time overhead is 0.03917717933654785
INFO:__main__:used memory: -1 M
INFO:__main__:FuncIndex is 514, time overhead is 0.13282346725463867
INFO:__main__:used memory: 0 M
INFO:__main__:FuncIndex is 515, time overhead is 0.028765201568603516
INFO:__main__:used memory: 0 M
INFO:__main__:FuncIndex is 516, time overhead is 1.3370625972747803
INFO:__main__:used memory: 0 M
INFO:__main__:FuncIndex is 517, time overhead is 0.03353285789489746
INFO:__main__:used memory: 0 M
INFO:__main__:FuncIndex is 518, time overhead is 0.8647587299346924
INFO:__main__:used memory: 0 M
INFO:__main__:FuncIndex is 519, time overhead is 0.03608965873718262
INFO:__main__:used memory: 0 M
INFO:__main__:FuncIndex is 520, time overhead is 0.04572558403015137
INFO:__main__:used memory: 0 M
INFO:__main__:FuncIndex is 521, time overhead is 0.12081313133239746
INFO:__main__:used memory: 0 M
INFO:__main__:FuncIndex is 522, time overhead is 0.42875170707702637
INFO:__main__:used memory: 0 M
INFO:__main__:FuncIndex is 523, time overhead is 0.02751636505126953
INFO:__main__:used memory: 0 M
INFO:__main__:FuncIndex is 524, time overhead is 2.482264280319214
INFO:__main__:used memory: 0 M
INFO:__main__:FuncIndex is 525, time overhead is 0.12951183319091797
INFO:__main__:used memory: 0 M
INFO:__main__:FuncIndex is 526, time overhead is 0.04269003868103027
INFO:__main__:used memory: 0 M
INFO:__main__:FuncIndex is 527, time overhead is 0.6464946269989014
INFO:__main__:used memory: 0 M
INFO:__main__:FuncIndex is 528, time overhead is 0.022420883178710938
INFO:__main__:used memory: 0 M
INFO:__main__:FuncIndex is 529, time overhead is 0.027597427368164062
INFO:__main__:used memory: 0 M
INFO:__main__:FuncIndex is 530, time overhead is 0.06173563003540039
INFO:__main__:used memory: 0 M
INFO:__main__:FuncIndex is 531, time overhead is 0.04143667221069336
INFO:__main__:used memory: 0 M
INFO:__main__:FuncIndex is 532, time overhead is 0.3367781639099121
INFO:__main__:used memory: 0 M
INFO:__main__:FuncIndex is 533, time overhead is 0.4935798645019531
INFO:__main__:used memory: 0 M
INFO:__main__:FuncIndex is 534, time overhead is 0.07064056396484375
INFO:__main__:used memory: 0 M
INFO:__main__:FuncIndex is 535, time overhead is 1.511162281036377
INFO:__main__:used memory: -1 M
INFO:__main__:FuncIndex is 536, time overhead is 0.02745223045349121
INFO:__main__:used memory: 0 M
INFO:__main__:FuncIndex is 537, time overhead is 0.033832550048828125
INFO:__main__:used memory: 1 M
INFO:__main__:FuncIndex is 538, time overhead is 0.025084495544433594
INFO:__main__:used memory: 0 M
INFO:__main__:FuncIndex is 539, time overhead is 0.04800248146057129
INFO:__main__:used memory: -1 M
INFO:__main__:FuncIndex is 540, time overhead is 7.244667291641235
INFO:__main__:used memory: 1 M
INFO:__main__:FuncIndex is 541, time overhead is 0.06816220283508301
INFO:__main__:used memory: 0 M
INFO:__main__:FuncIndex is 542, time overhead is 0.4898507595062256
INFO:__main__:[exception] used memory: 0 M
INFO:__main__:[exception] FuncIndex is 543, time overhead is 0.0016460418701171875
INFO:__main__:used memory: 0 M
INFO:__main__:FuncIndex is 544, time overhead is 0.08728361129760742
INFO:__main__:used memory: 0 M
INFO:__main__:FuncIndex is 545, time overhead is 0.05571866035461426
INFO:__main__:used memory: 0 M
INFO:__main__:FuncIndex is 546, time overhead is 0.2632331848144531
INFO:__main__:used memory: 0 M
INFO:__main__:FuncIndex is 547, time overhead is 0.03008556365966797
INFO:__main__:used memory: 0 M
INFO:__main__:FuncIndex is 548, time overhead is 0.029371976852416992
INFO:__main__:used memory: 0 M
INFO:__main__:FuncIndex is 549, time overhead is 0.025881528854370117
INFO:__main__:used memory: 0 M
INFO:__main__:FuncIndex is 550, time overhead is 0.027080297470092773
INFO:__main__:used memory: -1 M
INFO:__main__:FuncIndex is 551, time overhead is 0.34281015396118164
INFO:__main__:used memory: 1 M
INFO:__main__:FuncIndex is 552, time overhead is 2.1848292350769043
INFO:__main__:used memory: -1 M
INFO:__main__:FuncIndex is 553, time overhead is 0.03462386131286621
INFO:__main__:used memory: 0 M
INFO:__main__:FuncIndex is 554, time overhead is 0.5415141582489014
INFO:root:b'Argument (bvand #x0000000000000000 #x00000000ffffffff) at position 1 does not match declaration (declare-fun bvslt ((_ BitVec 32) (_ BitVec 32)) Bool)'
INFO:__main__:used memory: 0 M
INFO:__main__:FuncIndex is 555, time overhead is 0.504004955291748
INFO:__main__:used memory: 1 M
INFO:__main__:FuncIndex is 556, time overhead is 0.029195070266723633
INFO:__main__:used memory: -1 M
INFO:__main__:FuncIndex is 557, time overhead is 0.17116713523864746
INFO:__main__:used memory: 1 M
INFO:__main__:FuncIndex is 558, time overhead is 0.15256047248840332
INFO:__main__:[exception] used memory: 0 M
INFO:__main__:[exception] FuncIndex is 559, time overhead is 0.0019288063049316406
INFO:__main__:used memory: 0 M
INFO:__main__:FuncIndex is 560, time overhead is 0.03851127624511719
INFO:__main__:used memory: -1 M
INFO:__main__:FuncIndex is 561, time overhead is 0.629260778427124
INFO:__main__:used memory: 1 M
INFO:__main__:FuncIndex is 562, time overhead is 0.020464181900024414
INFO:__main__:used memory: 0 M
INFO:__main__:FuncIndex is 563, time overhead is 0.11893582344055176
INFO:__main__:used memory: 0 M
INFO:__main__:FuncIndex is 564, time overhead is 0.03554081916809082
INFO:__main__:used memory: 0 M
INFO:__main__:FuncIndex is 565, time overhead is 0.028523921966552734
INFO:__main__:used memory: 119 M
INFO:__main__:FuncIndex is 566, time overhead is 52.31413269042969
INFO:__main__:used memory: 1 M
INFO:__main__:FuncIndex is 567, time overhead is 0.07888650894165039
INFO:__main__:used memory: 0 M
INFO:__main__:FuncIndex is 568, time overhead is 0.06528663635253906
INFO:__main__:[exception] used memory: 0 M
INFO:__main__:[exception] FuncIndex is 569, time overhead is 1.1750714778900146
INFO:__main__:used memory: 1 M
INFO:__main__:FuncIndex is 570, time overhead is 0.07741737365722656
INFO:__main__:used memory: -1 M
INFO:__main__:FuncIndex is 571, time overhead is 0.06734657287597656
INFO:__main__:used memory: 0 M
INFO:__main__:FuncIndex is 572, time overhead is 0.03872966766357422
INFO:__main__:used memory: 0 M
INFO:__main__:FuncIndex is 573, time overhead is 0.22452616691589355
INFO:__main__:used memory: 0 M
INFO:__main__:FuncIndex is 574, time overhead is 0.04447579383850098
INFO:__main__:used memory: 0 M
INFO:__main__:FuncIndex is 575, time overhead is 0.1058797836303711
INFO:__main__:used memory: -91 M
INFO:__main__:FuncIndex is 576, time overhead is 27.14719843864441
INFO:__main__:used memory: -1 M
INFO:__main__:FuncIndex is 577, time overhead is 0.024999618530273438
INFO:__main__:used memory: -1 M
INFO:__main__:FuncIndex is 578, time overhead is 0.44447779655456543
INFO:__main__:used memory: 0 M
INFO:__main__:FuncIndex is 579, time overhead is 0.16109251976013184
INFO:__main__:used memory: 0 M
INFO:__main__:FuncIndex is 580, time overhead is 0.09084892272949219
INFO:__main__:used memory: 0 M
INFO:__main__:FuncIndex is 581, time overhead is 0.06631803512573242
INFO:__main__:used memory: 0 M
INFO:__main__:FuncIndex is 582, time overhead is 0.3043968677520752
INFO:__main__:used memory: 0 M
INFO:__main__:FuncIndex is 583, time overhead is 0.4352250099182129
INFO:__main__:used memory: 0 M
INFO:__main__:FuncIndex is 584, time overhead is 0.06083273887634277
INFO:__main__:used memory: 0 M
INFO:__main__:FuncIndex is 585, time overhead is 0.03290414810180664
INFO:__main__:used memory: -18 M
INFO:__main__:FuncIndex is 586, time overhead is 1.181941032409668
INFO:root:
INFO:root:
INFO:__main__:used memory: -1 M
INFO:__main__:FuncIndex is 587, time overhead is 0.29067134857177734
INFO:__main__:used memory: 0 M
INFO:__main__:FuncIndex is 588, time overhead is 0.053597450256347656
INFO:__main__:used memory: 0 M
INFO:__main__:FuncIndex is 589, time overhead is 10.447876214981079
INFO:__main__:used memory: -1 M
INFO:__main__:FuncIndex is 590, time overhead is 1.633286476135254
INFO:__main__:used memory: 0 M
INFO:__main__:FuncIndex is 591, time overhead is 0.19015932083129883
INFO:__main__:[exception] used memory: 0 M
INFO:__main__:[exception] FuncIndex is 592, time overhead is 0.06714892387390137
INFO:__main__:used memory: 0 M
INFO:__main__:FuncIndex is 593, time overhead is 0.09555721282958984
INFO:__main__:used memory: 0 M
INFO:__main__:FuncIndex is 594, time overhead is 0.08736395835876465
INFO:__main__:used memory: 0 M
INFO:__main__:FuncIndex is 595, time overhead is 0.04011797904968262
INFO:__main__:used memory: 0 M
INFO:__main__:FuncIndex is 596, time overhead is 0.04227328300476074
INFO:__main__:used memory: 0 M
INFO:__main__:FuncIndex is 597, time overhead is 0.041176795959472656
INFO:__main__:[exception] used memory: 0 M
INFO:__main__:[exception] FuncIndex is 598, time overhead is 0.002902984619140625
INFO:root:b'Sorts (_ BitVec 256) and (_ BitVec 32) are incompatible'
INFO:__main__:used memory: 0 M
INFO:__main__:FuncIndex is 599, time overhead is 0.027571916580200195
INFO:__main__:used memory: 0 M
INFO:__main__:FuncIndex is 600, time overhead is 4.918755769729614
INFO:__main__:used memory: 0 M
INFO:__main__:FuncIndex is 601, time overhead is 0.08561873435974121
INFO:__main__:used memory: 0 M
INFO:__main__:FuncIndex is 602, time overhead is 0.17858290672302246
INFO:__main__:used memory: 0 M
INFO:__main__:FuncIndex is 603, time overhead is 0.10040402412414551
INFO:__main__:used memory: 0 M
INFO:__main__:FuncIndex is 604, time overhead is 3.085081100463867
INFO:__main__:[exception] used memory: 0 M
INFO:__main__:[exception] FuncIndex is 605, time overhead is 0.002352476119995117
INFO:__main__:used memory: 0 M
INFO:__main__:FuncIndex is 606, time overhead is 0.12094473838806152
INFO:__main__:used memory: 0 M
INFO:__main__:FuncIndex is 607, time overhead is 0.1251833438873291
INFO:__main__:used memory: 0 M
INFO:__main__:FuncIndex is 608, time overhead is 0.08782744407653809
INFO:__main__:used memory: 0 M
INFO:__main__:FuncIndex is 609, time overhead is 0.03969621658325195
INFO:__main__:[exception] used memory: 0 M
INFO:__main__:[exception] FuncIndex is 610, time overhead is 0.20246577262878418
INFO:__main__:used memory: 0 M
INFO:__main__:FuncIndex is 611, time overhead is 0.1565566062927246
INFO:__main__:used memory: 0 M
INFO:__main__:FuncIndex is 612, time overhead is 2.0349106788635254
INFO:__main__:used memory: 0 M
INFO:__main__:FuncIndex is 613, time overhead is 1.1622488498687744
INFO:__main__:used memory: 0 M
INFO:__main__:FuncIndex is 614, time overhead is 1.5639081001281738
INFO:__main__:used memory: 0 M
INFO:__main__:FuncIndex is 615, time overhead is 1.4802255630493164
INFO:__main__:used memory: 0 M
INFO:__main__:FuncIndex is 616, time overhead is 0.1262369155883789
INFO:__main__:[exception] used memory: 1 M
INFO:__main__:[exception] FuncIndex is 617, time overhead is 92.43804979324341
INFO:__main__:used memory: -1 M
INFO:__main__:FuncIndex is 618, time overhead is 43.30873107910156
INFO:__main__:used memory: 29 M
INFO:__main__:FuncIndex is 619, time overhead is 180.07030630111694
INFO:__main__:used memory: -1 M
INFO:__main__:FuncIndex is 620, time overhead is 0.20246410369873047
INFO:root:unsupport call_indirect now
INFO:root:unsupport call_indirect now
INFO:__main__:used memory: 0 M
INFO:__main__:FuncIndex is 621, time overhead is 0.3140709400177002
INFO:__main__:used memory: 1 M
INFO:__main__:FuncIndex is 622, time overhead is 0.055286407470703125
INFO:root:unsupport call_indirect now
INFO:root:unsupport call_indirect now
INFO:__main__:used memory: -1 M
INFO:__main__:FuncIndex is 623, time overhead is 0.3168916702270508
INFO:__main__:used memory: 1 M
INFO:__main__:FuncIndex is 624, time overhead is 0.06041431427001953
INFO:__main__:used memory: 0 M
INFO:__main__:FuncIndex is 625, time overhead is 1.4615824222564697
INFO:__main__:used memory: 0 M
INFO:__main__:FuncIndex is 626, time overhead is 0.050751686096191406
INFO:__main__:used memory: 0 M
INFO:__main__:FuncIndex is 627, time overhead is 0.0485386848449707
INFO:root:unsupport call_indirect now
INFO:root:unsupport call_indirect now
INFO:root:unsupport call_indirect now
INFO:root:unsupport call_indirect now
INFO:root:unsupport call_indirect now
INFO:root:unsupport call_indirect now
INFO:root:unsupport call_indirect now
INFO:root:unsupport call_indirect now
INFO:root:unsupport call_indirect now
INFO:root:unsupport call_indirect now
INFO:root:unsupport call_indirect now
INFO:root:unsupport call_indirect now
INFO:root:unsupport call_indirect now
INFO:root:unsupport call_indirect now
INFO:root:unsupport call_indirect now
INFO:root:unsupport call_indirect now
INFO:root:unsupport call_indirect now
INFO:root:unsupport call_indirect now
INFO:root:unsupport call_indirect now
INFO:root:unsupport call_indirect now
INFO:root:unsupport call_indirect now
INFO:root:unsupport call_indirect now
INFO:root:unsupport call_indirect now
INFO:root:unsupport call_indirect now
INFO:root:unsupport call_indirect now
INFO:root:unsupport call_indirect now
INFO:root:unsupport call_indirect now
INFO:root:unsupport call_indirect now
INFO:root:unsupport call_indirect now
INFO:root:unsupport call_indirect now
INFO:root:unsupport call_indirect now
INFO:root:unsupport call_indirect now
INFO:__main__:used memory: 362 M
INFO:__main__:FuncIndex is 628, time overhead is 220.7981538772583
INFO:root:unsupport call_indirect now
INFO:root:unsupport call_indirect now
INFO:root:unsupport call_indirect now
INFO:root:unsupport call_indirect now
INFO:root:unsupport call_indirect now
INFO:root:unsupport call_indirect now
INFO:root:unsupport call_indirect now
INFO:root:unsupport call_indirect now
INFO:root:unsupport call_indirect now
INFO:root:unsupport call_indirect now
INFO:root:unsupport call_indirect now
INFO:root:unsupport call_indirect now
INFO:root:unsupport call_indirect now
INFO:root:unsupport call_indirect now
INFO:root:unsupport call_indirect now
INFO:root:unsupport call_indirect now
INFO:root:unsupport call_indirect now
INFO:root:unsupport call_indirect now
INFO:root:unsupport call_indirect now
INFO:root:unsupport call_indirect now
INFO:root:unsupport call_indirect now
INFO:root:unsupport call_indirect now
INFO:root:unsupport call_indirect now
INFO:root:unsupport call_indirect now
INFO:root:unsupport call_indirect now
INFO:root:unsupport call_indirect now
INFO:root:unsupport call_indirect now
INFO:root:unsupport call_indirect now
INFO:root:unsupport call_indirect now
INFO:root:unsupport call_indirect now
INFO:root:unsupport call_indirect now
INFO:root:unsupport call_indirect now
INFO:__main__:used memory: 32 M
INFO:__main__:FuncIndex is 629, time overhead is 299.75155448913574
INFO:__main__:used memory: 9 M
INFO:__main__:FuncIndex is 630, time overhead is 2.198329210281372
INFO:__main__:used memory: 1 M
INFO:__main__:FuncIndex is 631, time overhead is 1.107283592224121
INFO:__main__:[exception] used memory: 0 M
INFO:__main__:[exception] FuncIndex is 632, time overhead is 0.001508951187133789
INFO:__main__:used memory: 11 M
INFO:__main__:FuncIndex is 633, time overhead is 1.4678361415863037
INFO:__main__:used memory: -360 M
INFO:__main__:FuncIndex is 634, time overhead is 6.202590703964233
INFO:__main__:used memory: -7 M
INFO:__main__:FuncIndex is 635, time overhead is 34.99448299407959
INFO:__main__:used memory: -3 M
INFO:__main__:FuncIndex is 636, time overhead is 11.750378370285034
INFO:__main__:used memory: -6 M
INFO:__main__:FuncIndex is 637, time overhead is 4.357417106628418
INFO:__main__:used memory: -1 M
INFO:__main__:FuncIndex is 638, time overhead is 32.6628634929657
INFO:__main__:used memory: 0 M
INFO:__main__:FuncIndex is 639, time overhead is 7.843647480010986
INFO:__main__:used memory: 0 M
INFO:__main__:FuncIndex is 640, time overhead is 0.03791165351867676
INFO:__main__:used memory: -1 M
INFO:__main__:FuncIndex is 641, time overhead is 0.0342710018157959
INFO:__main__:used memory: 0 M
INFO:__main__:FuncIndex is 642, time overhead is 0.03303098678588867
INFO:__main__:used memory: 0 M
INFO:__main__:FuncIndex is 643, time overhead is 0.03468036651611328
INFO:__main__:used memory: 0 M
INFO:__main__:FuncIndex is 644, time overhead is 0.034069061279296875
INFO:__main__:used memory: 0 M
INFO:__main__:FuncIndex is 645, time overhead is 0.03404355049133301
INFO:__main__:used memory: 0 M
INFO:__main__:FuncIndex is 646, time overhead is 0.032997846603393555
INFO:__main__:used memory: 0 M
INFO:__main__:FuncIndex is 647, time overhead is 0.03384089469909668
INFO:__main__:used memory: 0 M
INFO:__main__:FuncIndex is 648, time overhead is 0.03375720977783203
INFO:__main__:used memory: 0 M
INFO:__main__:FuncIndex is 649, time overhead is 0.03416323661804199
INFO:__main__:used memory: 0 M
INFO:__main__:FuncIndex is 650, time overhead is 0.03165602684020996
INFO:__main__:used memory: 0 M
INFO:__main__:FuncIndex is 651, time overhead is 0.0323488712310791
INFO:__main__:used memory: 0 M
INFO:__main__:FuncIndex is 652, time overhead is 0.03296351432800293
INFO:__main__:used memory: 0 M
INFO:__main__:FuncIndex is 653, time overhead is 0.030818462371826172
INFO:__main__:used memory: 0 M
INFO:__main__:FuncIndex is 654, time overhead is 0.03217768669128418
INFO:__main__:used memory: 0 M
INFO:__main__:FuncIndex is 655, time overhead is 0.03145956993103027
INFO:__main__:used memory: 0 M
INFO:__main__:FuncIndex is 656, time overhead is 0.031008005142211914
INFO:__main__:used memory: 0 M
INFO:__main__:FuncIndex is 657, time overhead is 0.03116893768310547
INFO:__main__:used memory: 0 M
INFO:__main__:FuncIndex is 658, time overhead is 0.029935121536254883
INFO:__main__:used memory: 0 M
INFO:__main__:FuncIndex is 659, time overhead is 0.0313725471496582
INFO:__main__:used memory: 0 M
INFO:__main__:FuncIndex is 660, time overhead is 0.03107285499572754
INFO:__main__:used memory: 0 M
INFO:__main__:FuncIndex is 661, time overhead is 0.029839038848876953
INFO:__main__:used memory: 0 M
INFO:__main__:FuncIndex is 662, time overhead is 0.03169965744018555
INFO:__main__:used memory: 0 M
INFO:__main__:FuncIndex is 663, time overhead is 0.03160977363586426
INFO:__main__:used memory: 0 M
INFO:__main__:FuncIndex is 664, time overhead is 0.03203916549682617
INFO:__main__:used memory: 0 M
INFO:__main__:FuncIndex is 665, time overhead is 0.03056812286376953
INFO:__main__:used memory: 0 M
INFO:__main__:FuncIndex is 666, time overhead is 0.031427860260009766
INFO:__main__:used memory: 0 M
INFO:__main__:FuncIndex is 667, time overhead is 0.031043529510498047
INFO:__main__:used memory: 0 M
INFO:__main__:FuncIndex is 668, time overhead is 0.03438115119934082
INFO:__main__:used memory: 0 M
INFO:__main__:FuncIndex is 669, time overhead is 0.03332805633544922
INFO:__main__:used memory: 0 M
INFO:__main__:FuncIndex is 670, time overhead is 0.03358030319213867
INFO:__main__:used memory: 0 M
INFO:__main__:FuncIndex is 671, time overhead is 0.03229546546936035
INFO:__main__:used memory: 0 M
INFO:__main__:FuncIndex is 672, time overhead is 0.03342437744140625
INFO:__main__:used memory: 0 M
INFO:__main__:FuncIndex is 673, time overhead is 0.03173327445983887
INFO:__main__:used memory: 0 M
INFO:__main__:FuncIndex is 674, time overhead is 0.0338740348815918
INFO:__main__:used memory: 0 M
INFO:__main__:FuncIndex is 675, time overhead is 0.03358578681945801
INFO:__main__:used memory: 0 M
INFO:__main__:FuncIndex is 676, time overhead is 0.03350090980529785
INFO:__main__:used memory: 0 M
INFO:__main__:FuncIndex is 677, time overhead is 0.032198429107666016
INFO:__main__:used memory: 0 M
INFO:__main__:FuncIndex is 678, time overhead is 0.033539772033691406
INFO:root:unsupport call_indirect now
INFO:root:unsupport call_indirect now
INFO:root:unsupport call_indirect now
INFO:__main__:used memory: 0 M
INFO:__main__:FuncIndex is 679, time overhead is 0.16163349151611328
INFO:__main__:used memory: 0 M
INFO:__main__:FuncIndex is 680, time overhead is 0.03235626220703125
INFO:__main__:used memory: 0 M
INFO:__main__:FuncIndex is 681, time overhead is 0.03142404556274414
INFO:__main__:used memory: 0 M
INFO:__main__:FuncIndex is 682, time overhead is 0.032945871353149414
INFO:__main__:used memory: 0 M
INFO:__main__:FuncIndex is 683, time overhead is 0.031151771545410156
INFO:__main__:used memory: 0 M
INFO:__main__:FuncIndex is 684, time overhead is 0.03203916549682617
INFO:__main__:used memory: 0 M
INFO:__main__:FuncIndex is 685, time overhead is 0.031934499740600586
INFO:__main__:used memory: 0 M
INFO:__main__:FuncIndex is 686, time overhead is 0.03277134895324707
INFO:__main__:used memory: 0 M
INFO:__main__:FuncIndex is 687, time overhead is 0.031244277954101562
INFO:__main__:used memory: 0 M
INFO:__main__:FuncIndex is 688, time overhead is 0.03288125991821289
INFO:__main__:used memory: 0 M
INFO:__main__:FuncIndex is 689, time overhead is 0.032686710357666016
INFO:__main__:used memory: 0 M
INFO:__main__:FuncIndex is 690, time overhead is 0.03166365623474121
INFO:__main__:used memory: 0 M
INFO:__main__:FuncIndex is 691, time overhead is 0.030318737030029297
INFO:__main__:used memory: 0 M
INFO:__main__:FuncIndex is 692, time overhead is 0.02989816665649414
INFO:__main__:used memory: 0 M
INFO:__main__:FuncIndex is 693, time overhead is 0.03086709976196289
INFO:__main__:used memory: 0 M
INFO:__main__:FuncIndex is 694, time overhead is 0.03236532211303711
INFO:__main__:used memory: 0 M
INFO:__main__:FuncIndex is 695, time overhead is 0.031143903732299805
INFO:__main__:used memory: 0 M
INFO:__main__:FuncIndex is 696, time overhead is 0.0327153205871582
INFO:__main__:used memory: 0 M
INFO:__main__:FuncIndex is 697, time overhead is 0.0320277214050293
INFO:__main__:used memory: 0 M
INFO:__main__:FuncIndex is 698, time overhead is 0.11404204368591309
INFO:__main__:used memory: 0 M
INFO:__main__:FuncIndex is 699, time overhead is 0.03358006477355957
INFO:__main__:used memory: 0 M
INFO:__main__:FuncIndex is 700, time overhead is 0.03169965744018555
INFO:__main__:used memory: 0 M
INFO:__main__:FuncIndex is 701, time overhead is 0.03140735626220703
INFO:__main__:used memory: 0 M
INFO:__main__:FuncIndex is 702, time overhead is 0.03224349021911621
INFO:__main__:used memory: 0 M
INFO:__main__:FuncIndex is 703, time overhead is 0.0322110652923584
INFO:__main__:used memory: 0 M
INFO:__main__:FuncIndex is 704, time overhead is 0.0325162410736084
INFO:__main__:used memory: 0 M
INFO:__main__:FuncIndex is 705, time overhead is 0.031131505966186523
INFO:__main__:used memory: 0 M
INFO:__main__:FuncIndex is 706, time overhead is 0.03165555000305176
INFO:__main__:used memory: 0 M
INFO:__main__:FuncIndex is 707, time overhead is 0.030941247940063477
INFO:__main__:used memory: 0 M
INFO:__main__:FuncIndex is 708, time overhead is 0.03265714645385742
INFO:__main__:used memory: 0 M
INFO:__main__:FuncIndex is 709, time overhead is 0.03299212455749512
INFO:__main__:used memory: 0 M
INFO:__main__:FuncIndex is 710, time overhead is 0.032651424407958984
INFO:__main__:used memory: 0 M
INFO:__main__:FuncIndex is 711, time overhead is 0.03223752975463867
INFO:__main__:used memory: 0 M
INFO:__main__:FuncIndex is 712, time overhead is 0.033214569091796875
INFO:__main__:used memory: 0 M
INFO:__main__:FuncIndex is 713, time overhead is 0.031803131103515625
INFO:__main__:used memory: 0 M
INFO:__main__:FuncIndex is 714, time overhead is 0.032990217208862305
INFO:__main__:used memory: 0 M
INFO:__main__:FuncIndex is 715, time overhead is 0.0326080322265625
INFO:__main__:used memory: 0 M
INFO:__main__:FuncIndex is 716, time overhead is 0.03247785568237305
INFO:__main__:used memory: 0 M
INFO:__main__:FuncIndex is 717, time overhead is 0.030913352966308594
INFO:__main__:used memory: 0 M
INFO:__main__:FuncIndex is 718, time overhead is 0.03250885009765625
INFO:__main__:used memory: 0 M
INFO:__main__:FuncIndex is 719, time overhead is 0.031786203384399414
INFO:__main__:used memory: 0 M
INFO:__main__:FuncIndex is 720, time overhead is 0.03305530548095703
INFO:__main__:used memory: 0 M
INFO:__main__:FuncIndex is 721, time overhead is 0.0330049991607666
INFO:__main__:used memory: 0 M
INFO:__main__:FuncIndex is 722, time overhead is 0.03299236297607422
INFO:__main__:used memory: 0 M
INFO:__main__:FuncIndex is 723, time overhead is 0.03383326530456543
INFO:__main__:used memory: 0 M
INFO:__main__:FuncIndex is 724, time overhead is 0.031189918518066406
INFO:__main__:used memory: 0 M
INFO:__main__:FuncIndex is 725, time overhead is 0.03267717361450195
INFO:__main__:used memory: 0 M
INFO:__main__:FuncIndex is 726, time overhead is 0.03147768974304199
INFO:__main__:used memory: 0 M
INFO:__main__:FuncIndex is 727, time overhead is 0.032250165939331055
INFO:__main__:used memory: 0 M
INFO:__main__:FuncIndex is 728, time overhead is 0.03354191780090332
INFO:__main__:used memory: 0 M
INFO:__main__:FuncIndex is 729, time overhead is 0.03035736083984375
INFO:__main__:used memory: 0 M
INFO:__main__:FuncIndex is 730, time overhead is 0.031153202056884766
INFO:__main__:used memory: 0 M
INFO:__main__:FuncIndex is 731, time overhead is 0.031052112579345703
INFO:__main__:used memory: 0 M
INFO:__main__:FuncIndex is 732, time overhead is 0.031491994857788086
INFO:__main__:used memory: 0 M
INFO:__main__:FuncIndex is 733, time overhead is 0.03129148483276367
INFO:__main__:used memory: 0 M
INFO:__main__:FuncIndex is 734, time overhead is 0.03026437759399414
INFO:__main__:used memory: 0 M
INFO:__main__:FuncIndex is 735, time overhead is 0.0312800407409668
INFO:__main__:used memory: 0 M
INFO:__main__:FuncIndex is 736, time overhead is 0.031198501586914062
INFO:__main__:used memory: 0 M
INFO:__main__:FuncIndex is 737, time overhead is 0.03001713752746582
INFO:__main__:used memory: 0 M
INFO:__main__:FuncIndex is 738, time overhead is 0.031349897384643555
INFO:__main__:used memory: 0 M
INFO:__main__:FuncIndex is 739, time overhead is 0.031255483627319336
INFO:__main__:used memory: 0 M
INFO:__main__:FuncIndex is 740, time overhead is 0.031384944915771484
INFO:__main__:used memory: 0 M
INFO:__main__:FuncIndex is 741, time overhead is 0.029392004013061523
INFO:__main__:used memory: 0 M
INFO:__main__:FuncIndex is 742, time overhead is 0.02976226806640625
INFO:__main__:used memory: 0 M
INFO:__main__:FuncIndex is 743, time overhead is 0.02864217758178711
INFO:__main__:used memory: 0 M
INFO:__main__:FuncIndex is 744, time overhead is 0.030367612838745117
INFO:__main__:used memory: 0 M
INFO:__main__:FuncIndex is 745, time overhead is 0.02860116958618164
INFO:__main__:used memory: 0 M
INFO:__main__:FuncIndex is 746, time overhead is 0.03007793426513672
INFO:__main__:used memory: 0 M
INFO:__main__:FuncIndex is 747, time overhead is 0.02893519401550293
INFO:__main__:used memory: 0 M
INFO:__main__:FuncIndex is 748, time overhead is 0.030401945114135742
INFO:__main__:used memory: 0 M
INFO:__main__:FuncIndex is 749, time overhead is 0.028861522674560547
INFO:__main__:used memory: 0 M
INFO:__main__:FuncIndex is 750, time overhead is 0.03094959259033203
INFO:__main__:used memory: 0 M
INFO:__main__:FuncIndex is 751, time overhead is 0.029482603073120117
INFO:__main__:used memory: 0 M
INFO:__main__:FuncIndex is 752, time overhead is 0.030453205108642578
INFO:__main__:used memory: 0 M
INFO:__main__:FuncIndex is 753, time overhead is 0.029787540435791016
INFO:__main__:used memory: 0 M
INFO:__main__:FuncIndex is 754, time overhead is 0.03082895278930664
INFO:__main__:used memory: 0 M
INFO:__main__:FuncIndex is 755, time overhead is 0.029685258865356445
INFO:__main__:used memory: 0 M
INFO:__main__:FuncIndex is 756, time overhead is 0.03187108039855957
INFO:__main__:used memory: 0 M
INFO:__main__:FuncIndex is 757, time overhead is 0.03052520751953125
INFO:__main__:used memory: 0 M
INFO:__main__:FuncIndex is 758, time overhead is 0.032938480377197266
INFO:__main__:used memory: 0 M
INFO:__main__:FuncIndex is 759, time overhead is 0.03279280662536621
INFO:__main__:used memory: 0 M
INFO:__main__:FuncIndex is 760, time overhead is 0.03128337860107422
INFO:__main__:used memory: 0 M
INFO:__main__:FuncIndex is 761, time overhead is 0.031203031539916992
INFO:__main__:used memory: 0 M
INFO:__main__:FuncIndex is 762, time overhead is 0.029372215270996094
INFO:__main__:used memory: 0 M
INFO:__main__:FuncIndex is 763, time overhead is 0.030834436416625977
INFO:__main__:used memory: 0 M
INFO:__main__:FuncIndex is 764, time overhead is 0.02973318099975586
INFO:__main__:used memory: 0 M
INFO:__main__:FuncIndex is 765, time overhead is 0.030590534210205078
INFO:__main__:used memory: 0 M
INFO:__main__:FuncIndex is 766, time overhead is 0.03313040733337402
INFO:__main__:used memory: 0 M
INFO:__main__:FuncIndex is 767, time overhead is 0.03383231163024902
INFO:__main__:used memory: 0 M
INFO:__main__:FuncIndex is 768, time overhead is 0.03333306312561035
INFO:__main__:used memory: 0 M
INFO:__main__:FuncIndex is 769, time overhead is 0.03479576110839844
INFO:__main__:used memory: 0 M
INFO:__main__:FuncIndex is 770, time overhead is 0.03404855728149414
INFO:__main__:used memory: 0 M
INFO:__main__:FuncIndex is 771, time overhead is 0.032164573669433594
INFO:__main__:used memory: 0 M
INFO:__main__:FuncIndex is 772, time overhead is 0.03275156021118164
INFO:__main__:used memory: 0 M
INFO:__main__:FuncIndex is 773, time overhead is 0.033440351486206055
INFO:__main__:used memory: 0 M
INFO:__main__:FuncIndex is 774, time overhead is 0.03317904472351074
INFO:__main__:used memory: 0 M
INFO:__main__:FuncIndex is 775, time overhead is 0.033837318420410156
INFO:__main__:used memory: 0 M
INFO:__main__:FuncIndex is 776, time overhead is 0.033191680908203125
INFO:__main__:used memory: 0 M
INFO:__main__:FuncIndex is 777, time overhead is 0.03448319435119629
INFO:__main__:used memory: 0 M
INFO:__main__:FuncIndex is 778, time overhead is 0.03423500061035156
INFO:__main__:used memory: 0 M
INFO:__main__:FuncIndex is 779, time overhead is 0.03351259231567383
INFO:__main__:used memory: 0 M
INFO:__main__:FuncIndex is 780, time overhead is 0.0335392951965332
INFO:__main__:used memory: 0 M
INFO:__main__:FuncIndex is 781, time overhead is 0.03226208686828613
INFO:__main__:used memory: 0 M
INFO:__main__:FuncIndex is 782, time overhead is 0.03384089469909668
INFO:__main__:used memory: 0 M
INFO:__main__:FuncIndex is 783, time overhead is 0.03363680839538574
INFO:__main__:used memory: 0 M
INFO:__main__:FuncIndex is 784, time overhead is 0.034110069274902344
INFO:__main__:used memory: 0 M
INFO:__main__:FuncIndex is 785, time overhead is 0.03397226333618164
INFO:__main__:used memory: 0 M
INFO:__main__:FuncIndex is 786, time overhead is 0.0325322151184082
INFO:__main__:used memory: 0 M
INFO:__main__:FuncIndex is 787, time overhead is 0.03393363952636719
INFO:__main__:used memory: 0 M
INFO:__main__:FuncIndex is 788, time overhead is 0.03391289710998535
INFO:__main__:used memory: 0 M
INFO:__main__:FuncIndex is 789, time overhead is 0.03398442268371582
INFO:__main__:used memory: 0 M
INFO:__main__:FuncIndex is 790, time overhead is 0.03376436233520508
INFO:__main__:used memory: 0 M
INFO:__main__:FuncIndex is 791, time overhead is 0.03213047981262207
INFO:__main__:used memory: 0 M
INFO:__main__:FuncIndex is 792, time overhead is 0.03350210189819336
INFO:__main__:used memory: 0 M
INFO:__main__:FuncIndex is 793, time overhead is 0.03375101089477539
INFO:__main__:used memory: 0 M
INFO:__main__:FuncIndex is 794, time overhead is 0.03389549255371094
INFO:__main__:used memory: 0 M
INFO:__main__:FuncIndex is 795, time overhead is 1.0639448165893555
INFO:__main__:used memory: 0 M
INFO:__main__:FuncIndex is 796, time overhead is 0.0345606803894043
INFO:__main__:used memory: -1 M
INFO:__main__:FuncIndex is 797, time overhead is 0.4216272830963135
INFO:__main__:used memory: -1 M
INFO:__main__:FuncIndex is 798, time overhead is 0.032570838928222656
INFO:__main__:used memory: 0 M
INFO:__main__:FuncIndex is 799, time overhead is 0.03133749961853027
INFO:__main__:used memory: 0 M
INFO:__main__:FuncIndex is 800, time overhead is 0.03256797790527344
INFO:__main__:All time: 1346.2699224948883
