INFO:__main__:used memory: 4 M
INFO:__main__:FuncIndex is 801, time overhead is 0.04406619071960449
INFO:__main__:used memory: 0 M
INFO:__main__:FuncIndex is 802, time overhead is 0.02711629867553711
INFO:__main__:used memory: 0 M
INFO:__main__:FuncIndex is 803, time overhead is 0.02700066566467285
INFO:__main__:used memory: 1 M
INFO:__main__:FuncIndex is 804, time overhead is 0.026149749755859375
INFO:__main__:used memory: 0 M
INFO:__main__:FuncIndex is 805, time overhead is 0.02744603157043457
INFO:__main__:used memory: 0 M
INFO:__main__:FuncIndex is 806, time overhead is 0.02732539176940918
INFO:__main__:used memory: 0 M
INFO:__main__:FuncIndex is 807, time overhead is 0.027006864547729492
INFO:__main__:used memory: 0 M
INFO:__main__:FuncIndex is 808, time overhead is 0.23180937767028809
INFO:__main__:used memory: 0 M
INFO:__main__:FuncIndex is 809, time overhead is 0.027527570724487305
INFO:__main__:used memory: 0 M
INFO:__main__:FuncIndex is 810, time overhead is 0.027596712112426758
INFO:__main__:used memory: 0 M
INFO:__main__:FuncIndex is 811, time overhead is 0.026810169219970703
INFO:__main__:used memory: 4 M
INFO:__main__:FuncIndex is 812, time overhead is 0.14838123321533203
INFO:__main__:used memory: 0 M
INFO:__main__:FuncIndex is 813, time overhead is 0.029337644577026367
INFO:__main__:used memory: 1 M
INFO:__main__:FuncIndex is 814, time overhead is 0.02902674674987793
INFO:__main__:used memory: 0 M
INFO:__main__:FuncIndex is 815, time overhead is 0.027141809463500977
INFO:__main__:used memory: 0 M
INFO:__main__:FuncIndex is 816, time overhead is 0.02695465087890625
INFO:__main__:used memory: 0 M
INFO:__main__:FuncIndex is 817, time overhead is 0.026074647903442383
INFO:__main__:used memory: 0 M
INFO:__main__:FuncIndex is 818, time overhead is 0.027362346649169922
INFO:__main__:used memory: 0 M
INFO:__main__:FuncIndex is 819, time overhead is 0.02706146240234375
INFO:__main__:used memory: 1 M
INFO:__main__:FuncIndex is 820, time overhead is 0.02691197395324707
INFO:__main__:used memory: 0 M
INFO:__main__:FuncIndex is 821, time overhead is 0.027550458908081055
INFO:__main__:used memory: 0 M
INFO:__main__:FuncIndex is 822, time overhead is 0.026197433471679688
INFO:__main__:used memory: 0 M
INFO:__main__:FuncIndex is 823, time overhead is 0.0275270938873291
INFO:__main__:used memory: 0 M
INFO:__main__:FuncIndex is 824, time overhead is 0.02785968780517578
INFO:__main__:used memory: 0 M
INFO:__main__:FuncIndex is 825, time overhead is 0.02864980697631836
INFO:__main__:used memory: 0 M
INFO:__main__:FuncIndex is 826, time overhead is 0.028654098510742188
INFO:__main__:used memory: 0 M
INFO:__main__:FuncIndex is 827, time overhead is 0.027223587036132812
INFO:__main__:used memory: 1 M
INFO:__main__:FuncIndex is 828, time overhead is 0.028645753860473633
INFO:__main__:used memory: 0 M
INFO:__main__:FuncIndex is 829, time overhead is 0.028342485427856445
INFO:__main__:used memory: 0 M
INFO:__main__:FuncIndex is 830, time overhead is 0.028657913208007812
INFO:__main__:used memory: 0 M
INFO:__main__:FuncIndex is 831, time overhead is 0.028367996215820312
INFO:__main__:used memory: 0 M
INFO:__main__:FuncIndex is 832, time overhead is 0.027988672256469727
INFO:__main__:used memory: 5 M
INFO:__main__:FuncIndex is 833, time overhead is 0.27176380157470703
INFO:__main__:used memory: 0 M
INFO:__main__:FuncIndex is 834, time overhead is 0.029491901397705078
INFO:__main__:used memory: 0 M
INFO:__main__:FuncIndex is 835, time overhead is 0.027897357940673828
INFO:__main__:used memory: 1 M
INFO:__main__:FuncIndex is 836, time overhead is 0.029056072235107422
INFO:__main__:used memory: 0 M
INFO:__main__:FuncIndex is 837, time overhead is 0.029145479202270508
INFO:__main__:used memory: 0 M
INFO:__main__:FuncIndex is 838, time overhead is 0.02810215950012207
INFO:__main__:used memory: 0 M
INFO:__main__:FuncIndex is 839, time overhead is 0.028900146484375
INFO:__main__:used memory: 0 M
INFO:__main__:FuncIndex is 840, time overhead is 0.02923417091369629
INFO:__main__:used memory: 0 M
INFO:__main__:FuncIndex is 841, time overhead is 0.02870464324951172
INFO:__main__:used memory: 0 M
INFO:__main__:FuncIndex is 842, time overhead is 0.029265880584716797
INFO:__main__:used memory: 0 M
INFO:__main__:FuncIndex is 843, time overhead is 0.02938389778137207
INFO:__main__:used memory: 0 M
INFO:__main__:FuncIndex is 844, time overhead is 0.028635740280151367
INFO:__main__:used memory: 0 M
INFO:__main__:FuncIndex is 845, time overhead is 0.02927231788635254
INFO:__main__:used memory: 0 M
INFO:__main__:FuncIndex is 846, time overhead is 0.02999281883239746
INFO:__main__:used memory: 0 M
INFO:__main__:FuncIndex is 847, time overhead is 0.029280424118041992
INFO:__main__:used memory: 0 M
INFO:__main__:FuncIndex is 848, time overhead is 0.0298464298248291
INFO:__main__:used memory: 1 M
INFO:__main__:FuncIndex is 849, time overhead is 0.028483152389526367
INFO:__main__:used memory: 0 M
INFO:__main__:FuncIndex is 850, time overhead is 0.02941608428955078
INFO:__main__:used memory: 0 M
INFO:__main__:FuncIndex is 851, time overhead is 0.027985811233520508
INFO:__main__:used memory: 0 M
INFO:__main__:FuncIndex is 852, time overhead is 0.02784109115600586
INFO:__main__:used memory: 0 M
INFO:__main__:FuncIndex is 853, time overhead is 0.02852630615234375
INFO:__main__:used memory: 0 M
INFO:__main__:FuncIndex is 854, time overhead is 0.02728581428527832
INFO:__main__:used memory: 1 M
INFO:__main__:FuncIndex is 855, time overhead is 0.02855539321899414
INFO:__main__:used memory: 0 M
INFO:__main__:FuncIndex is 856, time overhead is 0.02829718589782715
INFO:__main__:used memory: 0 M
INFO:__main__:FuncIndex is 857, time overhead is 0.028650283813476562
INFO:__main__:used memory: 0 M
INFO:__main__:FuncIndex is 858, time overhead is 0.029317617416381836
INFO:__main__:used memory: 0 M
INFO:__main__:FuncIndex is 859, time overhead is 0.02834343910217285
INFO:__main__:used memory: 0 M
INFO:__main__:FuncIndex is 860, time overhead is 0.028509855270385742
INFO:__main__:used memory: 0 M
INFO:__main__:FuncIndex is 861, time overhead is 0.028938770294189453
INFO:__main__:used memory: 0 M
INFO:__main__:FuncIndex is 862, time overhead is 0.028667688369750977
INFO:__main__:used memory: 1 M
INFO:__main__:FuncIndex is 863, time overhead is 0.02889084815979004
INFO:__main__:used memory: -1 M
INFO:__main__:FuncIndex is 864, time overhead is 0.027598857879638672
INFO:__main__:used memory: 1 M
INFO:__main__:FuncIndex is 865, time overhead is 0.03077983856201172
INFO:__main__:used memory: 0 M
INFO:__main__:FuncIndex is 866, time overhead is 0.028841257095336914
INFO:__main__:used memory: 0 M
INFO:__main__:FuncIndex is 867, time overhead is 0.029260873794555664
INFO:__main__:used memory: 0 M
INFO:__main__:FuncIndex is 868, time overhead is 0.028936147689819336
INFO:__main__:used memory: 0 M
INFO:__main__:FuncIndex is 869, time overhead is 0.02844095230102539
INFO:__main__:used memory: 0 M
INFO:__main__:FuncIndex is 870, time overhead is 0.029660701751708984
INFO:__main__:used memory: 1 M
INFO:__main__:FuncIndex is 871, time overhead is 0.029227256774902344
INFO:root:b'Sorts (_ BitVec 256) and (_ BitVec 32) are incompatible'
INFO:__main__:used memory: 0 M
INFO:__main__:FuncIndex is 872, time overhead is 0.028322219848632812
INFO:__main__:used memory: 0 M
INFO:__main__:FuncIndex is 873, time overhead is 0.027932405471801758
INFO:__main__:used memory: 0 M
INFO:__main__:FuncIndex is 874, time overhead is 0.029850006103515625
INFO:__main__:used memory: 0 M
INFO:__main__:FuncIndex is 875, time overhead is 0.029211044311523438
INFO:__main__:used memory: 0 M
INFO:__main__:FuncIndex is 876, time overhead is 0.02900099754333496
INFO:__main__:used memory: 0 M
INFO:__main__:FuncIndex is 877, time overhead is 0.029178857803344727
INFO:__main__:used memory: 0 M
INFO:__main__:FuncIndex is 878, time overhead is 0.029593706130981445
INFO:__main__:used memory: 0 M
INFO:__main__:FuncIndex is 879, time overhead is 0.0292203426361084
INFO:__main__:used memory: 0 M
INFO:__main__:FuncIndex is 880, time overhead is 0.02821969985961914
INFO:__main__:used memory: 1 M
INFO:__main__:FuncIndex is 881, time overhead is 0.02963113784790039
INFO:__main__:used memory: 0 M
INFO:__main__:FuncIndex is 882, time overhead is 0.06990742683410645
INFO:__main__:used memory: 0 M
INFO:__main__:FuncIndex is 883, time overhead is 0.028862953186035156
INFO:__main__:used memory: 0 M
INFO:__main__:FuncIndex is 884, time overhead is 0.02771902084350586
INFO:__main__:used memory: 0 M
INFO:__main__:FuncIndex is 885, time overhead is 0.028759479522705078
INFO:__main__:used memory: 0 M
INFO:__main__:FuncIndex is 886, time overhead is 0.028709888458251953
INFO:__main__:used memory: 1 M
INFO:__main__:FuncIndex is 887, time overhead is 0.028882265090942383
INFO:__main__:used memory: 0 M
INFO:__main__:FuncIndex is 888, time overhead is 0.029057025909423828
INFO:__main__:used memory: 0 M
INFO:__main__:FuncIndex is 889, time overhead is 0.030670166015625
INFO:__main__:used memory: 0 M
INFO:__main__:FuncIndex is 890, time overhead is 0.028696060180664062
INFO:__main__:used memory: 0 M
INFO:__main__:FuncIndex is 891, time overhead is 0.02865743637084961
INFO:__main__:used memory: 9 M
INFO:__main__:FuncIndex is 892, time overhead is 0.5937638282775879
INFO:__main__:used memory: 0 M
INFO:__main__:FuncIndex is 893, time overhead is 0.031252145767211914
INFO:__main__:used memory: 0 M
INFO:__main__:FuncIndex is 894, time overhead is 0.029804229736328125
INFO:__main__:used memory: 0 M
INFO:__main__:FuncIndex is 895, time overhead is 0.02924942970275879
INFO:__main__:used memory: 0 M
INFO:__main__:FuncIndex is 896, time overhead is 0.030455827713012695
INFO:__main__:used memory: 0 M
INFO:__main__:FuncIndex is 897, time overhead is 0.030270099639892578
INFO:__main__:used memory: -13 M
INFO:__main__:FuncIndex is 898, time overhead is 0.34114599227905273
INFO:__main__:used memory: 0 M
INFO:__main__:FuncIndex is 899, time overhead is 0.027434587478637695
INFO:__main__:used memory: 0 M
INFO:__main__:FuncIndex is 900, time overhead is 0.028012752532958984
INFO:__main__:used memory: 0 M
INFO:__main__:FuncIndex is 901, time overhead is 0.0286104679107666
INFO:__main__:used memory: 0 M
INFO:__main__:FuncIndex is 902, time overhead is 0.028722286224365234
INFO:__main__:[exception] used memory: 0 M
INFO:__main__:[exception] FuncIndex is 903, time overhead is 0.2987821102142334
INFO:__main__:used memory: -1 M
INFO:__main__:FuncIndex is 904, time overhead is 0.029146432876586914
INFO:__main__:used memory: 0 M
INFO:__main__:FuncIndex is 905, time overhead is 0.028092622756958008
INFO:__main__:used memory: 0 M
INFO:__main__:FuncIndex is 906, time overhead is 0.02879190444946289
INFO:__main__:used memory: 0 M
INFO:__main__:FuncIndex is 907, time overhead is 0.030064821243286133
INFO:__main__:used memory: -1 M
INFO:__main__:FuncIndex is 908, time overhead is 0.029078245162963867
INFO:__main__:used memory: 1 M
INFO:__main__:FuncIndex is 909, time overhead is 0.02859210968017578
INFO:__main__:used memory: 0 M
INFO:__main__:FuncIndex is 910, time overhead is 0.029556751251220703
INFO:__main__:used memory: 0 M
INFO:__main__:FuncIndex is 911, time overhead is 0.028948545455932617
INFO:__main__:used memory: 0 M
INFO:__main__:FuncIndex is 912, time overhead is 0.028867244720458984
INFO:__main__:used memory: 0 M
INFO:__main__:FuncIndex is 913, time overhead is 0.0288546085357666
INFO:__main__:used memory: 0 M
INFO:__main__:FuncIndex is 914, time overhead is 0.09217262268066406
INFO:__main__:used memory: 0 M
INFO:__main__:FuncIndex is 915, time overhead is 0.02966141700744629
INFO:__main__:used memory: 0 M
INFO:__main__:FuncIndex is 916, time overhead is 0.02906966209411621
INFO:__main__:used memory: 0 M
INFO:__main__:FuncIndex is 917, time overhead is 0.030012130737304688
INFO:__main__:used memory: 0 M
INFO:__main__:FuncIndex is 918, time overhead is 0.02947258949279785
INFO:__main__:used memory: 0 M
INFO:__main__:FuncIndex is 919, time overhead is 0.02778029441833496
INFO:__main__:used memory: 0 M
INFO:__main__:FuncIndex is 920, time overhead is 0.03124856948852539
INFO:__main__:used memory: 0 M
INFO:__main__:FuncIndex is 921, time overhead is 0.0307924747467041
INFO:__main__:used memory: 0 M
INFO:__main__:FuncIndex is 922, time overhead is 0.030623435974121094
INFO:__main__:used memory: 0 M
INFO:__main__:FuncIndex is 923, time overhead is 0.02936267852783203
INFO:__main__:used memory: 0 M
INFO:__main__:FuncIndex is 924, time overhead is 0.031126976013183594
INFO:__main__:used memory: 0 M
INFO:__main__:FuncIndex is 925, time overhead is 0.030597686767578125
INFO:__main__:used memory: 0 M
INFO:__main__:FuncIndex is 926, time overhead is 0.02955174446105957
INFO:__main__:used memory: 0 M
INFO:__main__:FuncIndex is 927, time overhead is 0.02715134620666504
INFO:__main__:used memory: 0 M
INFO:__main__:FuncIndex is 928, time overhead is 0.030003786087036133
INFO:__main__:used memory: 0 M
INFO:__main__:FuncIndex is 929, time overhead is 0.02903270721435547
INFO:__main__:used memory: 0 M
INFO:__main__:FuncIndex is 930, time overhead is 0.028728961944580078
INFO:__main__:used memory: 0 M
INFO:__main__:FuncIndex is 931, time overhead is 0.029816389083862305
INFO:__main__:used memory: 0 M
INFO:__main__:FuncIndex is 932, time overhead is 0.028593778610229492
INFO:__main__:used memory: 0 M
INFO:__main__:FuncIndex is 933, time overhead is 0.10778069496154785
INFO:__main__:used memory: 0 M
INFO:__main__:FuncIndex is 934, time overhead is 0.029265403747558594
INFO:__main__:used memory: 0 M
INFO:__main__:FuncIndex is 935, time overhead is 0.02938055992126465
INFO:__main__:used memory: 0 M
INFO:__main__:FuncIndex is 936, time overhead is 0.028169631958007812
INFO:__main__:used memory: 0 M
INFO:__main__:FuncIndex is 937, time overhead is 0.029149532318115234
INFO:__main__:used memory: 0 M
INFO:__main__:FuncIndex is 938, time overhead is 0.029033184051513672
INFO:__main__:used memory: 0 M
INFO:__main__:FuncIndex is 939, time overhead is 0.027758359909057617
INFO:__main__:used memory: 0 M
INFO:__main__:FuncIndex is 940, time overhead is 0.02884840965270996
INFO:__main__:used memory: 0 M
INFO:__main__:FuncIndex is 941, time overhead is 0.02861332893371582
INFO:__main__:used memory: 0 M
INFO:__main__:FuncIndex is 942, time overhead is 0.027863740921020508
INFO:__main__:used memory: 0 M
INFO:__main__:FuncIndex is 943, time overhead is 0.028859853744506836
INFO:__main__:used memory: 15 M
INFO:__main__:FuncIndex is 944, time overhead is 1.7391715049743652
INFO:__main__:used memory: -1 M
INFO:__main__:FuncIndex is 945, time overhead is 0.0302426815032959
INFO:__main__:used memory: 0 M
INFO:__main__:FuncIndex is 946, time overhead is 0.028033733367919922
INFO:__main__:used memory: 0 M
INFO:__main__:FuncIndex is 947, time overhead is 0.02699756622314453
INFO:__main__:used memory: 0 M
INFO:__main__:FuncIndex is 948, time overhead is 0.029203414916992188
INFO:__main__:used memory: 0 M
INFO:__main__:FuncIndex is 949, time overhead is 0.028360605239868164
INFO:__main__:used memory: 0 M
INFO:__main__:FuncIndex is 950, time overhead is 0.027258634567260742
INFO:__main__:used memory: 0 M
INFO:__main__:FuncIndex is 951, time overhead is 0.027861833572387695
INFO:__main__:used memory: 0 M
INFO:__main__:FuncIndex is 952, time overhead is 0.028212308883666992
INFO:__main__:used memory: 0 M
INFO:__main__:FuncIndex is 953, time overhead is 0.027512073516845703
INFO:__main__:used memory: 0 M
INFO:__main__:FuncIndex is 954, time overhead is 0.029276609420776367
INFO:__main__:used memory: 0 M
INFO:__main__:FuncIndex is 955, time overhead is 0.0818941593170166
INFO:__main__:used memory: 0 M
INFO:__main__:FuncIndex is 956, time overhead is 0.030210494995117188
INFO:__main__:used memory: 0 M
INFO:__main__:FuncIndex is 957, time overhead is 0.028752565383911133
INFO:__main__:used memory: 0 M
INFO:__main__:FuncIndex is 958, time overhead is 0.028010129928588867
INFO:__main__:used memory: 0 M
INFO:__main__:FuncIndex is 959, time overhead is 0.030293703079223633
INFO:__main__:used memory: 0 M
INFO:__main__:FuncIndex is 960, time overhead is 0.028260469436645508
INFO:__main__:used memory: 0 M
INFO:__main__:FuncIndex is 961, time overhead is 0.02982044219970703
INFO:__main__:used memory: 0 M
INFO:__main__:FuncIndex is 962, time overhead is 0.029562711715698242
INFO:__main__:used memory: 0 M
INFO:__main__:FuncIndex is 963, time overhead is 0.02926778793334961
INFO:__main__:used memory: 0 M
INFO:__main__:FuncIndex is 964, time overhead is 0.02960038185119629
INFO:root:
INFO:__main__:used memory: 0 M
INFO:__main__:FuncIndex is 965, time overhead is 0.04704618453979492
INFO:__main__:used memory: 0 M
INFO:__main__:FuncIndex is 966, time overhead is 0.02987837791442871
INFO:__main__:used memory: 0 M
INFO:__main__:FuncIndex is 967, time overhead is 0.02920985221862793
INFO:__main__:used memory: 0 M
INFO:__main__:FuncIndex is 968, time overhead is 0.030393600463867188
INFO:__main__:used memory: 0 M
INFO:__main__:FuncIndex is 969, time overhead is 0.030426740646362305
INFO:__main__:used memory: 0 M
INFO:__main__:FuncIndex is 970, time overhead is 0.02869391441345215
INFO:__main__:used memory: 0 M
INFO:__main__:FuncIndex is 971, time overhead is 0.02954554557800293
INFO:__main__:used memory: 0 M
INFO:__main__:FuncIndex is 972, time overhead is 0.0286715030670166
INFO:__main__:used memory: 0 M
INFO:__main__:FuncIndex is 973, time overhead is 0.0297391414642334
INFO:__main__:used memory: 0 M
INFO:__main__:FuncIndex is 974, time overhead is 0.02956986427307129
INFO:__main__:used memory: 0 M
INFO:__main__:FuncIndex is 975, time overhead is 0.028553247451782227
INFO:__main__:used memory: 0 M
INFO:__main__:FuncIndex is 976, time overhead is 0.028382062911987305
INFO:__main__:used memory: 0 M
INFO:__main__:FuncIndex is 977, time overhead is 0.028469562530517578
INFO:__main__:used memory: 0 M
INFO:__main__:FuncIndex is 978, time overhead is 0.02751755714416504
INFO:__main__:used memory: 0 M
INFO:__main__:FuncIndex is 979, time overhead is 0.029135465621948242
INFO:__main__:used memory: 0 M
INFO:__main__:FuncIndex is 980, time overhead is 0.028922557830810547
INFO:__main__:used memory: 0 M
INFO:__main__:FuncIndex is 981, time overhead is 0.028863191604614258
INFO:__main__:used memory: 0 M
INFO:__main__:FuncIndex is 982, time overhead is 0.02774190902709961
INFO:__main__:used memory: 0 M
INFO:__main__:FuncIndex is 983, time overhead is 0.02990126609802246
INFO:__main__:used memory: 0 M
INFO:__main__:FuncIndex is 984, time overhead is 0.028287172317504883
INFO:__main__:used memory: 0 M
INFO:__main__:FuncIndex is 985, time overhead is 0.029742956161499023
INFO:__main__:used memory: 0 M
INFO:__main__:FuncIndex is 986, time overhead is 0.029384136199951172
INFO:__main__:used memory: 0 M
INFO:__main__:FuncIndex is 987, time overhead is 0.029216766357421875
INFO:__main__:used memory: 0 M
INFO:__main__:FuncIndex is 988, time overhead is 0.027709007263183594
INFO:__main__:used memory: 0 M
INFO:__main__:FuncIndex is 989, time overhead is 0.029036521911621094
INFO:__main__:used memory: 0 M
INFO:__main__:FuncIndex is 990, time overhead is 0.029291629791259766
INFO:__main__:used memory: 0 M
INFO:__main__:FuncIndex is 991, time overhead is 0.030194520950317383
INFO:__main__:used memory: 0 M
INFO:__main__:FuncIndex is 992, time overhead is 0.030987024307250977
INFO:__main__:used memory: 0 M
INFO:__main__:FuncIndex is 993, time overhead is 0.02979731559753418
INFO:__main__:used memory: 0 M
INFO:__main__:FuncIndex is 994, time overhead is 0.029159069061279297
INFO:__main__:used memory: 0 M
INFO:__main__:FuncIndex is 995, time overhead is 0.0301971435546875
INFO:__main__:used memory: 0 M
INFO:__main__:FuncIndex is 996, time overhead is 0.028981924057006836
INFO:__main__:used memory: 0 M
INFO:__main__:FuncIndex is 997, time overhead is 0.030130386352539062
INFO:__main__:used memory: 0 M
INFO:__main__:FuncIndex is 998, time overhead is 0.029874324798583984
INFO:__main__:used memory: 0 M
INFO:__main__:FuncIndex is 999, time overhead is 0.028829574584960938
INFO:__main__:used memory: 0 M
INFO:__main__:FuncIndex is 1000, time overhead is 0.029927968978881836
INFO:__main__:used memory: 0 M
INFO:__main__:FuncIndex is 1001, time overhead is 0.029162883758544922
INFO:__main__:used memory: 0 M
INFO:__main__:FuncIndex is 1002, time overhead is 0.030575037002563477
INFO:__main__:used memory: 0 M
INFO:__main__:FuncIndex is 1003, time overhead is 0.029445171356201172
INFO:__main__:used memory: 0 M
INFO:__main__:FuncIndex is 1004, time overhead is 0.029507160186767578
INFO:__main__:used memory: 0 M
INFO:__main__:FuncIndex is 1005, time overhead is 0.02930593490600586
INFO:__main__:used memory: 0 M
INFO:__main__:FuncIndex is 1006, time overhead is 0.032250165939331055
INFO:__main__:used memory: 0 M
INFO:__main__:FuncIndex is 1007, time overhead is 0.03190207481384277
INFO:__main__:used memory: 0 M
INFO:__main__:FuncIndex is 1008, time overhead is 0.031664133071899414
INFO:__main__:used memory: 0 M
INFO:__main__:FuncIndex is 1009, time overhead is 0.031777381896972656
INFO:__main__:used memory: 0 M
INFO:__main__:FuncIndex is 1010, time overhead is 0.03190135955810547
INFO:__main__:used memory: 0 M
INFO:__main__:FuncIndex is 1011, time overhead is 0.0313868522644043
INFO:__main__:used memory: 0 M
INFO:__main__:FuncIndex is 1012, time overhead is 0.03171825408935547
INFO:__main__:used memory: 0 M
INFO:__main__:FuncIndex is 1013, time overhead is 0.03183269500732422
INFO:__main__:used memory: 0 M
INFO:__main__:FuncIndex is 1014, time overhead is 0.03158426284790039
INFO:__main__:used memory: 0 M
INFO:__main__:FuncIndex is 1015, time overhead is 0.03155374526977539
INFO:__main__:used memory: 0 M
INFO:__main__:FuncIndex is 1016, time overhead is 0.033536672592163086
INFO:__main__:used memory: 0 M
INFO:__main__:FuncIndex is 1017, time overhead is 0.031310081481933594
INFO:__main__:used memory: 0 M
INFO:__main__:FuncIndex is 1018, time overhead is 0.030816078186035156
INFO:__main__:used memory: 0 M
INFO:__main__:FuncIndex is 1019, time overhead is 0.03209090232849121
INFO:__main__:used memory: 0 M
INFO:__main__:FuncIndex is 1020, time overhead is 0.0331425666809082
INFO:__main__:used memory: 0 M
INFO:__main__:FuncIndex is 1021, time overhead is 0.033519744873046875
INFO:__main__:used memory: 0 M
INFO:__main__:FuncIndex is 1022, time overhead is 0.03290510177612305
INFO:__main__:used memory: 0 M
INFO:__main__:FuncIndex is 1023, time overhead is 0.031517982482910156
INFO:__main__:used memory: 0 M
INFO:__main__:FuncIndex is 1024, time overhead is 0.031522512435913086
INFO:__main__:used memory: 0 M
INFO:__main__:FuncIndex is 1025, time overhead is 0.0313873291015625
INFO:__main__:used memory: 0 M
INFO:__main__:FuncIndex is 1026, time overhead is 0.031923532485961914
INFO:__main__:used memory: 0 M
INFO:__main__:FuncIndex is 1027, time overhead is 0.0312652587890625
INFO:__main__:used memory: 0 M
INFO:__main__:FuncIndex is 1028, time overhead is 0.03240370750427246
INFO:__main__:used memory: 0 M
INFO:__main__:FuncIndex is 1029, time overhead is 0.03217434883117676
INFO:__main__:used memory: 0 M
INFO:__main__:FuncIndex is 1030, time overhead is 0.03203725814819336
INFO:__main__:used memory: 0 M
INFO:__main__:FuncIndex is 1031, time overhead is 0.03274869918823242
INFO:__main__:used memory: 0 M
INFO:__main__:FuncIndex is 1032, time overhead is 0.03318524360656738
INFO:__main__:used memory: 0 M
INFO:__main__:FuncIndex is 1033, time overhead is 0.03290128707885742
INFO:__main__:used memory: 0 M
INFO:__main__:FuncIndex is 1034, time overhead is 0.03886294364929199
INFO:__main__:used memory: 0 M
INFO:__main__:FuncIndex is 1035, time overhead is 0.03670191764831543
INFO:__main__:[exception] used memory: 0 M
INFO:__main__:[exception] FuncIndex is 1036, time overhead is 0.08550119400024414
INFO:__main__:used memory: 0 M
INFO:__main__:FuncIndex is 1037, time overhead is 0.05475330352783203
INFO:__main__:used memory: 0 M
INFO:__main__:FuncIndex is 1038, time overhead is 0.05440068244934082
INFO:__main__:used memory: 5 M
INFO:__main__:FuncIndex is 1039, time overhead is 0.39353394508361816
INFO:__main__:used memory: 1 M
INFO:__main__:FuncIndex is 1040, time overhead is 0.09982824325561523
INFO:__main__:used memory: 0 M
INFO:__main__:FuncIndex is 1041, time overhead is 0.10208749771118164
INFO:__main__:used memory: 6 M
INFO:__main__:FuncIndex is 1042, time overhead is 0.4135258197784424
INFO:__main__:used memory: 0 M
INFO:__main__:FuncIndex is 1043, time overhead is 0.028455018997192383
INFO:__main__:used memory: 0 M
INFO:__main__:FuncIndex is 1044, time overhead is 0.026891469955444336
INFO:__main__:used memory: 0 M
INFO:__main__:FuncIndex is 1045, time overhead is 0.02622199058532715
INFO:__main__:used memory: 1 M
INFO:__main__:FuncIndex is 1046, time overhead is 0.0283811092376709
INFO:__main__:used memory: 0 M
INFO:__main__:FuncIndex is 1047, time overhead is 0.02796792984008789
INFO:__main__:used memory: 0 M
INFO:__main__:FuncIndex is 1048, time overhead is 0.028572559356689453
INFO:__main__:used memory: 0 M
INFO:__main__:FuncIndex is 1049, time overhead is 0.02726888656616211
INFO:__main__:used memory: 0 M
INFO:__main__:FuncIndex is 1050, time overhead is 0.028620481491088867
INFO:__main__:used memory: 0 M
INFO:__main__:FuncIndex is 1051, time overhead is 0.0290982723236084
INFO:__main__:used memory: 0 M
INFO:__main__:FuncIndex is 1052, time overhead is 0.030331134796142578
INFO:__main__:used memory: 0 M
INFO:__main__:FuncIndex is 1053, time overhead is 0.029479265213012695
INFO:__main__:used memory: 1 M
INFO:__main__:FuncIndex is 1054, time overhead is 0.0309295654296875
INFO:__main__:used memory: 0 M
INFO:__main__:FuncIndex is 1055, time overhead is 0.03106689453125
INFO:__main__:used memory: 0 M
INFO:__main__:FuncIndex is 1056, time overhead is 0.030016422271728516
INFO:__main__:used memory: 0 M
INFO:__main__:FuncIndex is 1057, time overhead is 0.029036521911621094
INFO:__main__:used memory: 0 M
INFO:__main__:FuncIndex is 1058, time overhead is 0.0306241512298584
INFO:__main__:used memory: 0 M
INFO:__main__:FuncIndex is 1059, time overhead is 0.029594898223876953
INFO:__main__:used memory: 0 M
INFO:__main__:FuncIndex is 1060, time overhead is 0.02902817726135254
INFO:__main__:used memory: 0 M
INFO:__main__:FuncIndex is 1061, time overhead is 0.03022623062133789
INFO:__main__:used memory: 0 M
INFO:__main__:FuncIndex is 1062, time overhead is 0.02858734130859375
INFO:__main__:used memory: 0 M
INFO:__main__:FuncIndex is 1063, time overhead is 0.030986309051513672
INFO:__main__:used memory: 0 M
INFO:__main__:FuncIndex is 1064, time overhead is 0.031124114990234375
INFO:__main__:used memory: 0 M
INFO:__main__:FuncIndex is 1065, time overhead is 0.0296475887298584
INFO:__main__:used memory: 0 M
INFO:__main__:FuncIndex is 1066, time overhead is 0.16197776794433594
INFO:__main__:used memory: 1 M
INFO:__main__:FuncIndex is 1067, time overhead is 0.02987217903137207
INFO:__main__:used memory: 0 M
INFO:__main__:FuncIndex is 1068, time overhead is 0.029717206954956055
INFO:__main__:used memory: 0 M
INFO:__main__:FuncIndex is 1069, time overhead is 0.02995443344116211
INFO:__main__:used memory: 0 M
INFO:__main__:FuncIndex is 1070, time overhead is 0.028629302978515625
INFO:__main__:used memory: 0 M
INFO:__main__:FuncIndex is 1071, time overhead is 0.029211044311523438
INFO:__main__:used memory: 0 M
INFO:__main__:FuncIndex is 1072, time overhead is 0.029029130935668945
INFO:__main__:used memory: 0 M
INFO:__main__:FuncIndex is 1073, time overhead is 0.02910304069519043
INFO:__main__:used memory: 0 M
INFO:__main__:FuncIndex is 1074, time overhead is 0.02960371971130371
INFO:__main__:used memory: 0 M
INFO:__main__:FuncIndex is 1075, time overhead is 0.029036521911621094
INFO:__main__:used memory: 1 M
INFO:__main__:FuncIndex is 1076, time overhead is 0.02982950210571289
INFO:__main__:used memory: 0 M
INFO:__main__:FuncIndex is 1077, time overhead is 0.03029489517211914
INFO:__main__:used memory: 0 M
INFO:__main__:FuncIndex is 1078, time overhead is 0.030126094818115234
INFO:__main__:used memory: 0 M
INFO:__main__:FuncIndex is 1079, time overhead is 0.029549360275268555
INFO:__main__:used memory: 0 M
INFO:__main__:FuncIndex is 1080, time overhead is 0.03036785125732422
INFO:__main__:used memory: 0 M
INFO:__main__:FuncIndex is 1081, time overhead is 0.029799938201904297
INFO:__main__:used memory: 0 M
INFO:__main__:FuncIndex is 1082, time overhead is 0.02837967872619629
INFO:__main__:used memory: -14 M
INFO:__main__:FuncIndex is 1083, time overhead is 0.3721153736114502
INFO:__main__:used memory: -1 M
INFO:__main__:FuncIndex is 1084, time overhead is 0.029012680053710938
INFO:__main__:used memory: 0 M
INFO:__main__:FuncIndex is 1085, time overhead is 0.4272572994232178
INFO:__main__:used memory: 0 M
INFO:__main__:FuncIndex is 1086, time overhead is 0.02930736541748047
INFO:__main__:used memory: -1 M
INFO:__main__:FuncIndex is 1087, time overhead is 0.02880072593688965
INFO:__main__:used memory: 0 M
INFO:__main__:FuncIndex is 1088, time overhead is 0.02808833122253418
INFO:__main__:used memory: 0 M
INFO:__main__:FuncIndex is 1089, time overhead is 0.029050827026367188
INFO:__main__:used memory: 0 M
INFO:__main__:FuncIndex is 1090, time overhead is 0.029378175735473633
INFO:__main__:used memory: 1 M
INFO:__main__:FuncIndex is 1091, time overhead is 0.029253005981445312
INFO:__main__:used memory: -1 M
INFO:__main__:FuncIndex is 1092, time overhead is 0.030217409133911133
INFO:__main__:used memory: 1 M
INFO:__main__:FuncIndex is 1093, time overhead is 0.0281832218170166
INFO:__main__:used memory: 0 M
INFO:__main__:FuncIndex is 1094, time overhead is 0.02933812141418457
INFO:__main__:used memory: -1 M
INFO:__main__:FuncIndex is 1095, time overhead is 0.030535459518432617
INFO:__main__:used memory: 0 M
INFO:__main__:FuncIndex is 1096, time overhead is 0.07882881164550781
INFO:__main__:used memory: 0 M
INFO:__main__:FuncIndex is 1097, time overhead is 0.030370712280273438
INFO:__main__:used memory: 0 M
INFO:__main__:FuncIndex is 1098, time overhead is 0.02667093276977539
INFO:__main__:used memory: 0 M
INFO:__main__:FuncIndex is 1099, time overhead is 0.02772998809814453
INFO:__main__:used memory: 0 M
INFO:__main__:FuncIndex is 1100, time overhead is 0.02678060531616211
INFO:__main__:used memory: 0 M
INFO:__main__:FuncIndex is 1101, time overhead is 0.027869701385498047
INFO:__main__:used memory: 0 M
INFO:__main__:FuncIndex is 1102, time overhead is 0.029638051986694336
INFO:__main__:used memory: 1 M
INFO:__main__:FuncIndex is 1103, time overhead is 0.02833414077758789
INFO:__main__:used memory: 1 M
INFO:__main__:FuncIndex is 1104, time overhead is 0.032311439514160156
INFO:__main__:used memory: 0 M
INFO:__main__:FuncIndex is 1105, time overhead is 0.028595924377441406
INFO:__main__:used memory: -1 M
INFO:__main__:FuncIndex is 1106, time overhead is 0.029415130615234375
INFO:__main__:used memory: 0 M
INFO:__main__:FuncIndex is 1107, time overhead is 0.029290199279785156
INFO:__main__:used memory: 0 M
INFO:__main__:FuncIndex is 1108, time overhead is 0.029837608337402344
INFO:__main__:used memory: 1 M
INFO:__main__:FuncIndex is 1109, time overhead is 0.02826094627380371
INFO:__main__:used memory: 0 M
INFO:__main__:FuncIndex is 1110, time overhead is 0.02983880043029785
INFO:__main__:used memory: -1 M
INFO:__main__:FuncIndex is 1111, time overhead is 0.03012537956237793
INFO:__main__:used memory: 1 M
INFO:__main__:FuncIndex is 1112, time overhead is 0.030425548553466797
INFO:__main__:used memory: 0 M
INFO:__main__:FuncIndex is 1113, time overhead is 0.03104114532470703
INFO:__main__:used memory: 0 M
INFO:__main__:FuncIndex is 1114, time overhead is 0.03087925910949707
INFO:__main__:used memory: 0 M
INFO:__main__:FuncIndex is 1115, time overhead is 0.029848814010620117
INFO:__main__:used memory: 0 M
INFO:__main__:FuncIndex is 1116, time overhead is 0.029471158981323242
INFO:__main__:used memory: 0 M
INFO:__main__:FuncIndex is 1117, time overhead is 0.030686616897583008
INFO:__main__:used memory: 0 M
INFO:__main__:FuncIndex is 1118, time overhead is 0.030226945877075195
INFO:__main__:used memory: 0 M
INFO:__main__:FuncIndex is 1119, time overhead is 0.031476736068725586
INFO:__main__:used memory: 0 M
INFO:__main__:FuncIndex is 1120, time overhead is 0.03023695945739746
INFO:__main__:used memory: 0 M
INFO:__main__:FuncIndex is 1121, time overhead is 0.031441688537597656
INFO:__main__:used memory: 0 M
INFO:__main__:FuncIndex is 1122, time overhead is 0.030406475067138672
INFO:__main__:used memory: 0 M
INFO:__main__:FuncIndex is 1123, time overhead is 0.030557632446289062
INFO:__main__:used memory: 0 M
INFO:__main__:FuncIndex is 1124, time overhead is 0.030209064483642578
INFO:__main__:used memory: 0 M
INFO:__main__:FuncIndex is 1125, time overhead is 0.02979755401611328
INFO:__main__:used memory: 0 M
INFO:__main__:FuncIndex is 1126, time overhead is 0.028951644897460938
INFO:__main__:used memory: 0 M
INFO:__main__:FuncIndex is 1127, time overhead is 0.03037714958190918
INFO:__main__:used memory: 0 M
INFO:__main__:FuncIndex is 1128, time overhead is 0.029447555541992188
INFO:__main__:used memory: 0 M
INFO:__main__:FuncIndex is 1129, time overhead is 0.03007984161376953
INFO:__main__:used memory: 5 M
INFO:__main__:FuncIndex is 1130, time overhead is 3.4213390350341797
INFO:__main__:used memory: 0 M
INFO:__main__:FuncIndex is 1131, time overhead is 0.5283260345458984
INFO:root:unsupport call_indirect now
INFO:__main__:used memory: 0 M
INFO:__main__:FuncIndex is 1132, time overhead is 0.10103368759155273
INFO:root:unsupport call_indirect now
INFO:root:unsupport call_indirect now
INFO:root:unsupport call_indirect now
INFO:root:unsupport call_indirect now
INFO:__main__:used memory: 0 M
INFO:__main__:FuncIndex is 1133, time overhead is 0.20071125030517578
INFO:__main__:used memory: 0 M
INFO:__main__:FuncIndex is 1134, time overhead is 0.02435779571533203
INFO:__main__:used memory: 0 M
INFO:__main__:FuncIndex is 1135, time overhead is 0.03204774856567383
INFO:__main__:used memory: 0 M
INFO:__main__:FuncIndex is 1136, time overhead is 0.03265857696533203
INFO:__main__:used memory: 0 M
INFO:__main__:FuncIndex is 1137, time overhead is 0.03226780891418457
INFO:__main__:used memory: 0 M
INFO:__main__:FuncIndex is 1138, time overhead is 0.03240537643432617
INFO:__main__:used memory: 0 M
INFO:__main__:FuncIndex is 1139, time overhead is 0.03232097625732422
INFO:__main__:used memory: 0 M
INFO:__main__:FuncIndex is 1140, time overhead is 0.03373265266418457
INFO:__main__:used memory: 0 M
INFO:__main__:FuncIndex is 1141, time overhead is 0.0339665412902832
INFO:__main__:used memory: 0 M
INFO:__main__:FuncIndex is 1142, time overhead is 0.0340418815612793
INFO:__main__:used memory: 0 M
INFO:__main__:FuncIndex is 1143, time overhead is 0.03456711769104004
INFO:__main__:used memory: 0 M
INFO:__main__:FuncIndex is 1144, time overhead is 0.03445315361022949
INFO:__main__:used memory: 0 M
INFO:__main__:FuncIndex is 1145, time overhead is 0.023664474487304688
INFO:__main__:used memory: 0 M
INFO:__main__:FuncIndex is 1146, time overhead is 0.0353848934173584
INFO:__main__:used memory: 0 M
INFO:__main__:FuncIndex is 1147, time overhead is 0.03470301628112793
INFO:__main__:used memory: -1 M
INFO:__main__:FuncIndex is 1148, time overhead is 0.034932613372802734
INFO:__main__:used memory: 0 M
INFO:__main__:FuncIndex is 1149, time overhead is 0.033600568771362305
INFO:__main__:used memory: -1 M
INFO:__main__:FuncIndex is 1150, time overhead is 0.032563209533691406
INFO:__main__:used memory: 0 M
INFO:__main__:FuncIndex is 1151, time overhead is 0.032315731048583984
INFO:__main__:used memory: 0 M
INFO:__main__:FuncIndex is 1152, time overhead is 0.03187251091003418
INFO:__main__:used memory: 0 M
INFO:__main__:FuncIndex is 1153, time overhead is 0.03159928321838379
INFO:__main__:used memory: 0 M
INFO:__main__:FuncIndex is 1154, time overhead is 0.030711889266967773
INFO:__main__:used memory: 0 M
INFO:__main__:FuncIndex is 1155, time overhead is 0.031093120574951172
INFO:__main__:used memory: 0 M
INFO:__main__:FuncIndex is 1156, time overhead is 0.032041311264038086
INFO:__main__:used memory: 0 M
INFO:__main__:FuncIndex is 1157, time overhead is 0.03243541717529297
INFO:__main__:used memory: 1 M
INFO:__main__:FuncIndex is 1158, time overhead is 0.033072471618652344
INFO:__main__:used memory: -1 M
INFO:__main__:FuncIndex is 1159, time overhead is 0.03125143051147461
INFO:__main__:used memory: 1 M
INFO:__main__:FuncIndex is 1160, time overhead is 0.03298830986022949
INFO:__main__:used memory: -1 M
INFO:__main__:FuncIndex is 1161, time overhead is 0.03294682502746582
INFO:__main__:used memory: 1 M
INFO:__main__:FuncIndex is 1162, time overhead is 0.032944679260253906
INFO:__main__:used memory: 0 M
INFO:__main__:FuncIndex is 1163, time overhead is 0.07181525230407715
INFO:__main__:used memory: 0 M
INFO:__main__:FuncIndex is 1164, time overhead is 0.03352212905883789
INFO:__main__:used memory: 0 M
INFO:__main__:FuncIndex is 1165, time overhead is 0.031008481979370117
INFO:__main__:used memory: 0 M
INFO:__main__:FuncIndex is 1166, time overhead is 0.03192472457885742
INFO:__main__:used memory: 0 M
INFO:__main__:FuncIndex is 1167, time overhead is 0.03152799606323242
INFO:__main__:used memory: 0 M
INFO:__main__:FuncIndex is 1168, time overhead is 0.030116796493530273
INFO:__main__:used memory: 0 M
INFO:__main__:FuncIndex is 1169, time overhead is 0.03171825408935547
INFO:__main__:used memory: 0 M
INFO:__main__:FuncIndex is 1170, time overhead is 0.03152871131896973
INFO:__main__:used memory: 0 M
INFO:__main__:FuncIndex is 1171, time overhead is 0.03103041648864746
INFO:__main__:used memory: 0 M
INFO:__main__:FuncIndex is 1172, time overhead is 0.029803752899169922
INFO:__main__:used memory: 1 M
INFO:__main__:FuncIndex is 1173, time overhead is 0.03046417236328125
INFO:__main__:used memory: 0 M
INFO:__main__:FuncIndex is 1174, time overhead is 0.056574106216430664
INFO:__main__:used memory: 0 M
INFO:__main__:FuncIndex is 1175, time overhead is 0.03128790855407715
INFO:__main__:used memory: 0 M
INFO:__main__:FuncIndex is 1176, time overhead is 0.030950307846069336
INFO:__main__:used memory: 0 M
INFO:__main__:FuncIndex is 1177, time overhead is 0.032407522201538086
INFO:__main__:used memory: 0 M
INFO:__main__:FuncIndex is 1178, time overhead is 0.028272151947021484
INFO:__main__:used memory: 0 M
INFO:__main__:FuncIndex is 1179, time overhead is 0.02936720848083496
INFO:__main__:used memory: 1 M
INFO:__main__:FuncIndex is 1180, time overhead is 0.08622312545776367
INFO:__main__:used memory: 0 M
INFO:__main__:FuncIndex is 1181, time overhead is 0.09473681449890137
INFO:__main__:used memory: 1 M
INFO:__main__:FuncIndex is 1182, time overhead is 0.1903688907623291
INFO:__main__:used memory: 1 M
INFO:__main__:FuncIndex is 1183, time overhead is 0.12861227989196777
INFO:__main__:used memory: -1 M
INFO:__main__:FuncIndex is 1184, time overhead is 0.11054205894470215
INFO:root:b'Sorts (_ BitVec 32) and (_ BitVec 64) are incompatible'
INFO:__main__:used memory: 0 M
INFO:__main__:FuncIndex is 1185, time overhead is 0.033735036849975586
INFO:__main__:[exception] used memory: 13 M
INFO:__main__:[exception] FuncIndex is 1186, time overhead is 107.73385453224182
INFO:__main__:used memory: 1 M
INFO:__main__:FuncIndex is 1187, time overhead is 0.052170753479003906
INFO:__main__:used memory: 0 M
INFO:__main__:FuncIndex is 1188, time overhead is 0.07509064674377441
INFO:__main__:[exception] used memory: -1 M
INFO:__main__:[exception] FuncIndex is 1189, time overhead is 0.06646609306335449
INFO:__main__:used memory: 0 M
INFO:__main__:FuncIndex is 1190, time overhead is 0.04829263687133789
INFO:__main__:[exception] used memory: 1 M
INFO:__main__:[exception] FuncIndex is 1191, time overhead is 90.01131772994995
INFO:__main__:[exception] used memory: 1 M
INFO:__main__:[exception] FuncIndex is 1192, time overhead is 0.06805539131164551
INFO:__main__:[exception] used memory: -4 M
INFO:__main__:[exception] FuncIndex is 1193, time overhead is 96.07092308998108
INFO:__main__:used memory: 0 M
INFO:__main__:FuncIndex is 1194, time overhead is 0.47885870933532715
INFO:__main__:used memory: 0 M
INFO:__main__:FuncIndex is 1195, time overhead is 1.1252641677856445
INFO:__main__:used memory: 0 M
INFO:__main__:FuncIndex is 1196, time overhead is 0.35248661041259766
INFO:__main__:used memory: 0 M
INFO:__main__:FuncIndex is 1197, time overhead is 0.044272422790527344
INFO:__main__:used memory: 1 M
INFO:__main__:FuncIndex is 1198, time overhead is 2.009446144104004
INFO:__main__:used memory: 0 M
INFO:__main__:FuncIndex is 1199, time overhead is 0.2787353992462158
INFO:__main__:used memory: -1 M
INFO:__main__:FuncIndex is 1200, time overhead is 0.22536063194274902
INFO:__main__:All time: 323.88539814949036
