INFO:__main__:used memory: 6 M
INFO:__main__:FuncIndex is 32, time overhead is 0.42006397247314453
INFO:__main__:used memory: 16 M
INFO:__main__:FuncIndex is 33, time overhead is 1.2408504486083984
INFO:__main__:used memory: 62 M
INFO:__main__:FuncIndex is 34, time overhead is 31.5448100566864
INFO:__main__:used memory: 0 M
INFO:__main__:FuncIndex is 35, time overhead is 0.09021210670471191
INFO:root:reached unreachable
INFO:root:reached unreachable
INFO:__main__:used memory: 0 M
INFO:__main__:FuncIndex is 36, time overhead is 0.1519458293914795
INFO:root:unsupport call_indirect now
INFO:__main__:used memory: 0 M
INFO:__main__:FuncIndex is 37, time overhead is 0.048795223236083984
INFO:__main__:used memory: 8 M
INFO:__main__:FuncIndex is 38, time overhead is 3.1104679107666016
INFO:__main__:used memory: 0 M
INFO:__main__:FuncIndex is 39, time overhead is 0.062245845794677734
INFO:__main__:used memory: 0 M
INFO:__main__:FuncIndex is 40, time overhead is 0.03349566459655762
INFO:__main__:used memory: 1 M
INFO:__main__:FuncIndex is 41, time overhead is 0.04017996788024902
INFO:__main__:used memory: 0 M
INFO:__main__:FuncIndex is 42, time overhead is 0.026401042938232422
INFO:__main__:used memory: 0 M
INFO:__main__:FuncIndex is 43, time overhead is 0.1247870922088623
INFO:__main__:used memory: 1 M
INFO:__main__:FuncIndex is 44, time overhead is 0.045609235763549805
INFO:__main__:used memory: 0 M
INFO:__main__:FuncIndex is 45, time overhead is 0.020163536071777344
INFO:__main__:used memory: 0 M
INFO:__main__:FuncIndex is 46, time overhead is 0.0723884105682373
INFO:__main__:used memory: -61 M
INFO:__main__:FuncIndex is 47, time overhead is 0.6141452789306641
INFO:__main__:used memory: 0 M
INFO:__main__:FuncIndex is 48, time overhead is 0.020612716674804688
INFO:__main__:used memory: 0 M
INFO:__main__:FuncIndex is 49, time overhead is 0.03960776329040527
INFO:__main__:used memory: 0 M
INFO:__main__:FuncIndex is 50, time overhead is 0.022461414337158203
INFO:__main__:used memory: -1 M
INFO:__main__:FuncIndex is 51, time overhead is 0.061423540115356445
INFO:__main__:used memory: 0 M
INFO:__main__:FuncIndex is 52, time overhead is 0.035386085510253906
INFO:__main__:used memory: 0 M
INFO:__main__:FuncIndex is 53, time overhead is 0.03210711479187012
INFO:__main__:used memory: 0 M
INFO:__main__:FuncIndex is 54, time overhead is 0.042944908142089844
INFO:__main__:used memory: 0 M
INFO:__main__:FuncIndex is 55, time overhead is 0.0552365779876709
INFO:__main__:used memory: 0 M
INFO:__main__:FuncIndex is 56, time overhead is 0.018596410751342773
INFO:__main__:used memory: 0 M
INFO:__main__:FuncIndex is 57, time overhead is 0.11264848709106445
INFO:__main__:used memory: 0 M
INFO:__main__:FuncIndex is 58, time overhead is 0.05238795280456543
INFO:__main__:used memory: 0 M
INFO:__main__:FuncIndex is 59, time overhead is 0.03675198554992676
INFO:__main__:used memory: 0 M
INFO:__main__:FuncIndex is 60, time overhead is 0.03092360496520996
INFO:__main__:used memory: 0 M
INFO:__main__:FuncIndex is 61, time overhead is 0.022728443145751953
INFO:__main__:used memory: 0 M
INFO:__main__:FuncIndex is 62, time overhead is 0.13808679580688477
INFO:root:b'Sorts (_ BitVec 32) and (_ BitVec 64) are incompatible'
INFO:__main__:used memory: 0 M
INFO:__main__:FuncIndex is 63, time overhead is 0.033051252365112305
INFO:__main__:used memory: 0 M
INFO:__main__:FuncIndex is 64, time overhead is 0.06003999710083008
INFO:__main__:used memory: 0 M
INFO:__main__:FuncIndex is 65, time overhead is 0.0225064754486084
INFO:__main__:used memory: 0 M
INFO:__main__:FuncIndex is 66, time overhead is 0.040143728256225586
INFO:__main__:used memory: 0 M
INFO:__main__:FuncIndex is 67, time overhead is 0.12252163887023926
INFO:__main__:used memory: 1 M
INFO:__main__:FuncIndex is 68, time overhead is 0.10159802436828613
INFO:__main__:used memory: 0 M
INFO:__main__:FuncIndex is 69, time overhead is 0.10402560234069824
INFO:__main__:used memory: -1 M
INFO:__main__:FuncIndex is 70, time overhead is 0.08540797233581543
INFO:__main__:used memory: 1 M
INFO:__main__:FuncIndex is 71, time overhead is 0.07630491256713867
INFO:__main__:used memory: 0 M
INFO:__main__:FuncIndex is 72, time overhead is 0.06226158142089844
INFO:__main__:used memory: 0 M
INFO:__main__:FuncIndex is 73, time overhead is 0.11915159225463867
INFO:__main__:used memory: 0 M
INFO:__main__:FuncIndex is 74, time overhead is 0.11331844329833984
INFO:__main__:used memory: -1 M
INFO:__main__:FuncIndex is 75, time overhead is 0.3485727310180664
INFO:__main__:used memory: 2 M
INFO:__main__:FuncIndex is 76, time overhead is 0.2632565498352051
INFO:__main__:used memory: 3 M
INFO:__main__:FuncIndex is 77, time overhead is 0.3940606117248535
INFO:__main__:used memory: 2 M
INFO:__main__:FuncIndex is 78, time overhead is 0.29033541679382324
INFO:__main__:used memory: 4 M
INFO:__main__:FuncIndex is 79, time overhead is 0.606558084487915
INFO:__main__:used memory: -1 M
INFO:__main__:FuncIndex is 80, time overhead is 0.7132151126861572
INFO:__main__:used memory: -1 M
INFO:__main__:FuncIndex is 81, time overhead is 0.07486128807067871
INFO:__main__:used memory: 0 M
INFO:__main__:FuncIndex is 82, time overhead is 0.06671905517578125
INFO:__main__:used memory: 0 M
INFO:__main__:FuncIndex is 83, time overhead is 0.07077765464782715
INFO:__main__:used memory: 0 M
INFO:__main__:FuncIndex is 84, time overhead is 0.06557106971740723
INFO:__main__:used memory: 0 M
INFO:__main__:FuncIndex is 85, time overhead is 0.030621767044067383
INFO:__main__:used memory: -1 M
INFO:__main__:FuncIndex is 86, time overhead is 0.04805445671081543
INFO:__main__:used memory: 0 M
INFO:__main__:FuncIndex is 87, time overhead is 0.04073047637939453
INFO:__main__:used memory: 0 M
INFO:__main__:FuncIndex is 88, time overhead is 0.059708595275878906
INFO:__main__:used memory: 0 M
INFO:__main__:FuncIndex is 89, time overhead is 0.04537343978881836
INFO:__main__:used memory: 0 M
INFO:__main__:FuncIndex is 90, time overhead is 0.027451276779174805
INFO:root:reached unreachable
INFO:__main__:used memory: 0 M
INFO:__main__:FuncIndex is 91, time overhead is 0.03281855583190918
INFO:__main__:used memory: 0 M
INFO:__main__:FuncIndex is 92, time overhead is 0.0316920280456543
INFO:__main__:used memory: 0 M
INFO:__main__:FuncIndex is 93, time overhead is 0.0394139289855957
INFO:root:'Context' object has no attribute 'mem'
INFO:root:'Context' object has no attribute 'mem'
INFO:root:'Context' object has no attribute 'mem'
INFO:root:'Context' object has no attribute 'mem'
INFO:root:'Context' object has no attribute 'mem'
INFO:root:'Context' object has no attribute 'mem'
INFO:root:'Context' object has no attribute 'mem'
INFO:root:'Context' object has no attribute 'mem'
INFO:root:'Context' object has no attribute 'mem'
INFO:root:'Context' object has no attribute 'mem'
INFO:root:'Context' object has no attribute 'mem'
INFO:root:'Context' object has no attribute 'mem'
INFO:root:'Context' object has no attribute 'mem'
INFO:root:'Context' object has no attribute 'mem'
INFO:root:'Context' object has no attribute 'mem'
INFO:root:'Context' object has no attribute 'mem'
INFO:__main__:[exception] used memory: -2 M
INFO:__main__:[exception] FuncIndex is 94, time overhead is 71.34547734260559
INFO:__main__:used memory: -1 M
INFO:__main__:FuncIndex is 95, time overhead is 0.4563941955566406
INFO:__main__:used memory: 0 M
INFO:__main__:FuncIndex is 96, time overhead is 0.1071469783782959
INFO:__main__:used memory: 0 M
INFO:__main__:FuncIndex is 97, time overhead is 0.018531084060668945
INFO:__main__:used memory: 0 M
INFO:__main__:FuncIndex is 98, time overhead is 0.06568264961242676
INFO:__main__:used memory: 0 M
INFO:__main__:FuncIndex is 99, time overhead is 0.032761335372924805
INFO:__main__:used memory: 0 M
INFO:__main__:FuncIndex is 100, time overhead is 0.09034466743469238
INFO:__main__:used memory: 0 M
INFO:__main__:FuncIndex is 101, time overhead is 0.09626483917236328
INFO:__main__:used memory: 0 M
INFO:__main__:FuncIndex is 102, time overhead is 0.3188774585723877
INFO:__main__:used memory: 0 M
INFO:__main__:FuncIndex is 103, time overhead is 0.245988130569458
INFO:__main__:used memory: 0 M
INFO:__main__:FuncIndex is 104, time overhead is 0.22097158432006836
INFO:__main__:used memory: 0 M
INFO:__main__:FuncIndex is 105, time overhead is 0.24213361740112305
INFO:__main__:used memory: 0 M
INFO:__main__:FuncIndex is 106, time overhead is 0.31209421157836914
INFO:__main__:used memory: 0 M
INFO:__main__:FuncIndex is 107, time overhead is 0.18286895751953125
INFO:__main__:used memory: 1 M
INFO:__main__:FuncIndex is 108, time overhead is 0.20240473747253418
INFO:__main__:used memory: 2 M
INFO:__main__:FuncIndex is 109, time overhead is 0.2948634624481201
INFO:__main__:used memory: 1 M
INFO:__main__:FuncIndex is 110, time overhead is 0.11237287521362305
INFO:__main__:used memory: 1 M
INFO:__main__:FuncIndex is 111, time overhead is 0.10483360290527344
INFO:__main__:used memory: 3 M
INFO:__main__:FuncIndex is 112, time overhead is 0.5893421173095703
INFO:__main__:used memory: 0 M
INFO:__main__:FuncIndex is 113, time overhead is 0.5962345600128174
INFO:__main__:used memory: -1 M
INFO:__main__:FuncIndex is 114, time overhead is 0.0694575309753418
INFO:__main__:used memory: 0 M
INFO:__main__:FuncIndex is 115, time overhead is 0.054874420166015625
INFO:__main__:used memory: 0 M
INFO:__main__:FuncIndex is 116, time overhead is 0.03067755699157715
INFO:__main__:used memory: 0 M
INFO:__main__:FuncIndex is 117, time overhead is 0.11545586585998535
INFO:__main__:used memory: 0 M
INFO:__main__:FuncIndex is 118, time overhead is 0.03074193000793457
INFO:__main__:used memory: -1 M
INFO:__main__:FuncIndex is 119, time overhead is 0.03266119956970215
INFO:__main__:used memory: 0 M
INFO:__main__:FuncIndex is 120, time overhead is 0.023865222930908203
INFO:__main__:used memory: 0 M
INFO:__main__:FuncIndex is 121, time overhead is 0.6235051155090332
INFO:__main__:used memory: 0 M
INFO:__main__:FuncIndex is 122, time overhead is 1.137894630432129
INFO:__main__:used memory: 0 M
INFO:__main__:FuncIndex is 123, time overhead is 0.34750962257385254
INFO:__main__:used memory: 0 M
INFO:__main__:FuncIndex is 124, time overhead is 0.019656658172607422
INFO:__main__:used memory: 1 M
INFO:__main__:FuncIndex is 125, time overhead is 0.5572118759155273
INFO:__main__:used memory: 0 M
INFO:__main__:FuncIndex is 126, time overhead is 0.019726037979125977
INFO:__main__:used memory: 2 M
INFO:__main__:FuncIndex is 127, time overhead is 1.0597937107086182
INFO:__main__:used memory: 1 M
INFO:__main__:FuncIndex is 128, time overhead is 0.08547139167785645
INFO:root:sort mismatch
INFO:__main__:used memory: 0 M
INFO:__main__:FuncIndex is 129, time overhead is 0.047339677810668945
INFO:__main__:used memory: 1 M
INFO:__main__:FuncIndex is 130, time overhead is 0.10156941413879395
INFO:__main__:[exception] used memory: -5 M
INFO:__main__:[exception] FuncIndex is 131, time overhead is 0.29546403884887695
INFO:__main__:[exception] used memory: 0 M
INFO:__main__:[exception] FuncIndex is 132, time overhead is 0.0018506050109863281
INFO:__main__:used memory: -1 M
INFO:__main__:FuncIndex is 133, time overhead is 0.10581183433532715
INFO:__main__:used memory: 0 M
INFO:__main__:FuncIndex is 134, time overhead is 0.03025341033935547
INFO:__main__:used memory: 0 M
INFO:__main__:FuncIndex is 135, time overhead is 0.021717071533203125
INFO:__main__:used memory: 0 M
INFO:__main__:FuncIndex is 136, time overhead is 0.02138495445251465
INFO:__main__:used memory: -1 M
INFO:__main__:FuncIndex is 137, time overhead is 0.04491305351257324
INFO:__main__:[exception] used memory: 0 M
INFO:__main__:[exception] FuncIndex is 138, time overhead is 0.002216815948486328
INFO:__main__:used memory: 0 M
INFO:__main__:FuncIndex is 139, time overhead is 1.8931431770324707
INFO:__main__:used memory: 0 M
INFO:__main__:FuncIndex is 140, time overhead is 0.022174358367919922
INFO:__main__:used memory: 0 M
INFO:__main__:FuncIndex is 141, time overhead is 0.023493051528930664
INFO:__main__:used memory: 0 M
INFO:__main__:FuncIndex is 142, time overhead is 1.370030164718628
INFO:__main__:used memory: 0 M
INFO:__main__:FuncIndex is 143, time overhead is 0.29834699630737305
INFO:__main__:used memory: 0 M
INFO:__main__:FuncIndex is 144, time overhead is 0.03818392753601074
INFO:__main__:used memory: 0 M
INFO:__main__:FuncIndex is 145, time overhead is 0.1658036708831787
INFO:__main__:[exception] used memory: 0 M
INFO:__main__:[exception] FuncIndex is 146, time overhead is 1.5290791988372803
INFO:__main__:used memory: 0 M
INFO:__main__:FuncIndex is 147, time overhead is 0.02721858024597168
INFO:__main__:used memory: 4 M
INFO:__main__:FuncIndex is 148, time overhead is 3.3109726905822754
INFO:__main__:used memory: -1 M
INFO:__main__:FuncIndex is 149, time overhead is 0.026616573333740234
INFO:__main__:used memory: 0 M
INFO:__main__:FuncIndex is 150, time overhead is 0.037804603576660156
INFO:__main__:used memory: 0 M
INFO:__main__:FuncIndex is 151, time overhead is 0.019263267517089844
INFO:__main__:[exception] used memory: 0 M
INFO:__main__:[exception] FuncIndex is 152, time overhead is 0.002448558807373047
INFO:__main__:used memory: 0 M
INFO:__main__:FuncIndex is 153, time overhead is 0.02507185935974121
INFO:__main__:used memory: 0 M
INFO:__main__:FuncIndex is 154, time overhead is 0.02117443084716797
INFO:__main__:used memory: 0 M
INFO:__main__:FuncIndex is 155, time overhead is 0.02195429801940918
INFO:__main__:used memory: 0 M
INFO:__main__:FuncIndex is 156, time overhead is 0.02086496353149414
INFO:__main__:used memory: 0 M
INFO:__main__:FuncIndex is 157, time overhead is 0.06533384323120117
INFO:__main__:[exception] used memory: 0 M
INFO:__main__:[exception] FuncIndex is 158, time overhead is 0.017002344131469727
INFO:__main__:used memory: 0 M
INFO:__main__:FuncIndex is 159, time overhead is 2.659420967102051
INFO:__main__:used memory: 0 M
INFO:__main__:FuncIndex is 160, time overhead is 1.8698654174804688
INFO:__main__:used memory: 1 M
INFO:__main__:FuncIndex is 161, time overhead is 0.34257984161376953
INFO:__main__:used memory: 0 M
INFO:__main__:FuncIndex is 162, time overhead is 0.052825212478637695
INFO:__main__:used memory: 0 M
INFO:__main__:FuncIndex is 163, time overhead is 0.02248239517211914
INFO:root:b'Sorts (_ BitVec 32) and (_ BitVec 64) are incompatible'
INFO:__main__:used memory: 0 M
INFO:__main__:FuncIndex is 164, time overhead is 0.029053211212158203
INFO:__main__:used memory: 1 M
INFO:__main__:FuncIndex is 165, time overhead is 0.44683384895324707
INFO:__main__:[exception] used memory: 0 M
INFO:__main__:[exception] FuncIndex is 166, time overhead is 0.0025424957275390625
INFO:__main__:used memory: 0 M
INFO:__main__:FuncIndex is 167, time overhead is 0.10066390037536621
INFO:__main__:used memory: 0 M
INFO:__main__:FuncIndex is 168, time overhead is 0.06759381294250488
INFO:__main__:[exception] used memory: 0 M
INFO:__main__:[exception] FuncIndex is 169, time overhead is 0.14799237251281738
INFO:__main__:used memory: 0 M
INFO:__main__:FuncIndex is 170, time overhead is 0.0312960147857666
INFO:__main__:used memory: 0 M
INFO:__main__:FuncIndex is 171, time overhead is 0.028748750686645508
INFO:__main__:used memory: 0 M
INFO:__main__:FuncIndex is 172, time overhead is 0.023108482360839844
INFO:__main__:used memory: 0 M
INFO:__main__:FuncIndex is 173, time overhead is 0.14139413833618164
INFO:__main__:used memory: 0 M
INFO:__main__:FuncIndex is 174, time overhead is 1.0328271389007568
INFO:__main__:used memory: 0 M
INFO:__main__:FuncIndex is 175, time overhead is 0.6304283142089844
INFO:__main__:used memory: 0 M
INFO:__main__:FuncIndex is 176, time overhead is 0.043738365173339844
INFO:__main__:used memory: -1 M
INFO:__main__:FuncIndex is 177, time overhead is 0.043639421463012695
INFO:root:
INFO:__main__:used memory: 0 M
INFO:__main__:FuncIndex is 178, time overhead is 0.022608280181884766
INFO:__main__:used memory: 0 M
INFO:__main__:FuncIndex is 179, time overhead is 0.4608430862426758
INFO:__main__:used memory: 0 M
INFO:__main__:FuncIndex is 180, time overhead is 0.10089612007141113
INFO:__main__:used memory: 0 M
INFO:__main__:FuncIndex is 181, time overhead is 0.01967477798461914
INFO:__main__:[exception] used memory: 0 M
INFO:__main__:[exception] FuncIndex is 182, time overhead is 0.005318403244018555
INFO:__main__:used memory: 0 M
INFO:__main__:FuncIndex is 183, time overhead is 0.05455279350280762
INFO:__main__:used memory: 0 M
INFO:__main__:FuncIndex is 184, time overhead is 0.0385744571685791
INFO:__main__:used memory: 0 M
INFO:__main__:FuncIndex is 185, time overhead is 0.618227481842041
INFO:__main__:used memory: 0 M
INFO:__main__:FuncIndex is 186, time overhead is 0.3132774829864502
INFO:__main__:used memory: 0 M
INFO:__main__:FuncIndex is 187, time overhead is 0.04646134376525879
INFO:__main__:used memory: 0 M
INFO:__main__:FuncIndex is 188, time overhead is 0.02184462547302246
INFO:__main__:used memory: 0 M
INFO:__main__:FuncIndex is 189, time overhead is 0.027272462844848633
INFO:__main__:used memory: 1 M
INFO:__main__:FuncIndex is 190, time overhead is 0.1762688159942627
INFO:__main__:used memory: 0 M
INFO:__main__:FuncIndex is 191, time overhead is 0.030028581619262695
INFO:__main__:used memory: 0 M
INFO:__main__:FuncIndex is 192, time overhead is 0.019717931747436523
INFO:root:WASM: Signature mismatch in call for function 1294
INFO:__main__:[exception] used memory: 0 M
INFO:__main__:[exception] FuncIndex is 193, time overhead is 0.0936741828918457
INFO:__main__:used memory: -1 M
INFO:__main__:FuncIndex is 194, time overhead is 0.21761345863342285
INFO:__main__:used memory: 1 M
INFO:__main__:FuncIndex is 195, time overhead is 0.022549152374267578
INFO:__main__:used memory: 0 M
INFO:__main__:FuncIndex is 196, time overhead is 1.3317344188690186
INFO:__main__:[exception] used memory: 0 M
INFO:__main__:[exception] FuncIndex is 197, time overhead is 0.6815638542175293
INFO:__main__:used memory: 0 M
INFO:__main__:FuncIndex is 198, time overhead is 0.27551913261413574
INFO:__main__:used memory: 0 M
INFO:__main__:FuncIndex is 199, time overhead is 0.12633705139160156
INFO:__main__:used memory: 0 M
INFO:__main__:FuncIndex is 200, time overhead is 0.03741455078125
INFO:__main__:used memory: 0 M
INFO:__main__:FuncIndex is 201, time overhead is 0.15307974815368652
INFO:__main__:used memory: 0 M
INFO:__main__:FuncIndex is 202, time overhead is 0.7101230621337891
INFO:__main__:[exception] used memory: 0 M
INFO:__main__:[exception] FuncIndex is 203, time overhead is 0.0017933845520019531
INFO:__main__:used memory: 0 M
INFO:__main__:FuncIndex is 204, time overhead is 0.06345844268798828
INFO:__main__:used memory: 0 M
INFO:__main__:FuncIndex is 205, time overhead is 0.03601408004760742
INFO:__main__:used memory: 0 M
INFO:__main__:FuncIndex is 206, time overhead is 0.2604179382324219
INFO:__main__:[exception] used memory: 0 M
INFO:__main__:[exception] FuncIndex is 207, time overhead is 0.06860661506652832
INFO:__main__:[exception] used memory: 0 M
INFO:__main__:[exception] FuncIndex is 208, time overhead is 0.006596088409423828
INFO:__main__:used memory: 0 M
INFO:__main__:FuncIndex is 209, time overhead is 0.023412704467773438
INFO:__main__:used memory: 0 M
INFO:__main__:FuncIndex is 210, time overhead is 0.019660472869873047
INFO:__main__:used memory: 0 M
INFO:__main__:FuncIndex is 211, time overhead is 0.020382404327392578
INFO:__main__:used memory: 0 M
INFO:__main__:FuncIndex is 212, time overhead is 0.04183197021484375
INFO:__main__:used memory: 0 M
INFO:__main__:FuncIndex is 213, time overhead is 0.05309891700744629
INFO:__main__:used memory: 0 M
INFO:__main__:FuncIndex is 214, time overhead is 0.08376240730285645
INFO:__main__:used memory: 0 M
INFO:__main__:FuncIndex is 215, time overhead is 0.21374011039733887
INFO:__main__:used memory: 43 M
INFO:__main__:FuncIndex is 216, time overhead is 134.86966156959534
INFO:__main__:used memory: 0 M
INFO:__main__:FuncIndex is 217, time overhead is 0.03709721565246582
INFO:__main__:used memory: 0 M
INFO:__main__:FuncIndex is 218, time overhead is 0.0425868034362793
INFO:__main__:used memory: 1 M
INFO:__main__:FuncIndex is 219, time overhead is 6.3788135051727295
INFO:__main__:used memory: 3 M
INFO:__main__:FuncIndex is 220, time overhead is 4.656671762466431
INFO:__main__:used memory: 0 M
INFO:__main__:FuncIndex is 221, time overhead is 0.022679805755615234
INFO:__main__:used memory: 0 M
INFO:__main__:FuncIndex is 222, time overhead is 0.020781755447387695
INFO:__main__:used memory: 0 M
INFO:__main__:FuncIndex is 223, time overhead is 0.03832125663757324
INFO:__main__:used memory: 11 M
INFO:__main__:FuncIndex is 224, time overhead is 1.0858914852142334
INFO:__main__:used memory: 1 M
INFO:__main__:FuncIndex is 225, time overhead is 0.12449860572814941
INFO:root:unsupport call_indirect now
INFO:__main__:used memory: 0 M
INFO:__main__:FuncIndex is 226, time overhead is 0.02796649932861328
INFO:__main__:used memory: 0 M
INFO:__main__:FuncIndex is 227, time overhead is 0.07499432563781738
INFO:__main__:used memory: 0 M
INFO:__main__:FuncIndex is 228, time overhead is 0.023241758346557617
INFO:root:unsupport call_indirect now
INFO:root:unsupport call_indirect now
INFO:__main__:used memory: 0 M
INFO:__main__:FuncIndex is 229, time overhead is 0.04563093185424805
INFO:__main__:used memory: 0 M
INFO:__main__:FuncIndex is 230, time overhead is 0.04812335968017578
INFO:__main__:used memory: 1 M
INFO:__main__:FuncIndex is 231, time overhead is 0.14156413078308105
INFO:root:unsupport call_indirect now
INFO:__main__:used memory: 1 M
INFO:__main__:FuncIndex is 232, time overhead is 0.15796661376953125
INFO:__main__:used memory: 1 M
INFO:__main__:FuncIndex is 233, time overhead is 0.14949989318847656
INFO:root:unsupport call_indirect now
INFO:__main__:used memory: 1 M
INFO:__main__:FuncIndex is 234, time overhead is 0.1356208324432373
INFO:__main__:used memory: -48 M
INFO:__main__:FuncIndex is 235, time overhead is 5.819288969039917
INFO:__main__:used memory: -2 M
INFO:__main__:FuncIndex is 236, time overhead is 6.039975643157959
INFO:__main__:used memory: 0 M
INFO:__main__:FuncIndex is 237, time overhead is 0.033275604248046875
INFO:__main__:used memory: 0 M
INFO:__main__:FuncIndex is 238, time overhead is 0.30673646926879883
INFO:__main__:used memory: 0 M
INFO:__main__:FuncIndex is 239, time overhead is 0.25455307960510254
INFO:__main__:used memory: 0 M
INFO:__main__:FuncIndex is 240, time overhead is 0.08309006690979004
INFO:__main__:used memory: 0 M
INFO:__main__:FuncIndex is 241, time overhead is 0.2857484817504883
INFO:__main__:used memory: -1 M
INFO:__main__:FuncIndex is 242, time overhead is 0.1275773048400879
INFO:__main__:used memory: 1 M
INFO:__main__:FuncIndex is 243, time overhead is 0.0264585018157959
INFO:__main__:used memory: 0 M
INFO:__main__:FuncIndex is 244, time overhead is 0.05310678482055664
INFO:__main__:used memory: 0 M
INFO:__main__:FuncIndex is 245, time overhead is 0.12675237655639648
INFO:__main__:used memory: -1 M
INFO:__main__:FuncIndex is 246, time overhead is 0.021863222122192383
INFO:__main__:used memory: 1 M
INFO:__main__:FuncIndex is 247, time overhead is 0.022405385971069336
INFO:__main__:used memory: -1 M
INFO:__main__:FuncIndex is 248, time overhead is 0.02935957908630371
INFO:__main__:used memory: 3 M
INFO:__main__:FuncIndex is 249, time overhead is 3.0795137882232666
INFO:__main__:[exception] used memory: 0 M
INFO:__main__:[exception] FuncIndex is 250, time overhead is 0.003772258758544922
INFO:__main__:[exception] used memory: 0 M
INFO:__main__:[exception] FuncIndex is 251, time overhead is 0.0031528472900390625
INFO:__main__:used memory: 0 M
INFO:__main__:FuncIndex is 252, time overhead is 0.029142379760742188
INFO:root:b'Sorts (_ BitVec 32) and (_ BitVec 64) are incompatible'
INFO:__main__:used memory: 1 M
INFO:__main__:FuncIndex is 253, time overhead is 2.2151880264282227
INFO:__main__:used memory: 0 M
INFO:__main__:FuncIndex is 254, time overhead is 0.29703283309936523
INFO:__main__:used memory: 0 M
INFO:__main__:FuncIndex is 255, time overhead is 0.027196168899536133
INFO:root:unsupport call_indirect now
INFO:root:unsupport call_indirect now
INFO:__main__:[exception] used memory: 0 M
INFO:__main__:[exception] FuncIndex is 256, time overhead is 1.8086583614349365
INFO:__main__:used memory: 2 M
INFO:__main__:FuncIndex is 257, time overhead is 4.6347150802612305
INFO:__main__:used memory: 0 M
INFO:__main__:FuncIndex is 258, time overhead is 0.046958208084106445
INFO:__main__:used memory: 0 M
INFO:__main__:FuncIndex is 259, time overhead is 0.04944467544555664
INFO:__main__:used memory: 0 M
INFO:__main__:FuncIndex is 260, time overhead is 0.025778532028198242
INFO:__main__:used memory: -1 M
INFO:__main__:FuncIndex is 261, time overhead is 0.41684699058532715
INFO:__main__:used memory: 0 M
INFO:__main__:FuncIndex is 262, time overhead is 0.409454345703125
INFO:__main__:used memory: 0 M
INFO:__main__:FuncIndex is 263, time overhead is 0.022741317749023438
INFO:__main__:used memory: 4 M
INFO:__main__:FuncIndex is 264, time overhead is 7.978868246078491
INFO:__main__:used memory: -2 M
INFO:__main__:FuncIndex is 265, time overhead is 1.8111772537231445
INFO:__main__:[exception] used memory: 0 M
INFO:__main__:[exception] FuncIndex is 266, time overhead is 0.04789996147155762
INFO:__main__:used memory: -1 M
INFO:__main__:FuncIndex is 267, time overhead is 0.026697397232055664
INFO:__main__:used memory: 0 M
INFO:__main__:FuncIndex is 268, time overhead is 0.020228147506713867
INFO:__main__:used memory: 0 M
INFO:__main__:FuncIndex is 269, time overhead is 3.1652963161468506
INFO:__main__:used memory: 0 M
INFO:__main__:FuncIndex is 270, time overhead is 0.06395459175109863
INFO:__main__:used memory: 0 M
INFO:__main__:FuncIndex is 271, time overhead is 0.11823034286499023
INFO:__main__:used memory: 0 M
INFO:__main__:FuncIndex is 272, time overhead is 0.12195181846618652
INFO:__main__:used memory: -1 M
INFO:__main__:FuncIndex is 273, time overhead is 0.0528261661529541
INFO:__main__:used memory: 0 M
INFO:__main__:FuncIndex is 274, time overhead is 0.05050921440124512
INFO:__main__:used memory: 0 M
INFO:__main__:FuncIndex is 275, time overhead is 0.06007266044616699
INFO:__main__:used memory: 0 M
INFO:__main__:FuncIndex is 276, time overhead is 0.11742138862609863
INFO:__main__:used memory: 0 M
INFO:__main__:FuncIndex is 277, time overhead is 0.02294445037841797
INFO:__main__:[exception] used memory: 4 M
INFO:__main__:[exception] FuncIndex is 278, time overhead is 11.32451057434082
INFO:root:unsupport call_indirect now
INFO:root:unsupport call_indirect now
INFO:__main__:used memory: 0 M
INFO:__main__:FuncIndex is 279, time overhead is 0.056664466857910156
INFO:__main__:used memory: 0 M
INFO:__main__:FuncIndex is 280, time overhead is 0.16906523704528809
INFO:__main__:used memory: 0 M
INFO:__main__:FuncIndex is 281, time overhead is 0.05470871925354004
INFO:__main__:used memory: -1 M
INFO:__main__:FuncIndex is 282, time overhead is 0.3476223945617676
INFO:__main__:used memory: 13 M
INFO:__main__:FuncIndex is 283, time overhead is 8.97266173362732
INFO:__main__:used memory: 0 M
INFO:__main__:FuncIndex is 284, time overhead is 0.04224514961242676
INFO:root:unsupport call_indirect now
INFO:__main__:used memory: 0 M
INFO:__main__:FuncIndex is 285, time overhead is 0.13707733154296875
INFO:__main__:used memory: 1 M
INFO:__main__:FuncIndex is 286, time overhead is 0.041739702224731445
INFO:__main__:[exception] used memory: 13 M
INFO:__main__:[exception] FuncIndex is 287, time overhead is 129.2054660320282
INFO:__main__:[exception] used memory: -2 M
INFO:__main__:[exception] FuncIndex is 288, time overhead is 150.13398146629333
INFO:__main__:[exception] used memory: 0 M
INFO:__main__:[exception] FuncIndex is 289, time overhead is 0.0025453567504882812
INFO:__main__:used memory: 1 M
INFO:__main__:FuncIndex is 290, time overhead is 0.08960795402526855
INFO:__main__:used memory: 5 M
INFO:__main__:FuncIndex is 291, time overhead is 0.7135672569274902
INFO:__main__:used memory: 0 M
INFO:__main__:FuncIndex is 292, time overhead is 0.08783173561096191
INFO:__main__:used memory: 0 M
INFO:__main__:FuncIndex is 293, time overhead is 0.07563042640686035
INFO:__main__:used memory: -7 M
INFO:__main__:FuncIndex is 294, time overhead is 14.833501815795898
INFO:__main__:used memory: 0 M
INFO:__main__:FuncIndex is 295, time overhead is 0.03860211372375488
INFO:root:
INFO:__main__:used memory: -1 M
INFO:__main__:FuncIndex is 296, time overhead is 0.058339834213256836
INFO:__main__:used memory: 0 M
INFO:__main__:FuncIndex is 297, time overhead is 0.6320829391479492
INFO:__main__:used memory: 0 M
INFO:__main__:FuncIndex is 298, time overhead is 0.1022641658782959
INFO:__main__:used memory: 0 M
INFO:__main__:FuncIndex is 299, time overhead is 0.023324966430664062
INFO:__main__:[exception] used memory: 0 M
INFO:__main__:[exception] FuncIndex is 300, time overhead is 0.002346038818359375
INFO:__main__:used memory: 6 M
INFO:__main__:FuncIndex is 301, time overhead is 0.9693892002105713
INFO:__main__:used memory: 1 M
INFO:__main__:FuncIndex is 302, time overhead is 1.8909854888916016
INFO:__main__:used memory: -6 M
INFO:__main__:FuncIndex is 303, time overhead is 2.7003824710845947
INFO:root:b'Sorts (_ BitVec 32) and (_ BitVec 64) are incompatible'
INFO:__main__:used memory: 0 M
INFO:__main__:FuncIndex is 304, time overhead is 0.039736270904541016
INFO:root:unsupport call_indirect now
INFO:root:unsupport call_indirect now
INFO:root:unsupport call_indirect now
INFO:root:unsupport call_indirect now
INFO:root:unsupport call_indirect now
INFO:root:unsupport call_indirect now
INFO:root:unsupport call_indirect now
INFO:root:unsupport call_indirect now
INFO:root:unsupport call_indirect now
INFO:root:unsupport call_indirect now
INFO:__main__:used memory: 0 M
INFO:__main__:FuncIndex is 305, time overhead is 0.5427103042602539
INFO:__main__:used memory: -1 M
INFO:__main__:FuncIndex is 306, time overhead is 0.10630249977111816
INFO:__main__:used memory: 0 M
INFO:__main__:FuncIndex is 307, time overhead is 0.3672938346862793
INFO:__main__:used memory: 0 M
INFO:__main__:FuncIndex is 308, time overhead is 0.2415919303894043
INFO:__main__:used memory: 0 M
INFO:__main__:FuncIndex is 309, time overhead is 0.020569324493408203
INFO:__main__:used memory: 0 M
INFO:__main__:FuncIndex is 310, time overhead is 0.09708285331726074
INFO:__main__:used memory: 0 M
INFO:__main__:FuncIndex is 311, time overhead is 0.052056074142456055
INFO:__main__:used memory: 0 M
INFO:__main__:FuncIndex is 312, time overhead is 0.04578351974487305
INFO:__main__:used memory: 0 M
INFO:__main__:FuncIndex is 313, time overhead is 0.05863451957702637
INFO:__main__:used memory: 0 M
INFO:__main__:FuncIndex is 314, time overhead is 0.039896249771118164
INFO:__main__:used memory: 0 M
INFO:__main__:FuncIndex is 315, time overhead is 0.09966516494750977
INFO:__main__:used memory: 0 M
INFO:__main__:FuncIndex is 316, time overhead is 0.041638851165771484
INFO:__main__:used memory: 0 M
INFO:__main__:FuncIndex is 317, time overhead is 0.04493856430053711
INFO:__main__:used memory: 0 M
INFO:__main__:FuncIndex is 318, time overhead is 0.03788399696350098
INFO:__main__:used memory: 0 M
INFO:__main__:FuncIndex is 319, time overhead is 0.14235138893127441
INFO:__main__:used memory: 0 M
INFO:__main__:FuncIndex is 320, time overhead is 0.0574345588684082
INFO:__main__:used memory: -1 M
INFO:__main__:FuncIndex is 321, time overhead is 0.459850549697876
INFO:__main__:used memory: -1 M
INFO:__main__:FuncIndex is 322, time overhead is 3.4953954219818115
INFO:__main__:used memory: 0 M
INFO:__main__:FuncIndex is 323, time overhead is 0.06887269020080566
INFO:__main__:used memory: 0 M
INFO:__main__:FuncIndex is 324, time overhead is 0.33702802658081055
INFO:__main__:used memory: 0 M
INFO:__main__:FuncIndex is 325, time overhead is 0.10820651054382324
INFO:__main__:[exception] used memory: -1 M
INFO:__main__:[exception] FuncIndex is 326, time overhead is 93.43887829780579
INFO:__main__:used memory: 1 M
INFO:__main__:FuncIndex is 327, time overhead is 0.6189846992492676
INFO:__main__:used memory: 0 M
INFO:__main__:FuncIndex is 328, time overhead is 0.08596515655517578
INFO:__main__:used memory: 0 M
INFO:__main__:FuncIndex is 329, time overhead is 0.15050530433654785
INFO:__main__:used memory: -1 M
INFO:__main__:FuncIndex is 330, time overhead is 0.14764404296875
INFO:__main__:used memory: 1 M
INFO:__main__:FuncIndex is 331, time overhead is 0.12615442276000977
INFO:__main__:used memory: 0 M
INFO:__main__:FuncIndex is 332, time overhead is 0.11934709548950195
INFO:__main__:used memory: 0 M
INFO:__main__:FuncIndex is 333, time overhead is 0.11998200416564941
INFO:__main__:used memory: 0 M
INFO:__main__:FuncIndex is 334, time overhead is 0.08222246170043945
INFO:__main__:used memory: 0 M
INFO:__main__:FuncIndex is 335, time overhead is 0.1793346405029297
INFO:__main__:used memory: 0 M
INFO:__main__:FuncIndex is 336, time overhead is 0.02659773826599121
INFO:root:b'Argument #xfffffffc at position 1 does not match declaration (declare-fun bvadd ((_ BitVec 64) (_ BitVec 64)) (_ BitVec 64))'
INFO:__main__:[exception] used memory: 0 M
INFO:__main__:[exception] FuncIndex is 337, time overhead is 0.09757447242736816
INFO:__main__:used memory: 1 M
INFO:__main__:FuncIndex is 338, time overhead is 0.031546831130981445
INFO:root:b'Argument #xfffffffc at position 1 does not match declaration (declare-fun bvadd ((_ BitVec 64) (_ BitVec 64)) (_ BitVec 64))'
INFO:__main__:[exception] used memory: 0 M
INFO:__main__:[exception] FuncIndex is 339, time overhead is 0.09735679626464844
INFO:__main__:used memory: 0 M
INFO:__main__:FuncIndex is 340, time overhead is 0.08037590980529785
INFO:__main__:used memory: 1 M
INFO:__main__:FuncIndex is 341, time overhead is 0.022505998611450195
INFO:__main__:used memory: -1 M
INFO:__main__:FuncIndex is 342, time overhead is 0.642528772354126
INFO:__main__:used memory: 0 M
INFO:__main__:FuncIndex is 343, time overhead is 0.06067180633544922
INFO:__main__:used memory: 0 M
INFO:__main__:FuncIndex is 344, time overhead is 0.42583680152893066
INFO:__main__:used memory: 1 M
INFO:__main__:FuncIndex is 345, time overhead is 0.09762215614318848
INFO:__main__:used memory: 0 M
INFO:__main__:FuncIndex is 346, time overhead is 0.08888697624206543
INFO:__main__:used memory: 0 M
INFO:__main__:FuncIndex is 347, time overhead is 0.023828744888305664
INFO:__main__:[exception] used memory: 0 M
INFO:__main__:[exception] FuncIndex is 348, time overhead is 0.0027985572814941406
INFO:__main__:used memory: 0 M
INFO:__main__:FuncIndex is 349, time overhead is 0.050201416015625
INFO:__main__:used memory: -2 M
INFO:__main__:FuncIndex is 350, time overhead is 0.37177133560180664
INFO:__main__:used memory: 14 M
INFO:__main__:FuncIndex is 351, time overhead is 14.802843570709229
INFO:__main__:used memory: 10 M
INFO:__main__:FuncIndex is 352, time overhead is 13.012676477432251
INFO:__main__:used memory: -1 M
INFO:__main__:FuncIndex is 353, time overhead is 0.10676836967468262
INFO:__main__:used memory: 0 M
INFO:__main__:FuncIndex is 354, time overhead is 0.17697525024414062
INFO:__main__:used memory: 0 M
INFO:__main__:FuncIndex is 355, time overhead is 0.15567994117736816
INFO:__main__:used memory: 0 M
INFO:__main__:FuncIndex is 356, time overhead is 0.10799360275268555
INFO:__main__:[exception] used memory: 0 M
INFO:__main__:[exception] FuncIndex is 357, time overhead is 103.0608241558075
INFO:__main__:used memory: 2 M
INFO:__main__:FuncIndex is 358, time overhead is 89.03458714485168
INFO:__main__:used memory: 5 M
INFO:__main__:FuncIndex is 359, time overhead is 0.8914117813110352
INFO:__main__:used memory: 6 M
INFO:__main__:FuncIndex is 360, time overhead is 0.8325090408325195
INFO:__main__:used memory: 9 M
INFO:__main__:FuncIndex is 361, time overhead is 0.7328228950500488
INFO:__main__:used memory: 0 M
INFO:__main__:FuncIndex is 362, time overhead is 0.09674835205078125
INFO:__main__:used memory: 2 M
INFO:__main__:FuncIndex is 363, time overhead is 0.16895604133605957
INFO:__main__:used memory: 1 M
INFO:__main__:FuncIndex is 364, time overhead is 0.1177821159362793
INFO:__main__:used memory: -27 M
INFO:__main__:FuncIndex is 365, time overhead is 1.6885673999786377
INFO:__main__:used memory: 0 M
INFO:__main__:FuncIndex is 366, time overhead is 0.022263765335083008
INFO:__main__:used memory: 0 M
INFO:__main__:FuncIndex is 367, time overhead is 0.7948932647705078
INFO:__main__:used memory: 0 M
INFO:__main__:FuncIndex is 368, time overhead is 0.06252288818359375
INFO:__main__:used memory: -1 M
INFO:__main__:FuncIndex is 369, time overhead is 0.11550402641296387
INFO:__main__:used memory: 0 M
INFO:__main__:FuncIndex is 370, time overhead is 0.09993171691894531
INFO:__main__:used memory: 0 M
INFO:__main__:FuncIndex is 371, time overhead is 0.07387042045593262
INFO:__main__:used memory: 0 M
INFO:__main__:FuncIndex is 372, time overhead is 0.025725841522216797
INFO:__main__:used memory: 0 M
INFO:__main__:FuncIndex is 373, time overhead is 0.02400827407836914
INFO:__main__:used memory: 0 M
INFO:__main__:FuncIndex is 374, time overhead is 0.06962800025939941
INFO:__main__:used memory: -3 M
INFO:__main__:FuncIndex is 375, time overhead is 0.9915218353271484
INFO:__main__:used memory: 0 M
INFO:__main__:FuncIndex is 376, time overhead is 0.023154735565185547
INFO:__main__:used memory: 0 M
INFO:__main__:FuncIndex is 377, time overhead is 0.03319287300109863
INFO:__main__:[exception] used memory: 0 M
INFO:__main__:[exception] FuncIndex is 378, time overhead is 0.002911090850830078
INFO:root:unsupport call_indirect now
INFO:root:unsupport call_indirect now
INFO:root:unsupport call_indirect now
INFO:root:unsupport call_indirect now
INFO:__main__:used memory: 0 M
INFO:__main__:FuncIndex is 379, time overhead is 2.0382213592529297
INFO:__main__:used memory: 0 M
INFO:__main__:FuncIndex is 380, time overhead is 0.09137725830078125
INFO:__main__:used memory: 0 M
INFO:__main__:FuncIndex is 381, time overhead is 0.03164815902709961
INFO:__main__:used memory: 0 M
INFO:__main__:FuncIndex is 382, time overhead is 0.03029012680053711
INFO:__main__:used memory: 0 M
INFO:__main__:FuncIndex is 383, time overhead is 0.031073808670043945
INFO:__main__:used memory: 0 M
INFO:__main__:FuncIndex is 384, time overhead is 0.027148008346557617
INFO:__main__:used memory: 0 M
INFO:__main__:FuncIndex is 385, time overhead is 0.15222644805908203
INFO:root:b'Sorts (_ BitVec 32) and (_ BitVec 64) are incompatible'
INFO:__main__:used memory: 0 M
INFO:__main__:FuncIndex is 386, time overhead is 0.13814949989318848
INFO:root:b'Sorts (_ BitVec 32) and (_ BitVec 64) are incompatible'
INFO:__main__:used memory: 0 M
INFO:__main__:FuncIndex is 387, time overhead is 0.1362767219543457
INFO:__main__:used memory: 0 M
INFO:__main__:FuncIndex is 388, time overhead is 0.03865981101989746
INFO:__main__:used memory: 0 M
INFO:__main__:FuncIndex is 389, time overhead is 0.055283308029174805
INFO:__main__:used memory: 0 M
INFO:__main__:FuncIndex is 390, time overhead is 3.803603172302246
INFO:__main__:used memory: -1 M
INFO:__main__:FuncIndex is 391, time overhead is 0.26796555519104004
INFO:__main__:used memory: 0 M
INFO:__main__:FuncIndex is 392, time overhead is 1.4521245956420898
INFO:__main__:used memory: 0 M
INFO:__main__:FuncIndex is 393, time overhead is 4.157186985015869
INFO:__main__:used memory: 1 M
INFO:__main__:FuncIndex is 394, time overhead is 3.849473476409912
INFO:__main__:used memory: 1 M
INFO:__main__:FuncIndex is 395, time overhead is 0.040346384048461914
INFO:__main__:used memory: -3 M
INFO:__main__:FuncIndex is 396, time overhead is 0.2644338607788086
INFO:__main__:used memory: 1 M
INFO:__main__:FuncIndex is 397, time overhead is 1.3925116062164307
INFO:__main__:used memory: 1 M
INFO:__main__:FuncIndex is 398, time overhead is 3.0145809650421143
INFO:root:reached unreachable
INFO:__main__:used memory: 0 M
INFO:__main__:FuncIndex is 399, time overhead is 0.05433249473571777
INFO:root:unsupport call_indirect now
INFO:__main__:used memory: -1 M
INFO:__main__:FuncIndex is 400, time overhead is 0.027396440505981445
INFO:__main__:All time: 1012.9783804416656
