INFO:__main__:used memory: 9 M
INFO:__main__:FuncIndex is 1201, time overhead is 0.7137808799743652
INFO:__main__:used memory: 0 M
INFO:__main__:FuncIndex is 1202, time overhead is 0.03216075897216797
INFO:__main__:used memory: 2 M
INFO:__main__:FuncIndex is 1203, time overhead is 0.903205156326294
INFO:__main__:used memory: 3 M
INFO:__main__:FuncIndex is 1204, time overhead is 0.5162959098815918
INFO:__main__:used memory: 3 M
INFO:__main__:FuncIndex is 1205, time overhead is 0.47078824043273926
INFO:__main__:used memory: 3 M
INFO:__main__:FuncIndex is 1206, time overhead is 0.5681459903717041
INFO:__main__:used memory: 2 M
INFO:__main__:FuncIndex is 1207, time overhead is 0.252396821975708
INFO:__main__:used memory: 5 M
INFO:__main__:FuncIndex is 1208, time overhead is 1.3609516620635986
INFO:__main__:used memory: 1 M
INFO:__main__:FuncIndex is 1209, time overhead is 0.1907806396484375
INFO:__main__:used memory: 1 M
INFO:__main__:FuncIndex is 1210, time overhead is 0.15012216567993164
INFO:__main__:used memory: 3 M
INFO:__main__:FuncIndex is 1211, time overhead is 0.7792079448699951
INFO:__main__:used memory: 1 M
INFO:__main__:FuncIndex is 1212, time overhead is 0.430009126663208
INFO:__main__:used memory: 2 M
INFO:__main__:FuncIndex is 1213, time overhead is 0.3629953861236572
INFO:__main__:used memory: 0 M
INFO:__main__:FuncIndex is 1214, time overhead is 0.30937814712524414
INFO:__main__:used memory: -11 M
INFO:__main__:FuncIndex is 1215, time overhead is 0.6621246337890625
INFO:root:
INFO:__main__:used memory: -1 M
INFO:__main__:FuncIndex is 1216, time overhead is 0.03506922721862793
INFO:root:unsupport call_indirect now
INFO:__main__:used memory: 0 M
INFO:__main__:FuncIndex is 1217, time overhead is 0.026540040969848633
INFO:__main__:[exception] used memory: -1 M
INFO:__main__:[exception] FuncIndex is 1218, time overhead is 0.19498062133789062
INFO:__main__:used memory: 0 M
INFO:__main__:FuncIndex is 1219, time overhead is 0.15727519989013672
INFO:__main__:[exception] used memory: 3 M
INFO:__main__:[exception] FuncIndex is 1220, time overhead is 18.510439157485962
INFO:__main__:used memory: 0 M
INFO:__main__:FuncIndex is 1221, time overhead is 0.10960698127746582
INFO:__main__:used memory: 0 M
INFO:__main__:FuncIndex is 1222, time overhead is 0.09502530097961426
INFO:__main__:used memory: 0 M
INFO:__main__:FuncIndex is 1223, time overhead is 0.10116171836853027
INFO:__main__:used memory: 0 M
INFO:__main__:FuncIndex is 1224, time overhead is 0.04135298728942871
INFO:__main__:used memory: 0 M
INFO:__main__:FuncIndex is 1225, time overhead is 0.04487299919128418
INFO:__main__:used memory: 0 M
INFO:__main__:FuncIndex is 1226, time overhead is 0.28894615173339844
INFO:__main__:used memory: -2 M
INFO:__main__:FuncIndex is 1227, time overhead is 0.27313733100891113
INFO:root:unsupport call_indirect now
INFO:root:unsupport call_indirect now
INFO:__main__:used memory: 1 M
INFO:__main__:FuncIndex is 1228, time overhead is 0.11734437942504883
INFO:__main__:used memory: 1 M
INFO:__main__:FuncIndex is 1229, time overhead is 0.05667614936828613
INFO:root:reached unreachable
INFO:__main__:used memory: 3 M
INFO:__main__:FuncIndex is 1230, time overhead is 0.4238443374633789
INFO:__main__:used memory: 2 M
INFO:__main__:FuncIndex is 1231, time overhead is 0.15378260612487793
INFO:__main__:used memory: 1 M
INFO:__main__:FuncIndex is 1232, time overhead is 0.202223539352417
INFO:__main__:used memory: 1 M
INFO:__main__:FuncIndex is 1233, time overhead is 0.15161371231079102
INFO:__main__:used memory: 1 M
INFO:__main__:FuncIndex is 1234, time overhead is 0.19730806350708008
INFO:__main__:used memory: -3 M
INFO:__main__:FuncIndex is 1235, time overhead is 0.3788309097290039
INFO:__main__:used memory: -1 M
INFO:__main__:FuncIndex is 1236, time overhead is 0.13896512985229492
INFO:__main__:used memory: 0 M
INFO:__main__:FuncIndex is 1237, time overhead is 2.9687416553497314
INFO:__main__:used memory: 12 M
INFO:__main__:FuncIndex is 1238, time overhead is 12.941768407821655
INFO:__main__:used memory: 0 M
INFO:__main__:FuncIndex is 1239, time overhead is 0.1893465518951416
INFO:__main__:used memory: 0 M
INFO:__main__:FuncIndex is 1240, time overhead is 0.051799774169921875
INFO:__main__:used memory: -1 M
INFO:__main__:FuncIndex is 1241, time overhead is 0.1072695255279541
INFO:__main__:[exception] used memory: 0 M
INFO:__main__:[exception] FuncIndex is 1242, time overhead is 81.61926364898682
INFO:__main__:used memory: 152 M
INFO:__main__:FuncIndex is 1243, time overhead is 149.27978467941284
INFO:__main__:used memory: 18 M
INFO:__main__:FuncIndex is 1244, time overhead is 14.356197357177734
INFO:__main__:used memory: -103 M
INFO:__main__:FuncIndex is 1245, time overhead is 43.96235370635986
INFO:__main__:used memory: -4 M
INFO:__main__:FuncIndex is 1246, time overhead is 9.193097829818726
INFO:__main__:used memory: -7 M
INFO:__main__:FuncIndex is 1247, time overhead is 0.11028003692626953
INFO:__main__:used memory: -18 M
INFO:__main__:FuncIndex is 1248, time overhead is 5.050365447998047
INFO:__main__:used memory: -6 M
INFO:__main__:FuncIndex is 1249, time overhead is 12.717811584472656
INFO:__main__:used memory: 0 M
INFO:__main__:FuncIndex is 1250, time overhead is 0.14079809188842773
INFO:root:unsupport call_indirect now
INFO:root:unsupport call_indirect now
INFO:__main__:used memory: 4 M
INFO:__main__:FuncIndex is 1251, time overhead is 0.5060315132141113
INFO:__main__:used memory: 0 M
INFO:__main__:FuncIndex is 1252, time overhead is 0.050527095794677734
INFO:__main__:used memory: 1 M
INFO:__main__:FuncIndex is 1253, time overhead is 0.30347704887390137
INFO:__main__:used memory: 28 M
INFO:__main__:FuncIndex is 1254, time overhead is 18.25873875617981
INFO:__main__:used memory: -13 M
INFO:__main__:FuncIndex is 1255, time overhead is 14.87033748626709
INFO:__main__:used memory: 0 M
INFO:__main__:FuncIndex is 1256, time overhead is 1.1155939102172852
INFO:__main__:used memory: 0 M
INFO:__main__:FuncIndex is 1257, time overhead is 0.03453707695007324
INFO:__main__:used memory: 2 M
INFO:__main__:FuncIndex is 1258, time overhead is 0.7655348777770996
INFO:__main__:[exception] used memory: 1 M
INFO:__main__:[exception] FuncIndex is 1259, time overhead is 2.171290397644043
INFO:__main__:used memory: 1 M
INFO:__main__:FuncIndex is 1260, time overhead is 0.1632235050201416
INFO:__main__:used memory: 1 M
INFO:__main__:FuncIndex is 1261, time overhead is 0.0569307804107666
INFO:root:unsupport call_indirect now
INFO:__main__:used memory: 0 M
INFO:__main__:FuncIndex is 1262, time overhead is 0.03715372085571289
INFO:__main__:used memory: 6 M
INFO:__main__:FuncIndex is 1263, time overhead is 5.2102367877960205
INFO:__main__:used memory: 7 M
INFO:__main__:FuncIndex is 1264, time overhead is 5.679422378540039
INFO:__main__:used memory: 1 M
INFO:__main__:FuncIndex is 1265, time overhead is 0.16570568084716797
INFO:__main__:used memory: 1 M
INFO:__main__:FuncIndex is 1266, time overhead is 0.05674147605895996
INFO:__main__:used memory: -22 M
INFO:__main__:FuncIndex is 1267, time overhead is 4.5789947509765625
INFO:__main__:used memory: 0 M
INFO:__main__:FuncIndex is 1268, time overhead is 2.6579225063323975
INFO:__main__:used memory: -1 M
INFO:__main__:FuncIndex is 1269, time overhead is 0.22076034545898438
INFO:__main__:[exception] used memory: 12 M
INFO:__main__:[exception] FuncIndex is 1270, time overhead is 94.25841569900513
INFO:__main__:used memory: -1 M
INFO:__main__:FuncIndex is 1271, time overhead is 13.0329430103302
INFO:__main__:used memory: 1 M
INFO:__main__:FuncIndex is 1272, time overhead is 10.725614786148071
INFO:__main__:used memory: -1 M
INFO:__main__:FuncIndex is 1273, time overhead is 8.843806028366089
INFO:__main__:[exception] used memory: 2 M
INFO:__main__:[exception] FuncIndex is 1274, time overhead is 101.82190442085266
INFO:__main__:used memory: 53 M
INFO:__main__:FuncIndex is 1275, time overhead is 91.4462959766388
INFO:__main__:used memory: 22 M
INFO:__main__:FuncIndex is 1276, time overhead is 1.7631666660308838
INFO:__main__:used memory: -61 M
INFO:__main__:FuncIndex is 1277, time overhead is 2.8580210208892822
INFO:__main__:used memory: -2 M
INFO:__main__:FuncIndex is 1278, time overhead is 0.14061403274536133
INFO:__main__:used memory: 52 M
INFO:__main__:FuncIndex is 1279, time overhead is 44.96355080604553
INFO:__main__:used memory: -17 M
INFO:__main__:FuncIndex is 1280, time overhead is 3.7281787395477295
INFO:__main__:used memory: -24 M
INFO:__main__:FuncIndex is 1281, time overhead is 4.672579765319824
INFO:__main__:used memory: -4 M
INFO:__main__:FuncIndex is 1282, time overhead is 4.733346462249756
INFO:__main__:used memory: 96 M
INFO:__main__:FuncIndex is 1283, time overhead is 35.478625535964966
INFO:__main__:used memory: 0 M
INFO:__main__:FuncIndex is 1284, time overhead is 0.1299130916595459
INFO:__main__:used memory: 0 M
INFO:__main__:FuncIndex is 1285, time overhead is 0.05828070640563965
INFO:__main__:used memory: -81 M
INFO:__main__:FuncIndex is 1286, time overhead is 3.997326374053955
INFO:__main__:used memory: -14 M
INFO:__main__:FuncIndex is 1287, time overhead is 3.039175271987915
INFO:__main__:used memory: 0 M
INFO:__main__:FuncIndex is 1288, time overhead is 0.0367279052734375
INFO:__main__:used memory: 0 M
INFO:__main__:FuncIndex is 1289, time overhead is 0.032933950424194336
INFO:__main__:used memory: -1 M
INFO:__main__:FuncIndex is 1290, time overhead is 0.36512184143066406
INFO:__main__:used memory: 0 M
INFO:__main__:FuncIndex is 1291, time overhead is 0.033667564392089844
INFO:__main__:used memory: 0 M
INFO:__main__:FuncIndex is 1292, time overhead is 0.7421152591705322
INFO:__main__:used memory: 0 M
INFO:__main__:FuncIndex is 1293, time overhead is 0.711989164352417
INFO:root:b'Sorts (_ BitVec 32) and (_ BitVec 64) are incompatible'
INFO:__main__:used memory: 0 M
INFO:__main__:FuncIndex is 1294, time overhead is 0.0689857006072998
INFO:__main__:used memory: -7 M
INFO:__main__:FuncIndex is 1295, time overhead is 7.481805324554443
INFO:__main__:used memory: -1 M
INFO:__main__:FuncIndex is 1296, time overhead is 0.09787631034851074
INFO:__main__:used memory: 0 M
INFO:__main__:FuncIndex is 1297, time overhead is 0.16776823997497559
INFO:__main__:used memory: 0 M
INFO:__main__:FuncIndex is 1298, time overhead is 0.07326006889343262
INFO:__main__:used memory: -1 M
INFO:__main__:FuncIndex is 1299, time overhead is 0.1788020133972168
INFO:root:unsupport call_indirect now
INFO:__main__:used memory: 0 M
INFO:__main__:FuncIndex is 1300, time overhead is 0.02399897575378418
INFO:__main__:used memory: 0 M
INFO:__main__:FuncIndex is 1301, time overhead is 0.4975714683532715
INFO:__main__:used memory: 0 M
INFO:__main__:FuncIndex is 1302, time overhead is 0.06382966041564941
INFO:__main__:used memory: 0 M
INFO:__main__:FuncIndex is 1303, time overhead is 3.598247528076172
INFO:root:unsupport call_indirect now
INFO:__main__:used memory: 0 M
INFO:__main__:FuncIndex is 1304, time overhead is 0.028743743896484375
INFO:root:unsupport call_indirect now
INFO:__main__:used memory: 0 M
INFO:__main__:FuncIndex is 1305, time overhead is 0.0268707275390625
INFO:root:unsupport call_indirect now
INFO:__main__:used memory: 1 M
INFO:__main__:FuncIndex is 1306, time overhead is 0.02165818214416504
INFO:root:unsupport call_indirect now
INFO:__main__:used memory: -1 M
INFO:__main__:FuncIndex is 1307, time overhead is 0.026129484176635742
INFO:root:unsupport call_indirect now
INFO:__main__:used memory: 0 M
INFO:__main__:FuncIndex is 1308, time overhead is 0.02507305145263672
INFO:root:unsupport call_indirect now
INFO:__main__:used memory: 0 M
INFO:__main__:FuncIndex is 1309, time overhead is 0.02511143684387207
INFO:root:unsupport call_indirect now
INFO:__main__:used memory: 0 M
INFO:__main__:FuncIndex is 1310, time overhead is 0.023097991943359375
INFO:root:unsupport call_indirect now
INFO:__main__:used memory: 1 M
INFO:__main__:FuncIndex is 1311, time overhead is 0.02854132652282715
INFO:root:unsupport call_indirect now
INFO:__main__:used memory: 0 M
INFO:__main__:FuncIndex is 1312, time overhead is 0.027667760848999023
INFO:root:unsupport call_indirect now
INFO:__main__:used memory: 0 M
INFO:__main__:FuncIndex is 1313, time overhead is 0.026288509368896484
INFO:root:unsupport call_indirect now
INFO:__main__:used memory: 0 M
INFO:__main__:FuncIndex is 1314, time overhead is 0.02440023422241211
INFO:root:unsupport call_indirect now
INFO:__main__:used memory: 0 M
INFO:__main__:FuncIndex is 1315, time overhead is 0.02463817596435547
INFO:root:unsupport call_indirect now
INFO:__main__:used memory: -1 M
INFO:__main__:FuncIndex is 1316, time overhead is 0.02244400978088379
INFO:root:unsupport call_indirect now
INFO:__main__:used memory: 0 M
INFO:__main__:FuncIndex is 1317, time overhead is 0.022432804107666016
INFO:root:unsupport call_indirect now
INFO:__main__:used memory: 0 M
INFO:__main__:FuncIndex is 1318, time overhead is 0.021649837493896484
INFO:root:unsupport call_indirect now
INFO:__main__:used memory: 1 M
INFO:__main__:FuncIndex is 1319, time overhead is 0.022199392318725586
INFO:root:unsupport call_indirect now
INFO:__main__:used memory: 0 M
INFO:__main__:FuncIndex is 1320, time overhead is 0.024045228958129883
INFO:root:unsupport call_indirect now
INFO:__main__:used memory: 0 M
INFO:__main__:FuncIndex is 1321, time overhead is 0.02311539649963379
INFO:root:unsupport call_indirect now
INFO:__main__:used memory: 0 M
INFO:__main__:FuncIndex is 1322, time overhead is 0.022713661193847656
INFO:root:unsupport call_indirect now
INFO:__main__:used memory: 0 M
INFO:__main__:FuncIndex is 1323, time overhead is 0.023342609405517578
INFO:__main__:used memory: 0 M
INFO:__main__:FuncIndex is 1324, time overhead is 0.042183637619018555
INFO:__main__:used memory: -1 M
INFO:__main__:FuncIndex is 1325, time overhead is 0.14441776275634766
INFO:__main__:used memory: 0 M
INFO:__main__:FuncIndex is 1326, time overhead is 0.2602972984313965
INFO:__main__:[exception] used memory: 0 M
INFO:__main__:[exception] FuncIndex is 1327, time overhead is 0.2603800296783447
INFO:__main__:used memory: 0 M
INFO:__main__:FuncIndex is 1328, time overhead is 0.06726217269897461
INFO:__main__:used memory: 0 M
INFO:__main__:FuncIndex is 1329, time overhead is 0.038910627365112305
INFO:root:unsupport call_indirect now
INFO:__main__:used memory: 0 M
INFO:__main__:FuncIndex is 1330, time overhead is 0.043648481369018555
INFO:root:unsupport call_indirect now
INFO:root:unsupport call_indirect now
INFO:__main__:used memory: 0 M
INFO:__main__:FuncIndex is 1331, time overhead is 0.26038074493408203
INFO:root:unsupport call_indirect now
INFO:__main__:used memory: 1 M
INFO:__main__:FuncIndex is 1332, time overhead is 0.04639291763305664
INFO:root:unsupport call_indirect now
INFO:root:unsupport call_indirect now
INFO:__main__:used memory: -1 M
INFO:__main__:FuncIndex is 1333, time overhead is 0.11974787712097168
INFO:root:unsupport call_indirect now
INFO:__main__:used memory: 1 M
INFO:__main__:FuncIndex is 1334, time overhead is 0.19741320610046387
INFO:__main__:used memory: -1 M
INFO:__main__:FuncIndex is 1335, time overhead is 0.027412891387939453
INFO:__main__:used memory: 0 M
INFO:__main__:FuncIndex is 1336, time overhead is 0.02528858184814453
INFO:__main__:used memory: 0 M
INFO:__main__:FuncIndex is 1337, time overhead is 0.02109074592590332
INFO:__main__:used memory: 0 M
INFO:__main__:FuncIndex is 1338, time overhead is 0.025873184204101562
INFO:__main__:used memory: 0 M
INFO:__main__:FuncIndex is 1339, time overhead is 0.019719362258911133
INFO:root:b'Sorts (_ BitVec 256) and (_ BitVec 32) are incompatible'
INFO:__main__:used memory: 1 M
INFO:__main__:FuncIndex is 1340, time overhead is 0.028383255004882812
INFO:__main__:[exception] used memory: -1 M
INFO:__main__:[exception] FuncIndex is 1341, time overhead is 0.8511316776275635
INFO:__main__:used memory: 1 M
INFO:__main__:FuncIndex is 1342, time overhead is 0.023564577102661133
INFO:__main__:used memory: -1 M
INFO:__main__:FuncIndex is 1343, time overhead is 0.050295114517211914
INFO:root:sort mismatch
INFO:__main__:used memory: 0 M
INFO:__main__:FuncIndex is 1344, time overhead is 0.18401050567626953
INFO:root:b'Sorts (_ BitVec 32) and (_ BitVec 64) are incompatible'
INFO:__main__:used memory: 0 M
INFO:__main__:FuncIndex is 1345, time overhead is 0.028407573699951172
INFO:root:b'Sorts (_ BitVec 32) and (_ BitVec 64) are incompatible'
INFO:__main__:used memory: 0 M
INFO:__main__:FuncIndex is 1346, time overhead is 0.02843165397644043
INFO:root:unsupport call_indirect now
INFO:root:unsupport call_indirect now
INFO:root:unsupport call_indirect now
INFO:root:unsupport call_indirect now
INFO:__main__:used memory: 0 M
INFO:__main__:FuncIndex is 1347, time overhead is 2.603947401046753
INFO:__main__:used memory: 0 M
INFO:__main__:FuncIndex is 1348, time overhead is 0.3814232349395752
INFO:__main__:used memory: 0 M
INFO:__main__:FuncIndex is 1349, time overhead is 0.2210984230041504
INFO:__main__:used memory: 0 M
INFO:__main__:FuncIndex is 1350, time overhead is 0.03803610801696777
INFO:__main__:used memory: 0 M
INFO:__main__:FuncIndex is 1351, time overhead is 0.05600118637084961
INFO:__main__:used memory: 0 M
INFO:__main__:FuncIndex is 1352, time overhead is 0.03454160690307617
INFO:__main__:used memory: 1 M
INFO:__main__:FuncIndex is 1353, time overhead is 0.04800820350646973
INFO:__main__:used memory: -1 M
INFO:__main__:FuncIndex is 1354, time overhead is 0.03402996063232422
INFO:__main__:used memory: 0 M
INFO:__main__:FuncIndex is 1355, time overhead is 0.03005361557006836
INFO:__main__:used memory: 0 M
INFO:__main__:FuncIndex is 1356, time overhead is 0.029369831085205078
INFO:__main__:used memory: 0 M
INFO:__main__:FuncIndex is 1357, time overhead is 0.027431488037109375
INFO:__main__:used memory: 0 M
INFO:__main__:FuncIndex is 1358, time overhead is 0.024883031845092773
INFO:__main__:used memory: 1 M
INFO:__main__:FuncIndex is 1359, time overhead is 0.028972387313842773
INFO:__main__:used memory: 0 M
INFO:__main__:FuncIndex is 1360, time overhead is 0.02757430076599121
INFO:__main__:used memory: 0 M
INFO:__main__:FuncIndex is 1361, time overhead is 0.028538227081298828
INFO:__main__:used memory: -1 M
INFO:__main__:FuncIndex is 1362, time overhead is 0.029071807861328125
INFO:root:fpMin() missing 1 required positional argument: 'b'
INFO:root:fpMin() missing 1 required positional argument: 'b'
INFO:root:fpMin() missing 1 required positional argument: 'b'
INFO:root:fpMin() missing 1 required positional argument: 'b'
INFO:root:fpMin() missing 1 required positional argument: 'b'
INFO:root:fpMin() missing 1 required positional argument: 'b'
INFO:root:fpMin() missing 1 required positional argument: 'b'
INFO:root:fpMin() missing 1 required positional argument: 'b'
INFO:root:fpMin() missing 1 required positional argument: 'b'
INFO:root:fpMin() missing 1 required positional argument: 'b'
INFO:root:fpMin() missing 1 required positional argument: 'b'
INFO:root:fpMin() missing 1 required positional argument: 'b'
INFO:root:fpMin() missing 1 required positional argument: 'b'
INFO:root:fpMin() missing 1 required positional argument: 'b'
INFO:root:fpMin() missing 1 required positional argument: 'b'
INFO:root:fpMin() missing 1 required positional argument: 'b'
INFO:root:fpMin() missing 1 required positional argument: 'b'
INFO:root:fpMin() missing 1 required positional argument: 'b'
INFO:root:fpMin() missing 1 required positional argument: 'b'
INFO:root:fpMin() missing 1 required positional argument: 'b'
INFO:root:fpMin() missing 1 required positional argument: 'b'
INFO:root:fpMin() missing 1 required positional argument: 'b'
INFO:root:fpMin() missing 1 required positional argument: 'b'
INFO:root:fpMin() missing 1 required positional argument: 'b'
INFO:root:fpMin() missing 1 required positional argument: 'b'
INFO:root:fpMin() missing 1 required positional argument: 'b'
INFO:root:fpMin() missing 1 required positional argument: 'b'
INFO:root:fpMin() missing 1 required positional argument: 'b'
INFO:root:fpMin() missing 1 required positional argument: 'b'
INFO:root:fpMin() missing 1 required positional argument: 'b'
INFO:root:fpMin() missing 1 required positional argument: 'b'
INFO:root:fpMin() missing 1 required positional argument: 'b'
INFO:root:fpMin() missing 1 required positional argument: 'b'
INFO:root:fpMin() missing 1 required positional argument: 'b'
INFO:root:fpMin() missing 1 required positional argument: 'b'
INFO:root:fpMin() missing 1 required positional argument: 'b'
INFO:__main__:used memory: 105 M
INFO:__main__:FuncIndex is 1363, time overhead is 475.75401520729065
INFO:root:b'Sorts (_ BitVec 32) and (_ BitVec 64) are incompatible'
INFO:__main__:used memory: 0 M
INFO:__main__:FuncIndex is 1364, time overhead is 0.06339621543884277
INFO:__main__:used memory: 0 M
INFO:__main__:FuncIndex is 1365, time overhead is 0.03393721580505371
INFO:__main__:used memory: 0 M
INFO:__main__:FuncIndex is 1366, time overhead is 0.03273153305053711
INFO:__main__:used memory: 0 M
INFO:__main__:FuncIndex is 1367, time overhead is 0.03346848487854004
INFO:__main__:used memory: 0 M
INFO:__main__:FuncIndex is 1368, time overhead is 0.033246755599975586
INFO:__main__:used memory: 0 M
INFO:__main__:FuncIndex is 1369, time overhead is 0.032026052474975586
INFO:__main__:used memory: 0 M
INFO:__main__:FuncIndex is 1370, time overhead is 0.03463625907897949
INFO:__main__:used memory: 0 M
INFO:__main__:FuncIndex is 1371, time overhead is 0.03338980674743652
INFO:__main__:used memory: 0 M
INFO:__main__:FuncIndex is 1372, time overhead is 0.03276634216308594
INFO:__main__:used memory: 0 M
INFO:__main__:FuncIndex is 1373, time overhead is 0.03540682792663574
INFO:root:fpMin() missing 1 required positional argument: 'b'
INFO:__main__:used memory: 0 M
INFO:__main__:FuncIndex is 1374, time overhead is 0.19998836517333984
INFO:__main__:used memory: 0 M
INFO:__main__:FuncIndex is 1375, time overhead is 0.033060550689697266
INFO:__main__:used memory: 0 M
INFO:__main__:FuncIndex is 1376, time overhead is 0.057451725006103516
INFO:__main__:used memory: -1 M
INFO:__main__:FuncIndex is 1377, time overhead is 0.12829160690307617
INFO:__main__:[exception] used memory: 0 M
INFO:__main__:[exception] FuncIndex is 1378, time overhead is 0.14994335174560547
INFO:__main__:[exception] used memory: 7 M
INFO:__main__:[exception] FuncIndex is 1379, time overhead is 17.737704277038574
INFO:__main__:used memory: 0 M
INFO:__main__:FuncIndex is 1380, time overhead is 0.29550909996032715
INFO:__main__:used memory: 0 M
INFO:__main__:FuncIndex is 1381, time overhead is 0.07961082458496094
INFO:root:b'Sorts (_ BitVec 256) and (_ BitVec 32) are incompatible'
INFO:__main__:used memory: 0 M
INFO:__main__:FuncIndex is 1382, time overhead is 0.029309511184692383
INFO:__main__:used memory: -1 M
INFO:__main__:FuncIndex is 1383, time overhead is 0.020119428634643555
INFO:__main__:used memory: 1 M
INFO:__main__:FuncIndex is 1384, time overhead is 0.165968656539917
INFO:__main__:used memory: 0 M
INFO:__main__:FuncIndex is 1385, time overhead is 0.11136364936828613
INFO:__main__:used memory: 0 M
INFO:__main__:FuncIndex is 1386, time overhead is 0.06800150871276855
INFO:__main__:used memory: 0 M
INFO:__main__:FuncIndex is 1387, time overhead is 0.05635523796081543
INFO:__main__:used memory: 0 M
INFO:__main__:FuncIndex is 1388, time overhead is 0.25519514083862305
INFO:__main__:used memory: 1 M
INFO:__main__:FuncIndex is 1389, time overhead is 0.0676567554473877
INFO:__main__:used memory: 0 M
INFO:__main__:FuncIndex is 1390, time overhead is 0.07923388481140137
INFO:__main__:used memory: 1 M
INFO:__main__:FuncIndex is 1391, time overhead is 0.05625152587890625
INFO:root:fpMin() missing 1 required positional argument: 'b'
INFO:root:fpMin() missing 1 required positional argument: 'b'
INFO:__main__:used memory: -102 M
INFO:__main__:FuncIndex is 1392, time overhead is 1.2387216091156006
INFO:__main__:used memory: 0 M
INFO:__main__:FuncIndex is 1393, time overhead is 0.04311990737915039
INFO:__main__:used memory: 0 M
INFO:__main__:FuncIndex is 1394, time overhead is 0.04120659828186035
INFO:__main__:used memory: -1 M
INFO:__main__:FuncIndex is 1395, time overhead is 0.03224897384643555
INFO:__main__:used memory: 0 M
INFO:__main__:FuncIndex is 1396, time overhead is 0.05667376518249512
INFO:__main__:used memory: 1 M
INFO:__main__:FuncIndex is 1397, time overhead is 0.06039595603942871
INFO:__main__:used memory: -1 M
INFO:__main__:FuncIndex is 1398, time overhead is 0.03832888603210449
INFO:__main__:used memory: 0 M
INFO:__main__:FuncIndex is 1399, time overhead is 0.04719662666320801
INFO:__main__:used memory: 0 M
INFO:__main__:FuncIndex is 1400, time overhead is 0.08520913124084473
INFO:__main__:used memory: 0 M
INFO:__main__:FuncIndex is 1401, time overhead is 0.05004143714904785
INFO:__main__:used memory: 0 M
INFO:__main__:FuncIndex is 1402, time overhead is 0.0358889102935791
INFO:root:fpMin() missing 1 required positional argument: 'b'
INFO:__main__:used memory: 0 M
INFO:__main__:FuncIndex is 1403, time overhead is 0.18863964080810547
INFO:__main__:used memory: 0 M
INFO:__main__:FuncIndex is 1404, time overhead is 0.03761625289916992
INFO:__main__:used memory: 0 M
INFO:__main__:FuncIndex is 1405, time overhead is 0.034236907958984375
INFO:__main__:used memory: 0 M
INFO:__main__:FuncIndex is 1406, time overhead is 0.04409384727478027
INFO:__main__:used memory: 0 M
INFO:__main__:FuncIndex is 1407, time overhead is 0.056752920150756836
INFO:__main__:used memory: 0 M
INFO:__main__:FuncIndex is 1408, time overhead is 0.09874105453491211
INFO:__main__:used memory: 1 M
INFO:__main__:FuncIndex is 1409, time overhead is 0.026440858840942383
INFO:__main__:used memory: -1 M
INFO:__main__:FuncIndex is 1410, time overhead is 0.025136709213256836
INFO:__main__:used memory: 0 M
INFO:__main__:FuncIndex is 1411, time overhead is 0.020076990127563477
INFO:__main__:used memory: 0 M
INFO:__main__:FuncIndex is 1412, time overhead is 0.026302099227905273
INFO:__main__:used memory: 0 M
INFO:__main__:FuncIndex is 1413, time overhead is 0.02654862403869629
INFO:root:fpMin() missing 1 required positional argument: 'b'
INFO:__main__:used memory: -1 M
INFO:__main__:FuncIndex is 1414, time overhead is 0.5149948596954346
INFO:__main__:used memory: 0 M
INFO:__main__:FuncIndex is 1415, time overhead is 0.027960777282714844
INFO:__main__:used memory: 0 M
INFO:__main__:FuncIndex is 1416, time overhead is 0.024150609970092773
INFO:__main__:used memory: 0 M
INFO:__main__:FuncIndex is 1417, time overhead is 0.023797988891601562
INFO:__main__:used memory: -1 M
INFO:__main__:FuncIndex is 1418, time overhead is 0.024738550186157227
INFO:__main__:used memory: 0 M
INFO:__main__:FuncIndex is 1419, time overhead is 0.058226823806762695
INFO:root:Value cannot be converted into a Z3 Boolean value
INFO:__main__:used memory: 0 M
INFO:__main__:FuncIndex is 1420, time overhead is 0.09019947052001953
INFO:__main__:used memory: 1 M
INFO:__main__:FuncIndex is 1421, time overhead is 0.02399301528930664
INFO:__main__:used memory: 0 M
INFO:__main__:FuncIndex is 1422, time overhead is 0.04331636428833008
INFO:__main__:used memory: 0 M
INFO:__main__:FuncIndex is 1423, time overhead is 0.04320096969604492
INFO:root:fpMin() missing 1 required positional argument: 'b'
INFO:root:fpMin() missing 1 required positional argument: 'b'
INFO:__main__:used memory: -1 M
INFO:__main__:FuncIndex is 1424, time overhead is 0.34996843338012695
INFO:__main__:used memory: 0 M
INFO:__main__:FuncIndex is 1425, time overhead is 0.03918623924255371
INFO:__main__:used memory: 1 M
INFO:__main__:FuncIndex is 1426, time overhead is 0.1090700626373291
INFO:__main__:used memory: -1 M
INFO:__main__:FuncIndex is 1427, time overhead is 3.8429677486419678
INFO:__main__:used memory: 0 M
INFO:__main__:FuncIndex is 1428, time overhead is 0.04254412651062012
INFO:__main__:used memory: 1 M
INFO:__main__:FuncIndex is 1429, time overhead is 0.22913694381713867
INFO:__main__:used memory: 0 M
INFO:__main__:FuncIndex is 1430, time overhead is 0.09454226493835449
INFO:__main__:used memory: 0 M
INFO:__main__:FuncIndex is 1431, time overhead is 0.1012728214263916
INFO:root:unsupport call_indirect now
INFO:__main__:used memory: -1 M
INFO:__main__:FuncIndex is 1432, time overhead is 0.5987205505371094
INFO:root:fpMin() missing 1 required positional argument: 'b'
INFO:root:fpMin() missing 1 required positional argument: 'b'
INFO:__main__:used memory: 0 M
INFO:__main__:FuncIndex is 1433, time overhead is 0.832221269607544
INFO:__main__:used memory: 0 M
INFO:__main__:FuncIndex is 1434, time overhead is 0.08623290061950684
INFO:__main__:[exception] used memory: 1 M
INFO:__main__:[exception] FuncIndex is 1435, time overhead is 0.3835291862487793
INFO:__main__:used memory: -1 M
INFO:__main__:FuncIndex is 1436, time overhead is 0.6253995895385742
INFO:root:unsupport call_indirect now
INFO:__main__:[exception] used memory: 1 M
INFO:__main__:[exception] FuncIndex is 1437, time overhead is 91.68269085884094
INFO:__main__:used memory: 1 M
INFO:__main__:FuncIndex is 1438, time overhead is 0.05511164665222168
INFO:__main__:used memory: 0 M
INFO:__main__:FuncIndex is 1439, time overhead is 0.02698993682861328
INFO:root:unsupport call_indirect now
INFO:root:unsupport call_indirect now
INFO:__main__:used memory: 0 M
INFO:__main__:FuncIndex is 1440, time overhead is 0.31317901611328125
INFO:__main__:used memory: 0 M
INFO:__main__:FuncIndex is 1441, time overhead is 0.2334427833557129
INFO:__main__:used memory: 0 M
INFO:__main__:FuncIndex is 1442, time overhead is 0.5424072742462158
INFO:__main__:[exception] used memory: 0 M
INFO:__main__:[exception] FuncIndex is 1443, time overhead is 0.0022084712982177734
INFO:__main__:[exception] used memory: 0 M
INFO:__main__:[exception] FuncIndex is 1444, time overhead is 0.3270878791809082
INFO:__main__:used memory: 0 M
INFO:__main__:FuncIndex is 1445, time overhead is 0.4102778434753418
INFO:root:
INFO:root:
INFO:__main__:used memory: -2 M
INFO:__main__:FuncIndex is 1446, time overhead is 0.6745314598083496
INFO:__main__:[exception] used memory: 0 M
INFO:__main__:[exception] FuncIndex is 1447, time overhead is 96.07967114448547
INFO:__main__:used memory: 2 M
INFO:__main__:FuncIndex is 1448, time overhead is 5.187301874160767
INFO:__main__:[exception] used memory: 0 M
INFO:__main__:[exception] FuncIndex is 1449, time overhead is 0.003304004669189453
INFO:__main__:used memory: 0 M
INFO:__main__:FuncIndex is 1450, time overhead is 0.09278607368469238
INFO:__main__:used memory: -2 M
INFO:__main__:FuncIndex is 1451, time overhead is 1.8544981479644775
INFO:__main__:used memory: 0 M
INFO:__main__:FuncIndex is 1452, time overhead is 0.049689531326293945
INFO:__main__:used memory: 1 M
INFO:__main__:FuncIndex is 1453, time overhead is 0.054814815521240234
INFO:__main__:used memory: 1 M
INFO:__main__:FuncIndex is 1454, time overhead is 7.527672052383423
INFO:__main__:used memory: 0 M
INFO:__main__:FuncIndex is 1455, time overhead is 0.06783199310302734
INFO:__main__:used memory: 0 M
INFO:__main__:FuncIndex is 1456, time overhead is 0.10600399971008301
INFO:__main__:used memory: 0 M
INFO:__main__:FuncIndex is 1457, time overhead is 0.24714231491088867
INFO:__main__:used memory: 0 M
INFO:__main__:FuncIndex is 1458, time overhead is 0.030269145965576172
INFO:__main__:used memory: 0 M
INFO:__main__:FuncIndex is 1459, time overhead is 0.0826714038848877
INFO:__main__:used memory: 0 M
INFO:__main__:FuncIndex is 1460, time overhead is 1.508786678314209
INFO:__main__:used memory: 29 M
INFO:__main__:FuncIndex is 1461, time overhead is 31.177149772644043
INFO:__main__:used memory: 0 M
INFO:__main__:FuncIndex is 1462, time overhead is 0.15627574920654297
INFO:__main__:used memory: -26 M
INFO:__main__:FuncIndex is 1463, time overhead is 1.701211929321289
INFO:__main__:used memory: -2 M
INFO:__main__:FuncIndex is 1464, time overhead is 6.259578704833984
INFO:__main__:[exception] used memory: 0 M
INFO:__main__:[exception] FuncIndex is 1465, time overhead is 0.0052318572998046875
INFO:__main__:[exception] used memory: 0 M
INFO:__main__:[exception] FuncIndex is 1466, time overhead is 0.042255401611328125
INFO:__main__:used memory: -1 M
INFO:__main__:FuncIndex is 1467, time overhead is 0.1480417251586914
INFO:__main__:used memory: 0 M
INFO:__main__:FuncIndex is 1468, time overhead is 0.28914928436279297
INFO:__main__:used memory: 0 M
INFO:__main__:FuncIndex is 1469, time overhead is 0.2748126983642578
INFO:__main__:used memory: -1 M
INFO:__main__:FuncIndex is 1470, time overhead is 0.27510809898376465
INFO:__main__:used memory: 1 M
INFO:__main__:FuncIndex is 1471, time overhead is 0.2902343273162842
INFO:__main__:used memory: -1 M
INFO:__main__:FuncIndex is 1472, time overhead is 0.3636434078216553
INFO:__main__:used memory: 0 M
INFO:__main__:FuncIndex is 1473, time overhead is 0.06668782234191895
INFO:__main__:used memory: 0 M
INFO:__main__:FuncIndex is 1474, time overhead is 0.8491287231445312
INFO:__main__:[exception] used memory: 0 M
INFO:__main__:[exception] FuncIndex is 1475, time overhead is 0.06393766403198242
INFO:__main__:used memory: 0 M
INFO:__main__:FuncIndex is 1476, time overhead is 0.17447686195373535
INFO:root:b'Argument (bvand #x0000000000000000 #x00000000ffffffff) at position 1 does not match declaration (declare-fun bvsle ((_ BitVec 32) (_ BitVec 32)) Bool)'
INFO:__main__:[exception] used memory: 0 M
INFO:__main__:[exception] FuncIndex is 1477, time overhead is 0.28516411781311035
INFO:__main__:used memory: 0 M
INFO:__main__:FuncIndex is 1478, time overhead is 0.07341885566711426
INFO:__main__:[exception] used memory: 0 M
INFO:__main__:[exception] FuncIndex is 1479, time overhead is 2.6429429054260254
INFO:__main__:used memory: 0 M
INFO:__main__:FuncIndex is 1480, time overhead is 0.07399272918701172
INFO:__main__:used memory: 0 M
INFO:__main__:FuncIndex is 1481, time overhead is 0.07361078262329102
INFO:__main__:used memory: 0 M
INFO:__main__:FuncIndex is 1482, time overhead is 0.062103271484375
INFO:__main__:used memory: 0 M
INFO:__main__:FuncIndex is 1483, time overhead is 0.08099818229675293
INFO:__main__:used memory: 0 M
INFO:__main__:FuncIndex is 1484, time overhead is 0.08249402046203613
INFO:__main__:used memory: -1 M
INFO:__main__:FuncIndex is 1485, time overhead is 0.02339911460876465
INFO:__main__:used memory: 1 M
INFO:__main__:FuncIndex is 1486, time overhead is 5.613599061965942
INFO:__main__:[exception] used memory: 0 M
INFO:__main__:[exception] FuncIndex is 1487, time overhead is 0.00341033935546875
INFO:__main__:used memory: 0 M
INFO:__main__:FuncIndex is 1488, time overhead is 0.09022307395935059
INFO:root:
INFO:__main__:used memory: 0 M
INFO:__main__:FuncIndex is 1489, time overhead is 0.054825782775878906
INFO:__main__:[exception] used memory: 0 M
INFO:__main__:[exception] FuncIndex is 1490, time overhead is 92.6638114452362
INFO:__main__:[exception] used memory: 0 M
INFO:__main__:[exception] FuncIndex is 1491, time overhead is 152.2145872116089
INFO:__main__:[exception] used memory: 0 M
INFO:__main__:[exception] FuncIndex is 1492, time overhead is 0.6855645179748535
INFO:__main__:used memory: 0 M
INFO:__main__:FuncIndex is 1493, time overhead is 0.5918393135070801
INFO:root:unsupport call_indirect now
INFO:__main__:used memory: 1 M
INFO:__main__:FuncIndex is 1494, time overhead is 0.4116940498352051
INFO:__main__:used memory: 0 M
INFO:__main__:FuncIndex is 1495, time overhead is 0.21048355102539062
INFO:__main__:used memory: 0 M
INFO:__main__:FuncIndex is 1496, time overhead is 0.0819387435913086
INFO:__main__:used memory: 0 M
INFO:__main__:FuncIndex is 1497, time overhead is 0.04410052299499512
INFO:__main__:used memory: 0 M
INFO:__main__:FuncIndex is 1498, time overhead is 0.041979312896728516
INFO:__main__:[exception] used memory: 0 M
INFO:__main__:[exception] FuncIndex is 1499, time overhead is 0.20015406608581543
INFO:__main__:[exception] used memory: 0 M
INFO:__main__:[exception] FuncIndex is 1500, time overhead is 0.20043253898620605
INFO:__main__:used memory: 0 M
INFO:__main__:FuncIndex is 1501, time overhead is 0.12180089950561523
INFO:__main__:used memory: 0 M
INFO:__main__:FuncIndex is 1502, time overhead is 0.1273343563079834
INFO:__main__:used memory: 0 M
INFO:__main__:FuncIndex is 1503, time overhead is 0.03865528106689453
INFO:__main__:used memory: 0 M
INFO:__main__:FuncIndex is 1504, time overhead is 0.820615291595459
INFO:__main__:used memory: 0 M
INFO:__main__:FuncIndex is 1505, time overhead is 0.2971479892730713
INFO:__main__:used memory: 0 M
INFO:__main__:FuncIndex is 1506, time overhead is 0.22752070426940918
INFO:__main__:used memory: 0 M
INFO:__main__:FuncIndex is 1507, time overhead is 0.03757476806640625
INFO:__main__:used memory: 0 M
INFO:__main__:FuncIndex is 1508, time overhead is 0.536160945892334
INFO:root:
INFO:__main__:used memory: 0 M
INFO:__main__:FuncIndex is 1509, time overhead is 0.04119682312011719
INFO:__main__:used memory: 0 M
INFO:__main__:FuncIndex is 1510, time overhead is 0.0985863208770752
INFO:root:
INFO:__main__:used memory: 0 M
INFO:__main__:FuncIndex is 1511, time overhead is 0.055463552474975586
INFO:__main__:used memory: 0 M
INFO:__main__:FuncIndex is 1512, time overhead is 0.0518803596496582
INFO:__main__:used memory: 0 M
INFO:__main__:FuncIndex is 1513, time overhead is 0.07602596282958984
INFO:__main__:used memory: 0 M
INFO:__main__:FuncIndex is 1514, time overhead is 0.3814353942871094
INFO:__main__:used memory: 1 M
INFO:__main__:FuncIndex is 1515, time overhead is 0.6858375072479248
INFO:root:
INFO:__main__:used memory: -1 M
INFO:__main__:FuncIndex is 1516, time overhead is 0.14252495765686035
INFO:__main__:used memory: 1 M
INFO:__main__:FuncIndex is 1517, time overhead is 0.07833719253540039
INFO:__main__:used memory: -1 M
INFO:__main__:FuncIndex is 1518, time overhead is 0.045953989028930664
INFO:root:First argument must be a Z3 bit-vector expression
INFO:root:First argument must be a Z3 bit-vector expression
INFO:__main__:used memory: 1 M
INFO:__main__:FuncIndex is 1519, time overhead is 0.6420390605926514
INFO:__main__:used memory: -1 M
INFO:__main__:FuncIndex is 1520, time overhead is 0.1398334503173828
INFO:__main__:used memory: 1 M
INFO:__main__:FuncIndex is 1521, time overhead is 0.035826921463012695
INFO:__main__:used memory: 1 M
INFO:__main__:FuncIndex is 1522, time overhead is 0.06991028785705566
INFO:__main__:used memory: -1 M
INFO:__main__:FuncIndex is 1523, time overhead is 0.13461041450500488
INFO:__main__:used memory: -2 M
INFO:__main__:FuncIndex is 1524, time overhead is 0.17738795280456543
INFO:__main__:[exception] used memory: 0 M
INFO:__main__:[exception] FuncIndex is 1525, time overhead is 0.15883445739746094
INFO:__main__:used memory: 0 M
INFO:__main__:FuncIndex is 1526, time overhead is 0.6232905387878418
INFO:__main__:used memory: 0 M
INFO:__main__:FuncIndex is 1527, time overhead is 0.6359286308288574
INFO:__main__:used memory: 0 M
INFO:__main__:FuncIndex is 1528, time overhead is 0.06391048431396484
INFO:__main__:used memory: 0 M
INFO:__main__:FuncIndex is 1529, time overhead is 0.38219523429870605
INFO:__main__:[exception] used memory: 5 M
INFO:__main__:[exception] FuncIndex is 1530, time overhead is 118.29015398025513
INFO:__main__:[exception] used memory: 0 M
INFO:__main__:[exception] FuncIndex is 1531, time overhead is 0.0010802745819091797
INFO:__main__:[exception] used memory: 0 M
INFO:__main__:[exception] FuncIndex is 1532, time overhead is 0.027054786682128906
INFO:root:
INFO:__main__:used memory: 0 M
INFO:__main__:FuncIndex is 1533, time overhead is 0.12691283226013184
INFO:__main__:[exception] used memory: 0 M
INFO:__main__:[exception] FuncIndex is 1534, time overhead is 0.04331159591674805
INFO:__main__:used memory: 0 M
INFO:__main__:FuncIndex is 1535, time overhead is 0.33330702781677246
INFO:__main__:used memory: 1 M
INFO:__main__:FuncIndex is 1536, time overhead is 0.0697939395904541
INFO:__main__:used memory: -1 M
INFO:__main__:FuncIndex is 1537, time overhead is 0.14069700241088867
INFO:__main__:used memory: 1 M
INFO:__main__:FuncIndex is 1538, time overhead is 0.22150731086730957
INFO:__main__:used memory: -1 M
INFO:__main__:FuncIndex is 1539, time overhead is 0.28394556045532227
INFO:__main__:used memory: 0 M
INFO:__main__:FuncIndex is 1540, time overhead is 0.1761932373046875
INFO:__main__:used memory: 0 M
INFO:__main__:FuncIndex is 1541, time overhead is 1.815277338027954
INFO:__main__:used memory: 0 M
INFO:__main__:FuncIndex is 1542, time overhead is 0.08144712448120117
INFO:__main__:used memory: 0 M
INFO:__main__:FuncIndex is 1543, time overhead is 0.39316773414611816
INFO:__main__:used memory: 0 M
INFO:__main__:FuncIndex is 1544, time overhead is 0.04653143882751465
INFO:__main__:used memory: 0 M
INFO:__main__:FuncIndex is 1545, time overhead is 0.0381619930267334
INFO:__main__:used memory: 0 M
INFO:__main__:FuncIndex is 1546, time overhead is 0.02001643180847168
INFO:__main__:used memory: 1 M
INFO:__main__:FuncIndex is 1547, time overhead is 0.019611358642578125
INFO:__main__:used memory: 0 M
INFO:__main__:FuncIndex is 1548, time overhead is 0.019224882125854492
INFO:__main__:used memory: -1 M
INFO:__main__:FuncIndex is 1549, time overhead is 1.0483736991882324
INFO:__main__:[exception] used memory: 1 M
INFO:__main__:[exception] FuncIndex is 1550, time overhead is 6.892332315444946
INFO:__main__:used memory: 0 M
INFO:__main__:FuncIndex is 1551, time overhead is 0.25011444091796875
INFO:__main__:used memory: 0 M
INFO:__main__:FuncIndex is 1552, time overhead is 0.14711999893188477
INFO:__main__:used memory: 0 M
INFO:__main__:FuncIndex is 1553, time overhead is 0.21527910232543945
INFO:__main__:used memory: 0 M
INFO:__main__:FuncIndex is 1554, time overhead is 0.09981083869934082
INFO:root:b'Sorts (_ BitVec 256) and (_ BitVec 32) are incompatible'
INFO:__main__:used memory: 0 M
INFO:__main__:FuncIndex is 1555, time overhead is 0.035242319107055664
INFO:__main__:used memory: 1 M
INFO:__main__:FuncIndex is 1556, time overhead is 1.9490618705749512
INFO:__main__:used memory: -2 M
INFO:__main__:FuncIndex is 1557, time overhead is 27.98635745048523
INFO:__main__:used memory: 0 M
INFO:__main__:FuncIndex is 1558, time overhead is 0.12814688682556152
INFO:__main__:used memory: 0 M
INFO:__main__:FuncIndex is 1559, time overhead is 0.09913921356201172
INFO:__main__:used memory: 0 M
INFO:__main__:FuncIndex is 1560, time overhead is 0.04854702949523926
INFO:__main__:used memory: 64 M
INFO:__main__:FuncIndex is 1561, time overhead is 55.45392942428589
INFO:__main__:used memory: -18 M
INFO:__main__:FuncIndex is 1562, time overhead is 9.587517738342285
INFO:__main__:used memory: -4 M
INFO:__main__:FuncIndex is 1563, time overhead is 75.12930655479431
INFO:__main__:used memory: 0 M
INFO:__main__:FuncIndex is 1564, time overhead is 0.11181879043579102
INFO:__main__:[exception] used memory: 0 M
INFO:__main__:[exception] FuncIndex is 1565, time overhead is 0.5024421215057373
INFO:__main__:used memory: 2 M
INFO:__main__:FuncIndex is 1566, time overhead is 0.8406944274902344
INFO:__main__:[exception] used memory: 0 M
INFO:__main__:[exception] FuncIndex is 1567, time overhead is 0.7618246078491211
INFO:__main__:used memory: 1 M
INFO:__main__:FuncIndex is 1568, time overhead is 0.1476752758026123
INFO:__main__:used memory: 1 M
INFO:__main__:FuncIndex is 1569, time overhead is 0.07248353958129883
INFO:__main__:used memory: 5 M
INFO:__main__:FuncIndex is 1570, time overhead is 42.34512519836426
INFO:__main__:used memory: 0 M
INFO:__main__:FuncIndex is 1571, time overhead is 0.07151508331298828
INFO:__main__:used memory: -35 M
INFO:__main__:FuncIndex is 1572, time overhead is 1.0525805950164795
INFO:__main__:used memory: 0 M
INFO:__main__:FuncIndex is 1573, time overhead is 0.3595428466796875
INFO:__main__:[exception] used memory: 0 M
INFO:__main__:[exception] FuncIndex is 1574, time overhead is 11.942772150039673
INFO:__main__:used memory: 0 M
INFO:__main__:FuncIndex is 1575, time overhead is 0.5306990146636963
INFO:__main__:used memory: 0 M
INFO:__main__:FuncIndex is 1576, time overhead is 0.0556178092956543
INFO:__main__:[exception] used memory: -1 M
INFO:__main__:[exception] FuncIndex is 1577, time overhead is 2.7729287147521973
INFO:__main__:used memory: -5 M
INFO:__main__:FuncIndex is 1578, time overhead is 1.953615427017212
INFO:__main__:[exception] used memory: 1 M
INFO:__main__:[exception] FuncIndex is 1579, time overhead is 0.11579036712646484
INFO:__main__:used memory: -1 M
INFO:__main__:FuncIndex is 1580, time overhead is 0.09511089324951172
INFO:__main__:used memory: 515 M
INFO:__main__:FuncIndex is 1581, time overhead is 133.92713499069214
INFO:__main__:used memory: 0 M
INFO:__main__:FuncIndex is 1582, time overhead is 0.4633486270904541
INFO:__main__:used memory: 1 M
INFO:__main__:FuncIndex is 1583, time overhead is 0.12590670585632324
INFO:__main__:used memory: -1 M
INFO:__main__:FuncIndex is 1584, time overhead is 0.10029125213623047
INFO:__main__:[exception] used memory: 0 M
INFO:__main__:[exception] FuncIndex is 1585, time overhead is 0.8773667812347412
INFO:root:unsupport call_indirect now
INFO:root:unsupport call_indirect now
INFO:root:unsupport call_indirect now
INFO:root:unsupport call_indirect now
INFO:root:unsupport call_indirect now
INFO:root:unsupport call_indirect now
INFO:root:b'Argument (bvand #xffffffffffffffff #x00000000ffffffff) at position 1 does not match declaration (declare-fun bvsge ((_ BitVec 32) (_ BitVec 32)) Bool)'
INFO:__main__:[exception] used memory: 0 M
INFO:__main__:[exception] FuncIndex is 1586, time overhead is 6.173094034194946
INFO:__main__:used memory: 0 M
INFO:__main__:FuncIndex is 1587, time overhead is 0.03937697410583496
INFO:__main__:used memory: 0 M
INFO:__main__:FuncIndex is 1588, time overhead is 0.0678400993347168
INFO:__main__:used memory: 0 M
INFO:__main__:FuncIndex is 1589, time overhead is 0.47794556617736816
INFO:__main__:used memory: -488 M
INFO:__main__:FuncIndex is 1590, time overhead is 25.09026026725769
INFO:__main__:used memory: 1 M
INFO:__main__:FuncIndex is 1591, time overhead is 0.10183072090148926
INFO:__main__:used memory: -2 M
INFO:__main__:FuncIndex is 1592, time overhead is 0.4063076972961426
INFO:__main__:used memory: 0 M
INFO:__main__:FuncIndex is 1593, time overhead is 0.06561279296875
INFO:__main__:[exception] used memory: 0 M
INFO:__main__:[exception] FuncIndex is 1594, time overhead is 0.18140578269958496
INFO:__main__:used memory: 868 M
INFO:__main__:FuncIndex is 1595, time overhead is 572.9880046844482
INFO:__main__:used memory: -1 M
INFO:__main__:FuncIndex is 1596, time overhead is 0.8652172088623047
INFO:__main__:used memory: 1 M
INFO:__main__:FuncIndex is 1597, time overhead is 0.37109851837158203
INFO:__main__:used memory: 1 M
INFO:__main__:FuncIndex is 1598, time overhead is 0.37980008125305176
INFO:__main__:used memory: -1 M
INFO:__main__:FuncIndex is 1599, time overhead is 0.0507047176361084
INFO:__main__:used memory: 0 M
INFO:__main__:FuncIndex is 1600, time overhead is 0.05247902870178223
INFO:__main__:All time: 2996.568680047989
