INFO:root:reached unreachable
INFO:root:reached unreachable
INFO:root:reached unreachable
INFO:root:reached unreachable
INFO:root:reached unreachable
INFO:__main__:[exception] used memory: 7 M
INFO:__main__:[exception] FuncIndex is 0, time overhead is 0.6765587329864502
INFO:root:reached unreachable
INFO:root:reached unreachable
INFO:root:reached unreachable
INFO:root:reached unreachable
INFO:root:reached unreachable
INFO:__main__:[exception] used memory: 0 M
INFO:__main__:[exception] FuncIndex is 1, time overhead is 0.749640941619873
INFO:root:reached unreachable
INFO:root:reached unreachable
INFO:root:reached unreachable
INFO:root:reached unreachable
INFO:root:reached unreachable
INFO:__main__:[exception] used memory: 0 M
INFO:__main__:[exception] FuncIndex is 2, time overhead is 0.851071834564209
INFO:root:reached unreachable
INFO:__main__:used memory: 3 M
INFO:__main__:FuncIndex is 3, time overhead is 0.17740988731384277
INFO:root:unsupport call_indirect now
INFO:__main__:used memory: 0 M
INFO:__main__:FuncIndex is 4, time overhead is 0.10500836372375488
INFO:__main__:used memory: 2 M
INFO:__main__:FuncIndex is 5, time overhead is 0.3126716613769531
INFO:root:reached unreachable
INFO:root:reached unreachable
INFO:root:reached unreachable
INFO:root:reached unreachable
INFO:root:reached unreachable
INFO:root:reached unreachable
INFO:root:reached unreachable
INFO:root:reached unreachable
INFO:root:reached unreachable
INFO:root:reached unreachable
INFO:root:reached unreachable
INFO:root:reached unreachable
INFO:root:reached unreachable
INFO:root:reached unreachable
INFO:root:reached unreachable
INFO:root:reached unreachable
INFO:root:reached unreachable
INFO:root:reached unreachable
INFO:root:reached unreachable
INFO:root:reached unreachable
INFO:root:reached unreachable
INFO:root:reached unreachable
INFO:root:reached unreachable
INFO:root:reached unreachable
INFO:root:reached unreachable
INFO:root:reached unreachable
INFO:root:reached unreachable
INFO:__main__:used memory: 221 M
INFO:__main__:FuncIndex is 6, time overhead is 70.35492992401123
INFO:root:unsupport call_indirect now
INFO:root:unsupport call_indirect now
INFO:root:unsupport call_indirect now
INFO:root:unsupport call_indirect now
INFO:root:unsupport call_indirect now
INFO:root:unsupport call_indirect now
INFO:root:unsupport call_indirect now
INFO:root:unsupport call_indirect now
INFO:root:unsupport call_indirect now
INFO:root:unsupport call_indirect now
INFO:root:unsupport call_indirect now
INFO:root:unsupport call_indirect now
INFO:root:unsupport call_indirect now
INFO:root:unsupport call_indirect now
INFO:root:unsupport call_indirect now
INFO:root:unsupport call_indirect now
INFO:root:unsupport call_indirect now
INFO:root:unsupport call_indirect now
INFO:root:unsupport call_indirect now
INFO:root:unsupport call_indirect now
INFO:root:unsupport call_indirect now
INFO:__main__:used memory: -94 M
INFO:__main__:FuncIndex is 7, time overhead is 13.93875503540039
INFO:root:unsupport call_indirect now
INFO:root:unsupport call_indirect now
INFO:root:unsupport call_indirect now
INFO:root:unsupport call_indirect now
INFO:root:unsupport call_indirect now
INFO:root:unsupport call_indirect now
INFO:root:unsupport call_indirect now
INFO:root:unsupport call_indirect now
INFO:__main__:used memory: -68 M
INFO:__main__:FuncIndex is 8, time overhead is 0.9278426170349121
INFO:root:unsupport call_indirect now
INFO:__main__:used memory: -2 M
INFO:__main__:FuncIndex is 9, time overhead is 0.0441739559173584
INFO:root:unsupport call_indirect now
INFO:root:unsupport call_indirect now
INFO:root:unsupport call_indirect now
INFO:root:unsupport call_indirect now
INFO:root:unsupport call_indirect now
INFO:root:unsupport call_indirect now
INFO:root:unsupport call_indirect now
INFO:root:unsupport call_indirect now
INFO:root:unsupport call_indirect now
INFO:root:unsupport call_indirect now
INFO:root:unsupport call_indirect now
INFO:root:unsupport call_indirect now
INFO:root:unsupport call_indirect now
INFO:root:unsupport call_indirect now
INFO:root:unsupport call_indirect now
INFO:root:unsupport call_indirect now
INFO:__main__:used memory: -10 M
INFO:__main__:FuncIndex is 10, time overhead is 13.924128770828247
INFO:root:reached unreachable
INFO:root:First argument must be a Z3 bit-vector expression
INFO:root:reached unreachable
INFO:__main__:used memory: 0 M
INFO:__main__:FuncIndex is 11, time overhead is 0.10378456115722656
INFO:root:reached unreachable
INFO:root:reached unreachable
INFO:root:reached unreachable
INFO:root:reached unreachable
INFO:root:reached unreachable
INFO:root:reached unreachable
INFO:root:reached unreachable
INFO:root:reached unreachable
INFO:root:reached unreachable
INFO:root:reached unreachable
INFO:root:reached unreachable
INFO:__main__:used memory: 90 M
INFO:__main__:FuncIndex is 12, time overhead is 32.511860847473145
INFO:__main__:used memory: 5 M
INFO:__main__:FuncIndex is 13, time overhead is 1.3759069442749023
INFO:root:
INFO:root:reached unreachable
INFO:root:reached unreachable
INFO:__main__:used memory: 1 M
INFO:__main__:FuncIndex is 14, time overhead is 0.08855152130126953
INFO:root:b'Sorts (_ BitVec 32) and (_ BitVec 64) are incompatible'
INFO:__main__:used memory: 0 M
INFO:__main__:FuncIndex is 15, time overhead is 0.030869245529174805
INFO:__main__:used memory: 1 M
INFO:__main__:FuncIndex is 16, time overhead is 0.11795973777770996
INFO:root:unsupport call_indirect now
INFO:__main__:used memory: 0 M
INFO:__main__:FuncIndex is 17, time overhead is 0.05009150505065918
INFO:__main__:used memory: 4 M
INFO:__main__:FuncIndex is 18, time overhead is 0.25226879119873047
INFO:root:reached unreachable
INFO:root:reached unreachable
INFO:__main__:used memory: 2 M
INFO:__main__:FuncIndex is 19, time overhead is 0.3532850742340088
INFO:__main__:used memory: 3 M
INFO:__main__:FuncIndex is 20, time overhead is 0.4496636390686035
INFO:__main__:used memory: 5 M
INFO:__main__:FuncIndex is 21, time overhead is 0.4922018051147461
INFO:root:reached unreachable
INFO:root:reached unreachable
INFO:root:reached unreachable
INFO:root:reached unreachable
INFO:root:reached unreachable
INFO:__main__:used memory: 3 M
INFO:__main__:FuncIndex is 22, time overhead is 1.7402026653289795
INFO:root:reached unreachable
INFO:__main__:used memory: 3 M
INFO:__main__:FuncIndex is 23, time overhead is 0.3584160804748535
INFO:__main__:used memory: 0 M
INFO:__main__:FuncIndex is 24, time overhead is 3.1056740283966064
INFO:__main__:used memory: 0 M
INFO:__main__:FuncIndex is 25, time overhead is 0.32610201835632324
INFO:__main__:used memory: 2 M
INFO:__main__:FuncIndex is 26, time overhead is 0.8207237720489502
INFO:root:reached unreachable
INFO:root:reached unreachable
INFO:__main__:used memory: 1 M
INFO:__main__:FuncIndex is 27, time overhead is 0.14255237579345703
INFO:__main__:used memory: 2 M
INFO:__main__:FuncIndex is 28, time overhead is 0.8267405033111572
INFO:__main__:used memory: 1 M
INFO:__main__:FuncIndex is 29, time overhead is 0.15856027603149414
INFO:root:reached unreachable
INFO:__main__:used memory: -88 M
INFO:__main__:FuncIndex is 30, time overhead is 0.7983777523040771
INFO:__main__:used memory: -2 M
INFO:__main__:FuncIndex is 31, time overhead is 0.24773812294006348
INFO:__main__:used memory: 0 M
INFO:__main__:FuncIndex is 32, time overhead is 0.791191577911377
INFO:__main__:used memory: 0 M
INFO:__main__:FuncIndex is 33, time overhead is 0.7999734878540039
INFO:__main__:used memory: -1 M
INFO:__main__:FuncIndex is 34, time overhead is 0.05901527404785156
INFO:__main__:used memory: 0 M
INFO:__main__:FuncIndex is 35, time overhead is 0.4633796215057373
INFO:root:reached unreachable
INFO:__main__:used memory: 0 M
INFO:__main__:FuncIndex is 36, time overhead is 0.18632054328918457
INFO:root:reached unreachable
INFO:__main__:used memory: 0 M
INFO:__main__:FuncIndex is 37, time overhead is 0.18747305870056152
INFO:root:unsupport call_indirect now
INFO:__main__:used memory: 0 M
INFO:__main__:FuncIndex is 38, time overhead is 0.05995893478393555
INFO:root:reached unreachable
INFO:__main__:used memory: 0 M
INFO:__main__:FuncIndex is 39, time overhead is 0.1854240894317627
INFO:root:reached unreachable
INFO:__main__:used memory: 0 M
INFO:__main__:FuncIndex is 40, time overhead is 0.18058228492736816
INFO:__main__:used memory: 0 M
INFO:__main__:FuncIndex is 41, time overhead is 0.08448195457458496
INFO:root:reached unreachable
INFO:__main__:used memory: 0 M
INFO:__main__:FuncIndex is 42, time overhead is 0.1871635913848877
INFO:root:reached unreachable
INFO:__main__:used memory: 0 M
INFO:__main__:FuncIndex is 43, time overhead is 0.15001535415649414
INFO:__main__:used memory: 0 M
INFO:__main__:FuncIndex is 44, time overhead is 0.16221952438354492
INFO:root:reached unreachable
INFO:root:reached unreachable
INFO:__main__:used memory: 0 M
INFO:__main__:FuncIndex is 45, time overhead is 0.11583447456359863
INFO:root:unsupport call_indirect now
INFO:root:unsupport call_indirect now
INFO:__main__:used memory: 0 M
INFO:__main__:FuncIndex is 46, time overhead is 0.07696652412414551
INFO:root:reached unreachable
INFO:__main__:used memory: 0 M
INFO:__main__:FuncIndex is 47, time overhead is 0.09939765930175781
INFO:root:reached unreachable
INFO:__main__:used memory: 0 M
INFO:__main__:FuncIndex is 48, time overhead is 0.10701990127563477
INFO:__main__:used memory: 0 M
INFO:__main__:FuncIndex is 49, time overhead is 0.1476757526397705
INFO:root:reached unreachable
INFO:root:reached unreachable
INFO:__main__:used memory: 0 M
INFO:__main__:FuncIndex is 50, time overhead is 0.0770728588104248
INFO:root:reached unreachable
INFO:__main__:used memory: 0 M
INFO:__main__:FuncIndex is 51, time overhead is 0.03393888473510742
INFO:root:reached unreachable
INFO:root:reached unreachable
INFO:__main__:used memory: 0 M
INFO:__main__:FuncIndex is 52, time overhead is 0.054450035095214844
INFO:__main__:used memory: 0 M
INFO:__main__:FuncIndex is 53, time overhead is 0.05023789405822754
INFO:__main__:used memory: 0 M
INFO:__main__:FuncIndex is 54, time overhead is 0.07587742805480957
INFO:root:unsupport call_indirect now
INFO:__main__:used memory: 0 M
INFO:__main__:FuncIndex is 55, time overhead is 0.024632930755615234
INFO:root:unsupport call_indirect now
INFO:__main__:used memory: 0 M
INFO:__main__:FuncIndex is 56, time overhead is 0.023280620574951172
INFO:__main__:used memory: 0 M
INFO:__main__:FuncIndex is 57, time overhead is 0.03388500213623047
INFO:__main__:used memory: 0 M
INFO:__main__:FuncIndex is 58, time overhead is 0.024888992309570312
INFO:__main__:used memory: 0 M
INFO:__main__:FuncIndex is 59, time overhead is 0.02645111083984375
INFO:__main__:used memory: 0 M
INFO:__main__:FuncIndex is 60, time overhead is 0.024944782257080078
INFO:__main__:used memory: 0 M
INFO:__main__:FuncIndex is 61, time overhead is 0.02494525909423828
INFO:__main__:used memory: 0 M
INFO:__main__:FuncIndex is 62, time overhead is 0.023310184478759766
INFO:root:reached unreachable
INFO:__main__:used memory: 0 M
INFO:__main__:FuncIndex is 63, time overhead is 0.02155160903930664
INFO:root:reached unreachable
INFO:__main__:used memory: 0 M
INFO:__main__:FuncIndex is 64, time overhead is 0.02031683921813965
INFO:root:reached unreachable
INFO:__main__:used memory: 0 M
INFO:__main__:FuncIndex is 65, time overhead is 0.020481348037719727
INFO:__main__:used memory: 0 M
INFO:__main__:FuncIndex is 66, time overhead is 0.01943373680114746
INFO:__main__:used memory: 0 M
INFO:__main__:FuncIndex is 67, time overhead is 0.018018722534179688
INFO:__main__:used memory: 0 M
INFO:__main__:FuncIndex is 68, time overhead is 0.018164634704589844
INFO:__main__:used memory: 0 M
INFO:__main__:FuncIndex is 69, time overhead is 0.018227338790893555
INFO:__main__:used memory: 0 M
INFO:__main__:FuncIndex is 70, time overhead is 0.01816701889038086
INFO:__main__:used memory: 0 M
INFO:__main__:FuncIndex is 71, time overhead is 0.01978302001953125
INFO:__main__:used memory: 0 M
INFO:__main__:FuncIndex is 72, time overhead is 0.01787710189819336
INFO:__main__:All time: 164.45347690582275
