INFO:__main__:used memory: 5 M
INFO:__main__:FuncIndex is 23, time overhead is 0.36619019508361816
INFO:__main__:used memory: 1 M
INFO:__main__:FuncIndex is 24, time overhead is 0.025943517684936523
INFO:__main__:used memory: 12 M
INFO:__main__:FuncIndex is 25, time overhead is 3.0772805213928223
INFO:__main__:used memory: 1 M
INFO:__main__:FuncIndex is 26, time overhead is 0.2470870018005371
INFO:__main__:used memory: 1 M
INFO:__main__:FuncIndex is 27, time overhead is 0.0628812313079834
INFO:__main__:used memory: 55 M
INFO:__main__:FuncIndex is 28, time overhead is 31.31995129585266
INFO:__main__:used memory: 0 M
INFO:__main__:FuncIndex is 29, time overhead is 0.1651158332824707
INFO:root:unsupport call_indirect now
INFO:__main__:used memory: 0 M
INFO:__main__:FuncIndex is 30, time overhead is 0.022593259811401367
INFO:root:fpSub() missing 2 required positional arguments: 'a' and 'b'
INFO:__main__:used memory: 0 M
INFO:__main__:FuncIndex is 31, time overhead is 0.05431509017944336
INFO:root:unsupport call_indirect now
INFO:__main__:used memory: 0 M
INFO:__main__:FuncIndex is 32, time overhead is 0.01921367645263672
INFO:root:b'Sorts (_ BitVec 32) and (_ BitVec 64) are incompatible'
INFO:__main__:used memory: 0 M
INFO:__main__:FuncIndex is 33, time overhead is 0.0401153564453125
INFO:__main__:used memory: 0 M
INFO:__main__:FuncIndex is 34, time overhead is 0.049373626708984375
INFO:root:unsupport call_indirect now
INFO:__main__:used memory: 0 M
INFO:__main__:FuncIndex is 35, time overhead is 0.0841062068939209
INFO:__main__:used memory: 0 M
INFO:__main__:FuncIndex is 36, time overhead is 0.25701355934143066
INFO:root:fpDiv() missing 2 required positional arguments: 'a' and 'b'
INFO:__main__:used memory: -1 M
INFO:__main__:FuncIndex is 37, time overhead is 0.021062135696411133
INFO:__main__:used memory: 1 M
INFO:__main__:FuncIndex is 38, time overhead is 0.01905536651611328
INFO:__main__:used memory: 0 M
INFO:__main__:FuncIndex is 39, time overhead is 0.019496917724609375
INFO:root:unsupport call_indirect now
INFO:__main__:used memory: 0 M
INFO:__main__:FuncIndex is 40, time overhead is 0.07438087463378906
INFO:__main__:used memory: 1 M
INFO:__main__:FuncIndex is 41, time overhead is 0.04325103759765625
INFO:__main__:used memory: 0 M
INFO:__main__:FuncIndex is 42, time overhead is 0.028739452362060547
INFO:__main__:used memory: 1 M
INFO:__main__:FuncIndex is 43, time overhead is 0.17462992668151855
INFO:root:sort mismatch
INFO:__main__:used memory: 0 M
INFO:__main__:FuncIndex is 44, time overhead is 0.028330326080322266
INFO:root:fpSub() missing 2 required positional arguments: 'a' and 'b'
INFO:__main__:used memory: 0 M
INFO:__main__:FuncIndex is 45, time overhead is 0.02497553825378418
INFO:root:fpSqrt() missing 1 required positional argument: 'a'
INFO:__main__:used memory: 5 M
INFO:__main__:FuncIndex is 46, time overhead is 0.49024319648742676
INFO:root:unsupport call_indirect now
INFO:__main__:used memory: 0 M
INFO:__main__:FuncIndex is 47, time overhead is 0.026036500930786133
INFO:root:unsupport call_indirect now
INFO:__main__:used memory: 1 M
INFO:__main__:FuncIndex is 48, time overhead is 0.029080629348754883
INFO:__main__:used memory: 0 M
INFO:__main__:FuncIndex is 49, time overhead is 0.06757521629333496
INFO:root:reached unreachable
INFO:__main__:used memory: 0 M
INFO:__main__:FuncIndex is 50, time overhead is 0.045178890228271484
INFO:root:'Context' object has no attribute 'mem'
INFO:root:'Context' object has no attribute 'mem'
INFO:root:'Context' object has no attribute 'mem'
INFO:root:'Context' object has no attribute 'mem'
INFO:root:'Context' object has no attribute 'mem'
INFO:root:'Context' object has no attribute 'mem'
INFO:root:'Context' object has no attribute 'mem'
INFO:root:'Context' object has no attribute 'mem'
INFO:root:'Context' object has no attribute 'mem'
INFO:root:'Context' object has no attribute 'mem'
INFO:root:'Context' object has no attribute 'mem'
INFO:root:'Context' object has no attribute 'mem'
INFO:root:'Context' object has no attribute 'mem'
INFO:root:'Context' object has no attribute 'mem'
INFO:root:'Context' object has no attribute 'mem'
INFO:root:'Context' object has no attribute 'mem'
INFO:__main__:[exception] used memory: -52 M
INFO:__main__:[exception] FuncIndex is 51, time overhead is 70.26083111763
INFO:root:unsupport call_indirect now
INFO:root:unsupport call_indirect now
INFO:__main__:used memory: -1 M
INFO:__main__:FuncIndex is 52, time overhead is 0.04940485954284668
INFO:__main__:used memory: 0 M
INFO:__main__:FuncIndex is 53, time overhead is 0.1431431770324707
INFO:root:unsupport call_indirect now
INFO:__main__:used memory: 0 M
INFO:__main__:FuncIndex is 54, time overhead is 0.15447258949279785
INFO:__main__:used memory: 0 M
INFO:__main__:FuncIndex is 55, time overhead is 0.1405491828918457
INFO:__main__:used memory: -1 M
INFO:__main__:FuncIndex is 56, time overhead is 0.020512819290161133
INFO:__main__:used memory: 0 M
INFO:__main__:FuncIndex is 57, time overhead is 0.043953657150268555
INFO:__main__:used memory: 1 M
INFO:__main__:FuncIndex is 58, time overhead is 2.169421672821045
INFO:__main__:used memory: 0 M
INFO:__main__:FuncIndex is 59, time overhead is 2.090686321258545
INFO:__main__:used memory: 165 M
INFO:__main__:FuncIndex is 60, time overhead is 50.59635901451111
INFO:root:
INFO:__main__:used memory: 0 M
INFO:__main__:FuncIndex is 61, time overhead is 0.282015323638916
INFO:__main__:used memory: 0 M
INFO:__main__:FuncIndex is 62, time overhead is 0.030976057052612305
INFO:root:unsupport call_indirect now
INFO:__main__:used memory: -1 M
INFO:__main__:FuncIndex is 63, time overhead is 0.06352376937866211
INFO:__main__:used memory: 0 M
INFO:__main__:FuncIndex is 64, time overhead is 0.0211181640625
INFO:__main__:[exception] used memory: 0 M
INFO:__main__:[exception] FuncIndex is 65, time overhead is 0.04766559600830078
INFO:root:b'Sorts (_ BitVec 256) and (_ BitVec 32) are incompatible'
INFO:__main__:used memory: 0 M
INFO:__main__:FuncIndex is 66, time overhead is 0.02621746063232422
INFO:__main__:used memory: 0 M
INFO:__main__:FuncIndex is 67, time overhead is 0.01973581314086914
INFO:root:fpMul() missing 2 required positional arguments: 'a' and 'b'
INFO:__main__:used memory: 0 M
INFO:__main__:FuncIndex is 68, time overhead is 0.020243406295776367
INFO:root:unsupport call_indirect now
INFO:root:unsupport call_indirect now
INFO:__main__:used memory: -152 M
INFO:__main__:FuncIndex is 69, time overhead is 0.5944480895996094
INFO:__main__:used memory: -1 M
INFO:__main__:FuncIndex is 70, time overhead is 0.1654987335205078
INFO:__main__:used memory: 0 M
INFO:__main__:FuncIndex is 71, time overhead is 0.050031423568725586
INFO:__main__:used memory: 0 M
INFO:__main__:FuncIndex is 72, time overhead is 0.34308791160583496
INFO:root:unsupport call_indirect now
INFO:__main__:used memory: 0 M
INFO:__main__:FuncIndex is 73, time overhead is 0.1339719295501709
INFO:__main__:used memory: 26 M
INFO:__main__:FuncIndex is 74, time overhead is 9.51551604270935
INFO:__main__:used memory: 0 M
INFO:__main__:FuncIndex is 75, time overhead is 0.038426876068115234
INFO:__main__:used memory: 0 M
INFO:__main__:FuncIndex is 76, time overhead is 0.03789663314819336
INFO:root:unsupport call_indirect now
INFO:__main__:used memory: 0 M
INFO:__main__:FuncIndex is 77, time overhead is 0.022849082946777344
INFO:root:sort mismatch
INFO:__main__:used memory: 0 M
INFO:__main__:FuncIndex is 78, time overhead is 0.045318603515625
INFO:root:First argument must be a Z3 bit-vector expression
INFO:__main__:used memory: 2 M
INFO:__main__:FuncIndex is 79, time overhead is 0.2699012756347656
INFO:root:unsupport call_indirect now
INFO:root:unsupport call_indirect now
INFO:root:unsupport call_indirect now
INFO:root:unsupport call_indirect now
INFO:__main__:used memory: 1 M
INFO:__main__:FuncIndex is 80, time overhead is 0.08414387702941895
INFO:__main__:used memory: 0 M
INFO:__main__:FuncIndex is 81, time overhead is 0.06372189521789551
INFO:root:unsupport call_indirect now
INFO:__main__:used memory: 0 M
INFO:__main__:FuncIndex is 82, time overhead is 0.02245497703552246
INFO:root:fpDiv() missing 2 required positional arguments: 'a' and 'b'
INFO:__main__:used memory: 0 M
INFO:__main__:FuncIndex is 83, time overhead is 0.06283164024353027
INFO:root:fpAdd() missing 2 required positional arguments: 'a' and 'b'
INFO:__main__:used memory: 0 M
INFO:__main__:FuncIndex is 84, time overhead is 0.02917337417602539
INFO:__main__:used memory: 0 M
INFO:__main__:FuncIndex is 85, time overhead is 0.029754638671875
INFO:__main__:used memory: 2 M
INFO:__main__:FuncIndex is 86, time overhead is 0.29048728942871094
INFO:root:sort mismatch
INFO:__main__:used memory: 0 M
INFO:__main__:FuncIndex is 87, time overhead is 0.062140703201293945
INFO:root:unsupport call_indirect now
INFO:__main__:used memory: 0 M
INFO:__main__:FuncIndex is 88, time overhead is 0.019147872924804688
INFO:__main__:used memory: 0 M
INFO:__main__:FuncIndex is 89, time overhead is 0.01561594009399414
INFO:__main__:used memory: 3 M
INFO:__main__:FuncIndex is 90, time overhead is 1.559302568435669
INFO:__main__:used memory: -25 M
INFO:__main__:FuncIndex is 91, time overhead is 1.2512366771697998
INFO:__main__:used memory: 0 M
INFO:__main__:FuncIndex is 92, time overhead is 0.022770166397094727
INFO:__main__:used memory: 0 M
INFO:__main__:FuncIndex is 93, time overhead is 0.02284979820251465
INFO:root:reached unreachable
INFO:__main__:used memory: -1 M
INFO:__main__:FuncIndex is 94, time overhead is 0.019176721572875977
INFO:__main__:used memory: 0 M
INFO:__main__:FuncIndex is 95, time overhead is 0.021467208862304688
INFO:__main__:used memory: 0 M
INFO:__main__:FuncIndex is 96, time overhead is 0.021564722061157227
INFO:root:unsupport call_indirect now
INFO:root:unsupport call_indirect now
INFO:root:unsupport call_indirect now
INFO:root:unsupport call_indirect now
INFO:root:unsupport call_indirect now
INFO:__main__:used memory: 0 M
INFO:__main__:FuncIndex is 97, time overhead is 0.09705734252929688
INFO:root:unsupport call_indirect now
INFO:root:unsupport call_indirect now
INFO:__main__:used memory: 0 M
INFO:__main__:FuncIndex is 98, time overhead is 0.06502056121826172
INFO:__main__:used memory: 0 M
INFO:__main__:FuncIndex is 99, time overhead is 0.027727127075195312
INFO:__main__:used memory: 0 M
INFO:__main__:FuncIndex is 100, time overhead is 0.027815818786621094
INFO:__main__:used memory: 0 M
INFO:__main__:FuncIndex is 101, time overhead is 0.033060550689697266
INFO:__main__:used memory: 0 M
INFO:__main__:FuncIndex is 102, time overhead is 0.02756977081298828
INFO:__main__:used memory: 0 M
INFO:__main__:FuncIndex is 103, time overhead is 0.03674793243408203
INFO:__main__:used memory: 0 M
INFO:__main__:FuncIndex is 104, time overhead is 0.028889179229736328
INFO:__main__:used memory: 0 M
INFO:__main__:FuncIndex is 105, time overhead is 0.016960620880126953
INFO:__main__:used memory: 0 M
INFO:__main__:FuncIndex is 106, time overhead is 0.01900339126586914
INFO:__main__:used memory: 0 M
INFO:__main__:FuncIndex is 107, time overhead is 0.030066728591918945
INFO:__main__:used memory: 0 M
INFO:__main__:FuncIndex is 108, time overhead is 0.01945185661315918
INFO:__main__:used memory: 0 M
INFO:__main__:FuncIndex is 109, time overhead is 0.026450395584106445
INFO:root:unsupport call_indirect now
INFO:__main__:used memory: 0 M
INFO:__main__:FuncIndex is 110, time overhead is 0.01804041862487793
INFO:root:First argument must be a Z3 bit-vector expression
INFO:__main__:used memory: 0 M
INFO:__main__:FuncIndex is 111, time overhead is 0.09629535675048828
INFO:__main__:used memory: 0 M
INFO:__main__:FuncIndex is 112, time overhead is 0.02054905891418457
INFO:__main__:used memory: 0 M
INFO:__main__:FuncIndex is 113, time overhead is 0.0362856388092041
INFO:__main__:used memory: 0 M
INFO:__main__:FuncIndex is 114, time overhead is 0.01901555061340332
INFO:root:unsupport call_indirect now
INFO:root:unsupport call_indirect now
INFO:__main__:used memory: 0 M
INFO:__main__:FuncIndex is 115, time overhead is 0.06643033027648926
INFO:__main__:used memory: 0 M
INFO:__main__:FuncIndex is 116, time overhead is 0.023656845092773438
INFO:__main__:used memory: 0 M
INFO:__main__:FuncIndex is 117, time overhead is 0.07399845123291016
INFO:__main__:used memory: -2 M
INFO:__main__:FuncIndex is 118, time overhead is 0.27466773986816406
INFO:root:sort mismatch
INFO:__main__:used memory: 0 M
INFO:__main__:FuncIndex is 119, time overhead is 0.08149576187133789
INFO:root:sort mismatch
INFO:__main__:used memory: -1 M
INFO:__main__:FuncIndex is 120, time overhead is 0.0308225154876709
INFO:__main__:used memory: 0 M
INFO:__main__:FuncIndex is 121, time overhead is 0.2376854419708252
INFO:__main__:used memory: 0 M
INFO:__main__:FuncIndex is 122, time overhead is 0.035986900329589844
INFO:__main__:[exception] used memory: 0 M
INFO:__main__:[exception] FuncIndex is 123, time overhead is 0.03426408767700195
INFO:__main__:used memory: -1 M
INFO:__main__:FuncIndex is 124, time overhead is 0.10010981559753418
INFO:__main__:used memory: 1 M
INFO:__main__:FuncIndex is 125, time overhead is 0.039450645446777344
INFO:root:unsupport call_indirect now
INFO:root:unsupport call_indirect now
INFO:root:unsupport call_indirect now
INFO:root:unsupport call_indirect now
INFO:__main__:used memory: -1 M
INFO:__main__:FuncIndex is 126, time overhead is 2.1989009380340576
INFO:root:
INFO:root:
INFO:__main__:used memory: 1 M
INFO:__main__:FuncIndex is 127, time overhead is 0.0641331672668457
INFO:__main__:used memory: -1 M
INFO:__main__:FuncIndex is 128, time overhead is 0.026453733444213867
INFO:__main__:used memory: 1 M
INFO:__main__:FuncIndex is 129, time overhead is 0.026193857192993164
INFO:__main__:used memory: 0 M
INFO:__main__:FuncIndex is 130, time overhead is 0.024834632873535156
INFO:__main__:used memory: 0 M
INFO:__main__:FuncIndex is 131, time overhead is 0.026101112365722656
INFO:__main__:used memory: 0 M
INFO:__main__:FuncIndex is 132, time overhead is 0.026338815689086914
INFO:__main__:used memory: 0 M
INFO:__main__:FuncIndex is 133, time overhead is 0.025466442108154297
INFO:__main__:used memory: 0 M
INFO:__main__:FuncIndex is 134, time overhead is 0.03511333465576172
INFO:__main__:used memory: 0 M
INFO:__main__:FuncIndex is 135, time overhead is 0.06475472450256348
INFO:__main__:used memory: 0 M
INFO:__main__:FuncIndex is 136, time overhead is 0.04208016395568848
INFO:root:First argument must be a Z3 bit-vector expression
INFO:root:First argument must be a Z3 bit-vector expression
INFO:__main__:used memory: -1 M
INFO:__main__:FuncIndex is 137, time overhead is 0.5128500461578369
INFO:root:unsupport call_indirect now
INFO:__main__:used memory: 1 M
INFO:__main__:FuncIndex is 138, time overhead is 0.07384634017944336
INFO:root:First argument must be a Z3 bit-vector expression
INFO:__main__:used memory: -1 M
INFO:__main__:FuncIndex is 139, time overhead is 0.04447579383850098
INFO:__main__:used memory: 22 M
INFO:__main__:FuncIndex is 140, time overhead is 101.98039984703064
INFO:root:fpAdd() missing 2 required positional arguments: 'a' and 'b'
INFO:__main__:used memory: 0 M
INFO:__main__:FuncIndex is 141, time overhead is 0.02992844581604004
INFO:root:fpMul() missing 2 required positional arguments: 'a' and 'b'
INFO:__main__:used memory: 0 M
INFO:__main__:FuncIndex is 142, time overhead is 0.01701211929321289
INFO:__main__:used memory: 0 M
INFO:__main__:FuncIndex is 143, time overhead is 0.1210019588470459
INFO:__main__:used memory: -1 M
INFO:__main__:FuncIndex is 144, time overhead is 0.01905035972595215
INFO:__main__:used memory: 0 M
INFO:__main__:FuncIndex is 145, time overhead is 0.04662585258483887
INFO:__main__:used memory: 0 M
INFO:__main__:FuncIndex is 146, time overhead is 0.05290985107421875
INFO:root:unsupport call_indirect now
INFO:__main__:used memory: 0 M
INFO:__main__:FuncIndex is 147, time overhead is 0.019767045974731445
INFO:__main__:[exception] used memory: -1 M
INFO:__main__:[exception] FuncIndex is 148, time overhead is 0.4656245708465576
INFO:root:unsupport call_indirect now
INFO:__main__:used memory: -1 M
INFO:__main__:FuncIndex is 149, time overhead is 0.022090673446655273
INFO:__main__:used memory: 0 M
INFO:__main__:FuncIndex is 150, time overhead is 0.021656513214111328
INFO:root:unsupport call_indirect now
INFO:__main__:used memory: 0 M
INFO:__main__:FuncIndex is 151, time overhead is 0.0222015380859375
INFO:__main__:used memory: 0 M
INFO:__main__:FuncIndex is 152, time overhead is 0.021897077560424805
INFO:__main__:used memory: 0 M
INFO:__main__:FuncIndex is 153, time overhead is 0.04021501541137695
INFO:__main__:used memory: 1 M
INFO:__main__:FuncIndex is 154, time overhead is 0.10152077674865723
INFO:__main__:used memory: 1 M
INFO:__main__:FuncIndex is 155, time overhead is 0.2501082420349121
INFO:__main__:used memory: -8 M
INFO:__main__:FuncIndex is 156, time overhead is 7.087476015090942
INFO:root:fpMul() missing 2 required positional arguments: 'a' and 'b'
INFO:__main__:used memory: 0 M
INFO:__main__:FuncIndex is 157, time overhead is 0.09648299217224121
INFO:root:sort mismatch
INFO:root:sort mismatch
INFO:root:sort mismatch
INFO:root:sort mismatch
INFO:root:sort mismatch
INFO:root:sort mismatch
INFO:root:sort mismatch
INFO:root:sort mismatch
INFO:root:sort mismatch
INFO:root:sort mismatch
INFO:root:sort mismatch
INFO:root:sort mismatch
INFO:root:sort mismatch
INFO:root:sort mismatch
INFO:root:sort mismatch
INFO:root:sort mismatch
INFO:root:sort mismatch
INFO:root:sort mismatch
INFO:root:sort mismatch
INFO:root:sort mismatch
INFO:root:sort mismatch
INFO:root:sort mismatch
INFO:root:sort mismatch
INFO:root:sort mismatch
INFO:root:sort mismatch
INFO:root:sort mismatch
INFO:root:sort mismatch
INFO:root:sort mismatch
INFO:__main__:used memory: 26 M
INFO:__main__:FuncIndex is 158, time overhead is 21.353593111038208
INFO:root:sort mismatch
INFO:root:First argument must be a Z3 bit-vector expression
INFO:__main__:used memory: 1 M
INFO:__main__:FuncIndex is 159, time overhead is 0.06564092636108398
INFO:__main__:used memory: 0 M
INFO:__main__:FuncIndex is 160, time overhead is 0.018836259841918945
INFO:root:fpSub() missing 2 required positional arguments: 'a' and 'b'
INFO:__main__:used memory: 0 M
INFO:__main__:FuncIndex is 161, time overhead is 0.02962350845336914
INFO:__main__:used memory: -1 M
INFO:__main__:FuncIndex is 162, time overhead is 0.09971046447753906
INFO:__main__:used memory: 1 M
INFO:__main__:FuncIndex is 163, time overhead is 0.0929560661315918
INFO:root:unsupport call_indirect now
INFO:__main__:used memory: 0 M
INFO:__main__:FuncIndex is 164, time overhead is 0.03419375419616699
INFO:__main__:[exception] used memory: 0 M
INFO:__main__:[exception] FuncIndex is 165, time overhead is 0.15837693214416504
INFO:__main__:used memory: 0 M
INFO:__main__:FuncIndex is 166, time overhead is 0.04488539695739746
INFO:__main__:[exception] used memory: 0 M
INFO:__main__:[exception] FuncIndex is 167, time overhead is 0.15430498123168945
INFO:root:reached unreachable
INFO:__main__:used memory: 0 M
INFO:__main__:FuncIndex is 168, time overhead is 0.08661699295043945
INFO:root:unsupport call_indirect now
INFO:root:unsupport call_indirect now
INFO:__main__:[exception] used memory: 3 M
INFO:__main__:[exception] FuncIndex is 169, time overhead is 1.777874231338501
INFO:__main__:used memory: 0 M
INFO:__main__:FuncIndex is 170, time overhead is 0.06145215034484863
INFO:__main__:used memory: -32 M
INFO:__main__:FuncIndex is 171, time overhead is 0.32653307914733887
INFO:__main__:used memory: 0 M
INFO:__main__:FuncIndex is 172, time overhead is 0.019934892654418945
INFO:__main__:used memory: 0 M
INFO:__main__:FuncIndex is 173, time overhead is 0.05746650695800781
INFO:__main__:used memory: 0 M
INFO:__main__:FuncIndex is 174, time overhead is 0.05019855499267578
INFO:__main__:used memory: -1 M
INFO:__main__:FuncIndex is 175, time overhead is 0.13622260093688965
INFO:root:unsupport call_indirect now
INFO:root:unsupport call_indirect now
INFO:__main__:used memory: 0 M
INFO:__main__:FuncIndex is 176, time overhead is 0.09641861915588379
INFO:root:unsupport call_indirect now
INFO:__main__:used memory: 0 M
INFO:__main__:FuncIndex is 177, time overhead is 0.1474158763885498
INFO:__main__:used memory: 0 M
INFO:__main__:FuncIndex is 178, time overhead is 0.02981853485107422
INFO:__main__:used memory: 1 M
INFO:__main__:FuncIndex is 179, time overhead is 0.17065763473510742
INFO:root:reached unreachable
INFO:root:reached unreachable
INFO:__main__:used memory: 0 M
INFO:__main__:FuncIndex is 180, time overhead is 0.19758152961730957
INFO:root:reached unreachable
INFO:__main__:used memory: -1 M
INFO:__main__:FuncIndex is 181, time overhead is 0.3478403091430664
INFO:__main__:used memory: 0 M
INFO:__main__:FuncIndex is 182, time overhead is 0.016328811645507812
INFO:root:unsupport call_indirect now
INFO:__main__:used memory: 0 M
INFO:__main__:FuncIndex is 183, time overhead is 0.029296398162841797
INFO:root:fpMul() missing 2 required positional arguments: 'a' and 'b'
INFO:root:fpMul() missing 2 required positional arguments: 'a' and 'b'
INFO:root:fpMul() missing 2 required positional arguments: 'a' and 'b'
INFO:__main__:used memory: 0 M
INFO:__main__:FuncIndex is 184, time overhead is 0.06826400756835938
INFO:root:fpAdd() missing 2 required positional arguments: 'a' and 'b'
INFO:root:fpAdd() missing 2 required positional arguments: 'a' and 'b'
INFO:root:fpAdd() missing 2 required positional arguments: 'a' and 'b'
INFO:root:fpAdd() missing 2 required positional arguments: 'a' and 'b'
INFO:__main__:used memory: -4 M
INFO:__main__:FuncIndex is 185, time overhead is 8.237815856933594
INFO:root:unsupport call_indirect now
INFO:__main__:used memory: 0 M
INFO:__main__:FuncIndex is 186, time overhead is 0.038055419921875
INFO:root:unsupport call_indirect now
INFO:__main__:used memory: 0 M
INFO:__main__:FuncIndex is 187, time overhead is 0.022791624069213867
INFO:root:unsupport call_indirect now
INFO:__main__:used memory: 0 M
INFO:__main__:FuncIndex is 188, time overhead is 0.0216066837310791
INFO:root:unsupport call_indirect now
INFO:__main__:used memory: 0 M
INFO:__main__:FuncIndex is 189, time overhead is 0.020395755767822266
INFO:root:unsupport call_indirect now
INFO:__main__:used memory: 0 M
INFO:__main__:FuncIndex is 190, time overhead is 0.019000530242919922
INFO:root:unsupport call_indirect now
INFO:__main__:used memory: 0 M
INFO:__main__:FuncIndex is 191, time overhead is 0.01981973648071289
INFO:root:unsupport call_indirect now
INFO:__main__:used memory: 0 M
INFO:__main__:FuncIndex is 192, time overhead is 0.020623445510864258
INFO:root:unsupport call_indirect now
INFO:__main__:used memory: 0 M
INFO:__main__:FuncIndex is 193, time overhead is 0.018661975860595703
INFO:root:unsupport call_indirect now
INFO:__main__:used memory: 0 M
INFO:__main__:FuncIndex is 194, time overhead is 0.018326759338378906
INFO:root:unsupport call_indirect now
INFO:__main__:used memory: 0 M
INFO:__main__:FuncIndex is 195, time overhead is 0.01789569854736328
INFO:root:unsupport call_indirect now
INFO:__main__:used memory: 0 M
INFO:__main__:FuncIndex is 196, time overhead is 0.017784833908081055
INFO:root:unsupport call_indirect now
INFO:__main__:used memory: 0 M
INFO:__main__:FuncIndex is 197, time overhead is 0.020961761474609375
INFO:root:unsupport call_indirect now
INFO:__main__:used memory: 0 M
INFO:__main__:FuncIndex is 198, time overhead is 0.019820451736450195
INFO:root:unsupport call_indirect now
INFO:__main__:used memory: 0 M
INFO:__main__:FuncIndex is 199, time overhead is 0.02064681053161621
INFO:root:unsupport call_indirect now
INFO:__main__:used memory: 0 M
INFO:__main__:FuncIndex is 200, time overhead is 0.02069997787475586
INFO:root:sort mismatch
INFO:root:sort mismatch
INFO:root:sort mismatch
INFO:root:sort mismatch
INFO:__main__:used memory: 0 M
INFO:__main__:FuncIndex is 201, time overhead is 0.1375894546508789
INFO:__main__:used memory: 0 M
INFO:__main__:FuncIndex is 202, time overhead is 0.03669023513793945
INFO:__main__:used memory: 0 M
INFO:__main__:FuncIndex is 203, time overhead is 0.13254952430725098
INFO:__main__:used memory: 0 M
INFO:__main__:FuncIndex is 204, time overhead is 0.25223851203918457
INFO:__main__:[exception] used memory: 2 M
INFO:__main__:[exception] FuncIndex is 205, time overhead is 0.26035523414611816
INFO:__main__:used memory: 0 M
INFO:__main__:FuncIndex is 206, time overhead is 0.06341743469238281
INFO:__main__:used memory: 0 M
INFO:__main__:FuncIndex is 207, time overhead is 0.0352473258972168
INFO:root:unsupport call_indirect now
INFO:__main__:used memory: 0 M
INFO:__main__:FuncIndex is 208, time overhead is 0.039664268493652344
INFO:root:unsupport call_indirect now
INFO:root:unsupport call_indirect now
INFO:__main__:used memory: 2 M
INFO:__main__:FuncIndex is 209, time overhead is 0.2577090263366699
INFO:root:unsupport call_indirect now
INFO:__main__:used memory: 1 M
INFO:__main__:FuncIndex is 210, time overhead is 0.04427623748779297
INFO:root:unsupport call_indirect now
INFO:root:unsupport call_indirect now
INFO:__main__:used memory: 0 M
INFO:__main__:FuncIndex is 211, time overhead is 0.1151437759399414
INFO:root:unsupport call_indirect now
INFO:__main__:used memory: 1 M
INFO:__main__:FuncIndex is 212, time overhead is 0.384899377822876
INFO:__main__:used memory: 0 M
INFO:__main__:FuncIndex is 213, time overhead is 0.02268385887145996
INFO:__main__:used memory: -1 M
INFO:__main__:FuncIndex is 214, time overhead is 0.03819441795349121
INFO:__main__:used memory: 0 M
INFO:__main__:FuncIndex is 215, time overhead is 0.022632360458374023
INFO:__main__:used memory: 0 M
INFO:__main__:FuncIndex is 216, time overhead is 0.016739606857299805
INFO:__main__:used memory: 0 M
INFO:__main__:FuncIndex is 217, time overhead is 0.021536588668823242
INFO:__main__:used memory: 0 M
INFO:__main__:FuncIndex is 218, time overhead is 0.01671624183654785
INFO:__main__:used memory: 0 M
INFO:__main__:FuncIndex is 219, time overhead is 0.08777546882629395
INFO:__main__:used memory: 0 M
INFO:__main__:FuncIndex is 220, time overhead is 0.3875095844268799
INFO:__main__:used memory: -1 M
INFO:__main__:FuncIndex is 221, time overhead is 0.01977062225341797
INFO:__main__:used memory: 1 M
INFO:__main__:FuncIndex is 222, time overhead is 0.036194562911987305
INFO:__main__:[exception] used memory: -2 M
INFO:__main__:[exception] FuncIndex is 223, time overhead is 0.8057668209075928
INFO:__main__:used memory: 0 M
INFO:__main__:FuncIndex is 224, time overhead is 0.12412881851196289
INFO:root:sort mismatch
INFO:__main__:used memory: 0 M
INFO:__main__:FuncIndex is 225, time overhead is 0.175706148147583
INFO:root:b'Sorts (_ BitVec 32) and (_ BitVec 64) are incompatible'
INFO:__main__:used memory: -1 M
INFO:__main__:FuncIndex is 226, time overhead is 0.025074243545532227
INFO:root:b'Sorts (_ BitVec 32) and (_ BitVec 64) are incompatible'
INFO:__main__:used memory: 0 M
INFO:__main__:FuncIndex is 227, time overhead is 0.02514958381652832
INFO:__main__:used memory: 0 M
INFO:__main__:FuncIndex is 228, time overhead is 0.21048450469970703
INFO:__main__:used memory: 0 M
INFO:__main__:FuncIndex is 229, time overhead is 0.05593991279602051
INFO:__main__:used memory: 0 M
INFO:__main__:FuncIndex is 230, time overhead is 0.04374194145202637
INFO:__main__:used memory: 0 M
INFO:__main__:FuncIndex is 231, time overhead is 0.03140616416931152
INFO:__main__:used memory: 0 M
INFO:__main__:FuncIndex is 232, time overhead is 0.16352272033691406
INFO:__main__:used memory: 0 M
INFO:__main__:FuncIndex is 233, time overhead is 0.027805089950561523
INFO:__main__:used memory: 0 M
INFO:__main__:FuncIndex is 234, time overhead is 0.02699756622314453
INFO:__main__:used memory: 0 M
INFO:__main__:FuncIndex is 235, time overhead is 0.02530646324157715
INFO:__main__:used memory: 0 M
INFO:__main__:FuncIndex is 236, time overhead is 0.02680182456970215
INFO:__main__:used memory: 0 M
INFO:__main__:FuncIndex is 237, time overhead is 0.026848316192626953
INFO:__main__:used memory: 0 M
INFO:__main__:FuncIndex is 238, time overhead is 0.02568650245666504
INFO:__main__:used memory: 0 M
INFO:__main__:FuncIndex is 239, time overhead is 0.026912689208984375
INFO:__main__:used memory: 0 M
INFO:__main__:FuncIndex is 240, time overhead is 0.025874614715576172
INFO:__main__:used memory: 0 M
INFO:__main__:FuncIndex is 241, time overhead is 0.027309179306030273
INFO:__main__:used memory: 0 M
INFO:__main__:FuncIndex is 242, time overhead is 0.027054309844970703
INFO:__main__:used memory: 0 M
INFO:__main__:FuncIndex is 243, time overhead is 0.026670217514038086
INFO:__main__:used memory: 0 M
INFO:__main__:FuncIndex is 244, time overhead is 0.026981115341186523
INFO:__main__:used memory: -1 M
INFO:__main__:FuncIndex is 245, time overhead is 0.027848482131958008
INFO:__main__:used memory: 1 M
INFO:__main__:FuncIndex is 246, time overhead is 0.025389432907104492
INFO:__main__:used memory: -1 M
INFO:__main__:FuncIndex is 247, time overhead is 0.026182889938354492
INFO:__main__:used memory: 1 M
INFO:__main__:FuncIndex is 248, time overhead is 0.025904178619384766
INFO:__main__:used memory: 0 M
INFO:__main__:FuncIndex is 249, time overhead is 0.0248415470123291
INFO:root:sort mismatch
INFO:__main__:used memory: 0 M
INFO:__main__:FuncIndex is 250, time overhead is 0.0341496467590332
INFO:root:unsupport call_indirect now
INFO:root:unsupport call_indirect now
INFO:__main__:used memory: -1 M
INFO:__main__:FuncIndex is 251, time overhead is 0.1387166976928711
INFO:__main__:used memory: 1 M
INFO:__main__:FuncIndex is 252, time overhead is 1.0325913429260254
INFO:root:unsupport call_indirect now
INFO:__main__:used memory: 0 M
INFO:__main__:FuncIndex is 253, time overhead is 0.05111885070800781
INFO:root:First argument must be a Z3 bit-vector expression
INFO:root:First argument must be a Z3 bit-vector expression
INFO:root:First argument must be a Z3 bit-vector expression
INFO:root:First argument must be a Z3 bit-vector expression
INFO:root:First argument must be a Z3 bit-vector expression
INFO:root:First argument must be a Z3 bit-vector expression
INFO:root:First argument must be a Z3 bit-vector expression
INFO:root:First argument must be a Z3 bit-vector expression
INFO:__main__:used memory: 0 M
INFO:__main__:FuncIndex is 254, time overhead is 1.4740867614746094
INFO:__main__:used memory: 0 M
INFO:__main__:FuncIndex is 255, time overhead is 0.08514904975891113
INFO:root:sort mismatch
INFO:__main__:used memory: 0 M
INFO:__main__:FuncIndex is 256, time overhead is 0.025338411331176758
INFO:__main__:used memory: 0 M
INFO:__main__:FuncIndex is 257, time overhead is 0.019184350967407227
INFO:root:fpAdd() missing 2 required positional arguments: 'a' and 'b'
INFO:__main__:used memory: 0 M
INFO:__main__:FuncIndex is 258, time overhead is 0.039989471435546875
INFO:root:fpSqrt() missing 1 required positional argument: 'a'
INFO:__main__:used memory: 0 M
INFO:__main__:FuncIndex is 259, time overhead is 0.018506765365600586
INFO:__main__:used memory: 0 M
INFO:__main__:FuncIndex is 260, time overhead is 2.0492324829101562
INFO:__main__:used memory: 0 M
INFO:__main__:FuncIndex is 261, time overhead is 0.10863947868347168
INFO:root:fpMul() missing 2 required positional arguments: 'a' and 'b'
INFO:__main__:used memory: 0 M
INFO:__main__:FuncIndex is 262, time overhead is 0.0373234748840332
INFO:__main__:used memory: 0 M
INFO:__main__:FuncIndex is 263, time overhead is 1.1902308464050293
INFO:__main__:used memory: 0 M
INFO:__main__:FuncIndex is 264, time overhead is 0.0515286922454834
INFO:root:First argument must be a Z3 bit-vector expression
INFO:__main__:used memory: 0 M
INFO:__main__:FuncIndex is 265, time overhead is 0.05005812644958496
INFO:root:First argument must be a Z3 bit-vector expression
INFO:__main__:used memory: 0 M
INFO:__main__:FuncIndex is 266, time overhead is 0.024408340454101562
INFO:__main__:used memory: 0 M
INFO:__main__:FuncIndex is 267, time overhead is 0.06761550903320312
INFO:root:sort mismatch
INFO:__main__:[exception] used memory: 0 M
INFO:__main__:[exception] FuncIndex is 268, time overhead is 0.07200217247009277
INFO:root:First argument must be a Z3 bit-vector expression
INFO:root:First argument must be a Z3 bit-vector expression
INFO:__main__:used memory: 0 M
INFO:__main__:FuncIndex is 269, time overhead is 0.26517820358276367
INFO:root:b'Sorts (_ BitVec 32) and (_ BitVec 64) are incompatible'
INFO:__main__:used memory: 0 M
INFO:__main__:FuncIndex is 270, time overhead is 0.02908468246459961
INFO:root:unsupport call_indirect now
INFO:__main__:used memory: 0 M
INFO:__main__:FuncIndex is 271, time overhead is 0.04951739311218262
INFO:root:unsupport call_indirect now
INFO:__main__:used memory: 0 M
INFO:__main__:FuncIndex is 272, time overhead is 0.04096555709838867
INFO:__main__:used memory: 0 M
INFO:__main__:FuncIndex is 273, time overhead is 0.21381020545959473
INFO:root:unsupport call_indirect now
INFO:root:unsupport call_indirect now
INFO:__main__:used memory: 0 M
INFO:__main__:FuncIndex is 274, time overhead is 0.03153395652770996
INFO:__main__:used memory: 0 M
INFO:__main__:FuncIndex is 275, time overhead is 0.02529311180114746
INFO:__main__:used memory: 0 M
INFO:__main__:FuncIndex is 276, time overhead is 0.10763835906982422
INFO:__main__:used memory: 0 M
INFO:__main__:FuncIndex is 277, time overhead is 0.0644068717956543
INFO:__main__:used memory: 11 M
INFO:__main__:FuncIndex is 278, time overhead is 12.069327592849731
INFO:root:fpSub() missing 2 required positional arguments: 'a' and 'b'
INFO:__main__:used memory: 0 M
INFO:__main__:FuncIndex is 279, time overhead is 0.04610610008239746
INFO:__main__:used memory: 0 M
INFO:__main__:FuncIndex is 280, time overhead is 0.06626367568969727
INFO:__main__:used memory: 0 M
INFO:__main__:FuncIndex is 281, time overhead is 0.022307395935058594
INFO:root:fpSub() missing 2 required positional arguments: 'a' and 'b'
INFO:__main__:used memory: 0 M
INFO:__main__:FuncIndex is 282, time overhead is 0.03818774223327637
INFO:root:fpMul() missing 2 required positional arguments: 'a' and 'b'
INFO:__main__:used memory: 1 M
INFO:__main__:FuncIndex is 283, time overhead is 0.09468555450439453
INFO:__main__:used memory: 2 M
INFO:__main__:FuncIndex is 284, time overhead is 0.23092412948608398
INFO:__main__:used memory: 3 M
INFO:__main__:FuncIndex is 285, time overhead is 0.29225802421569824
INFO:root:fpMul() missing 2 required positional arguments: 'a' and 'b'
INFO:__main__:used memory: 0 M
INFO:__main__:FuncIndex is 286, time overhead is 0.03109288215637207
INFO:root:sort mismatch
INFO:root:
INFO:__main__:[exception] used memory: 0 M
INFO:__main__:[exception] FuncIndex is 287, time overhead is 0.1459643840789795
INFO:root:sort mismatch
INFO:root:sort mismatch
INFO:__main__:used memory: -11 M
INFO:__main__:FuncIndex is 288, time overhead is 0.33659791946411133
INFO:__main__:used memory: 0 M
INFO:__main__:FuncIndex is 289, time overhead is 0.16259050369262695
INFO:__main__:used memory: 0 M
INFO:__main__:FuncIndex is 290, time overhead is 0.01889514923095703
INFO:__main__:All time: 353.7478234767914
