INFO:__main__:[exception] used memory: 24 M
INFO:__main__:[exception] FuncIndex is 92, time overhead is 81.14645600318909
INFO:root:unsupport call_indirect now
INFO:root:unsupport call_indirect now
INFO:__main__:used memory: 1 M
INFO:__main__:FuncIndex is 93, time overhead is 0.2082383632659912
INFO:__main__:used memory: 0 M
INFO:__main__:FuncIndex is 94, time overhead is 0.021074533462524414
INFO:__main__:used memory: 0 M
INFO:__main__:FuncIndex is 95, time overhead is 0.027791976928710938
INFO:root:unsupport call_indirect now
INFO:__main__:used memory: 0 M
INFO:__main__:FuncIndex is 96, time overhead is 0.03697013854980469
INFO:__main__:used memory: 23 M
INFO:__main__:FuncIndex is 97, time overhead is 3.8891897201538086
INFO:__main__:used memory: 0 M
INFO:__main__:FuncIndex is 98, time overhead is 0.024197101593017578
INFO:__main__:used memory: 0 M
INFO:__main__:FuncIndex is 99, time overhead is 0.023044347763061523
INFO:__main__:used memory: 0 M
INFO:__main__:FuncIndex is 100, time overhead is 0.023270606994628906
INFO:__main__:used memory: 7 M
INFO:__main__:FuncIndex is 101, time overhead is 0.437777042388916
INFO:__main__:used memory: 0 M
INFO:__main__:FuncIndex is 102, time overhead is 0.030140161514282227
INFO:__main__:[exception] used memory: 1 M
INFO:__main__:[exception] FuncIndex is 103, time overhead is 0.19275331497192383
INFO:__main__:used memory: -1 M
INFO:__main__:FuncIndex is 104, time overhead is 0.02974987030029297
INFO:__main__:used memory: 0 M
INFO:__main__:FuncIndex is 105, time overhead is 0.022601604461669922
INFO:__main__:used memory: 0 M
INFO:__main__:FuncIndex is 106, time overhead is 7.739192008972168
INFO:__main__:used memory: -1 M
INFO:__main__:FuncIndex is 107, time overhead is 0.023838043212890625
INFO:__main__:used memory: 0 M
INFO:__main__:FuncIndex is 108, time overhead is 0.0639195442199707
INFO:__main__:used memory: 0 M
INFO:__main__:FuncIndex is 109, time overhead is 0.03063201904296875
INFO:__main__:used memory: 0 M
INFO:__main__:FuncIndex is 110, time overhead is 0.02143716812133789
INFO:__main__:used memory: 0 M
INFO:__main__:FuncIndex is 111, time overhead is 0.020992517471313477
INFO:__main__:used memory: 0 M
INFO:__main__:FuncIndex is 112, time overhead is 0.2084641456604004
INFO:__main__:used memory: 1 M
INFO:__main__:FuncIndex is 113, time overhead is 0.06564497947692871
INFO:__main__:used memory: 1 M
INFO:__main__:FuncIndex is 114, time overhead is 0.04259753227233887
INFO:__main__:used memory: 0 M
INFO:__main__:FuncIndex is 115, time overhead is 0.06470847129821777
INFO:__main__:used memory: 0 M
INFO:__main__:FuncIndex is 116, time overhead is 0.02275824546813965
INFO:root:unsupport call_indirect now
INFO:root:unsupport call_indirect now
INFO:root:unsupport call_indirect now
INFO:root:unsupport call_indirect now
INFO:__main__:used memory: 7 M
INFO:__main__:FuncIndex is 117, time overhead is 0.8625340461730957
INFO:__main__:used memory: 0 M
INFO:__main__:FuncIndex is 118, time overhead is 0.021641969680786133
INFO:__main__:used memory: -18 M
INFO:__main__:FuncIndex is 119, time overhead is 5.850658655166626
INFO:__main__:used memory: 0 M
INFO:__main__:FuncIndex is 120, time overhead is 0.07470154762268066
INFO:__main__:[exception] used memory: 8 M
INFO:__main__:[exception] FuncIndex is 121, time overhead is 96.94068193435669
INFO:__main__:used memory: -1 M
INFO:__main__:FuncIndex is 122, time overhead is 0.08074402809143066
INFO:__main__:used memory: 0 M
INFO:__main__:FuncIndex is 123, time overhead is 0.2597198486328125
INFO:__main__:used memory: 37 M
INFO:__main__:FuncIndex is 124, time overhead is 14.950154542922974
INFO:__main__:used memory: 0 M
INFO:__main__:FuncIndex is 125, time overhead is 0.04335641860961914
INFO:root:
INFO:__main__:used memory: 0 M
INFO:__main__:FuncIndex is 126, time overhead is 0.03433346748352051
INFO:__main__:used memory: 1 M
INFO:__main__:FuncIndex is 127, time overhead is 0.39479827880859375
INFO:__main__:used memory: 6 M
INFO:__main__:FuncIndex is 128, time overhead is 0.25836634635925293
INFO:__main__:used memory: 0 M
INFO:__main__:FuncIndex is 129, time overhead is 0.03594708442687988
INFO:__main__:used memory: 0 M
INFO:__main__:FuncIndex is 130, time overhead is 0.02731919288635254
INFO:__main__:[exception] used memory: 0 M
INFO:__main__:[exception] FuncIndex is 131, time overhead is 0.0017800331115722656
INFO:__main__:used memory: 0 M
INFO:__main__:FuncIndex is 132, time overhead is 0.02182769775390625
INFO:__main__:used memory: 0 M
INFO:__main__:FuncIndex is 133, time overhead is 0.023799419403076172
INFO:__main__:used memory: 0 M
INFO:__main__:FuncIndex is 134, time overhead is 0.03690624237060547
INFO:__main__:[exception] used memory: 0 M
INFO:__main__:[exception] FuncIndex is 135, time overhead is 0.002443075180053711
INFO:__main__:used memory: 1 M
INFO:__main__:FuncIndex is 136, time overhead is 0.14563632011413574
INFO:__main__:used memory: 1 M
INFO:__main__:FuncIndex is 137, time overhead is 0.03677701950073242
INFO:root:unsupport call_indirect now
INFO:root:unsupport call_indirect now
INFO:root:unsupport call_indirect now
INFO:root:unsupport call_indirect now
INFO:root:unsupport call_indirect now
INFO:root:unsupport call_indirect now
INFO:root:unsupport call_indirect now
INFO:root:unsupport call_indirect now
INFO:root:unsupport call_indirect now
INFO:root:unsupport call_indirect now
INFO:__main__:[exception] used memory: 2 M
INFO:__main__:[exception] FuncIndex is 138, time overhead is 19.57654047012329
INFO:__main__:used memory: 0 M
INFO:__main__:FuncIndex is 139, time overhead is 0.10094237327575684
INFO:__main__:used memory: 0 M
INFO:__main__:FuncIndex is 140, time overhead is 0.0702517032623291
INFO:__main__:used memory: 0 M
INFO:__main__:FuncIndex is 141, time overhead is 0.08980536460876465
INFO:__main__:used memory: 0 M
INFO:__main__:FuncIndex is 142, time overhead is 0.2059779167175293
INFO:__main__:used memory: 0 M
INFO:__main__:FuncIndex is 143, time overhead is 0.04178142547607422
INFO:__main__:used memory: 0 M
INFO:__main__:FuncIndex is 144, time overhead is 0.023558616638183594
INFO:__main__:used memory: 0 M
INFO:__main__:FuncIndex is 145, time overhead is 0.023654699325561523
INFO:root:fpSqrt() missing 1 required positional argument: 'a'
INFO:__main__:used memory: 0 M
INFO:__main__:FuncIndex is 146, time overhead is 0.04249715805053711
INFO:__main__:used memory: 0 M
INFO:__main__:FuncIndex is 147, time overhead is 0.024117469787597656
INFO:__main__:used memory: 0 M
INFO:__main__:FuncIndex is 148, time overhead is 0.024337053298950195
INFO:__main__:used memory: -10 M
INFO:__main__:FuncIndex is 149, time overhead is 4.1800291538238525
INFO:root:unsupport call_indirect now
INFO:root:unsupport call_indirect now
INFO:root:unsupport call_indirect now
INFO:root:unsupport call_indirect now
INFO:root:unsupport call_indirect now
INFO:root:unsupport call_indirect now
INFO:root:unsupport call_indirect now
INFO:root:unsupport call_indirect now
INFO:root:unsupport call_indirect now
INFO:root:unsupport call_indirect now
INFO:root:unsupport call_indirect now
INFO:root:unsupport call_indirect now
INFO:root:unsupport call_indirect now
INFO:root:unsupport call_indirect now
INFO:root:unsupport call_indirect now
INFO:root:unsupport call_indirect now
INFO:root:unsupport call_indirect now
INFO:root:unsupport call_indirect now
INFO:root:unsupport call_indirect now
INFO:root:unsupport call_indirect now
INFO:root:unsupport call_indirect now
INFO:root:unsupport call_indirect now
INFO:__main__:used memory: 0 M
INFO:__main__:FuncIndex is 150, time overhead is 0.8516225814819336
INFO:root:unsupport call_indirect now
INFO:root:unsupport call_indirect now
INFO:root:unsupport call_indirect now
INFO:root:unsupport call_indirect now
INFO:root:unsupport call_indirect now
INFO:root:unsupport call_indirect now
INFO:root:unsupport call_indirect now
INFO:root:unsupport call_indirect now
INFO:root:unsupport call_indirect now
INFO:root:unsupport call_indirect now
INFO:root:unsupport call_indirect now
INFO:root:unsupport call_indirect now
INFO:root:unsupport call_indirect now
INFO:root:unsupport call_indirect now
INFO:root:unsupport call_indirect now
INFO:root:unsupport call_indirect now
INFO:root:unsupport call_indirect now
INFO:root:unsupport call_indirect now
INFO:root:unsupport call_indirect now
INFO:root:unsupport call_indirect now
INFO:root:unsupport call_indirect now
INFO:root:unsupport call_indirect now
INFO:__main__:used memory: -17 M
INFO:__main__:FuncIndex is 151, time overhead is 2.6413934230804443
INFO:__main__:used memory: 0 M
INFO:__main__:FuncIndex is 152, time overhead is 0.04171609878540039
INFO:__main__:used memory: 5 M
INFO:__main__:FuncIndex is 153, time overhead is 10.4223952293396
INFO:__main__:used memory: 1 M
INFO:__main__:FuncIndex is 154, time overhead is 0.029868602752685547
INFO:root:unsupport call_indirect now
INFO:root:unsupport call_indirect now
INFO:root:unsupport call_indirect now
INFO:root:unsupport call_indirect now
INFO:root:unsupport call_indirect now
INFO:root:unsupport call_indirect now
INFO:root:unsupport call_indirect now
INFO:root:unsupport call_indirect now
INFO:root:unsupport call_indirect now
INFO:root:unsupport call_indirect now
INFO:__main__:[exception] used memory: 0 M
INFO:__main__:[exception] FuncIndex is 155, time overhead is 1.2472219467163086
INFO:root:unsupport call_indirect now
INFO:root:unsupport call_indirect now
INFO:root:unsupport call_indirect now
INFO:root:unsupport call_indirect now
INFO:root:unsupport call_indirect now
INFO:root:unsupport call_indirect now
INFO:root:unsupport call_indirect now
INFO:root:unsupport call_indirect now
INFO:root:unsupport call_indirect now
INFO:root:unsupport call_indirect now
INFO:__main__:[exception] used memory: -2 M
INFO:__main__:[exception] FuncIndex is 156, time overhead is 1.26064133644104
INFO:root:
INFO:__main__:used memory: 1 M
INFO:__main__:FuncIndex is 157, time overhead is 0.053902387619018555
INFO:root:unsupport call_indirect now
INFO:__main__:used memory: 0 M
INFO:__main__:FuncIndex is 158, time overhead is 0.06508255004882812
INFO:__main__:used memory: 0 M
INFO:__main__:FuncIndex is 159, time overhead is 0.0655970573425293
INFO:__main__:used memory: -1 M
INFO:__main__:FuncIndex is 160, time overhead is 0.0245511531829834
INFO:__main__:[exception] used memory: 0 M
INFO:__main__:[exception] FuncIndex is 161, time overhead is 0.10531020164489746
INFO:__main__:used memory: 5 M
INFO:__main__:FuncIndex is 162, time overhead is 1.4269347190856934
INFO:__main__:used memory: -2 M
INFO:__main__:FuncIndex is 163, time overhead is 10.050939559936523
INFO:__main__:used memory: 1 M
INFO:__main__:FuncIndex is 164, time overhead is 0.05948686599731445
INFO:__main__:used memory: -1 M
INFO:__main__:FuncIndex is 165, time overhead is 0.0661771297454834
INFO:__main__:used memory: 0 M
INFO:__main__:FuncIndex is 166, time overhead is 0.02281332015991211
INFO:root:
INFO:__main__:used memory: 0 M
INFO:__main__:FuncIndex is 167, time overhead is 0.03092789649963379
INFO:__main__:used memory: 0 M
INFO:__main__:FuncIndex is 168, time overhead is 0.518038272857666
INFO:__main__:used memory: 0 M
INFO:__main__:FuncIndex is 169, time overhead is 0.0337979793548584
INFO:__main__:used memory: 0 M
INFO:__main__:FuncIndex is 170, time overhead is 0.08247804641723633
INFO:__main__:used memory: -7 M
INFO:__main__:FuncIndex is 171, time overhead is 42.029837131500244
INFO:root:unsupport call_indirect now
INFO:root:unsupport call_indirect now
INFO:root:unsupport call_indirect now
INFO:root:unsupport call_indirect now
INFO:root:unsupport call_indirect now
INFO:root:unsupport call_indirect now
INFO:root:unsupport call_indirect now
INFO:root:unsupport call_indirect now
INFO:root:unsupport call_indirect now
INFO:root:unsupport call_indirect now
INFO:root:unsupport call_indirect now
INFO:root:unsupport call_indirect now
INFO:root:unsupport call_indirect now
INFO:root:unsupport call_indirect now
INFO:root:unsupport call_indirect now
INFO:root:unsupport call_indirect now
INFO:root:unsupport call_indirect now
INFO:root:unsupport call_indirect now
INFO:root:unsupport call_indirect now
INFO:root:unsupport call_indirect now
INFO:root:unsupport call_indirect now
INFO:root:unsupport call_indirect now
INFO:root:unsupport call_indirect now
INFO:root:unsupport call_indirect now
INFO:root:unsupport call_indirect now
INFO:root:unsupport call_indirect now
INFO:root:unsupport call_indirect now
INFO:root:unsupport call_indirect now
INFO:root:unsupport call_indirect now
INFO:root:unsupport call_indirect now
INFO:root:unsupport call_indirect now
INFO:root:unsupport call_indirect now
INFO:root:unsupport call_indirect now
INFO:root:unsupport call_indirect now
INFO:root:unsupport call_indirect now
INFO:root:unsupport call_indirect now
INFO:root:unsupport call_indirect now
INFO:root:unsupport call_indirect now
INFO:root:unsupport call_indirect now
INFO:root:unsupport call_indirect now
INFO:root:unsupport call_indirect now
INFO:root:unsupport call_indirect now
INFO:root:unsupport call_indirect now
INFO:root:unsupport call_indirect now
INFO:root:unsupport call_indirect now
INFO:root:unsupport call_indirect now
INFO:root:unsupport call_indirect now
INFO:root:unsupport call_indirect now
INFO:root:unsupport call_indirect now
INFO:root:unsupport call_indirect now
INFO:root:unsupport call_indirect now
INFO:root:unsupport call_indirect now
INFO:root:unsupport call_indirect now
INFO:root:unsupport call_indirect now
INFO:root:unsupport call_indirect now
INFO:root:unsupport call_indirect now
INFO:root:unsupport call_indirect now
INFO:root:unsupport call_indirect now
INFO:root:unsupport call_indirect now
INFO:root:unsupport call_indirect now
INFO:root:unsupport call_indirect now
INFO:root:unsupport call_indirect now
INFO:root:unsupport call_indirect now
INFO:root:unsupport call_indirect now
INFO:root:unsupport call_indirect now
INFO:root:unsupport call_indirect now
INFO:root:unsupport call_indirect now
INFO:root:unsupport call_indirect now
INFO:root:unsupport call_indirect now
INFO:root:unsupport call_indirect now
INFO:root:unsupport call_indirect now
INFO:root:unsupport call_indirect now
INFO:root:unsupport call_indirect now
INFO:root:unsupport call_indirect now
INFO:root:unsupport call_indirect now
INFO:__main__:[exception] used memory: 0 M
INFO:__main__:[exception] FuncIndex is 172, time overhead is 91.63636350631714
INFO:__main__:used memory: -1 M
INFO:__main__:FuncIndex is 173, time overhead is 1.0993030071258545
INFO:__main__:used memory: 0 M
INFO:__main__:FuncIndex is 174, time overhead is 0.03216433525085449
INFO:__main__:used memory: 0 M
INFO:__main__:FuncIndex is 175, time overhead is 0.10394406318664551
INFO:root:unsupport call_indirect now
INFO:root:unsupport call_indirect now
INFO:root:unsupport call_indirect now
INFO:root:unsupport call_indirect now
INFO:root:unsupport call_indirect now
INFO:root:unsupport call_indirect now
INFO:root:unsupport call_indirect now
INFO:root:unsupport call_indirect now
INFO:root:unsupport call_indirect now
INFO:root:unsupport call_indirect now
INFO:root:unsupport call_indirect now
INFO:__main__:used memory: 7 M
INFO:__main__:FuncIndex is 176, time overhead is 3.5154531002044678
INFO:__main__:used memory: 0 M
INFO:__main__:FuncIndex is 177, time overhead is 0.12170839309692383
INFO:__main__:used memory: 0 M
INFO:__main__:FuncIndex is 178, time overhead is 0.026369094848632812
INFO:__main__:used memory: 0 M
INFO:__main__:FuncIndex is 179, time overhead is 0.11839032173156738
INFO:__main__:used memory: 0 M
INFO:__main__:FuncIndex is 180, time overhead is 0.1461186408996582
INFO:root:b'Sorts (_ BitVec 32) and (_ BitVec 64) are incompatible'
INFO:__main__:used memory: 0 M
INFO:__main__:FuncIndex is 181, time overhead is 0.03264188766479492
INFO:root:unsupport call_indirect now
INFO:root:unsupport call_indirect now
INFO:root:unsupport call_indirect now
INFO:root:unsupport call_indirect now
INFO:root:unsupport call_indirect now
INFO:root:unsupport call_indirect now
INFO:root:unsupport call_indirect now
INFO:root:unsupport call_indirect now
INFO:root:unsupport call_indirect now
INFO:root:unsupport call_indirect now
INFO:root:unsupport call_indirect now
INFO:root:unsupport call_indirect now
INFO:root:unsupport call_indirect now
INFO:root:unsupport call_indirect now
INFO:root:unsupport call_indirect now
INFO:root:unsupport call_indirect now
INFO:root:unsupport call_indirect now
INFO:root:unsupport call_indirect now
INFO:root:unsupport call_indirect now
INFO:root:unsupport call_indirect now
INFO:root:unsupport call_indirect now
INFO:root:unsupport call_indirect now
INFO:root:unsupport call_indirect now
INFO:root:unsupport call_indirect now
INFO:root:unsupport call_indirect now
INFO:root:unsupport call_indirect now
INFO:root:unsupport call_indirect now
INFO:root:unsupport call_indirect now
INFO:root:unsupport call_indirect now
INFO:root:unsupport call_indirect now
INFO:root:unsupport call_indirect now
INFO:root:unsupport call_indirect now
INFO:root:unsupport call_indirect now
INFO:root:unsupport call_indirect now
INFO:root:unsupport call_indirect now
INFO:root:unsupport call_indirect now
INFO:root:unsupport call_indirect now
INFO:root:unsupport call_indirect now
INFO:root:unsupport call_indirect now
INFO:root:unsupport call_indirect now
INFO:root:unsupport call_indirect now
INFO:root:unsupport call_indirect now
INFO:root:unsupport call_indirect now
INFO:root:unsupport call_indirect now
INFO:root:unsupport call_indirect now
INFO:root:unsupport call_indirect now
INFO:root:unsupport call_indirect now
INFO:root:unsupport call_indirect now
INFO:root:unsupport call_indirect now
INFO:root:unsupport call_indirect now
INFO:root:unsupport call_indirect now
INFO:root:unsupport call_indirect now
INFO:root:unsupport call_indirect now
INFO:root:unsupport call_indirect now
INFO:root:unsupport call_indirect now
INFO:root:unsupport call_indirect now
INFO:root:unsupport call_indirect now
INFO:root:unsupport call_indirect now
INFO:root:unsupport call_indirect now
INFO:root:unsupport call_indirect now
INFO:root:unsupport call_indirect now
INFO:root:unsupport call_indirect now
INFO:root:unsupport call_indirect now
INFO:root:unsupport call_indirect now
INFO:root:unsupport call_indirect now
INFO:root:unsupport call_indirect now
INFO:root:unsupport call_indirect now
INFO:root:unsupport call_indirect now
INFO:root:unsupport call_indirect now
INFO:root:unsupport call_indirect now
INFO:root:unsupport call_indirect now
INFO:root:unsupport call_indirect now
INFO:root:unsupport call_indirect now
INFO:root:unsupport call_indirect now
INFO:root:unsupport call_indirect now
INFO:root:unsupport call_indirect now
INFO:root:unsupport call_indirect now
INFO:root:unsupport call_indirect now
INFO:root:unsupport call_indirect now
INFO:root:unsupport call_indirect now
INFO:root:unsupport call_indirect now
INFO:root:unsupport call_indirect now
INFO:root:unsupport call_indirect now
INFO:root:unsupport call_indirect now
INFO:root:unsupport call_indirect now
INFO:root:unsupport call_indirect now
INFO:root:unsupport call_indirect now
INFO:root:unsupport call_indirect now
INFO:root:unsupport call_indirect now
INFO:root:unsupport call_indirect now
INFO:root:unsupport call_indirect now
INFO:root:unsupport call_indirect now
INFO:root:unsupport call_indirect now
INFO:root:unsupport call_indirect now
INFO:root:unsupport call_indirect now
INFO:root:unsupport call_indirect now
INFO:root:unsupport call_indirect now
INFO:root:unsupport call_indirect now
INFO:root:unsupport call_indirect now
INFO:root:unsupport call_indirect now
INFO:root:unsupport call_indirect now
INFO:root:unsupport call_indirect now
INFO:root:unsupport call_indirect now
INFO:root:unsupport call_indirect now
INFO:root:unsupport call_indirect now
INFO:root:unsupport call_indirect now
INFO:root:unsupport call_indirect now
INFO:root:unsupport call_indirect now
INFO:root:unsupport call_indirect now
INFO:root:unsupport call_indirect now
INFO:root:unsupport call_indirect now
INFO:root:unsupport call_indirect now
INFO:root:unsupport call_indirect now
INFO:root:unsupport call_indirect now
INFO:root:unsupport call_indirect now
INFO:root:unsupport call_indirect now
INFO:root:unsupport call_indirect now
INFO:root:unsupport call_indirect now
INFO:root:unsupport call_indirect now
INFO:root:unsupport call_indirect now
INFO:root:unsupport call_indirect now
INFO:root:unsupport call_indirect now
INFO:root:unsupport call_indirect now
INFO:root:unsupport call_indirect now
INFO:root:unsupport call_indirect now
INFO:root:unsupport call_indirect now
INFO:root:unsupport call_indirect now
INFO:root:unsupport call_indirect now
INFO:root:unsupport call_indirect now
INFO:root:unsupport call_indirect now
INFO:root:unsupport call_indirect now
INFO:root:unsupport call_indirect now
INFO:root:unsupport call_indirect now
INFO:root:unsupport call_indirect now
INFO:root:unsupport call_indirect now
INFO:root:unsupport call_indirect now
INFO:root:unsupport call_indirect now
INFO:root:unsupport call_indirect now
INFO:root:unsupport call_indirect now
INFO:root:unsupport call_indirect now
INFO:root:unsupport call_indirect now
INFO:root:unsupport call_indirect now
INFO:root:unsupport call_indirect now
INFO:root:unsupport call_indirect now
INFO:root:unsupport call_indirect now
INFO:root:unsupport call_indirect now
INFO:root:unsupport call_indirect now
INFO:root:unsupport call_indirect now
INFO:root:unsupport call_indirect now
INFO:root:unsupport call_indirect now
INFO:root:unsupport call_indirect now
INFO:root:unsupport call_indirect now
INFO:root:unsupport call_indirect now
INFO:root:unsupport call_indirect now
INFO:root:unsupport call_indirect now
INFO:root:unsupport call_indirect now
INFO:root:unsupport call_indirect now
INFO:root:unsupport call_indirect now
INFO:root:unsupport call_indirect now
INFO:root:unsupport call_indirect now
INFO:root:unsupport call_indirect now
INFO:root:unsupport call_indirect now
INFO:root:unsupport call_indirect now
INFO:root:unsupport call_indirect now
INFO:root:unsupport call_indirect now
INFO:root:unsupport call_indirect now
INFO:root:unsupport call_indirect now
INFO:root:unsupport call_indirect now
INFO:root:unsupport call_indirect now
INFO:root:unsupport call_indirect now
INFO:root:unsupport call_indirect now
INFO:root:unsupport call_indirect now
INFO:root:unsupport call_indirect now
INFO:root:unsupport call_indirect now
INFO:root:unsupport call_indirect now
INFO:root:unsupport call_indirect now
INFO:root:unsupport call_indirect now
INFO:root:unsupport call_indirect now
INFO:root:unsupport call_indirect now
INFO:root:unsupport call_indirect now
INFO:root:unsupport call_indirect now
INFO:root:unsupport call_indirect now
INFO:root:unsupport call_indirect now
INFO:root:unsupport call_indirect now
INFO:root:unsupport call_indirect now
INFO:root:unsupport call_indirect now
INFO:root:unsupport call_indirect now
INFO:root:unsupport call_indirect now
INFO:root:unsupport call_indirect now
INFO:root:unsupport call_indirect now
INFO:root:unsupport call_indirect now
INFO:root:unsupport call_indirect now
INFO:root:unsupport call_indirect now
INFO:root:unsupport call_indirect now
INFO:root:unsupport call_indirect now
INFO:root:unsupport call_indirect now
INFO:root:unsupport call_indirect now
INFO:root:unsupport call_indirect now
INFO:root:unsupport call_indirect now
INFO:root:unsupport call_indirect now
INFO:root:unsupport call_indirect now
INFO:root:unsupport call_indirect now
INFO:root:unsupport call_indirect now
INFO:root:unsupport call_indirect now
INFO:root:unsupport call_indirect now
INFO:root:unsupport call_indirect now
INFO:root:unsupport call_indirect now
INFO:root:unsupport call_indirect now
INFO:root:unsupport call_indirect now
INFO:root:unsupport call_indirect now
INFO:root:unsupport call_indirect now
INFO:root:unsupport call_indirect now
INFO:root:unsupport call_indirect now
INFO:root:unsupport call_indirect now
INFO:root:unsupport call_indirect now
INFO:root:unsupport call_indirect now
INFO:root:unsupport call_indirect now
INFO:root:unsupport call_indirect now
INFO:root:unsupport call_indirect now
INFO:root:unsupport call_indirect now
INFO:root:unsupport call_indirect now
INFO:__main__:[exception] used memory: 0 M
INFO:__main__:[exception] FuncIndex is 182, time overhead is 90.11752700805664
INFO:__main__:used memory: 0 M
INFO:__main__:FuncIndex is 183, time overhead is 2.318549871444702
INFO:root:unsupport call_indirect now
INFO:root:unsupport call_indirect now
INFO:root:unsupport call_indirect now
INFO:root:unsupport call_indirect now
INFO:root:unsupport call_indirect now
INFO:root:unsupport call_indirect now
INFO:root:unsupport call_indirect now
INFO:root:unsupport call_indirect now
INFO:root:unsupport call_indirect now
INFO:root:unsupport call_indirect now
INFO:root:unsupport call_indirect now
INFO:root:unsupport call_indirect now
INFO:root:unsupport call_indirect now
INFO:root:unsupport call_indirect now
INFO:root:unsupport call_indirect now
INFO:root:unsupport call_indirect now
INFO:root:unsupport call_indirect now
INFO:root:unsupport call_indirect now
INFO:root:unsupport call_indirect now
INFO:root:unsupport call_indirect now
INFO:root:unsupport call_indirect now
INFO:root:unsupport call_indirect now
INFO:root:unsupport call_indirect now
INFO:root:unsupport call_indirect now
INFO:root:unsupport call_indirect now
INFO:root:unsupport call_indirect now
INFO:root:unsupport call_indirect now
INFO:root:unsupport call_indirect now
INFO:root:unsupport call_indirect now
INFO:root:unsupport call_indirect now
INFO:root:unsupport call_indirect now
INFO:root:unsupport call_indirect now
INFO:root:unsupport call_indirect now
INFO:root:unsupport call_indirect now
INFO:root:unsupport call_indirect now
INFO:root:unsupport call_indirect now
INFO:root:unsupport call_indirect now
INFO:root:unsupport call_indirect now
INFO:root:unsupport call_indirect now
INFO:root:
INFO:root:
INFO:root:
INFO:root:
INFO:root:
INFO:root:
INFO:root:
INFO:root:unsupport call_indirect now
INFO:root:
INFO:root:
INFO:root:
INFO:root:
INFO:root:
INFO:root:
INFO:root:
INFO:root:
INFO:root:unsupport call_indirect now
INFO:root:unsupport call_indirect now
INFO:root:unsupport call_indirect now
INFO:root:
INFO:root:
INFO:root:
INFO:root:
INFO:root:
INFO:root:
INFO:root:
INFO:root:
INFO:root:unsupport call_indirect now
INFO:root:
INFO:root:
INFO:root:
INFO:root:
INFO:root:
INFO:root:
INFO:root:
INFO:root:
INFO:root:unsupport call_indirect now
INFO:root:unsupport call_indirect now
INFO:root:unsupport call_indirect now
INFO:root:unsupport call_indirect now
INFO:root:unsupport call_indirect now
INFO:root:unsupport call_indirect now
INFO:root:unsupport call_indirect now
INFO:root:unsupport call_indirect now
INFO:root:unsupport call_indirect now
INFO:root:unsupport call_indirect now
INFO:root:unsupport call_indirect now
INFO:root:unsupport call_indirect now
INFO:root:unsupport call_indirect now
INFO:root:unsupport call_indirect now
INFO:root:unsupport call_indirect now
INFO:root:unsupport call_indirect now
INFO:root:unsupport call_indirect now
INFO:root:unsupport call_indirect now
INFO:root:unsupport call_indirect now
INFO:root:unsupport call_indirect now
INFO:root:unsupport call_indirect now
INFO:root:unsupport call_indirect now
INFO:root:unsupport call_indirect now
INFO:root:unsupport call_indirect now
INFO:root:unsupport call_indirect now
INFO:root:unsupport call_indirect now
INFO:root:unsupport call_indirect now
INFO:root:unsupport call_indirect now
INFO:root:unsupport call_indirect now
INFO:root:unsupport call_indirect now
INFO:root:unsupport call_indirect now
INFO:root:unsupport call_indirect now
INFO:root:unsupport call_indirect now
INFO:root:unsupport call_indirect now
INFO:root:unsupport call_indirect now
INFO:root:unsupport call_indirect now
INFO:root:unsupport call_indirect now
INFO:root:unsupport call_indirect now
INFO:root:unsupport call_indirect now
INFO:root:unsupport call_indirect now
INFO:root:unsupport call_indirect now
INFO:root:unsupport call_indirect now
INFO:root:
INFO:root:
INFO:root:
INFO:root:
INFO:root:
INFO:root:
INFO:root:
INFO:root:
INFO:root:
INFO:root:
INFO:root:
INFO:root:
INFO:root:
INFO:root:
INFO:root:
INFO:root:unsupport call_indirect now
INFO:root:
INFO:root:
INFO:root:
INFO:root:
INFO:root:
INFO:root:
INFO:root:
INFO:root:
INFO:root:
INFO:root:
INFO:root:
INFO:root:
INFO:root:
INFO:root:
INFO:root:
INFO:root:
INFO:root:
INFO:root:
INFO:root:
INFO:__main__:[exception] used memory: 1 M
INFO:__main__:[exception] FuncIndex is 184, time overhead is 27.4195396900177
INFO:root:unsupport call_indirect now
INFO:root:unsupport call_indirect now
INFO:root:unsupport call_indirect now
INFO:root:unsupport call_indirect now
INFO:root:unsupport call_indirect now
INFO:root:unsupport call_indirect now
INFO:root:unsupport call_indirect now
INFO:root:unsupport call_indirect now
INFO:root:unsupport call_indirect now
INFO:root:unsupport call_indirect now
INFO:root:unsupport call_indirect now
INFO:root:unsupport call_indirect now
INFO:root:unsupport call_indirect now
INFO:root:unsupport call_indirect now
INFO:root:unsupport call_indirect now
INFO:root:unsupport call_indirect now
INFO:root:unsupport call_indirect now
INFO:root:unsupport call_indirect now
INFO:root:unsupport call_indirect now
INFO:root:unsupport call_indirect now
INFO:root:unsupport call_indirect now
INFO:root:unsupport call_indirect now
INFO:root:unsupport call_indirect now
INFO:root:unsupport call_indirect now
INFO:root:unsupport call_indirect now
INFO:root:unsupport call_indirect now
INFO:root:unsupport call_indirect now
INFO:root:unsupport call_indirect now
INFO:root:unsupport call_indirect now
INFO:root:unsupport call_indirect now
INFO:root:unsupport call_indirect now
INFO:root:unsupport call_indirect now
INFO:root:unsupport call_indirect now
INFO:root:unsupport call_indirect now
INFO:root:unsupport call_indirect now
INFO:root:unsupport call_indirect now
INFO:root:unsupport call_indirect now
INFO:root:unsupport call_indirect now
INFO:root:unsupport call_indirect now
INFO:root:
INFO:root:
INFO:root:
INFO:root:
INFO:root:
INFO:root:
INFO:root:
INFO:root:unsupport call_indirect now
INFO:root:
INFO:root:
INFO:root:
INFO:root:
INFO:root:
INFO:root:
INFO:root:
INFO:root:
INFO:root:unsupport call_indirect now
INFO:root:unsupport call_indirect now
INFO:root:unsupport call_indirect now
INFO:root:unsupport call_indirect now
INFO:root:unsupport call_indirect now
INFO:root:unsupport call_indirect now
INFO:root:unsupport call_indirect now
INFO:root:unsupport call_indirect now
INFO:root:unsupport call_indirect now
INFO:root:unsupport call_indirect now
INFO:root:unsupport call_indirect now
INFO:root:unsupport call_indirect now
INFO:root:unsupport call_indirect now
INFO:root:unsupport call_indirect now
INFO:root:unsupport call_indirect now
INFO:root:unsupport call_indirect now
INFO:root:unsupport call_indirect now
INFO:root:unsupport call_indirect now
INFO:root:unsupport call_indirect now
INFO:root:unsupport call_indirect now
INFO:root:unsupport call_indirect now
INFO:root:unsupport call_indirect now
INFO:root:unsupport call_indirect now
INFO:root:unsupport call_indirect now
INFO:root:unsupport call_indirect now
INFO:root:unsupport call_indirect now
INFO:root:unsupport call_indirect now
INFO:root:unsupport call_indirect now
INFO:root:unsupport call_indirect now
INFO:root:unsupport call_indirect now
INFO:root:unsupport call_indirect now
INFO:root:unsupport call_indirect now
INFO:root:unsupport call_indirect now
INFO:root:unsupport call_indirect now
INFO:root:unsupport call_indirect now
INFO:root:unsupport call_indirect now
INFO:root:unsupport call_indirect now
INFO:root:unsupport call_indirect now
INFO:root:unsupport call_indirect now
INFO:root:unsupport call_indirect now
INFO:root:unsupport call_indirect now
INFO:root:unsupport call_indirect now
INFO:root:unsupport call_indirect now
INFO:root:unsupport call_indirect now
INFO:root:unsupport call_indirect now
INFO:root:unsupport call_indirect now
INFO:root:unsupport call_indirect now
INFO:root:unsupport call_indirect now
INFO:root:unsupport call_indirect now
INFO:root:
INFO:root:unsupport call_indirect now
INFO:root:unsupport call_indirect now
INFO:root:unsupport call_indirect now
INFO:root:
INFO:root:unsupport call_indirect now
INFO:root:unsupport call_indirect now
INFO:root:unsupport call_indirect now
INFO:root:
INFO:root:unsupport call_indirect now
INFO:root:unsupport call_indirect now
INFO:root:unsupport call_indirect now
INFO:root:
INFO:root:unsupport call_indirect now
INFO:root:unsupport call_indirect now
INFO:root:unsupport call_indirect now
INFO:root:unsupport call_indirect now
INFO:root:unsupport call_indirect now
INFO:root:unsupport call_indirect now
INFO:root:unsupport call_indirect now
INFO:root:unsupport call_indirect now
INFO:root:unsupport call_indirect now
INFO:root:unsupport call_indirect now
INFO:root:unsupport call_indirect now
INFO:root:unsupport call_indirect now
INFO:root:unsupport call_indirect now
INFO:root:unsupport call_indirect now
INFO:root:unsupport call_indirect now
INFO:root:unsupport call_indirect now
INFO:root:unsupport call_indirect now
INFO:root:unsupport call_indirect now
INFO:root:unsupport call_indirect now
INFO:root:unsupport call_indirect now
INFO:root:unsupport call_indirect now
INFO:root:unsupport call_indirect now
INFO:root:unsupport call_indirect now
INFO:root:unsupport call_indirect now
INFO:root:unsupport call_indirect now
INFO:root:unsupport call_indirect now
INFO:root:unsupport call_indirect now
INFO:root:unsupport call_indirect now
INFO:root:unsupport call_indirect now
INFO:root:unsupport call_indirect now
INFO:root:unsupport call_indirect now
INFO:root:unsupport call_indirect now
INFO:root:
INFO:root:unsupport call_indirect now
INFO:root:unsupport call_indirect now
INFO:root:unsupport call_indirect now
INFO:root:unsupport call_indirect now
INFO:root:unsupport call_indirect now
INFO:root:unsupport call_indirect now
INFO:root:unsupport call_indirect now
INFO:root:unsupport call_indirect now
INFO:root:unsupport call_indirect now
INFO:root:unsupport call_indirect now
INFO:root:unsupport call_indirect now
INFO:root:unsupport call_indirect now
INFO:root:unsupport call_indirect now
INFO:root:unsupport call_indirect now
INFO:root:unsupport call_indirect now
INFO:root:unsupport call_indirect now
INFO:root:unsupport call_indirect now
INFO:root:unsupport call_indirect now
INFO:root:unsupport call_indirect now
INFO:root:unsupport call_indirect now
INFO:root:unsupport call_indirect now
INFO:root:unsupport call_indirect now
INFO:root:unsupport call_indirect now
INFO:root:unsupport call_indirect now
INFO:root:unsupport call_indirect now
INFO:root:unsupport call_indirect now
INFO:root:unsupport call_indirect now
INFO:root:unsupport call_indirect now
INFO:root:unsupport call_indirect now
INFO:root:unsupport call_indirect now
INFO:root:unsupport call_indirect now
INFO:root:unsupport call_indirect now
INFO:root:
INFO:root:
INFO:root:unsupport call_indirect now
INFO:root:
INFO:root:
INFO:root:
INFO:root:
INFO:root:
INFO:root:unsupport call_indirect now
INFO:root:
INFO:root:unsupport call_indirect now
INFO:root:
INFO:root:
INFO:root:
INFO:root:
INFO:root:
INFO:root:
INFO:root:
INFO:root:unsupport call_indirect now
INFO:root:unsupport call_indirect now
INFO:root:unsupport call_indirect now
INFO:root:unsupport call_indirect now
INFO:root:unsupport call_indirect now
INFO:root:unsupport call_indirect now
INFO:__main__:[exception] used memory: 1 M
INFO:__main__:[exception] FuncIndex is 185, time overhead is 90.01391673088074
INFO:root:unsupport call_indirect now
INFO:__main__:[exception] used memory: -1 M
INFO:__main__:[exception] FuncIndex is 186, time overhead is 0.11766171455383301
INFO:__main__:used memory: 0 M
INFO:__main__:FuncIndex is 187, time overhead is 0.06857466697692871
INFO:root:b'Sorts (_ BitVec 32) and (_ BitVec 64) are incompatible'
INFO:__main__:used memory: -1 M
INFO:__main__:FuncIndex is 188, time overhead is 0.04918074607849121
INFO:__main__:used memory: 1 M
INFO:__main__:FuncIndex is 189, time overhead is 0.028052568435668945
INFO:root:
INFO:root:
INFO:root:
INFO:root:
INFO:__main__:used memory: -1 M
INFO:__main__:FuncIndex is 190, time overhead is 1.0738425254821777
INFO:__main__:used memory: 0 M
INFO:__main__:FuncIndex is 191, time overhead is 0.10709857940673828
INFO:root:unsupport call_indirect now
INFO:__main__:used memory: -4 M
INFO:__main__:FuncIndex is 192, time overhead is 1.060901165008545
INFO:__main__:used memory: 0 M
INFO:__main__:FuncIndex is 193, time overhead is 0.13454937934875488
INFO:root:unsupport call_indirect now
INFO:root:unsupport call_indirect now
INFO:root:unsupport call_indirect now
INFO:__main__:[exception] used memory: -1 M
INFO:__main__:[exception] FuncIndex is 194, time overhead is 0.23452401161193848
INFO:__main__:used memory: 0 M
INFO:__main__:FuncIndex is 195, time overhead is 0.03927803039550781
INFO:__main__:used memory: 0 M
INFO:__main__:FuncIndex is 196, time overhead is 0.05400514602661133
INFO:__main__:used memory: 306 M
INFO:__main__:FuncIndex is 197, time overhead is 86.20113492012024
INFO:root:unsupport call_indirect now
INFO:root:unsupport call_indirect now
INFO:root:unsupport call_indirect now
INFO:root:unsupport call_indirect now
INFO:root:unsupport call_indirect now
INFO:__main__:used memory: 5 M
INFO:__main__:FuncIndex is 198, time overhead is 0.9160788059234619
INFO:root:unsupport call_indirect now
INFO:root:unsupport call_indirect now
INFO:__main__:used memory: 1 M
INFO:__main__:FuncIndex is 199, time overhead is 0.345916748046875
INFO:__main__:used memory: 20 M
INFO:__main__:FuncIndex is 200, time overhead is 1.4120724201202393
INFO:__main__:All time: 723.2232253551483
