INFO:__main__:FuncIndex is 1601, start time is 1620731063.4498007
INFO:__main__:FuncIndex is 1601, end time is 1620731063.698558
INFO:__main__:used memory: 9 M
INFO:__main__:FuncIndex is 1601, time overhead is 0.24875736236572266
INFO:__main__:FuncIndex is 1602, start time is 1620731063.699377
INFO:__main__:FuncIndex is 1602, end time is 1620731063.7866836
INFO:__main__:used memory: 1 M
INFO:__main__:FuncIndex is 1602, time overhead is 0.08730649948120117
INFO:__main__:FuncIndex is 1603, start time is 1620731063.7886963
INFO:__main__:FuncIndex is 1603, end time is 1620731064.2468865
INFO:__main__:used memory: 14 M
INFO:__main__:FuncIndex is 1603, time overhead is 0.4581902027130127
INFO:__main__:FuncIndex is 1604, start time is 1620731064.2493167
INFO:__main__:FuncIndex is 1604, end time is 1620731064.7847426
INFO:__main__:used memory: 4 M
INFO:__main__:FuncIndex is 1604, time overhead is 0.5354259014129639
INFO:__main__:FuncIndex is 1605, start time is 1620731064.7855296
INFO:__main__:FuncIndex is 1605, end time is 1620731064.867404
INFO:__main__:used memory: 0 M
INFO:__main__:FuncIndex is 1605, time overhead is 0.08187437057495117
INFO:__main__:FuncIndex is 1606, start time is 1620731064.8681972
INFO:__main__:[exception] used memory: 0 M
INFO:__main__:[exception] FuncIndex is 1606, time overhead is 0.0007276535034179688
INFO:__main__:FuncIndex is 1607, start time is 1620731064.8692493
INFO:root:
INFO:__main__:FuncIndex is 1607, end time is 1620731065.0158503
INFO:__main__:used memory: 3 M
INFO:__main__:FuncIndex is 1607, time overhead is 0.14660096168518066
INFO:__main__:FuncIndex is 1608, start time is 1620731065.018379
INFO:__main__:FuncIndex is 1608, end time is 1620731066.6487775
INFO:__main__:used memory: 8 M
INFO:__main__:FuncIndex is 1608, time overhead is 1.6303985118865967
INFO:__main__:FuncIndex is 1609, start time is 1620731066.6495285
INFO:__main__:FuncIndex is 1609, end time is 1620731066.9440556
INFO:__main__:used memory: -12 M
INFO:__main__:FuncIndex is 1609, time overhead is 0.2945270538330078
INFO:__main__:FuncIndex is 1610, start time is 1620731066.944931
INFO:__main__:FuncIndex is 1610, end time is 1620731067.654797
INFO:__main__:used memory: 0 M
INFO:__main__:FuncIndex is 1610, time overhead is 0.7098660469055176
INFO:__main__:FuncIndex is 1611, start time is 1620731067.657135
INFO:__main__:FuncIndex is 1611, end time is 1620731067.7174747
INFO:__main__:used memory: 1 M
INFO:__main__:FuncIndex is 1611, time overhead is 0.06033968925476074
INFO:__main__:FuncIndex is 1612, start time is 1620731067.7196171
INFO:__main__:FuncIndex is 1612, end time is 1620731067.771301
INFO:__main__:used memory: -1 M
INFO:__main__:FuncIndex is 1612, time overhead is 0.051683902740478516
INFO:__main__:FuncIndex is 1613, start time is 1620731067.7737458
INFO:__main__:[exception] used memory: 0 M
INFO:__main__:[exception] FuncIndex is 1613, time overhead is 0.3800976276397705
INFO:__main__:FuncIndex is 1614, start time is 1620731068.1545045
INFO:__main__:FuncIndex is 1614, end time is 1620731068.7439241
INFO:__main__:used memory: 3 M
INFO:__main__:FuncIndex is 1614, time overhead is 0.5894196033477783
INFO:__main__:FuncIndex is 1615, start time is 1620731068.7462823
INFO:__main__:FuncIndex is 1615, end time is 1620731068.8376448
INFO:__main__:used memory: 1 M
INFO:__main__:FuncIndex is 1615, time overhead is 0.09136247634887695
INFO:__main__:FuncIndex is 1616, start time is 1620731068.841615
INFO:__main__:[exception] used memory: 0 M
INFO:__main__:[exception] FuncIndex is 1616, time overhead is 0.40859389305114746
INFO:__main__:FuncIndex is 1617, start time is 1620731069.252211
INFO:__main__:FuncIndex is 1617, end time is 1620731069.3735197
INFO:__main__:used memory: 3 M
INFO:__main__:FuncIndex is 1617, time overhead is 0.12130856513977051
INFO:__main__:FuncIndex is 1618, start time is 1620731069.3764827
INFO:__main__:FuncIndex is 1618, end time is 1620731072.846831
INFO:__main__:used memory: 19 M
INFO:__main__:FuncIndex is 1618, time overhead is 3.470348358154297
INFO:__main__:FuncIndex is 1619, start time is 1620731072.852309
INFO:__main__:FuncIndex is 1619, end time is 1620731072.9023774
INFO:__main__:used memory: 1 M
INFO:__main__:FuncIndex is 1619, time overhead is 0.05006837844848633
INFO:__main__:FuncIndex is 1620, start time is 1620731072.90318
INFO:__main__:FuncIndex is 1620, end time is 1620731072.964576
INFO:__main__:used memory: -2 M
INFO:__main__:FuncIndex is 1620, time overhead is 0.061396121978759766
INFO:__main__:FuncIndex is 1621, start time is 1620731072.9652777
INFO:__main__:FuncIndex is 1621, end time is 1620731073.0480094
INFO:__main__:used memory: 0 M
INFO:__main__:FuncIndex is 1621, time overhead is 0.08273172378540039
INFO:__main__:FuncIndex is 1622, start time is 1620731073.048743
INFO:__main__:FuncIndex is 1622, end time is 1620731073.9769058
INFO:__main__:used memory: 6 M
INFO:__main__:FuncIndex is 1622, time overhead is 0.9281628131866455
INFO:__main__:FuncIndex is 1623, start time is 1620731073.9790633
INFO:__main__:FuncIndex is 1623, end time is 1620731074.4342172
INFO:__main__:used memory: -9 M
INFO:__main__:FuncIndex is 1623, time overhead is 0.4551539421081543
INFO:__main__:FuncIndex is 1624, start time is 1620731074.4384117
INFO:__main__:FuncIndex is 1624, end time is 1620731074.5000615
INFO:__main__:used memory: 0 M
INFO:__main__:FuncIndex is 1624, time overhead is 0.06164979934692383
INFO:__main__:FuncIndex is 1625, start time is 1620731074.500799
INFO:__main__:[exception] used memory: 0 M
INFO:__main__:[exception] FuncIndex is 1625, time overhead is 0.0013349056243896484
INFO:__main__:FuncIndex is 1626, start time is 1620731074.5024753
INFO:__main__:FuncIndex is 1626, end time is 1620731074.5362751
INFO:__main__:used memory: 1 M
INFO:__main__:FuncIndex is 1626, time overhead is 0.03379988670349121
INFO:__main__:FuncIndex is 1627, start time is 1620731074.537054
INFO:__main__:FuncIndex is 1627, end time is 1620731074.5775483
INFO:__main__:used memory: -1 M
INFO:__main__:FuncIndex is 1627, time overhead is 0.04049420356750488
INFO:__main__:FuncIndex is 1628, start time is 1620731074.580463
INFO:__main__:FuncIndex is 1628, end time is 1620731074.65601
INFO:__main__:used memory: 0 M
INFO:__main__:FuncIndex is 1628, time overhead is 0.0755469799041748
INFO:__main__:FuncIndex is 1629, start time is 1620731074.658532
INFO:__main__:FuncIndex is 1629, end time is 1620731074.7251897
INFO:__main__:used memory: 0 M
INFO:__main__:FuncIndex is 1629, time overhead is 0.06665778160095215
INFO:__main__:FuncIndex is 1630, start time is 1620731074.7277782
INFO:__main__:FuncIndex is 1630, end time is 1620731074.7666183
INFO:__main__:used memory: 1 M
INFO:__main__:FuncIndex is 1630, time overhead is 0.03884005546569824
INFO:__main__:FuncIndex is 1631, start time is 1620731074.767304
INFO:__main__:FuncIndex is 1631, end time is 1620731074.8073983
INFO:__main__:used memory: -1 M
INFO:__main__:FuncIndex is 1631, time overhead is 0.04009437561035156
INFO:__main__:FuncIndex is 1632, start time is 1620731074.808208
INFO:__main__:FuncIndex is 1632, end time is 1620731074.8475196
INFO:__main__:used memory: 0 M
INFO:__main__:FuncIndex is 1632, time overhead is 0.03931164741516113
INFO:__main__:FuncIndex is 1633, start time is 1620731074.8489978
INFO:__main__:FuncIndex is 1633, end time is 1620731074.8887544
INFO:__main__:used memory: 0 M
INFO:__main__:FuncIndex is 1633, time overhead is 0.03975653648376465
INFO:__main__:FuncIndex is 1634, start time is 1620731074.8913734
INFO:__main__:FuncIndex is 1634, end time is 1620731074.9315703
INFO:__main__:used memory: 0 M
INFO:__main__:FuncIndex is 1634, time overhead is 0.040196895599365234
INFO:__main__:FuncIndex is 1635, start time is 1620731074.934308
INFO:__main__:FuncIndex is 1635, end time is 1620731085.3892353
INFO:__main__:used memory: -1 M
INFO:__main__:FuncIndex is 1635, time overhead is 10.454927206039429
INFO:__main__:FuncIndex is 1636, start time is 1620731085.3920803
INFO:__main__:FuncIndex is 1636, end time is 1620731114.8044531
INFO:__main__:used memory: 6 M
INFO:__main__:FuncIndex is 1636, time overhead is 29.412372827529907
INFO:__main__:FuncIndex is 1637, start time is 1620731114.8070016
INFO:__main__:FuncIndex is 1637, end time is 1620731114.8447556
INFO:__main__:used memory: 1 M
INFO:__main__:FuncIndex is 1637, time overhead is 0.037754058837890625
INFO:__main__:FuncIndex is 1638, start time is 1620731114.8455489
INFO:__main__:FuncIndex is 1638, end time is 1620731114.9793859
INFO:__main__:used memory: 4 M
INFO:__main__:FuncIndex is 1638, time overhead is 0.13383698463439941
INFO:__main__:FuncIndex is 1639, start time is 1620731114.9801447
INFO:__main__:FuncIndex is 1639, end time is 1620731115.7713306
INFO:__main__:used memory: -2 M
INFO:__main__:FuncIndex is 1639, time overhead is 0.7911858558654785
INFO:__main__:FuncIndex is 1640, start time is 1620731115.773968
INFO:__main__:FuncIndex is 1640, end time is 1620731115.8624804
INFO:__main__:used memory: 0 M
INFO:__main__:FuncIndex is 1640, time overhead is 0.08851242065429688
INFO:__main__:FuncIndex is 1641, start time is 1620731115.8658648
INFO:__main__:FuncIndex is 1641, end time is 1620731116.1651866
INFO:__main__:used memory: 0 M
INFO:__main__:FuncIndex is 1641, time overhead is 0.29932188987731934
INFO:__main__:FuncIndex is 1642, start time is 1620731116.1676106
INFO:__main__:FuncIndex is 1642, end time is 1620731116.2019246
INFO:__main__:used memory: 1 M
INFO:__main__:FuncIndex is 1642, time overhead is 0.03431391716003418
INFO:__main__:FuncIndex is 1643, start time is 1620731116.2065692
INFO:__main__:[exception] used memory: 0 M
INFO:__main__:[exception] FuncIndex is 1643, time overhead is 0.0036237239837646484
INFO:__main__:FuncIndex is 1644, start time is 1620731116.2105618
INFO:__main__:[exception] used memory: 0 M
INFO:__main__:[exception] FuncIndex is 1644, time overhead is 0.00418400764465332
INFO:__main__:FuncIndex is 1645, start time is 1620731116.2150757
INFO:__main__:FuncIndex is 1645, end time is 1620731116.3686767
INFO:__main__:used memory: 3 M
INFO:__main__:FuncIndex is 1645, time overhead is 0.15360093116760254
INFO:__main__:FuncIndex is 1646, start time is 1620731116.371169
INFO:__main__:FuncIndex is 1646, end time is 1620731116.6995158
INFO:__main__:used memory: -3 M
INFO:__main__:FuncIndex is 1646, time overhead is 0.32834672927856445
INFO:__main__:FuncIndex is 1647, start time is 1620731116.7005243
INFO:__main__:FuncIndex is 1647, end time is 1620731116.744429
INFO:__main__:used memory: 0 M
INFO:__main__:FuncIndex is 1647, time overhead is 0.043904781341552734
INFO:__main__:FuncIndex is 1648, start time is 1620731116.7451887
INFO:__main__:[exception] used memory: 0 M
INFO:__main__:[exception] FuncIndex is 1648, time overhead is 0.04083752632141113
INFO:__main__:FuncIndex is 1649, start time is 1620731116.7869568
INFO:__main__:FuncIndex is 1649, end time is 1620731143.3652887
INFO:__main__:used memory: 0 M
INFO:__main__:FuncIndex is 1649, time overhead is 26.57833194732666
INFO:__main__:FuncIndex is 1650, start time is 1620731143.3692317
INFO:__main__:FuncIndex is 1650, end time is 1620731144.0655851
INFO:__main__:used memory: 0 M
INFO:__main__:FuncIndex is 1650, time overhead is 0.6963534355163574
INFO:__main__:FuncIndex is 1651, start time is 1620731144.0692945
INFO:__main__:FuncIndex is 1651, end time is 1620731144.2512128
INFO:__main__:used memory: 0 M
INFO:__main__:FuncIndex is 1651, time overhead is 0.18191838264465332
INFO:__main__:FuncIndex is 1652, start time is 1620731144.2538633
INFO:__main__:FuncIndex is 1652, end time is 1620731144.2959867
INFO:__main__:used memory: 0 M
INFO:__main__:FuncIndex is 1652, time overhead is 0.04212331771850586
INFO:__main__:FuncIndex is 1653, start time is 1620731144.2966285
INFO:__main__:FuncIndex is 1653, end time is 1620731144.3397295
INFO:__main__:used memory: 1 M
INFO:__main__:FuncIndex is 1653, time overhead is 0.04310107231140137
INFO:__main__:FuncIndex is 1654, start time is 1620731144.3404036
INFO:__main__:FuncIndex is 1654, end time is 1620731145.002703
INFO:__main__:used memory: 3 M
INFO:__main__:FuncIndex is 1654, time overhead is 0.662299394607544
INFO:__main__:FuncIndex is 1655, start time is 1620731145.0053267
INFO:__main__:FuncIndex is 1655, end time is 1620731145.288648
INFO:__main__:used memory: 0 M
INFO:__main__:FuncIndex is 1655, time overhead is 0.2833211421966553
INFO:__main__:FuncIndex is 1656, start time is 1620731145.291167
INFO:__main__:[exception] used memory: 10 M
INFO:__main__:[exception] FuncIndex is 1656, time overhead is 93.6268539428711
INFO:__main__:FuncIndex is 1657, start time is 1620731238.9392154
INFO:__main__:FuncIndex is 1657, end time is 1620731239.1523252
INFO:__main__:used memory: -1 M
INFO:__main__:FuncIndex is 1657, time overhead is 0.21310973167419434
INFO:__main__:FuncIndex is 1658, start time is 1620731239.1532881
INFO:__main__:FuncIndex is 1658, end time is 1620731239.3722878
INFO:__main__:used memory: 0 M
INFO:__main__:FuncIndex is 1658, time overhead is 0.21899962425231934
INFO:__main__:FuncIndex is 1659, start time is 1620731239.3749053
INFO:__main__:FuncIndex is 1659, end time is 1620731239.4122696
INFO:__main__:used memory: 0 M
INFO:__main__:FuncIndex is 1659, time overhead is 0.03736424446105957
INFO:__main__:FuncIndex is 1660, start time is 1620731239.4129145
INFO:__main__:FuncIndex is 1660, end time is 1620731239.448389
INFO:__main__:used memory: -1 M
INFO:__main__:FuncIndex is 1660, time overhead is 0.035474538803100586
INFO:__main__:FuncIndex is 1661, start time is 1620731239.4514024
INFO:__main__:FuncIndex is 1661, end time is 1620731239.496234
INFO:__main__:used memory: 0 M
INFO:__main__:FuncIndex is 1661, time overhead is 0.04483151435852051
INFO:__main__:FuncIndex is 1662, start time is 1620731239.4972374
INFO:__main__:FuncIndex is 1662, end time is 1620731239.8989518
INFO:__main__:used memory: -1 M
INFO:__main__:FuncIndex is 1662, time overhead is 0.4017143249511719
INFO:__main__:FuncIndex is 1663, start time is 1620731239.9016337
INFO:__main__:FuncIndex is 1663, end time is 1620731244.313978
INFO:__main__:used memory: 0 M
INFO:__main__:FuncIndex is 1663, time overhead is 4.412344217300415
INFO:__main__:FuncIndex is 1664, start time is 1620731244.3148587
INFO:__main__:FuncIndex is 1664, end time is 1620731244.4921808
INFO:__main__:used memory: 0 M
INFO:__main__:FuncIndex is 1664, time overhead is 0.1773221492767334
INFO:__main__:FuncIndex is 1665, start time is 1620731244.4948583
INFO:__main__:FuncIndex is 1665, end time is 1620731244.996113
INFO:__main__:used memory: 4 M
INFO:__main__:FuncIndex is 1665, time overhead is 0.5012547969818115
INFO:__main__:FuncIndex is 1666, start time is 1620731244.9989865
INFO:__main__:[exception] used memory: 5 M
INFO:__main__:[exception] FuncIndex is 1666, time overhead is 100.32520031929016
INFO:__main__:FuncIndex is 1667, start time is 1620731345.3298216
INFO:__main__:FuncIndex is 1667, end time is 1620731345.3773537
INFO:__main__:used memory: 0 M
INFO:__main__:FuncIndex is 1667, time overhead is 0.047532081604003906
INFO:__main__:FuncIndex is 1668, start time is 1620731345.3806217
INFO:__main__:FuncIndex is 1668, end time is 1620731345.4327009
INFO:__main__:used memory: 1 M
INFO:__main__:FuncIndex is 1668, time overhead is 0.052079200744628906
INFO:__main__:FuncIndex is 1669, start time is 1620731345.435502
INFO:__main__:FuncIndex is 1669, end time is 1620731345.6197937
INFO:__main__:used memory: 0 M
INFO:__main__:FuncIndex is 1669, time overhead is 0.18429160118103027
INFO:__main__:FuncIndex is 1670, start time is 1620731345.6227057
INFO:__main__:FuncIndex is 1670, end time is 1620731346.1211085
INFO:__main__:used memory: 5 M
INFO:__main__:FuncIndex is 1670, time overhead is 0.49840283393859863
INFO:__main__:FuncIndex is 1671, start time is 1620731346.1241608
INFO:__main__:FuncIndex is 1671, end time is 1620731346.167561
INFO:__main__:used memory: 0 M
INFO:__main__:FuncIndex is 1671, time overhead is 0.04340028762817383
INFO:__main__:FuncIndex is 1672, start time is 1620731346.1683772
INFO:__main__:FuncIndex is 1672, end time is 1620731346.2092557
INFO:__main__:used memory: 0 M
INFO:__main__:FuncIndex is 1672, time overhead is 0.0408785343170166
INFO:__main__:FuncIndex is 1673, start time is 1620731346.2099833
INFO:__main__:FuncIndex is 1673, end time is 1620731346.3816583
INFO:__main__:used memory: -1 M
INFO:__main__:FuncIndex is 1673, time overhead is 0.1716749668121338
INFO:__main__:FuncIndex is 1674, start time is 1620731346.3845694
INFO:__main__:FuncIndex is 1674, end time is 1620731346.4685326
INFO:__main__:used memory: 0 M
INFO:__main__:FuncIndex is 1674, time overhead is 0.08396315574645996
INFO:__main__:FuncIndex is 1675, start time is 1620731346.4711213
INFO:__main__:FuncIndex is 1675, end time is 1620731346.5121949
INFO:__main__:used memory: 0 M
INFO:__main__:FuncIndex is 1675, time overhead is 0.04107356071472168
INFO:__main__:FuncIndex is 1676, start time is 1620731346.512884
INFO:__main__:FuncIndex is 1676, end time is 1620731346.5532598
INFO:__main__:used memory: 1 M
INFO:__main__:FuncIndex is 1676, time overhead is 0.04037594795227051
INFO:__main__:FuncIndex is 1677, start time is 1620731346.5539281
INFO:__main__:FuncIndex is 1677, end time is 1620731346.624917
INFO:__main__:used memory: -1 M
INFO:__main__:FuncIndex is 1677, time overhead is 0.07098889350891113
INFO:__main__:FuncIndex is 1678, start time is 1620731346.6257813
INFO:__main__:FuncIndex is 1678, end time is 1620731346.6906648
INFO:__main__:used memory: 0 M
INFO:__main__:FuncIndex is 1678, time overhead is 0.06488347053527832
INFO:__main__:FuncIndex is 1679, start time is 1620731346.6935196
INFO:root:
INFO:__main__:FuncIndex is 1679, end time is 1620731346.7255275
INFO:__main__:used memory: 0 M
INFO:__main__:FuncIndex is 1679, time overhead is 0.03200793266296387
INFO:__main__:FuncIndex is 1680, start time is 1620731346.7262354
INFO:__main__:FuncIndex is 1680, end time is 1620731348.9249973
INFO:__main__:used memory: -3 M
INFO:__main__:FuncIndex is 1680, time overhead is 2.1987619400024414
INFO:__main__:FuncIndex is 1681, start time is 1620731348.9284241
INFO:__main__:FuncIndex is 1681, end time is 1620731348.9722471
INFO:__main__:used memory: 0 M
INFO:__main__:FuncIndex is 1681, time overhead is 0.0438230037689209
INFO:__main__:FuncIndex is 1682, start time is 1620731348.972967
INFO:__main__:FuncIndex is 1682, end time is 1620731349.0126326
INFO:__main__:used memory: 1 M
INFO:__main__:FuncIndex is 1682, time overhead is 0.03966569900512695
INFO:__main__:FuncIndex is 1683, start time is 1620731349.0134785
INFO:__main__:FuncIndex is 1683, end time is 1620731349.0407977
INFO:__main__:used memory: 1 M
INFO:__main__:FuncIndex is 1683, time overhead is 0.02731919288635254
INFO:__main__:FuncIndex is 1684, start time is 1620731349.0414736
INFO:__main__:FuncIndex is 1684, end time is 1620731349.0694294
INFO:__main__:used memory: -1 M
INFO:__main__:FuncIndex is 1684, time overhead is 0.02795577049255371
INFO:__main__:FuncIndex is 1685, start time is 1620731349.0701532
INFO:__main__:FuncIndex is 1685, end time is 1620731349.0984652
INFO:__main__:used memory: 0 M
INFO:__main__:FuncIndex is 1685, time overhead is 0.028311967849731445
INFO:__main__:FuncIndex is 1686, start time is 1620731349.0991237
INFO:__main__:FuncIndex is 1686, end time is 1620731349.126866
INFO:__main__:used memory: 1 M
INFO:__main__:FuncIndex is 1686, time overhead is 0.027742385864257812
INFO:__main__:FuncIndex is 1687, start time is 1620731349.1276739
INFO:__main__:FuncIndex is 1687, end time is 1620731349.174151
INFO:__main__:used memory: 0 M
INFO:__main__:FuncIndex is 1687, time overhead is 0.04647707939147949
INFO:__main__:FuncIndex is 1688, start time is 1620731349.176957
INFO:__main__:FuncIndex is 1688, end time is 1620731349.2156007
INFO:__main__:used memory: 1 M
INFO:__main__:FuncIndex is 1688, time overhead is 0.038643836975097656
INFO:__main__:FuncIndex is 1689, start time is 1620731349.2165616
INFO:__main__:FuncIndex is 1689, end time is 1620731349.2506194
INFO:__main__:used memory: 0 M
INFO:__main__:FuncIndex is 1689, time overhead is 0.0340578556060791
INFO:__main__:FuncIndex is 1690, start time is 1620731349.2512853
INFO:__main__:FuncIndex is 1690, end time is 1620731349.2975256
INFO:__main__:used memory: -1 M
INFO:__main__:FuncIndex is 1690, time overhead is 0.04624032974243164
INFO:__main__:FuncIndex is 1691, start time is 1620731349.3002284
INFO:__main__:[exception] used memory: 0 M
INFO:__main__:[exception] FuncIndex is 1691, time overhead is 0.02071094512939453
INFO:__main__:FuncIndex is 1692, start time is 1620731349.3219512
INFO:__main__:FuncIndex is 1692, end time is 1620731349.3648973
INFO:__main__:used memory: 1 M
INFO:__main__:FuncIndex is 1692, time overhead is 0.04294610023498535
INFO:__main__:FuncIndex is 1693, start time is 1620731349.3674583
INFO:__main__:FuncIndex is 1693, end time is 1620731349.3957646
INFO:__main__:used memory: 0 M
INFO:__main__:FuncIndex is 1693, time overhead is 0.028306245803833008
INFO:__main__:FuncIndex is 1694, start time is 1620731349.396561
INFO:__main__:FuncIndex is 1694, end time is 1620731349.4254565
INFO:__main__:used memory: 1 M
INFO:__main__:FuncIndex is 1694, time overhead is 0.02889561653137207
INFO:__main__:FuncIndex is 1695, start time is 1620731349.4261472
INFO:__main__:FuncIndex is 1695, end time is 1620731349.4547408
INFO:__main__:used memory: -1 M
INFO:__main__:FuncIndex is 1695, time overhead is 0.02859354019165039
INFO:__main__:FuncIndex is 1696, start time is 1620731349.4554365
INFO:__main__:FuncIndex is 1696, end time is 1620731349.4838753
INFO:__main__:used memory: 1 M
INFO:__main__:FuncIndex is 1696, time overhead is 0.028438806533813477
INFO:__main__:FuncIndex is 1697, start time is 1620731349.4845543
INFO:__main__:FuncIndex is 1697, end time is 1620731349.5116816
INFO:__main__:used memory: 0 M
INFO:__main__:FuncIndex is 1697, time overhead is 0.02712726593017578
INFO:__main__:FuncIndex is 1698, start time is 1620731349.5124888
INFO:__main__:FuncIndex is 1698, end time is 1620731349.5407376
INFO:__main__:used memory: 0 M
INFO:__main__:FuncIndex is 1698, time overhead is 0.02824878692626953
INFO:__main__:FuncIndex is 1699, start time is 1620731349.5414104
INFO:__main__:FuncIndex is 1699, end time is 1620731349.5692167
INFO:__main__:used memory: 0 M
INFO:__main__:FuncIndex is 1699, time overhead is 0.02780628204345703
INFO:__main__:FuncIndex is 1700, start time is 1620731349.5698752
INFO:__main__:FuncIndex is 1700, end time is 1620731349.5974207
INFO:__main__:used memory: 1 M
INFO:__main__:FuncIndex is 1700, time overhead is 0.027545452117919922
INFO:__main__:FuncIndex is 1701, start time is 1620731349.5980299
INFO:__main__:FuncIndex is 1701, end time is 1620731349.625762
INFO:__main__:used memory: -2 M
INFO:__main__:FuncIndex is 1701, time overhead is 0.027732133865356445
INFO:__main__:FuncIndex is 1702, start time is 1620731349.6264026
INFO:__main__:FuncIndex is 1702, end time is 1620731349.846313
INFO:__main__:used memory: 8 M
INFO:__main__:FuncIndex is 1702, time overhead is 0.2199103832244873
INFO:__main__:FuncIndex is 1703, start time is 1620731349.8493743
INFO:__main__:FuncIndex is 1703, end time is 1620731349.9364762
INFO:__main__:used memory: 1 M
INFO:__main__:FuncIndex is 1703, time overhead is 0.08710193634033203
INFO:__main__:FuncIndex is 1704, start time is 1620731349.9394305
INFO:root:
INFO:__main__:FuncIndex is 1704, end time is 1620731349.9713383
INFO:__main__:used memory: 0 M
INFO:__main__:FuncIndex is 1704, time overhead is 0.03190779685974121
INFO:__main__:FuncIndex is 1705, start time is 1620731349.9722776
INFO:__main__:FuncIndex is 1705, end time is 1620731350.0004632
INFO:__main__:used memory: 0 M
INFO:__main__:FuncIndex is 1705, time overhead is 0.028185606002807617
INFO:__main__:FuncIndex is 1706, start time is 1620731350.0011432
INFO:__main__:[exception] used memory: 0 M
INFO:__main__:[exception] FuncIndex is 1706, time overhead is 0.0012519359588623047
INFO:__main__:FuncIndex is 1707, start time is 1620731350.0027108
INFO:__main__:FuncIndex is 1707, end time is 1620731350.0730112
INFO:__main__:used memory: 2 M
INFO:__main__:FuncIndex is 1707, time overhead is 0.07030034065246582
INFO:__main__:FuncIndex is 1708, start time is 1620731350.0736678
INFO:__main__:FuncIndex is 1708, end time is 1620731350.3173108
INFO:__main__:used memory: 3 M
INFO:__main__:FuncIndex is 1708, time overhead is 0.24364304542541504
INFO:__main__:FuncIndex is 1709, start time is 1620731350.318264
INFO:__main__:FuncIndex is 1709, end time is 1620731351.1969666
INFO:__main__:used memory: 5 M
INFO:__main__:FuncIndex is 1709, time overhead is 0.8787026405334473
INFO:__main__:FuncIndex is 1710, start time is 1620731351.198689
INFO:__main__:[exception] used memory: 2 M
INFO:__main__:[exception] FuncIndex is 1710, time overhead is 0.38422250747680664
INFO:__main__:FuncIndex is 1711, start time is 1620731351.583585
INFO:__main__:[exception] used memory: -11 M
INFO:__main__:[exception] FuncIndex is 1711, time overhead is 10.04662299156189
INFO:__main__:FuncIndex is 1712, start time is 1620731361.6312
INFO:__main__:FuncIndex is 1712, end time is 1620731361.7060819
INFO:__main__:used memory: -2 M
INFO:__main__:FuncIndex is 1712, time overhead is 0.07488179206848145
INFO:__main__:FuncIndex is 1713, start time is 1620731361.7090786
INFO:__main__:FuncIndex is 1713, end time is 1620731361.8738182
INFO:__main__:used memory: 0 M
INFO:__main__:FuncIndex is 1713, time overhead is 0.16473960876464844
INFO:__main__:FuncIndex is 1714, start time is 1620731361.8745549
INFO:__main__:FuncIndex is 1714, end time is 1620731361.9469454
INFO:__main__:used memory: 1 M
INFO:__main__:FuncIndex is 1714, time overhead is 0.07239055633544922
INFO:__main__:FuncIndex is 1715, start time is 1620731361.9479651
INFO:__main__:FuncIndex is 1715, end time is 1620731362.0032647
INFO:__main__:used memory: 0 M
INFO:__main__:FuncIndex is 1715, time overhead is 0.05529952049255371
INFO:__main__:FuncIndex is 1716, start time is 1620731362.004248
INFO:__main__:FuncIndex is 1716, end time is 1620731363.9835243
INFO:__main__:used memory: -3 M
INFO:__main__:FuncIndex is 1716, time overhead is 1.979276418685913
INFO:__main__:FuncIndex is 1717, start time is 1620731363.9845679
INFO:__main__:FuncIndex is 1717, end time is 1620731364.5340936
INFO:__main__:used memory: 0 M
INFO:__main__:FuncIndex is 1717, time overhead is 0.5495257377624512
INFO:__main__:FuncIndex is 1718, start time is 1620731364.5349379
INFO:__main__:FuncIndex is 1718, end time is 1620731364.6367238
INFO:__main__:used memory: 0 M
INFO:__main__:FuncIndex is 1718, time overhead is 0.10178589820861816
INFO:__main__:FuncIndex is 1719, start time is 1620731364.6375334
INFO:__main__:FuncIndex is 1719, end time is 1620731373.654019
INFO:__main__:used memory: -1 M
INFO:__main__:FuncIndex is 1719, time overhead is 9.016485691070557
INFO:__main__:FuncIndex is 1720, start time is 1620731373.6548707
INFO:__main__:FuncIndex is 1720, end time is 1620731375.0952377
INFO:__main__:used memory: 8 M
INFO:__main__:FuncIndex is 1720, time overhead is 1.4403669834136963
INFO:__main__:FuncIndex is 1721, start time is 1620731375.0962718
INFO:__main__:FuncIndex is 1721, end time is 1620731375.3844702
INFO:__main__:used memory: 0 M
INFO:__main__:FuncIndex is 1721, time overhead is 0.28819847106933594
INFO:__main__:FuncIndex is 1722, start time is 1620731375.3853889
INFO:__main__:FuncIndex is 1722, end time is 1620731375.4881852
INFO:__main__:used memory: 0 M
INFO:__main__:FuncIndex is 1722, time overhead is 0.10279631614685059
INFO:__main__:FuncIndex is 1723, start time is 1620731375.4890823
INFO:__main__:[exception] used memory: 0 M
INFO:__main__:[exception] FuncIndex is 1723, time overhead is 0.021448135375976562
INFO:__main__:FuncIndex is 1724, start time is 1620731375.5122619
INFO:__main__:FuncIndex is 1724, end time is 1620731375.749138
INFO:__main__:used memory: -8 M
INFO:__main__:FuncIndex is 1724, time overhead is 0.2368762493133545
INFO:__main__:FuncIndex is 1725, start time is 1620731375.7523766
INFO:__main__:FuncIndex is 1725, end time is 1620731375.816054
INFO:__main__:used memory: 0 M
INFO:__main__:FuncIndex is 1725, time overhead is 0.06367754936218262
INFO:__main__:FuncIndex is 1726, start time is 1620731375.8168647
INFO:__main__:FuncIndex is 1726, end time is 1620731376.1943214
INFO:__main__:used memory: 1 M
INFO:__main__:FuncIndex is 1726, time overhead is 0.3774566650390625
INFO:__main__:FuncIndex is 1727, start time is 1620731376.1957512
INFO:__main__:FuncIndex is 1727, end time is 1620731376.4276555
INFO:__main__:used memory: -1 M
INFO:__main__:FuncIndex is 1727, time overhead is 0.2319042682647705
INFO:__main__:FuncIndex is 1728, start time is 1620731376.4303997
INFO:__main__:FuncIndex is 1728, end time is 1620731376.4574356
INFO:__main__:used memory: 1 M
INFO:__main__:FuncIndex is 1728, time overhead is 0.027035951614379883
INFO:__main__:FuncIndex is 1729, start time is 1620731376.4581974
INFO:__main__:FuncIndex is 1729, end time is 1620731376.508928
INFO:__main__:used memory: 0 M
INFO:__main__:FuncIndex is 1729, time overhead is 0.05073070526123047
INFO:__main__:FuncIndex is 1730, start time is 1620731376.5115993
INFO:__main__:FuncIndex is 1730, end time is 1620731376.5494742
INFO:__main__:used memory: -1 M
INFO:__main__:FuncIndex is 1730, time overhead is 0.03787493705749512
INFO:__main__:FuncIndex is 1731, start time is 1620731376.5521858
INFO:__main__:FuncIndex is 1731, end time is 1620731376.595063
INFO:__main__:used memory: 0 M
INFO:__main__:FuncIndex is 1731, time overhead is 0.042877197265625
INFO:__main__:FuncIndex is 1732, start time is 1620731376.5958583
INFO:root:
INFO:__main__:FuncIndex is 1732, end time is 1620731376.8916316
INFO:__main__:used memory: 0 M
INFO:__main__:FuncIndex is 1732, time overhead is 0.2957732677459717
INFO:__main__:FuncIndex is 1733, start time is 1620731376.8926673
INFO:__main__:FuncIndex is 1733, end time is 1620731377.013639
INFO:__main__:used memory: 0 M
INFO:__main__:FuncIndex is 1733, time overhead is 0.1209716796875
INFO:__main__:FuncIndex is 1734, start time is 1620731377.0143785
INFO:__main__:[exception] used memory: 0 M
INFO:__main__:[exception] FuncIndex is 1734, time overhead is 10.06852912902832
INFO:__main__:FuncIndex is 1735, start time is 1620731387.0839913
INFO:__main__:FuncIndex is 1735, end time is 1620731387.4336
INFO:__main__:used memory: 0 M
INFO:__main__:FuncIndex is 1735, time overhead is 0.3496086597442627
INFO:__main__:FuncIndex is 1736, start time is 1620731387.4365814
INFO:root:Timed out!
INFO:__main__:[exception] used memory: 11 M
INFO:__main__:[exception] FuncIndex is 1736, time overhead is 140.01442670822144
INFO:__main__:FuncIndex is 1737, start time is 1620731527.4605374
INFO:__main__:FuncIndex is 1737, end time is 1620731527.4951284
INFO:__main__:used memory: 0 M
INFO:__main__:FuncIndex is 1737, time overhead is 0.034590959548950195
INFO:__main__:FuncIndex is 1738, start time is 1620731527.4960194
INFO:__main__:FuncIndex is 1738, end time is 1620731532.623961
INFO:__main__:used memory: 4 M
INFO:__main__:FuncIndex is 1738, time overhead is 5.127941608428955
INFO:__main__:FuncIndex is 1739, start time is 1620731532.6270478
INFO:__main__:FuncIndex is 1739, end time is 1620731533.506441
INFO:__main__:used memory: 6 M
INFO:__main__:FuncIndex is 1739, time overhead is 0.8793933391571045
INFO:__main__:FuncIndex is 1740, start time is 1620731533.5096169
INFO:__main__:FuncIndex is 1740, end time is 1620731533.5631864
INFO:__main__:used memory: 0 M
INFO:__main__:FuncIndex is 1740, time overhead is 0.05356955528259277
INFO:__main__:FuncIndex is 1741, start time is 1620731533.56635
INFO:__main__:FuncIndex is 1741, end time is 1620731534.5814023
INFO:__main__:used memory: -1 M
INFO:__main__:FuncIndex is 1741, time overhead is 1.015052318572998
INFO:__main__:FuncIndex is 1742, start time is 1620731534.5822198
INFO:__main__:FuncIndex is 1742, end time is 1620731535.0827887
INFO:__main__:used memory: -5 M
INFO:__main__:FuncIndex is 1742, time overhead is 0.5005688667297363
INFO:__main__:FuncIndex is 1743, start time is 1620731535.0858858
INFO:__main__:FuncIndex is 1743, end time is 1620731535.8981717
INFO:__main__:used memory: -1 M
INFO:__main__:FuncIndex is 1743, time overhead is 0.8122859001159668
INFO:__main__:FuncIndex is 1744, start time is 1620731535.901556
INFO:__main__:FuncIndex is 1744, end time is 1620731536.2776377
INFO:__main__:used memory: 0 M
INFO:__main__:FuncIndex is 1744, time overhead is 0.3760817050933838
INFO:__main__:FuncIndex is 1745, start time is 1620731536.2804961
INFO:__main__:FuncIndex is 1745, end time is 1620731536.3616536
INFO:__main__:used memory: 1 M
INFO:__main__:FuncIndex is 1745, time overhead is 0.08115744590759277
INFO:__main__:FuncIndex is 1746, start time is 1620731536.3643901
INFO:__main__:FuncIndex is 1746, end time is 1620731536.8317864
INFO:__main__:used memory: -1 M
INFO:__main__:FuncIndex is 1746, time overhead is 0.46739625930786133
INFO:__main__:FuncIndex is 1747, start time is 1620731536.834913
INFO:__main__:[exception] used memory: 1 M
INFO:__main__:[exception] FuncIndex is 1747, time overhead is 14.155179977416992
INFO:__main__:FuncIndex is 1748, start time is 1620731550.9941533
INFO:__main__:[exception] used memory: -1 M
INFO:__main__:[exception] FuncIndex is 1748, time overhead is 1.0055694580078125
INFO:__main__:FuncIndex is 1749, start time is 1620731552.0029583
INFO:__main__:FuncIndex is 1749, end time is 1620731552.5372653
INFO:__main__:used memory: -1 M
INFO:__main__:FuncIndex is 1749, time overhead is 0.5343070030212402
INFO:__main__:FuncIndex is 1750, start time is 1620731552.540704
INFO:__main__:FuncIndex is 1750, end time is 1620731557.3764968
INFO:__main__:used memory: 36 M
INFO:__main__:FuncIndex is 1750, time overhead is 4.835792779922485
INFO:__main__:FuncIndex is 1751, start time is 1620731557.379344
INFO:__main__:FuncIndex is 1751, end time is 1620731557.9651928
INFO:__main__:used memory: -21 M
INFO:__main__:FuncIndex is 1751, time overhead is 0.5858488082885742
INFO:__main__:FuncIndex is 1752, start time is 1620731557.9681795
INFO:__main__:FuncIndex is 1752, end time is 1620731558.0187259
INFO:__main__:used memory: -4 M
INFO:__main__:FuncIndex is 1752, time overhead is 0.05054640769958496
INFO:__main__:FuncIndex is 1753, start time is 1620731558.021788
INFO:__main__:FuncIndex is 1753, end time is 1620731558.2571492
INFO:__main__:used memory: 1 M
INFO:__main__:FuncIndex is 1753, time overhead is 0.23536133766174316
INFO:__main__:FuncIndex is 1754, start time is 1620731558.2578626
INFO:__main__:[exception] used memory: -1 M
INFO:__main__:[exception] FuncIndex is 1754, time overhead is 0.04209637641906738
INFO:__main__:FuncIndex is 1755, start time is 1620731558.3020277
INFO:__main__:[exception] used memory: 0 M
INFO:__main__:[exception] FuncIndex is 1755, time overhead is 0.01917409896850586
INFO:__main__:FuncIndex is 1756, start time is 1620731558.3216908
INFO:__main__:FuncIndex is 1756, end time is 1620731559.8290222
INFO:__main__:used memory: -2 M
INFO:__main__:FuncIndex is 1756, time overhead is 1.507331371307373
INFO:__main__:FuncIndex is 1757, start time is 1620731559.829876
INFO:__main__:FuncIndex is 1757, end time is 1620731559.9560416
INFO:__main__:used memory: -1 M
INFO:__main__:FuncIndex is 1757, time overhead is 0.12616562843322754
INFO:__main__:FuncIndex is 1758, start time is 1620731559.958975
INFO:__main__:FuncIndex is 1758, end time is 1620731560.1689186
INFO:__main__:used memory: -2 M
INFO:__main__:FuncIndex is 1758, time overhead is 0.20994353294372559
INFO:__main__:FuncIndex is 1759, start time is 1620731560.1698508
INFO:__main__:FuncIndex is 1759, end time is 1620731560.332659
INFO:__main__:used memory: 0 M
INFO:__main__:FuncIndex is 1759, time overhead is 0.16280817985534668
INFO:__main__:FuncIndex is 1760, start time is 1620731560.335299
INFO:__main__:FuncIndex is 1760, end time is 1620731560.3904767
INFO:__main__:used memory: -1 M
INFO:__main__:FuncIndex is 1760, time overhead is 0.05517768859863281
INFO:__main__:FuncIndex is 1761, start time is 1620731560.391177
INFO:__main__:FuncIndex is 1761, end time is 1620731560.4442337
INFO:__main__:used memory: 0 M
INFO:__main__:FuncIndex is 1761, time overhead is 0.05305671691894531
INFO:__main__:FuncIndex is 1762, start time is 1620731560.4470105
INFO:__main__:FuncIndex is 1762, end time is 1620731560.6232228
INFO:__main__:used memory: 0 M
INFO:__main__:FuncIndex is 1762, time overhead is 0.17621231079101562
INFO:__main__:FuncIndex is 1763, start time is 1620731560.626362
INFO:__main__:FuncIndex is 1763, end time is 1620731560.6716936
INFO:__main__:used memory: 0 M
INFO:__main__:FuncIndex is 1763, time overhead is 0.045331478118896484
INFO:__main__:FuncIndex is 1764, start time is 1620731560.6743066
INFO:__main__:FuncIndex is 1764, end time is 1620731560.8041246
INFO:__main__:used memory: 0 M
INFO:__main__:FuncIndex is 1764, time overhead is 0.12981796264648438
INFO:__main__:FuncIndex is 1765, start time is 1620731560.8069124
INFO:__main__:FuncIndex is 1765, end time is 1620731560.834051
INFO:__main__:used memory: 1 M
INFO:__main__:FuncIndex is 1765, time overhead is 0.027138471603393555
INFO:__main__:FuncIndex is 1766, start time is 1620731560.8347332
INFO:__main__:FuncIndex is 1766, end time is 1620731561.2468777
INFO:__main__:used memory: -1 M
INFO:__main__:FuncIndex is 1766, time overhead is 0.41214442253112793
INFO:__main__:FuncIndex is 1767, start time is 1620731561.2496972
INFO:__main__:FuncIndex is 1767, end time is 1620731561.3108962
INFO:__main__:used memory: 0 M
INFO:__main__:FuncIndex is 1767, time overhead is 0.06119894981384277
INFO:__main__:FuncIndex is 1768, start time is 1620731561.313744
INFO:__main__:FuncIndex is 1768, end time is 1620731561.374068
INFO:__main__:used memory: 0 M
INFO:__main__:FuncIndex is 1768, time overhead is 0.06032395362854004
INFO:__main__:FuncIndex is 1769, start time is 1620731561.3772967
INFO:root:
INFO:__main__:FuncIndex is 1769, end time is 1620731561.4954724
INFO:__main__:used memory: -1 M
INFO:__main__:FuncIndex is 1769, time overhead is 0.11817574501037598
INFO:__main__:FuncIndex is 1770, start time is 1620731561.49828
INFO:__main__:FuncIndex is 1770, end time is 1620731562.528501
INFO:__main__:used memory: -1 M
INFO:__main__:FuncIndex is 1770, time overhead is 1.0302209854125977
INFO:__main__:FuncIndex is 1771, start time is 1620731562.5314915
INFO:__main__:FuncIndex is 1771, end time is 1620731563.2208784
INFO:__main__:used memory: 0 M
INFO:__main__:FuncIndex is 1771, time overhead is 0.6893868446350098
INFO:__main__:FuncIndex is 1772, start time is 1620731563.2241411
INFO:__main__:FuncIndex is 1772, end time is 1620731563.268532
INFO:__main__:used memory: 0 M
INFO:__main__:FuncIndex is 1772, time overhead is 0.04439091682434082
INFO:__main__:FuncIndex is 1773, start time is 1620731563.271617
INFO:__main__:FuncIndex is 1773, end time is 1620731572.1490505
INFO:__main__:used memory: 16 M
INFO:__main__:FuncIndex is 1773, time overhead is 8.87743353843689
INFO:__main__:FuncIndex is 1774, start time is 1620731572.1522207
INFO:__main__:FuncIndex is 1774, end time is 1620731575.6377516
INFO:__main__:used memory: 3 M
INFO:__main__:FuncIndex is 1774, time overhead is 3.4855308532714844
INFO:__main__:FuncIndex is 1775, start time is 1620731575.638572
INFO:__main__:FuncIndex is 1775, end time is 1620731575.7734945
INFO:__main__:used memory: 1 M
INFO:__main__:FuncIndex is 1775, time overhead is 0.13492250442504883
INFO:__main__:FuncIndex is 1776, start time is 1620731575.7765028
INFO:__main__:[exception] used memory: 0 M
INFO:__main__:[exception] FuncIndex is 1776, time overhead is 0.019780397415161133
INFO:__main__:FuncIndex is 1777, start time is 1620731575.7972643
INFO:__main__:[exception] used memory: -1 M
INFO:__main__:[exception] FuncIndex is 1777, time overhead is 22.496706247329712
INFO:__main__:FuncIndex is 1778, start time is 1620731598.296881
INFO:__main__:FuncIndex is 1778, end time is 1620731598.3210964
INFO:__main__:used memory: 1 M
INFO:__main__:FuncIndex is 1778, time overhead is 0.0242154598236084
INFO:__main__:FuncIndex is 1779, start time is 1620731598.321811
INFO:__main__:FuncIndex is 1779, end time is 1620731598.6822853
INFO:__main__:used memory: 0 M
INFO:__main__:FuncIndex is 1779, time overhead is 0.3604743480682373
INFO:__main__:FuncIndex is 1780, start time is 1620731598.685409
INFO:__main__:FuncIndex is 1780, end time is 1620731598.7120724
INFO:__main__:used memory: 1 M
INFO:__main__:FuncIndex is 1780, time overhead is 0.02666330337524414
INFO:__main__:FuncIndex is 1781, start time is 1620731598.712821
INFO:__main__:FuncIndex is 1781, end time is 1620731598.791122
INFO:__main__:used memory: 1 M
INFO:__main__:FuncIndex is 1781, time overhead is 0.07830095291137695
INFO:__main__:FuncIndex is 1782, start time is 1620731598.791869
INFO:__main__:FuncIndex is 1782, end time is 1620731598.9873693
INFO:__main__:used memory: 1 M
INFO:__main__:FuncIndex is 1782, time overhead is 0.19550037384033203
INFO:__main__:FuncIndex is 1783, start time is 1620731598.99107
INFO:__main__:FuncIndex is 1783, end time is 1620731599.0567558
INFO:__main__:used memory: 0 M
INFO:__main__:FuncIndex is 1783, time overhead is 0.06568574905395508
INFO:__main__:FuncIndex is 1784, start time is 1620731599.0596807
INFO:__main__:FuncIndex is 1784, end time is 1620731599.1840112
INFO:__main__:used memory: 2 M
INFO:__main__:FuncIndex is 1784, time overhead is 0.12433052062988281
INFO:__main__:FuncIndex is 1785, start time is 1620731599.1868415
INFO:__main__:[exception] used memory: 2 M
INFO:__main__:[exception] FuncIndex is 1785, time overhead is 0.12970709800720215
INFO:__main__:FuncIndex is 1786, start time is 1620731599.3195493
INFO:__main__:FuncIndex is 1786, end time is 1620731599.3581831
INFO:__main__:used memory: 0 M
INFO:__main__:FuncIndex is 1786, time overhead is 0.03863382339477539
INFO:__main__:FuncIndex is 1787, start time is 1620731599.3613145
INFO:__main__:FuncIndex is 1787, end time is 1620731599.409267
INFO:__main__:used memory: -1 M
INFO:__main__:FuncIndex is 1787, time overhead is 0.04795241355895996
INFO:__main__:FuncIndex is 1788, start time is 1620731599.4100604
INFO:__main__:FuncIndex is 1788, end time is 1620731599.4399827
INFO:__main__:used memory: 1 M
INFO:__main__:FuncIndex is 1788, time overhead is 0.0299222469329834
INFO:__main__:FuncIndex is 1789, start time is 1620731599.440655
INFO:__main__:FuncIndex is 1789, end time is 1620731599.4794
INFO:__main__:used memory: 0 M
INFO:__main__:FuncIndex is 1789, time overhead is 0.03874492645263672
INFO:__main__:FuncIndex is 1790, start time is 1620731599.4825275
INFO:__main__:FuncIndex is 1790, end time is 1620731599.844886
INFO:__main__:used memory: -18 M
INFO:__main__:FuncIndex is 1790, time overhead is 0.36235857009887695
INFO:__main__:FuncIndex is 1791, start time is 1620731599.845761
INFO:__main__:FuncIndex is 1791, end time is 1620731600.071276
INFO:__main__:used memory: 0 M
INFO:__main__:FuncIndex is 1791, time overhead is 0.22551488876342773
INFO:__main__:FuncIndex is 1792, start time is 1620731600.0740356
INFO:__main__:FuncIndex is 1792, end time is 1620731600.118048
INFO:__main__:used memory: 0 M
INFO:__main__:FuncIndex is 1792, time overhead is 0.04401230812072754
INFO:__main__:FuncIndex is 1793, start time is 1620731600.1186788
INFO:__main__:[exception] used memory: 0 M
INFO:__main__:[exception] FuncIndex is 1793, time overhead is 0.002643108367919922
INFO:__main__:FuncIndex is 1794, start time is 1620731600.1217034
INFO:__main__:FuncIndex is 1794, end time is 1620731600.170021
INFO:__main__:used memory: 0 M
INFO:__main__:FuncIndex is 1794, time overhead is 0.048317670822143555
INFO:__main__:FuncIndex is 1795, start time is 1620731600.170774
INFO:__main__:FuncIndex is 1795, end time is 1620731600.26685
INFO:__main__:used memory: 0 M
INFO:__main__:FuncIndex is 1795, time overhead is 0.09607601165771484
INFO:__main__:FuncIndex is 1796, start time is 1620731600.2695153
INFO:__main__:FuncIndex is 1796, end time is 1620731600.3471606
INFO:__main__:used memory: -1 M
INFO:__main__:FuncIndex is 1796, time overhead is 0.07764530181884766
INFO:__main__:FuncIndex is 1797, start time is 1620731600.3498287
INFO:__main__:FuncIndex is 1797, end time is 1620731621.8210404
INFO:__main__:used memory: 0 M
INFO:__main__:FuncIndex is 1797, time overhead is 21.471211671829224
INFO:__main__:FuncIndex is 1798, start time is 1620731621.8239768
INFO:__main__:FuncIndex is 1798, end time is 1620731643.4738734
INFO:__main__:used memory: 0 M
INFO:__main__:FuncIndex is 1798, time overhead is 21.6498966217041
INFO:__main__:FuncIndex is 1799, start time is 1620731643.4769225
INFO:__main__:FuncIndex is 1799, end time is 1620731643.5375693
INFO:__main__:used memory: 1 M
INFO:__main__:FuncIndex is 1799, time overhead is 0.060646772384643555
INFO:__main__:FuncIndex is 1800, start time is 1620731643.5382497
INFO:root:
INFO:__main__:FuncIndex is 1800, end time is 1620731643.706115
INFO:__main__:used memory: -1 M
INFO:__main__:FuncIndex is 1800, time overhead is 0.16786527633666992
INFO:__main__:All time: 581.5310988426208
