INFO:__main__:FuncIndex is 1201, start time is 1620725577.4664135
INFO:__main__:FuncIndex is 1201, end time is 1620725577.9441264
INFO:__main__:used memory: 9 M
INFO:__main__:FuncIndex is 1201, time overhead is 0.47771286964416504
INFO:__main__:FuncIndex is 1202, start time is 1620725577.9459822
INFO:__main__:FuncIndex is 1202, end time is 1620725577.9846647
INFO:__main__:used memory: 0 M
INFO:__main__:FuncIndex is 1202, time overhead is 0.03868246078491211
INFO:__main__:FuncIndex is 1203, start time is 1620725577.9854062
INFO:__main__:FuncIndex is 1203, end time is 1620725578.4920962
INFO:__main__:used memory: 3 M
INFO:__main__:FuncIndex is 1203, time overhead is 0.5066900253295898
INFO:__main__:FuncIndex is 1204, start time is 1620725578.4942791
INFO:__main__:FuncIndex is 1204, end time is 1620725578.777873
INFO:__main__:used memory: 3 M
INFO:__main__:FuncIndex is 1204, time overhead is 0.28359389305114746
INFO:__main__:FuncIndex is 1205, start time is 1620725578.7787786
INFO:__main__:FuncIndex is 1205, end time is 1620725579.062428
INFO:__main__:used memory: 3 M
INFO:__main__:FuncIndex is 1205, time overhead is 0.2836494445800781
INFO:__main__:FuncIndex is 1206, start time is 1620725579.0634103
INFO:__main__:FuncIndex is 1206, end time is 1620725579.344491
INFO:__main__:used memory: 3 M
INFO:__main__:FuncIndex is 1206, time overhead is 0.2810807228088379
INFO:__main__:FuncIndex is 1207, start time is 1620725579.3451197
INFO:__main__:FuncIndex is 1207, end time is 1620725579.4855428
INFO:__main__:used memory: 2 M
INFO:__main__:FuncIndex is 1207, time overhead is 0.14042305946350098
INFO:__main__:FuncIndex is 1208, start time is 1620725579.48778
INFO:__main__:FuncIndex is 1208, end time is 1620725580.2146719
INFO:__main__:used memory: 5 M
INFO:__main__:FuncIndex is 1208, time overhead is 0.7268917560577393
INFO:__main__:FuncIndex is 1209, start time is 1620725580.2176635
INFO:__main__:FuncIndex is 1209, end time is 1620725580.3241575
INFO:__main__:used memory: 1 M
INFO:__main__:FuncIndex is 1209, time overhead is 0.10649394989013672
INFO:__main__:FuncIndex is 1210, start time is 1620725580.3268597
INFO:__main__:FuncIndex is 1210, end time is 1620725580.4148755
INFO:__main__:used memory: 1 M
INFO:__main__:FuncIndex is 1210, time overhead is 0.08801579475402832
INFO:__main__:FuncIndex is 1211, start time is 1620725580.4171996
INFO:__main__:FuncIndex is 1211, end time is 1620725580.8091886
INFO:__main__:used memory: 3 M
INFO:__main__:FuncIndex is 1211, time overhead is 0.39198899269104004
INFO:__main__:FuncIndex is 1212, start time is 1620725580.81152
INFO:__main__:FuncIndex is 1212, end time is 1620725581.1725163
INFO:__main__:used memory: -8 M
INFO:__main__:FuncIndex is 1212, time overhead is 0.3609962463378906
INFO:__main__:FuncIndex is 1213, start time is 1620725581.1751149
INFO:__main__:FuncIndex is 1213, end time is 1620725581.3600986
INFO:__main__:used memory: -2 M
INFO:__main__:FuncIndex is 1213, time overhead is 0.1849837303161621
INFO:__main__:FuncIndex is 1214, start time is 1620725581.3607242
INFO:__main__:FuncIndex is 1214, end time is 1620725581.5232117
INFO:__main__:used memory: 1 M
INFO:__main__:FuncIndex is 1214, time overhead is 0.16248750686645508
INFO:__main__:FuncIndex is 1215, start time is 1620725581.5246065
INFO:__main__:FuncIndex is 1215, end time is 1620725581.720593
INFO:__main__:used memory: 0 M
INFO:__main__:FuncIndex is 1215, time overhead is 0.19598650932312012
INFO:__main__:FuncIndex is 1216, start time is 1620725581.7214582
INFO:root:
INFO:__main__:FuncIndex is 1216, end time is 1620725581.7536469
INFO:__main__:used memory: 0 M
INFO:__main__:FuncIndex is 1216, time overhead is 0.03218865394592285
INFO:__main__:FuncIndex is 1217, start time is 1620725581.7542117
INFO:root:unsupport call_indirect now
INFO:__main__:FuncIndex is 1217, end time is 1620725581.784359
INFO:__main__:used memory: 0 M
INFO:__main__:FuncIndex is 1217, time overhead is 0.030147314071655273
INFO:__main__:FuncIndex is 1218, start time is 1620725581.7851315
INFO:__main__:[exception] used memory: 0 M
INFO:__main__:[exception] FuncIndex is 1218, time overhead is 0.10996317863464355
INFO:__main__:FuncIndex is 1219, start time is 1620725581.8973038
INFO:__main__:FuncIndex is 1219, end time is 1620725581.9847229
INFO:__main__:used memory: -1 M
INFO:__main__:FuncIndex is 1219, time overhead is 0.08741903305053711
INFO:__main__:FuncIndex is 1220, start time is 1620725581.9853852
INFO:__main__:[exception] used memory: 4 M
INFO:__main__:[exception] FuncIndex is 1220, time overhead is 9.85237431526184
INFO:__main__:FuncIndex is 1221, start time is 1620725591.8404062
INFO:__main__:FuncIndex is 1221, end time is 1620725591.9075139
INFO:__main__:used memory: 0 M
INFO:__main__:FuncIndex is 1221, time overhead is 0.0671076774597168
INFO:__main__:FuncIndex is 1222, start time is 1620725591.9095278
INFO:__main__:FuncIndex is 1222, end time is 1620725591.968069
INFO:__main__:used memory: 0 M
INFO:__main__:FuncIndex is 1222, time overhead is 0.058541297912597656
INFO:__main__:FuncIndex is 1223, start time is 1620725591.9705112
INFO:__main__:FuncIndex is 1223, end time is 1620725592.0307782
INFO:__main__:used memory: 0 M
INFO:__main__:FuncIndex is 1223, time overhead is 0.060266971588134766
INFO:__main__:FuncIndex is 1224, start time is 1620725592.0331776
INFO:__main__:FuncIndex is 1224, end time is 1620725592.0643773
INFO:__main__:used memory: 0 M
INFO:__main__:FuncIndex is 1224, time overhead is 0.03119969367980957
INFO:__main__:FuncIndex is 1225, start time is 1620725592.0665739
INFO:__main__:FuncIndex is 1225, end time is 1620725592.1030931
INFO:__main__:used memory: 0 M
INFO:__main__:FuncIndex is 1225, time overhead is 0.03651928901672363
INFO:__main__:FuncIndex is 1226, start time is 1620725592.1055803
INFO:__main__:FuncIndex is 1226, end time is 1620725592.2515666
INFO:__main__:used memory: 0 M
INFO:__main__:FuncIndex is 1226, time overhead is 0.14598631858825684
INFO:__main__:FuncIndex is 1227, start time is 1620725592.2521784
INFO:__main__:FuncIndex is 1227, end time is 1620725592.3942132
INFO:__main__:used memory: 0 M
INFO:__main__:FuncIndex is 1227, time overhead is 0.14203476905822754
INFO:__main__:FuncIndex is 1228, start time is 1620725592.3965933
INFO:root:unsupport call_indirect now
INFO:root:unsupport call_indirect now
INFO:__main__:FuncIndex is 1228, end time is 1620725592.462807
INFO:__main__:used memory: 2 M
INFO:__main__:FuncIndex is 1228, time overhead is 0.06621360778808594
INFO:__main__:FuncIndex is 1229, start time is 1620725592.465083
INFO:__main__:FuncIndex is 1229, end time is 1620725592.5055013
INFO:__main__:used memory: 1 M
INFO:__main__:FuncIndex is 1229, time overhead is 0.040418386459350586
INFO:__main__:FuncIndex is 1230, start time is 1620725592.5060382
INFO:root:reached unreachable
INFO:__main__:FuncIndex is 1230, end time is 1620725592.7121341
INFO:__main__:used memory: 2 M
INFO:__main__:FuncIndex is 1230, time overhead is 0.20609593391418457
INFO:__main__:FuncIndex is 1231, start time is 1620725592.7127786
INFO:__main__:FuncIndex is 1231, end time is 1620725592.8019514
INFO:__main__:used memory: 2 M
INFO:__main__:FuncIndex is 1231, time overhead is 0.0891728401184082
INFO:__main__:FuncIndex is 1232, start time is 1620725592.8041506
INFO:__main__:FuncIndex is 1232, end time is 1620725592.9124157
INFO:__main__:used memory: 1 M
INFO:__main__:FuncIndex is 1232, time overhead is 0.10826516151428223
INFO:__main__:FuncIndex is 1233, start time is 1620725592.9146574
INFO:__main__:FuncIndex is 1233, end time is 1620725593.002243
INFO:__main__:used memory: 2 M
INFO:__main__:FuncIndex is 1233, time overhead is 0.0875856876373291
INFO:__main__:FuncIndex is 1234, start time is 1620725593.0045836
INFO:__main__:FuncIndex is 1234, end time is 1620725593.2609413
INFO:__main__:used memory: -6 M
INFO:__main__:FuncIndex is 1234, time overhead is 0.25635766983032227
INFO:__main__:FuncIndex is 1235, start time is 1620725593.2631001
INFO:__main__:FuncIndex is 1235, end time is 1620725593.3293867
INFO:__main__:used memory: 0 M
INFO:__main__:FuncIndex is 1235, time overhead is 0.06628656387329102
INFO:__main__:FuncIndex is 1236, start time is 1620725593.332122
INFO:__main__:FuncIndex is 1236, end time is 1620725593.4078374
INFO:__main__:used memory: 0 M
INFO:__main__:FuncIndex is 1236, time overhead is 0.07571530342102051
INFO:__main__:FuncIndex is 1237, start time is 1620725593.4098182
INFO:__main__:FuncIndex is 1237, end time is 1620725594.9575155
INFO:__main__:used memory: 1 M
INFO:__main__:FuncIndex is 1237, time overhead is 1.5476973056793213
INFO:__main__:FuncIndex is 1238, start time is 1620725594.9599996
INFO:__main__:FuncIndex is 1238, end time is 1620725601.5544868
INFO:__main__:used memory: 8 M
INFO:__main__:FuncIndex is 1238, time overhead is 6.594487190246582
INFO:__main__:FuncIndex is 1239, start time is 1620725601.5566063
INFO:__main__:FuncIndex is 1239, end time is 1620725601.656685
INFO:__main__:used memory: 0 M
INFO:__main__:FuncIndex is 1239, time overhead is 0.10007882118225098
INFO:__main__:FuncIndex is 1240, start time is 1620725601.6572826
INFO:__main__:FuncIndex is 1240, end time is 1620725601.6951091
INFO:__main__:used memory: 1 M
INFO:__main__:FuncIndex is 1240, time overhead is 0.0378265380859375
INFO:__main__:FuncIndex is 1241, start time is 1620725601.6958022
INFO:__main__:FuncIndex is 1241, end time is 1620725601.7601254
INFO:__main__:used memory: 0 M
INFO:__main__:FuncIndex is 1241, time overhead is 0.06432318687438965
INFO:__main__:FuncIndex is 1242, start time is 1620725601.7623453
INFO:root:Timed out!
INFO:__main__:[exception] used memory: 1 M
INFO:__main__:[exception] FuncIndex is 1242, time overhead is 46.1756911277771
INFO:__main__:FuncIndex is 1243, start time is 1620725647.9410207
INFO:__main__:FuncIndex is 1243, end time is 1620725721.483835
INFO:__main__:used memory: 149 M
INFO:__main__:FuncIndex is 1243, time overhead is 73.54281425476074
INFO:__main__:FuncIndex is 1244, start time is 1620725721.486606
INFO:__main__:FuncIndex is 1244, end time is 1620725728.5543475
INFO:__main__:used memory: 20 M
INFO:__main__:FuncIndex is 1244, time overhead is 7.067741632461548
INFO:__main__:FuncIndex is 1245, start time is 1620725728.5572398
INFO:root:Timed out!
INFO:__main__:FuncIndex is 1245, end time is 1620725742.4514458
INFO:__main__:used memory: -120 M
INFO:__main__:FuncIndex is 1245, time overhead is 13.894206047058105
INFO:__main__:FuncIndex is 1246, start time is 1620725742.4539635
INFO:__main__:FuncIndex is 1246, end time is 1620725747.057508
INFO:__main__:used memory: -8 M
INFO:__main__:FuncIndex is 1246, time overhead is 4.603544473648071
INFO:__main__:FuncIndex is 1247, start time is 1620725747.0599048
INFO:__main__:FuncIndex is 1247, end time is 1620725747.1374443
INFO:__main__:used memory: -2 M
INFO:__main__:FuncIndex is 1247, time overhead is 0.07753944396972656
INFO:__main__:FuncIndex is 1248, start time is 1620725747.1385121
INFO:__main__:FuncIndex is 1248, end time is 1620725749.8920317
INFO:__main__:used memory: -23 M
INFO:__main__:FuncIndex is 1248, time overhead is 2.7535195350646973
INFO:__main__:FuncIndex is 1249, start time is 1620725749.8943179
INFO:__main__:FuncIndex is 1249, end time is 1620725756.7110937
INFO:__main__:used memory: -1 M
INFO:__main__:FuncIndex is 1249, time overhead is 6.816775798797607
INFO:__main__:FuncIndex is 1250, start time is 1620725756.7139285
INFO:__main__:FuncIndex is 1250, end time is 1620725756.8023767
INFO:__main__:used memory: 0 M
INFO:__main__:FuncIndex is 1250, time overhead is 0.08844828605651855
INFO:__main__:FuncIndex is 1251, start time is 1620725756.8030324
INFO:root:unsupport call_indirect now
INFO:root:unsupport call_indirect now
INFO:__main__:FuncIndex is 1251, end time is 1620725757.0632093
INFO:__main__:used memory: 3 M
INFO:__main__:FuncIndex is 1251, time overhead is 0.2601768970489502
INFO:__main__:FuncIndex is 1252, start time is 1620725757.064003
INFO:__main__:FuncIndex is 1252, end time is 1620725757.1053767
INFO:__main__:used memory: 1 M
INFO:__main__:FuncIndex is 1252, time overhead is 0.04137372970581055
INFO:__main__:FuncIndex is 1253, start time is 1620725757.10599
INFO:__main__:FuncIndex is 1253, end time is 1620725757.2663586
INFO:__main__:used memory: 0 M
INFO:__main__:FuncIndex is 1253, time overhead is 0.1603686809539795
INFO:__main__:FuncIndex is 1254, start time is 1620725757.2690907
INFO:__main__:FuncIndex is 1254, end time is 1620725766.1132302
INFO:__main__:used memory: 28 M
INFO:__main__:FuncIndex is 1254, time overhead is 8.844139575958252
INFO:__main__:FuncIndex is 1255, start time is 1620725766.1153734
INFO:__main__:FuncIndex is 1255, end time is 1620725773.1554615
INFO:__main__:used memory: -12 M
INFO:__main__:FuncIndex is 1255, time overhead is 7.040088176727295
INFO:__main__:FuncIndex is 1256, start time is 1620725773.1578531
INFO:__main__:FuncIndex is 1256, end time is 1620725773.8477333
INFO:__main__:used memory: 10 M
INFO:__main__:FuncIndex is 1256, time overhead is 0.6898801326751709
INFO:__main__:FuncIndex is 1257, start time is 1620725773.8484383
INFO:__main__:FuncIndex is 1257, end time is 1620725773.8821983
INFO:__main__:used memory: 0 M
INFO:__main__:FuncIndex is 1257, time overhead is 0.03376007080078125
INFO:__main__:FuncIndex is 1258, start time is 1620725773.8828297
INFO:__main__:FuncIndex is 1258, end time is 1620725774.1288717
INFO:__main__:used memory: 1 M
INFO:__main__:FuncIndex is 1258, time overhead is 0.24604201316833496
INFO:__main__:FuncIndex is 1259, start time is 1620725774.132658
INFO:__main__:[exception] used memory: 1 M
INFO:__main__:[exception] FuncIndex is 1259, time overhead is 1.1096973419189453
INFO:__main__:FuncIndex is 1260, start time is 1620725775.2470148
INFO:__main__:FuncIndex is 1260, end time is 1620725775.3415306
INFO:__main__:used memory: 0 M
INFO:__main__:FuncIndex is 1260, time overhead is 0.09451580047607422
INFO:__main__:FuncIndex is 1261, start time is 1620725775.3421323
INFO:__main__:FuncIndex is 1261, end time is 1620725775.3849542
INFO:__main__:used memory: 1 M
INFO:__main__:FuncIndex is 1261, time overhead is 0.04282188415527344
INFO:__main__:FuncIndex is 1262, start time is 1620725775.3855388
INFO:root:unsupport call_indirect now
INFO:__main__:FuncIndex is 1262, end time is 1620725775.4203029
INFO:__main__:used memory: 0 M
INFO:__main__:FuncIndex is 1262, time overhead is 0.03476405143737793
INFO:__main__:FuncIndex is 1263, start time is 1620725775.4208689
INFO:__main__:FuncIndex is 1263, end time is 1620725778.3584263
INFO:__main__:used memory: 6 M
INFO:__main__:FuncIndex is 1263, time overhead is 2.9375574588775635
INFO:__main__:FuncIndex is 1264, start time is 1620725778.3615131
INFO:__main__:FuncIndex is 1264, end time is 1620725781.8100886
INFO:__main__:used memory: 7 M
INFO:__main__:FuncIndex is 1264, time overhead is 3.448575496673584
INFO:__main__:FuncIndex is 1265, start time is 1620725781.8133373
INFO:__main__:FuncIndex is 1265, end time is 1620725781.9124796
INFO:__main__:used memory: 2 M
INFO:__main__:FuncIndex is 1265, time overhead is 0.09914231300354004
INFO:__main__:FuncIndex is 1266, start time is 1620725781.9131885
INFO:__main__:FuncIndex is 1266, end time is 1620725781.9561617
INFO:__main__:used memory: 1 M
INFO:__main__:FuncIndex is 1266, time overhead is 0.04297327995300293
INFO:__main__:FuncIndex is 1267, start time is 1620725781.9568217
INFO:__main__:FuncIndex is 1267, end time is 1620725784.5956929
INFO:__main__:used memory: -26 M
INFO:__main__:FuncIndex is 1267, time overhead is 2.638871192932129
INFO:__main__:FuncIndex is 1268, start time is 1620725784.5980258
INFO:__main__:FuncIndex is 1268, end time is 1620725786.0503645
INFO:__main__:used memory: 0 M
INFO:__main__:FuncIndex is 1268, time overhead is 1.452338695526123
INFO:__main__:FuncIndex is 1269, start time is 1620725786.052821
INFO:__main__:FuncIndex is 1269, end time is 1620725786.1746814
INFO:__main__:used memory: 0 M
INFO:__main__:FuncIndex is 1269, time overhead is 0.12186050415039062
INFO:__main__:FuncIndex is 1270, start time is 1620725786.1754131
INFO:__main__:[exception] used memory: 37 M
INFO:__main__:[exception] FuncIndex is 1270, time overhead is 163.82553601264954
INFO:__main__:FuncIndex is 1271, start time is 1620725950.0069606
INFO:__main__:FuncIndex is 1271, end time is 1620725956.9563875
INFO:__main__:used memory: -3 M
INFO:__main__:FuncIndex is 1271, time overhead is 6.949426889419556
INFO:__main__:FuncIndex is 1272, start time is 1620725956.959222
INFO:__main__:FuncIndex is 1272, end time is 1620725962.2093446
INFO:__main__:used memory: 2 M
INFO:__main__:FuncIndex is 1272, time overhead is 5.250122547149658
INFO:__main__:FuncIndex is 1273, start time is 1620725962.2120771
INFO:__main__:FuncIndex is 1273, end time is 1620725966.5500205
INFO:__main__:used memory: -2 M
INFO:__main__:FuncIndex is 1273, time overhead is 4.3379433155059814
INFO:__main__:FuncIndex is 1274, start time is 1620725966.5526826
INFO:__main__:[exception] used memory: 8 M
INFO:__main__:[exception] FuncIndex is 1274, time overhead is 119.4144561290741
INFO:__main__:FuncIndex is 1275, start time is 1620726085.972408
INFO:__main__:FuncIndex is 1275, end time is 1620726139.5095408
INFO:__main__:used memory: 57 M
INFO:__main__:FuncIndex is 1275, time overhead is 53.53713274002075
INFO:__main__:FuncIndex is 1276, start time is 1620726139.5135243
INFO:__main__:FuncIndex is 1276, end time is 1620726140.6207716
INFO:__main__:used memory: -31 M
INFO:__main__:FuncIndex is 1276, time overhead is 1.1072473526000977
INFO:__main__:FuncIndex is 1277, start time is 1620726140.6239843
INFO:__main__:FuncIndex is 1277, end time is 1620726141.8101199
INFO:__main__:used memory: -18 M
INFO:__main__:FuncIndex is 1277, time overhead is 1.1861355304718018
INFO:__main__:FuncIndex is 1278, start time is 1620726141.812792
INFO:__main__:FuncIndex is 1278, end time is 1620726141.894249
INFO:__main__:used memory: -1 M
INFO:__main__:FuncIndex is 1278, time overhead is 0.08145689964294434
INFO:__main__:FuncIndex is 1279, start time is 1620726141.8986914
Exception ignored in: <bound method AstRef.__del__ of Extract>
Traceback (most recent call last):
  File "/home/yangzq18/.local/lib/python3.6/site-packages/z3/z3.py", line 314, in __del__
    Z3_dec_ref(self.ctx.ref(), self.as_ast())
  File "/home/yangzq18/.local/lib/python3.6/site-packages/z3/z3core.py", line 1479, in Z3_dec_ref
    _elems.f(a0, a1)
  File "seraph.py", line 249, in signal_handler
    raise Exception("Timed out!")
Exception: Timed out!
INFO:__main__:FuncIndex is 1279, end time is 1620726166.434794
INFO:__main__:used memory: 62 M
INFO:__main__:FuncIndex is 1279, time overhead is 24.536102533340454
INFO:__main__:FuncIndex is 1280, start time is 1620726166.4393127
INFO:__main__:FuncIndex is 1280, end time is 1620726168.1826062
INFO:__main__:used memory: -22 M
INFO:__main__:FuncIndex is 1280, time overhead is 1.7432935237884521
INFO:__main__:FuncIndex is 1281, start time is 1620726168.186024
INFO:__main__:FuncIndex is 1281, end time is 1620726170.368035
INFO:__main__:used memory: -26 M
INFO:__main__:FuncIndex is 1281, time overhead is 2.182011127471924
INFO:__main__:FuncIndex is 1282, start time is 1620726170.371122
INFO:__main__:FuncIndex is 1282, end time is 1620726172.5891185
INFO:__main__:used memory: -5 M
INFO:__main__:FuncIndex is 1282, time overhead is 2.217996597290039
INFO:__main__:FuncIndex is 1283, start time is 1620726172.5919092
INFO:__main__:[exception] used memory: -3 M
INFO:__main__:[exception] FuncIndex is 1283, time overhead is 10.000074863433838
INFO:__main__:FuncIndex is 1284, start time is 1620726182.5950212
INFO:__main__:FuncIndex is 1284, end time is 1620726182.679598
INFO:__main__:used memory: 0 M
INFO:__main__:FuncIndex is 1284, time overhead is 0.08457684516906738
INFO:__main__:FuncIndex is 1285, start time is 1620726182.6823456
INFO:__main__:FuncIndex is 1285, end time is 1620726182.7323465
INFO:__main__:used memory: 0 M
INFO:__main__:FuncIndex is 1285, time overhead is 0.050000905990600586
INFO:__main__:FuncIndex is 1286, start time is 1620726182.73688
INFO:__main__:FuncIndex is 1286, end time is 1620726184.5335443
INFO:__main__:used memory: 0 M
INFO:__main__:FuncIndex is 1286, time overhead is 1.7966642379760742
INFO:__main__:FuncIndex is 1287, start time is 1620726184.5375748
INFO:__main__:FuncIndex is 1287, end time is 1620726186.113618
INFO:__main__:used memory: -3 M
INFO:__main__:FuncIndex is 1287, time overhead is 1.5760431289672852
INFO:__main__:FuncIndex is 1288, start time is 1620726186.1164587
INFO:__main__:FuncIndex is 1288, end time is 1620726186.1505203
INFO:__main__:used memory: 0 M
INFO:__main__:FuncIndex is 1288, time overhead is 0.03406167030334473
INFO:__main__:FuncIndex is 1289, start time is 1620726186.1511395
INFO:__main__:FuncIndex is 1289, end time is 1620726186.1850922
INFO:__main__:used memory: 0 M
INFO:__main__:FuncIndex is 1289, time overhead is 0.03395271301269531
INFO:__main__:FuncIndex is 1290, start time is 1620726186.185683
INFO:__main__:FuncIndex is 1290, end time is 1620726186.4014237
INFO:__main__:used memory: 0 M
INFO:__main__:FuncIndex is 1290, time overhead is 0.21574068069458008
INFO:__main__:FuncIndex is 1291, start time is 1620726186.4020538
INFO:__main__:FuncIndex is 1291, end time is 1620726186.4332745
INFO:__main__:used memory: 1 M
INFO:__main__:FuncIndex is 1291, time overhead is 0.031220674514770508
INFO:__main__:FuncIndex is 1292, start time is 1620726186.4341385
INFO:__main__:FuncIndex is 1292, end time is 1620726186.7643821
INFO:__main__:used memory: -1 M
INFO:__main__:FuncIndex is 1292, time overhead is 0.3302435874938965
INFO:__main__:FuncIndex is 1293, start time is 1620726186.7671516
INFO:__main__:FuncIndex is 1293, end time is 1620726187.2669513
INFO:__main__:used memory: -1 M
INFO:__main__:FuncIndex is 1293, time overhead is 0.4997997283935547
INFO:__main__:FuncIndex is 1294, start time is 1620726187.269352
INFO:root:b'Sorts (_ BitVec 32) and (_ BitVec 64) are incompatible'
INFO:__main__:FuncIndex is 1294, end time is 1620726187.3241308
INFO:__main__:used memory: 0 M
INFO:__main__:FuncIndex is 1294, time overhead is 0.0547788143157959
INFO:__main__:FuncIndex is 1295, start time is 1620726187.3270187
INFO:__main__:FuncIndex is 1295, end time is 1620726190.6618235
INFO:__main__:used memory: 0 M
INFO:__main__:FuncIndex is 1295, time overhead is 3.3348047733306885
INFO:__main__:FuncIndex is 1296, start time is 1620726190.6625059
INFO:__main__:FuncIndex is 1296, end time is 1620726190.837343
INFO:__main__:used memory: 0 M
INFO:__main__:FuncIndex is 1296, time overhead is 0.1748371124267578
INFO:__main__:FuncIndex is 1297, start time is 1620726190.8381808
INFO:__main__:FuncIndex is 1297, end time is 1620726190.9405005
INFO:__main__:used memory: 1 M
INFO:__main__:FuncIndex is 1297, time overhead is 0.10231971740722656
INFO:__main__:FuncIndex is 1298, start time is 1620726190.9430835
INFO:__main__:FuncIndex is 1298, end time is 1620726190.9923294
INFO:__main__:used memory: 0 M
INFO:__main__:FuncIndex is 1298, time overhead is 0.04924583435058594
INFO:__main__:FuncIndex is 1299, start time is 1620726190.992874
INFO:__main__:FuncIndex is 1299, end time is 1620726191.0834136
INFO:__main__:used memory: 0 M
INFO:__main__:FuncIndex is 1299, time overhead is 0.09053969383239746
INFO:__main__:FuncIndex is 1300, start time is 1620726191.0861888
INFO:root:unsupport call_indirect now
INFO:__main__:FuncIndex is 1300, end time is 1620726191.1111887
INFO:__main__:used memory: 1 M
INFO:__main__:FuncIndex is 1300, time overhead is 0.02499985694885254
INFO:__main__:FuncIndex is 1301, start time is 1620726191.1120048
INFO:__main__:FuncIndex is 1301, end time is 1620726191.3543122
INFO:__main__:used memory: -2 M
INFO:__main__:FuncIndex is 1301, time overhead is 0.24230742454528809
INFO:__main__:FuncIndex is 1302, start time is 1620726191.35683
INFO:__main__:FuncIndex is 1302, end time is 1620726191.4022255
INFO:__main__:used memory: 1 M
INFO:__main__:FuncIndex is 1302, time overhead is 0.045395612716674805
INFO:__main__:FuncIndex is 1303, start time is 1620726191.4056127
INFO:__main__:FuncIndex is 1303, end time is 1620726193.0106182
INFO:__main__:used memory: 0 M
INFO:__main__:FuncIndex is 1303, time overhead is 1.6050055027008057
INFO:__main__:FuncIndex is 1304, start time is 1620726193.0113802
INFO:root:unsupport call_indirect now
INFO:__main__:FuncIndex is 1304, end time is 1620726193.0413427
INFO:__main__:used memory: 0 M
INFO:__main__:FuncIndex is 1304, time overhead is 0.029962539672851562
INFO:__main__:FuncIndex is 1305, start time is 1620726193.0420306
INFO:root:unsupport call_indirect now
INFO:__main__:FuncIndex is 1305, end time is 1620726193.0716374
INFO:__main__:used memory: 0 M
INFO:__main__:FuncIndex is 1305, time overhead is 0.02960681915283203
INFO:__main__:FuncIndex is 1306, start time is 1620726193.0722766
INFO:root:unsupport call_indirect now
INFO:__main__:FuncIndex is 1306, end time is 1620726193.097731
INFO:__main__:used memory: 0 M
INFO:__main__:FuncIndex is 1306, time overhead is 0.02545452117919922
INFO:__main__:FuncIndex is 1307, start time is 1620726193.098582
INFO:root:unsupport call_indirect now
INFO:__main__:FuncIndex is 1307, end time is 1620726193.125898
INFO:__main__:used memory: 0 M
INFO:__main__:FuncIndex is 1307, time overhead is 0.027315855026245117
INFO:__main__:FuncIndex is 1308, start time is 1620726193.1266305
INFO:root:unsupport call_indirect now
INFO:__main__:FuncIndex is 1308, end time is 1620726193.153634
INFO:__main__:used memory: -1 M
INFO:__main__:FuncIndex is 1308, time overhead is 0.02700352668762207
INFO:__main__:FuncIndex is 1309, start time is 1620726193.1542525
INFO:root:unsupport call_indirect now
INFO:__main__:FuncIndex is 1309, end time is 1620726193.1814356
INFO:__main__:used memory: 0 M
INFO:__main__:FuncIndex is 1309, time overhead is 0.027183055877685547
INFO:__main__:FuncIndex is 1310, start time is 1620726193.1821635
INFO:root:unsupport call_indirect now
INFO:__main__:FuncIndex is 1310, end time is 1620726193.2076228
INFO:__main__:used memory: 2 M
INFO:__main__:FuncIndex is 1310, time overhead is 0.02545928955078125
INFO:__main__:FuncIndex is 1311, start time is 1620726193.2082155
INFO:root:unsupport call_indirect now
INFO:__main__:FuncIndex is 1311, end time is 1620726193.2343411
INFO:__main__:used memory: 0 M
INFO:__main__:FuncIndex is 1311, time overhead is 0.026125669479370117
INFO:__main__:FuncIndex is 1312, start time is 1620726193.2349973
INFO:root:unsupport call_indirect now
INFO:__main__:FuncIndex is 1312, end time is 1620726193.2613175
INFO:__main__:used memory: 0 M
INFO:__main__:FuncIndex is 1312, time overhead is 0.026320219039916992
INFO:__main__:FuncIndex is 1313, start time is 1620726193.2619116
INFO:root:unsupport call_indirect now
INFO:__main__:FuncIndex is 1313, end time is 1620726193.287532
INFO:__main__:used memory: -1 M
INFO:__main__:FuncIndex is 1313, time overhead is 0.025620460510253906
INFO:__main__:FuncIndex is 1314, start time is 1620726193.2881224
INFO:root:unsupport call_indirect now
INFO:__main__:FuncIndex is 1314, end time is 1620726193.3133028
INFO:__main__:used memory: 1 M
INFO:__main__:FuncIndex is 1314, time overhead is 0.025180339813232422
INFO:__main__:FuncIndex is 1315, start time is 1620726193.3139157
INFO:root:unsupport call_indirect now
INFO:__main__:FuncIndex is 1315, end time is 1620726193.5038939
INFO:__main__:used memory: -2 M
INFO:__main__:FuncIndex is 1315, time overhead is 0.18997812271118164
INFO:__main__:FuncIndex is 1316, start time is 1620726193.5048182
INFO:root:unsupport call_indirect now
INFO:__main__:FuncIndex is 1316, end time is 1620726193.540101
INFO:__main__:used memory: 1 M
INFO:__main__:FuncIndex is 1316, time overhead is 0.03528285026550293
INFO:__main__:FuncIndex is 1317, start time is 1620726193.5408635
INFO:root:unsupport call_indirect now
INFO:__main__:FuncIndex is 1317, end time is 1620726193.5686386
INFO:__main__:used memory: -1 M
INFO:__main__:FuncIndex is 1317, time overhead is 0.027775049209594727
INFO:__main__:FuncIndex is 1318, start time is 1620726193.5692773
INFO:root:unsupport call_indirect now
INFO:__main__:FuncIndex is 1318, end time is 1620726193.5964248
INFO:__main__:used memory: 2 M
INFO:__main__:FuncIndex is 1318, time overhead is 0.027147531509399414
INFO:__main__:FuncIndex is 1319, start time is 1620726193.5970778
INFO:root:unsupport call_indirect now
INFO:__main__:FuncIndex is 1319, end time is 1620726193.6237967
INFO:__main__:used memory: -2 M
INFO:__main__:FuncIndex is 1319, time overhead is 0.026718854904174805
INFO:__main__:FuncIndex is 1320, start time is 1620726193.6245856
INFO:root:unsupport call_indirect now
INFO:__main__:FuncIndex is 1320, end time is 1620726193.6498015
INFO:__main__:used memory: 1 M
INFO:__main__:FuncIndex is 1320, time overhead is 0.025215864181518555
INFO:__main__:FuncIndex is 1321, start time is 1620726193.650464
INFO:root:unsupport call_indirect now
INFO:__main__:FuncIndex is 1321, end time is 1620726193.6741035
INFO:__main__:used memory: 1 M
INFO:__main__:FuncIndex is 1321, time overhead is 0.023639440536499023
INFO:__main__:FuncIndex is 1322, start time is 1620726193.6747727
INFO:root:unsupport call_indirect now
INFO:__main__:FuncIndex is 1322, end time is 1620726193.700173
INFO:__main__:used memory: 0 M
INFO:__main__:FuncIndex is 1322, time overhead is 0.025400161743164062
INFO:__main__:FuncIndex is 1323, start time is 1620726193.7007709
INFO:root:unsupport call_indirect now
INFO:__main__:FuncIndex is 1323, end time is 1620726193.7233958
INFO:__main__:used memory: -1 M
INFO:__main__:FuncIndex is 1323, time overhead is 0.022624969482421875
INFO:__main__:FuncIndex is 1324, start time is 1620726193.7240736
INFO:__main__:FuncIndex is 1324, end time is 1620726193.7574213
INFO:__main__:used memory: -1 M
INFO:__main__:FuncIndex is 1324, time overhead is 0.03334760665893555
INFO:__main__:FuncIndex is 1325, start time is 1620726193.7580075
INFO:__main__:FuncIndex is 1325, end time is 1620726193.8362668
INFO:__main__:used memory: 0 M
INFO:__main__:FuncIndex is 1325, time overhead is 0.07825922966003418
INFO:__main__:FuncIndex is 1326, start time is 1620726193.8387725
INFO:__main__:FuncIndex is 1326, end time is 1620726193.9721165
INFO:__main__:used memory: 0 M
INFO:__main__:FuncIndex is 1326, time overhead is 0.13334393501281738
INFO:__main__:FuncIndex is 1327, start time is 1620726193.9749527
INFO:__main__:[exception] used memory: 1 M
INFO:__main__:[exception] FuncIndex is 1327, time overhead is 0.14058232307434082
INFO:__main__:FuncIndex is 1328, start time is 1620726194.1182935
INFO:__main__:FuncIndex is 1328, end time is 1620726194.163012
INFO:__main__:used memory: -1 M
INFO:__main__:FuncIndex is 1328, time overhead is 0.04471850395202637
INFO:__main__:FuncIndex is 1329, start time is 1620726194.165688
INFO:__main__:FuncIndex is 1329, end time is 1620726194.1999805
INFO:__main__:used memory: 0 M
INFO:__main__:FuncIndex is 1329, time overhead is 0.03429245948791504
INFO:__main__:FuncIndex is 1330, start time is 1620726194.2006555
INFO:root:unsupport call_indirect now
INFO:__main__:FuncIndex is 1330, end time is 1620726194.2342434
INFO:__main__:used memory: 2 M
INFO:__main__:FuncIndex is 1330, time overhead is 0.03358793258666992
INFO:__main__:FuncIndex is 1331, start time is 1620726194.234807
INFO:root:unsupport call_indirect now
INFO:root:unsupport call_indirect now
INFO:__main__:FuncIndex is 1331, end time is 1620726194.361798
INFO:__main__:used memory: -2 M
INFO:__main__:FuncIndex is 1331, time overhead is 0.12699103355407715
INFO:__main__:FuncIndex is 1332, start time is 1620726194.3643665
INFO:root:unsupport call_indirect now
INFO:__main__:FuncIndex is 1332, end time is 1620726194.4024184
INFO:__main__:used memory: 1 M
INFO:__main__:FuncIndex is 1332, time overhead is 0.03805184364318848
INFO:__main__:FuncIndex is 1333, start time is 1620726194.4038186
INFO:root:unsupport call_indirect now
INFO:root:unsupport call_indirect now
INFO:__main__:FuncIndex is 1333, end time is 1620726194.4741833
INFO:__main__:used memory: -1 M
INFO:__main__:FuncIndex is 1333, time overhead is 0.07036471366882324
INFO:__main__:FuncIndex is 1334, start time is 1620726194.4748769
INFO:root:unsupport call_indirect now
INFO:__main__:FuncIndex is 1334, end time is 1620726194.5723574
INFO:__main__:used memory: 1 M
INFO:__main__:FuncIndex is 1334, time overhead is 0.09748053550720215
INFO:__main__:FuncIndex is 1335, start time is 1620726194.5753317
INFO:__main__:FuncIndex is 1335, end time is 1620726194.602224
INFO:__main__:used memory: 0 M
INFO:__main__:FuncIndex is 1335, time overhead is 0.026892423629760742
INFO:__main__:FuncIndex is 1336, start time is 1620726194.6028218
INFO:__main__:FuncIndex is 1336, end time is 1620726194.6301026
INFO:__main__:used memory: -1 M
INFO:__main__:FuncIndex is 1336, time overhead is 0.027280807495117188
INFO:__main__:FuncIndex is 1337, start time is 1620726194.6310365
INFO:__main__:FuncIndex is 1337, end time is 1620726194.6542447
INFO:__main__:used memory: 1 M
INFO:__main__:FuncIndex is 1337, time overhead is 0.023208141326904297
INFO:__main__:FuncIndex is 1338, start time is 1620726194.6549
INFO:__main__:FuncIndex is 1338, end time is 1620726194.6818678
INFO:__main__:used memory: 0 M
INFO:__main__:FuncIndex is 1338, time overhead is 0.026967763900756836
INFO:__main__:FuncIndex is 1339, start time is 1620726194.6826031
INFO:__main__:FuncIndex is 1339, end time is 1620726194.7060835
INFO:__main__:used memory: 0 M
INFO:__main__:FuncIndex is 1339, time overhead is 0.02348041534423828
INFO:__main__:FuncIndex is 1340, start time is 1620726194.7066855
INFO:root:b'Sorts (_ BitVec 256) and (_ BitVec 32) are incompatible'
INFO:__main__:FuncIndex is 1340, end time is 1620726194.733632
INFO:__main__:used memory: 0 M
INFO:__main__:FuncIndex is 1340, time overhead is 0.026946544647216797
INFO:__main__:FuncIndex is 1341, start time is 1620726194.7343845
INFO:__main__:[exception] used memory: -1 M
INFO:__main__:[exception] FuncIndex is 1341, time overhead is 0.3733334541320801
INFO:__main__:FuncIndex is 1342, start time is 1620726195.1103601
INFO:__main__:FuncIndex is 1342, end time is 1620726195.137593
INFO:__main__:used memory: 0 M
INFO:__main__:FuncIndex is 1342, time overhead is 0.027232885360717773
INFO:__main__:FuncIndex is 1343, start time is 1620726195.1381683
INFO:__main__:FuncIndex is 1343, end time is 1620726195.1780093
INFO:__main__:used memory: 0 M
INFO:__main__:FuncIndex is 1343, time overhead is 0.0398409366607666
INFO:__main__:FuncIndex is 1344, start time is 1620726195.178582
INFO:root:sort mismatch
INFO:__main__:FuncIndex is 1344, end time is 1620726195.3461745
INFO:__main__:used memory: -1 M
INFO:__main__:FuncIndex is 1344, time overhead is 0.16759252548217773
INFO:__main__:FuncIndex is 1345, start time is 1620726195.3467913
INFO:root:b'Sorts (_ BitVec 32) and (_ BitVec 64) are incompatible'
INFO:__main__:FuncIndex is 1345, end time is 1620726195.3744113
INFO:__main__:used memory: 2 M
INFO:__main__:FuncIndex is 1345, time overhead is 0.02762007713317871
INFO:__main__:FuncIndex is 1346, start time is 1620726195.3754585
INFO:root:b'Sorts (_ BitVec 32) and (_ BitVec 64) are incompatible'
INFO:__main__:FuncIndex is 1346, end time is 1620726195.4037898
INFO:__main__:used memory: 0 M
INFO:__main__:FuncIndex is 1346, time overhead is 0.028331279754638672
INFO:__main__:FuncIndex is 1347, start time is 1620726195.404555
INFO:root:unsupport call_indirect now
INFO:root:unsupport call_indirect now
INFO:root:unsupport call_indirect now
INFO:root:unsupport call_indirect now
INFO:__main__:FuncIndex is 1347, end time is 1620726196.4992845
INFO:__main__:used memory: 0 M
INFO:__main__:FuncIndex is 1347, time overhead is 1.0947294235229492
INFO:__main__:FuncIndex is 1348, start time is 1620726196.5015817
INFO:__main__:FuncIndex is 1348, end time is 1620726196.6867795
INFO:__main__:used memory: 0 M
INFO:__main__:FuncIndex is 1348, time overhead is 0.1851978302001953
INFO:__main__:FuncIndex is 1349, start time is 1620726196.6897898
INFO:__main__:FuncIndex is 1349, end time is 1620726196.9686844
INFO:__main__:used memory: 0 M
INFO:__main__:FuncIndex is 1349, time overhead is 0.27889466285705566
INFO:__main__:FuncIndex is 1350, start time is 1620726196.971381
INFO:__main__:FuncIndex is 1350, end time is 1620726197.0091293
INFO:__main__:used memory: 1 M
INFO:__main__:FuncIndex is 1350, time overhead is 0.03774833679199219
INFO:__main__:FuncIndex is 1351, start time is 1620726197.0098176
INFO:__main__:FuncIndex is 1351, end time is 1620726197.0570989
INFO:__main__:used memory: 0 M
INFO:__main__:FuncIndex is 1351, time overhead is 0.04728126525878906
INFO:__main__:FuncIndex is 1352, start time is 1620726197.0576856
INFO:__main__:FuncIndex is 1352, end time is 1620726197.0883932
INFO:__main__:used memory: 1 M
INFO:__main__:FuncIndex is 1352, time overhead is 0.030707597732543945
INFO:__main__:FuncIndex is 1353, start time is 1620726197.0891004
INFO:__main__:FuncIndex is 1353, end time is 1620726197.125865
INFO:__main__:used memory: -2 M
INFO:__main__:FuncIndex is 1353, time overhead is 0.03676462173461914
INFO:__main__:FuncIndex is 1354, start time is 1620726197.1268456
INFO:__main__:FuncIndex is 1354, end time is 1620726197.1579792
INFO:__main__:used memory: 1 M
INFO:__main__:FuncIndex is 1354, time overhead is 0.031133651733398438
INFO:__main__:FuncIndex is 1355, start time is 1620726197.158572
INFO:__main__:FuncIndex is 1355, end time is 1620726197.1888337
INFO:__main__:used memory: -1 M
INFO:__main__:FuncIndex is 1355, time overhead is 0.030261754989624023
INFO:__main__:FuncIndex is 1356, start time is 1620726197.189486
INFO:__main__:FuncIndex is 1356, end time is 1620726197.2179992
INFO:__main__:used memory: 1 M
INFO:__main__:FuncIndex is 1356, time overhead is 0.028513193130493164
INFO:__main__:FuncIndex is 1357, start time is 1620726197.218587
INFO:__main__:FuncIndex is 1357, end time is 1620726197.248941
INFO:__main__:used memory: -1 M
INFO:__main__:FuncIndex is 1357, time overhead is 0.030354022979736328
INFO:__main__:FuncIndex is 1358, start time is 1620726197.2495673
INFO:__main__:FuncIndex is 1358, end time is 1620726197.275515
INFO:__main__:used memory: 0 M
INFO:__main__:FuncIndex is 1358, time overhead is 0.02594780921936035
INFO:__main__:FuncIndex is 1359, start time is 1620726197.2762716
INFO:__main__:FuncIndex is 1359, end time is 1620726197.3036969
INFO:__main__:used memory: 2 M
INFO:__main__:FuncIndex is 1359, time overhead is 0.027425289154052734
INFO:__main__:FuncIndex is 1360, start time is 1620726197.3043911
INFO:__main__:FuncIndex is 1360, end time is 1620726197.3323815
INFO:__main__:used memory: -1 M
INFO:__main__:FuncIndex is 1360, time overhead is 0.027990341186523438
INFO:__main__:FuncIndex is 1361, start time is 1620726197.3330302
INFO:__main__:FuncIndex is 1361, end time is 1620726197.3608537
INFO:__main__:used memory: 0 M
INFO:__main__:FuncIndex is 1361, time overhead is 0.027823448181152344
INFO:__main__:FuncIndex is 1362, start time is 1620726197.361464
INFO:__main__:FuncIndex is 1362, end time is 1620726197.389671
INFO:__main__:used memory: 0 M
INFO:__main__:FuncIndex is 1362, time overhead is 0.028207063674926758
INFO:__main__:FuncIndex is 1363, start time is 1620726197.3902965
INFO:root:fpMin() missing 1 required positional argument: 'b'
INFO:root:fpMin() missing 1 required positional argument: 'b'
INFO:root:fpMin() missing 1 required positional argument: 'b'
INFO:root:fpMin() missing 1 required positional argument: 'b'
INFO:root:fpMin() missing 1 required positional argument: 'b'
INFO:root:fpMin() missing 1 required positional argument: 'b'
INFO:root:fpMin() missing 1 required positional argument: 'b'
INFO:root:fpMin() missing 1 required positional argument: 'b'
INFO:root:fpMin() missing 1 required positional argument: 'b'
INFO:root:fpMin() missing 1 required positional argument: 'b'
INFO:root:fpMin() missing 1 required positional argument: 'b'
INFO:root:fpMin() missing 1 required positional argument: 'b'
INFO:root:fpMin() missing 1 required positional argument: 'b'
INFO:root:fpMin() missing 1 required positional argument: 'b'
INFO:root:fpMin() missing 1 required positional argument: 'b'
INFO:root:fpMin() missing 1 required positional argument: 'b'
INFO:root:fpMin() missing 1 required positional argument: 'b'
INFO:root:fpMin() missing 1 required positional argument: 'b'
INFO:root:fpMin() missing 1 required positional argument: 'b'
INFO:root:fpMin() missing 1 required positional argument: 'b'
INFO:root:fpMin() missing 1 required positional argument: 'b'
INFO:root:fpMin() missing 1 required positional argument: 'b'
INFO:root:fpMin() missing 1 required positional argument: 'b'
INFO:root:fpMin() missing 1 required positional argument: 'b'
INFO:root:fpMin() missing 1 required positional argument: 'b'
INFO:root:fpMin() missing 1 required positional argument: 'b'
INFO:root:fpMin() missing 1 required positional argument: 'b'
INFO:root:fpMin() missing 1 required positional argument: 'b'
INFO:root:fpMin() missing 1 required positional argument: 'b'
INFO:root:fpMin() missing 1 required positional argument: 'b'
INFO:root:fpMin() missing 1 required positional argument: 'b'
INFO:root:fpMin() missing 1 required positional argument: 'b'
INFO:root:fpMin() missing 1 required positional argument: 'b'
INFO:root:fpMin() missing 1 required positional argument: 'b'
INFO:root:fpMin() missing 1 required positional argument: 'b'
INFO:root:fpMin() missing 1 required positional argument: 'b'
INFO:__main__:[exception] used memory: -1 M
INFO:__main__:[exception] FuncIndex is 1363, time overhead is 10.001051425933838
INFO:__main__:FuncIndex is 1364, start time is 1620726207.3944316
INFO:root:b'Sorts (_ BitVec 32) and (_ BitVec 64) are incompatible'
INFO:__main__:FuncIndex is 1364, end time is 1620726207.444489
INFO:__main__:used memory: 0 M
INFO:__main__:FuncIndex is 1364, time overhead is 0.050057411193847656
INFO:__main__:FuncIndex is 1365, start time is 1620726207.445207
INFO:__main__:FuncIndex is 1365, end time is 1620726207.4762242
INFO:__main__:used memory: 1 M
INFO:__main__:FuncIndex is 1365, time overhead is 0.031017065048217773
INFO:__main__:FuncIndex is 1366, start time is 1620726207.4768596
INFO:__main__:FuncIndex is 1366, end time is 1620726207.5068572
INFO:__main__:used memory: -1 M
INFO:__main__:FuncIndex is 1366, time overhead is 0.029997587203979492
INFO:__main__:FuncIndex is 1367, start time is 1620726207.507552
INFO:__main__:FuncIndex is 1367, end time is 1620726207.5368466
INFO:__main__:used memory: 0 M
INFO:__main__:FuncIndex is 1367, time overhead is 0.029294729232788086
INFO:__main__:FuncIndex is 1368, start time is 1620726207.5374796
INFO:__main__:FuncIndex is 1368, end time is 1620726207.5659535
INFO:__main__:used memory: 1 M
INFO:__main__:FuncIndex is 1368, time overhead is 0.028473854064941406
INFO:__main__:FuncIndex is 1369, start time is 1620726207.5664809
INFO:__main__:FuncIndex is 1369, end time is 1620726207.5950043
INFO:__main__:used memory: -1 M
INFO:__main__:FuncIndex is 1369, time overhead is 0.02852344512939453
INFO:__main__:FuncIndex is 1370, start time is 1620726207.5959775
INFO:__main__:FuncIndex is 1370, end time is 1620726207.6256392
INFO:__main__:used memory: 1 M
INFO:__main__:FuncIndex is 1370, time overhead is 0.02966165542602539
INFO:__main__:FuncIndex is 1371, start time is 1620726207.6265445
INFO:__main__:FuncIndex is 1371, end time is 1620726207.6552515
INFO:__main__:used memory: -1 M
INFO:__main__:FuncIndex is 1371, time overhead is 0.028707027435302734
INFO:__main__:FuncIndex is 1372, start time is 1620726207.6559887
INFO:__main__:FuncIndex is 1372, end time is 1620726207.6853216
INFO:__main__:used memory: 2 M
INFO:__main__:FuncIndex is 1372, time overhead is 0.029332876205444336
INFO:__main__:FuncIndex is 1373, start time is 1620726207.6863549
INFO:__main__:FuncIndex is 1373, end time is 1620726207.7142346
INFO:__main__:used memory: -1 M
INFO:__main__:FuncIndex is 1373, time overhead is 0.027879714965820312
INFO:__main__:FuncIndex is 1374, start time is 1620726207.7148292
INFO:root:fpMin() missing 1 required positional argument: 'b'
INFO:__main__:FuncIndex is 1374, end time is 1620726207.818903
INFO:__main__:used memory: -2 M
INFO:__main__:FuncIndex is 1374, time overhead is 0.10407376289367676
INFO:__main__:FuncIndex is 1375, start time is 1620726207.8217416
INFO:__main__:FuncIndex is 1375, end time is 1620726207.851224
INFO:__main__:used memory: 0 M
INFO:__main__:FuncIndex is 1375, time overhead is 0.029482364654541016
INFO:__main__:FuncIndex is 1376, start time is 1620726207.8518903
INFO:__main__:FuncIndex is 1376, end time is 1620726207.8944545
INFO:__main__:used memory: 1 M
INFO:__main__:FuncIndex is 1376, time overhead is 0.04256415367126465
INFO:__main__:FuncIndex is 1377, start time is 1620726207.8972592
INFO:__main__:FuncIndex is 1377, end time is 1620726207.971495
INFO:__main__:used memory: 0 M
INFO:__main__:FuncIndex is 1377, time overhead is 0.07423567771911621
INFO:__main__:FuncIndex is 1378, start time is 1620726207.9778957
INFO:__main__:[exception] used memory: 0 M
INFO:__main__:[exception] FuncIndex is 1378, time overhead is 0.07631397247314453
INFO:__main__:FuncIndex is 1379, start time is 1620726208.0558429
INFO:__main__:[exception] used memory: 0 M
INFO:__main__:[exception] FuncIndex is 1379, time overhead is 7.704517364501953
INFO:__main__:FuncIndex is 1380, start time is 1620726215.763547
INFO:__main__:FuncIndex is 1380, end time is 1620726215.9038033
INFO:__main__:used memory: 0 M
INFO:__main__:FuncIndex is 1380, time overhead is 0.14025640487670898
INFO:__main__:FuncIndex is 1381, start time is 1620726215.9061785
INFO:__main__:FuncIndex is 1381, end time is 1620726215.9578004
INFO:__main__:used memory: 0 M
INFO:__main__:FuncIndex is 1381, time overhead is 0.05162191390991211
INFO:__main__:FuncIndex is 1382, start time is 1620726215.9583304
INFO:root:b'Sorts (_ BitVec 256) and (_ BitVec 32) are incompatible'
INFO:__main__:FuncIndex is 1382, end time is 1620726215.9886267
INFO:__main__:used memory: 0 M
INFO:__main__:FuncIndex is 1382, time overhead is 0.03029632568359375
INFO:__main__:FuncIndex is 1383, start time is 1620726215.9892256
INFO:__main__:FuncIndex is 1383, end time is 1620726216.009773
INFO:__main__:used memory: 2 M
INFO:__main__:FuncIndex is 1383, time overhead is 0.02054738998413086
INFO:__main__:FuncIndex is 1384, start time is 1620726216.0103686
INFO:__main__:FuncIndex is 1384, end time is 1620726216.1051037
INFO:__main__:used memory: -2 M
INFO:__main__:FuncIndex is 1384, time overhead is 0.09473514556884766
INFO:__main__:FuncIndex is 1385, start time is 1620726216.1080866
INFO:__main__:FuncIndex is 1385, end time is 1620726216.1750143
INFO:__main__:used memory: 0 M
INFO:__main__:FuncIndex is 1385, time overhead is 0.06692767143249512
INFO:__main__:FuncIndex is 1386, start time is 1620726216.178148
INFO:__main__:FuncIndex is 1386, end time is 1620726216.2255132
INFO:__main__:used memory: 1 M
INFO:__main__:FuncIndex is 1386, time overhead is 0.04736518859863281
INFO:__main__:FuncIndex is 1387, start time is 1620726216.2288518
INFO:__main__:FuncIndex is 1387, end time is 1620726216.2728376
INFO:__main__:used memory: 0 M
INFO:__main__:FuncIndex is 1387, time overhead is 0.043985843658447266
INFO:__main__:FuncIndex is 1388, start time is 1620726216.2758083
INFO:__main__:FuncIndex is 1388, end time is 1620726216.398197
INFO:__main__:used memory: 0 M
INFO:__main__:FuncIndex is 1388, time overhead is 0.12238860130310059
INFO:__main__:FuncIndex is 1389, start time is 1620726216.401446
INFO:__main__:FuncIndex is 1389, end time is 1620726216.450689
INFO:__main__:used memory: 1 M
INFO:__main__:FuncIndex is 1389, time overhead is 0.04924297332763672
INFO:__main__:FuncIndex is 1390, start time is 1620726216.4513197
INFO:__main__:FuncIndex is 1390, end time is 1620726216.5019183
INFO:__main__:used memory: 0 M
INFO:__main__:FuncIndex is 1390, time overhead is 0.0505986213684082
INFO:__main__:FuncIndex is 1391, start time is 1620726216.5025122
INFO:__main__:FuncIndex is 1391, end time is 1620726216.541621
INFO:__main__:used memory: 0 M
INFO:__main__:FuncIndex is 1391, time overhead is 0.0391087532043457
INFO:__main__:FuncIndex is 1392, start time is 1620726216.5422645
INFO:root:fpMin() missing 1 required positional argument: 'b'
INFO:root:fpMin() missing 1 required positional argument: 'b'
INFO:__main__:FuncIndex is 1392, end time is 1620726216.932491
INFO:__main__:used memory: -1 M
INFO:__main__:FuncIndex is 1392, time overhead is 0.3902266025543213
INFO:__main__:FuncIndex is 1393, start time is 1620726216.9359484
INFO:__main__:FuncIndex is 1393, end time is 1620726216.9686248
INFO:__main__:used memory: 1 M
INFO:__main__:FuncIndex is 1393, time overhead is 0.03267645835876465
INFO:__main__:FuncIndex is 1394, start time is 1620726216.9710293
INFO:__main__:FuncIndex is 1394, end time is 1620726217.0073051
INFO:__main__:used memory: -1 M
INFO:__main__:FuncIndex is 1394, time overhead is 0.03627586364746094
INFO:__main__:FuncIndex is 1395, start time is 1620726217.0099452
INFO:__main__:FuncIndex is 1395, end time is 1620726217.0410242
INFO:__main__:used memory: 0 M
INFO:__main__:FuncIndex is 1395, time overhead is 0.03107905387878418
INFO:__main__:FuncIndex is 1396, start time is 1620726217.041586
INFO:__main__:FuncIndex is 1396, end time is 1620726217.0822406
INFO:__main__:used memory: 1 M
INFO:__main__:FuncIndex is 1396, time overhead is 0.040654659271240234
INFO:__main__:FuncIndex is 1397, start time is 1620726217.082872
INFO:__main__:FuncIndex is 1397, end time is 1620726217.1246307
INFO:__main__:used memory: 0 M
INFO:__main__:FuncIndex is 1397, time overhead is 0.04175877571105957
INFO:__main__:FuncIndex is 1398, start time is 1620726217.1252818
INFO:__main__:FuncIndex is 1398, end time is 1620726217.157961
INFO:__main__:used memory: 0 M
INFO:__main__:FuncIndex is 1398, time overhead is 0.032679080963134766
INFO:__main__:FuncIndex is 1399, start time is 1620726217.158547
INFO:__main__:FuncIndex is 1399, end time is 1620726217.1946297
INFO:__main__:used memory: -1 M
INFO:__main__:FuncIndex is 1399, time overhead is 0.03608274459838867
INFO:__main__:FuncIndex is 1400, start time is 1620726217.1972244
INFO:__main__:FuncIndex is 1400, end time is 1620726217.2497869
INFO:__main__:used memory: 0 M
INFO:__main__:FuncIndex is 1400, time overhead is 0.05256247520446777
INFO:__main__:FuncIndex is 1401, start time is 1620726217.2525034
INFO:__main__:FuncIndex is 1401, end time is 1620726217.2900636
INFO:__main__:used memory: 0 M
INFO:__main__:FuncIndex is 1401, time overhead is 0.037560224533081055
INFO:__main__:FuncIndex is 1402, start time is 1620726217.2906327
INFO:__main__:FuncIndex is 1402, end time is 1620726217.3202744
INFO:__main__:used memory: 1 M
INFO:__main__:FuncIndex is 1402, time overhead is 0.02964162826538086
INFO:__main__:FuncIndex is 1403, start time is 1620726217.320805
INFO:root:fpMin() missing 1 required positional argument: 'b'
INFO:__main__:FuncIndex is 1403, end time is 1620726217.4259503
INFO:__main__:used memory: -2 M
INFO:__main__:FuncIndex is 1403, time overhead is 0.10514521598815918
INFO:__main__:FuncIndex is 1404, start time is 1620726217.4286761
INFO:__main__:FuncIndex is 1404, end time is 1620726217.460139
INFO:__main__:used memory: 2 M
INFO:__main__:FuncIndex is 1404, time overhead is 0.031462907791137695
INFO:__main__:FuncIndex is 1405, start time is 1620726217.4607217
INFO:__main__:FuncIndex is 1405, end time is 1620726217.4897535
INFO:__main__:used memory: 0 M
INFO:__main__:FuncIndex is 1405, time overhead is 0.029031753540039062
INFO:__main__:FuncIndex is 1406, start time is 1620726217.4903061
INFO:__main__:FuncIndex is 1406, end time is 1620726217.5227447
INFO:__main__:used memory: -1 M
INFO:__main__:FuncIndex is 1406, time overhead is 0.03243851661682129
INFO:__main__:FuncIndex is 1407, start time is 1620726217.52575
INFO:__main__:FuncIndex is 1407, end time is 1620726217.5671358
INFO:__main__:used memory: 0 M
INFO:__main__:FuncIndex is 1407, time overhead is 0.04138588905334473
INFO:__main__:FuncIndex is 1408, start time is 1620726217.5678122
INFO:__main__:FuncIndex is 1408, end time is 1620726217.627408
INFO:__main__:used memory: 0 M
INFO:__main__:FuncIndex is 1408, time overhead is 0.05959582328796387
INFO:__main__:FuncIndex is 1409, start time is 1620726217.6314151
INFO:__main__:FuncIndex is 1409, end time is 1620726217.656546
INFO:__main__:used memory: 0 M
INFO:__main__:FuncIndex is 1409, time overhead is 0.0251309871673584
INFO:__main__:FuncIndex is 1410, start time is 1620726217.6571186
INFO:__main__:FuncIndex is 1410, end time is 1620726217.683869
INFO:__main__:used memory: -1 M
INFO:__main__:FuncIndex is 1410, time overhead is 0.02675032615661621
INFO:__main__:FuncIndex is 1411, start time is 1620726217.6844985
INFO:__main__:FuncIndex is 1411, end time is 1620726217.7061942
INFO:__main__:used memory: 2 M
INFO:__main__:FuncIndex is 1411, time overhead is 0.021695613861083984
INFO:__main__:FuncIndex is 1412, start time is 1620726217.7067857
INFO:__main__:FuncIndex is 1412, end time is 1620726217.731895
INFO:__main__:used memory: -2 M
INFO:__main__:FuncIndex is 1412, time overhead is 0.025109291076660156
INFO:__main__:FuncIndex is 1413, start time is 1620726217.7325056
INFO:__main__:FuncIndex is 1413, end time is 1620726217.7575407
INFO:__main__:used memory: 2 M
INFO:__main__:FuncIndex is 1413, time overhead is 0.02503514289855957
INFO:__main__:FuncIndex is 1414, start time is 1620726217.7580802
INFO:root:fpMin() missing 1 required positional argument: 'b'
INFO:__main__:FuncIndex is 1414, end time is 1620726218.029409
INFO:__main__:used memory: -1 M
INFO:__main__:FuncIndex is 1414, time overhead is 0.2713286876678467
INFO:__main__:FuncIndex is 1415, start time is 1620726218.03292
INFO:__main__:FuncIndex is 1415, end time is 1620726218.066037
INFO:__main__:used memory: 0 M
INFO:__main__:FuncIndex is 1415, time overhead is 0.033117055892944336
INFO:__main__:FuncIndex is 1416, start time is 1620726218.0667384
INFO:__main__:FuncIndex is 1416, end time is 1620726218.0966914
INFO:__main__:used memory: 0 M
INFO:__main__:FuncIndex is 1416, time overhead is 0.0299530029296875
INFO:__main__:FuncIndex is 1417, start time is 1620726218.0973725
INFO:__main__:FuncIndex is 1417, end time is 1620726218.1246064
INFO:__main__:used memory: 1 M
INFO:__main__:FuncIndex is 1417, time overhead is 0.02723383903503418
INFO:__main__:FuncIndex is 1418, start time is 1620726218.1253088
INFO:__main__:FuncIndex is 1418, end time is 1620726218.1515315
INFO:__main__:used memory: 0 M
INFO:__main__:FuncIndex is 1418, time overhead is 0.026222705841064453
INFO:__main__:FuncIndex is 1419, start time is 1620726218.1522722
INFO:__main__:FuncIndex is 1419, end time is 1620726218.1956544
INFO:__main__:used memory: -2 M
INFO:__main__:FuncIndex is 1419, time overhead is 0.04338216781616211
INFO:__main__:FuncIndex is 1420, start time is 1620726218.1963446
INFO:root:Value cannot be converted into a Z3 Boolean value
INFO:__main__:FuncIndex is 1420, end time is 1620726218.253709
INFO:__main__:used memory: 0 M
INFO:__main__:FuncIndex is 1420, time overhead is 0.057364463806152344
INFO:__main__:FuncIndex is 1421, start time is 1620726218.2562456
INFO:__main__:FuncIndex is 1421, end time is 1620726218.2820983
INFO:__main__:used memory: 1 M
INFO:__main__:FuncIndex is 1421, time overhead is 0.025852680206298828
INFO:__main__:FuncIndex is 1422, start time is 1620726218.2827528
INFO:__main__:FuncIndex is 1422, end time is 1620726218.3172114
INFO:__main__:used memory: 1 M
INFO:__main__:FuncIndex is 1422, time overhead is 0.03445863723754883
INFO:__main__:FuncIndex is 1423, start time is 1620726218.319706
INFO:__main__:FuncIndex is 1423, end time is 1620726218.355245
INFO:__main__:used memory: 0 M
INFO:__main__:FuncIndex is 1423, time overhead is 0.03553915023803711
INFO:__main__:FuncIndex is 1424, start time is 1620726218.357821
INFO:root:fpMin() missing 1 required positional argument: 'b'
INFO:root:fpMin() missing 1 required positional argument: 'b'
INFO:__main__:FuncIndex is 1424, end time is 1620726218.5254812
INFO:__main__:used memory: -2 M
INFO:__main__:FuncIndex is 1424, time overhead is 0.16766023635864258
INFO:__main__:FuncIndex is 1425, start time is 1620726218.5286078
INFO:__main__:FuncIndex is 1425, end time is 1620726218.5596416
INFO:__main__:used memory: 0 M
INFO:__main__:FuncIndex is 1425, time overhead is 0.031033754348754883
INFO:__main__:FuncIndex is 1426, start time is 1620726218.560346
INFO:__main__:FuncIndex is 1426, end time is 1620726218.6226432
INFO:__main__:used memory: 0 M
INFO:__main__:FuncIndex is 1426, time overhead is 0.06229734420776367
INFO:__main__:FuncIndex is 1427, start time is 1620726218.6266613
INFO:__main__:FuncIndex is 1427, end time is 1620726220.3983424
INFO:__main__:used memory: 0 M
INFO:__main__:FuncIndex is 1427, time overhead is 1.7716810703277588
INFO:__main__:FuncIndex is 1428, start time is 1620726220.4011242
INFO:__main__:FuncIndex is 1428, end time is 1620726220.4377236
INFO:__main__:used memory: 1 M
INFO:__main__:FuncIndex is 1428, time overhead is 0.03659939765930176
INFO:__main__:FuncIndex is 1429, start time is 1620726220.4383821
INFO:__main__:FuncIndex is 1429, end time is 1620726220.5502772
INFO:__main__:used memory: 0 M
INFO:__main__:FuncIndex is 1429, time overhead is 0.11189508438110352
INFO:__main__:FuncIndex is 1430, start time is 1620726220.5530236
INFO:__main__:FuncIndex is 1430, end time is 1620726220.6128762
INFO:__main__:used memory: 0 M
INFO:__main__:FuncIndex is 1430, time overhead is 0.05985260009765625
INFO:__main__:FuncIndex is 1431, start time is 1620726220.613492
INFO:__main__:FuncIndex is 1431, end time is 1620726220.6744251
INFO:__main__:used memory: 1 M
INFO:__main__:FuncIndex is 1431, time overhead is 0.06093311309814453
INFO:__main__:FuncIndex is 1432, start time is 1620726220.6793857
INFO:root:unsupport call_indirect now
INFO:__main__:FuncIndex is 1432, end time is 1620726220.997415
INFO:__main__:used memory: 0 M
INFO:__main__:FuncIndex is 1432, time overhead is 0.31802940368652344
INFO:__main__:FuncIndex is 1433, start time is 1620726221.0004542
INFO:root:fpMin() missing 1 required positional argument: 'b'
INFO:root:fpMin() missing 1 required positional argument: 'b'
INFO:__main__:FuncIndex is 1433, end time is 1620726221.418034
INFO:__main__:used memory: 0 M
INFO:__main__:FuncIndex is 1433, time overhead is 0.41757988929748535
INFO:__main__:FuncIndex is 1434, start time is 1620726221.4214966
INFO:__main__:FuncIndex is 1434, end time is 1620726221.5004733
INFO:__main__:used memory: 0 M
INFO:__main__:FuncIndex is 1434, time overhead is 0.07897663116455078
INFO:__main__:FuncIndex is 1435, start time is 1620726221.5032966
INFO:__main__:[exception] used memory: 0 M
INFO:__main__:[exception] FuncIndex is 1435, time overhead is 0.1949141025543213
INFO:__main__:FuncIndex is 1436, start time is 1620726221.7008455
INFO:__main__:FuncIndex is 1436, end time is 1620726221.9951007
INFO:__main__:used memory: -1 M
INFO:__main__:FuncIndex is 1436, time overhead is 0.29425525665283203
INFO:__main__:FuncIndex is 1437, start time is 1620726221.9958286
INFO:root:unsupport call_indirect now
INFO:__main__:[exception] used memory: 2 M
INFO:__main__:[exception] FuncIndex is 1437, time overhead is 93.6036388874054
INFO:__main__:FuncIndex is 1438, start time is 1620726315.6058762
INFO:__main__:FuncIndex is 1438, end time is 1620726315.6486642
INFO:__main__:used memory: 2 M
INFO:__main__:FuncIndex is 1438, time overhead is 0.042788028717041016
INFO:__main__:FuncIndex is 1439, start time is 1620726315.6493943
INFO:__main__:FuncIndex is 1439, end time is 1620726315.6784706
INFO:__main__:used memory: 0 M
INFO:__main__:FuncIndex is 1439, time overhead is 0.029076337814331055
INFO:__main__:FuncIndex is 1440, start time is 1620726315.6790721
INFO:root:unsupport call_indirect now
INFO:root:unsupport call_indirect now
INFO:__main__:FuncIndex is 1440, end time is 1620726315.8337858
INFO:__main__:used memory: -1 M
INFO:__main__:FuncIndex is 1440, time overhead is 0.15471363067626953
INFO:__main__:FuncIndex is 1441, start time is 1620726315.8350735
INFO:__main__:FuncIndex is 1441, end time is 1620726315.9699078
INFO:__main__:used memory: -1 M
INFO:__main__:FuncIndex is 1441, time overhead is 0.13483428955078125
INFO:__main__:FuncIndex is 1442, start time is 1620726315.9726565
INFO:__main__:FuncIndex is 1442, end time is 1620726316.2305086
INFO:__main__:used memory: 0 M
INFO:__main__:FuncIndex is 1442, time overhead is 0.25785207748413086
INFO:__main__:FuncIndex is 1443, start time is 1620726316.2339487
INFO:__main__:[exception] used memory: 0 M
INFO:__main__:[exception] FuncIndex is 1443, time overhead is 0.0011324882507324219
INFO:__main__:FuncIndex is 1444, start time is 1620726316.2354257
INFO:__main__:[exception] used memory: 0 M
INFO:__main__:[exception] FuncIndex is 1444, time overhead is 0.21637511253356934
INFO:__main__:FuncIndex is 1445, start time is 1620726316.453728
INFO:__main__:FuncIndex is 1445, end time is 1620726316.6794908
INFO:__main__:used memory: 0 M
INFO:__main__:FuncIndex is 1445, time overhead is 0.22576284408569336
INFO:__main__:FuncIndex is 1446, start time is 1620726316.6823847
INFO:root:
INFO:root:
INFO:__main__:FuncIndex is 1446, end time is 1620726317.0024118
INFO:__main__:used memory: 0 M
INFO:__main__:FuncIndex is 1446, time overhead is 0.32002711296081543
INFO:__main__:FuncIndex is 1447, start time is 1620726317.0049684
INFO:__main__:[exception] used memory: 0 M
INFO:__main__:[exception] FuncIndex is 1447, time overhead is 90.28996658325195
INFO:__main__:FuncIndex is 1448, start time is 1620726407.2996976
INFO:__main__:[exception] used memory: 2 M
INFO:__main__:[exception] FuncIndex is 1448, time overhead is 2521.621259212494
INFO:__main__:FuncIndex is 1449, start time is 1620728928.9243011
INFO:__main__:[exception] used memory: 0 M
INFO:__main__:[exception] FuncIndex is 1449, time overhead is 0.0017931461334228516
INFO:__main__:FuncIndex is 1450, start time is 1620728928.92655
INFO:__main__:FuncIndex is 1450, end time is 1620728929.018183
INFO:__main__:used memory: -2 M
INFO:__main__:FuncIndex is 1450, time overhead is 0.09163308143615723
INFO:__main__:FuncIndex is 1451, start time is 1620728929.0205235
INFO:__main__:FuncIndex is 1451, end time is 1620728930.0727813
INFO:__main__:used memory: 0 M
INFO:__main__:FuncIndex is 1451, time overhead is 1.052257776260376
INFO:__main__:FuncIndex is 1452, start time is 1620728930.0751598
INFO:__main__:FuncIndex is 1452, end time is 1620728930.1158593
INFO:__main__:used memory: 0 M
INFO:__main__:FuncIndex is 1452, time overhead is 0.04069948196411133
INFO:__main__:FuncIndex is 1453, start time is 1620728930.1184843
INFO:__main__:FuncIndex is 1453, end time is 1620728930.1607323
INFO:__main__:used memory: 1 M
INFO:__main__:FuncIndex is 1453, time overhead is 0.04224801063537598
INFO:__main__:FuncIndex is 1454, start time is 1620728930.161399
INFO:__main__:FuncIndex is 1454, end time is 1620728935.4757211
INFO:__main__:used memory: -2 M
INFO:__main__:FuncIndex is 1454, time overhead is 5.314322233200073
INFO:__main__:FuncIndex is 1455, start time is 1620728935.4803534
INFO:__main__:FuncIndex is 1455, end time is 1620728935.5351572
INFO:__main__:used memory: 1 M
INFO:__main__:FuncIndex is 1455, time overhead is 0.05480384826660156
INFO:__main__:FuncIndex is 1456, start time is 1620728935.535965
INFO:__main__:FuncIndex is 1456, end time is 1620728935.5993667
INFO:__main__:used memory: 0 M
INFO:__main__:FuncIndex is 1456, time overhead is 0.06340169906616211
INFO:__main__:FuncIndex is 1457, start time is 1620728935.6001298
INFO:__main__:FuncIndex is 1457, end time is 1620728935.7234025
INFO:__main__:used memory: 0 M
INFO:__main__:FuncIndex is 1457, time overhead is 0.12327265739440918
INFO:__main__:FuncIndex is 1458, start time is 1620728935.7242017
INFO:__main__:FuncIndex is 1458, end time is 1620728935.7508528
INFO:__main__:used memory: 0 M
INFO:__main__:FuncIndex is 1458, time overhead is 0.02665114402770996
INFO:__main__:FuncIndex is 1459, start time is 1620728935.7517211
INFO:__main__:FuncIndex is 1459, end time is 1620728935.804747
INFO:__main__:used memory: -1 M
INFO:__main__:FuncIndex is 1459, time overhead is 0.05302596092224121
INFO:__main__:FuncIndex is 1460, start time is 1620728935.8054461
INFO:__main__:FuncIndex is 1460, end time is 1620728936.339233
INFO:__main__:used memory: 0 M
INFO:__main__:FuncIndex is 1460, time overhead is 0.5337867736816406
INFO:__main__:FuncIndex is 1461, start time is 1620728936.3403769
INFO:__main__:[exception] used memory: 0 M
INFO:__main__:[exception] FuncIndex is 1461, time overhead is 10.022561073303223
INFO:__main__:FuncIndex is 1462, start time is 1620728946.3661578
INFO:__main__:FuncIndex is 1462, end time is 1620728946.4628859
INFO:__main__:used memory: 1 M
INFO:__main__:FuncIndex is 1462, time overhead is 0.09672808647155762
INFO:__main__:FuncIndex is 1463, start time is 1620728946.4656518
INFO:__main__:FuncIndex is 1463, end time is 1620728946.9831033
INFO:__main__:used memory: -1 M
INFO:__main__:FuncIndex is 1463, time overhead is 0.5174515247344971
INFO:__main__:FuncIndex is 1464, start time is 1620728946.9860904
INFO:__main__:FuncIndex is 1464, end time is 1620728950.1177542
INFO:__main__:used memory: 1 M
INFO:__main__:FuncIndex is 1464, time overhead is 3.1316637992858887
INFO:__main__:FuncIndex is 1465, start time is 1620728950.1216633
INFO:__main__:[exception] used memory: 0 M
INFO:__main__:[exception] FuncIndex is 1465, time overhead is 0.0037724971771240234
INFO:__main__:FuncIndex is 1466, start time is 1620728950.1259866
INFO:__main__:[exception] used memory: 0 M
INFO:__main__:[exception] FuncIndex is 1466, time overhead is 0.024724960327148438
INFO:__main__:FuncIndex is 1467, start time is 1620728950.152089
INFO:__main__:FuncIndex is 1467, end time is 1620728950.236585
INFO:__main__:used memory: 0 M
INFO:__main__:FuncIndex is 1467, time overhead is 0.08449578285217285
INFO:__main__:FuncIndex is 1468, start time is 1620728950.2372863
INFO:__main__:FuncIndex is 1468, end time is 1620728950.37771
INFO:__main__:used memory: 0 M
INFO:__main__:FuncIndex is 1468, time overhead is 0.14042377471923828
INFO:__main__:FuncIndex is 1469, start time is 1620728950.3803763
INFO:__main__:FuncIndex is 1469, end time is 1620728950.5116842
INFO:__main__:used memory: 0 M
INFO:__main__:FuncIndex is 1469, time overhead is 0.13130784034729004
INFO:__main__:FuncIndex is 1470, start time is 1620728950.5142477
INFO:__main__:FuncIndex is 1470, end time is 1620728950.6425323
INFO:__main__:used memory: 0 M
INFO:__main__:FuncIndex is 1470, time overhead is 0.12828469276428223
INFO:__main__:FuncIndex is 1471, start time is 1620728950.6457043
INFO:__main__:FuncIndex is 1471, end time is 1620728950.7861
INFO:__main__:used memory: -1 M
INFO:__main__:FuncIndex is 1471, time overhead is 0.1403956413269043
INFO:__main__:FuncIndex is 1472, start time is 1620728950.7890868
INFO:__main__:FuncIndex is 1472, end time is 1620728951.1531997
INFO:__main__:used memory: 0 M
INFO:__main__:FuncIndex is 1472, time overhead is 0.36411285400390625
INFO:__main__:FuncIndex is 1473, start time is 1620728951.1568534
INFO:__main__:FuncIndex is 1473, end time is 1620728951.2134163
INFO:__main__:used memory: 0 M
INFO:__main__:FuncIndex is 1473, time overhead is 0.05656290054321289
INFO:__main__:FuncIndex is 1474, start time is 1620728951.2163973
INFO:__main__:FuncIndex is 1474, end time is 1620728951.4607666
INFO:__main__:used memory: 0 M
INFO:__main__:FuncIndex is 1474, time overhead is 0.2443692684173584
INFO:__main__:FuncIndex is 1475, start time is 1620728951.4635239
INFO:__main__:[exception] used memory: 0 M
INFO:__main__:[exception] FuncIndex is 1475, time overhead is 0.027240276336669922
INFO:__main__:FuncIndex is 1476, start time is 1620728951.4921227
INFO:__main__:FuncIndex is 1476, end time is 1620728951.5827074
INFO:__main__:used memory: 0 M
INFO:__main__:FuncIndex is 1476, time overhead is 0.09058475494384766
INFO:__main__:FuncIndex is 1477, start time is 1620728951.5859675
INFO:root:b'Argument (bvand #x0000000000000000 #x00000000ffffffff) at position 1 does not match declaration (declare-fun bvsle ((_ BitVec 32) (_ BitVec 32)) Bool)'
INFO:__main__:[exception] used memory: 0 M
INFO:__main__:[exception] FuncIndex is 1477, time overhead is 0.15915203094482422
INFO:__main__:FuncIndex is 1478, start time is 1620728951.746107
INFO:__main__:FuncIndex is 1478, end time is 1620728951.7987282
INFO:__main__:used memory: 0 M
INFO:__main__:FuncIndex is 1478, time overhead is 0.05262112617492676
INFO:__main__:FuncIndex is 1479, start time is 1620728951.801504
INFO:__main__:[exception] used memory: -1 M
INFO:__main__:[exception] FuncIndex is 1479, time overhead is 2.421236991882324
INFO:__main__:FuncIndex is 1480, start time is 1620728954.2271163
INFO:__main__:FuncIndex is 1480, end time is 1620728954.2771287
INFO:__main__:used memory: 1 M
INFO:__main__:FuncIndex is 1480, time overhead is 0.05001235008239746
INFO:__main__:FuncIndex is 1481, start time is 1620728954.2778764
INFO:__main__:FuncIndex is 1481, end time is 1620728954.332807
INFO:__main__:used memory: 1 M
INFO:__main__:FuncIndex is 1481, time overhead is 0.054930686950683594
INFO:__main__:FuncIndex is 1482, start time is 1620728954.3355243
INFO:__main__:FuncIndex is 1482, end time is 1620728954.3784254
INFO:__main__:used memory: -1 M
INFO:__main__:FuncIndex is 1482, time overhead is 0.042901039123535156
INFO:__main__:FuncIndex is 1483, start time is 1620728954.3791134
INFO:__main__:FuncIndex is 1483, end time is 1620728954.4321558
INFO:__main__:used memory: 0 M
INFO:__main__:FuncIndex is 1483, time overhead is 0.05304241180419922
INFO:__main__:FuncIndex is 1484, start time is 1620728954.4348469
INFO:__main__:FuncIndex is 1484, end time is 1620728954.485288
INFO:__main__:used memory: 0 M
INFO:__main__:FuncIndex is 1484, time overhead is 0.05044102668762207
INFO:__main__:FuncIndex is 1485, start time is 1620728954.4879487
INFO:__main__:FuncIndex is 1485, end time is 1620728954.512821
INFO:__main__:used memory: 1 M
INFO:__main__:FuncIndex is 1485, time overhead is 0.024872303009033203
INFO:__main__:FuncIndex is 1486, start time is 1620728954.5134935
INFO:__main__:FuncIndex is 1486, end time is 1620728957.213661
INFO:__main__:used memory: -1 M
INFO:__main__:FuncIndex is 1486, time overhead is 2.700167417526245
INFO:__main__:FuncIndex is 1487, start time is 1620728957.2169797
INFO:__main__:[exception] used memory: 0 M
INFO:__main__:[exception] FuncIndex is 1487, time overhead is 0.00247955322265625
INFO:__main__:FuncIndex is 1488, start time is 1620728957.2200031
INFO:__main__:FuncIndex is 1488, end time is 1620728957.2821386
INFO:__main__:used memory: 0 M
INFO:__main__:FuncIndex is 1488, time overhead is 0.06213545799255371
INFO:__main__:FuncIndex is 1489, start time is 1620728957.2828984
INFO:root:
INFO:__main__:FuncIndex is 1489, end time is 1620728957.3226597
INFO:__main__:used memory: 0 M
INFO:__main__:FuncIndex is 1489, time overhead is 0.03976130485534668
INFO:__main__:FuncIndex is 1490, start time is 1620728957.3235424
INFO:__main__:[exception] used memory: 33 M
INFO:__main__:[exception] FuncIndex is 1490, time overhead is 175.95164799690247
INFO:__main__:FuncIndex is 1491, start time is 1620729133.2780135
INFO:__main__:[exception] used memory: 0 M
INFO:__main__:[exception] FuncIndex is 1491, time overhead is 129.7870852947235
INFO:__main__:FuncIndex is 1492, start time is 1620729263.0676363
INFO:__main__:[exception] used memory: 0 M
INFO:__main__:[exception] FuncIndex is 1492, time overhead is 0.3134286403656006
INFO:__main__:FuncIndex is 1493, start time is 1620729263.3840346
INFO:__main__:FuncIndex is 1493, end time is 1620729263.573393
INFO:__main__:used memory: -1 M
INFO:__main__:FuncIndex is 1493, time overhead is 0.18935847282409668
INFO:__main__:FuncIndex is 1494, start time is 1620729263.5740268
INFO:root:unsupport call_indirect now
INFO:__main__:FuncIndex is 1494, end time is 1620729263.7724538
INFO:__main__:used memory: 0 M
INFO:__main__:FuncIndex is 1494, time overhead is 0.1984269618988037
INFO:__main__:FuncIndex is 1495, start time is 1620729263.7732635
INFO:__main__:FuncIndex is 1495, end time is 1620729263.8962896
INFO:__main__:used memory: 0 M
INFO:__main__:FuncIndex is 1495, time overhead is 0.12302613258361816
INFO:__main__:FuncIndex is 1496, start time is 1620729263.8989954
INFO:__main__:FuncIndex is 1496, end time is 1620729263.9545054
INFO:__main__:used memory: 1 M
INFO:__main__:FuncIndex is 1496, time overhead is 0.05551004409790039
INFO:__main__:FuncIndex is 1497, start time is 1620729263.9551668
INFO:__main__:FuncIndex is 1497, end time is 1620729263.9925852
INFO:__main__:used memory: -1 M
INFO:__main__:FuncIndex is 1497, time overhead is 0.037418365478515625
INFO:__main__:FuncIndex is 1498, start time is 1620729263.9953728
INFO:__main__:FuncIndex is 1498, end time is 1620729264.0296242
INFO:__main__:used memory: 1 M
INFO:__main__:FuncIndex is 1498, time overhead is 0.03425145149230957
INFO:__main__:FuncIndex is 1499, start time is 1620729264.0323787
INFO:__main__:[exception] used memory: 0 M
INFO:__main__:[exception] FuncIndex is 1499, time overhead is 0.09925413131713867
INFO:__main__:FuncIndex is 1500, start time is 1620729264.1322536
INFO:__main__:[exception] used memory: 1 M
INFO:__main__:[exception] FuncIndex is 1500, time overhead is 0.1180107593536377
INFO:__main__:FuncIndex is 1501, start time is 1620729264.2508886
INFO:__main__:FuncIndex is 1501, end time is 1620729264.3238583
INFO:__main__:used memory: -2 M
INFO:__main__:FuncIndex is 1501, time overhead is 0.07296967506408691
INFO:__main__:FuncIndex is 1502, start time is 1620729264.3247263
INFO:__main__:FuncIndex is 1502, end time is 1620729264.3980012
INFO:__main__:used memory: 1 M
INFO:__main__:FuncIndex is 1502, time overhead is 0.07327485084533691
INFO:__main__:FuncIndex is 1503, start time is 1620729264.3986576
INFO:__main__:FuncIndex is 1503, end time is 1620729264.4351625
INFO:__main__:used memory: 0 M
INFO:__main__:FuncIndex is 1503, time overhead is 0.03650498390197754
INFO:__main__:FuncIndex is 1504, start time is 1620729264.4381752
INFO:__main__:FuncIndex is 1504, end time is 1620729264.8508792
INFO:__main__:used memory: 0 M
INFO:__main__:FuncIndex is 1504, time overhead is 0.4127039909362793
INFO:__main__:FuncIndex is 1505, start time is 1620729264.851765
INFO:__main__:FuncIndex is 1505, end time is 1620729265.0046058
INFO:__main__:used memory: 1 M
INFO:__main__:FuncIndex is 1505, time overhead is 0.15284085273742676
INFO:__main__:FuncIndex is 1506, start time is 1620729265.007384
INFO:__main__:FuncIndex is 1506, end time is 1620729265.1186583
INFO:__main__:used memory: -1 M
INFO:__main__:FuncIndex is 1506, time overhead is 0.11127424240112305
INFO:__main__:FuncIndex is 1507, start time is 1620729265.1193085
INFO:__main__:FuncIndex is 1507, end time is 1620729265.1517115
INFO:__main__:used memory: 2 M
INFO:__main__:FuncIndex is 1507, time overhead is 0.032402992248535156
INFO:__main__:FuncIndex is 1508, start time is 1620729265.1524186
INFO:__main__:FuncIndex is 1508, end time is 1620729265.4338572
INFO:__main__:used memory: -2 M
INFO:__main__:FuncIndex is 1508, time overhead is 0.28143858909606934
INFO:__main__:FuncIndex is 1509, start time is 1620729265.437224
INFO:root:
INFO:__main__:FuncIndex is 1509, end time is 1620729265.4715793
INFO:__main__:used memory: 0 M
INFO:__main__:FuncIndex is 1509, time overhead is 0.03435540199279785
INFO:__main__:FuncIndex is 1510, start time is 1620729265.4724107
INFO:__main__:FuncIndex is 1510, end time is 1620729265.5332506
INFO:__main__:used memory: 0 M
INFO:__main__:FuncIndex is 1510, time overhead is 0.06083989143371582
INFO:__main__:FuncIndex is 1511, start time is 1620729265.5364826
INFO:root:
INFO:__main__:FuncIndex is 1511, end time is 1620729265.5804083
INFO:__main__:used memory: 0 M
INFO:__main__:FuncIndex is 1511, time overhead is 0.04392576217651367
INFO:__main__:FuncIndex is 1512, start time is 1620729265.5832772
INFO:__main__:FuncIndex is 1512, end time is 1620729265.6258667
INFO:__main__:used memory: 1 M
INFO:__main__:FuncIndex is 1512, time overhead is 0.042589426040649414
INFO:__main__:FuncIndex is 1513, start time is 1620729265.6265507
INFO:__main__:FuncIndex is 1513, end time is 1620729265.6794064
INFO:__main__:used memory: -1 M
INFO:__main__:FuncIndex is 1513, time overhead is 0.052855730056762695
INFO:__main__:FuncIndex is 1514, start time is 1620729265.6807234
INFO:__main__:FuncIndex is 1514, end time is 1620729265.8696592
INFO:__main__:used memory: 0 M
INFO:__main__:FuncIndex is 1514, time overhead is 0.1889357566833496
INFO:__main__:FuncIndex is 1515, start time is 1620729265.8728044
INFO:__main__:FuncIndex is 1515, end time is 1620729266.3615668
INFO:__main__:used memory: 1 M
INFO:__main__:FuncIndex is 1515, time overhead is 0.48876237869262695
INFO:__main__:FuncIndex is 1516, start time is 1620729266.364116
INFO:root:
INFO:__main__:FuncIndex is 1516, end time is 1620729266.4447706
INFO:__main__:used memory: 0 M
INFO:__main__:FuncIndex is 1516, time overhead is 0.08065462112426758
INFO:__main__:FuncIndex is 1517, start time is 1620729266.4455402
INFO:__main__:FuncIndex is 1517, end time is 1620729266.5002024
INFO:__main__:used memory: 0 M
INFO:__main__:FuncIndex is 1517, time overhead is 0.054662227630615234
INFO:__main__:FuncIndex is 1518, start time is 1620729266.5009084
INFO:__main__:FuncIndex is 1518, end time is 1620729266.5389123
INFO:__main__:used memory: 0 M
INFO:__main__:FuncIndex is 1518, time overhead is 0.03800392150878906
INFO:__main__:FuncIndex is 1519, start time is 1620729266.5397267
INFO:root:First argument must be a Z3 bit-vector expression
INFO:root:First argument must be a Z3 bit-vector expression
INFO:__main__:FuncIndex is 1519, end time is 1620729266.6909142
INFO:__main__:used memory: -1 M
INFO:__main__:FuncIndex is 1519, time overhead is 0.15118741989135742
INFO:__main__:FuncIndex is 1520, start time is 1620729266.6937652
INFO:__main__:FuncIndex is 1520, end time is 1620729266.7776985
INFO:__main__:used memory: 1 M
INFO:__main__:FuncIndex is 1520, time overhead is 0.08393335342407227
INFO:__main__:FuncIndex is 1521, start time is 1620729266.7783892
INFO:__main__:FuncIndex is 1521, end time is 1620729266.8101165
INFO:__main__:used memory: 1 M
INFO:__main__:FuncIndex is 1521, time overhead is 0.03172731399536133
INFO:__main__:FuncIndex is 1522, start time is 1620729266.8107572
INFO:__main__:FuncIndex is 1522, end time is 1620729266.8625596
INFO:__main__:used memory: -2 M
INFO:__main__:FuncIndex is 1522, time overhead is 0.05180239677429199
INFO:__main__:FuncIndex is 1523, start time is 1620729266.8632257
INFO:__main__:FuncIndex is 1523, end time is 1620729266.942466
INFO:__main__:used memory: 1 M
INFO:__main__:FuncIndex is 1523, time overhead is 0.07924032211303711
INFO:__main__:FuncIndex is 1524, start time is 1620729266.9455733
INFO:__main__:FuncIndex is 1524, end time is 1620729267.0362914
INFO:__main__:used memory: 0 M
INFO:__main__:FuncIndex is 1524, time overhead is 0.09071803092956543
INFO:__main__:FuncIndex is 1525, start time is 1620729267.03896
INFO:__main__:[exception] used memory: 0 M
INFO:__main__:[exception] FuncIndex is 1525, time overhead is 0.0850679874420166
INFO:__main__:FuncIndex is 1526, start time is 1620729267.1261742
INFO:__main__:FuncIndex is 1526, end time is 1620729267.4191375
INFO:__main__:used memory: 1 M
INFO:__main__:FuncIndex is 1526, time overhead is 0.29296326637268066
INFO:__main__:FuncIndex is 1527, start time is 1620729267.4202356
INFO:__main__:FuncIndex is 1527, end time is 1620729267.711309
INFO:__main__:used memory: -1 M
INFO:__main__:FuncIndex is 1527, time overhead is 0.2910733222961426
INFO:__main__:FuncIndex is 1528, start time is 1620729267.712881
INFO:__main__:FuncIndex is 1528, end time is 1620729267.7546163
INFO:__main__:used memory: 2 M
INFO:__main__:FuncIndex is 1528, time overhead is 0.041735172271728516
INFO:__main__:FuncIndex is 1529, start time is 1620729267.755277
INFO:__main__:FuncIndex is 1529, end time is 1620729268.0893042
INFO:__main__:used memory: -1 M
INFO:__main__:FuncIndex is 1529, time overhead is 0.3340272903442383
INFO:__main__:FuncIndex is 1530, start time is 1620729268.0903752
INFO:__main__:[exception] used memory: 1 M
INFO:__main__:[exception] FuncIndex is 1530, time overhead is 117.10394978523254
INFO:__main__:FuncIndex is 1531, start time is 1620729385.1963418
INFO:__main__:[exception] used memory: 0 M
INFO:__main__:[exception] FuncIndex is 1531, time overhead is 0.0007352828979492188
INFO:__main__:FuncIndex is 1532, start time is 1620729385.1974287
INFO:__main__:[exception] used memory: 0 M
INFO:__main__:[exception] FuncIndex is 1532, time overhead is 0.014792203903198242
INFO:__main__:FuncIndex is 1533, start time is 1620729385.2133644
INFO:root:
INFO:__main__:FuncIndex is 1533, end time is 1620729385.2933216
INFO:__main__:used memory: 0 M
INFO:__main__:FuncIndex is 1533, time overhead is 0.07995724678039551
INFO:__main__:FuncIndex is 1534, start time is 1620729385.2961032
INFO:__main__:[exception] used memory: 0 M
INFO:__main__:[exception] FuncIndex is 1534, time overhead is 0.020896196365356445
INFO:__main__:FuncIndex is 1535, start time is 1620729385.318295
INFO:__main__:FuncIndex is 1535, end time is 1620729385.4793854
INFO:__main__:used memory: 0 M
INFO:__main__:FuncIndex is 1535, time overhead is 0.16109037399291992
INFO:__main__:FuncIndex is 1536, start time is 1620729385.482599
INFO:__main__:FuncIndex is 1536, end time is 1620729385.5300982
INFO:__main__:used memory: 1 M
INFO:__main__:FuncIndex is 1536, time overhead is 0.04749917984008789
INFO:__main__:FuncIndex is 1537, start time is 1620729385.5331185
INFO:__main__:FuncIndex is 1537, end time is 1620729385.6098473
INFO:__main__:used memory: 0 M
INFO:__main__:FuncIndex is 1537, time overhead is 0.07672882080078125
INFO:__main__:FuncIndex is 1538, start time is 1620729385.6138916
INFO:__main__:FuncIndex is 1538, end time is 1620729385.7307692
INFO:__main__:used memory: -1 M
INFO:__main__:FuncIndex is 1538, time overhead is 0.11687755584716797
INFO:__main__:FuncIndex is 1539, start time is 1620729385.7325041
INFO:__main__:FuncIndex is 1539, end time is 1620729385.8693912
INFO:__main__:used memory: 0 M
INFO:__main__:FuncIndex is 1539, time overhead is 0.1368870735168457
INFO:__main__:FuncIndex is 1540, start time is 1620729385.8721616
INFO:__main__:FuncIndex is 1540, end time is 1620729385.9610462
INFO:__main__:used memory: 0 M
INFO:__main__:FuncIndex is 1540, time overhead is 0.08888459205627441
INFO:__main__:FuncIndex is 1541, start time is 1620729385.9637353
INFO:__main__:FuncIndex is 1541, end time is 1620729386.7068353
INFO:__main__:used memory: 0 M
INFO:__main__:FuncIndex is 1541, time overhead is 0.7430999279022217
INFO:__main__:FuncIndex is 1542, start time is 1620729386.7096298
INFO:__main__:FuncIndex is 1542, end time is 1620729386.7692354
INFO:__main__:used memory: 0 M
INFO:__main__:FuncIndex is 1542, time overhead is 0.05960559844970703
INFO:__main__:FuncIndex is 1543, start time is 1620729386.769954
INFO:__main__:FuncIndex is 1543, end time is 1620729386.954725
INFO:__main__:used memory: 0 M
INFO:__main__:FuncIndex is 1543, time overhead is 0.18477106094360352
INFO:__main__:FuncIndex is 1544, start time is 1620729386.9602118
INFO:__main__:FuncIndex is 1544, end time is 1620729386.9944067
INFO:__main__:used memory: 0 M
INFO:__main__:FuncIndex is 1544, time overhead is 0.0341949462890625
INFO:__main__:FuncIndex is 1545, start time is 1620729386.9951348
INFO:__main__:FuncIndex is 1545, end time is 1620729387.0256147
INFO:__main__:used memory: 0 M
INFO:__main__:FuncIndex is 1545, time overhead is 0.030479907989501953
INFO:__main__:FuncIndex is 1546, start time is 1620729387.0262988
INFO:__main__:FuncIndex is 1546, end time is 1620729387.0481346
INFO:__main__:used memory: 1 M
INFO:__main__:FuncIndex is 1546, time overhead is 0.021835803985595703
INFO:__main__:FuncIndex is 1547, start time is 1620729387.0489419
INFO:__main__:FuncIndex is 1547, end time is 1620729387.0718467
INFO:__main__:used memory: 1 M
INFO:__main__:FuncIndex is 1547, time overhead is 0.02290487289428711
INFO:__main__:FuncIndex is 1548, start time is 1620729387.07257
INFO:__main__:FuncIndex is 1548, end time is 1620729387.09379
INFO:__main__:used memory: 0 M
INFO:__main__:FuncIndex is 1548, time overhead is 0.021219968795776367
INFO:__main__:FuncIndex is 1549, start time is 1620729387.0944686
INFO:__main__:FuncIndex is 1549, end time is 1620729387.7498233
INFO:__main__:used memory: -2 M
INFO:__main__:FuncIndex is 1549, time overhead is 0.6553547382354736
INFO:__main__:FuncIndex is 1550, start time is 1620729387.7539766
INFO:__main__:[exception] used memory: 1 M
INFO:__main__:[exception] FuncIndex is 1550, time overhead is 5.978339433670044
INFO:__main__:FuncIndex is 1551, start time is 1620729393.73661
INFO:__main__:FuncIndex is 1551, end time is 1620729393.8661292
INFO:__main__:used memory: -1 M
INFO:__main__:FuncIndex is 1551, time overhead is 0.12951922416687012
INFO:__main__:FuncIndex is 1552, start time is 1620729393.8694305
INFO:__main__:FuncIndex is 1552, end time is 1620729393.9448047
INFO:__main__:used memory: 1 M
INFO:__main__:FuncIndex is 1552, time overhead is 0.07537412643432617
INFO:__main__:FuncIndex is 1553, start time is 1620729393.9478698
INFO:__main__:FuncIndex is 1553, end time is 1620729394.0533118
INFO:__main__:used memory: 0 M
INFO:__main__:FuncIndex is 1553, time overhead is 0.10544204711914062
INFO:__main__:FuncIndex is 1554, start time is 1620729394.0540042
INFO:__main__:FuncIndex is 1554, end time is 1620729394.1105917
INFO:__main__:used memory: 1 M
INFO:__main__:FuncIndex is 1554, time overhead is 0.05658745765686035
INFO:__main__:FuncIndex is 1555, start time is 1620729394.1113286
INFO:root:b'Sorts (_ BitVec 256) and (_ BitVec 32) are incompatible'
INFO:__main__:FuncIndex is 1555, end time is 1620729394.1430752
INFO:__main__:used memory: 0 M
INFO:__main__:FuncIndex is 1555, time overhead is 0.031746625900268555
INFO:__main__:FuncIndex is 1556, start time is 1620729394.1440184
INFO:__main__:FuncIndex is 1556, end time is 1620729394.9622016
INFO:__main__:used memory: -1 M
INFO:__main__:FuncIndex is 1556, time overhead is 0.818183183670044
INFO:__main__:FuncIndex is 1557, start time is 1620729394.9651647
INFO:root:Timed out!
INFO:__main__:FuncIndex is 1557, end time is 1620729406.7371523
INFO:__main__:used memory: -2 M
INFO:__main__:FuncIndex is 1557, time overhead is 11.771987676620483
INFO:__main__:FuncIndex is 1558, start time is 1620729406.7419178
INFO:__main__:FuncIndex is 1558, end time is 1620729406.8369784
INFO:__main__:used memory: 0 M
INFO:__main__:FuncIndex is 1558, time overhead is 0.09506058692932129
INFO:__main__:FuncIndex is 1559, start time is 1620729406.837778
INFO:__main__:FuncIndex is 1559, end time is 1620729406.9080453
INFO:__main__:used memory: 1 M
INFO:__main__:FuncIndex is 1559, time overhead is 0.0702672004699707
INFO:__main__:FuncIndex is 1560, start time is 1620729406.9088047
INFO:__main__:FuncIndex is 1560, end time is 1620729406.9517078
INFO:__main__:used memory: 0 M
INFO:__main__:FuncIndex is 1560, time overhead is 0.04290318489074707
INFO:__main__:FuncIndex is 1561, start time is 1620729406.9525406
INFO:__main__:[exception] used memory: 0 M
INFO:__main__:[exception] FuncIndex is 1561, time overhead is 10.0503249168396
INFO:__main__:FuncIndex is 1562, start time is 1620729417.0066504
INFO:__main__:FuncIndex is 1562, end time is 1620729421.128603
INFO:__main__:used memory: -1 M
INFO:__main__:FuncIndex is 1562, time overhead is 4.121952533721924
INFO:__main__:FuncIndex is 1563, start time is 1620729421.1318266
INFO:__main__:FuncIndex is 1563, end time is 1620729454.2886693
INFO:__main__:used memory: 57 M
INFO:__main__:FuncIndex is 1563, time overhead is 33.15684270858765
INFO:__main__:FuncIndex is 1564, start time is 1620729454.2932115
INFO:__main__:FuncIndex is 1564, end time is 1620729454.3880994
INFO:__main__:used memory: 0 M
INFO:__main__:FuncIndex is 1564, time overhead is 0.09488797187805176
INFO:__main__:FuncIndex is 1565, start time is 1620729454.392287
INFO:__main__:[exception] used memory: 0 M
INFO:__main__:[exception] FuncIndex is 1565, time overhead is 0.2806565761566162
INFO:__main__:FuncIndex is 1566, start time is 1620729454.676458
INFO:__main__:FuncIndex is 1566, end time is 1620729455.2629957
INFO:__main__:used memory: 0 M
INFO:__main__:FuncIndex is 1566, time overhead is 0.5865378379821777
INFO:__main__:FuncIndex is 1567, start time is 1620729455.2671297
INFO:__main__:[exception] used memory: 1 M
INFO:__main__:[exception] FuncIndex is 1567, time overhead is 0.3753030300140381
INFO:__main__:FuncIndex is 1568, start time is 1620729455.646102
INFO:__main__:FuncIndex is 1568, end time is 1620729455.7586553
INFO:__main__:used memory: 1 M
INFO:__main__:FuncIndex is 1568, time overhead is 0.11255335807800293
INFO:__main__:FuncIndex is 1569, start time is 1620729455.7596679
INFO:__main__:FuncIndex is 1569, end time is 1620729455.8340626
INFO:__main__:used memory: 1 M
INFO:__main__:FuncIndex is 1569, time overhead is 0.07439470291137695
INFO:__main__:FuncIndex is 1570, start time is 1620729455.8378508
INFO:__main__:[exception] used memory: -36 M
INFO:__main__:[exception] FuncIndex is 1570, time overhead is 10.102906942367554
INFO:__main__:FuncIndex is 1571, start time is 1620729465.9418194
INFO:__main__:FuncIndex is 1571, end time is 1620729466.0027654
INFO:__main__:used memory: 0 M
INFO:__main__:FuncIndex is 1571, time overhead is 0.060945987701416016
INFO:__main__:FuncIndex is 1572, start time is 1620729466.005863
INFO:__main__:FuncIndex is 1572, end time is 1620729466.2285345
INFO:__main__:used memory: -1 M
INFO:__main__:FuncIndex is 1572, time overhead is 0.2226715087890625
INFO:__main__:FuncIndex is 1573, start time is 1620729466.2327304
INFO:__main__:FuncIndex is 1573, end time is 1620729466.4116023
INFO:__main__:used memory: 1 M
INFO:__main__:FuncIndex is 1573, time overhead is 0.17887187004089355
INFO:__main__:FuncIndex is 1574, start time is 1620729466.4146833
INFO:__main__:[exception] used memory: -1 M
INFO:__main__:[exception] FuncIndex is 1574, time overhead is 6.0262298583984375
INFO:__main__:FuncIndex is 1575, start time is 1620729472.4443848
INFO:__main__:FuncIndex is 1575, end time is 1620729472.6922617
INFO:__main__:used memory: 0 M
INFO:__main__:FuncIndex is 1575, time overhead is 0.24787688255310059
INFO:__main__:FuncIndex is 1576, start time is 1620729472.6949692
INFO:__main__:FuncIndex is 1576, end time is 1620729472.7319887
INFO:__main__:used memory: 2 M
INFO:__main__:FuncIndex is 1576, time overhead is 0.03701949119567871
INFO:__main__:FuncIndex is 1577, start time is 1620729472.7346675
INFO:__main__:[exception] used memory: -2 M
INFO:__main__:[exception] FuncIndex is 1577, time overhead is 1.2024574279785156
INFO:__main__:FuncIndex is 1578, start time is 1620729473.9401605
INFO:__main__:FuncIndex is 1578, end time is 1620729474.815431
INFO:__main__:used memory: -14 M
INFO:__main__:FuncIndex is 1578, time overhead is 0.8752706050872803
INFO:__main__:FuncIndex is 1579, start time is 1620729474.819266
INFO:__main__:[exception] used memory: 0 M
INFO:__main__:[exception] FuncIndex is 1579, time overhead is 0.08047938346862793
INFO:__main__:FuncIndex is 1580, start time is 1620729474.9004812
INFO:__main__:FuncIndex is 1580, end time is 1620729474.9625425
INFO:__main__:used memory: 0 M
INFO:__main__:FuncIndex is 1580, time overhead is 0.062061309814453125
INFO:__main__:FuncIndex is 1581, start time is 1620729474.965528
INFO:__main__:[exception] used memory: -1 M
INFO:__main__:[exception] FuncIndex is 1581, time overhead is 10.150766134262085
INFO:__main__:FuncIndex is 1582, start time is 1620729485.1200523
INFO:__main__:FuncIndex is 1582, end time is 1620729485.3562045
INFO:__main__:used memory: 0 M
INFO:__main__:FuncIndex is 1582, time overhead is 0.23615217208862305
INFO:__main__:FuncIndex is 1583, start time is 1620729485.3570292
INFO:__main__:FuncIndex is 1583, end time is 1620729485.426418
INFO:__main__:used memory: 1 M
INFO:__main__:FuncIndex is 1583, time overhead is 0.06938886642456055
INFO:__main__:FuncIndex is 1584, start time is 1620729485.4272015
INFO:__main__:FuncIndex is 1584, end time is 1620729485.4846313
INFO:__main__:used memory: 0 M
INFO:__main__:FuncIndex is 1584, time overhead is 0.05742979049682617
INFO:__main__:FuncIndex is 1585, start time is 1620729485.4873183
INFO:__main__:[exception] used memory: -1 M
INFO:__main__:[exception] FuncIndex is 1585, time overhead is 0.629284143447876
INFO:__main__:FuncIndex is 1586, start time is 1620729486.11937
INFO:root:unsupport call_indirect now
INFO:root:unsupport call_indirect now
INFO:root:unsupport call_indirect now
INFO:root:unsupport call_indirect now
INFO:root:unsupport call_indirect now
INFO:root:unsupport call_indirect now
INFO:root:b'Argument (bvand #xffffffffffffffff #x00000000ffffffff) at position 1 does not match declaration (declare-fun bvsge ((_ BitVec 32) (_ BitVec 32)) Bool)'
INFO:__main__:[exception] used memory: 0 M
INFO:__main__:[exception] FuncIndex is 1586, time overhead is 3.010072946548462
INFO:__main__:FuncIndex is 1587, start time is 1620729489.1322029
INFO:__main__:FuncIndex is 1587, end time is 1620729489.1674554
INFO:__main__:used memory: 0 M
INFO:__main__:FuncIndex is 1587, time overhead is 0.03525257110595703
INFO:__main__:FuncIndex is 1588, start time is 1620729489.1681259
INFO:__main__:FuncIndex is 1588, end time is 1620729489.2141483
INFO:__main__:used memory: 0 M
INFO:__main__:FuncIndex is 1588, time overhead is 0.04602241516113281
INFO:__main__:FuncIndex is 1589, start time is 1620729489.2148354
INFO:__main__:FuncIndex is 1589, end time is 1620729489.4338086
INFO:__main__:used memory: -1 M
INFO:__main__:FuncIndex is 1589, time overhead is 0.21897315979003906
INFO:__main__:FuncIndex is 1590, start time is 1620729489.4366052
INFO:__main__:[exception] used memory: 0 M
INFO:__main__:[exception] FuncIndex is 1590, time overhead is 9.999847173690796
INFO:__main__:FuncIndex is 1591, start time is 1620729499.4387844
INFO:__main__:FuncIndex is 1591, end time is 1620729499.4930089
INFO:__main__:used memory: 1 M
INFO:__main__:FuncIndex is 1591, time overhead is 0.054224491119384766
INFO:__main__:FuncIndex is 1592, start time is 1620729499.4938471
INFO:__main__:FuncIndex is 1592, end time is 1620729499.6751854
INFO:__main__:used memory: -1 M
INFO:__main__:FuncIndex is 1592, time overhead is 0.18133831024169922
INFO:__main__:FuncIndex is 1593, start time is 1620729499.6782935
INFO:__main__:FuncIndex is 1593, end time is 1620729499.7221456
INFO:__main__:used memory: 0 M
INFO:__main__:FuncIndex is 1593, time overhead is 0.04385209083557129
INFO:__main__:FuncIndex is 1594, start time is 1620729499.7228508
INFO:__main__:[exception] used memory: 0 M
INFO:__main__:[exception] FuncIndex is 1594, time overhead is 0.07388496398925781
INFO:__main__:FuncIndex is 1595, start time is 1620729499.7979624
Exception ignored in: <bound method AstRef.__del__ of Concat(Extract(30, 0, call_35_106)*
       (1 + Extract(30, 0, call_35_106)),
       0) |
If(Id_32_63 <= 0, 0, 1)>
Traceback (most recent call last):
  File "/home/yangzq18/.local/lib/python3.6/site-packages/z3/z3.py", line 314, in __del__
    Z3_dec_ref(self.ctx.ref(), self.as_ast())
  File "seraph.py", line 249, in signal_handler
    raise Exception("Timed out!")
Exception: Timed out!
INFO:__main__:FuncIndex is 1595, end time is 1620729768.437799
INFO:__main__:used memory: 892 M
INFO:__main__:FuncIndex is 1595, time overhead is 268.6398365497589
INFO:__main__:FuncIndex is 1596, start time is 1620729768.4454455
INFO:__main__:FuncIndex is 1596, end time is 1620729768.845742
INFO:__main__:used memory: 1 M
INFO:__main__:FuncIndex is 1596, time overhead is 0.4002964496612549
INFO:__main__:FuncIndex is 1597, start time is 1620729768.849077
INFO:__main__:FuncIndex is 1597, end time is 1620729769.036257
INFO:__main__:used memory: 1 M
INFO:__main__:FuncIndex is 1597, time overhead is 0.1871800422668457
INFO:__main__:FuncIndex is 1598, start time is 1620729769.0403543
INFO:__main__:FuncIndex is 1598, end time is 1620729769.2474837
INFO:__main__:used memory: -1 M
INFO:__main__:FuncIndex is 1598, time overhead is 0.20712947845458984
INFO:__main__:FuncIndex is 1599, start time is 1620729769.251799
INFO:__main__:FuncIndex is 1599, end time is 1620729769.2991176
INFO:__main__:used memory: 4 M
INFO:__main__:FuncIndex is 1599, time overhead is 0.047318458557128906
INFO:__main__:FuncIndex is 1600, start time is 1620729769.2998757
INFO:__main__:FuncIndex is 1600, end time is 1620729769.3478026
INFO:__main__:used memory: 0 M
INFO:__main__:FuncIndex is 1600, time overhead is 0.047926902770996094
INFO:__main__:All time: 4193.5024933815
