INFO:__main__:FuncIndex is 32, start time is 1620694521.0224998
INFO:__main__:FuncIndex is 32, end time is 1620694521.357339
INFO:__main__:used memory: 5 M
INFO:__main__:FuncIndex is 32, time overhead is 0.3348391056060791
INFO:__main__:FuncIndex is 33, start time is 1620694521.358325
INFO:__main__:FuncIndex is 33, end time is 1620694522.4111207
INFO:__main__:used memory: 17 M
INFO:__main__:FuncIndex is 33, time overhead is 1.052795648574829
INFO:__main__:FuncIndex is 34, start time is 1620694522.4122744
INFO:__main__:FuncIndex is 34, end time is 1620694551.2300444
INFO:__main__:used memory: 61 M
INFO:__main__:FuncIndex is 34, time overhead is 28.81777000427246
INFO:__main__:FuncIndex is 35, start time is 1620694551.2342494
INFO:__main__:FuncIndex is 35, end time is 1620694551.350248
INFO:__main__:used memory: 0 M
INFO:__main__:FuncIndex is 35, time overhead is 0.11599874496459961
INFO:__main__:FuncIndex is 36, start time is 1620694551.354716
INFO:root:reached unreachable
INFO:root:reached unreachable
INFO:__main__:FuncIndex is 36, end time is 1620694551.525326
INFO:__main__:used memory: 0 M
INFO:__main__:FuncIndex is 36, time overhead is 0.1706099510192871
INFO:__main__:FuncIndex is 37, start time is 1620694551.5264635
INFO:root:unsupport call_indirect now
INFO:__main__:FuncIndex is 37, end time is 1620694551.6069517
INFO:__main__:used memory: 0 M
INFO:__main__:FuncIndex is 37, time overhead is 0.08048820495605469
INFO:__main__:FuncIndex is 38, start time is 1620694551.6080956
INFO:__main__:FuncIndex is 38, end time is 1620694554.633308
INFO:__main__:used memory: -48 M
INFO:__main__:FuncIndex is 38, time overhead is 3.025212287902832
INFO:__main__:FuncIndex is 39, start time is 1620694554.637515
INFO:__main__:FuncIndex is 39, end time is 1620694554.7198386
INFO:__main__:used memory: 0 M
INFO:__main__:FuncIndex is 39, time overhead is 0.08232355117797852
INFO:__main__:FuncIndex is 40, start time is 1620694554.7241864
INFO:__main__:FuncIndex is 40, end time is 1620694554.8081264
INFO:__main__:used memory: 0 M
INFO:__main__:FuncIndex is 40, time overhead is 0.08394002914428711
INFO:__main__:FuncIndex is 41, start time is 1620694554.8092382
INFO:__main__:FuncIndex is 41, end time is 1620694554.8703728
INFO:__main__:used memory: 0 M
INFO:__main__:FuncIndex is 41, time overhead is 0.06113457679748535
INFO:__main__:FuncIndex is 42, start time is 1620694554.8718212
INFO:__main__:FuncIndex is 42, end time is 1620694554.9166248
INFO:__main__:used memory: 1 M
INFO:__main__:FuncIndex is 42, time overhead is 0.044803619384765625
INFO:__main__:FuncIndex is 43, start time is 1620694554.917661
INFO:__main__:FuncIndex is 43, end time is 1620694555.0424252
INFO:__main__:used memory: -1 M
INFO:__main__:FuncIndex is 43, time overhead is 0.12476420402526855
INFO:__main__:FuncIndex is 44, start time is 1620694555.043855
INFO:__main__:FuncIndex is 44, end time is 1620694555.1106024
INFO:__main__:used memory: 1 M
INFO:__main__:FuncIndex is 44, time overhead is 0.06674742698669434
INFO:__main__:FuncIndex is 45, start time is 1620694555.112643
INFO:__main__:FuncIndex is 45, end time is 1620694555.155452
INFO:__main__:used memory: 0 M
INFO:__main__:FuncIndex is 45, time overhead is 0.04280900955200195
INFO:__main__:FuncIndex is 46, start time is 1620694555.1565113
INFO:__main__:FuncIndex is 46, end time is 1620694555.2425747
INFO:__main__:used memory: -1 M
INFO:__main__:FuncIndex is 46, time overhead is 0.08606338500976562
INFO:__main__:FuncIndex is 47, start time is 1620694555.2437878
INFO:__main__:FuncIndex is 47, end time is 1620694555.4883387
INFO:__main__:used memory: 0 M
INFO:__main__:FuncIndex is 47, time overhead is 0.2445509433746338
INFO:__main__:FuncIndex is 48, start time is 1620694555.4924505
INFO:__main__:FuncIndex is 48, end time is 1620694555.533767
INFO:__main__:used memory: 0 M
INFO:__main__:FuncIndex is 48, time overhead is 0.04131650924682617
INFO:__main__:FuncIndex is 49, start time is 1620694555.5350509
INFO:__main__:FuncIndex is 49, end time is 1620694555.5925221
INFO:__main__:used memory: 0 M
INFO:__main__:FuncIndex is 49, time overhead is 0.057471275329589844
INFO:__main__:FuncIndex is 50, start time is 1620694555.593606
INFO:__main__:FuncIndex is 50, end time is 1620694555.6378727
INFO:__main__:used memory: 0 M
INFO:__main__:FuncIndex is 50, time overhead is 0.044266700744628906
INFO:__main__:FuncIndex is 51, start time is 1620694555.6391807
INFO:__main__:FuncIndex is 51, end time is 1620694555.7194095
INFO:__main__:used memory: 0 M
INFO:__main__:FuncIndex is 51, time overhead is 0.08022880554199219
INFO:__main__:FuncIndex is 52, start time is 1620694555.7237256
INFO:__main__:FuncIndex is 52, end time is 1620694555.779433
INFO:__main__:used memory: 0 M
INFO:__main__:FuncIndex is 52, time overhead is 0.055707454681396484
INFO:__main__:FuncIndex is 53, start time is 1620694555.781513
INFO:__main__:FuncIndex is 53, end time is 1620694555.834145
INFO:__main__:used memory: 0 M
INFO:__main__:FuncIndex is 53, time overhead is 0.05263209342956543
INFO:__main__:FuncIndex is 54, start time is 1620694555.8354728
INFO:__main__:FuncIndex is 54, end time is 1620694555.8997471
INFO:__main__:used memory: 0 M
INFO:__main__:FuncIndex is 54, time overhead is 0.06427431106567383
INFO:__main__:FuncIndex is 55, start time is 1620694555.9008813
INFO:__main__:FuncIndex is 55, end time is 1620694555.9764204
INFO:__main__:used memory: 0 M
INFO:__main__:FuncIndex is 55, time overhead is 0.07553911209106445
INFO:__main__:FuncIndex is 56, start time is 1620694555.977519
INFO:__main__:FuncIndex is 56, end time is 1620694556.019059
INFO:__main__:used memory: -1 M
INFO:__main__:FuncIndex is 56, time overhead is 0.041539907455444336
INFO:__main__:FuncIndex is 57, start time is 1620694556.020231
INFO:__main__:FuncIndex is 57, end time is 1620694556.1702673
INFO:__main__:used memory: 1 M
INFO:__main__:FuncIndex is 57, time overhead is 0.15003633499145508
INFO:__main__:FuncIndex is 58, start time is 1620694556.1751192
INFO:__main__:FuncIndex is 58, end time is 1620694556.2533405
INFO:__main__:used memory: 0 M
INFO:__main__:FuncIndex is 58, time overhead is 0.07822132110595703
INFO:__main__:FuncIndex is 59, start time is 1620694556.257722
INFO:__main__:FuncIndex is 59, end time is 1620694556.3182135
INFO:__main__:used memory: 0 M
INFO:__main__:FuncIndex is 59, time overhead is 0.06049156188964844
INFO:__main__:FuncIndex is 60, start time is 1620694556.319647
INFO:__main__:FuncIndex is 60, end time is 1620694556.3700652
INFO:__main__:used memory: 0 M
INFO:__main__:FuncIndex is 60, time overhead is 0.05041813850402832
INFO:__main__:FuncIndex is 61, start time is 1620694556.3714519
INFO:__main__:FuncIndex is 61, end time is 1620694556.4139845
INFO:__main__:used memory: 0 M
INFO:__main__:FuncIndex is 61, time overhead is 0.04253268241882324
INFO:__main__:FuncIndex is 62, start time is 1620694556.4153047
INFO:__main__:FuncIndex is 62, end time is 1620694556.5709164
INFO:__main__:used memory: 0 M
INFO:__main__:FuncIndex is 62, time overhead is 0.15561175346374512
INFO:__main__:FuncIndex is 63, start time is 1620694556.5756075
INFO:root:b'Sorts (_ BitVec 32) and (_ BitVec 64) are incompatible'
INFO:__main__:FuncIndex is 63, end time is 1620694556.6225471
INFO:__main__:used memory: 1 M
INFO:__main__:FuncIndex is 63, time overhead is 0.04693961143493652
INFO:__main__:FuncIndex is 64, start time is 1620694556.6238217
INFO:__main__:FuncIndex is 64, end time is 1620694556.7025738
INFO:__main__:used memory: 0 M
INFO:__main__:FuncIndex is 64, time overhead is 0.07875204086303711
INFO:__main__:FuncIndex is 65, start time is 1620694556.7038124
INFO:__main__:FuncIndex is 65, end time is 1620694556.7478776
INFO:__main__:used memory: 0 M
INFO:__main__:FuncIndex is 65, time overhead is 0.044065237045288086
INFO:__main__:FuncIndex is 66, start time is 1620694556.748982
INFO:__main__:FuncIndex is 66, end time is 1620694556.809533
INFO:__main__:used memory: 0 M
INFO:__main__:FuncIndex is 66, time overhead is 0.06055116653442383
INFO:__main__:FuncIndex is 67, start time is 1620694556.8109114
INFO:__main__:FuncIndex is 67, end time is 1620694556.9443145
INFO:__main__:used memory: 0 M
INFO:__main__:FuncIndex is 67, time overhead is 0.13340306282043457
INFO:__main__:FuncIndex is 68, start time is 1620694556.9488683
INFO:__main__:FuncIndex is 68, end time is 1620694557.0641224
INFO:__main__:used memory: 1 M
INFO:__main__:FuncIndex is 68, time overhead is 0.11525416374206543
INFO:__main__:FuncIndex is 69, start time is 1620694557.068966
INFO:__main__:FuncIndex is 69, end time is 1620694557.1883283
INFO:__main__:used memory: 0 M
INFO:__main__:FuncIndex is 69, time overhead is 0.11936235427856445
INFO:__main__:FuncIndex is 70, start time is 1620694557.1928167
INFO:__main__:FuncIndex is 70, end time is 1620694557.2920702
INFO:__main__:used memory: 1 M
INFO:__main__:FuncIndex is 70, time overhead is 0.09925341606140137
INFO:__main__:FuncIndex is 71, start time is 1620694557.296461
INFO:__main__:FuncIndex is 71, end time is 1620694557.3943148
INFO:__main__:used memory: 0 M
INFO:__main__:FuncIndex is 71, time overhead is 0.0978536605834961
INFO:__main__:FuncIndex is 72, start time is 1620694557.3994222
INFO:__main__:FuncIndex is 72, end time is 1620694557.486142
INFO:__main__:used memory: 1 M
INFO:__main__:FuncIndex is 72, time overhead is 0.08671975135803223
INFO:__main__:FuncIndex is 73, start time is 1620694557.4910157
INFO:__main__:FuncIndex is 73, end time is 1620694557.634067
INFO:__main__:used memory: 0 M
INFO:__main__:FuncIndex is 73, time overhead is 0.1430513858795166
INFO:__main__:FuncIndex is 74, start time is 1620694557.6389
INFO:__main__:FuncIndex is 74, end time is 1620694557.763353
INFO:__main__:used memory: 1 M
INFO:__main__:FuncIndex is 74, time overhead is 0.12445306777954102
INFO:__main__:FuncIndex is 75, start time is 1620694557.7676036
INFO:__main__:FuncIndex is 75, end time is 1620694558.1231294
INFO:__main__:used memory: 2 M
INFO:__main__:FuncIndex is 75, time overhead is 0.3555257320404053
INFO:__main__:FuncIndex is 76, start time is 1620694558.13145
INFO:__main__:FuncIndex is 76, end time is 1620694558.5887923
INFO:__main__:used memory: 0 M
INFO:__main__:FuncIndex is 76, time overhead is 0.45734238624572754
INFO:__main__:FuncIndex is 77, start time is 1620694558.593117
INFO:__main__:FuncIndex is 77, end time is 1620694558.9742029
INFO:__main__:used memory: -2 M
INFO:__main__:FuncIndex is 77, time overhead is 0.3810858726501465
INFO:__main__:FuncIndex is 78, start time is 1620694558.9785295
INFO:__main__:FuncIndex is 78, end time is 1620694559.258214
INFO:__main__:used memory: 1 M
INFO:__main__:FuncIndex is 78, time overhead is 0.27968454360961914
INFO:__main__:FuncIndex is 79, start time is 1620694559.2624514
INFO:__main__:FuncIndex is 79, end time is 1620694559.8254447
INFO:__main__:used memory: 0 M
INFO:__main__:FuncIndex is 79, time overhead is 0.5629932880401611
INFO:__main__:FuncIndex is 80, start time is 1620694559.8299825
INFO:__main__:FuncIndex is 80, end time is 1620694560.2646587
INFO:__main__:used memory: 0 M
INFO:__main__:FuncIndex is 80, time overhead is 0.4346761703491211
INFO:__main__:FuncIndex is 81, start time is 1620694560.268797
INFO:__main__:FuncIndex is 81, end time is 1620694560.363896
INFO:__main__:used memory: 0 M
INFO:__main__:FuncIndex is 81, time overhead is 0.09509897232055664
INFO:__main__:FuncIndex is 82, start time is 1620694560.3684208
INFO:__main__:FuncIndex is 82, end time is 1620694560.4563057
INFO:__main__:used memory: 0 M
INFO:__main__:FuncIndex is 82, time overhead is 0.08788490295410156
INFO:__main__:FuncIndex is 83, start time is 1620694560.4607682
INFO:__main__:FuncIndex is 83, end time is 1620694560.551913
INFO:__main__:used memory: 0 M
INFO:__main__:FuncIndex is 83, time overhead is 0.09114480018615723
INFO:__main__:FuncIndex is 84, start time is 1620694560.5564542
INFO:__main__:FuncIndex is 84, end time is 1620694560.6347504
INFO:__main__:used memory: 0 M
INFO:__main__:FuncIndex is 84, time overhead is 0.07829618453979492
INFO:__main__:FuncIndex is 85, start time is 1620694560.6391082
INFO:__main__:FuncIndex is 85, end time is 1620694560.6885748
INFO:__main__:used memory: 0 M
INFO:__main__:FuncIndex is 85, time overhead is 0.049466609954833984
INFO:__main__:FuncIndex is 86, start time is 1620694560.6896706
INFO:__main__:FuncIndex is 86, end time is 1620694560.755288
INFO:__main__:used memory: 0 M
INFO:__main__:FuncIndex is 86, time overhead is 0.06561732292175293
INFO:__main__:FuncIndex is 87, start time is 1620694560.7564077
INFO:__main__:FuncIndex is 87, end time is 1620694560.815568
INFO:__main__:used memory: 0 M
INFO:__main__:FuncIndex is 87, time overhead is 0.05916023254394531
INFO:__main__:FuncIndex is 88, start time is 1620694560.8167934
INFO:__main__:FuncIndex is 88, end time is 1620694560.8937738
INFO:__main__:used memory: 0 M
INFO:__main__:FuncIndex is 88, time overhead is 0.0769803524017334
INFO:__main__:FuncIndex is 89, start time is 1620694560.8981185
INFO:__main__:FuncIndex is 89, end time is 1620694560.9639454
INFO:__main__:used memory: 0 M
INFO:__main__:FuncIndex is 89, time overhead is 0.0658268928527832
INFO:__main__:FuncIndex is 90, start time is 1620694560.9652216
INFO:__main__:FuncIndex is 90, end time is 1620694561.0151193
INFO:__main__:used memory: -1 M
INFO:__main__:FuncIndex is 90, time overhead is 0.04989767074584961
INFO:__main__:FuncIndex is 91, start time is 1620694561.016218
INFO:root:reached unreachable
INFO:__main__:FuncIndex is 91, end time is 1620694561.0737786
INFO:__main__:used memory: 1 M
INFO:__main__:FuncIndex is 91, time overhead is 0.05756068229675293
INFO:__main__:FuncIndex is 92, start time is 1620694561.075195
INFO:__main__:FuncIndex is 92, end time is 1620694561.125119
INFO:__main__:used memory: 0 M
INFO:__main__:FuncIndex is 92, time overhead is 0.04992389678955078
INFO:__main__:FuncIndex is 93, start time is 1620694561.1261768
INFO:__main__:FuncIndex is 93, end time is 1620694561.1967063
INFO:__main__:used memory: 0 M
INFO:__main__:FuncIndex is 93, time overhead is 0.07052946090698242
INFO:__main__:FuncIndex is 94, start time is 1620694561.1979012
INFO:root:'Context' object has no attribute 'mem'
INFO:root:'Context' object has no attribute 'mem'
INFO:root:'Context' object has no attribute 'mem'
INFO:root:'Context' object has no attribute 'mem'
INFO:root:Timed out!
INFO:root:'Context' object has no attribute 'mem'
INFO:root:'Context' object has no attribute 'mem'
INFO:root:'Context' object has no attribute 'mem'
INFO:root:'Context' object has no attribute 'mem'
INFO:root:'Context' object has no attribute 'mem'
INFO:root:'Context' object has no attribute 'mem'
INFO:root:'Context' object has no attribute 'mem'
INFO:root:'Context' object has no attribute 'mem'
INFO:__main__:FuncIndex is 94, end time is 1620694581.7939138
INFO:__main__:used memory: 12 M
INFO:__main__:FuncIndex is 94, time overhead is 20.596012592315674
INFO:__main__:FuncIndex is 95, start time is 1620694581.7981474
INFO:__main__:FuncIndex is 95, end time is 1620694582.03946
INFO:__main__:used memory: 1 M
INFO:__main__:FuncIndex is 95, time overhead is 0.24131250381469727
INFO:__main__:FuncIndex is 96, start time is 1620694582.0438287
INFO:__main__:FuncIndex is 96, end time is 1620694582.164764
INFO:__main__:used memory: 0 M
INFO:__main__:FuncIndex is 96, time overhead is 0.12093520164489746
INFO:__main__:FuncIndex is 97, start time is 1620694582.16902
INFO:__main__:FuncIndex is 97, end time is 1620694582.2075334
INFO:__main__:used memory: 1 M
INFO:__main__:FuncIndex is 97, time overhead is 0.0385134220123291
INFO:__main__:FuncIndex is 98, start time is 1620694582.2085936
INFO:__main__:FuncIndex is 98, end time is 1620694582.2914171
INFO:__main__:used memory: 0 M
INFO:__main__:FuncIndex is 98, time overhead is 0.08282351493835449
INFO:__main__:FuncIndex is 99, start time is 1620694582.2924376
INFO:__main__:FuncIndex is 99, end time is 1620694582.346122
INFO:__main__:used memory: 1 M
INFO:__main__:FuncIndex is 99, time overhead is 0.05368447303771973
INFO:__main__:FuncIndex is 100, start time is 1620694582.3474665
INFO:__main__:FuncIndex is 100, end time is 1620694582.4474292
INFO:__main__:used memory: -1 M
INFO:__main__:FuncIndex is 100, time overhead is 0.09996271133422852
INFO:__main__:FuncIndex is 101, start time is 1620694582.4485064
INFO:__main__:FuncIndex is 101, end time is 1620694582.55955
INFO:__main__:used memory: 0 M
INFO:__main__:FuncIndex is 101, time overhead is 0.11104369163513184
INFO:__main__:FuncIndex is 102, start time is 1620694582.560606
INFO:__main__:FuncIndex is 102, end time is 1620694582.860114
INFO:__main__:used memory: 2 M
INFO:__main__:FuncIndex is 102, time overhead is 0.29950809478759766
INFO:__main__:FuncIndex is 103, start time is 1620694582.8646328
INFO:__main__:FuncIndex is 103, end time is 1620694583.1128669
INFO:__main__:used memory: 3 M
INFO:__main__:FuncIndex is 103, time overhead is 0.24823403358459473
INFO:__main__:FuncIndex is 104, start time is 1620694583.117792
INFO:__main__:FuncIndex is 104, end time is 1620694583.3436215
INFO:__main__:used memory: 1 M
INFO:__main__:FuncIndex is 104, time overhead is 0.2258296012878418
INFO:__main__:FuncIndex is 105, start time is 1620694583.3485672
INFO:__main__:FuncIndex is 105, end time is 1620694583.5822508
INFO:__main__:used memory: 1 M
INFO:__main__:FuncIndex is 105, time overhead is 0.23368358612060547
INFO:__main__:FuncIndex is 106, start time is 1620694583.5870807
INFO:__main__:FuncIndex is 106, end time is 1620694584.1235974
INFO:__main__:used memory: -14 M
INFO:__main__:FuncIndex is 106, time overhead is 0.5365166664123535
INFO:__main__:FuncIndex is 107, start time is 1620694584.127281
INFO:__main__:FuncIndex is 107, end time is 1620694584.3232067
INFO:__main__:used memory: 0 M
INFO:__main__:FuncIndex is 107, time overhead is 0.19592571258544922
INFO:__main__:FuncIndex is 108, start time is 1620694584.3274608
INFO:__main__:FuncIndex is 108, end time is 1620694584.5207
INFO:__main__:used memory: 0 M
INFO:__main__:FuncIndex is 108, time overhead is 0.1932392120361328
INFO:__main__:FuncIndex is 109, start time is 1620694584.5247602
INFO:__main__:FuncIndex is 109, end time is 1620694584.8010573
INFO:__main__:used memory: 0 M
INFO:__main__:FuncIndex is 109, time overhead is 0.27629709243774414
INFO:__main__:FuncIndex is 110, start time is 1620694584.8060164
INFO:__main__:FuncIndex is 110, end time is 1620694584.927312
INFO:__main__:used memory: 0 M
INFO:__main__:FuncIndex is 110, time overhead is 0.12129545211791992
INFO:__main__:FuncIndex is 111, start time is 1620694584.9315052
INFO:__main__:FuncIndex is 111, end time is 1620694585.0461369
INFO:__main__:used memory: 0 M
INFO:__main__:FuncIndex is 111, time overhead is 0.11463165283203125
INFO:__main__:FuncIndex is 112, start time is 1620694585.0503955
INFO:__main__:FuncIndex is 112, end time is 1620694585.6155374
INFO:__main__:used memory: 0 M
INFO:__main__:FuncIndex is 112, time overhead is 0.5651419162750244
INFO:__main__:FuncIndex is 113, start time is 1620694585.620563
INFO:__main__:FuncIndex is 113, end time is 1620694585.9307978
INFO:__main__:used memory: 0 M
INFO:__main__:FuncIndex is 113, time overhead is 0.31023478507995605
INFO:__main__:FuncIndex is 114, start time is 1620694585.9352553
INFO:__main__:FuncIndex is 114, end time is 1620694586.0224607
INFO:__main__:used memory: 0 M
INFO:__main__:FuncIndex is 114, time overhead is 0.08720541000366211
INFO:__main__:FuncIndex is 115, start time is 1620694586.026798
INFO:__main__:FuncIndex is 115, end time is 1620694586.094308
INFO:__main__:used memory: 0 M
INFO:__main__:FuncIndex is 115, time overhead is 0.06750988960266113
INFO:__main__:FuncIndex is 116, start time is 1620694586.0956602
INFO:__main__:FuncIndex is 116, end time is 1620694586.1487484
INFO:__main__:used memory: 1 M
INFO:__main__:FuncIndex is 116, time overhead is 0.05308818817138672
INFO:__main__:FuncIndex is 117, start time is 1620694586.150065
INFO:__main__:FuncIndex is 117, end time is 1620694586.2802694
INFO:__main__:used memory: 0 M
INFO:__main__:FuncIndex is 117, time overhead is 0.130204439163208
INFO:__main__:FuncIndex is 118, start time is 1620694586.281476
INFO:__main__:FuncIndex is 118, end time is 1620694586.3317378
INFO:__main__:used memory: 0 M
INFO:__main__:FuncIndex is 118, time overhead is 0.050261735916137695
INFO:__main__:FuncIndex is 119, start time is 1620694586.3328052
INFO:__main__:FuncIndex is 119, end time is 1620694586.3856404
INFO:__main__:used memory: -1 M
INFO:__main__:FuncIndex is 119, time overhead is 0.05283522605895996
INFO:__main__:FuncIndex is 120, start time is 1620694586.3869061
INFO:__main__:FuncIndex is 120, end time is 1620694586.430233
INFO:__main__:used memory: 1 M
INFO:__main__:FuncIndex is 120, time overhead is 0.04332685470581055
INFO:__main__:FuncIndex is 121, start time is 1620694586.431595
INFO:__main__:FuncIndex is 121, end time is 1620694586.9729195
INFO:__main__:used memory: -1 M
INFO:__main__:FuncIndex is 121, time overhead is 0.5413243770599365
INFO:__main__:FuncIndex is 122, start time is 1620694586.9774182
INFO:__main__:FuncIndex is 122, end time is 1620694588.3991475
INFO:__main__:used memory: -2 M
INFO:__main__:FuncIndex is 122, time overhead is 1.421729326248169
INFO:__main__:FuncIndex is 123, start time is 1620694588.4001417
INFO:__main__:FuncIndex is 123, end time is 1620694588.7777972
INFO:__main__:used memory: 1 M
INFO:__main__:FuncIndex is 123, time overhead is 0.3776555061340332
INFO:__main__:FuncIndex is 124, start time is 1620694588.7791917
INFO:__main__:FuncIndex is 124, end time is 1620694588.822937
INFO:__main__:used memory: 0 M
INFO:__main__:FuncIndex is 124, time overhead is 0.04374527931213379
INFO:__main__:FuncIndex is 125, start time is 1620694588.8240318
INFO:__main__:FuncIndex is 125, end time is 1620694589.3137755
INFO:__main__:used memory: -1 M
INFO:__main__:FuncIndex is 125, time overhead is 0.489743709564209
INFO:__main__:FuncIndex is 126, start time is 1620694589.3182762
INFO:__main__:FuncIndex is 126, end time is 1620694589.3583534
INFO:__main__:used memory: 0 M
INFO:__main__:FuncIndex is 126, time overhead is 0.04007720947265625
INFO:__main__:FuncIndex is 127, start time is 1620694589.3597693
INFO:__main__:FuncIndex is 127, end time is 1620694590.3212447
INFO:__main__:used memory: 0 M
INFO:__main__:FuncIndex is 127, time overhead is 0.9614753723144531
INFO:__main__:FuncIndex is 128, start time is 1620694590.3254795
INFO:__main__:FuncIndex is 128, end time is 1620694590.4291422
INFO:__main__:used memory: -1 M
INFO:__main__:FuncIndex is 128, time overhead is 0.10366272926330566
INFO:__main__:FuncIndex is 129, start time is 1620694590.433659
INFO:root:sort mismatch
INFO:__main__:FuncIndex is 129, end time is 1620694590.502821
INFO:__main__:used memory: 1 M
INFO:__main__:FuncIndex is 129, time overhead is 0.06916189193725586
INFO:__main__:FuncIndex is 130, start time is 1620694590.5038598
INFO:__main__:FuncIndex is 130, end time is 1620694590.623931
INFO:__main__:used memory: 0 M
INFO:__main__:FuncIndex is 130, time overhead is 0.1200711727142334
INFO:__main__:FuncIndex is 131, start time is 1620694590.628503
INFO:__main__:[exception] used memory: 0 M
INFO:__main__:[exception] FuncIndex is 131, time overhead is 0.0026743412017822266
INFO:__main__:FuncIndex is 132, start time is 1620694590.6317403
INFO:__main__:[exception] used memory: 0 M
INFO:__main__:[exception] FuncIndex is 132, time overhead is 0.0016765594482421875
INFO:__main__:FuncIndex is 133, start time is 1620694590.6340094
INFO:__main__:FuncIndex is 133, end time is 1620694590.7561119
INFO:__main__:used memory: 0 M
INFO:__main__:FuncIndex is 133, time overhead is 0.12210249900817871
INFO:__main__:FuncIndex is 134, start time is 1620694590.7571845
INFO:__main__:FuncIndex is 134, end time is 1620694590.8101776
INFO:__main__:used memory: -1 M
INFO:__main__:FuncIndex is 134, time overhead is 0.052993059158325195
INFO:__main__:FuncIndex is 135, start time is 1620694590.811579
INFO:__main__:FuncIndex is 135, end time is 1620694590.8558376
INFO:__main__:used memory: 1 M
INFO:__main__:FuncIndex is 135, time overhead is 0.04425859451293945
INFO:__main__:FuncIndex is 136, start time is 1620694590.8571353
INFO:__main__:FuncIndex is 136, end time is 1620694590.899421
INFO:__main__:used memory: 0 M
INFO:__main__:FuncIndex is 136, time overhead is 0.04228568077087402
INFO:__main__:FuncIndex is 137, start time is 1620694590.9004939
INFO:__main__:FuncIndex is 137, end time is 1620694590.9660015
INFO:__main__:used memory: 0 M
INFO:__main__:FuncIndex is 137, time overhead is 0.06550765037536621
INFO:__main__:FuncIndex is 138, start time is 1620694590.9674342
INFO:__main__:[exception] used memory: 0 M
INFO:__main__:[exception] FuncIndex is 138, time overhead is 0.0035305023193359375
INFO:__main__:FuncIndex is 139, start time is 1620694590.9716163
INFO:__main__:FuncIndex is 139, end time is 1620694592.7024555
INFO:__main__:used memory: 0 M
INFO:__main__:FuncIndex is 139, time overhead is 1.7308392524719238
INFO:__main__:FuncIndex is 140, start time is 1620694592.7039435
INFO:__main__:FuncIndex is 140, end time is 1620694592.7479916
INFO:__main__:used memory: 0 M
INFO:__main__:FuncIndex is 140, time overhead is 0.04404807090759277
INFO:__main__:FuncIndex is 141, start time is 1620694592.7490866
INFO:__main__:FuncIndex is 141, end time is 1620694592.7934725
INFO:__main__:used memory: 0 M
INFO:__main__:FuncIndex is 141, time overhead is 0.04438591003417969
INFO:__main__:FuncIndex is 142, start time is 1620694592.7945116
INFO:__main__:FuncIndex is 142, end time is 1620694594.1136167
INFO:__main__:used memory: 0 M
INFO:__main__:FuncIndex is 142, time overhead is 1.3191051483154297
INFO:__main__:FuncIndex is 143, start time is 1620694594.1152153
INFO:__main__:FuncIndex is 143, end time is 1620694594.4213433
INFO:__main__:used memory: -1 M
INFO:__main__:FuncIndex is 143, time overhead is 0.30612802505493164
INFO:__main__:FuncIndex is 144, start time is 1620694594.4229436
INFO:__main__:FuncIndex is 144, end time is 1620694594.4833865
INFO:__main__:used memory: 1 M
INFO:__main__:FuncIndex is 144, time overhead is 0.06044292449951172
INFO:__main__:FuncIndex is 145, start time is 1620694594.4844832
INFO:__main__:FuncIndex is 145, end time is 1620694594.6764739
INFO:__main__:used memory: 0 M
INFO:__main__:FuncIndex is 145, time overhead is 0.19199061393737793
INFO:__main__:FuncIndex is 146, start time is 1620694594.6815162
INFO:__main__:[exception] used memory: 0 M
INFO:__main__:[exception] FuncIndex is 146, time overhead is 1.5461554527282715
INFO:__main__:FuncIndex is 147, start time is 1620694596.233336
INFO:__main__:FuncIndex is 147, end time is 1620694596.2882867
INFO:__main__:used memory: 0 M
INFO:__main__:FuncIndex is 147, time overhead is 0.054950714111328125
INFO:__main__:FuncIndex is 148, start time is 1620694596.2896729
INFO:__main__:FuncIndex is 148, end time is 1620694599.8780382
INFO:__main__:used memory: 2 M
INFO:__main__:FuncIndex is 148, time overhead is 3.588365316390991
INFO:__main__:FuncIndex is 149, start time is 1620694599.8833447
INFO:__main__:FuncIndex is 149, end time is 1620694599.9317322
INFO:__main__:used memory: 1 M
INFO:__main__:FuncIndex is 149, time overhead is 0.04838752746582031
INFO:__main__:FuncIndex is 150, start time is 1620694599.9328098
INFO:__main__:FuncIndex is 150, end time is 1620694599.995226
INFO:__main__:used memory: 0 M
INFO:__main__:FuncIndex is 150, time overhead is 0.06241607666015625
INFO:__main__:FuncIndex is 151, start time is 1620694599.9963124
INFO:__main__:FuncIndex is 151, end time is 1620694600.0386083
INFO:__main__:used memory: 0 M
INFO:__main__:FuncIndex is 151, time overhead is 0.04229593276977539
INFO:__main__:FuncIndex is 152, start time is 1620694600.0398188
INFO:__main__:[exception] used memory: 0 M
INFO:__main__:[exception] FuncIndex is 152, time overhead is 0.002328157424926758
INFO:__main__:FuncIndex is 153, start time is 1620694600.0426965
INFO:__main__:FuncIndex is 153, end time is 1620694600.0896049
INFO:__main__:used memory: 0 M
INFO:__main__:FuncIndex is 153, time overhead is 0.04690837860107422
INFO:__main__:FuncIndex is 154, start time is 1620694600.0910976
INFO:__main__:FuncIndex is 154, end time is 1620694600.1317694
INFO:__main__:used memory: 0 M
INFO:__main__:FuncIndex is 154, time overhead is 0.04067182540893555
INFO:__main__:FuncIndex is 155, start time is 1620694600.1328266
INFO:__main__:FuncIndex is 155, end time is 1620694600.1749666
INFO:__main__:used memory: 0 M
INFO:__main__:FuncIndex is 155, time overhead is 0.04214000701904297
INFO:__main__:FuncIndex is 156, start time is 1620694600.176034
INFO:__main__:FuncIndex is 156, end time is 1620694600.217035
INFO:__main__:used memory: 0 M
INFO:__main__:FuncIndex is 156, time overhead is 0.041001081466674805
INFO:__main__:FuncIndex is 157, start time is 1620694600.218171
INFO:__main__:FuncIndex is 157, end time is 1620694600.3066676
INFO:__main__:used memory: 0 M
INFO:__main__:FuncIndex is 157, time overhead is 0.08849668502807617
INFO:__main__:FuncIndex is 158, start time is 1620694600.3113382
INFO:__main__:[exception] used memory: -1 M
INFO:__main__:[exception] FuncIndex is 158, time overhead is 0.01594376564025879
INFO:__main__:FuncIndex is 159, start time is 1620694600.3280401
INFO:__main__:FuncIndex is 159, end time is 1620694602.8839693
INFO:__main__:used memory: 0 M
INFO:__main__:FuncIndex is 159, time overhead is 2.555929183959961
INFO:__main__:FuncIndex is 160, start time is 1620694602.8852496
INFO:__main__:FuncIndex is 160, end time is 1620694604.7477586
INFO:__main__:used memory: 0 M
INFO:__main__:FuncIndex is 160, time overhead is 1.86250901222229
INFO:__main__:FuncIndex is 161, start time is 1620694604.7490797
INFO:__main__:FuncIndex is 161, end time is 1620694605.082287
INFO:__main__:used memory: 1 M
INFO:__main__:FuncIndex is 161, time overhead is 0.333207368850708
INFO:__main__:FuncIndex is 162, start time is 1620694605.0874865
INFO:__main__:FuncIndex is 162, end time is 1620694605.1592793
INFO:__main__:used memory: 1 M
INFO:__main__:FuncIndex is 162, time overhead is 0.0717928409576416
INFO:__main__:FuncIndex is 163, start time is 1620694605.1636615
INFO:__main__:FuncIndex is 163, end time is 1620694605.2084415
INFO:__main__:used memory: 0 M
INFO:__main__:FuncIndex is 163, time overhead is 0.04478001594543457
INFO:__main__:FuncIndex is 164, start time is 1620694605.2095296
INFO:root:b'Sorts (_ BitVec 32) and (_ BitVec 64) are incompatible'
INFO:__main__:FuncIndex is 164, end time is 1620694605.2617211
INFO:__main__:used memory: 0 M
INFO:__main__:FuncIndex is 164, time overhead is 0.05219149589538574
INFO:__main__:FuncIndex is 165, start time is 1620694605.2630637
INFO:__main__:FuncIndex is 165, end time is 1620694605.834265
INFO:__main__:used memory: 0 M
INFO:__main__:FuncIndex is 165, time overhead is 0.5712013244628906
INFO:__main__:FuncIndex is 166, start time is 1620694605.8357418
INFO:__main__:[exception] used memory: 0 M
INFO:__main__:[exception] FuncIndex is 166, time overhead is 0.0023860931396484375
INFO:__main__:FuncIndex is 167, start time is 1620694605.8387754
INFO:__main__:FuncIndex is 167, end time is 1620694605.9560857
INFO:__main__:used memory: 0 M
INFO:__main__:FuncIndex is 167, time overhead is 0.1173102855682373
INFO:__main__:FuncIndex is 168, start time is 1620694605.960291
INFO:__main__:FuncIndex is 168, end time is 1620694606.0500503
INFO:__main__:used memory: -1 M
INFO:__main__:FuncIndex is 168, time overhead is 0.08975934982299805
INFO:__main__:FuncIndex is 169, start time is 1620694606.054405
INFO:__main__:[exception] used memory: 0 M
INFO:__main__:[exception] FuncIndex is 169, time overhead is 0.1496121883392334
INFO:__main__:FuncIndex is 170, start time is 1620694606.2071395
INFO:__main__:FuncIndex is 170, end time is 1620694606.2630324
INFO:__main__:used memory: 1 M
INFO:__main__:FuncIndex is 170, time overhead is 0.0558929443359375
INFO:__main__:FuncIndex is 171, start time is 1620694606.2642848
INFO:__main__:FuncIndex is 171, end time is 1620694606.3176672
INFO:__main__:used memory: -1 M
INFO:__main__:FuncIndex is 171, time overhead is 0.05338239669799805
INFO:__main__:FuncIndex is 172, start time is 1620694606.3190265
INFO:__main__:FuncIndex is 172, end time is 1620694606.3684268
INFO:__main__:used memory: 1 M
INFO:__main__:FuncIndex is 172, time overhead is 0.04940032958984375
INFO:__main__:FuncIndex is 173, start time is 1620694606.3694792
INFO:__main__:FuncIndex is 173, end time is 1620694606.5454388
INFO:__main__:used memory: 0 M
INFO:__main__:FuncIndex is 173, time overhead is 0.17595958709716797
INFO:__main__:FuncIndex is 174, start time is 1620694606.5526292
INFO:__main__:FuncIndex is 174, end time is 1620694607.305041
INFO:__main__:used memory: 0 M
INFO:__main__:FuncIndex is 174, time overhead is 0.7524118423461914
INFO:__main__:FuncIndex is 175, start time is 1620694607.3106062
INFO:__main__:FuncIndex is 175, end time is 1620694607.9192123
INFO:__main__:used memory: 0 M
INFO:__main__:FuncIndex is 175, time overhead is 0.6086061000823975
INFO:__main__:FuncIndex is 176, start time is 1620694607.9203598
INFO:__main__:FuncIndex is 176, end time is 1620694607.9819562
INFO:__main__:used memory: 1 M
INFO:__main__:FuncIndex is 176, time overhead is 0.06159639358520508
INFO:__main__:FuncIndex is 177, start time is 1620694607.9833472
INFO:__main__:FuncIndex is 177, end time is 1620694608.0454485
INFO:__main__:used memory: 0 M
INFO:__main__:FuncIndex is 177, time overhead is 0.06210136413574219
INFO:__main__:FuncIndex is 178, start time is 1620694608.0465283
INFO:root:
INFO:__main__:FuncIndex is 178, end time is 1620694608.0891955
INFO:__main__:used memory: 0 M
INFO:__main__:FuncIndex is 178, time overhead is 0.04266715049743652
INFO:__main__:FuncIndex is 179, start time is 1620694608.0904067
INFO:__main__:FuncIndex is 179, end time is 1620694608.5251863
INFO:__main__:used memory: 2 M
INFO:__main__:FuncIndex is 179, time overhead is 0.43477964401245117
INFO:__main__:FuncIndex is 180, start time is 1620694608.5302498
INFO:__main__:FuncIndex is 180, end time is 1620694608.6551876
INFO:__main__:used memory: 1 M
INFO:__main__:FuncIndex is 180, time overhead is 0.12493777275085449
INFO:__main__:FuncIndex is 181, start time is 1620694608.656316
INFO:__main__:FuncIndex is 181, end time is 1620694608.6978319
INFO:__main__:used memory: 0 M
INFO:__main__:FuncIndex is 181, time overhead is 0.04151582717895508
INFO:__main__:FuncIndex is 182, start time is 1620694608.6993718
INFO:__main__:[exception] used memory: 0 M
INFO:__main__:[exception] FuncIndex is 182, time overhead is 0.005418300628662109
INFO:__main__:FuncIndex is 183, start time is 1620694608.7054367
INFO:__main__:FuncIndex is 183, end time is 1620694608.7836802
INFO:__main__:used memory: 0 M
INFO:__main__:FuncIndex is 183, time overhead is 0.07824349403381348
INFO:__main__:FuncIndex is 184, start time is 1620694608.7848225
INFO:__main__:FuncIndex is 184, end time is 1620694608.8514278
INFO:__main__:used memory: 1 M
INFO:__main__:FuncIndex is 184, time overhead is 0.0666053295135498
INFO:__main__:FuncIndex is 185, start time is 1620694608.8528988
INFO:__main__:FuncIndex is 185, end time is 1620694609.543984
INFO:__main__:used memory: 1 M
INFO:__main__:FuncIndex is 185, time overhead is 0.6910851001739502
INFO:__main__:FuncIndex is 186, start time is 1620694609.5484617
INFO:__main__:FuncIndex is 186, end time is 1620694609.894972
INFO:__main__:used memory: 2 M
INFO:__main__:FuncIndex is 186, time overhead is 0.3465104103088379
INFO:__main__:FuncIndex is 187, start time is 1620694609.9004755
INFO:__main__:FuncIndex is 187, end time is 1620694609.9729567
INFO:__main__:used memory: 1 M
INFO:__main__:FuncIndex is 187, time overhead is 0.07248115539550781
INFO:__main__:FuncIndex is 188, start time is 1620694609.9740562
INFO:__main__:FuncIndex is 188, end time is 1620694610.0193658
INFO:__main__:used memory: 0 M
INFO:__main__:FuncIndex is 188, time overhead is 0.04530954360961914
INFO:__main__:FuncIndex is 189, start time is 1620694610.020499
INFO:__main__:FuncIndex is 189, end time is 1620694610.0713055
INFO:__main__:used memory: 1 M
INFO:__main__:FuncIndex is 189, time overhead is 0.050806522369384766
INFO:__main__:FuncIndex is 190, start time is 1620694610.0725107
INFO:__main__:FuncIndex is 190, end time is 1620694610.49404
INFO:__main__:used memory: -4 M
INFO:__main__:FuncIndex is 190, time overhead is 0.42152929306030273
INFO:__main__:FuncIndex is 191, start time is 1620694610.495371
INFO:__main__:FuncIndex is 191, end time is 1620694610.5460863
INFO:__main__:used memory: 0 M
INFO:__main__:FuncIndex is 191, time overhead is 0.05071520805358887
INFO:__main__:FuncIndex is 192, start time is 1620694610.5473406
INFO:__main__:FuncIndex is 192, end time is 1620694610.5889084
INFO:__main__:used memory: 0 M
INFO:__main__:FuncIndex is 192, time overhead is 0.04156780242919922
INFO:__main__:FuncIndex is 193, start time is 1620694610.5899625
INFO:root:WASM: Signature mismatch in call for function 1294
INFO:__main__:[exception] used memory: -1 M
INFO:__main__:[exception] FuncIndex is 193, time overhead is 0.08137011528015137
INFO:__main__:FuncIndex is 194, start time is 1620694610.674057
INFO:__main__:FuncIndex is 194, end time is 1620694610.8833356
INFO:__main__:used memory: 0 M
INFO:__main__:FuncIndex is 194, time overhead is 0.20927858352661133
INFO:__main__:FuncIndex is 195, start time is 1620694610.8875363
INFO:__main__:FuncIndex is 195, end time is 1620694610.929746
INFO:__main__:used memory: 1 M
INFO:__main__:FuncIndex is 195, time overhead is 0.042209625244140625
INFO:__main__:FuncIndex is 196, start time is 1620694610.9309978
INFO:__main__:FuncIndex is 196, end time is 1620694611.79981
INFO:__main__:used memory: -1 M
INFO:__main__:FuncIndex is 196, time overhead is 0.868812084197998
INFO:__main__:FuncIndex is 197, start time is 1620694611.8039112
INFO:__main__:[exception] used memory: 0 M
INFO:__main__:[exception] FuncIndex is 197, time overhead is 0.5706508159637451
INFO:__main__:FuncIndex is 198, start time is 1620694612.3790529
INFO:__main__:FuncIndex is 198, end time is 1620694612.629222
INFO:__main__:used memory: 0 M
INFO:__main__:FuncIndex is 198, time overhead is 0.250169038772583
INFO:__main__:FuncIndex is 199, start time is 1620694612.6303873
INFO:__main__:FuncIndex is 199, end time is 1620694612.7638092
INFO:__main__:used memory: 0 M
INFO:__main__:FuncIndex is 199, time overhead is 0.1334218978881836
INFO:__main__:FuncIndex is 200, start time is 1620694612.7678921
INFO:__main__:FuncIndex is 200, end time is 1620694612.824805
INFO:__main__:used memory: 1 M
INFO:__main__:FuncIndex is 200, time overhead is 0.056912899017333984
INFO:__main__:FuncIndex is 201, start time is 1620694612.8258188
INFO:__main__:FuncIndex is 201, end time is 1620694612.982382
INFO:__main__:used memory: 0 M
INFO:__main__:FuncIndex is 201, time overhead is 0.15656328201293945
INFO:__main__:FuncIndex is 202, start time is 1620694612.9868844
INFO:__main__:FuncIndex is 202, end time is 1620694613.5631368
INFO:__main__:used memory: 0 M
INFO:__main__:FuncIndex is 202, time overhead is 0.5762524604797363
INFO:__main__:FuncIndex is 203, start time is 1620694613.564269
INFO:__main__:[exception] used memory: 0 M
INFO:__main__:[exception] FuncIndex is 203, time overhead is 0.0016207695007324219
INFO:__main__:FuncIndex is 204, start time is 1620694613.566427
INFO:__main__:FuncIndex is 204, end time is 1620694613.6465197
INFO:__main__:used memory: 0 M
INFO:__main__:FuncIndex is 204, time overhead is 0.0800926685333252
INFO:__main__:FuncIndex is 205, start time is 1620694613.6511083
INFO:__main__:FuncIndex is 205, end time is 1620694613.7072656
INFO:__main__:used memory: 0 M
INFO:__main__:FuncIndex is 205, time overhead is 0.05615735054016113
INFO:__main__:FuncIndex is 206, start time is 1620694613.7083175
INFO:__main__:FuncIndex is 206, end time is 1620694614.019374
INFO:__main__:used memory: -1 M
INFO:__main__:FuncIndex is 206, time overhead is 0.31105637550354004
INFO:__main__:FuncIndex is 207, start time is 1620694614.0212219
INFO:__main__:[exception] used memory: 0 M
INFO:__main__:[exception] FuncIndex is 207, time overhead is 0.06277656555175781
INFO:__main__:FuncIndex is 208, start time is 1620694614.087272
INFO:__main__:[exception] used memory: 0 M
INFO:__main__:[exception] FuncIndex is 208, time overhead is 0.007688283920288086
INFO:__main__:FuncIndex is 209, start time is 1620694614.0956666
INFO:__main__:FuncIndex is 209, end time is 1620694614.1412153
INFO:__main__:used memory: 0 M
INFO:__main__:FuncIndex is 209, time overhead is 0.04554867744445801
INFO:__main__:FuncIndex is 210, start time is 1620694614.1423252
INFO:__main__:FuncIndex is 210, end time is 1620694614.185331
INFO:__main__:used memory: 0 M
INFO:__main__:FuncIndex is 210, time overhead is 0.043005943298339844
INFO:__main__:FuncIndex is 211, start time is 1620694614.186386
INFO:__main__:FuncIndex is 211, end time is 1620694614.4373522
INFO:__main__:used memory: -2 M
INFO:__main__:FuncIndex is 211, time overhead is 0.25096607208251953
INFO:__main__:FuncIndex is 212, start time is 1620694614.4383943
INFO:__main__:FuncIndex is 212, end time is 1620694614.498559
INFO:__main__:used memory: 0 M
INFO:__main__:FuncIndex is 212, time overhead is 0.060164690017700195
INFO:__main__:FuncIndex is 213, start time is 1620694614.5030105
INFO:__main__:FuncIndex is 213, end time is 1620694614.576281
INFO:__main__:used memory: 0 M
INFO:__main__:FuncIndex is 213, time overhead is 0.07327055931091309
INFO:__main__:FuncIndex is 214, start time is 1620694614.5773005
INFO:__main__:FuncIndex is 214, end time is 1620694614.679347
INFO:__main__:used memory: 1 M
INFO:__main__:FuncIndex is 214, time overhead is 0.10204648971557617
INFO:__main__:FuncIndex is 215, start time is 1620694614.6815953
INFO:__main__:FuncIndex is 215, end time is 1620694614.9091113
INFO:__main__:used memory: -1 M
INFO:__main__:FuncIndex is 215, time overhead is 0.22751593589782715
INFO:__main__:FuncIndex is 216, start time is 1620694614.9136264
INFO:root:Timed out!
INFO:__main__:FuncIndex is 216, end time is 1620694667.533775
INFO:__main__:used memory: 23 M
INFO:__main__:FuncIndex is 216, time overhead is 52.62014865875244
INFO:__main__:FuncIndex is 217, start time is 1620694667.5370924
INFO:__main__:FuncIndex is 217, end time is 1620694667.57929
INFO:__main__:used memory: 0 M
INFO:__main__:FuncIndex is 217, time overhead is 0.042197465896606445
INFO:__main__:FuncIndex is 218, start time is 1620694667.5799973
INFO:__main__:FuncIndex is 218, end time is 1620694667.6231909
INFO:__main__:used memory: 0 M
INFO:__main__:FuncIndex is 218, time overhead is 0.04319357872009277
INFO:__main__:FuncIndex is 219, start time is 1620694667.6238484
INFO:__main__:FuncIndex is 219, end time is 1620694671.2438068
INFO:__main__:used memory: 2 M
INFO:__main__:FuncIndex is 219, time overhead is 3.6199584007263184
INFO:__main__:FuncIndex is 220, start time is 1620694671.2446985
INFO:__main__:FuncIndex is 220, end time is 1620694673.8049603
INFO:__main__:used memory: 2 M
INFO:__main__:FuncIndex is 220, time overhead is 2.5602617263793945
INFO:__main__:FuncIndex is 221, start time is 1620694673.8056993
INFO:__main__:FuncIndex is 221, end time is 1620694673.838177
INFO:__main__:used memory: 1 M
INFO:__main__:FuncIndex is 221, time overhead is 0.032477617263793945
INFO:__main__:FuncIndex is 222, start time is 1620694673.8392282
INFO:__main__:FuncIndex is 222, end time is 1620694673.8677917
INFO:__main__:used memory: 1 M
INFO:__main__:FuncIndex is 222, time overhead is 0.028563499450683594
INFO:__main__:FuncIndex is 223, start time is 1620694673.8686607
INFO:__main__:FuncIndex is 223, end time is 1620694673.9080005
INFO:__main__:used memory: 0 M
INFO:__main__:FuncIndex is 223, time overhead is 0.03933978080749512
INFO:__main__:FuncIndex is 224, start time is 1620694673.908746
INFO:__main__:FuncIndex is 224, end time is 1620694674.5585096
INFO:__main__:used memory: 11 M
INFO:__main__:FuncIndex is 224, time overhead is 0.6497635841369629
INFO:__main__:FuncIndex is 225, start time is 1620694674.5619876
INFO:__main__:FuncIndex is 225, end time is 1620694674.6589417
INFO:__main__:used memory: 1 M
INFO:__main__:FuncIndex is 225, time overhead is 0.0969541072845459
INFO:__main__:FuncIndex is 226, start time is 1620694674.662331
INFO:root:unsupport call_indirect now
INFO:__main__:FuncIndex is 226, end time is 1620694674.699376
INFO:__main__:used memory: 0 M
INFO:__main__:FuncIndex is 226, time overhead is 0.03704500198364258
INFO:__main__:FuncIndex is 227, start time is 1620694674.7000844
INFO:__main__:FuncIndex is 227, end time is 1620694674.7542844
INFO:__main__:used memory: 1 M
INFO:__main__:FuncIndex is 227, time overhead is 0.054199934005737305
INFO:__main__:FuncIndex is 228, start time is 1620694674.7553074
INFO:__main__:FuncIndex is 228, end time is 1620694674.786169
INFO:__main__:used memory: 0 M
INFO:__main__:FuncIndex is 228, time overhead is 0.030861616134643555
INFO:__main__:FuncIndex is 229, start time is 1620694674.7871752
INFO:root:unsupport call_indirect now
INFO:root:unsupport call_indirect now
INFO:__main__:FuncIndex is 229, end time is 1620694674.8315482
INFO:__main__:used memory: -1 M
INFO:__main__:FuncIndex is 229, time overhead is 0.0443730354309082
INFO:__main__:FuncIndex is 230, start time is 1620694674.832267
INFO:__main__:FuncIndex is 230, end time is 1620694674.8780918
INFO:__main__:used memory: 0 M
INFO:__main__:FuncIndex is 230, time overhead is 0.04582476615905762
INFO:__main__:FuncIndex is 231, start time is 1620694674.881373
INFO:__main__:FuncIndex is 231, end time is 1620694674.9864843
INFO:__main__:used memory: 1 M
INFO:__main__:FuncIndex is 231, time overhead is 0.10511136054992676
INFO:__main__:FuncIndex is 232, start time is 1620694674.9874837
INFO:root:unsupport call_indirect now
INFO:__main__:FuncIndex is 232, end time is 1620694675.0887332
INFO:__main__:used memory: 1 M
INFO:__main__:FuncIndex is 232, time overhead is 0.10124945640563965
INFO:__main__:FuncIndex is 233, start time is 1620694675.0917168
INFO:__main__:FuncIndex is 233, end time is 1620694675.1780837
INFO:__main__:used memory: 1 M
INFO:__main__:FuncIndex is 233, time overhead is 0.08636689186096191
INFO:__main__:FuncIndex is 234, start time is 1620694675.178901
INFO:root:unsupport call_indirect now
INFO:__main__:FuncIndex is 234, end time is 1620694675.2751722
INFO:__main__:used memory: 0 M
INFO:__main__:FuncIndex is 234, time overhead is 0.09627127647399902
INFO:__main__:FuncIndex is 235, start time is 1620694675.278271
INFO:__main__:FuncIndex is 235, end time is 1620694678.233481
INFO:__main__:used memory: -36 M
INFO:__main__:FuncIndex is 235, time overhead is 2.955209970474243
INFO:__main__:FuncIndex is 236, start time is 1620694678.234178
INFO:__main__:FuncIndex is 236, end time is 1620694681.1042583
INFO:__main__:used memory: 0 M
INFO:__main__:FuncIndex is 236, time overhead is 2.8700802326202393
INFO:__main__:FuncIndex is 237, start time is 1620694681.1049955
INFO:__main__:FuncIndex is 237, end time is 1620694681.1398342
INFO:__main__:used memory: 0 M
INFO:__main__:FuncIndex is 237, time overhead is 0.03483867645263672
INFO:__main__:FuncIndex is 238, start time is 1620694681.1405928
INFO:__main__:FuncIndex is 238, end time is 1620694681.3135798
INFO:__main__:used memory: -1 M
INFO:__main__:FuncIndex is 238, time overhead is 0.1729869842529297
INFO:__main__:FuncIndex is 239, start time is 1620694681.3168857
INFO:__main__:FuncIndex is 239, end time is 1620694681.4426801
INFO:__main__:used memory: 0 M
INFO:__main__:FuncIndex is 239, time overhead is 0.1257944107055664
INFO:__main__:FuncIndex is 240, start time is 1620694681.4433906
INFO:__main__:FuncIndex is 240, end time is 1620694681.500541
INFO:__main__:used memory: 0 M
INFO:__main__:FuncIndex is 240, time overhead is 0.05715036392211914
INFO:__main__:FuncIndex is 241, start time is 1620694681.5013945
INFO:__main__:FuncIndex is 241, end time is 1620694681.6757703
INFO:__main__:used memory: 0 M
INFO:__main__:FuncIndex is 241, time overhead is 0.1743757724761963
INFO:__main__:FuncIndex is 242, start time is 1620694681.679096
INFO:__main__:FuncIndex is 242, end time is 1620694681.7637625
INFO:__main__:used memory: 0 M
INFO:__main__:FuncIndex is 242, time overhead is 0.08466649055480957
INFO:__main__:FuncIndex is 243, start time is 1620694681.766348
INFO:__main__:FuncIndex is 243, end time is 1620694681.8009841
INFO:__main__:used memory: 1 M
INFO:__main__:FuncIndex is 243, time overhead is 0.03463625907897949
INFO:__main__:FuncIndex is 244, start time is 1620694681.801824
INFO:__main__:FuncIndex is 244, end time is 1620694681.84822
INFO:__main__:used memory: 0 M
INFO:__main__:FuncIndex is 244, time overhead is 0.04639601707458496
INFO:__main__:FuncIndex is 245, start time is 1620694681.8488626
INFO:__main__:FuncIndex is 245, end time is 1620694681.924151
INFO:__main__:used memory: -1 M
INFO:__main__:FuncIndex is 245, time overhead is 0.07528829574584961
INFO:__main__:FuncIndex is 246, start time is 1620694681.9269502
INFO:__main__:FuncIndex is 246, end time is 1620694681.9529877
INFO:__main__:used memory: 1 M
INFO:__main__:FuncIndex is 246, time overhead is 0.02603745460510254
INFO:__main__:FuncIndex is 247, start time is 1620694681.9535794
INFO:__main__:FuncIndex is 247, end time is 1620694681.9801908
INFO:__main__:used memory: 0 M
INFO:__main__:FuncIndex is 247, time overhead is 0.026611328125
INFO:__main__:FuncIndex is 248, start time is 1620694681.9809263
INFO:__main__:FuncIndex is 248, end time is 1620694682.0122797
INFO:__main__:used memory: 0 M
INFO:__main__:FuncIndex is 248, time overhead is 0.03135347366333008
INFO:__main__:FuncIndex is 249, start time is 1620694682.01297
INFO:__main__:FuncIndex is 249, end time is 1620694683.6725547
INFO:__main__:used memory: -2 M
INFO:__main__:FuncIndex is 249, time overhead is 1.6595847606658936
INFO:__main__:FuncIndex is 250, start time is 1620694683.6756408
INFO:__main__:[exception] used memory: 0 M
INFO:__main__:[exception] FuncIndex is 250, time overhead is 0.00275421142578125
INFO:__main__:FuncIndex is 251, start time is 1620694683.6789837
INFO:__main__:[exception] used memory: 0 M
INFO:__main__:[exception] FuncIndex is 251, time overhead is 0.002201557159423828
INFO:__main__:FuncIndex is 252, start time is 1620694683.6815846
INFO:__main__:FuncIndex is 252, end time is 1620694683.7156718
INFO:__main__:used memory: 0 M
INFO:__main__:FuncIndex is 252, time overhead is 0.034087181091308594
INFO:__main__:FuncIndex is 253, start time is 1620694683.7163692
INFO:root:b'Sorts (_ BitVec 32) and (_ BitVec 64) are incompatible'
INFO:__main__:FuncIndex is 253, end time is 1620694685.857633
INFO:__main__:used memory: 4 M
INFO:__main__:FuncIndex is 253, time overhead is 2.141263961791992
INFO:__main__:FuncIndex is 254, start time is 1620694685.8584146
INFO:__main__:FuncIndex is 254, end time is 1620694686.049311
INFO:__main__:used memory: -1 M
INFO:__main__:FuncIndex is 254, time overhead is 0.19089627265930176
INFO:__main__:FuncIndex is 255, start time is 1620694686.0530338
INFO:__main__:FuncIndex is 255, end time is 1620694686.0895486
INFO:__main__:used memory: 0 M
INFO:__main__:FuncIndex is 255, time overhead is 0.0365147590637207
INFO:__main__:FuncIndex is 256, start time is 1620694686.0903735
INFO:root:unsupport call_indirect now
INFO:root:unsupport call_indirect now
INFO:__main__:[exception] used memory: 0 M
INFO:__main__:[exception] FuncIndex is 256, time overhead is 1.6440258026123047
INFO:__main__:FuncIndex is 257, start time is 1620694687.7380219
INFO:__main__:FuncIndex is 257, end time is 1620694690.1002505
INFO:__main__:used memory: 5 M
INFO:__main__:FuncIndex is 257, time overhead is 2.3622286319732666
INFO:__main__:FuncIndex is 258, start time is 1620694690.1025984
INFO:__main__:FuncIndex is 258, end time is 1620694690.1404579
INFO:__main__:used memory: 1 M
INFO:__main__:FuncIndex is 258, time overhead is 0.037859439849853516
INFO:__main__:FuncIndex is 259, start time is 1620694690.1412046
INFO:__main__:FuncIndex is 259, end time is 1620694690.1833282
INFO:__main__:used memory: 0 M
INFO:__main__:FuncIndex is 259, time overhead is 0.04212355613708496
INFO:__main__:FuncIndex is 260, start time is 1620694690.1840167
INFO:__main__:FuncIndex is 260, end time is 1620694690.2127435
INFO:__main__:used memory: 0 M
INFO:__main__:FuncIndex is 260, time overhead is 0.028726816177368164
INFO:__main__:FuncIndex is 261, start time is 1620694690.2134557
INFO:__main__:FuncIndex is 261, end time is 1620694690.4108593
INFO:__main__:used memory: 0 M
INFO:__main__:FuncIndex is 261, time overhead is 0.1974036693572998
INFO:__main__:FuncIndex is 262, start time is 1620694690.411672
INFO:__main__:FuncIndex is 262, end time is 1620694690.7915933
INFO:__main__:used memory: -1 M
INFO:__main__:FuncIndex is 262, time overhead is 0.37992119789123535
INFO:__main__:FuncIndex is 263, start time is 1620694690.792228
INFO:__main__:FuncIndex is 263, end time is 1620694690.8183217
INFO:__main__:used memory: 1 M
INFO:__main__:FuncIndex is 263, time overhead is 0.026093721389770508
INFO:__main__:FuncIndex is 264, start time is 1620694690.8193002
INFO:__main__:FuncIndex is 264, end time is 1620694695.2853906
INFO:__main__:used memory: -1 M
INFO:__main__:FuncIndex is 264, time overhead is 4.466090440750122
INFO:__main__:FuncIndex is 265, start time is 1620694695.2897432
INFO:__main__:FuncIndex is 265, end time is 1620694696.3440542
INFO:__main__:used memory: -1 M
INFO:__main__:FuncIndex is 265, time overhead is 1.0543110370635986
INFO:__main__:FuncIndex is 266, start time is 1620694696.3448532
INFO:__main__:[exception] used memory: 1 M
INFO:__main__:[exception] FuncIndex is 266, time overhead is 0.04617190361022949
INFO:__main__:FuncIndex is 267, start time is 1620694696.3917599
INFO:__main__:FuncIndex is 267, end time is 1620694696.4249728
INFO:__main__:used memory: 0 M
INFO:__main__:FuncIndex is 267, time overhead is 0.033212900161743164
INFO:__main__:FuncIndex is 268, start time is 1620694696.4256468
INFO:__main__:FuncIndex is 268, end time is 1620694696.4534302
INFO:__main__:used memory: 1 M
INFO:__main__:FuncIndex is 268, time overhead is 0.02778339385986328
INFO:__main__:FuncIndex is 269, start time is 1620694696.4541838
INFO:__main__:FuncIndex is 269, end time is 1620694698.5861747
INFO:__main__:used memory: -1 M
INFO:__main__:FuncIndex is 269, time overhead is 2.131990909576416
INFO:__main__:FuncIndex is 270, start time is 1620694698.5897353
INFO:__main__:FuncIndex is 270, end time is 1620694698.654277
INFO:__main__:used memory: 0 M
INFO:__main__:FuncIndex is 270, time overhead is 0.06454181671142578
INFO:__main__:FuncIndex is 271, start time is 1620694698.6554224
INFO:__main__:FuncIndex is 271, end time is 1620694698.7423654
INFO:__main__:used memory: 0 M
INFO:__main__:FuncIndex is 271, time overhead is 0.08694291114807129
INFO:__main__:FuncIndex is 272, start time is 1620694698.7433922
INFO:__main__:FuncIndex is 272, end time is 1620694698.826304
INFO:__main__:used memory: 0 M
INFO:__main__:FuncIndex is 272, time overhead is 0.08291172981262207
INFO:__main__:FuncIndex is 273, start time is 1620694698.8273573
INFO:__main__:FuncIndex is 273, end time is 1620694698.8757892
INFO:__main__:used memory: 0 M
INFO:__main__:FuncIndex is 273, time overhead is 0.0484318733215332
INFO:__main__:FuncIndex is 274, start time is 1620694698.876575
INFO:__main__:FuncIndex is 274, end time is 1620694698.9235058
INFO:__main__:used memory: 0 M
INFO:__main__:FuncIndex is 274, time overhead is 0.046930789947509766
INFO:__main__:FuncIndex is 275, start time is 1620694698.926351
INFO:__main__:FuncIndex is 275, end time is 1620694698.978099
INFO:__main__:used memory: 0 M
INFO:__main__:FuncIndex is 275, time overhead is 0.051748037338256836
INFO:__main__:FuncIndex is 276, start time is 1620694698.981221
INFO:__main__:FuncIndex is 276, end time is 1620694699.0661857
INFO:__main__:used memory: -1 M
INFO:__main__:FuncIndex is 276, time overhead is 0.08496475219726562
INFO:__main__:FuncIndex is 277, start time is 1620694699.0702052
INFO:__main__:FuncIndex is 277, end time is 1620694699.1007075
INFO:__main__:used memory: 1 M
INFO:__main__:FuncIndex is 277, time overhead is 0.0305023193359375
INFO:__main__:FuncIndex is 278, start time is 1620694699.1015964
INFO:__main__:[exception] used memory: 3 M
INFO:__main__:[exception] FuncIndex is 278, time overhead is 6.375391244888306
INFO:__main__:FuncIndex is 279, start time is 1620694705.4802732
INFO:root:unsupport call_indirect now
INFO:root:unsupport call_indirect now
INFO:__main__:FuncIndex is 279, end time is 1620694705.527455
INFO:__main__:used memory: 0 M
INFO:__main__:FuncIndex is 279, time overhead is 0.04718184471130371
INFO:__main__:FuncIndex is 280, start time is 1620694705.5283225
INFO:__main__:FuncIndex is 280, end time is 1620694705.6358697
INFO:__main__:used memory: 0 M
INFO:__main__:FuncIndex is 280, time overhead is 0.10754728317260742
INFO:__main__:FuncIndex is 281, start time is 1620694705.640587
INFO:__main__:FuncIndex is 281, end time is 1620694705.694334
INFO:__main__:used memory: 0 M
INFO:__main__:FuncIndex is 281, time overhead is 0.053746938705444336
INFO:__main__:FuncIndex is 282, start time is 1620694705.698583
INFO:__main__:FuncIndex is 282, end time is 1620694705.9171016
INFO:__main__:used memory: -1 M
INFO:__main__:FuncIndex is 282, time overhead is 0.21851873397827148
INFO:__main__:FuncIndex is 283, start time is 1620694705.921042
INFO:__main__:FuncIndex is 283, end time is 1620694710.9296775
INFO:__main__:used memory: 11 M
INFO:__main__:FuncIndex is 283, time overhead is 5.008635520935059
INFO:__main__:FuncIndex is 284, start time is 1620694710.9323318
INFO:__main__:FuncIndex is 284, end time is 1620694710.9722285
INFO:__main__:used memory: 0 M
INFO:__main__:FuncIndex is 284, time overhead is 0.03989672660827637
INFO:__main__:FuncIndex is 285, start time is 1620694710.9731338
INFO:root:unsupport call_indirect now
INFO:__main__:FuncIndex is 285, end time is 1620694711.087877
INFO:__main__:used memory: 0 M
INFO:__main__:FuncIndex is 285, time overhead is 0.11474323272705078
INFO:__main__:FuncIndex is 286, start time is 1620694711.0914536
INFO:__main__:FuncIndex is 286, end time is 1620694711.1358232
INFO:__main__:used memory: 1 M
INFO:__main__:FuncIndex is 286, time overhead is 0.04436969757080078
INFO:__main__:FuncIndex is 287, start time is 1620694711.1365564
INFO:__main__:[exception] used memory: 2 M
INFO:__main__:[exception] FuncIndex is 287, time overhead is 119.86394667625427
INFO:__main__:FuncIndex is 288, start time is 1620694831.0076292
INFO:__main__:[exception] used memory: 1 M
INFO:__main__:[exception] FuncIndex is 288, time overhead is 132.15445065498352
INFO:__main__:FuncIndex is 289, start time is 1620694963.1682298
INFO:__main__:[exception] used memory: 0 M
INFO:__main__:[exception] FuncIndex is 289, time overhead is 0.0012421607971191406
INFO:__main__:FuncIndex is 290, start time is 1620694963.169811
INFO:__main__:FuncIndex is 290, end time is 1620694963.225378
INFO:__main__:used memory: 1 M
INFO:__main__:FuncIndex is 290, time overhead is 0.055567026138305664
INFO:__main__:FuncIndex is 291, start time is 1620694963.226005
INFO:__main__:FuncIndex is 291, end time is 1620694963.573952
INFO:__main__:used memory: -1 M
INFO:__main__:FuncIndex is 291, time overhead is 0.3479468822479248
INFO:__main__:FuncIndex is 292, start time is 1620694963.576856
INFO:__main__:FuncIndex is 292, end time is 1620694963.6356685
INFO:__main__:used memory: 0 M
INFO:__main__:FuncIndex is 292, time overhead is 0.058812618255615234
INFO:__main__:FuncIndex is 293, start time is 1620694963.6381793
INFO:__main__:FuncIndex is 293, end time is 1620694963.6868808
INFO:__main__:used memory: 0 M
INFO:__main__:FuncIndex is 293, time overhead is 0.04870152473449707
INFO:__main__:FuncIndex is 294, start time is 1620694963.6877048
INFO:__main__:FuncIndex is 294, end time is 1620694970.7865462
INFO:__main__:used memory: 6 M
INFO:__main__:FuncIndex is 294, time overhead is 7.098841428756714
INFO:__main__:FuncIndex is 295, start time is 1620694970.789601
INFO:__main__:FuncIndex is 295, end time is 1620694970.8289728
INFO:__main__:used memory: 1 M
INFO:__main__:FuncIndex is 295, time overhead is 0.03937172889709473
INFO:__main__:FuncIndex is 296, start time is 1620694970.8296266
INFO:root:
INFO:__main__:FuncIndex is 296, end time is 1620694970.8784003
INFO:__main__:used memory: -1 M
INFO:__main__:FuncIndex is 296, time overhead is 0.048773765563964844
INFO:__main__:FuncIndex is 297, start time is 1620694970.879348
INFO:__main__:FuncIndex is 297, end time is 1620694971.3609614
INFO:__main__:used memory: 0 M
INFO:__main__:FuncIndex is 297, time overhead is 0.4816133975982666
INFO:__main__:FuncIndex is 298, start time is 1620694971.364935
INFO:__main__:FuncIndex is 298, end time is 1620694971.4452007
INFO:__main__:used memory: 0 M
INFO:__main__:FuncIndex is 298, time overhead is 0.08026576042175293
INFO:__main__:FuncIndex is 299, start time is 1620694971.4484134
INFO:__main__:FuncIndex is 299, end time is 1620694971.4810503
INFO:__main__:used memory: 0 M
INFO:__main__:FuncIndex is 299, time overhead is 0.03263688087463379
INFO:__main__:FuncIndex is 300, start time is 1620694971.4817762
INFO:__main__:[exception] used memory: 0 M
INFO:__main__:[exception] FuncIndex is 300, time overhead is 0.0016634464263916016
INFO:__main__:FuncIndex is 301, start time is 1620694971.4837945
INFO:__main__:FuncIndex is 301, end time is 1620694972.0057354
INFO:__main__:used memory: 5 M
INFO:__main__:FuncIndex is 301, time overhead is 0.5219409465789795
INFO:__main__:FuncIndex is 302, start time is 1620694972.0089483
INFO:__main__:FuncIndex is 302, end time is 1620694973.0325897
INFO:__main__:used memory: 9 M
INFO:__main__:FuncIndex is 302, time overhead is 1.0236413478851318
INFO:__main__:FuncIndex is 303, start time is 1620694973.0358446
INFO:__main__:FuncIndex is 303, end time is 1620694974.2663052
INFO:__main__:used memory: -9 M
INFO:__main__:FuncIndex is 303, time overhead is 1.2304606437683105
INFO:__main__:FuncIndex is 304, start time is 1620694974.269276
INFO:root:b'Sorts (_ BitVec 32) and (_ BitVec 64) are incompatible'
INFO:__main__:FuncIndex is 304, end time is 1620694974.3059807
INFO:__main__:used memory: 0 M
INFO:__main__:FuncIndex is 304, time overhead is 0.03670477867126465
INFO:__main__:FuncIndex is 305, start time is 1620694974.3070936
INFO:root:unsupport call_indirect now
INFO:root:unsupport call_indirect now
INFO:root:unsupport call_indirect now
INFO:root:unsupport call_indirect now
INFO:root:unsupport call_indirect now
INFO:root:unsupport call_indirect now
INFO:root:unsupport call_indirect now
INFO:root:unsupport call_indirect now
INFO:root:unsupport call_indirect now
INFO:root:unsupport call_indirect now
INFO:__main__:FuncIndex is 305, end time is 1620694974.7597673
INFO:__main__:used memory: -4 M
INFO:__main__:FuncIndex is 305, time overhead is 0.45267367362976074
INFO:__main__:FuncIndex is 306, start time is 1620694974.7635481
INFO:__main__:FuncIndex is 306, end time is 1620694974.8412836
INFO:__main__:used memory: 0 M
INFO:__main__:FuncIndex is 306, time overhead is 0.07773542404174805
INFO:__main__:FuncIndex is 307, start time is 1620694974.841963
INFO:__main__:FuncIndex is 307, end time is 1620694975.0341988
INFO:__main__:used memory: 0 M
INFO:__main__:FuncIndex is 307, time overhead is 0.19223570823669434
INFO:__main__:FuncIndex is 308, start time is 1620694975.0371006
INFO:__main__:FuncIndex is 308, end time is 1620694975.1690521
INFO:__main__:used memory: 0 M
INFO:__main__:FuncIndex is 308, time overhead is 0.13195157051086426
INFO:__main__:FuncIndex is 309, start time is 1620694975.1718926
INFO:__main__:FuncIndex is 309, end time is 1620694975.1985936
INFO:__main__:used memory: 0 M
INFO:__main__:FuncIndex is 309, time overhead is 0.026700973510742188
INFO:__main__:FuncIndex is 310, start time is 1620694975.1993988
INFO:__main__:FuncIndex is 310, end time is 1620694975.2653635
INFO:__main__:used memory: -1 M
INFO:__main__:FuncIndex is 310, time overhead is 0.0659646987915039
INFO:__main__:FuncIndex is 311, start time is 1620694975.268246
INFO:__main__:FuncIndex is 311, end time is 1620694975.3119311
INFO:__main__:used memory: 0 M
INFO:__main__:FuncIndex is 311, time overhead is 0.043685197830200195
INFO:__main__:FuncIndex is 312, start time is 1620694975.3126326
INFO:__main__:FuncIndex is 312, end time is 1620694975.3542845
INFO:__main__:used memory: 2 M
INFO:__main__:FuncIndex is 312, time overhead is 0.04165196418762207
INFO:__main__:FuncIndex is 313, start time is 1620694975.3551447
INFO:__main__:FuncIndex is 313, end time is 1620694975.4016752
INFO:__main__:used memory: -1 M
INFO:__main__:FuncIndex is 313, time overhead is 0.04653048515319824
INFO:__main__:FuncIndex is 314, start time is 1620694975.4022648
INFO:__main__:FuncIndex is 314, end time is 1620694975.4353013
INFO:__main__:used memory: 1 M
INFO:__main__:FuncIndex is 314, time overhead is 0.03303647041320801
INFO:__main__:FuncIndex is 315, start time is 1620694975.4359553
INFO:__main__:FuncIndex is 315, end time is 1620694975.5033314
INFO:__main__:used memory: -1 M
INFO:__main__:FuncIndex is 315, time overhead is 0.06737613677978516
INFO:__main__:FuncIndex is 316, start time is 1620694975.504031
INFO:__main__:FuncIndex is 316, end time is 1620694975.542064
INFO:__main__:used memory: 1 M
INFO:__main__:FuncIndex is 316, time overhead is 0.03803300857543945
INFO:__main__:FuncIndex is 317, start time is 1620694975.5430584
INFO:__main__:FuncIndex is 317, end time is 1620694975.5836928
INFO:__main__:used memory: 1 M
INFO:__main__:FuncIndex is 317, time overhead is 0.0406343936920166
INFO:__main__:FuncIndex is 318, start time is 1620694975.5866458
INFO:__main__:FuncIndex is 318, end time is 1620694975.6222627
INFO:__main__:used memory: 0 M
INFO:__main__:FuncIndex is 318, time overhead is 0.03561687469482422
INFO:__main__:FuncIndex is 319, start time is 1620694975.6232367
INFO:__main__:FuncIndex is 319, end time is 1620694975.710115
INFO:__main__:used memory: -2 M
INFO:__main__:FuncIndex is 319, time overhead is 0.08687829971313477
INFO:__main__:FuncIndex is 320, start time is 1620694975.7111337
INFO:__main__:FuncIndex is 320, end time is 1620694975.7565777
INFO:__main__:used memory: 1 M
INFO:__main__:FuncIndex is 320, time overhead is 0.04544401168823242
INFO:__main__:FuncIndex is 321, start time is 1620694975.7572474
INFO:__main__:FuncIndex is 321, end time is 1620694975.821288
INFO:__main__:used memory: -1 M
INFO:__main__:FuncIndex is 321, time overhead is 0.0640406608581543
INFO:__main__:FuncIndex is 322, start time is 1620694975.821938
INFO:__main__:FuncIndex is 322, end time is 1620694977.690097
INFO:__main__:used memory: -2 M
INFO:__main__:FuncIndex is 322, time overhead is 1.8681590557098389
INFO:__main__:FuncIndex is 323, start time is 1620694977.6930048
INFO:__main__:FuncIndex is 323, end time is 1620694977.7449684
INFO:__main__:used memory: 0 M
INFO:__main__:FuncIndex is 323, time overhead is 0.05196356773376465
INFO:__main__:FuncIndex is 324, start time is 1620694977.7456226
INFO:__main__:FuncIndex is 324, end time is 1620694977.9072993
INFO:__main__:used memory: 0 M
INFO:__main__:FuncIndex is 324, time overhead is 0.16167664527893066
INFO:__main__:FuncIndex is 325, start time is 1620694977.9079916
INFO:__main__:FuncIndex is 325, end time is 1620694977.9723043
INFO:__main__:used memory: 0 M
INFO:__main__:FuncIndex is 325, time overhead is 0.06431269645690918
INFO:__main__:FuncIndex is 326, start time is 1620694977.9755754
INFO:__main__:[exception] used memory: 0 M
INFO:__main__:[exception] FuncIndex is 326, time overhead is 91.00975060462952
INFO:__main__:FuncIndex is 327, start time is 1620695068.9898484
INFO:__main__:FuncIndex is 327, end time is 1620695069.1011908
INFO:__main__:used memory: 0 M
INFO:__main__:FuncIndex is 327, time overhead is 0.1113424301147461
INFO:__main__:FuncIndex is 328, start time is 1620695069.102094
INFO:__main__:FuncIndex is 328, end time is 1620695069.1535456
INFO:__main__:used memory: 0 M
INFO:__main__:FuncIndex is 328, time overhead is 0.051451683044433594
INFO:__main__:FuncIndex is 329, start time is 1620695069.1541574
INFO:__main__:FuncIndex is 329, end time is 1620695069.2302258
INFO:__main__:used memory: 0 M
INFO:__main__:FuncIndex is 329, time overhead is 0.07606840133666992
INFO:__main__:FuncIndex is 330, start time is 1620695069.2332597
INFO:__main__:FuncIndex is 330, end time is 1620695069.3126829
INFO:__main__:used memory: 0 M
INFO:__main__:FuncIndex is 330, time overhead is 0.07942318916320801
INFO:__main__:FuncIndex is 331, start time is 1620695069.3155851
INFO:__main__:FuncIndex is 331, end time is 1620695069.3806777
INFO:__main__:used memory: 0 M
INFO:__main__:FuncIndex is 331, time overhead is 0.06509256362915039
INFO:__main__:FuncIndex is 332, start time is 1620695069.381296
INFO:__main__:FuncIndex is 332, end time is 1620695069.4431615
INFO:__main__:used memory: -1 M
INFO:__main__:FuncIndex is 332, time overhead is 0.06186556816101074
INFO:__main__:FuncIndex is 333, start time is 1620695069.4437945
INFO:__main__:FuncIndex is 333, end time is 1620695069.5140674
INFO:__main__:used memory: 0 M
INFO:__main__:FuncIndex is 333, time overhead is 0.07027292251586914
INFO:__main__:FuncIndex is 334, start time is 1620695069.5150604
INFO:__main__:FuncIndex is 334, end time is 1620695069.564974
INFO:__main__:used memory: 2 M
INFO:__main__:FuncIndex is 334, time overhead is 0.049913644790649414
INFO:__main__:FuncIndex is 335, start time is 1620695069.5656252
INFO:__main__:FuncIndex is 335, end time is 1620695069.656787
INFO:__main__:used memory: -1 M
INFO:__main__:FuncIndex is 335, time overhead is 0.09116172790527344
INFO:__main__:FuncIndex is 336, start time is 1620695069.6574066
INFO:__main__:FuncIndex is 336, end time is 1620695069.6840544
INFO:__main__:used memory: 0 M
INFO:__main__:FuncIndex is 336, time overhead is 0.02664780616760254
INFO:__main__:FuncIndex is 337, start time is 1620695069.6847298
INFO:root:b'Argument #xfffffffc at position 1 does not match declaration (declare-fun bvadd ((_ BitVec 64) (_ BitVec 64)) (_ BitVec 64))'
INFO:__main__:[exception] used memory: -1 M
INFO:__main__:[exception] FuncIndex is 337, time overhead is 0.0406644344329834
INFO:__main__:FuncIndex is 338, start time is 1620695069.7259152
INFO:__main__:FuncIndex is 338, end time is 1620695069.7546008
INFO:__main__:used memory: 0 M
INFO:__main__:FuncIndex is 338, time overhead is 0.028685569763183594
INFO:__main__:FuncIndex is 339, start time is 1620695069.7552886
INFO:root:b'Argument #xfffffffc at position 1 does not match declaration (declare-fun bvadd ((_ BitVec 64) (_ BitVec 64)) (_ BitVec 64))'
INFO:__main__:[exception] used memory: 0 M
INFO:__main__:[exception] FuncIndex is 339, time overhead is 0.03850293159484863
INFO:__main__:FuncIndex is 340, start time is 1620695069.7942777
INFO:__main__:FuncIndex is 340, end time is 1620695069.8405545
INFO:__main__:used memory: 0 M
INFO:__main__:FuncIndex is 340, time overhead is 0.04627680778503418
INFO:__main__:FuncIndex is 341, start time is 1620695069.8412397
INFO:__main__:FuncIndex is 341, end time is 1620695069.865819
INFO:__main__:used memory: 2 M
INFO:__main__:FuncIndex is 341, time overhead is 0.024579286575317383
INFO:__main__:FuncIndex is 342, start time is 1620695069.8664505
INFO:__main__:FuncIndex is 342, end time is 1620695070.137257
INFO:__main__:used memory: -2 M
INFO:__main__:FuncIndex is 342, time overhead is 0.27080655097961426
INFO:__main__:FuncIndex is 343, start time is 1620695070.1402547
INFO:__main__:FuncIndex is 343, end time is 1620695070.1775417
INFO:__main__:used memory: 0 M
INFO:__main__:FuncIndex is 343, time overhead is 0.037286996841430664
INFO:__main__:FuncIndex is 344, start time is 1620695070.1782331
INFO:__main__:FuncIndex is 344, end time is 1620695070.347719
INFO:__main__:used memory: 0 M
INFO:__main__:FuncIndex is 344, time overhead is 0.16948580741882324
INFO:__main__:FuncIndex is 345, start time is 1620695070.3505142
INFO:__main__:FuncIndex is 345, end time is 1620695070.4039137
INFO:__main__:used memory: 0 M
INFO:__main__:FuncIndex is 345, time overhead is 0.05339956283569336
INFO:__main__:FuncIndex is 346, start time is 1620695070.4046857
INFO:__main__:FuncIndex is 346, end time is 1620695070.4563825
INFO:__main__:used memory: 0 M
INFO:__main__:FuncIndex is 346, time overhead is 0.05169677734375
INFO:__main__:FuncIndex is 347, start time is 1620695070.45703
INFO:__main__:FuncIndex is 347, end time is 1620695070.4838607
INFO:__main__:used memory: 1 M
INFO:__main__:FuncIndex is 347, time overhead is 0.026830673217773438
INFO:__main__:FuncIndex is 348, start time is 1620695070.4844935
INFO:__main__:[exception] used memory: 0 M
INFO:__main__:[exception] FuncIndex is 348, time overhead is 0.0010950565338134766
INFO:__main__:FuncIndex is 349, start time is 1620695070.4859004
INFO:__main__:FuncIndex is 349, end time is 1620695070.5263963
INFO:__main__:used memory: 1 M
INFO:__main__:FuncIndex is 349, time overhead is 0.040495872497558594
INFO:__main__:FuncIndex is 350, start time is 1620695070.5274348
INFO:__main__:FuncIndex is 350, end time is 1620695070.6860435
INFO:__main__:used memory: -2 M
INFO:__main__:FuncIndex is 350, time overhead is 0.15860867500305176
INFO:__main__:FuncIndex is 351, start time is 1620695070.6871977
INFO:__main__:FuncIndex is 351, end time is 1620695077.9446447
INFO:__main__:used memory: 15 M
INFO:__main__:FuncIndex is 351, time overhead is 7.257447004318237
INFO:__main__:FuncIndex is 352, start time is 1620695077.9489148
INFO:__main__:FuncIndex is 352, end time is 1620695083.6115465
INFO:__main__:used memory: 16 M
INFO:__main__:FuncIndex is 352, time overhead is 5.6626317501068115
INFO:__main__:FuncIndex is 353, start time is 1620695083.6157868
INFO:__main__:FuncIndex is 353, end time is 1620695083.6836119
INFO:__main__:used memory: -2 M
INFO:__main__:FuncIndex is 353, time overhead is 0.0678250789642334
INFO:__main__:FuncIndex is 354, start time is 1620695083.6869245
INFO:__main__:FuncIndex is 354, end time is 1620695083.7749038
INFO:__main__:used memory: 0 M
INFO:__main__:FuncIndex is 354, time overhead is 0.08797931671142578
INFO:__main__:FuncIndex is 355, start time is 1620695083.7781312
INFO:__main__:FuncIndex is 355, end time is 1620695083.8547614
INFO:__main__:used memory: 1 M
INFO:__main__:FuncIndex is 355, time overhead is 0.0766301155090332
INFO:__main__:FuncIndex is 356, start time is 1620695083.8578944
INFO:__main__:FuncIndex is 356, end time is 1620695083.9200041
INFO:__main__:used memory: 0 M
INFO:__main__:FuncIndex is 356, time overhead is 0.06210970878601074
INFO:__main__:FuncIndex is 357, start time is 1620695083.9230433
INFO:__main__:[exception] used memory: -1 M
INFO:__main__:[exception] FuncIndex is 357, time overhead is 109.99339032173157
INFO:__main__:FuncIndex is 358, start time is 1620695193.9185667
INFO:__main__:[exception] used memory: 3 M
INFO:__main__:[exception] FuncIndex is 358, time overhead is 98.30599522590637
INFO:__main__:FuncIndex is 359, start time is 1620695292.2270584
INFO:__main__:FuncIndex is 359, end time is 1620695292.5997
INFO:__main__:used memory: 1 M
INFO:__main__:FuncIndex is 359, time overhead is 0.37264156341552734
INFO:__main__:FuncIndex is 360, start time is 1620695292.6030848
INFO:__main__:FuncIndex is 360, end time is 1620695292.9657786
INFO:__main__:used memory: -1 M
INFO:__main__:FuncIndex is 360, time overhead is 0.36269378662109375
INFO:__main__:FuncIndex is 361, start time is 1620695292.9693975
INFO:__main__:FuncIndex is 361, end time is 1620695293.5853555
INFO:__main__:used memory: -16 M
INFO:__main__:FuncIndex is 361, time overhead is 0.6159579753875732
INFO:__main__:FuncIndex is 362, start time is 1620695293.5879724
INFO:__main__:FuncIndex is 362, end time is 1620695293.6436095
INFO:__main__:used memory: 0 M
INFO:__main__:FuncIndex is 362, time overhead is 0.05563712120056152
INFO:__main__:FuncIndex is 363, start time is 1620695293.646327
INFO:__main__:FuncIndex is 363, end time is 1620695293.7350883
INFO:__main__:used memory: 0 M
INFO:__main__:FuncIndex is 363, time overhead is 0.0887613296508789
INFO:__main__:FuncIndex is 364, start time is 1620695293.738198
INFO:__main__:FuncIndex is 364, end time is 1620695293.8053894
INFO:__main__:used memory: -1 M
INFO:__main__:FuncIndex is 364, time overhead is 0.06719136238098145
INFO:__main__:FuncIndex is 365, start time is 1620695293.808499
INFO:__main__:FuncIndex is 365, end time is 1620695294.3862758
INFO:__main__:used memory: 0 M
INFO:__main__:FuncIndex is 365, time overhead is 0.5777766704559326
INFO:__main__:FuncIndex is 366, start time is 1620695294.3900657
INFO:__main__:FuncIndex is 366, end time is 1620695294.414892
INFO:__main__:used memory: 0 M
INFO:__main__:FuncIndex is 366, time overhead is 0.0248262882232666
INFO:__main__:FuncIndex is 367, start time is 1620695294.4154737
INFO:__main__:FuncIndex is 367, end time is 1620695294.9030664
INFO:__main__:used memory: -2 M
INFO:__main__:FuncIndex is 367, time overhead is 0.4875926971435547
INFO:__main__:FuncIndex is 368, start time is 1620695294.9056287
INFO:__main__:FuncIndex is 368, end time is 1620695294.94974
INFO:__main__:used memory: 0 M
INFO:__main__:FuncIndex is 368, time overhead is 0.04411125183105469
INFO:__main__:FuncIndex is 369, start time is 1620695294.950335
INFO:__main__:FuncIndex is 369, end time is 1620695295.0147748
INFO:__main__:used memory: -1 M
INFO:__main__:FuncIndex is 369, time overhead is 0.06443977355957031
INFO:__main__:FuncIndex is 370, start time is 1620695295.0175805
INFO:__main__:FuncIndex is 370, end time is 1620695295.0741308
INFO:__main__:used memory: 1 M
INFO:__main__:FuncIndex is 370, time overhead is 0.05655026435852051
INFO:__main__:FuncIndex is 371, start time is 1620695295.0751839
INFO:__main__:FuncIndex is 371, end time is 1620695295.121912
INFO:__main__:used memory: 1 M
INFO:__main__:FuncIndex is 371, time overhead is 0.04672813415527344
INFO:__main__:FuncIndex is 372, start time is 1620695295.122748
INFO:__main__:FuncIndex is 372, end time is 1620695295.149881
INFO:__main__:used memory: 0 M
INFO:__main__:FuncIndex is 372, time overhead is 0.02713298797607422
INFO:__main__:FuncIndex is 373, start time is 1620695295.1504593
INFO:__main__:FuncIndex is 373, end time is 1620695295.1751688
INFO:__main__:used memory: -1 M
INFO:__main__:FuncIndex is 373, time overhead is 0.024709463119506836
INFO:__main__:FuncIndex is 374, start time is 1620695295.1757746
INFO:__main__:FuncIndex is 374, end time is 1620695295.2201595
INFO:__main__:used memory: 0 M
INFO:__main__:FuncIndex is 374, time overhead is 0.04438495635986328
INFO:__main__:FuncIndex is 375, start time is 1620695295.224125
INFO:__main__:FuncIndex is 375, end time is 1620695295.4646711
INFO:__main__:used memory: 0 M
INFO:__main__:FuncIndex is 375, time overhead is 0.24054622650146484
INFO:__main__:FuncIndex is 376, start time is 1620695295.465665
INFO:__main__:FuncIndex is 376, end time is 1620695295.4914033
INFO:__main__:used memory: 1 M
INFO:__main__:FuncIndex is 376, time overhead is 0.025738239288330078
INFO:__main__:FuncIndex is 377, start time is 1620695295.4919863
INFO:__main__:FuncIndex is 377, end time is 1620695295.5206356
INFO:__main__:used memory: 0 M
INFO:__main__:FuncIndex is 377, time overhead is 0.028649330139160156
INFO:__main__:FuncIndex is 378, start time is 1620695295.5212698
INFO:__main__:[exception] used memory: 0 M
INFO:__main__:[exception] FuncIndex is 378, time overhead is 0.0011639595031738281
INFO:__main__:FuncIndex is 379, start time is 1620695295.52287
INFO:root:unsupport call_indirect now
INFO:root:unsupport call_indirect now
INFO:root:unsupport call_indirect now
INFO:root:unsupport call_indirect now
INFO:__main__:FuncIndex is 379, end time is 1620695296.3988452
INFO:__main__:used memory: -1 M
INFO:__main__:FuncIndex is 379, time overhead is 0.8759751319885254
INFO:__main__:FuncIndex is 380, start time is 1620695296.3996196
INFO:__main__:FuncIndex is 380, end time is 1620695296.4535997
INFO:__main__:used memory: 0 M
INFO:__main__:FuncIndex is 380, time overhead is 0.053980112075805664
INFO:__main__:FuncIndex is 381, start time is 1620695296.4567933
INFO:__main__:FuncIndex is 381, end time is 1620695296.4875739
INFO:__main__:used memory: 0 M
INFO:__main__:FuncIndex is 381, time overhead is 0.030780553817749023
INFO:__main__:FuncIndex is 382, start time is 1620695296.4882267
INFO:__main__:FuncIndex is 382, end time is 1620695296.5190995
INFO:__main__:used memory: 1 M
INFO:__main__:FuncIndex is 382, time overhead is 0.030872821807861328
INFO:__main__:FuncIndex is 383, start time is 1620695296.5197554
INFO:__main__:FuncIndex is 383, end time is 1620695296.5500724
INFO:__main__:used memory: 0 M
INFO:__main__:FuncIndex is 383, time overhead is 0.030317068099975586
INFO:__main__:FuncIndex is 384, start time is 1620695296.5509098
INFO:__main__:FuncIndex is 384, end time is 1620695296.5796921
INFO:__main__:used memory: 0 M
INFO:__main__:FuncIndex is 384, time overhead is 0.028782367706298828
INFO:__main__:FuncIndex is 385, start time is 1620695296.5803077
INFO:__main__:FuncIndex is 385, end time is 1620695296.6607227
INFO:__main__:used memory: -1 M
INFO:__main__:FuncIndex is 385, time overhead is 0.08041501045227051
INFO:__main__:FuncIndex is 386, start time is 1620695296.6613092
INFO:root:b'Sorts (_ BitVec 32) and (_ BitVec 64) are incompatible'
INFO:__main__:FuncIndex is 386, end time is 1620695296.7354758
INFO:__main__:used memory: 2 M
INFO:__main__:FuncIndex is 386, time overhead is 0.07416653633117676
INFO:__main__:FuncIndex is 387, start time is 1620695296.7362435
INFO:root:b'Sorts (_ BitVec 32) and (_ BitVec 64) are incompatible'
INFO:__main__:FuncIndex is 387, end time is 1620695296.8045642
INFO:__main__:used memory: -1 M
INFO:__main__:FuncIndex is 387, time overhead is 0.06832075119018555
INFO:__main__:FuncIndex is 388, start time is 1620695296.805219
INFO:__main__:FuncIndex is 388, end time is 1620695296.8361533
INFO:__main__:used memory: 0 M
INFO:__main__:FuncIndex is 388, time overhead is 0.03093433380126953
INFO:__main__:FuncIndex is 389, start time is 1620695296.8367534
INFO:__main__:FuncIndex is 389, end time is 1620695296.8765645
INFO:__main__:used memory: 0 M
INFO:__main__:FuncIndex is 389, time overhead is 0.039811134338378906
INFO:__main__:FuncIndex is 390, start time is 1620695296.8799906
INFO:__main__:FuncIndex is 390, end time is 1620695298.730096
INFO:__main__:used memory: -1 M
INFO:__main__:FuncIndex is 390, time overhead is 1.8501055240631104
INFO:__main__:FuncIndex is 391, start time is 1620695298.731232
INFO:__main__:FuncIndex is 391, end time is 1620695298.8712153
INFO:__main__:used memory: 0 M
INFO:__main__:FuncIndex is 391, time overhead is 0.1399834156036377
INFO:__main__:FuncIndex is 392, start time is 1620695298.8720047
INFO:__main__:FuncIndex is 392, end time is 1620695299.505069
INFO:__main__:used memory: -1 M
INFO:__main__:FuncIndex is 392, time overhead is 0.6330642700195312
INFO:__main__:FuncIndex is 393, start time is 1620695299.5063002
INFO:__main__:FuncIndex is 393, end time is 1620695301.3218207
INFO:__main__:used memory: 1 M
INFO:__main__:FuncIndex is 393, time overhead is 1.8155205249786377
INFO:__main__:FuncIndex is 394, start time is 1620695301.3225346
INFO:__main__:FuncIndex is 394, end time is 1620695302.9868593
INFO:__main__:used memory: 1 M
INFO:__main__:FuncIndex is 394, time overhead is 1.6643247604370117
INFO:__main__:FuncIndex is 395, start time is 1620695302.9875853
INFO:__main__:FuncIndex is 395, end time is 1620695303.0234935
INFO:__main__:used memory: -1 M
INFO:__main__:FuncIndex is 395, time overhead is 0.03590822219848633
INFO:__main__:FuncIndex is 396, start time is 1620695303.0241623
INFO:__main__:FuncIndex is 396, end time is 1620695303.1470454
INFO:__main__:used memory: -1 M
INFO:__main__:FuncIndex is 396, time overhead is 0.12288308143615723
INFO:__main__:FuncIndex is 397, start time is 1620695303.1478088
INFO:__main__:FuncIndex is 397, end time is 1620695303.6018023
INFO:__main__:used memory: 0 M
INFO:__main__:FuncIndex is 397, time overhead is 0.453993558883667
INFO:__main__:FuncIndex is 398, start time is 1620695303.6028996
INFO:__main__:FuncIndex is 398, end time is 1620695304.9074616
INFO:__main__:used memory: 0 M
INFO:__main__:FuncIndex is 398, time overhead is 1.3045620918273926
INFO:__main__:FuncIndex is 399, start time is 1620695304.9084504
INFO:root:reached unreachable
INFO:__main__:FuncIndex is 399, end time is 1620695304.9561734
INFO:__main__:used memory: 1 M
INFO:__main__:FuncIndex is 399, time overhead is 0.04772305488586426
INFO:__main__:FuncIndex is 400, start time is 1620695304.959671
INFO:root:unsupport call_indirect now
INFO:__main__:FuncIndex is 400, end time is 1620695304.9904456
INFO:__main__:used memory: 0 M
INFO:__main__:FuncIndex is 400, time overhead is 0.030774593353271484
INFO:__main__:All time: 787.0457804203033
mprof: Sampling memory every 0.1s
running new process
