INFO:__main__:FuncIndex is 401, start time is 1620718079.1784666
INFO:__main__:FuncIndex is 401, end time is 1620718079.5414364
INFO:__main__:used memory: 13 M
INFO:__main__:FuncIndex is 401, time overhead is 0.36296987533569336
INFO:__main__:FuncIndex is 402, start time is 1620718079.5432994
INFO:__main__:FuncIndex is 402, end time is 1620718079.8040879
INFO:__main__:used memory: 3 M
INFO:__main__:FuncIndex is 402, time overhead is 0.2607884407043457
INFO:__main__:FuncIndex is 403, start time is 1620718079.8048692
INFO:__main__:FuncIndex is 403, end time is 1620718079.8536825
INFO:__main__:used memory: 0 M
INFO:__main__:FuncIndex is 403, time overhead is 0.0488133430480957
INFO:__main__:FuncIndex is 404, start time is 1620718079.8559875
INFO:__main__:FuncIndex is 404, end time is 1620718079.8914378
INFO:__main__:used memory: 0 M
INFO:__main__:FuncIndex is 404, time overhead is 0.03545022010803223
INFO:__main__:FuncIndex is 405, start time is 1620718079.8921022
INFO:__main__:FuncIndex is 405, end time is 1620718083.6334329
INFO:__main__:used memory: 40 M
INFO:__main__:FuncIndex is 405, time overhead is 3.741330623626709
INFO:__main__:FuncIndex is 406, start time is 1620718083.6356964
INFO:__main__:FuncIndex is 406, end time is 1620718083.7221699
INFO:__main__:used memory: 0 M
INFO:__main__:FuncIndex is 406, time overhead is 0.08647346496582031
INFO:__main__:FuncIndex is 407, start time is 1620718083.7228749
INFO:__main__:FuncIndex is 407, end time is 1620718083.7471714
INFO:__main__:used memory: 0 M
INFO:__main__:FuncIndex is 407, time overhead is 0.02429652214050293
INFO:__main__:FuncIndex is 408, start time is 1620718083.7478862
INFO:__main__:FuncIndex is 408, end time is 1620718087.7555645
INFO:__main__:used memory: 13 M
INFO:__main__:FuncIndex is 408, time overhead is 4.007678270339966
INFO:__main__:FuncIndex is 409, start time is 1620718087.7580445
INFO:__main__:[exception] used memory: 0 M
INFO:__main__:[exception] FuncIndex is 409, time overhead is 0.0021347999572753906
INFO:__main__:FuncIndex is 410, start time is 1620718087.7606015
INFO:root:
INFO:root:
INFO:__main__:FuncIndex is 410, end time is 1620718094.6485322
INFO:__main__:used memory: 20 M
INFO:__main__:FuncIndex is 410, time overhead is 6.887930631637573
INFO:__main__:FuncIndex is 411, start time is 1620718094.6528044
INFO:__main__:FuncIndex is 411, end time is 1620718094.697332
INFO:__main__:used memory: 1 M
INFO:__main__:FuncIndex is 411, time overhead is 0.044527530670166016
INFO:__main__:FuncIndex is 412, start time is 1620718094.6986928
INFO:__main__:FuncIndex is 412, end time is 1620718094.7802882
INFO:__main__:used memory: 1 M
INFO:__main__:FuncIndex is 412, time overhead is 0.08159542083740234
INFO:__main__:FuncIndex is 413, start time is 1620718094.7810555
INFO:__main__:FuncIndex is 413, end time is 1620718094.810064
INFO:__main__:used memory: 0 M
INFO:__main__:FuncIndex is 413, time overhead is 0.02900862693786621
INFO:__main__:FuncIndex is 414, start time is 1620718094.810767
INFO:__main__:FuncIndex is 414, end time is 1620718094.8436723
INFO:__main__:used memory: 0 M
INFO:__main__:FuncIndex is 414, time overhead is 0.03290534019470215
INFO:__main__:FuncIndex is 415, start time is 1620718094.8443704
INFO:__main__:FuncIndex is 415, end time is 1620718094.8905795
INFO:__main__:used memory: 1 M
INFO:__main__:FuncIndex is 415, time overhead is 0.046209096908569336
INFO:__main__:FuncIndex is 416, start time is 1620718094.8913167
INFO:root:unsupport call_indirect now
INFO:root:unsupport call_indirect now
INFO:root:unsupport call_indirect now
INFO:root:unsupport call_indirect now
INFO:__main__:FuncIndex is 416, end time is 1620718095.2638893
INFO:__main__:used memory: 5 M
INFO:__main__:FuncIndex is 416, time overhead is 0.372572660446167
INFO:__main__:FuncIndex is 417, start time is 1620718095.2647285
INFO:root:unsupport call_indirect now
INFO:root:unsupport call_indirect now
INFO:__main__:FuncIndex is 417, end time is 1620718095.5095546
INFO:__main__:used memory: 5 M
INFO:__main__:FuncIndex is 417, time overhead is 0.244826078414917
INFO:__main__:FuncIndex is 418, start time is 1620718095.5121825
INFO:__main__:FuncIndex is 418, end time is 1620718096.779171
INFO:__main__:used memory: -44 M
INFO:__main__:FuncIndex is 418, time overhead is 1.2669885158538818
INFO:__main__:FuncIndex is 419, start time is 1620718096.7819946
INFO:__main__:FuncIndex is 419, end time is 1620718097.6779506
INFO:__main__:used memory: 4 M
INFO:__main__:FuncIndex is 419, time overhead is 0.8959560394287109
INFO:__main__:FuncIndex is 420, start time is 1620718097.6803687
INFO:__main__:FuncIndex is 420, end time is 1620718105.8272507
INFO:__main__:used memory: 57 M
INFO:__main__:FuncIndex is 420, time overhead is 8.146882057189941
INFO:__main__:FuncIndex is 421, start time is 1620718105.8297136
INFO:__main__:FuncIndex is 421, end time is 1620718106.0220375
INFO:__main__:used memory: 1 M
INFO:__main__:FuncIndex is 421, time overhead is 0.19232392311096191
INFO:__main__:FuncIndex is 422, start time is 1620718106.0246775
INFO:__main__:FuncIndex is 422, end time is 1620718106.2064044
INFO:__main__:used memory: 2 M
INFO:__main__:FuncIndex is 422, time overhead is 0.18172693252563477
INFO:__main__:FuncIndex is 423, start time is 1620718106.209267
INFO:__main__:FuncIndex is 423, end time is 1620718106.3879905
INFO:__main__:used memory: 4 M
INFO:__main__:FuncIndex is 423, time overhead is 0.17872357368469238
INFO:__main__:FuncIndex is 424, start time is 1620718106.3921285
INFO:__main__:FuncIndex is 424, end time is 1620718112.277773
INFO:__main__:used memory: -49 M
INFO:__main__:FuncIndex is 424, time overhead is 5.885644435882568
INFO:__main__:FuncIndex is 425, start time is 1620718112.280549
INFO:__main__:FuncIndex is 425, end time is 1620718122.2729247
INFO:__main__:used memory: -1 M
INFO:__main__:FuncIndex is 425, time overhead is 9.992375612258911
INFO:__main__:FuncIndex is 426, start time is 1620718122.2763405
INFO:__main__:FuncIndex is 426, end time is 1620718122.3145857
INFO:__main__:used memory: 0 M
INFO:__main__:FuncIndex is 426, time overhead is 0.038245201110839844
INFO:__main__:FuncIndex is 427, start time is 1620718122.3151593
INFO:__main__:FuncIndex is 427, end time is 1620718122.3443308
INFO:__main__:used memory: 2 M
INFO:__main__:FuncIndex is 427, time overhead is 0.029171466827392578
INFO:__main__:FuncIndex is 428, start time is 1620718122.345096
INFO:__main__:[exception] used memory: 0 M
INFO:__main__:[exception] FuncIndex is 428, time overhead is 0.006575345993041992
INFO:__main__:FuncIndex is 429, start time is 1620718122.3520844
INFO:__main__:FuncIndex is 429, end time is 1620718122.3788803
INFO:__main__:used memory: 0 M
INFO:__main__:FuncIndex is 429, time overhead is 0.02679586410522461
INFO:__main__:FuncIndex is 430, start time is 1620718122.3796055
INFO:__main__:FuncIndex is 430, end time is 1620718122.448525
INFO:__main__:used memory: -1 M
INFO:__main__:FuncIndex is 430, time overhead is 0.06891942024230957
INFO:__main__:FuncIndex is 431, start time is 1620718122.4510863
INFO:root:unsupport call_indirect now
INFO:root:unsupport call_indirect now
INFO:__main__:FuncIndex is 431, end time is 1620718122.5031717
INFO:__main__:used memory: 0 M
INFO:__main__:FuncIndex is 431, time overhead is 0.05208539962768555
INFO:__main__:FuncIndex is 432, start time is 1620718122.5059948
INFO:__main__:[exception] used memory: 0 M
INFO:__main__:[exception] FuncIndex is 432, time overhead is 0.24321699142456055
INFO:__main__:FuncIndex is 433, start time is 1620718122.752261
INFO:__main__:[exception] used memory: 0 M
INFO:__main__:[exception] FuncIndex is 433, time overhead is 0.018837451934814453
INFO:__main__:FuncIndex is 434, start time is 1620718122.7723527
INFO:__main__:FuncIndex is 434, end time is 1620718122.839383
INFO:__main__:used memory: -1 M
INFO:__main__:FuncIndex is 434, time overhead is 0.06703019142150879
INFO:__main__:FuncIndex is 435, start time is 1620718122.8419604
INFO:root:sort mismatch
INFO:__main__:FuncIndex is 435, end time is 1620718122.8754005
INFO:__main__:used memory: 0 M
INFO:__main__:FuncIndex is 435, time overhead is 0.03344011306762695
INFO:__main__:FuncIndex is 436, start time is 1620718122.8762255
INFO:__main__:FuncIndex is 436, end time is 1620718122.9154687
INFO:__main__:used memory: 0 M
INFO:__main__:FuncIndex is 436, time overhead is 0.039243221282958984
INFO:__main__:FuncIndex is 437, start time is 1620718122.9161594
INFO:__main__:FuncIndex is 437, end time is 1620718123.026809
INFO:__main__:used memory: 0 M
INFO:__main__:FuncIndex is 437, time overhead is 0.11064958572387695
INFO:__main__:FuncIndex is 438, start time is 1620718123.0295985
INFO:root:sort mismatch
INFO:__main__:FuncIndex is 438, end time is 1620718123.082742
INFO:__main__:used memory: 2 M
INFO:__main__:FuncIndex is 438, time overhead is 0.05314350128173828
INFO:__main__:FuncIndex is 439, start time is 1620718123.0834515
INFO:__main__:FuncIndex is 439, end time is 1620718123.1163666
INFO:__main__:used memory: -1 M
INFO:__main__:FuncIndex is 439, time overhead is 0.03291511535644531
INFO:__main__:FuncIndex is 440, start time is 1620718123.1170962
INFO:__main__:FuncIndex is 440, end time is 1620718123.150542
INFO:__main__:used memory: 0 M
INFO:__main__:FuncIndex is 440, time overhead is 0.03344583511352539
INFO:__main__:FuncIndex is 441, start time is 1620718123.1512852
INFO:__main__:FuncIndex is 441, end time is 1620718123.1843522
INFO:__main__:used memory: 0 M
INFO:__main__:FuncIndex is 441, time overhead is 0.03306698799133301
INFO:__main__:FuncIndex is 442, start time is 1620718123.1851397
INFO:__main__:FuncIndex is 442, end time is 1620718123.220091
INFO:__main__:used memory: 0 M
INFO:__main__:FuncIndex is 442, time overhead is 0.03495144844055176
INFO:__main__:FuncIndex is 443, start time is 1620718123.2209508
INFO:__main__:FuncIndex is 443, end time is 1620718123.2560434
INFO:__main__:used memory: 0 M
INFO:__main__:FuncIndex is 443, time overhead is 0.03509259223937988
INFO:__main__:FuncIndex is 444, start time is 1620718123.2568698
INFO:__main__:FuncIndex is 444, end time is 1620718123.2918794
INFO:__main__:used memory: 0 M
INFO:__main__:FuncIndex is 444, time overhead is 0.03500962257385254
INFO:__main__:FuncIndex is 445, start time is 1620718123.2927232
INFO:__main__:FuncIndex is 445, end time is 1620718123.3363261
INFO:__main__:used memory: 0 M
INFO:__main__:FuncIndex is 445, time overhead is 0.043602943420410156
INFO:__main__:FuncIndex is 446, start time is 1620718123.3370683
INFO:__main__:FuncIndex is 446, end time is 1620718123.3705544
INFO:__main__:used memory: 0 M
INFO:__main__:FuncIndex is 446, time overhead is 0.033486127853393555
INFO:__main__:FuncIndex is 447, start time is 1620718123.3712602
INFO:root:fpMin() missing 1 required positional argument: 'b'
INFO:__main__:FuncIndex is 447, end time is 1620718123.4739833
INFO:__main__:used memory: -1 M
INFO:__main__:FuncIndex is 447, time overhead is 0.1027231216430664
INFO:__main__:FuncIndex is 448, start time is 1620718123.4764953
INFO:__main__:FuncIndex is 448, end time is 1620718123.5193434
INFO:__main__:used memory: 1 M
INFO:__main__:FuncIndex is 448, time overhead is 0.04284811019897461
INFO:__main__:FuncIndex is 449, start time is 1620718123.5223458
INFO:__main__:FuncIndex is 449, end time is 1620718123.5672097
INFO:__main__:used memory: 1 M
INFO:__main__:FuncIndex is 449, time overhead is 0.04486393928527832
INFO:__main__:FuncIndex is 450, start time is 1620718123.5701733
INFO:__main__:FuncIndex is 450, end time is 1620718123.6066756
INFO:__main__:used memory: -1 M
INFO:__main__:FuncIndex is 450, time overhead is 0.03650236129760742
INFO:__main__:FuncIndex is 451, start time is 1620718123.609592
INFO:__main__:[exception] used memory: 0 M
INFO:__main__:[exception] FuncIndex is 451, time overhead is 4.162307977676392
INFO:__main__:FuncIndex is 452, start time is 1620718127.7741878
INFO:__main__:FuncIndex is 452, end time is 1620718127.9340656
INFO:__main__:used memory: 0 M
INFO:__main__:FuncIndex is 452, time overhead is 0.15987777709960938
INFO:__main__:FuncIndex is 453, start time is 1620718127.934756
INFO:__main__:FuncIndex is 453, end time is 1620718127.969425
INFO:__main__:used memory: 0 M
INFO:__main__:FuncIndex is 453, time overhead is 0.034668922424316406
INFO:__main__:FuncIndex is 454, start time is 1620718127.970028
INFO:__main__:FuncIndex is 454, end time is 1620718140.082726
INFO:__main__:used memory: -14 M
INFO:__main__:FuncIndex is 454, time overhead is 12.112698078155518
INFO:__main__:FuncIndex is 455, start time is 1620718140.0854537
INFO:__main__:FuncIndex is 455, end time is 1620718140.3308306
INFO:__main__:used memory: 1 M
INFO:__main__:FuncIndex is 455, time overhead is 0.2453768253326416
INFO:__main__:FuncIndex is 456, start time is 1620718140.3315032
INFO:__main__:FuncIndex is 456, end time is 1620718140.3627253
INFO:__main__:used memory: 1 M
INFO:__main__:FuncIndex is 456, time overhead is 0.031222105026245117
INFO:__main__:FuncIndex is 457, start time is 1620718140.3633268
INFO:__main__:FuncIndex is 457, end time is 1620718140.4178057
INFO:__main__:used memory: -1 M
INFO:__main__:FuncIndex is 457, time overhead is 0.05447888374328613
INFO:__main__:FuncIndex is 458, start time is 1620718140.4205272
INFO:__main__:FuncIndex is 458, end time is 1620718140.4618375
INFO:__main__:used memory: 1 M
INFO:__main__:FuncIndex is 458, time overhead is 0.04131031036376953
INFO:__main__:FuncIndex is 459, start time is 1620718140.464809
INFO:__main__:FuncIndex is 459, end time is 1620718140.5899777
INFO:__main__:used memory: 1 M
INFO:__main__:FuncIndex is 459, time overhead is 0.1251688003540039
INFO:__main__:FuncIndex is 460, start time is 1620718140.590696
INFO:__main__:FuncIndex is 460, end time is 1620718140.62137
INFO:__main__:used memory: 1 M
INFO:__main__:FuncIndex is 460, time overhead is 0.030673980712890625
INFO:__main__:FuncIndex is 461, start time is 1620718140.6220016
INFO:__main__:FuncIndex is 461, end time is 1620718140.6711576
INFO:__main__:used memory: 0 M
INFO:__main__:FuncIndex is 461, time overhead is 0.04915595054626465
INFO:__main__:FuncIndex is 462, start time is 1620718140.6741564
INFO:__main__:FuncIndex is 462, end time is 1620718141.3408678
INFO:__main__:used memory: 3 M
INFO:__main__:FuncIndex is 462, time overhead is 0.6667113304138184
INFO:__main__:FuncIndex is 463, start time is 1620718141.3415186
INFO:__main__:FuncIndex is 463, end time is 1620718141.3984814
INFO:__main__:used memory: 0 M
INFO:__main__:FuncIndex is 463, time overhead is 0.05696272850036621
INFO:__main__:FuncIndex is 464, start time is 1620718141.4012337
INFO:__main__:FuncIndex is 464, end time is 1620718141.4907026
INFO:__main__:used memory: 1 M
INFO:__main__:FuncIndex is 464, time overhead is 0.08946895599365234
INFO:__main__:FuncIndex is 465, start time is 1620718141.4938214
INFO:__main__:FuncIndex is 465, end time is 1620718141.5237672
INFO:__main__:used memory: 1 M
INFO:__main__:FuncIndex is 465, time overhead is 0.029945850372314453
INFO:__main__:FuncIndex is 466, start time is 1620718141.524443
INFO:__main__:FuncIndex is 466, end time is 1620718141.5764854
INFO:__main__:used memory: 0 M
INFO:__main__:FuncIndex is 466, time overhead is 0.052042484283447266
INFO:__main__:FuncIndex is 467, start time is 1620718141.5771868
INFO:__main__:FuncIndex is 467, end time is 1620718142.0272336
INFO:__main__:used memory: 1 M
INFO:__main__:FuncIndex is 467, time overhead is 0.4500467777252197
INFO:__main__:FuncIndex is 468, start time is 1620718142.0278523
INFO:__main__:FuncIndex is 468, end time is 1620718142.3184922
INFO:__main__:used memory: -6 M
INFO:__main__:FuncIndex is 468, time overhead is 0.29063987731933594
INFO:__main__:FuncIndex is 469, start time is 1620718142.3192437
INFO:__main__:FuncIndex is 469, end time is 1620718142.3600993
INFO:__main__:used memory: 1 M
INFO:__main__:FuncIndex is 469, time overhead is 0.04085564613342285
INFO:__main__:FuncIndex is 470, start time is 1620718142.3607483
INFO:__main__:FuncIndex is 470, end time is 1620718142.4318142
INFO:__main__:used memory: -1 M
INFO:__main__:FuncIndex is 470, time overhead is 0.07106590270996094
INFO:__main__:FuncIndex is 471, start time is 1620718142.434385
INFO:root:unsupport call_indirect now
INFO:root:unsupport call_indirect now
INFO:__main__:FuncIndex is 471, end time is 1620718143.0088804
INFO:__main__:used memory: -1 M
INFO:__main__:FuncIndex is 471, time overhead is 0.5744953155517578
INFO:__main__:FuncIndex is 472, start time is 1620718143.0121207
INFO:__main__:FuncIndex is 472, end time is 1620718143.1103985
INFO:__main__:used memory: 1 M
INFO:__main__:FuncIndex is 472, time overhead is 0.09827780723571777
INFO:__main__:FuncIndex is 473, start time is 1620718143.1111102
INFO:__main__:FuncIndex is 473, end time is 1620718143.1677587
INFO:__main__:used memory: 0 M
INFO:__main__:FuncIndex is 473, time overhead is 0.05664849281311035
INFO:__main__:FuncIndex is 474, start time is 1620718143.1704068
INFO:__main__:FuncIndex is 474, end time is 1620718153.159998
INFO:__main__:used memory: 40 M
INFO:__main__:FuncIndex is 474, time overhead is 9.989591121673584
INFO:__main__:FuncIndex is 475, start time is 1620718153.162978
INFO:__main__:FuncIndex is 475, end time is 1620718153.2638383
INFO:__main__:used memory: 0 M
INFO:__main__:FuncIndex is 475, time overhead is 0.1008603572845459
INFO:__main__:FuncIndex is 476, start time is 1620718153.2666924
INFO:root:unsupport call_indirect now
INFO:root:unsupport call_indirect now
INFO:root:unsupport call_indirect now
INFO:root:unsupport call_indirect now
INFO:root:unsupport call_indirect now
INFO:__main__:FuncIndex is 476, end time is 1620718154.1457
INFO:__main__:used memory: 13 M
INFO:__main__:FuncIndex is 476, time overhead is 0.8790075778961182
INFO:__main__:FuncIndex is 477, start time is 1620718154.1484208
INFO:root:
INFO:__main__:FuncIndex is 477, end time is 1620718154.2107334
INFO:__main__:used memory: 1 M
INFO:__main__:FuncIndex is 477, time overhead is 0.06231260299682617
INFO:__main__:FuncIndex is 478, start time is 1620718154.213739
INFO:root:unsupport call_indirect now
INFO:__main__:FuncIndex is 478, end time is 1620718154.2675562
INFO:__main__:used memory: 0 M
INFO:__main__:FuncIndex is 478, time overhead is 0.0538172721862793
INFO:__main__:FuncIndex is 479, start time is 1620718154.270475
INFO:__main__:FuncIndex is 479, end time is 1620718155.711267
INFO:__main__:used memory: -34 M
INFO:__main__:FuncIndex is 479, time overhead is 1.4407920837402344
INFO:__main__:FuncIndex is 480, start time is 1620718155.7144818
INFO:__main__:FuncIndex is 480, end time is 1620718159.3092477
INFO:__main__:used memory: -1 M
INFO:__main__:FuncIndex is 480, time overhead is 3.5947659015655518
INFO:__main__:FuncIndex is 481, start time is 1620718159.31197
INFO:__main__:FuncIndex is 481, end time is 1620718161.335038
INFO:__main__:used memory: -8 M
INFO:__main__:FuncIndex is 481, time overhead is 2.0230679512023926
INFO:__main__:FuncIndex is 482, start time is 1620718161.3383837
INFO:__main__:FuncIndex is 482, end time is 1620718166.643674
INFO:__main__:used memory: 15 M
INFO:__main__:FuncIndex is 482, time overhead is 5.305290222167969
INFO:__main__:FuncIndex is 483, start time is 1620718166.6462197
INFO:__main__:FuncIndex is 483, end time is 1620718166.770539
INFO:__main__:used memory: 0 M
INFO:__main__:FuncIndex is 483, time overhead is 0.12431931495666504
INFO:__main__:FuncIndex is 484, start time is 1620718166.7731757
INFO:__main__:FuncIndex is 484, end time is 1620718166.8565943
INFO:__main__:used memory: 0 M
INFO:__main__:FuncIndex is 484, time overhead is 0.08341860771179199
INFO:__main__:FuncIndex is 485, start time is 1620718166.859843
INFO:__main__:[exception] used memory: 1 M
INFO:__main__:[exception] FuncIndex is 485, time overhead is 0.11478400230407715
INFO:__main__:FuncIndex is 486, start time is 1620718166.977552
INFO:__main__:FuncIndex is 486, end time is 1620718167.3466377
INFO:__main__:used memory: -16 M
INFO:__main__:FuncIndex is 486, time overhead is 0.36908578872680664
INFO:__main__:FuncIndex is 487, start time is 1620718167.3496325
INFO:__main__:FuncIndex is 487, end time is 1620718167.404364
INFO:__main__:used memory: 1 M
INFO:__main__:FuncIndex is 487, time overhead is 0.05473160743713379
INFO:__main__:FuncIndex is 488, start time is 1620718167.4050918
INFO:__main__:[exception] used memory: -1 M
INFO:__main__:[exception] FuncIndex is 488, time overhead is 0.4804403781890869
INFO:__main__:FuncIndex is 489, start time is 1620718167.8883567
INFO:__main__:FuncIndex is 489, end time is 1620718171.267652
INFO:__main__:used memory: -1 M
INFO:__main__:FuncIndex is 489, time overhead is 3.3792953491210938
INFO:__main__:FuncIndex is 490, start time is 1620718171.2701533
INFO:__main__:[exception] used memory: 7 M
INFO:__main__:[exception] FuncIndex is 490, time overhead is 10.000102519989014
INFO:__main__:FuncIndex is 491, start time is 1620718181.2734108
INFO:__main__:FuncIndex is 491, end time is 1620718181.4410403
INFO:__main__:used memory: -1 M
INFO:__main__:FuncIndex is 491, time overhead is 0.16762948036193848
INFO:__main__:FuncIndex is 492, start time is 1620718181.441868
INFO:__main__:FuncIndex is 492, end time is 1620718181.5374606
INFO:__main__:used memory: 0 M
INFO:__main__:FuncIndex is 492, time overhead is 0.09559249877929688
INFO:__main__:FuncIndex is 493, start time is 1620718181.5398552
INFO:__main__:FuncIndex is 493, end time is 1620718181.8742502
INFO:__main__:used memory: 0 M
INFO:__main__:FuncIndex is 493, time overhead is 0.3343949317932129
INFO:__main__:FuncIndex is 494, start time is 1620718181.874926
INFO:__main__:FuncIndex is 494, end time is 1620718181.913529
INFO:__main__:used memory: 0 M
INFO:__main__:FuncIndex is 494, time overhead is 0.03860282897949219
INFO:__main__:FuncIndex is 495, start time is 1620718181.9147556
INFO:__main__:[exception] used memory: -7 M
INFO:__main__:[exception] FuncIndex is 495, time overhead is 10.055498838424683
INFO:__main__:FuncIndex is 496, start time is 1620718191.9711308
INFO:__main__:FuncIndex is 496, end time is 1620718192.0216527
INFO:__main__:used memory: 0 M
INFO:__main__:FuncIndex is 496, time overhead is 0.0505218505859375
INFO:__main__:FuncIndex is 497, start time is 1620718192.0243673
INFO:__main__:FuncIndex is 497, end time is 1620718192.4812179
INFO:__main__:used memory: 0 M
INFO:__main__:FuncIndex is 497, time overhead is 0.456850528717041
INFO:__main__:FuncIndex is 498, start time is 1620718192.4839077
INFO:__main__:FuncIndex is 498, end time is 1620718192.5802443
INFO:__main__:used memory: 0 M
INFO:__main__:FuncIndex is 498, time overhead is 0.09633660316467285
INFO:__main__:FuncIndex is 499, start time is 1620718192.5828435
INFO:__main__:FuncIndex is 499, end time is 1620718192.6145396
INFO:__main__:used memory: 0 M
INFO:__main__:FuncIndex is 499, time overhead is 0.03169608116149902
INFO:__main__:FuncIndex is 500, start time is 1620718192.6152215
INFO:__main__:FuncIndex is 500, end time is 1620718192.7310598
INFO:__main__:used memory: 0 M
INFO:__main__:FuncIndex is 500, time overhead is 0.11583828926086426
INFO:__main__:FuncIndex is 501, start time is 1620718192.7338889
INFO:__main__:FuncIndex is 501, end time is 1620718192.7612205
INFO:__main__:used memory: -1 M
INFO:__main__:FuncIndex is 501, time overhead is 0.02733159065246582
INFO:__main__:FuncIndex is 502, start time is 1620718192.7618637
INFO:__main__:FuncIndex is 502, end time is 1620718192.82138
INFO:__main__:used memory: 1 M
INFO:__main__:FuncIndex is 502, time overhead is 0.059516191482543945
INFO:__main__:FuncIndex is 503, start time is 1620718192.8221257
INFO:__main__:FuncIndex is 503, end time is 1620718193.1764205
INFO:__main__:used memory: -1 M
INFO:__main__:FuncIndex is 503, time overhead is 0.3542947769165039
INFO:__main__:FuncIndex is 504, start time is 1620718193.1793168
INFO:__main__:FuncIndex is 504, end time is 1620718193.2463784
INFO:__main__:used memory: 0 M
INFO:__main__:FuncIndex is 504, time overhead is 0.0670616626739502
INFO:__main__:FuncIndex is 505, start time is 1620718193.2488987
INFO:__main__:FuncIndex is 505, end time is 1620718193.3059077
INFO:__main__:used memory: 1 M
INFO:__main__:FuncIndex is 505, time overhead is 0.057008981704711914
INFO:__main__:FuncIndex is 506, start time is 1620718193.3086472
INFO:__main__:FuncIndex is 506, end time is 1620718193.501816
INFO:__main__:used memory: 0 M
INFO:__main__:FuncIndex is 506, time overhead is 0.19316887855529785
INFO:__main__:FuncIndex is 507, start time is 1620718193.5053246
INFO:__main__:FuncIndex is 507, end time is 1620718193.544096
INFO:__main__:used memory: 0 M
INFO:__main__:FuncIndex is 507, time overhead is 0.03877139091491699
INFO:__main__:FuncIndex is 508, start time is 1620718193.5447009
INFO:__main__:FuncIndex is 508, end time is 1620718194.6248796
INFO:__main__:used memory: 0 M
INFO:__main__:FuncIndex is 508, time overhead is 1.0801787376403809
INFO:__main__:FuncIndex is 509, start time is 1620718194.6281893
INFO:__main__:FuncIndex is 509, end time is 1620718199.0142498
INFO:__main__:used memory: -1 M
INFO:__main__:FuncIndex is 509, time overhead is 4.386060476303101
INFO:__main__:FuncIndex is 510, start time is 1620718199.018119
INFO:__main__:FuncIndex is 510, end time is 1620718199.6682518
INFO:__main__:used memory: 0 M
INFO:__main__:FuncIndex is 510, time overhead is 0.6501326560974121
INFO:__main__:FuncIndex is 511, start time is 1620718199.6707647
INFO:__main__:FuncIndex is 511, end time is 1620718199.7459013
INFO:__main__:used memory: 1 M
INFO:__main__:FuncIndex is 511, time overhead is 0.07513666152954102
INFO:__main__:FuncIndex is 512, start time is 1620718199.7484694
INFO:__main__:FuncIndex is 512, end time is 1620718200.4772203
INFO:__main__:used memory: -2 M
INFO:__main__:FuncIndex is 512, time overhead is 0.7287509441375732
INFO:__main__:FuncIndex is 513, start time is 1620718200.4798038
INFO:__main__:FuncIndex is 513, end time is 1620718200.5197139
INFO:__main__:used memory: 1 M
INFO:__main__:FuncIndex is 513, time overhead is 0.039910078048706055
INFO:__main__:FuncIndex is 514, start time is 1620718200.5225513
INFO:__main__:FuncIndex is 514, end time is 1620718200.6130583
INFO:__main__:used memory: 1 M
INFO:__main__:FuncIndex is 514, time overhead is 0.09050703048706055
INFO:__main__:FuncIndex is 515, start time is 1620718200.6163847
INFO:__main__:FuncIndex is 515, end time is 1620718200.6470935
INFO:__main__:used memory: 1 M
INFO:__main__:FuncIndex is 515, time overhead is 0.030708789825439453
INFO:__main__:FuncIndex is 516, start time is 1620718200.6478555
INFO:__main__:FuncIndex is 516, end time is 1620718201.3347962
INFO:__main__:used memory: -2 M
INFO:__main__:FuncIndex is 516, time overhead is 0.6869406700134277
INFO:__main__:FuncIndex is 517, start time is 1620718201.3384094
INFO:__main__:FuncIndex is 517, end time is 1620718201.3697772
INFO:__main__:used memory: 2 M
INFO:__main__:FuncIndex is 517, time overhead is 0.03136777877807617
INFO:__main__:FuncIndex is 518, start time is 1620718201.3704984
INFO:__main__:FuncIndex is 518, end time is 1620718201.6317885
INFO:__main__:used memory: -1 M
INFO:__main__:FuncIndex is 518, time overhead is 0.2612900733947754
INFO:__main__:FuncIndex is 519, start time is 1620718201.6343884
INFO:__main__:FuncIndex is 519, end time is 1620718201.6668444
INFO:__main__:used memory: 1 M
INFO:__main__:FuncIndex is 519, time overhead is 0.0324559211730957
INFO:__main__:FuncIndex is 520, start time is 1620718201.6674886
INFO:__main__:FuncIndex is 520, end time is 1620718201.7055562
INFO:__main__:used memory: 0 M
INFO:__main__:FuncIndex is 520, time overhead is 0.03806757926940918
INFO:__main__:FuncIndex is 521, start time is 1620718201.7080748
INFO:__main__:FuncIndex is 521, end time is 1620718201.7808776
INFO:__main__:used memory: 0 M
INFO:__main__:FuncIndex is 521, time overhead is 0.07280278205871582
INFO:__main__:FuncIndex is 522, start time is 1620718201.7836196
INFO:__main__:FuncIndex is 522, end time is 1620718202.1299584
INFO:__main__:used memory: -1 M
INFO:__main__:FuncIndex is 522, time overhead is 0.34633874893188477
INFO:__main__:FuncIndex is 523, start time is 1620718202.1328452
INFO:__main__:FuncIndex is 523, end time is 1620718202.1609058
INFO:__main__:used memory: 0 M
INFO:__main__:FuncIndex is 523, time overhead is 0.0280606746673584
INFO:__main__:FuncIndex is 524, start time is 1620718202.161699
INFO:__main__:FuncIndex is 524, end time is 1620718203.5625174
INFO:__main__:used memory: 0 M
INFO:__main__:FuncIndex is 524, time overhead is 1.4008183479309082
INFO:__main__:FuncIndex is 525, start time is 1620718203.565593
INFO:__main__:FuncIndex is 525, end time is 1620718203.655548
INFO:__main__:used memory: 0 M
INFO:__main__:FuncIndex is 525, time overhead is 0.08995509147644043
INFO:__main__:FuncIndex is 526, start time is 1620718203.6562324
INFO:__main__:FuncIndex is 526, end time is 1620718203.6973002
INFO:__main__:used memory: 0 M
INFO:__main__:FuncIndex is 526, time overhead is 0.04106783866882324
INFO:__main__:FuncIndex is 527, start time is 1620718203.6979976
INFO:__main__:FuncIndex is 527, end time is 1620718204.006126
INFO:__main__:used memory: 1 M
INFO:__main__:FuncIndex is 527, time overhead is 0.30812835693359375
INFO:__main__:FuncIndex is 528, start time is 1620718204.0088258
INFO:__main__:FuncIndex is 528, end time is 1620718204.0341253
INFO:__main__:used memory: 1 M
INFO:__main__:FuncIndex is 528, time overhead is 0.025299549102783203
INFO:__main__:FuncIndex is 529, start time is 1620718204.034796
INFO:__main__:FuncIndex is 529, end time is 1620718204.065562
INFO:__main__:used memory: -2 M
INFO:__main__:FuncIndex is 529, time overhead is 0.030766010284423828
INFO:__main__:FuncIndex is 530, start time is 1620718204.066209
INFO:__main__:FuncIndex is 530, end time is 1620718204.1142101
INFO:__main__:used memory: 0 M
INFO:__main__:FuncIndex is 530, time overhead is 0.04800105094909668
INFO:__main__:FuncIndex is 531, start time is 1620718204.1170971
INFO:__main__:FuncIndex is 531, end time is 1620718204.1549232
INFO:__main__:used memory: 1 M
INFO:__main__:FuncIndex is 531, time overhead is 0.0378260612487793
INFO:__main__:FuncIndex is 532, start time is 1620718204.1578336
INFO:__main__:FuncIndex is 532, end time is 1620718204.3194182
INFO:__main__:used memory: -1 M
INFO:__main__:FuncIndex is 532, time overhead is 0.16158461570739746
INFO:__main__:FuncIndex is 533, start time is 1620718204.3223112
INFO:__main__:FuncIndex is 533, end time is 1620718204.4188797
INFO:__main__:used memory: 1 M
INFO:__main__:FuncIndex is 533, time overhead is 0.09656858444213867
INFO:__main__:FuncIndex is 534, start time is 1620718204.4195604
INFO:__main__:FuncIndex is 534, end time is 1620718204.4670024
INFO:__main__:used memory: 0 M
INFO:__main__:FuncIndex is 534, time overhead is 0.047441959381103516
INFO:__main__:FuncIndex is 535, start time is 1620718204.4677386
INFO:__main__:FuncIndex is 535, end time is 1620718205.3447654
INFO:__main__:used memory: -1 M
INFO:__main__:FuncIndex is 535, time overhead is 0.8770267963409424
INFO:__main__:FuncIndex is 536, start time is 1620718205.3478725
INFO:__main__:FuncIndex is 536, end time is 1620718205.383723
INFO:__main__:used memory: 1 M
INFO:__main__:FuncIndex is 536, time overhead is 0.03585052490234375
INFO:__main__:FuncIndex is 537, start time is 1620718205.3844333
INFO:__main__:FuncIndex is 537, end time is 1620718205.4198198
INFO:__main__:used memory: 0 M
INFO:__main__:FuncIndex is 537, time overhead is 0.03538656234741211
INFO:__main__:FuncIndex is 538, start time is 1620718205.4205916
INFO:__main__:FuncIndex is 538, end time is 1620718205.4501722
INFO:__main__:used memory: 0 M
INFO:__main__:FuncIndex is 538, time overhead is 0.02958059310913086
INFO:__main__:FuncIndex is 539, start time is 1620718205.4509099
INFO:__main__:FuncIndex is 539, end time is 1620718205.4925244
INFO:__main__:used memory: -1 M
INFO:__main__:FuncIndex is 539, time overhead is 0.041614532470703125
INFO:__main__:FuncIndex is 540, start time is 1620718205.4932654
INFO:__main__:FuncIndex is 540, end time is 1620718208.9135458
INFO:__main__:used memory: 0 M
INFO:__main__:FuncIndex is 540, time overhead is 3.4202804565429688
INFO:__main__:FuncIndex is 541, start time is 1620718208.9162624
INFO:__main__:FuncIndex is 541, end time is 1620718208.9673758
INFO:__main__:used memory: 0 M
INFO:__main__:FuncIndex is 541, time overhead is 0.05111336708068848
INFO:__main__:FuncIndex is 542, start time is 1620718208.9703143
INFO:__main__:FuncIndex is 542, end time is 1620718209.2070282
INFO:__main__:used memory: -1 M
INFO:__main__:FuncIndex is 542, time overhead is 0.23671388626098633
INFO:__main__:FuncIndex is 543, start time is 1620718209.2079608
INFO:__main__:[exception] used memory: 0 M
INFO:__main__:[exception] FuncIndex is 543, time overhead is 0.0009293556213378906
INFO:__main__:FuncIndex is 544, start time is 1620718209.2093065
INFO:__main__:FuncIndex is 544, end time is 1620718209.2659473
INFO:__main__:used memory: 1 M
INFO:__main__:FuncIndex is 544, time overhead is 0.0566408634185791
INFO:__main__:FuncIndex is 545, start time is 1620718209.268628
INFO:__main__:FuncIndex is 545, end time is 1620718209.3156152
INFO:__main__:used memory: -1 M
INFO:__main__:FuncIndex is 545, time overhead is 0.046987295150756836
INFO:__main__:FuncIndex is 546, start time is 1620718209.3162637
INFO:__main__:FuncIndex is 546, end time is 1620718209.4751344
INFO:__main__:used memory: -1 M
INFO:__main__:FuncIndex is 546, time overhead is 0.15887069702148438
INFO:__main__:FuncIndex is 547, start time is 1620718209.4788291
INFO:__main__:FuncIndex is 547, end time is 1620718209.5150282
INFO:__main__:used memory: 2 M
INFO:__main__:FuncIndex is 547, time overhead is 0.036199092864990234
INFO:__main__:FuncIndex is 548, start time is 1620718209.5157564
INFO:__main__:FuncIndex is 548, end time is 1620718209.5511608
INFO:__main__:used memory: -1 M
INFO:__main__:FuncIndex is 548, time overhead is 0.03540444374084473
INFO:__main__:FuncIndex is 549, start time is 1620718209.5518527
INFO:__main__:FuncIndex is 549, end time is 1620718209.5850618
INFO:__main__:used memory: 1 M
INFO:__main__:FuncIndex is 549, time overhead is 0.03320908546447754
INFO:__main__:FuncIndex is 550, start time is 1620718209.5858
INFO:__main__:FuncIndex is 550, end time is 1620718209.6187077
INFO:__main__:used memory: -1 M
INFO:__main__:FuncIndex is 550, time overhead is 0.032907724380493164
INFO:__main__:FuncIndex is 551, start time is 1620718209.6194463
INFO:__main__:FuncIndex is 551, end time is 1620718209.808269
INFO:__main__:used memory: 0 M
INFO:__main__:FuncIndex is 551, time overhead is 0.18882274627685547
INFO:__main__:FuncIndex is 552, start time is 1620718209.811484
INFO:__main__:FuncIndex is 552, end time is 1620718211.928492
INFO:__main__:used memory: 0 M
INFO:__main__:FuncIndex is 552, time overhead is 2.1170079708099365
INFO:__main__:FuncIndex is 553, start time is 1620718211.9293103
INFO:__main__:FuncIndex is 553, end time is 1620718211.966326
INFO:__main__:used memory: 0 M
INFO:__main__:FuncIndex is 553, time overhead is 0.037015676498413086
INFO:__main__:FuncIndex is 554, start time is 1620718211.9670281
INFO:__main__:FuncIndex is 554, end time is 1620718212.5193546
INFO:__main__:used memory: 4 M
INFO:__main__:FuncIndex is 554, time overhead is 0.5523264408111572
INFO:__main__:FuncIndex is 555, start time is 1620718212.5225868
INFO:root:b'Argument (bvand #x0000000000000000 #x00000000ffffffff) at position 1 does not match declaration (declare-fun bvslt ((_ BitVec 32) (_ BitVec 32)) Bool)'
INFO:__main__:FuncIndex is 555, end time is 1620718212.5942366
INFO:__main__:used memory: 1 M
INFO:__main__:FuncIndex is 555, time overhead is 0.07164978981018066
INFO:__main__:FuncIndex is 556, start time is 1620718212.594927
INFO:__main__:FuncIndex is 556, end time is 1620718212.6275043
INFO:__main__:used memory: -1 M
INFO:__main__:FuncIndex is 556, time overhead is 0.0325772762298584
INFO:__main__:FuncIndex is 557, start time is 1620718212.62822
INFO:__main__:FuncIndex is 557, end time is 1620718212.7406516
INFO:__main__:used memory: -1 M
INFO:__main__:FuncIndex is 557, time overhead is 0.11243152618408203
INFO:__main__:FuncIndex is 558, start time is 1620718212.7415724
INFO:__main__:FuncIndex is 558, end time is 1620718212.8483696
INFO:__main__:used memory: 1 M
INFO:__main__:FuncIndex is 558, time overhead is 0.1067972183227539
INFO:__main__:FuncIndex is 559, start time is 1620718212.8491359
INFO:__main__:[exception] used memory: 0 M
INFO:__main__:[exception] FuncIndex is 559, time overhead is 0.0011539459228515625
INFO:__main__:FuncIndex is 560, start time is 1620718212.8506563
INFO:__main__:FuncIndex is 560, end time is 1620718212.8898664
INFO:__main__:used memory: 0 M
INFO:__main__:FuncIndex is 560, time overhead is 0.03921008110046387
INFO:__main__:FuncIndex is 561, start time is 1620718212.8906794
INFO:__main__:FuncIndex is 561, end time is 1620718213.197911
INFO:__main__:used memory: 1 M
INFO:__main__:FuncIndex is 561, time overhead is 0.3072316646575928
INFO:__main__:FuncIndex is 562, start time is 1620718213.200643
INFO:__main__:FuncIndex is 562, end time is 1620718213.2262263
INFO:__main__:used memory: 1 M
INFO:__main__:FuncIndex is 562, time overhead is 0.025583267211914062
INFO:__main__:FuncIndex is 563, start time is 1620718213.2269027
INFO:__main__:FuncIndex is 563, end time is 1620718213.3025792
INFO:__main__:used memory: -2 M
INFO:__main__:FuncIndex is 563, time overhead is 0.07567644119262695
INFO:__main__:FuncIndex is 564, start time is 1620718213.3034015
INFO:__main__:FuncIndex is 564, end time is 1620718213.3396692
INFO:__main__:used memory: 0 M
INFO:__main__:FuncIndex is 564, time overhead is 0.036267757415771484
INFO:__main__:FuncIndex is 565, start time is 1620718213.3403897
INFO:__main__:FuncIndex is 565, end time is 1620718213.3731527
INFO:__main__:used memory: 1 M
INFO:__main__:FuncIndex is 565, time overhead is 0.032763004302978516
INFO:__main__:FuncIndex is 566, start time is 1620718213.373866
INFO:__main__:[exception] used memory: 1 M
INFO:__main__:[exception] FuncIndex is 566, time overhead is 10.000122785568237
INFO:__main__:FuncIndex is 567, start time is 1620718223.3862128
INFO:__main__:FuncIndex is 567, end time is 1620718223.4335845
INFO:__main__:used memory: -2 M
INFO:__main__:FuncIndex is 567, time overhead is 0.047371625900268555
INFO:__main__:FuncIndex is 568, start time is 1620718223.434287
INFO:__main__:FuncIndex is 568, end time is 1620718223.482347
INFO:__main__:used memory: 0 M
INFO:__main__:FuncIndex is 568, time overhead is 0.048059940338134766
INFO:__main__:FuncIndex is 569, start time is 1620718223.4830256
INFO:__main__:[exception] used memory: 0 M
INFO:__main__:[exception] FuncIndex is 569, time overhead is 0.5354471206665039
INFO:__main__:FuncIndex is 570, start time is 1620718224.0213509
INFO:__main__:FuncIndex is 570, end time is 1620718224.0743997
INFO:__main__:used memory: 0 M
INFO:__main__:FuncIndex is 570, time overhead is 0.05304884910583496
INFO:__main__:FuncIndex is 571, start time is 1620718224.0771086
INFO:__main__:FuncIndex is 571, end time is 1620718224.1270757
INFO:__main__:used memory: 0 M
INFO:__main__:FuncIndex is 571, time overhead is 0.049967050552368164
INFO:__main__:FuncIndex is 572, start time is 1620718224.1278079
INFO:__main__:FuncIndex is 572, end time is 1620718224.1635098
INFO:__main__:used memory: -1 M
INFO:__main__:FuncIndex is 572, time overhead is 0.03570199012756348
INFO:__main__:FuncIndex is 573, start time is 1620718224.1641974
INFO:__main__:FuncIndex is 573, end time is 1620718224.2833786
INFO:__main__:used memory: 0 M
INFO:__main__:FuncIndex is 573, time overhead is 0.11918115615844727
INFO:__main__:FuncIndex is 574, start time is 1620718224.286781
INFO:__main__:FuncIndex is 574, end time is 1620718224.3248754
INFO:__main__:used memory: 1 M
INFO:__main__:FuncIndex is 574, time overhead is 0.038094282150268555
INFO:__main__:FuncIndex is 575, start time is 1620718224.3279657
INFO:__main__:FuncIndex is 575, end time is 1620718224.39746
INFO:__main__:used memory: -1 M
INFO:__main__:FuncIndex is 575, time overhead is 0.06949424743652344
INFO:__main__:FuncIndex is 576, start time is 1620718224.3981001
INFO:__main__:FuncIndex is 576, end time is 1620718250.0214891
INFO:__main__:used memory: 0 M
INFO:__main__:FuncIndex is 576, time overhead is 25.62338900566101
INFO:__main__:FuncIndex is 577, start time is 1620718250.022221
INFO:__main__:FuncIndex is 577, end time is 1620718250.0514355
INFO:__main__:used memory: 1 M
INFO:__main__:FuncIndex is 577, time overhead is 0.02921438217163086
INFO:__main__:FuncIndex is 578, start time is 1620718250.0521498
INFO:__main__:FuncIndex is 578, end time is 1620718250.25854
INFO:__main__:used memory: -1 M
INFO:__main__:FuncIndex is 578, time overhead is 0.2063901424407959
INFO:__main__:FuncIndex is 579, start time is 1620718250.2592869
INFO:__main__:FuncIndex is 579, end time is 1620718250.3479896
INFO:__main__:used memory: 0 M
INFO:__main__:FuncIndex is 579, time overhead is 0.08870267868041992
INFO:__main__:FuncIndex is 580, start time is 1620718250.3506377
INFO:__main__:FuncIndex is 580, end time is 1620718250.414329
INFO:__main__:used memory: 0 M
INFO:__main__:FuncIndex is 580, time overhead is 0.06369137763977051
INFO:__main__:FuncIndex is 581, start time is 1620718250.4149535
INFO:__main__:FuncIndex is 581, end time is 1620718250.4663522
INFO:__main__:used memory: 0 M
INFO:__main__:FuncIndex is 581, time overhead is 0.05139875411987305
INFO:__main__:FuncIndex is 582, start time is 1620718250.4691188
INFO:__main__:FuncIndex is 582, end time is 1620718250.6245391
INFO:__main__:used memory: 1 M
INFO:__main__:FuncIndex is 582, time overhead is 0.15542030334472656
INFO:__main__:FuncIndex is 583, start time is 1620718250.6276777
INFO:__main__:FuncIndex is 583, end time is 1620718250.840764
INFO:__main__:used memory: -1 M
INFO:__main__:FuncIndex is 583, time overhead is 0.21308636665344238
INFO:__main__:FuncIndex is 584, start time is 1620718250.8434753
INFO:__main__:FuncIndex is 584, end time is 1620718250.8881161
INFO:__main__:used memory: 1 M
INFO:__main__:FuncIndex is 584, time overhead is 0.04464077949523926
INFO:__main__:FuncIndex is 585, start time is 1620718250.891144
INFO:__main__:FuncIndex is 585, end time is 1620718250.923498
INFO:__main__:used memory: 0 M
INFO:__main__:FuncIndex is 585, time overhead is 0.032353878021240234
INFO:__main__:FuncIndex is 586, start time is 1620718250.924208
INFO:__main__:FuncIndex is 586, end time is 1620718251.4778757
INFO:__main__:used memory: -2 M
INFO:__main__:FuncIndex is 586, time overhead is 0.5536677837371826
INFO:__main__:FuncIndex is 587, start time is 1620718251.4805481
INFO:root:
INFO:root:
INFO:__main__:FuncIndex is 587, end time is 1620718251.627384
INFO:__main__:used memory: 0 M
INFO:__main__:FuncIndex is 587, time overhead is 0.1468358039855957
INFO:__main__:FuncIndex is 588, start time is 1620718251.630413
INFO:__main__:FuncIndex is 588, end time is 1620718251.6737094
INFO:__main__:used memory: 1 M
INFO:__main__:FuncIndex is 588, time overhead is 0.04329633712768555
INFO:__main__:FuncIndex is 589, start time is 1620718251.6765516
INFO:__main__:FuncIndex is 589, end time is 1620718256.602373
INFO:__main__:used memory: -1 M
INFO:__main__:FuncIndex is 589, time overhead is 4.925821304321289
INFO:__main__:FuncIndex is 590, start time is 1620718256.6049294
INFO:__main__:FuncIndex is 590, end time is 1620718257.5327196
INFO:__main__:used memory: 0 M
INFO:__main__:FuncIndex is 590, time overhead is 0.9277901649475098
INFO:__main__:FuncIndex is 591, start time is 1620718257.5356326
INFO:__main__:FuncIndex is 591, end time is 1620718257.6497998
INFO:__main__:used memory: 0 M
INFO:__main__:FuncIndex is 591, time overhead is 0.1141672134399414
INFO:__main__:FuncIndex is 592, start time is 1620718257.6522715
INFO:__main__:[exception] used memory: 0 M
INFO:__main__:[exception] FuncIndex is 592, time overhead is 0.02779078483581543
INFO:__main__:FuncIndex is 593, start time is 1620718257.6804602
INFO:__main__:FuncIndex is 593, end time is 1620718257.738282
INFO:__main__:used memory: 1 M
INFO:__main__:FuncIndex is 593, time overhead is 0.05782175064086914
INFO:__main__:FuncIndex is 594, start time is 1620718257.738904
INFO:__main__:FuncIndex is 594, end time is 1620718257.7953227
INFO:__main__:used memory: -1 M
INFO:__main__:FuncIndex is 594, time overhead is 0.056418657302856445
INFO:__main__:FuncIndex is 595, start time is 1620718257.7959669
INFO:__main__:FuncIndex is 595, end time is 1620718257.8327887
INFO:__main__:used memory: 0 M
INFO:__main__:FuncIndex is 595, time overhead is 0.036821842193603516
INFO:__main__:FuncIndex is 596, start time is 1620718257.8335202
INFO:__main__:FuncIndex is 596, end time is 1620718257.8734765
INFO:__main__:used memory: 0 M
INFO:__main__:FuncIndex is 596, time overhead is 0.03995633125305176
INFO:__main__:FuncIndex is 597, start time is 1620718257.8764124
INFO:__main__:FuncIndex is 597, end time is 1620718257.915104
INFO:__main__:used memory: 1 M
INFO:__main__:FuncIndex is 597, time overhead is 0.03869152069091797
INFO:__main__:FuncIndex is 598, start time is 1620718257.9180756
INFO:__main__:[exception] used memory: 0 M
INFO:__main__:[exception] FuncIndex is 598, time overhead is 0.0017316341400146484
INFO:__main__:FuncIndex is 599, start time is 1620718257.9201598
INFO:root:b'Sorts (_ BitVec 256) and (_ BitVec 32) are incompatible'
INFO:__main__:FuncIndex is 599, end time is 1620718257.9530337
INFO:__main__:used memory: 0 M
INFO:__main__:FuncIndex is 599, time overhead is 0.03287386894226074
INFO:__main__:FuncIndex is 600, start time is 1620718257.9537458
INFO:__main__:FuncIndex is 600, end time is 1620718260.0482795
INFO:__main__:used memory: -1 M
INFO:__main__:FuncIndex is 600, time overhead is 2.094533681869507
INFO:__main__:FuncIndex is 601, start time is 1620718260.0514648
INFO:__main__:FuncIndex is 601, end time is 1620718260.1155748
INFO:__main__:used memory: 1 M
INFO:__main__:FuncIndex is 601, time overhead is 0.06411004066467285
INFO:__main__:FuncIndex is 602, start time is 1620718260.1164072
INFO:__main__:FuncIndex is 602, end time is 1620718260.2117488
INFO:__main__:used memory: 1 M
INFO:__main__:FuncIndex is 602, time overhead is 0.09534168243408203
INFO:__main__:FuncIndex is 603, start time is 1620718260.2123718
INFO:__main__:FuncIndex is 603, end time is 1620718260.2714088
INFO:__main__:used memory: -1 M
INFO:__main__:FuncIndex is 603, time overhead is 0.059036970138549805
INFO:__main__:FuncIndex is 604, start time is 1620718260.2719665
INFO:__main__:FuncIndex is 604, end time is 1620718261.7143989
INFO:__main__:used memory: -1 M
INFO:__main__:FuncIndex is 604, time overhead is 1.4424324035644531
INFO:__main__:FuncIndex is 605, start time is 1620718261.7174447
INFO:__main__:[exception] used memory: 0 M
INFO:__main__:[exception] FuncIndex is 605, time overhead is 0.001500844955444336
INFO:__main__:FuncIndex is 606, start time is 1620718261.719306
INFO:__main__:FuncIndex is 606, end time is 1620718261.7915294
INFO:__main__:used memory: 0 M
INFO:__main__:FuncIndex is 606, time overhead is 0.07222342491149902
INFO:__main__:FuncIndex is 607, start time is 1620718261.7922099
INFO:__main__:FuncIndex is 607, end time is 1620718261.8646836
INFO:__main__:used memory: 0 M
INFO:__main__:FuncIndex is 607, time overhead is 0.07247376441955566
INFO:__main__:FuncIndex is 608, start time is 1620718261.8654377
INFO:__main__:FuncIndex is 608, end time is 1620718261.9199452
INFO:__main__:used memory: 2 M
INFO:__main__:FuncIndex is 608, time overhead is 0.05450749397277832
INFO:__main__:FuncIndex is 609, start time is 1620718261.9206653
INFO:__main__:FuncIndex is 609, end time is 1620718261.9583144
INFO:__main__:used memory: 0 M
INFO:__main__:FuncIndex is 609, time overhead is 0.03764915466308594
INFO:__main__:FuncIndex is 610, start time is 1620718261.9620347
INFO:__main__:[exception] used memory: 0 M
INFO:__main__:[exception] FuncIndex is 610, time overhead is 0.12419867515563965
INFO:__main__:FuncIndex is 611, start time is 1620718262.088963
INFO:__main__:FuncIndex is 611, end time is 1620718262.1700795
INFO:__main__:used memory: 0 M
INFO:__main__:FuncIndex is 611, time overhead is 0.0811164379119873
INFO:__main__:FuncIndex is 612, start time is 1620718262.1728272
INFO:__main__:FuncIndex is 612, end time is 1620718263.135947
INFO:__main__:used memory: -1 M
INFO:__main__:FuncIndex is 612, time overhead is 0.9631197452545166
INFO:__main__:FuncIndex is 613, start time is 1620718263.1385052
INFO:__main__:FuncIndex is 613, end time is 1620718263.6535788
INFO:__main__:used memory: -1 M
INFO:__main__:FuncIndex is 613, time overhead is 0.5150735378265381
INFO:__main__:FuncIndex is 614, start time is 1620718263.65647
INFO:__main__:FuncIndex is 614, end time is 1620718264.52843
INFO:__main__:used memory: 0 M
INFO:__main__:FuncIndex is 614, time overhead is 0.871959924697876
INFO:__main__:FuncIndex is 615, start time is 1620718264.5312862
INFO:__main__:FuncIndex is 615, end time is 1620718265.0300746
INFO:__main__:used memory: -1 M
INFO:__main__:FuncIndex is 615, time overhead is 0.49878835678100586
INFO:__main__:FuncIndex is 616, start time is 1620718265.0326908
INFO:__main__:FuncIndex is 616, end time is 1620718265.1113384
INFO:__main__:used memory: 1 M
INFO:__main__:FuncIndex is 616, time overhead is 0.07864761352539062
INFO:__main__:FuncIndex is 617, start time is 1620718265.114173
INFO:__main__:FuncIndex is 617, end time is 1620718331.3658016
INFO:__main__:used memory: 10 M
INFO:__main__:FuncIndex is 617, time overhead is 66.25162863731384
INFO:__main__:FuncIndex is 618, start time is 1620718331.3684964
INFO:__main__:FuncIndex is 618, end time is 1620718353.779025
INFO:__main__:used memory: 9 M
INFO:__main__:FuncIndex is 618, time overhead is 22.410528659820557
INFO:__main__:FuncIndex is 619, start time is 1620718353.7814825
INFO:root:Timed out!
INFO:__main__:FuncIndex is 619, end time is 1620718364.166137
INFO:__main__:used memory: -6 M
INFO:__main__:FuncIndex is 619, time overhead is 10.384654521942139
INFO:__main__:FuncIndex is 620, start time is 1620718364.167036
INFO:__main__:FuncIndex is 620, end time is 1620718364.275848
INFO:__main__:used memory: -2 M
INFO:__main__:FuncIndex is 620, time overhead is 0.10881185531616211
INFO:__main__:FuncIndex is 621, start time is 1620718364.2784927
INFO:root:unsupport call_indirect now
INFO:root:unsupport call_indirect now
INFO:__main__:FuncIndex is 621, end time is 1620718364.4311676
INFO:__main__:used memory: 0 M
INFO:__main__:FuncIndex is 621, time overhead is 0.15267491340637207
INFO:__main__:FuncIndex is 622, start time is 1620718364.433938
INFO:__main__:FuncIndex is 622, end time is 1620718364.475986
INFO:__main__:used memory: 1 M
INFO:__main__:FuncIndex is 622, time overhead is 0.042047977447509766
INFO:__main__:FuncIndex is 623, start time is 1620718364.4766796
INFO:root:unsupport call_indirect now
INFO:root:unsupport call_indirect now
INFO:__main__:FuncIndex is 623, end time is 1620718364.6348715
INFO:__main__:used memory: -1 M
INFO:__main__:FuncIndex is 623, time overhead is 0.15819191932678223
INFO:__main__:FuncIndex is 624, start time is 1620718364.6381617
INFO:__main__:FuncIndex is 624, end time is 1620718364.6810606
INFO:__main__:used memory: 1 M
INFO:__main__:FuncIndex is 624, time overhead is 0.04289889335632324
INFO:__main__:FuncIndex is 625, start time is 1620718364.6817753
INFO:__main__:FuncIndex is 625, end time is 1620718365.528069
INFO:__main__:used memory: -5 M
INFO:__main__:FuncIndex is 625, time overhead is 0.8462936878204346
INFO:__main__:FuncIndex is 626, start time is 1620718365.5304632
INFO:__main__:FuncIndex is 626, end time is 1620718365.5685327
INFO:__main__:used memory: 1 M
INFO:__main__:FuncIndex is 626, time overhead is 0.03806948661804199
INFO:__main__:FuncIndex is 627, start time is 1620718365.5692868
INFO:__main__:FuncIndex is 627, end time is 1620718365.6109784
INFO:__main__:used memory: 0 M
INFO:__main__:FuncIndex is 627, time overhead is 0.04169154167175293
INFO:__main__:FuncIndex is 628, start time is 1620718365.6117005
INFO:root:unsupport call_indirect now
INFO:root:unsupport call_indirect now
INFO:root:unsupport call_indirect now
INFO:root:unsupport call_indirect now
INFO:root:unsupport call_indirect now
INFO:root:unsupport call_indirect now
INFO:root:unsupport call_indirect now
INFO:root:unsupport call_indirect now
INFO:root:unsupport call_indirect now
INFO:root:unsupport call_indirect now
INFO:root:unsupport call_indirect now
INFO:root:unsupport call_indirect now
INFO:root:unsupport call_indirect now
INFO:root:unsupport call_indirect now
INFO:root:unsupport call_indirect now
INFO:root:unsupport call_indirect now
INFO:root:unsupport call_indirect now
INFO:root:unsupport call_indirect now
INFO:root:unsupport call_indirect now
INFO:root:unsupport call_indirect now
INFO:root:unsupport call_indirect now
INFO:root:unsupport call_indirect now
INFO:root:unsupport call_indirect now
INFO:root:unsupport call_indirect now
INFO:root:unsupport call_indirect now
INFO:root:Timed out!
INFO:root:unsupport call_indirect now
INFO:root:unsupport call_indirect now
INFO:root:unsupport call_indirect now
INFO:root:unsupport call_indirect now
INFO:root:unsupport call_indirect now
INFO:root:unsupport call_indirect now
INFO:__main__:FuncIndex is 628, end time is 1620718466.9598103
INFO:__main__:used memory: 395 M
INFO:__main__:FuncIndex is 628, time overhead is 101.34810972213745
INFO:__main__:FuncIndex is 629, start time is 1620718466.9631186
INFO:root:unsupport call_indirect now
INFO:root:unsupport call_indirect now
INFO:root:unsupport call_indirect now
INFO:root:unsupport call_indirect now
INFO:root:unsupport call_indirect now
INFO:root:unsupport call_indirect now
INFO:root:unsupport call_indirect now
INFO:root:unsupport call_indirect now
INFO:root:unsupport call_indirect now
INFO:root:unsupport call_indirect now
INFO:root:unsupport call_indirect now
INFO:root:unsupport call_indirect now
INFO:root:unsupport call_indirect now
INFO:root:unsupport call_indirect now
INFO:root:unsupport call_indirect now
INFO:root:unsupport call_indirect now
Exception ignored in: <bound method AstRef.__del__ of bv>
Traceback (most recent call last):
  File "/home/yangzq18/.local/lib/python3.6/site-packages/z3/z3.py", line 314, in __del__
    Z3_dec_ref(self.ctx.ref(), self.as_ast())
  File "/home/yangzq18/.local/lib/python3.6/site-packages/z3/z3.py", line 669, in as_ast
    return Z3_func_decl_to_ast(self.ctx_ref(), self.ast)
  File "/home/yangzq18/.local/lib/python3.6/site-packages/z3/z3core.py", line 2667, in Z3_func_decl_to_ast
    r = _elems.f(a0, a1)
ctypes.ArgumentError: argument 2: <class 'Exception'>: Timed out!
INFO:root:unsupport call_indirect now
INFO:root:unsupport call_indirect now
INFO:root:unsupport call_indirect now
INFO:root:unsupport call_indirect now
INFO:root:unsupport call_indirect now
INFO:root:unsupport call_indirect now
INFO:root:unsupport call_indirect now
INFO:root:unsupport call_indirect now
INFO:root:unsupport call_indirect now
INFO:root:unsupport call_indirect now
INFO:root:unsupport call_indirect now
INFO:root:unsupport call_indirect now
INFO:root:unsupport call_indirect now
INFO:root:unsupport call_indirect now
INFO:root:unsupport call_indirect now
INFO:root:unsupport call_indirect now
INFO:__main__:FuncIndex is 629, end time is 1620718606.5421233
INFO:__main__:used memory: 27 M
INFO:__main__:FuncIndex is 629, time overhead is 139.57900476455688
INFO:__main__:FuncIndex is 630, start time is 1620718606.546524
INFO:__main__:FuncIndex is 630, end time is 1620718607.6001236
INFO:__main__:used memory: 12 M
INFO:__main__:FuncIndex is 630, time overhead is 1.0535995960235596
INFO:__main__:FuncIndex is 631, start time is 1620718607.6042726
INFO:__main__:FuncIndex is 631, end time is 1620718608.1697776
INFO:__main__:used memory: -1 M
INFO:__main__:FuncIndex is 631, time overhead is 0.5655050277709961
INFO:__main__:FuncIndex is 632, start time is 1620718608.1740134
INFO:__main__:[exception] used memory: 0 M
INFO:__main__:[exception] FuncIndex is 632, time overhead is 0.0009267330169677734
INFO:__main__:FuncIndex is 633, start time is 1620718608.1752253
INFO:__main__:FuncIndex is 633, end time is 1620718608.8715308
INFO:__main__:used memory: 11 M
INFO:__main__:FuncIndex is 633, time overhead is 0.696305513381958
INFO:__main__:FuncIndex is 634, start time is 1620718608.87493
INFO:__main__:FuncIndex is 634, end time is 1620718611.1401875
INFO:__main__:used memory: 11 M
INFO:__main__:FuncIndex is 634, time overhead is 2.2652575969696045
INFO:__main__:FuncIndex is 635, start time is 1620718611.1443849
INFO:__main__:FuncIndex is 635, end time is 1620718631.0300393
INFO:__main__:used memory: -374 M
INFO:__main__:FuncIndex is 635, time overhead is 19.88565444946289
INFO:__main__:FuncIndex is 636, start time is 1620718631.0328312
INFO:__main__:FuncIndex is 636, end time is 1620718637.6282327
INFO:__main__:used memory: -14 M
INFO:__main__:FuncIndex is 636, time overhead is 6.5954015254974365
INFO:__main__:FuncIndex is 637, start time is 1620718637.6317823
INFO:__main__:FuncIndex is 637, end time is 1620718640.2445986
INFO:__main__:used memory: -4 M
INFO:__main__:FuncIndex is 637, time overhead is 2.612816333770752
INFO:__main__:FuncIndex is 638, start time is 1620718640.2482975
INFO:root:Timed out!
INFO:__main__:FuncIndex is 638, end time is 1620718657.9429226
INFO:__main__:used memory: 0 M
INFO:__main__:FuncIndex is 638, time overhead is 17.69462513923645
INFO:__main__:FuncIndex is 639, start time is 1620718657.9466708
INFO:__main__:FuncIndex is 639, end time is 1620718662.1763275
INFO:__main__:used memory: 0 M
INFO:__main__:FuncIndex is 639, time overhead is 4.22965669631958
INFO:__main__:FuncIndex is 640, start time is 1620718662.179203
INFO:__main__:FuncIndex is 640, end time is 1620718662.2143462
INFO:__main__:used memory: 1 M
INFO:__main__:FuncIndex is 640, time overhead is 0.035143136978149414
INFO:__main__:FuncIndex is 641, start time is 1620718662.2150612
INFO:__main__:FuncIndex is 641, end time is 1620718662.2559345
INFO:__main__:used memory: 0 M
INFO:__main__:FuncIndex is 641, time overhead is 0.04087328910827637
INFO:__main__:FuncIndex is 642, start time is 1620718662.2566476
INFO:__main__:FuncIndex is 642, end time is 1620718662.2947528
INFO:__main__:used memory: 0 M
INFO:__main__:FuncIndex is 642, time overhead is 0.03810524940490723
INFO:__main__:FuncIndex is 643, start time is 1620718662.295489
INFO:__main__:FuncIndex is 643, end time is 1620718662.3350294
INFO:__main__:used memory: 0 M
INFO:__main__:FuncIndex is 643, time overhead is 0.03954029083251953
INFO:__main__:FuncIndex is 644, start time is 1620718662.3357663
INFO:__main__:FuncIndex is 644, end time is 1620718662.3760612
INFO:__main__:used memory: 0 M
INFO:__main__:FuncIndex is 644, time overhead is 0.04029488563537598
INFO:__main__:FuncIndex is 645, start time is 1620718662.3768287
INFO:__main__:FuncIndex is 645, end time is 1620718662.4170449
INFO:__main__:used memory: 0 M
INFO:__main__:FuncIndex is 645, time overhead is 0.04021620750427246
INFO:__main__:FuncIndex is 646, start time is 1620718662.4178214
INFO:__main__:FuncIndex is 646, end time is 1620718662.45464
INFO:__main__:used memory: 1 M
INFO:__main__:FuncIndex is 646, time overhead is 0.036818504333496094
INFO:__main__:FuncIndex is 647, start time is 1620718662.4553268
INFO:__main__:FuncIndex is 647, end time is 1620718662.492036
INFO:__main__:used memory: -1 M
INFO:__main__:FuncIndex is 647, time overhead is 0.03670930862426758
INFO:__main__:FuncIndex is 648, start time is 1620718662.4928675
INFO:__main__:FuncIndex is 648, end time is 1620718662.5286708
INFO:__main__:used memory: -1 M
INFO:__main__:FuncIndex is 648, time overhead is 0.03580331802368164
INFO:__main__:FuncIndex is 649, start time is 1620718662.5294795
INFO:__main__:FuncIndex is 649, end time is 1620718662.5653226
INFO:__main__:used memory: 1 M
INFO:__main__:FuncIndex is 649, time overhead is 0.0358431339263916
INFO:__main__:FuncIndex is 650, start time is 1620718662.56602
INFO:__main__:FuncIndex is 650, end time is 1620718662.599905
INFO:__main__:used memory: -1 M
INFO:__main__:FuncIndex is 650, time overhead is 0.03388500213623047
INFO:__main__:FuncIndex is 651, start time is 1620718662.6006513
INFO:__main__:FuncIndex is 651, end time is 1620718662.635312
INFO:__main__:used memory: 2 M
INFO:__main__:FuncIndex is 651, time overhead is 0.03466081619262695
INFO:__main__:FuncIndex is 652, start time is 1620718662.6360257
INFO:__main__:FuncIndex is 652, end time is 1620718662.671128
INFO:__main__:used memory: -2 M
INFO:__main__:FuncIndex is 652, time overhead is 0.03510236740112305
INFO:__main__:FuncIndex is 653, start time is 1620718662.6718378
INFO:__main__:FuncIndex is 653, end time is 1620718662.70709
INFO:__main__:used memory: 1 M
INFO:__main__:FuncIndex is 653, time overhead is 0.03525209426879883
INFO:__main__:FuncIndex is 654, start time is 1620718662.7079334
INFO:__main__:FuncIndex is 654, end time is 1620718662.7519627
INFO:__main__:used memory: -1 M
INFO:__main__:FuncIndex is 654, time overhead is 0.04402923583984375
INFO:__main__:FuncIndex is 655, start time is 1620718662.7528982
INFO:__main__:FuncIndex is 655, end time is 1620718662.7942593
INFO:__main__:used memory: 0 M
INFO:__main__:FuncIndex is 655, time overhead is 0.041361093521118164
INFO:__main__:FuncIndex is 656, start time is 1620718662.7950552
INFO:__main__:FuncIndex is 656, end time is 1620718662.8333297
INFO:__main__:used memory: 1 M
INFO:__main__:FuncIndex is 656, time overhead is 0.038274526596069336
INFO:__main__:FuncIndex is 657, start time is 1620718662.834033
INFO:__main__:FuncIndex is 657, end time is 1620718662.8693697
INFO:__main__:used memory: -1 M
INFO:__main__:FuncIndex is 657, time overhead is 0.03533673286437988
INFO:__main__:FuncIndex is 658, start time is 1620718662.8700876
INFO:__main__:FuncIndex is 658, end time is 1620718662.9045076
INFO:__main__:used memory: 0 M
INFO:__main__:FuncIndex is 658, time overhead is 0.034420013427734375
INFO:__main__:FuncIndex is 659, start time is 1620718662.905274
INFO:__main__:FuncIndex is 659, end time is 1620718662.9397986
INFO:__main__:used memory: 2 M
INFO:__main__:FuncIndex is 659, time overhead is 0.03452467918395996
INFO:__main__:FuncIndex is 660, start time is 1620718662.9404953
INFO:__main__:FuncIndex is 660, end time is 1620718662.9746373
INFO:__main__:used memory: -1 M
INFO:__main__:FuncIndex is 660, time overhead is 0.03414201736450195
INFO:__main__:FuncIndex is 661, start time is 1620718662.975401
INFO:__main__:FuncIndex is 661, end time is 1620718663.0136986
INFO:__main__:used memory: -1 M
INFO:__main__:FuncIndex is 661, time overhead is 0.03829765319824219
INFO:__main__:FuncIndex is 662, start time is 1620718663.0146208
INFO:__main__:FuncIndex is 662, end time is 1620718663.055138
INFO:__main__:used memory: 0 M
INFO:__main__:FuncIndex is 662, time overhead is 0.040517330169677734
INFO:__main__:FuncIndex is 663, start time is 1620718663.0558677
INFO:__main__:FuncIndex is 663, end time is 1620718663.0947804
INFO:__main__:used memory: 0 M
INFO:__main__:FuncIndex is 663, time overhead is 0.03891277313232422
INFO:__main__:FuncIndex is 664, start time is 1620718663.095488
INFO:__main__:FuncIndex is 664, end time is 1620718663.1334648
INFO:__main__:used memory: 0 M
INFO:__main__:FuncIndex is 664, time overhead is 0.037976741790771484
INFO:__main__:FuncIndex is 665, start time is 1620718663.1347873
INFO:__main__:FuncIndex is 665, end time is 1620718663.1712744
INFO:__main__:used memory: 2 M
INFO:__main__:FuncIndex is 665, time overhead is 0.03648710250854492
INFO:__main__:FuncIndex is 666, start time is 1620718663.1719818
INFO:__main__:FuncIndex is 666, end time is 1620718663.2077906
INFO:__main__:used memory: -2 M
INFO:__main__:FuncIndex is 666, time overhead is 0.03580880165100098
INFO:__main__:FuncIndex is 667, start time is 1620718663.208483
INFO:__main__:FuncIndex is 667, end time is 1620718663.2441294
INFO:__main__:used memory: 2 M
INFO:__main__:FuncIndex is 667, time overhead is 0.03564643859863281
INFO:__main__:FuncIndex is 668, start time is 1620718663.244916
INFO:__main__:FuncIndex is 668, end time is 1620718663.278982
INFO:__main__:used memory: -2 M
INFO:__main__:FuncIndex is 668, time overhead is 0.034065961837768555
INFO:__main__:FuncIndex is 669, start time is 1620718663.2801874
INFO:__main__:FuncIndex is 669, end time is 1620718663.3155901
INFO:__main__:used memory: 2 M
INFO:__main__:FuncIndex is 669, time overhead is 0.035402774810791016
INFO:__main__:FuncIndex is 670, start time is 1620718663.3164556
INFO:__main__:FuncIndex is 670, end time is 1620718663.3503819
INFO:__main__:used memory: -1 M
INFO:__main__:FuncIndex is 670, time overhead is 0.03392624855041504
INFO:__main__:FuncIndex is 671, start time is 1620718663.351112
INFO:__main__:FuncIndex is 671, end time is 1620718663.3864274
INFO:__main__:used memory: 0 M
INFO:__main__:FuncIndex is 671, time overhead is 0.035315513610839844
INFO:__main__:FuncIndex is 672, start time is 1620718663.3871222
INFO:__main__:FuncIndex is 672, end time is 1620718663.4217985
INFO:__main__:used memory: 0 M
INFO:__main__:FuncIndex is 672, time overhead is 0.034676313400268555
INFO:__main__:FuncIndex is 673, start time is 1620718663.4225502
INFO:__main__:FuncIndex is 673, end time is 1620718663.4575636
INFO:__main__:used memory: 0 M
INFO:__main__:FuncIndex is 673, time overhead is 0.035013437271118164
INFO:__main__:FuncIndex is 674, start time is 1620718663.4583304
INFO:__main__:FuncIndex is 674, end time is 1620718663.4958098
INFO:__main__:used memory: 1 M
INFO:__main__:FuncIndex is 674, time overhead is 0.037479400634765625
INFO:__main__:FuncIndex is 675, start time is 1620718663.4965549
INFO:__main__:FuncIndex is 675, end time is 1620718663.5332098
INFO:__main__:used memory: -1 M
INFO:__main__:FuncIndex is 675, time overhead is 0.03665494918823242
INFO:__main__:FuncIndex is 676, start time is 1620718663.533984
INFO:__main__:FuncIndex is 676, end time is 1620718663.5696895
INFO:__main__:used memory: -1 M
INFO:__main__:FuncIndex is 676, time overhead is 0.03570556640625
INFO:__main__:FuncIndex is 677, start time is 1620718663.570508
INFO:__main__:FuncIndex is 677, end time is 1620718663.6056216
INFO:__main__:used memory: 0 M
INFO:__main__:FuncIndex is 677, time overhead is 0.03511357307434082
INFO:__main__:FuncIndex is 678, start time is 1620718663.60634
INFO:__main__:FuncIndex is 678, end time is 1620718663.6426356
INFO:__main__:used memory: 0 M
INFO:__main__:FuncIndex is 678, time overhead is 0.03629565238952637
INFO:__main__:FuncIndex is 679, start time is 1620718663.643385
INFO:root:unsupport call_indirect now
INFO:root:unsupport call_indirect now
INFO:root:unsupport call_indirect now
INFO:__main__:FuncIndex is 679, end time is 1620718663.74631
INFO:__main__:used memory: 1 M
INFO:__main__:FuncIndex is 679, time overhead is 0.10292506217956543
INFO:__main__:FuncIndex is 680, start time is 1620718663.7508147
INFO:__main__:FuncIndex is 680, end time is 1620718663.7894852
INFO:__main__:used memory: 0 M
INFO:__main__:FuncIndex is 680, time overhead is 0.03867053985595703
INFO:__main__:FuncIndex is 681, start time is 1620718663.7902021
INFO:__main__:FuncIndex is 681, end time is 1620718663.828449
INFO:__main__:used memory: -1 M
INFO:__main__:FuncIndex is 681, time overhead is 0.038246870040893555
INFO:__main__:FuncIndex is 682, start time is 1620718663.8293166
INFO:__main__:FuncIndex is 682, end time is 1620718663.868485
INFO:__main__:used memory: 0 M
INFO:__main__:FuncIndex is 682, time overhead is 0.039168357849121094
INFO:__main__:FuncIndex is 683, start time is 1620718663.8693628
INFO:__main__:FuncIndex is 683, end time is 1620718663.90785
INFO:__main__:used memory: 1 M
INFO:__main__:FuncIndex is 683, time overhead is 0.03848719596862793
INFO:__main__:FuncIndex is 684, start time is 1620718663.9086108
INFO:__main__:FuncIndex is 684, end time is 1620718663.9431772
INFO:__main__:used memory: 0 M
INFO:__main__:FuncIndex is 684, time overhead is 0.034566402435302734
INFO:__main__:FuncIndex is 685, start time is 1620718663.9439032
INFO:__main__:FuncIndex is 685, end time is 1620718663.9784825
INFO:__main__:used memory: 0 M
INFO:__main__:FuncIndex is 685, time overhead is 0.03457927703857422
INFO:__main__:FuncIndex is 686, start time is 1620718663.979209
INFO:__main__:FuncIndex is 686, end time is 1620718664.0156622
INFO:__main__:used memory: 0 M
INFO:__main__:FuncIndex is 686, time overhead is 0.0364532470703125
INFO:__main__:FuncIndex is 687, start time is 1620718664.0163655
INFO:__main__:FuncIndex is 687, end time is 1620718664.052841
INFO:__main__:used memory: 0 M
INFO:__main__:FuncIndex is 687, time overhead is 0.036475419998168945
INFO:__main__:FuncIndex is 688, start time is 1620718664.0536356
INFO:__main__:FuncIndex is 688, end time is 1620718664.0911064
INFO:__main__:used memory: 1 M
INFO:__main__:FuncIndex is 688, time overhead is 0.03747081756591797
INFO:__main__:FuncIndex is 689, start time is 1620718664.0918415
INFO:__main__:FuncIndex is 689, end time is 1620718664.130077
INFO:__main__:used memory: -1 M
INFO:__main__:FuncIndex is 689, time overhead is 0.03823542594909668
INFO:__main__:FuncIndex is 690, start time is 1620718664.1308353
INFO:__main__:FuncIndex is 690, end time is 1620718664.1693945
INFO:__main__:used memory: 1 M
INFO:__main__:FuncIndex is 690, time overhead is 0.0385591983795166
INFO:__main__:FuncIndex is 691, start time is 1620718664.170135
INFO:__main__:FuncIndex is 691, end time is 1620718664.2081816
INFO:__main__:used memory: -2 M
INFO:__main__:FuncIndex is 691, time overhead is 0.03804659843444824
INFO:__main__:FuncIndex is 692, start time is 1620718664.2095087
INFO:__main__:FuncIndex is 692, end time is 1620718664.2458642
INFO:__main__:used memory: 2 M
INFO:__main__:FuncIndex is 692, time overhead is 0.03635549545288086
INFO:__main__:FuncIndex is 693, start time is 1620718664.246586
INFO:__main__:FuncIndex is 693, end time is 1620718664.2816868
INFO:__main__:used memory: -1 M
INFO:__main__:FuncIndex is 693, time overhead is 0.035100698471069336
INFO:__main__:FuncIndex is 694, start time is 1620718664.2824216
INFO:__main__:FuncIndex is 694, end time is 1620718664.318077
INFO:__main__:used memory: -1 M
INFO:__main__:FuncIndex is 694, time overhead is 0.03565549850463867
INFO:__main__:FuncIndex is 695, start time is 1620718664.3187783
INFO:__main__:FuncIndex is 695, end time is 1620718664.3544285
INFO:__main__:used memory: 2 M
INFO:__main__:FuncIndex is 695, time overhead is 0.03565025329589844
INFO:__main__:FuncIndex is 696, start time is 1620718664.3551831
INFO:__main__:FuncIndex is 696, end time is 1620718664.3898091
INFO:__main__:used memory: -2 M
INFO:__main__:FuncIndex is 696, time overhead is 0.034626007080078125
INFO:__main__:FuncIndex is 697, start time is 1620718664.3905423
INFO:__main__:FuncIndex is 697, end time is 1620718664.4245534
INFO:__main__:used memory: 0 M
INFO:__main__:FuncIndex is 697, time overhead is 0.034011125564575195
INFO:__main__:FuncIndex is 698, start time is 1620718664.4252944
INFO:__main__:FuncIndex is 698, end time is 1620718664.5037916
INFO:__main__:used memory: 0 M
INFO:__main__:FuncIndex is 698, time overhead is 0.07849717140197754
INFO:__main__:FuncIndex is 699, start time is 1620718664.5073378
INFO:__main__:FuncIndex is 699, end time is 1620718664.542151
INFO:__main__:used memory: 2 M
INFO:__main__:FuncIndex is 699, time overhead is 0.03481316566467285
INFO:__main__:FuncIndex is 700, start time is 1620718664.5428624
INFO:__main__:FuncIndex is 700, end time is 1620718664.5758185
INFO:__main__:used memory: -1 M
INFO:__main__:FuncIndex is 700, time overhead is 0.03295612335205078
INFO:__main__:FuncIndex is 701, start time is 1620718664.576507
INFO:__main__:FuncIndex is 701, end time is 1620718664.6117334
INFO:__main__:used memory: 0 M
INFO:__main__:FuncIndex is 701, time overhead is 0.03522634506225586
INFO:__main__:FuncIndex is 702, start time is 1620718664.6126313
INFO:__main__:FuncIndex is 702, end time is 1620718664.6473773
INFO:__main__:used memory: 0 M
INFO:__main__:FuncIndex is 702, time overhead is 0.03474593162536621
INFO:__main__:FuncIndex is 703, start time is 1620718664.6481435
INFO:__main__:FuncIndex is 703, end time is 1620718664.6816363
INFO:__main__:used memory: 1 M
INFO:__main__:FuncIndex is 703, time overhead is 0.0334928035736084
INFO:__main__:FuncIndex is 704, start time is 1620718664.6823454
INFO:__main__:FuncIndex is 704, end time is 1620718664.7159107
INFO:__main__:used memory: 0 M
INFO:__main__:FuncIndex is 704, time overhead is 0.03356528282165527
INFO:__main__:FuncIndex is 705, start time is 1620718664.7166314
INFO:__main__:FuncIndex is 705, end time is 1620718664.7504117
INFO:__main__:used memory: -2 M
INFO:__main__:FuncIndex is 705, time overhead is 0.03378033638000488
INFO:__main__:FuncIndex is 706, start time is 1620718664.7511175
INFO:__main__:FuncIndex is 706, end time is 1620718664.7846162
INFO:__main__:used memory: 1 M
INFO:__main__:FuncIndex is 706, time overhead is 0.03349876403808594
INFO:__main__:FuncIndex is 707, start time is 1620718664.7853353
INFO:__main__:FuncIndex is 707, end time is 1620718664.818771
INFO:__main__:used memory: -1 M
INFO:__main__:FuncIndex is 707, time overhead is 0.03343558311462402
INFO:__main__:FuncIndex is 708, start time is 1620718664.8194668
INFO:__main__:FuncIndex is 708, end time is 1620718664.8528235
INFO:__main__:used memory: 0 M
INFO:__main__:FuncIndex is 708, time overhead is 0.033356666564941406
INFO:__main__:FuncIndex is 709, start time is 1620718664.8536599
INFO:__main__:FuncIndex is 709, end time is 1620718664.8872879
INFO:__main__:used memory: 0 M
INFO:__main__:FuncIndex is 709, time overhead is 0.033627986907958984
INFO:__main__:FuncIndex is 710, start time is 1620718664.8880672
INFO:__main__:FuncIndex is 710, end time is 1620718665.1683283
INFO:__main__:used memory: -2 M
INFO:__main__:FuncIndex is 710, time overhead is 0.2802610397338867
INFO:__main__:FuncIndex is 711, start time is 1620718665.169176
INFO:__main__:FuncIndex is 711, end time is 1620718665.207259
INFO:__main__:used memory: 1 M
INFO:__main__:FuncIndex is 711, time overhead is 0.03808283805847168
INFO:__main__:FuncIndex is 712, start time is 1620718665.2079744
INFO:__main__:FuncIndex is 712, end time is 1620718665.2430851
INFO:__main__:used memory: -1 M
INFO:__main__:FuncIndex is 712, time overhead is 0.0351107120513916
INFO:__main__:FuncIndex is 713, start time is 1620718665.243799
INFO:__main__:FuncIndex is 713, end time is 1620718665.2777507
INFO:__main__:used memory: 0 M
INFO:__main__:FuncIndex is 713, time overhead is 0.033951759338378906
INFO:__main__:FuncIndex is 714, start time is 1620718665.2784507
INFO:__main__:FuncIndex is 714, end time is 1620718665.3142586
INFO:__main__:used memory: 1 M
INFO:__main__:FuncIndex is 714, time overhead is 0.03580784797668457
INFO:__main__:FuncIndex is 715, start time is 1620718665.314956
INFO:__main__:FuncIndex is 715, end time is 1620718665.348898
INFO:__main__:used memory: -1 M
INFO:__main__:FuncIndex is 715, time overhead is 0.03394198417663574
INFO:__main__:FuncIndex is 716, start time is 1620718665.349618
INFO:__main__:FuncIndex is 716, end time is 1620718665.3837574
INFO:__main__:used memory: 0 M
INFO:__main__:FuncIndex is 716, time overhead is 0.034139394760131836
INFO:__main__:FuncIndex is 717, start time is 1620718665.3844683
INFO:__main__:FuncIndex is 717, end time is 1620718665.4178445
INFO:__main__:used memory: -1 M
INFO:__main__:FuncIndex is 717, time overhead is 0.033376216888427734
INFO:__main__:FuncIndex is 718, start time is 1620718665.4185514
INFO:__main__:FuncIndex is 718, end time is 1620718665.4516299
INFO:__main__:used memory: 0 M
INFO:__main__:FuncIndex is 718, time overhead is 0.03307843208312988
INFO:__main__:FuncIndex is 719, start time is 1620718665.4523041
INFO:__main__:FuncIndex is 719, end time is 1620718665.4855988
INFO:__main__:used memory: 0 M
INFO:__main__:FuncIndex is 719, time overhead is 0.033294677734375
INFO:__main__:FuncIndex is 720, start time is 1620718665.486327
INFO:__main__:FuncIndex is 720, end time is 1620718665.5207467
INFO:__main__:used memory: 1 M
INFO:__main__:FuncIndex is 720, time overhead is 0.03441977500915527
INFO:__main__:FuncIndex is 721, start time is 1620718665.5215409
INFO:__main__:FuncIndex is 721, end time is 1620718665.5561876
INFO:__main__:used memory: 0 M
INFO:__main__:FuncIndex is 721, time overhead is 0.03464674949645996
INFO:__main__:FuncIndex is 722, start time is 1620718665.5569024
INFO:__main__:FuncIndex is 722, end time is 1620718665.5895398
INFO:__main__:used memory: 0 M
INFO:__main__:FuncIndex is 722, time overhead is 0.03263735771179199
INFO:__main__:FuncIndex is 723, start time is 1620718665.5902622
INFO:__main__:FuncIndex is 723, end time is 1620718665.6242156
INFO:__main__:used memory: -1 M
INFO:__main__:FuncIndex is 723, time overhead is 0.03395342826843262
INFO:__main__:FuncIndex is 724, start time is 1620718665.625001
INFO:__main__:FuncIndex is 724, end time is 1620718665.6582177
INFO:__main__:used memory: 0 M
INFO:__main__:FuncIndex is 724, time overhead is 0.03321671485900879
INFO:__main__:FuncIndex is 725, start time is 1620718665.6589093
INFO:__main__:FuncIndex is 725, end time is 1620718665.6931663
INFO:__main__:used memory: 0 M
INFO:__main__:FuncIndex is 725, time overhead is 0.034256935119628906
INFO:__main__:FuncIndex is 726, start time is 1620718665.6939116
INFO:__main__:FuncIndex is 726, end time is 1620718665.7277544
INFO:__main__:used memory: 0 M
INFO:__main__:FuncIndex is 726, time overhead is 0.03384280204772949
INFO:__main__:FuncIndex is 727, start time is 1620718665.7284684
INFO:__main__:FuncIndex is 727, end time is 1620718665.762049
INFO:__main__:used memory: 0 M
INFO:__main__:FuncIndex is 727, time overhead is 0.03358054161071777
INFO:__main__:FuncIndex is 728, start time is 1620718665.7627397
INFO:__main__:FuncIndex is 728, end time is 1620718665.7972672
INFO:__main__:used memory: 1 M
INFO:__main__:FuncIndex is 728, time overhead is 0.03452754020690918
INFO:__main__:FuncIndex is 729, start time is 1620718665.7979858
INFO:__main__:FuncIndex is 729, end time is 1620718665.8313026
INFO:__main__:used memory: 1 M
INFO:__main__:FuncIndex is 729, time overhead is 0.033316850662231445
INFO:__main__:FuncIndex is 730, start time is 1620718665.8320444
INFO:__main__:FuncIndex is 730, end time is 1620718665.8663273
INFO:__main__:used memory: -2 M
INFO:__main__:FuncIndex is 730, time overhead is 0.03428292274475098
INFO:__main__:FuncIndex is 731, start time is 1620718665.8670182
INFO:__main__:FuncIndex is 731, end time is 1620718665.9021666
INFO:__main__:used memory: 0 M
INFO:__main__:FuncIndex is 731, time overhead is 0.03514838218688965
INFO:__main__:FuncIndex is 732, start time is 1620718665.9029238
INFO:__main__:FuncIndex is 732, end time is 1620718665.9372706
INFO:__main__:used memory: 1 M
INFO:__main__:FuncIndex is 732, time overhead is 0.034346818923950195
INFO:__main__:FuncIndex is 733, start time is 1620718665.9380014
INFO:__main__:FuncIndex is 733, end time is 1620718665.971466
INFO:__main__:used memory: -1 M
INFO:__main__:FuncIndex is 733, time overhead is 0.033464670181274414
INFO:__main__:FuncIndex is 734, start time is 1620718665.9721475
INFO:__main__:FuncIndex is 734, end time is 1620718666.0048382
INFO:__main__:used memory: 0 M
INFO:__main__:FuncIndex is 734, time overhead is 0.03269076347351074
INFO:__main__:FuncIndex is 735, start time is 1620718666.0055964
INFO:__main__:FuncIndex is 735, end time is 1620718666.039127
INFO:__main__:used memory: 0 M
INFO:__main__:FuncIndex is 735, time overhead is 0.03353071212768555
INFO:__main__:FuncIndex is 736, start time is 1620718666.0397997
INFO:__main__:FuncIndex is 736, end time is 1620718666.0737395
INFO:__main__:used memory: 0 M
INFO:__main__:FuncIndex is 736, time overhead is 0.03393983840942383
INFO:__main__:FuncIndex is 737, start time is 1620718666.074465
INFO:__main__:FuncIndex is 737, end time is 1620718666.1082563
INFO:__main__:used memory: 0 M
INFO:__main__:FuncIndex is 737, time overhead is 0.033791303634643555
INFO:__main__:FuncIndex is 738, start time is 1620718666.1090052
INFO:__main__:FuncIndex is 738, end time is 1620718666.1418407
INFO:__main__:used memory: 0 M
INFO:__main__:FuncIndex is 738, time overhead is 0.03283548355102539
INFO:__main__:FuncIndex is 739, start time is 1620718666.1425319
INFO:__main__:FuncIndex is 739, end time is 1620718666.176742
INFO:__main__:used memory: 0 M
INFO:__main__:FuncIndex is 739, time overhead is 0.034210205078125
INFO:__main__:FuncIndex is 740, start time is 1620718666.1774936
INFO:__main__:FuncIndex is 740, end time is 1620718666.2111723
INFO:__main__:used memory: 0 M
INFO:__main__:FuncIndex is 740, time overhead is 0.03367877006530762
INFO:__main__:FuncIndex is 741, start time is 1620718666.2119303
INFO:__main__:FuncIndex is 741, end time is 1620718666.246409
INFO:__main__:used memory: 0 M
INFO:__main__:FuncIndex is 741, time overhead is 0.03447866439819336
INFO:__main__:FuncIndex is 742, start time is 1620718666.2471092
INFO:__main__:FuncIndex is 742, end time is 1620718666.2804675
INFO:__main__:used memory: 1 M
INFO:__main__:FuncIndex is 742, time overhead is 0.03335833549499512
INFO:__main__:FuncIndex is 743, start time is 1620718666.2812052
INFO:__main__:FuncIndex is 743, end time is 1620718666.3141081
INFO:__main__:used memory: 2 M
INFO:__main__:FuncIndex is 743, time overhead is 0.03290295600891113
INFO:__main__:FuncIndex is 744, start time is 1620718666.314845
INFO:__main__:FuncIndex is 744, end time is 1620718666.3476431
INFO:__main__:used memory: 0 M
INFO:__main__:FuncIndex is 744, time overhead is 0.032798051834106445
INFO:__main__:FuncIndex is 745, start time is 1620718666.3483217
INFO:__main__:FuncIndex is 745, end time is 1620718666.3806062
INFO:__main__:used memory: -1 M
INFO:__main__:FuncIndex is 745, time overhead is 0.03228449821472168
INFO:__main__:FuncIndex is 746, start time is 1620718666.3813913
INFO:__main__:FuncIndex is 746, end time is 1620718666.4153721
INFO:__main__:used memory: 0 M
INFO:__main__:FuncIndex is 746, time overhead is 0.0339808464050293
INFO:__main__:FuncIndex is 747, start time is 1620718666.4160821
INFO:__main__:FuncIndex is 747, end time is 1620718666.4497201
INFO:__main__:used memory: 1 M
INFO:__main__:FuncIndex is 747, time overhead is 0.03363800048828125
INFO:__main__:FuncIndex is 748, start time is 1620718666.4504108
INFO:__main__:FuncIndex is 748, end time is 1620718666.4833376
INFO:__main__:used memory: 1 M
INFO:__main__:FuncIndex is 748, time overhead is 0.03292679786682129
INFO:__main__:FuncIndex is 749, start time is 1620718666.4839911
INFO:__main__:FuncIndex is 749, end time is 1620718666.516568
INFO:__main__:used memory: -1 M
INFO:__main__:FuncIndex is 749, time overhead is 0.032576799392700195
INFO:__main__:FuncIndex is 750, start time is 1620718666.5173326
INFO:__main__:FuncIndex is 750, end time is 1620718666.550385
INFO:__main__:used memory: -1 M
INFO:__main__:FuncIndex is 750, time overhead is 0.03305244445800781
INFO:__main__:FuncIndex is 751, start time is 1620718666.5510578
INFO:__main__:FuncIndex is 751, end time is 1620718666.5841649
INFO:__main__:used memory: 1 M
INFO:__main__:FuncIndex is 751, time overhead is 0.03310704231262207
INFO:__main__:FuncIndex is 752, start time is 1620718666.5848992
INFO:__main__:FuncIndex is 752, end time is 1620718666.6183019
INFO:__main__:used memory: 0 M
INFO:__main__:FuncIndex is 752, time overhead is 0.03340268135070801
INFO:__main__:FuncIndex is 753, start time is 1620718666.619032
INFO:__main__:FuncIndex is 753, end time is 1620718666.6521082
INFO:__main__:used memory: 0 M
INFO:__main__:FuncIndex is 753, time overhead is 0.03307628631591797
INFO:__main__:FuncIndex is 754, start time is 1620718666.6528037
INFO:__main__:FuncIndex is 754, end time is 1620718666.6871133
INFO:__main__:used memory: 0 M
INFO:__main__:FuncIndex is 754, time overhead is 0.03430962562561035
INFO:__main__:FuncIndex is 755, start time is 1620718666.6878076
INFO:__main__:FuncIndex is 755, end time is 1620718666.720487
INFO:__main__:used memory: 1 M
INFO:__main__:FuncIndex is 755, time overhead is 0.03267955780029297
INFO:__main__:FuncIndex is 756, start time is 1620718666.7212477
INFO:__main__:FuncIndex is 756, end time is 1620718666.7551208
INFO:__main__:used memory: 0 M
INFO:__main__:FuncIndex is 756, time overhead is 0.03387308120727539
INFO:__main__:FuncIndex is 757, start time is 1620718666.7558377
INFO:__main__:FuncIndex is 757, end time is 1620718666.7898715
INFO:__main__:used memory: 0 M
INFO:__main__:FuncIndex is 757, time overhead is 0.034033775329589844
INFO:__main__:FuncIndex is 758, start time is 1620718666.7906442
INFO:__main__:FuncIndex is 758, end time is 1620718666.827346
INFO:__main__:used memory: 0 M
INFO:__main__:FuncIndex is 758, time overhead is 0.03670191764831543
INFO:__main__:FuncIndex is 759, start time is 1620718666.8280535
INFO:__main__:FuncIndex is 759, end time is 1620718666.8624244
INFO:__main__:used memory: 2 M
INFO:__main__:FuncIndex is 759, time overhead is 0.03437089920043945
INFO:__main__:FuncIndex is 760, start time is 1620718666.8631158
INFO:__main__:FuncIndex is 760, end time is 1620718666.90404
INFO:__main__:used memory: -2 M
INFO:__main__:FuncIndex is 760, time overhead is 0.0409243106842041
INFO:__main__:FuncIndex is 761, start time is 1620718666.9047718
INFO:__main__:FuncIndex is 761, end time is 1620718666.9500313
INFO:__main__:used memory: 1 M
INFO:__main__:FuncIndex is 761, time overhead is 0.04525947570800781
INFO:__main__:FuncIndex is 762, start time is 1620718666.9509168
INFO:__main__:FuncIndex is 762, end time is 1620718666.9873877
INFO:__main__:used memory: -1 M
INFO:__main__:FuncIndex is 762, time overhead is 0.036470890045166016
INFO:__main__:FuncIndex is 763, start time is 1620718666.9881327
INFO:__main__:FuncIndex is 763, end time is 1620718667.0254717
INFO:__main__:used memory: 0 M
INFO:__main__:FuncIndex is 763, time overhead is 0.037338972091674805
INFO:__main__:FuncIndex is 764, start time is 1620718667.0262697
INFO:__main__:FuncIndex is 764, end time is 1620718667.0616713
INFO:__main__:used memory: 0 M
INFO:__main__:FuncIndex is 764, time overhead is 0.03540158271789551
INFO:__main__:FuncIndex is 765, start time is 1620718667.0624492
INFO:__main__:FuncIndex is 765, end time is 1620718667.0971255
INFO:__main__:used memory: 0 M
INFO:__main__:FuncIndex is 765, time overhead is 0.034676313400268555
INFO:__main__:FuncIndex is 766, start time is 1620718667.097918
INFO:__main__:FuncIndex is 766, end time is 1620718667.1351664
INFO:__main__:used memory: 0 M
INFO:__main__:FuncIndex is 766, time overhead is 0.03724837303161621
INFO:__main__:FuncIndex is 767, start time is 1620718667.1358807
INFO:__main__:FuncIndex is 767, end time is 1620718667.170524
INFO:__main__:used memory: 0 M
INFO:__main__:FuncIndex is 767, time overhead is 0.03464317321777344
INFO:__main__:FuncIndex is 768, start time is 1620718667.1712513
INFO:__main__:FuncIndex is 768, end time is 1620718667.2078726
INFO:__main__:used memory: -1 M
INFO:__main__:FuncIndex is 768, time overhead is 0.0366213321685791
INFO:__main__:FuncIndex is 769, start time is 1620718667.2085667
INFO:__main__:FuncIndex is 769, end time is 1620718667.244526
INFO:__main__:used memory: 2 M
INFO:__main__:FuncIndex is 769, time overhead is 0.03595924377441406
INFO:__main__:FuncIndex is 770, start time is 1620718667.2452705
INFO:__main__:FuncIndex is 770, end time is 1620718667.2807348
INFO:__main__:used memory: 1 M
INFO:__main__:FuncIndex is 770, time overhead is 0.03546428680419922
INFO:__main__:FuncIndex is 771, start time is 1620718667.2815158
INFO:__main__:FuncIndex is 771, end time is 1620718667.3160713
INFO:__main__:used memory: 0 M
INFO:__main__:FuncIndex is 771, time overhead is 0.03455543518066406
INFO:__main__:FuncIndex is 772, start time is 1620718667.31674
INFO:__main__:FuncIndex is 772, end time is 1620718667.351316
INFO:__main__:used memory: -1 M
INFO:__main__:FuncIndex is 772, time overhead is 0.0345759391784668
INFO:__main__:FuncIndex is 773, start time is 1620718667.352138
INFO:__main__:FuncIndex is 773, end time is 1620718667.3883326
INFO:__main__:used memory: 1 M
INFO:__main__:FuncIndex is 773, time overhead is 0.036194562911987305
INFO:__main__:FuncIndex is 774, start time is 1620718667.389245
INFO:__main__:FuncIndex is 774, end time is 1620718667.4259758
INFO:__main__:used memory: 0 M
INFO:__main__:FuncIndex is 774, time overhead is 0.03673076629638672
INFO:__main__:FuncIndex is 775, start time is 1620718667.4267232
INFO:__main__:FuncIndex is 775, end time is 1620718667.462222
INFO:__main__:used memory: -1 M
INFO:__main__:FuncIndex is 775, time overhead is 0.035498857498168945
INFO:__main__:FuncIndex is 776, start time is 1620718667.463007
INFO:__main__:FuncIndex is 776, end time is 1620718667.5001428
INFO:__main__:used memory: 1 M
INFO:__main__:FuncIndex is 776, time overhead is 0.03713583946228027
INFO:__main__:FuncIndex is 777, start time is 1620718667.5008864
INFO:__main__:FuncIndex is 777, end time is 1620718667.5370173
INFO:__main__:used memory: 1 M
INFO:__main__:FuncIndex is 777, time overhead is 0.03613090515136719
INFO:__main__:FuncIndex is 778, start time is 1620718667.5377736
INFO:__main__:FuncIndex is 778, end time is 1620718667.5734751
INFO:__main__:used memory: -2 M
INFO:__main__:FuncIndex is 778, time overhead is 0.03570151329040527
INFO:__main__:FuncIndex is 779, start time is 1620718667.5741954
INFO:__main__:FuncIndex is 779, end time is 1620718667.6086783
INFO:__main__:used memory: 0 M
INFO:__main__:FuncIndex is 779, time overhead is 0.03448295593261719
INFO:__main__:FuncIndex is 780, start time is 1620718667.609394
INFO:__main__:FuncIndex is 780, end time is 1620718667.643887
INFO:__main__:used memory: 2 M
INFO:__main__:FuncIndex is 780, time overhead is 0.03449296951293945
INFO:__main__:FuncIndex is 781, start time is 1620718667.6446126
INFO:__main__:FuncIndex is 781, end time is 1620718667.6792073
INFO:__main__:used memory: 0 M
INFO:__main__:FuncIndex is 781, time overhead is 0.03459477424621582
INFO:__main__:FuncIndex is 782, start time is 1620718667.6798966
INFO:__main__:FuncIndex is 782, end time is 1620718667.713705
INFO:__main__:used memory: 0 M
INFO:__main__:FuncIndex is 782, time overhead is 0.03380846977233887
INFO:__main__:FuncIndex is 783, start time is 1620718667.7144191
INFO:__main__:FuncIndex is 783, end time is 1620718667.7514186
INFO:__main__:used memory: -1 M
INFO:__main__:FuncIndex is 783, time overhead is 0.03699946403503418
INFO:__main__:FuncIndex is 784, start time is 1620718667.7521338
INFO:__main__:FuncIndex is 784, end time is 1620718667.7875164
INFO:__main__:used memory: 0 M
INFO:__main__:FuncIndex is 784, time overhead is 0.03538250923156738
INFO:__main__:FuncIndex is 785, start time is 1620718667.7882133
INFO:__main__:FuncIndex is 785, end time is 1620718667.8230753
INFO:__main__:used memory: 0 M
INFO:__main__:FuncIndex is 785, time overhead is 0.03486204147338867
INFO:__main__:FuncIndex is 786, start time is 1620718667.823775
INFO:__main__:FuncIndex is 786, end time is 1620718667.8576934
INFO:__main__:used memory: 0 M
INFO:__main__:FuncIndex is 786, time overhead is 0.03391838073730469
INFO:__main__:FuncIndex is 787, start time is 1620718667.8584423
INFO:__main__:FuncIndex is 787, end time is 1620718667.8927593
INFO:__main__:used memory: -1 M
INFO:__main__:FuncIndex is 787, time overhead is 0.0343170166015625
INFO:__main__:FuncIndex is 788, start time is 1620718667.893663
INFO:__main__:FuncIndex is 788, end time is 1620718667.9314399
INFO:__main__:used memory: 1 M
INFO:__main__:FuncIndex is 788, time overhead is 0.037776947021484375
INFO:__main__:FuncIndex is 789, start time is 1620718667.932154
INFO:__main__:FuncIndex is 789, end time is 1620718667.968486
INFO:__main__:used memory: 0 M
INFO:__main__:FuncIndex is 789, time overhead is 0.036332130432128906
INFO:__main__:FuncIndex is 790, start time is 1620718667.969371
INFO:__main__:FuncIndex is 790, end time is 1620718668.005745
INFO:__main__:used memory: 0 M
INFO:__main__:FuncIndex is 790, time overhead is 0.03637385368347168
INFO:__main__:FuncIndex is 791, start time is 1620718668.0064394
INFO:__main__:FuncIndex is 791, end time is 1620718668.0417626
INFO:__main__:used memory: 2 M
INFO:__main__:FuncIndex is 791, time overhead is 0.035323143005371094
INFO:__main__:FuncIndex is 792, start time is 1620718668.0424638
INFO:__main__:FuncIndex is 792, end time is 1620718668.0775151
INFO:__main__:used memory: -2 M
INFO:__main__:FuncIndex is 792, time overhead is 0.03505134582519531
INFO:__main__:FuncIndex is 793, start time is 1620718668.0784292
INFO:__main__:FuncIndex is 793, end time is 1620718668.1144788
INFO:__main__:used memory: 0 M
INFO:__main__:FuncIndex is 793, time overhead is 0.036049604415893555
INFO:__main__:FuncIndex is 794, start time is 1620718668.11516
INFO:__main__:FuncIndex is 794, end time is 1620718668.1493595
INFO:__main__:used memory: 1 M
INFO:__main__:FuncIndex is 794, time overhead is 0.03419947624206543
INFO:__main__:FuncIndex is 795, start time is 1620718668.1500688
INFO:__main__:FuncIndex is 795, end time is 1620718669.3433585
INFO:__main__:used memory: -1 M
INFO:__main__:FuncIndex is 795, time overhead is 1.1932897567749023
INFO:__main__:FuncIndex is 796, start time is 1620718669.3462152
INFO:__main__:FuncIndex is 796, end time is 1620718669.3842323
INFO:__main__:used memory: 1 M
INFO:__main__:FuncIndex is 796, time overhead is 0.03801703453063965
INFO:__main__:FuncIndex is 797, start time is 1620718669.3849516
INFO:__main__:FuncIndex is 797, end time is 1620718669.4198208
INFO:__main__:used memory: -1 M
INFO:__main__:FuncIndex is 797, time overhead is 0.03486919403076172
INFO:__main__:FuncIndex is 798, start time is 1620718669.4205103
INFO:__main__:FuncIndex is 798, end time is 1620718669.4546628
INFO:__main__:used memory: 2 M
INFO:__main__:FuncIndex is 798, time overhead is 0.03415250778198242
INFO:__main__:FuncIndex is 799, start time is 1620718669.4553998
INFO:__main__:FuncIndex is 799, end time is 1620718669.4888005
INFO:__main__:used memory: -1 M
INFO:__main__:FuncIndex is 799, time overhead is 0.033400774002075195
INFO:__main__:FuncIndex is 800, start time is 1620718669.4895496
INFO:__main__:FuncIndex is 800, end time is 1620718669.5235572
INFO:__main__:used memory: 0 M
INFO:__main__:FuncIndex is 800, time overhead is 0.03400754928588867
INFO:__main__:All time: 591.673675775528
mprof: Sampling memory every 0.1s
running new process
