INFO:__main__:FuncIndex is 1201, start time is 1620723082.9180126
INFO:__main__:FuncIndex is 1201, end time is 1620723083.3162706
INFO:__main__:used memory: 8 M
INFO:__main__:FuncIndex is 1201, time overhead is 0.3982579708099365
INFO:__main__:FuncIndex is 1202, start time is 1620723083.3184166
INFO:__main__:FuncIndex is 1202, end time is 1620723083.3517077
INFO:__main__:used memory: 1 M
INFO:__main__:FuncIndex is 1202, time overhead is 0.03329110145568848
INFO:__main__:FuncIndex is 1203, start time is 1620723083.3523753
INFO:__main__:FuncIndex is 1203, end time is 1620723083.878694
INFO:__main__:used memory: 2 M
INFO:__main__:FuncIndex is 1203, time overhead is 0.5263187885284424
INFO:__main__:FuncIndex is 1204, start time is 1620723083.881121
INFO:__main__:FuncIndex is 1204, end time is 1620723084.163766
INFO:__main__:used memory: 2 M
INFO:__main__:FuncIndex is 1204, time overhead is 0.28264498710632324
INFO:__main__:FuncIndex is 1205, start time is 1620723084.1645827
INFO:__main__:FuncIndex is 1205, end time is 1620723084.4364498
INFO:__main__:used memory: 4 M
INFO:__main__:FuncIndex is 1205, time overhead is 0.271867036819458
INFO:__main__:FuncIndex is 1206, start time is 1620723084.437179
INFO:__main__:FuncIndex is 1206, end time is 1620723084.7302434
INFO:__main__:used memory: 2 M
INFO:__main__:FuncIndex is 1206, time overhead is 0.2930643558502197
INFO:__main__:FuncIndex is 1207, start time is 1620723084.730931
INFO:__main__:FuncIndex is 1207, end time is 1620723084.8572812
INFO:__main__:used memory: 3 M
INFO:__main__:FuncIndex is 1207, time overhead is 0.12635016441345215
INFO:__main__:FuncIndex is 1208, start time is 1620723084.8594422
INFO:__main__:FuncIndex is 1208, end time is 1620723085.5742686
INFO:__main__:used memory: 5 M
INFO:__main__:FuncIndex is 1208, time overhead is 0.7148263454437256
INFO:__main__:FuncIndex is 1209, start time is 1620723085.5766027
INFO:__main__:FuncIndex is 1209, end time is 1620723085.691455
INFO:__main__:used memory: 2 M
INFO:__main__:FuncIndex is 1209, time overhead is 0.1148521900177002
INFO:__main__:FuncIndex is 1210, start time is 1620723085.6950958
INFO:__main__:FuncIndex is 1210, end time is 1620723085.7858849
INFO:__main__:used memory: 0 M
INFO:__main__:FuncIndex is 1210, time overhead is 0.0907890796661377
INFO:__main__:FuncIndex is 1211, start time is 1620723085.7882783
INFO:__main__:FuncIndex is 1211, end time is 1620723086.1615431
INFO:__main__:used memory: 3 M
INFO:__main__:FuncIndex is 1211, time overhead is 0.37326478958129883
INFO:__main__:FuncIndex is 1212, start time is 1620723086.1641567
INFO:__main__:FuncIndex is 1212, end time is 1620723086.5267868
INFO:__main__:used memory: -10 M
INFO:__main__:FuncIndex is 1212, time overhead is 0.36263012886047363
INFO:__main__:FuncIndex is 1213, start time is 1620723086.5299368
INFO:__main__:FuncIndex is 1213, end time is 1620723086.7392983
INFO:__main__:used memory: 0 M
INFO:__main__:FuncIndex is 1213, time overhead is 0.20936155319213867
INFO:__main__:FuncIndex is 1214, start time is 1620723086.7399514
INFO:__main__:FuncIndex is 1214, end time is 1620723086.8957813
INFO:__main__:used memory: 1 M
INFO:__main__:FuncIndex is 1214, time overhead is 0.15582990646362305
INFO:__main__:FuncIndex is 1215, start time is 1620723086.89639
INFO:__main__:FuncIndex is 1215, end time is 1620723087.0775335
INFO:__main__:used memory: -2 M
INFO:__main__:FuncIndex is 1215, time overhead is 0.18114352226257324
INFO:__main__:FuncIndex is 1216, start time is 1620723087.078202
INFO:root:
INFO:__main__:FuncIndex is 1216, end time is 1620723087.111816
INFO:__main__:used memory: 1 M
INFO:__main__:FuncIndex is 1216, time overhead is 0.03361392021179199
INFO:__main__:FuncIndex is 1217, start time is 1620723087.112419
INFO:root:unsupport call_indirect now
INFO:__main__:FuncIndex is 1217, end time is 1620723087.137928
INFO:__main__:used memory: 1 M
INFO:__main__:FuncIndex is 1217, time overhead is 0.025509119033813477
INFO:__main__:FuncIndex is 1218, start time is 1620723087.1385496
INFO:__main__:[exception] used memory: -1 M
INFO:__main__:[exception] FuncIndex is 1218, time overhead is 0.10436820983886719
INFO:__main__:FuncIndex is 1219, start time is 1620723087.2455864
INFO:__main__:FuncIndex is 1219, end time is 1620723087.3298101
INFO:__main__:used memory: -1 M
INFO:__main__:FuncIndex is 1219, time overhead is 0.08422374725341797
INFO:__main__:FuncIndex is 1220, start time is 1620723087.3304574
INFO:__main__:[exception] used memory: 4 M
INFO:__main__:[exception] FuncIndex is 1220, time overhead is 9.065701723098755
INFO:__main__:FuncIndex is 1221, start time is 1620723096.3986957
INFO:__main__:FuncIndex is 1221, end time is 1620723096.4619043
INFO:__main__:used memory: -1 M
INFO:__main__:FuncIndex is 1221, time overhead is 0.06320858001708984
INFO:__main__:FuncIndex is 1222, start time is 1620723096.463955
INFO:__main__:FuncIndex is 1222, end time is 1620723096.5232308
INFO:__main__:used memory: 0 M
INFO:__main__:FuncIndex is 1222, time overhead is 0.05927586555480957
INFO:__main__:FuncIndex is 1223, start time is 1620723096.5256338
INFO:__main__:FuncIndex is 1223, end time is 1620723096.5869465
INFO:__main__:used memory: 1 M
INFO:__main__:FuncIndex is 1223, time overhead is 0.06131267547607422
INFO:__main__:FuncIndex is 1224, start time is 1620723096.5893266
INFO:__main__:FuncIndex is 1224, end time is 1620723096.620935
INFO:__main__:used memory: 1 M
INFO:__main__:FuncIndex is 1224, time overhead is 0.03160834312438965
INFO:__main__:FuncIndex is 1225, start time is 1620723096.623302
INFO:__main__:FuncIndex is 1225, end time is 1620723096.6606412
INFO:__main__:used memory: 0 M
INFO:__main__:FuncIndex is 1225, time overhead is 0.037339210510253906
INFO:__main__:FuncIndex is 1226, start time is 1620723096.662902
INFO:__main__:FuncIndex is 1226, end time is 1620723096.7995894
INFO:__main__:used memory: 0 M
INFO:__main__:FuncIndex is 1226, time overhead is 0.1366872787475586
INFO:__main__:FuncIndex is 1227, start time is 1620723096.800255
INFO:__main__:FuncIndex is 1227, end time is 1620723096.9379842
INFO:__main__:used memory: 1 M
INFO:__main__:FuncIndex is 1227, time overhead is 0.13772916793823242
INFO:__main__:FuncIndex is 1228, start time is 1620723096.9402232
INFO:root:unsupport call_indirect now
INFO:root:unsupport call_indirect now
INFO:__main__:FuncIndex is 1228, end time is 1620723097.0045006
INFO:__main__:used memory: 1 M
INFO:__main__:FuncIndex is 1228, time overhead is 0.06427741050720215
INFO:__main__:FuncIndex is 1229, start time is 1620723097.0068402
INFO:__main__:FuncIndex is 1229, end time is 1620723097.0444875
INFO:__main__:used memory: 2 M
INFO:__main__:FuncIndex is 1229, time overhead is 0.037647247314453125
INFO:__main__:FuncIndex is 1230, start time is 1620723097.0452914
INFO:root:reached unreachable
INFO:__main__:FuncIndex is 1230, end time is 1620723097.2444994
INFO:__main__:used memory: 3 M
INFO:__main__:FuncIndex is 1230, time overhead is 0.19920802116394043
INFO:__main__:FuncIndex is 1231, start time is 1620723097.2453399
INFO:__main__:FuncIndex is 1231, end time is 1620723097.32684
INFO:__main__:used memory: 1 M
INFO:__main__:FuncIndex is 1231, time overhead is 0.08150005340576172
INFO:__main__:FuncIndex is 1232, start time is 1620723097.3292913
INFO:__main__:FuncIndex is 1232, end time is 1620723097.4360468
INFO:__main__:used memory: 2 M
INFO:__main__:FuncIndex is 1232, time overhead is 0.10675549507141113
INFO:__main__:FuncIndex is 1233, start time is 1620723097.4384606
INFO:__main__:FuncIndex is 1233, end time is 1620723097.5201843
INFO:__main__:used memory: 1 M
INFO:__main__:FuncIndex is 1233, time overhead is 0.08172369003295898
INFO:__main__:FuncIndex is 1234, start time is 1620723097.5225384
INFO:__main__:FuncIndex is 1234, end time is 1620723097.781762
INFO:__main__:used memory: -6 M
INFO:__main__:FuncIndex is 1234, time overhead is 0.25922346115112305
INFO:__main__:FuncIndex is 1235, start time is 1620723097.784014
INFO:__main__:FuncIndex is 1235, end time is 1620723097.851703
INFO:__main__:used memory: 0 M
INFO:__main__:FuncIndex is 1235, time overhead is 0.0676889419555664
INFO:__main__:FuncIndex is 1236, start time is 1620723097.8540344
INFO:__main__:FuncIndex is 1236, end time is 1620723097.9342933
INFO:__main__:used memory: 0 M
INFO:__main__:FuncIndex is 1236, time overhead is 0.08025884628295898
INFO:__main__:FuncIndex is 1237, start time is 1620723097.9365673
INFO:__main__:FuncIndex is 1237, end time is 1620723099.413298
INFO:__main__:used memory: 0 M
INFO:__main__:FuncIndex is 1237, time overhead is 1.4767305850982666
INFO:__main__:FuncIndex is 1238, start time is 1620723099.4160025
INFO:__main__:FuncIndex is 1238, end time is 1620723106.4980268
INFO:__main__:used memory: 9 M
INFO:__main__:FuncIndex is 1238, time overhead is 7.082024335861206
INFO:__main__:FuncIndex is 1239, start time is 1620723106.5004373
INFO:__main__:FuncIndex is 1239, end time is 1620723106.6304955
INFO:__main__:used memory: 0 M
INFO:__main__:FuncIndex is 1239, time overhead is 0.13005828857421875
INFO:__main__:FuncIndex is 1240, start time is 1620723106.6313088
INFO:__main__:FuncIndex is 1240, end time is 1620723106.675735
INFO:__main__:used memory: 0 M
INFO:__main__:FuncIndex is 1240, time overhead is 0.04442620277404785
INFO:__main__:FuncIndex is 1241, start time is 1620723106.6765037
INFO:__main__:FuncIndex is 1241, end time is 1620723106.7581556
INFO:__main__:used memory: 0 M
INFO:__main__:FuncIndex is 1241, time overhead is 0.08165192604064941
INFO:__main__:FuncIndex is 1242, start time is 1620723106.7608714
INFO:__main__:[exception] used memory: 2 M
INFO:__main__:[exception] FuncIndex is 1242, time overhead is 45.31080389022827
INFO:__main__:FuncIndex is 1243, start time is 1620723152.0745933
INFO:__main__:FuncIndex is 1243, end time is 1620723221.972068
INFO:__main__:used memory: 149 M
INFO:__main__:FuncIndex is 1243, time overhead is 69.89747476577759
INFO:__main__:FuncIndex is 1244, start time is 1620723221.9747298
INFO:__main__:FuncIndex is 1244, end time is 1620723229.9845698
INFO:__main__:used memory: -61 M
INFO:__main__:FuncIndex is 1244, time overhead is 8.00984001159668
INFO:__main__:FuncIndex is 1245, start time is 1620723229.987479
INFO:root:argument 2: <class 'Exception'>: Timed out!
INFO:__main__:FuncIndex is 1245, end time is 1620723244.6518424
INFO:__main__:used memory: -43 M
INFO:__main__:FuncIndex is 1245, time overhead is 14.664363384246826
INFO:__main__:FuncIndex is 1246, start time is 1620723244.6544733
INFO:__main__:FuncIndex is 1246, end time is 1620723249.12964
INFO:__main__:used memory: 6 M
INFO:__main__:FuncIndex is 1246, time overhead is 4.4751667976379395
INFO:__main__:FuncIndex is 1247, start time is 1620723249.1332078
INFO:__main__:FuncIndex is 1247, end time is 1620723249.2204533
INFO:__main__:used memory: -2 M
INFO:__main__:FuncIndex is 1247, time overhead is 0.08724546432495117
INFO:__main__:FuncIndex is 1248, start time is 1620723249.221241
INFO:__main__:FuncIndex is 1248, end time is 1620723251.7310016
INFO:__main__:used memory: -1 M
INFO:__main__:FuncIndex is 1248, time overhead is 2.509760618209839
INFO:__main__:FuncIndex is 1249, start time is 1620723251.7339954
INFO:__main__:FuncIndex is 1249, end time is 1620723259.1944964
INFO:__main__:used memory: -7 M
INFO:__main__:FuncIndex is 1249, time overhead is 7.460500955581665
INFO:__main__:FuncIndex is 1250, start time is 1620723259.197163
INFO:__main__:FuncIndex is 1250, end time is 1620723259.2834067
INFO:__main__:used memory: -1 M
INFO:__main__:FuncIndex is 1250, time overhead is 0.0862436294555664
INFO:__main__:FuncIndex is 1251, start time is 1620723259.2841303
INFO:root:unsupport call_indirect now
INFO:root:unsupport call_indirect now
INFO:__main__:FuncIndex is 1251, end time is 1620723259.7488978
INFO:__main__:used memory: -14 M
INFO:__main__:FuncIndex is 1251, time overhead is 0.4647674560546875
INFO:__main__:FuncIndex is 1252, start time is 1620723259.7495713
INFO:__main__:FuncIndex is 1252, end time is 1620723259.797249
INFO:__main__:used memory: 0 M
INFO:__main__:FuncIndex is 1252, time overhead is 0.04767775535583496
INFO:__main__:FuncIndex is 1253, start time is 1620723259.7979646
INFO:__main__:FuncIndex is 1253, end time is 1620723259.9951677
INFO:__main__:used memory: 0 M
INFO:__main__:FuncIndex is 1253, time overhead is 0.1972031593322754
INFO:__main__:FuncIndex is 1254, start time is 1620723259.9982963
INFO:__main__:FuncIndex is 1254, end time is 1620723269.0770726
INFO:__main__:used memory: 34 M
INFO:__main__:FuncIndex is 1254, time overhead is 9.078776359558105
INFO:__main__:FuncIndex is 1255, start time is 1620723269.079431
INFO:__main__:FuncIndex is 1255, end time is 1620723276.597584
INFO:__main__:used memory: -13 M
INFO:__main__:FuncIndex is 1255, time overhead is 7.518152952194214
INFO:__main__:FuncIndex is 1256, start time is 1620723276.6005778
INFO:__main__:FuncIndex is 1256, end time is 1620723277.3544104
INFO:__main__:used memory: 3 M
INFO:__main__:FuncIndex is 1256, time overhead is 0.7538325786590576
INFO:__main__:FuncIndex is 1257, start time is 1620723277.355214
INFO:__main__:FuncIndex is 1257, end time is 1620723277.3944976
INFO:__main__:used memory: 0 M
INFO:__main__:FuncIndex is 1257, time overhead is 0.03928351402282715
INFO:__main__:FuncIndex is 1258, start time is 1620723277.3952065
INFO:__main__:FuncIndex is 1258, end time is 1620723277.9471443
INFO:__main__:used memory: 1 M
INFO:__main__:FuncIndex is 1258, time overhead is 0.5519378185272217
INFO:__main__:FuncIndex is 1259, start time is 1620723277.9522498
INFO:__main__:[exception] used memory: 1 M
INFO:__main__:[exception] FuncIndex is 1259, time overhead is 1.249833106994629
INFO:__main__:FuncIndex is 1260, start time is 1620723279.2077591
INFO:__main__:FuncIndex is 1260, end time is 1620723279.3186674
INFO:__main__:used memory: -1 M
INFO:__main__:FuncIndex is 1260, time overhead is 0.11090826988220215
INFO:__main__:FuncIndex is 1261, start time is 1620723279.3195481
INFO:__main__:FuncIndex is 1261, end time is 1620723279.3675642
INFO:__main__:used memory: 2 M
INFO:__main__:FuncIndex is 1261, time overhead is 0.04801607131958008
INFO:__main__:FuncIndex is 1262, start time is 1620723279.368342
INFO:root:unsupport call_indirect now
INFO:__main__:FuncIndex is 1262, end time is 1620723279.406781
INFO:__main__:used memory: 0 M
INFO:__main__:FuncIndex is 1262, time overhead is 0.038439035415649414
INFO:__main__:FuncIndex is 1263, start time is 1620723279.4074888
INFO:__main__:FuncIndex is 1263, end time is 1620723282.5162253
INFO:__main__:used memory: 6 M
INFO:__main__:FuncIndex is 1263, time overhead is 3.108736515045166
INFO:__main__:FuncIndex is 1264, start time is 1620723282.5197382
INFO:__main__:FuncIndex is 1264, end time is 1620723286.0190208
INFO:__main__:used memory: 8 M
INFO:__main__:FuncIndex is 1264, time overhead is 3.4992825984954834
INFO:__main__:FuncIndex is 1265, start time is 1620723286.0224078
INFO:__main__:FuncIndex is 1265, end time is 1620723286.124547
INFO:__main__:used memory: 1 M
INFO:__main__:FuncIndex is 1265, time overhead is 0.10213923454284668
INFO:__main__:FuncIndex is 1266, start time is 1620723286.1253598
INFO:__main__:FuncIndex is 1266, end time is 1620723286.1727817
INFO:__main__:used memory: 1 M
INFO:__main__:FuncIndex is 1266, time overhead is 0.047421932220458984
INFO:__main__:FuncIndex is 1267, start time is 1620723286.1735156
INFO:__main__:FuncIndex is 1267, end time is 1620723288.8257647
INFO:__main__:used memory: -25 M
INFO:__main__:FuncIndex is 1267, time overhead is 2.6522490978240967
INFO:__main__:FuncIndex is 1268, start time is 1620723288.82853
INFO:__main__:FuncIndex is 1268, end time is 1620723290.245744
INFO:__main__:used memory: -1 M
INFO:__main__:FuncIndex is 1268, time overhead is 1.4172139167785645
INFO:__main__:FuncIndex is 1269, start time is 1620723290.2484062
INFO:__main__:FuncIndex is 1269, end time is 1620723290.3729622
INFO:__main__:used memory: 0 M
INFO:__main__:FuncIndex is 1269, time overhead is 0.12455606460571289
INFO:__main__:FuncIndex is 1270, start time is 1620723290.3736045
INFO:__main__:[exception] used memory: 16 M
INFO:__main__:[exception] FuncIndex is 1270, time overhead is 94.35311317443848
INFO:__main__:FuncIndex is 1271, start time is 1620723384.733114
INFO:__main__:FuncIndex is 1271, end time is 1620723392.6949272
INFO:__main__:used memory: -3 M
INFO:__main__:FuncIndex is 1271, time overhead is 7.96181321144104
INFO:__main__:FuncIndex is 1272, start time is 1620723392.6982622
INFO:__main__:FuncIndex is 1272, end time is 1620723398.4514525
INFO:__main__:used memory: 4 M
INFO:__main__:FuncIndex is 1272, time overhead is 5.753190279006958
INFO:__main__:FuncIndex is 1273, start time is 1620723398.4547503
INFO:__main__:FuncIndex is 1273, end time is 1620723402.954966
INFO:__main__:used memory: 1 M
INFO:__main__:FuncIndex is 1273, time overhead is 4.500215768814087
INFO:__main__:FuncIndex is 1274, start time is 1620723402.9583793
INFO:root:Timed out!
INFO:__main__:[exception] used memory: 1 M
INFO:__main__:[exception] FuncIndex is 1274, time overhead is 122.46674275398254
INFO:__main__:FuncIndex is 1275, start time is 1620723525.4344578
INFO:root:Timed out!
INFO:__main__:FuncIndex is 1275, end time is 1620723579.9926848
INFO:__main__:used memory: 52 M
INFO:__main__:FuncIndex is 1275, time overhead is 54.55822706222534
INFO:__main__:FuncIndex is 1276, start time is 1620723579.9972541
INFO:__main__:FuncIndex is 1276, end time is 1620723581.1646798
INFO:__main__:used memory: -18 M
INFO:__main__:FuncIndex is 1276, time overhead is 1.1674256324768066
INFO:__main__:FuncIndex is 1277, start time is 1620723581.1674156
INFO:__main__:FuncIndex is 1277, end time is 1620723582.385493
INFO:__main__:used memory: -21 M
INFO:__main__:FuncIndex is 1277, time overhead is 1.2180774211883545
INFO:__main__:FuncIndex is 1278, start time is 1620723582.3888702
INFO:__main__:FuncIndex is 1278, end time is 1620723582.4824457
INFO:__main__:used memory: -1 M
INFO:__main__:FuncIndex is 1278, time overhead is 0.09357547760009766
INFO:__main__:FuncIndex is 1279, start time is 1620723582.4850898
INFO:__main__:FuncIndex is 1279, end time is 1620723607.3995187
INFO:__main__:used memory: 53 M
INFO:__main__:FuncIndex is 1279, time overhead is 24.91442894935608
INFO:__main__:FuncIndex is 1280, start time is 1620723607.4041963
INFO:__main__:FuncIndex is 1280, end time is 1620723609.1803515
INFO:__main__:used memory: -30 M
INFO:__main__:FuncIndex is 1280, time overhead is 1.7761552333831787
INFO:__main__:FuncIndex is 1281, start time is 1620723609.1832917
INFO:__main__:FuncIndex is 1281, end time is 1620723611.3880272
INFO:__main__:used memory: -21 M
INFO:__main__:FuncIndex is 1281, time overhead is 2.204735517501831
INFO:__main__:FuncIndex is 1282, start time is 1620723611.3911295
INFO:__main__:FuncIndex is 1282, end time is 1620723613.7836366
INFO:__main__:used memory: -6 M
INFO:__main__:FuncIndex is 1282, time overhead is 2.3925070762634277
INFO:__main__:FuncIndex is 1283, start time is 1620723613.787634
INFO:__main__:[exception] used memory: 0 M
INFO:__main__:[exception] FuncIndex is 1283, time overhead is 10.060545206069946
INFO:__main__:FuncIndex is 1284, start time is 1620723623.8516018
INFO:__main__:FuncIndex is 1284, end time is 1620723623.9415898
INFO:__main__:used memory: 0 M
INFO:__main__:FuncIndex is 1284, time overhead is 0.08998799324035645
INFO:__main__:FuncIndex is 1285, start time is 1620723623.9444096
INFO:__main__:FuncIndex is 1285, end time is 1620723623.9964967
INFO:__main__:used memory: 1 M
INFO:__main__:FuncIndex is 1285, time overhead is 0.05208706855773926
INFO:__main__:FuncIndex is 1286, start time is 1620723623.999007
INFO:__main__:FuncIndex is 1286, end time is 1620723625.4889104
INFO:__main__:used memory: -1 M
INFO:__main__:FuncIndex is 1286, time overhead is 1.489903450012207
INFO:__main__:FuncIndex is 1287, start time is 1620723625.4916553
INFO:__main__:FuncIndex is 1287, end time is 1620723626.8910105
INFO:__main__:used memory: -4 M
INFO:__main__:FuncIndex is 1287, time overhead is 1.399355173110962
INFO:__main__:FuncIndex is 1288, start time is 1620723626.894086
INFO:__main__:FuncIndex is 1288, end time is 1620723626.9322414
INFO:__main__:used memory: 1 M
INFO:__main__:FuncIndex is 1288, time overhead is 0.038155555725097656
INFO:__main__:FuncIndex is 1289, start time is 1620723626.9331365
INFO:__main__:FuncIndex is 1289, end time is 1620723626.967254
INFO:__main__:used memory: 0 M
INFO:__main__:FuncIndex is 1289, time overhead is 0.03411746025085449
INFO:__main__:FuncIndex is 1290, start time is 1620723626.96793
INFO:__main__:FuncIndex is 1290, end time is 1620723627.1703503
INFO:__main__:used memory: -1 M
INFO:__main__:FuncIndex is 1290, time overhead is 0.20242023468017578
INFO:__main__:FuncIndex is 1291, start time is 1620723627.1709614
INFO:__main__:FuncIndex is 1291, end time is 1620723627.2024055
INFO:__main__:used memory: 1 M
INFO:__main__:FuncIndex is 1291, time overhead is 0.03144407272338867
INFO:__main__:FuncIndex is 1292, start time is 1620723627.203024
INFO:__main__:FuncIndex is 1292, end time is 1620723627.5263078
INFO:__main__:used memory: -1 M
INFO:__main__:FuncIndex is 1292, time overhead is 0.3232839107513428
INFO:__main__:FuncIndex is 1293, start time is 1620723627.5293589
INFO:__main__:FuncIndex is 1293, end time is 1620723627.846036
INFO:__main__:used memory: -1 M
INFO:__main__:FuncIndex is 1293, time overhead is 0.3166770935058594
INFO:__main__:FuncIndex is 1294, start time is 1620723627.849768
INFO:root:b'Sorts (_ BitVec 32) and (_ BitVec 64) are incompatible'
INFO:__main__:FuncIndex is 1294, end time is 1620723627.9074008
INFO:__main__:used memory: 0 M
INFO:__main__:FuncIndex is 1294, time overhead is 0.0576329231262207
INFO:__main__:FuncIndex is 1295, start time is 1620723627.9105852
INFO:__main__:FuncIndex is 1295, end time is 1620723631.4410248
INFO:__main__:used memory: 0 M
INFO:__main__:FuncIndex is 1295, time overhead is 3.530439615249634
INFO:__main__:FuncIndex is 1296, start time is 1620723631.4417286
INFO:__main__:FuncIndex is 1296, end time is 1620723631.5037873
INFO:__main__:used memory: 0 M
INFO:__main__:FuncIndex is 1296, time overhead is 0.06205868721008301
INFO:__main__:FuncIndex is 1297, start time is 1620723631.5044718
INFO:__main__:FuncIndex is 1297, end time is 1620723631.6010408
INFO:__main__:used memory: 0 M
INFO:__main__:FuncIndex is 1297, time overhead is 0.09656906127929688
INFO:__main__:FuncIndex is 1298, start time is 1620723631.603693
INFO:__main__:FuncIndex is 1298, end time is 1620723631.6550896
INFO:__main__:used memory: 0 M
INFO:__main__:FuncIndex is 1298, time overhead is 0.05139660835266113
INFO:__main__:FuncIndex is 1299, start time is 1620723631.6557164
INFO:__main__:FuncIndex is 1299, end time is 1620723631.7477398
INFO:__main__:used memory: 0 M
INFO:__main__:FuncIndex is 1299, time overhead is 0.09202337265014648
INFO:__main__:FuncIndex is 1300, start time is 1620723631.7503867
INFO:root:unsupport call_indirect now
INFO:__main__:FuncIndex is 1300, end time is 1620723631.7787943
INFO:__main__:used memory: 1 M
INFO:__main__:FuncIndex is 1300, time overhead is 0.028407573699951172
INFO:__main__:FuncIndex is 1301, start time is 1620723631.7795086
INFO:__main__:FuncIndex is 1301, end time is 1620723632.1369507
INFO:__main__:used memory: -1 M
INFO:__main__:FuncIndex is 1301, time overhead is 0.35744214057922363
INFO:__main__:FuncIndex is 1302, start time is 1620723632.1405838
INFO:__main__:FuncIndex is 1302, end time is 1620723632.1990092
INFO:__main__:used memory: 0 M
INFO:__main__:FuncIndex is 1302, time overhead is 0.0584254264831543
INFO:__main__:FuncIndex is 1303, start time is 1620723632.2019808
INFO:__main__:FuncIndex is 1303, end time is 1620723633.7899632
INFO:__main__:used memory: 0 M
INFO:__main__:FuncIndex is 1303, time overhead is 1.587982416152954
INFO:__main__:FuncIndex is 1304, start time is 1620723633.7907293
INFO:root:unsupport call_indirect now
INFO:__main__:FuncIndex is 1304, end time is 1620723633.8233292
INFO:__main__:used memory: 0 M
INFO:__main__:FuncIndex is 1304, time overhead is 0.03259992599487305
INFO:__main__:FuncIndex is 1305, start time is 1620723633.824031
INFO:root:unsupport call_indirect now
INFO:__main__:FuncIndex is 1305, end time is 1620723633.8548226
INFO:__main__:used memory: 0 M
INFO:__main__:FuncIndex is 1305, time overhead is 0.030791521072387695
INFO:__main__:FuncIndex is 1306, start time is 1620723633.8554723
INFO:root:unsupport call_indirect now
INFO:__main__:FuncIndex is 1306, end time is 1620723633.8848047
INFO:__main__:used memory: 0 M
INFO:__main__:FuncIndex is 1306, time overhead is 0.029332399368286133
INFO:__main__:FuncIndex is 1307, start time is 1620723633.8857057
INFO:root:unsupport call_indirect now
INFO:__main__:FuncIndex is 1307, end time is 1620723633.9161339
INFO:__main__:used memory: 1 M
INFO:__main__:FuncIndex is 1307, time overhead is 0.030428171157836914
INFO:__main__:FuncIndex is 1308, start time is 1620723633.9169154
INFO:root:unsupport call_indirect now
INFO:__main__:FuncIndex is 1308, end time is 1620723633.9463623
INFO:__main__:used memory: -1 M
INFO:__main__:FuncIndex is 1308, time overhead is 0.029446840286254883
INFO:__main__:FuncIndex is 1309, start time is 1620723633.9470735
INFO:root:unsupport call_indirect now
INFO:__main__:FuncIndex is 1309, end time is 1620723633.9774945
INFO:__main__:used memory: 1 M
INFO:__main__:FuncIndex is 1309, time overhead is 0.030421018600463867
INFO:__main__:FuncIndex is 1310, start time is 1620723633.978187
INFO:root:unsupport call_indirect now
INFO:__main__:FuncIndex is 1310, end time is 1620723634.0077748
INFO:__main__:used memory: -1 M
INFO:__main__:FuncIndex is 1310, time overhead is 0.029587745666503906
INFO:__main__:FuncIndex is 1311, start time is 1620723634.0085273
INFO:root:unsupport call_indirect now
INFO:__main__:FuncIndex is 1311, end time is 1620723634.0399165
INFO:__main__:used memory: 1 M
INFO:__main__:FuncIndex is 1311, time overhead is 0.03138923645019531
INFO:__main__:FuncIndex is 1312, start time is 1620723634.040624
INFO:root:unsupport call_indirect now
INFO:__main__:FuncIndex is 1312, end time is 1620723634.0739505
INFO:__main__:used memory: 0 M
INFO:__main__:FuncIndex is 1312, time overhead is 0.03332662582397461
INFO:__main__:FuncIndex is 1313, start time is 1620723634.0747328
INFO:root:unsupport call_indirect now
INFO:__main__:FuncIndex is 1313, end time is 1620723634.1047907
INFO:__main__:used memory: 0 M
INFO:__main__:FuncIndex is 1313, time overhead is 0.030057907104492188
INFO:__main__:FuncIndex is 1314, start time is 1620723634.1055307
INFO:root:unsupport call_indirect now
INFO:__main__:FuncIndex is 1314, end time is 1620723634.1346562
INFO:__main__:used memory: -1 M
INFO:__main__:FuncIndex is 1314, time overhead is 0.029125452041625977
INFO:__main__:FuncIndex is 1315, start time is 1620723634.1353571
INFO:root:unsupport call_indirect now
INFO:__main__:FuncIndex is 1315, end time is 1620723634.1655414
INFO:__main__:used memory: 0 M
INFO:__main__:FuncIndex is 1315, time overhead is 0.030184268951416016
INFO:__main__:FuncIndex is 1316, start time is 1620723634.166229
INFO:root:unsupport call_indirect now
INFO:__main__:FuncIndex is 1316, end time is 1620723634.1952138
INFO:__main__:used memory: 1 M
INFO:__main__:FuncIndex is 1316, time overhead is 0.028984785079956055
INFO:__main__:FuncIndex is 1317, start time is 1620723634.1960092
INFO:root:unsupport call_indirect now
INFO:__main__:FuncIndex is 1317, end time is 1620723634.22409
INFO:__main__:used memory: -1 M
INFO:__main__:FuncIndex is 1317, time overhead is 0.02808094024658203
INFO:__main__:FuncIndex is 1318, start time is 1620723634.224826
INFO:root:unsupport call_indirect now
INFO:__main__:FuncIndex is 1318, end time is 1620723634.253329
INFO:__main__:used memory: 0 M
INFO:__main__:FuncIndex is 1318, time overhead is 0.028502941131591797
INFO:__main__:FuncIndex is 1319, start time is 1620723634.2540116
INFO:root:unsupport call_indirect now
INFO:__main__:FuncIndex is 1319, end time is 1620723634.282023
INFO:__main__:used memory: 0 M
INFO:__main__:FuncIndex is 1319, time overhead is 0.028011322021484375
INFO:__main__:FuncIndex is 1320, start time is 1620723634.282728
INFO:root:unsupport call_indirect now
INFO:__main__:FuncIndex is 1320, end time is 1620723634.3126712
INFO:__main__:used memory: -1 M
INFO:__main__:FuncIndex is 1320, time overhead is 0.029943227767944336
INFO:__main__:FuncIndex is 1321, start time is 1620723634.3134317
INFO:root:unsupport call_indirect now
INFO:__main__:FuncIndex is 1321, end time is 1620723634.34175
INFO:__main__:used memory: 1 M
INFO:__main__:FuncIndex is 1321, time overhead is 0.028318166732788086
INFO:__main__:FuncIndex is 1322, start time is 1620723634.342443
INFO:root:unsupport call_indirect now
INFO:__main__:FuncIndex is 1322, end time is 1620723634.3706183
INFO:__main__:used memory: 0 M
INFO:__main__:FuncIndex is 1322, time overhead is 0.02817535400390625
INFO:__main__:FuncIndex is 1323, start time is 1620723634.371293
INFO:root:unsupport call_indirect now
INFO:__main__:FuncIndex is 1323, end time is 1620723634.3990834
INFO:__main__:used memory: 0 M
INFO:__main__:FuncIndex is 1323, time overhead is 0.027790307998657227
INFO:__main__:FuncIndex is 1324, start time is 1620723634.3998408
INFO:__main__:FuncIndex is 1324, end time is 1620723634.438633
INFO:__main__:used memory: 0 M
INFO:__main__:FuncIndex is 1324, time overhead is 0.03879213333129883
INFO:__main__:FuncIndex is 1325, start time is 1620723634.439309
INFO:__main__:FuncIndex is 1325, end time is 1620723634.5249162
INFO:__main__:used memory: -1 M
INFO:__main__:FuncIndex is 1325, time overhead is 0.08560729026794434
INFO:__main__:FuncIndex is 1326, start time is 1620723634.527833
INFO:__main__:FuncIndex is 1326, end time is 1620723634.8221993
INFO:__main__:used memory: 0 M
INFO:__main__:FuncIndex is 1326, time overhead is 0.29436635971069336
INFO:__main__:FuncIndex is 1327, start time is 1620723634.8257546
INFO:__main__:[exception] used memory: 0 M
INFO:__main__:[exception] FuncIndex is 1327, time overhead is 0.15371322631835938
INFO:__main__:FuncIndex is 1328, start time is 1620723634.9823163
INFO:__main__:FuncIndex is 1328, end time is 1620723635.031858
INFO:__main__:used memory: -1 M
INFO:__main__:FuncIndex is 1328, time overhead is 0.04954171180725098
INFO:__main__:FuncIndex is 1329, start time is 1620723635.0346968
INFO:__main__:FuncIndex is 1329, end time is 1620723635.0727458
INFO:__main__:used memory: 0 M
INFO:__main__:FuncIndex is 1329, time overhead is 0.03804898262023926
INFO:__main__:FuncIndex is 1330, start time is 1620723635.0734372
INFO:root:unsupport call_indirect now
INFO:__main__:FuncIndex is 1330, end time is 1620723635.1132972
INFO:__main__:used memory: 0 M
INFO:__main__:FuncIndex is 1330, time overhead is 0.03986001014709473
INFO:__main__:FuncIndex is 1331, start time is 1620723635.1139395
INFO:root:unsupport call_indirect now
INFO:root:unsupport call_indirect now
INFO:__main__:FuncIndex is 1331, end time is 1620723635.2468567
INFO:__main__:used memory: 0 M
INFO:__main__:FuncIndex is 1331, time overhead is 0.13291716575622559
INFO:__main__:FuncIndex is 1332, start time is 1620723635.2496624
INFO:root:unsupport call_indirect now
INFO:__main__:FuncIndex is 1332, end time is 1620723635.289783
INFO:__main__:used memory: 1 M
INFO:__main__:FuncIndex is 1332, time overhead is 0.040120601654052734
INFO:__main__:FuncIndex is 1333, start time is 1620723635.290434
INFO:root:unsupport call_indirect now
INFO:root:unsupport call_indirect now
INFO:__main__:FuncIndex is 1333, end time is 1620723635.361863
INFO:__main__:used memory: 1 M
INFO:__main__:FuncIndex is 1333, time overhead is 0.07142901420593262
INFO:__main__:FuncIndex is 1334, start time is 1620723635.3624883
INFO:root:unsupport call_indirect now
INFO:__main__:FuncIndex is 1334, end time is 1620723635.4669049
INFO:__main__:used memory: -2 M
INFO:__main__:FuncIndex is 1334, time overhead is 0.1044166088104248
INFO:__main__:FuncIndex is 1335, start time is 1620723635.469749
INFO:__main__:FuncIndex is 1335, end time is 1620723635.4988499
INFO:__main__:used memory: 2 M
INFO:__main__:FuncIndex is 1335, time overhead is 0.029100894927978516
INFO:__main__:FuncIndex is 1336, start time is 1620723635.499495
INFO:__main__:FuncIndex is 1336, end time is 1620723635.5291193
INFO:__main__:used memory: -1 M
INFO:__main__:FuncIndex is 1336, time overhead is 0.029624223709106445
INFO:__main__:FuncIndex is 1337, start time is 1620723635.5297832
INFO:__main__:FuncIndex is 1337, end time is 1620723635.5561929
INFO:__main__:used memory: 1 M
INFO:__main__:FuncIndex is 1337, time overhead is 0.026409626007080078
INFO:__main__:FuncIndex is 1338, start time is 1620723635.556974
INFO:__main__:FuncIndex is 1338, end time is 1620723635.5863342
INFO:__main__:used memory: 1 M
INFO:__main__:FuncIndex is 1338, time overhead is 0.029360294342041016
INFO:__main__:FuncIndex is 1339, start time is 1620723635.5870092
INFO:__main__:FuncIndex is 1339, end time is 1620723635.6118102
INFO:__main__:used memory: 1 M
INFO:__main__:FuncIndex is 1339, time overhead is 0.024801015853881836
INFO:__main__:FuncIndex is 1340, start time is 1620723635.6124918
INFO:root:b'Sorts (_ BitVec 256) and (_ BitVec 32) are incompatible'
INFO:__main__:FuncIndex is 1340, end time is 1620723635.643963
INFO:__main__:used memory: -1 M
INFO:__main__:FuncIndex is 1340, time overhead is 0.03147125244140625
INFO:__main__:FuncIndex is 1341, start time is 1620723635.6446214
INFO:__main__:[exception] used memory: 0 M
INFO:__main__:[exception] FuncIndex is 1341, time overhead is 0.3840634822845459
INFO:__main__:FuncIndex is 1342, start time is 1620723636.03157
INFO:__main__:FuncIndex is 1342, end time is 1620723636.0609386
INFO:__main__:used memory: 1 M
INFO:__main__:FuncIndex is 1342, time overhead is 0.02936863899230957
INFO:__main__:FuncIndex is 1343, start time is 1620723636.0616827
INFO:__main__:FuncIndex is 1343, end time is 1620723636.107368
INFO:__main__:used memory: 0 M
INFO:__main__:FuncIndex is 1343, time overhead is 0.0456852912902832
INFO:__main__:FuncIndex is 1344, start time is 1620723636.1080558
INFO:root:sort mismatch
INFO:__main__:FuncIndex is 1344, end time is 1620723636.2805922
INFO:__main__:used memory: 0 M
INFO:__main__:FuncIndex is 1344, time overhead is 0.17253637313842773
INFO:__main__:FuncIndex is 1345, start time is 1620723636.281284
INFO:root:b'Sorts (_ BitVec 32) and (_ BitVec 64) are incompatible'
INFO:__main__:FuncIndex is 1345, end time is 1620723636.3140063
INFO:__main__:used memory: 0 M
INFO:__main__:FuncIndex is 1345, time overhead is 0.03272223472595215
INFO:__main__:FuncIndex is 1346, start time is 1620723636.3147573
INFO:root:b'Sorts (_ BitVec 32) and (_ BitVec 64) are incompatible'
INFO:__main__:FuncIndex is 1346, end time is 1620723636.3452473
INFO:__main__:used memory: 1 M
INFO:__main__:FuncIndex is 1346, time overhead is 0.03048992156982422
INFO:__main__:FuncIndex is 1347, start time is 1620723636.3459287
INFO:root:unsupport call_indirect now
INFO:root:unsupport call_indirect now
INFO:root:unsupport call_indirect now
INFO:root:unsupport call_indirect now
INFO:__main__:FuncIndex is 1347, end time is 1620723637.4172595
INFO:__main__:used memory: -2 M
INFO:__main__:FuncIndex is 1347, time overhead is 1.0713307857513428
INFO:__main__:FuncIndex is 1348, start time is 1620723637.419955
INFO:__main__:FuncIndex is 1348, end time is 1620723637.6033359
INFO:__main__:used memory: 0 M
INFO:__main__:FuncIndex is 1348, time overhead is 0.1833808422088623
INFO:__main__:FuncIndex is 1349, start time is 1620723637.606609
INFO:__main__:FuncIndex is 1349, end time is 1620723637.7213023
INFO:__main__:used memory: 0 M
INFO:__main__:FuncIndex is 1349, time overhead is 0.11469316482543945
INFO:__main__:FuncIndex is 1350, start time is 1620723637.72414
INFO:__main__:FuncIndex is 1350, end time is 1620723637.7596264
INFO:__main__:used memory: 0 M
INFO:__main__:FuncIndex is 1350, time overhead is 0.035486459732055664
INFO:__main__:FuncIndex is 1351, start time is 1620723637.7603333
INFO:__main__:FuncIndex is 1351, end time is 1620723637.807417
INFO:__main__:used memory: 1 M
INFO:__main__:FuncIndex is 1351, time overhead is 0.04708361625671387
INFO:__main__:FuncIndex is 1352, start time is 1620723637.8080556
INFO:__main__:FuncIndex is 1352, end time is 1620723637.8404233
INFO:__main__:used memory: 1 M
INFO:__main__:FuncIndex is 1352, time overhead is 0.032367706298828125
INFO:__main__:FuncIndex is 1353, start time is 1620723637.8411734
INFO:__main__:FuncIndex is 1353, end time is 1620723637.8830009
INFO:__main__:used memory: 0 M
INFO:__main__:FuncIndex is 1353, time overhead is 0.04182744026184082
INFO:__main__:FuncIndex is 1354, start time is 1620723637.8836496
INFO:__main__:FuncIndex is 1354, end time is 1620723637.9186592
INFO:__main__:used memory: 0 M
INFO:__main__:FuncIndex is 1354, time overhead is 0.03500962257385254
INFO:__main__:FuncIndex is 1355, start time is 1620723637.9193652
INFO:__main__:FuncIndex is 1355, end time is 1620723637.9521432
INFO:__main__:used memory: 0 M
INFO:__main__:FuncIndex is 1355, time overhead is 0.032778024673461914
INFO:__main__:FuncIndex is 1356, start time is 1620723637.952878
INFO:__main__:FuncIndex is 1356, end time is 1620723637.985557
INFO:__main__:used memory: 0 M
INFO:__main__:FuncIndex is 1356, time overhead is 0.032679080963134766
INFO:__main__:FuncIndex is 1357, start time is 1620723637.9861853
INFO:__main__:FuncIndex is 1357, end time is 1620723638.018747
INFO:__main__:used memory: 0 M
INFO:__main__:FuncIndex is 1357, time overhead is 0.0325617790222168
INFO:__main__:FuncIndex is 1358, start time is 1620723638.0194185
INFO:__main__:FuncIndex is 1358, end time is 1620723638.0494623
INFO:__main__:used memory: 0 M
INFO:__main__:FuncIndex is 1358, time overhead is 0.030043840408325195
INFO:__main__:FuncIndex is 1359, start time is 1620723638.0502014
INFO:__main__:FuncIndex is 1359, end time is 1620723638.0829275
INFO:__main__:used memory: -1 M
INFO:__main__:FuncIndex is 1359, time overhead is 0.03272604942321777
INFO:__main__:FuncIndex is 1360, start time is 1620723638.083596
INFO:__main__:FuncIndex is 1360, end time is 1620723638.1157818
INFO:__main__:used memory: 2 M
INFO:__main__:FuncIndex is 1360, time overhead is 0.03218579292297363
INFO:__main__:FuncIndex is 1361, start time is 1620723638.1164415
INFO:__main__:FuncIndex is 1361, end time is 1620723638.1496787
INFO:__main__:used memory: -2 M
INFO:__main__:FuncIndex is 1361, time overhead is 0.03323721885681152
INFO:__main__:FuncIndex is 1362, start time is 1620723638.1504066
INFO:__main__:FuncIndex is 1362, end time is 1620723638.182727
INFO:__main__:used memory: 1 M
INFO:__main__:FuncIndex is 1362, time overhead is 0.032320499420166016
INFO:__main__:FuncIndex is 1363, start time is 1620723638.1834066
INFO:root:fpMin() missing 1 required positional argument: 'b'
INFO:root:fpMin() missing 1 required positional argument: 'b'
INFO:root:fpMin() missing 1 required positional argument: 'b'
INFO:root:fpMin() missing 1 required positional argument: 'b'
INFO:root:fpMin() missing 1 required positional argument: 'b'
INFO:root:fpMin() missing 1 required positional argument: 'b'
INFO:root:fpMin() missing 1 required positional argument: 'b'
INFO:root:fpMin() missing 1 required positional argument: 'b'
INFO:root:fpMin() missing 1 required positional argument: 'b'
INFO:root:fpMin() missing 1 required positional argument: 'b'
INFO:root:fpMin() missing 1 required positional argument: 'b'
INFO:root:fpMin() missing 1 required positional argument: 'b'
INFO:root:fpMin() missing 1 required positional argument: 'b'
INFO:root:fpMin() missing 1 required positional argument: 'b'
INFO:root:fpMin() missing 1 required positional argument: 'b'
INFO:root:fpMin() missing 1 required positional argument: 'b'
INFO:root:fpMin() missing 1 required positional argument: 'b'
INFO:root:fpMin() missing 1 required positional argument: 'b'
INFO:root:fpMin() missing 1 required positional argument: 'b'
INFO:root:fpMin() missing 1 required positional argument: 'b'
INFO:root:fpMin() missing 1 required positional argument: 'b'
INFO:root:fpMin() missing 1 required positional argument: 'b'
INFO:root:fpMin() missing 1 required positional argument: 'b'
INFO:root:fpMin() missing 1 required positional argument: 'b'
INFO:root:fpMin() missing 1 required positional argument: 'b'
INFO:root:fpMin() missing 1 required positional argument: 'b'
INFO:root:fpMin() missing 1 required positional argument: 'b'
INFO:root:fpMin() missing 1 required positional argument: 'b'
INFO:root:fpMin() missing 1 required positional argument: 'b'
INFO:root:fpMin() missing 1 required positional argument: 'b'
INFO:root:fpMin() missing 1 required positional argument: 'b'
INFO:root:fpMin() missing 1 required positional argument: 'b'
INFO:root:fpMin() missing 1 required positional argument: 'b'
INFO:root:fpMin() missing 1 required positional argument: 'b'
INFO:root:fpMin() missing 1 required positional argument: 'b'
INFO:root:fpMin() missing 1 required positional argument: 'b'
INFO:__main__:[exception] used memory: -1 M
INFO:__main__:[exception] FuncIndex is 1363, time overhead is 10.000362396240234
INFO:__main__:FuncIndex is 1364, start time is 1620723648.1867704
INFO:root:b'Sorts (_ BitVec 32) and (_ BitVec 64) are incompatible'
INFO:__main__:FuncIndex is 1364, end time is 1620723648.235658
INFO:__main__:used memory: -1 M
INFO:__main__:FuncIndex is 1364, time overhead is 0.04888749122619629
INFO:__main__:FuncIndex is 1365, start time is 1620723648.23641
INFO:__main__:FuncIndex is 1365, end time is 1620723648.269756
INFO:__main__:used memory: 1 M
INFO:__main__:FuncIndex is 1365, time overhead is 0.03334617614746094
INFO:__main__:FuncIndex is 1366, start time is 1620723648.2704208
INFO:__main__:FuncIndex is 1366, end time is 1620723648.3036027
INFO:__main__:used memory: -1 M
INFO:__main__:FuncIndex is 1366, time overhead is 0.03318190574645996
INFO:__main__:FuncIndex is 1367, start time is 1620723648.3042998
INFO:__main__:FuncIndex is 1367, end time is 1620723648.3368769
INFO:__main__:used memory: 2 M
INFO:__main__:FuncIndex is 1367, time overhead is 0.0325770378112793
INFO:__main__:FuncIndex is 1368, start time is 1620723648.3375707
INFO:__main__:FuncIndex is 1368, end time is 1620723648.3703985
INFO:__main__:used memory: -2 M
INFO:__main__:FuncIndex is 1368, time overhead is 0.03282785415649414
INFO:__main__:FuncIndex is 1369, start time is 1620723648.3710504
INFO:__main__:FuncIndex is 1369, end time is 1620723648.4044983
INFO:__main__:used memory: 1 M
INFO:__main__:FuncIndex is 1369, time overhead is 0.033447980880737305
INFO:__main__:FuncIndex is 1370, start time is 1620723648.4052193
INFO:__main__:FuncIndex is 1370, end time is 1620723648.4376137
INFO:__main__:used memory: 0 M
INFO:__main__:FuncIndex is 1370, time overhead is 0.0323944091796875
INFO:__main__:FuncIndex is 1371, start time is 1620723648.4382627
INFO:__main__:FuncIndex is 1371, end time is 1620723648.471097
INFO:__main__:used memory: 1 M
INFO:__main__:FuncIndex is 1371, time overhead is 0.03283429145812988
INFO:__main__:FuncIndex is 1372, start time is 1620723648.4717617
INFO:__main__:FuncIndex is 1372, end time is 1620723648.504822
INFO:__main__:used memory: 0 M
INFO:__main__:FuncIndex is 1372, time overhead is 0.033060312271118164
INFO:__main__:FuncIndex is 1373, start time is 1620723648.5055141
INFO:__main__:FuncIndex is 1373, end time is 1620723648.5385554
INFO:__main__:used memory: -1 M
INFO:__main__:FuncIndex is 1373, time overhead is 0.03304123878479004
INFO:__main__:FuncIndex is 1374, start time is 1620723648.5392468
INFO:root:fpMin() missing 1 required positional argument: 'b'
INFO:__main__:FuncIndex is 1374, end time is 1620723648.6474156
INFO:__main__:used memory: 0 M
INFO:__main__:FuncIndex is 1374, time overhead is 0.1081688404083252
INFO:__main__:FuncIndex is 1375, start time is 1620723648.6502554
INFO:__main__:FuncIndex is 1375, end time is 1620723648.6823826
INFO:__main__:used memory: 0 M
INFO:__main__:FuncIndex is 1375, time overhead is 0.03212714195251465
INFO:__main__:FuncIndex is 1376, start time is 1620723648.683038
INFO:__main__:FuncIndex is 1376, end time is 1620723648.729693
INFO:__main__:used memory: 0 M
INFO:__main__:FuncIndex is 1376, time overhead is 0.04665493965148926
INFO:__main__:FuncIndex is 1377, start time is 1620723648.7327986
INFO:__main__:FuncIndex is 1377, end time is 1620723648.8104763
INFO:__main__:used memory: 0 M
INFO:__main__:FuncIndex is 1377, time overhead is 0.07767772674560547
INFO:__main__:FuncIndex is 1378, start time is 1620723648.8134558
INFO:__main__:[exception] used memory: 0 M
INFO:__main__:[exception] FuncIndex is 1378, time overhead is 0.06567740440368652
INFO:__main__:FuncIndex is 1379, start time is 1620723648.8806381
INFO:__main__:[exception] used memory: -1 M
INFO:__main__:[exception] FuncIndex is 1379, time overhead is 7.652632236480713
INFO:__main__:FuncIndex is 1380, start time is 1620723656.5373132
INFO:__main__:FuncIndex is 1380, end time is 1620723656.685784
INFO:__main__:used memory: 0 M
INFO:__main__:FuncIndex is 1380, time overhead is 0.14847087860107422
INFO:__main__:FuncIndex is 1381, start time is 1620723656.6883337
INFO:__main__:FuncIndex is 1381, end time is 1620723656.7416222
INFO:__main__:used memory: 1 M
INFO:__main__:FuncIndex is 1381, time overhead is 0.05328845977783203
INFO:__main__:FuncIndex is 1382, start time is 1620723656.7421882
INFO:root:b'Sorts (_ BitVec 256) and (_ BitVec 32) are incompatible'
INFO:__main__:FuncIndex is 1382, end time is 1620723656.7738383
INFO:__main__:used memory: 1 M
INFO:__main__:FuncIndex is 1382, time overhead is 0.03165006637573242
INFO:__main__:FuncIndex is 1383, start time is 1620723656.7745264
INFO:__main__:FuncIndex is 1383, end time is 1620723656.80083
INFO:__main__:used memory: -1 M
INFO:__main__:FuncIndex is 1383, time overhead is 0.026303529739379883
INFO:__main__:FuncIndex is 1384, start time is 1620723656.8016722
INFO:__main__:FuncIndex is 1384, end time is 1620723656.8973699
INFO:__main__:used memory: -1 M
INFO:__main__:FuncIndex is 1384, time overhead is 0.09569764137268066
INFO:__main__:FuncIndex is 1385, start time is 1620723656.900595
INFO:__main__:FuncIndex is 1385, end time is 1620723656.965469
INFO:__main__:used memory: 0 M
INFO:__main__:FuncIndex is 1385, time overhead is 0.06487393379211426
INFO:__main__:FuncIndex is 1386, start time is 1620723656.9684045
INFO:__main__:FuncIndex is 1386, end time is 1620723657.0161219
INFO:__main__:used memory: 1 M
INFO:__main__:FuncIndex is 1386, time overhead is 0.04771733283996582
INFO:__main__:FuncIndex is 1387, start time is 1620723657.0193048
INFO:__main__:FuncIndex is 1387, end time is 1620723657.0716403
INFO:__main__:used memory: 0 M
INFO:__main__:FuncIndex is 1387, time overhead is 0.052335500717163086
INFO:__main__:FuncIndex is 1388, start time is 1620723657.0748053
INFO:__main__:FuncIndex is 1388, end time is 1620723657.202683
INFO:__main__:used memory: 0 M
INFO:__main__:FuncIndex is 1388, time overhead is 0.12787771224975586
INFO:__main__:FuncIndex is 1389, start time is 1620723657.2054543
INFO:__main__:FuncIndex is 1389, end time is 1620723657.2531114
INFO:__main__:used memory: 0 M
INFO:__main__:FuncIndex is 1389, time overhead is 0.047657012939453125
INFO:__main__:FuncIndex is 1390, start time is 1620723657.2538354
INFO:__main__:FuncIndex is 1390, end time is 1620723657.309668
INFO:__main__:used memory: 0 M
INFO:__main__:FuncIndex is 1390, time overhead is 0.055832624435424805
INFO:__main__:FuncIndex is 1391, start time is 1620723657.3103654
INFO:__main__:FuncIndex is 1391, end time is 1620723657.3578343
INFO:__main__:used memory: 0 M
INFO:__main__:FuncIndex is 1391, time overhead is 0.04746890068054199
INFO:__main__:FuncIndex is 1392, start time is 1620723657.3585126
INFO:root:fpMin() missing 1 required positional argument: 'b'
INFO:root:fpMin() missing 1 required positional argument: 'b'
INFO:__main__:FuncIndex is 1392, end time is 1620723657.7244396
INFO:__main__:used memory: -1 M
INFO:__main__:FuncIndex is 1392, time overhead is 0.36592698097229004
INFO:__main__:FuncIndex is 1393, start time is 1620723657.7278674
INFO:__main__:FuncIndex is 1393, end time is 1620723657.7738662
INFO:__main__:used memory: 1 M
INFO:__main__:FuncIndex is 1393, time overhead is 0.04599881172180176
INFO:__main__:FuncIndex is 1394, start time is 1620723657.776913
INFO:__main__:FuncIndex is 1394, end time is 1620723657.8164256
INFO:__main__:used memory: -1 M
INFO:__main__:FuncIndex is 1394, time overhead is 0.03951263427734375
INFO:__main__:FuncIndex is 1395, start time is 1620723657.81942
INFO:__main__:FuncIndex is 1395, end time is 1620723657.8544416
INFO:__main__:used memory: 1 M
INFO:__main__:FuncIndex is 1395, time overhead is 0.03502154350280762
INFO:__main__:FuncIndex is 1396, start time is 1620723657.855114
INFO:__main__:FuncIndex is 1396, end time is 1620723657.9035256
INFO:__main__:used memory: -1 M
INFO:__main__:FuncIndex is 1396, time overhead is 0.04841160774230957
INFO:__main__:FuncIndex is 1397, start time is 1620723657.904225
INFO:__main__:FuncIndex is 1397, end time is 1620723657.9526124
INFO:__main__:used memory: 1 M
INFO:__main__:FuncIndex is 1397, time overhead is 0.04838728904724121
INFO:__main__:FuncIndex is 1398, start time is 1620723657.9533741
INFO:__main__:FuncIndex is 1398, end time is 1620723657.990681
INFO:__main__:used memory: 1 M
INFO:__main__:FuncIndex is 1398, time overhead is 0.037306785583496094
INFO:__main__:FuncIndex is 1399, start time is 1620723657.9913635
INFO:__main__:FuncIndex is 1399, end time is 1620723658.032549
INFO:__main__:used memory: 0 M
INFO:__main__:FuncIndex is 1399, time overhead is 0.04118537902832031
INFO:__main__:FuncIndex is 1400, start time is 1620723658.0355508
INFO:__main__:FuncIndex is 1400, end time is 1620723658.0936697
INFO:__main__:used memory: 0 M
INFO:__main__:FuncIndex is 1400, time overhead is 0.05811882019042969
INFO:__main__:FuncIndex is 1401, start time is 1620723658.0965898
INFO:__main__:FuncIndex is 1401, end time is 1620723658.1393867
INFO:__main__:used memory: 0 M
INFO:__main__:FuncIndex is 1401, time overhead is 0.04279685020446777
INFO:__main__:FuncIndex is 1402, start time is 1620723658.1400983
INFO:__main__:FuncIndex is 1402, end time is 1620723658.1776512
INFO:__main__:used memory: 0 M
INFO:__main__:FuncIndex is 1402, time overhead is 0.037552833557128906
INFO:__main__:FuncIndex is 1403, start time is 1620723658.178302
INFO:root:fpMin() missing 1 required positional argument: 'b'
INFO:__main__:FuncIndex is 1403, end time is 1620723658.2813263
INFO:__main__:used memory: 0 M
INFO:__main__:FuncIndex is 1403, time overhead is 0.10302424430847168
INFO:__main__:FuncIndex is 1404, start time is 1620723658.2839823
INFO:__main__:FuncIndex is 1404, end time is 1620723658.3179157
INFO:__main__:used memory: 1 M
INFO:__main__:FuncIndex is 1404, time overhead is 0.033933401107788086
INFO:__main__:FuncIndex is 1405, start time is 1620723658.3185854
INFO:__main__:FuncIndex is 1405, end time is 1620723658.3537297
INFO:__main__:used memory: -1 M
INFO:__main__:FuncIndex is 1405, time overhead is 0.03514432907104492
INFO:__main__:FuncIndex is 1406, start time is 1620723658.3543923
INFO:__main__:FuncIndex is 1406, end time is 1620723658.3937175
INFO:__main__:used memory: 0 M
INFO:__main__:FuncIndex is 1406, time overhead is 0.03932523727416992
INFO:__main__:FuncIndex is 1407, start time is 1620723658.3967707
INFO:__main__:FuncIndex is 1407, end time is 1620723658.4444492
INFO:__main__:used memory: 0 M
INFO:__main__:FuncIndex is 1407, time overhead is 0.047678470611572266
INFO:__main__:FuncIndex is 1408, start time is 1620723658.4451723
INFO:__main__:FuncIndex is 1408, end time is 1620723658.5143132
INFO:__main__:used memory: 1 M
INFO:__main__:FuncIndex is 1408, time overhead is 0.06914091110229492
INFO:__main__:FuncIndex is 1409, start time is 1620723658.5173671
INFO:__main__:FuncIndex is 1409, end time is 1620723658.5472403
INFO:__main__:used memory: 0 M
INFO:__main__:FuncIndex is 1409, time overhead is 0.029873132705688477
INFO:__main__:FuncIndex is 1410, start time is 1620723658.5479224
INFO:__main__:FuncIndex is 1410, end time is 1620723658.5772123
INFO:__main__:used memory: 0 M
INFO:__main__:FuncIndex is 1410, time overhead is 0.029289960861206055
INFO:__main__:FuncIndex is 1411, start time is 1620723658.5779014
INFO:__main__:FuncIndex is 1411, end time is 1620723658.6038969
INFO:__main__:used memory: 0 M
INFO:__main__:FuncIndex is 1411, time overhead is 0.025995492935180664
INFO:__main__:FuncIndex is 1412, start time is 1620723658.6046693
INFO:__main__:FuncIndex is 1412, end time is 1620723658.6350622
INFO:__main__:used memory: 0 M
INFO:__main__:FuncIndex is 1412, time overhead is 0.030392885208129883
INFO:__main__:FuncIndex is 1413, start time is 1620723658.6357565
INFO:__main__:FuncIndex is 1413, end time is 1620723658.6663702
INFO:__main__:used memory: -1 M
INFO:__main__:FuncIndex is 1413, time overhead is 0.03061366081237793
INFO:__main__:FuncIndex is 1414, start time is 1620723658.6670578
INFO:root:fpMin() missing 1 required positional argument: 'b'
INFO:__main__:FuncIndex is 1414, end time is 1620723658.7841434
INFO:__main__:used memory: 1 M
INFO:__main__:FuncIndex is 1414, time overhead is 0.11708569526672363
INFO:__main__:FuncIndex is 1415, start time is 1620723658.7868524
INFO:__main__:FuncIndex is 1415, end time is 1620723658.8143473
INFO:__main__:used memory: -1 M
INFO:__main__:FuncIndex is 1415, time overhead is 0.02749490737915039
INFO:__main__:FuncIndex is 1416, start time is 1620723658.8150227
INFO:__main__:FuncIndex is 1416, end time is 1620723658.8430858
INFO:__main__:used memory: -1 M
INFO:__main__:FuncIndex is 1416, time overhead is 0.028063058853149414
INFO:__main__:FuncIndex is 1417, start time is 1620723658.8437545
INFO:__main__:FuncIndex is 1417, end time is 1620723658.8718953
INFO:__main__:used memory: 2 M
INFO:__main__:FuncIndex is 1417, time overhead is 0.028140783309936523
INFO:__main__:FuncIndex is 1418, start time is 1620723658.8725822
INFO:__main__:FuncIndex is 1418, end time is 1620723658.9017143
INFO:__main__:used memory: 1 M
INFO:__main__:FuncIndex is 1418, time overhead is 0.02913212776184082
INFO:__main__:FuncIndex is 1419, start time is 1620723658.9024067
INFO:__main__:FuncIndex is 1419, end time is 1620723658.949738
INFO:__main__:used memory: -2 M
INFO:__main__:FuncIndex is 1419, time overhead is 0.04733133316040039
INFO:__main__:FuncIndex is 1420, start time is 1620723658.9504507
INFO:root:Value cannot be converted into a Z3 Boolean value
INFO:__main__:FuncIndex is 1420, end time is 1620723659.013428
INFO:__main__:used memory: 0 M
INFO:__main__:FuncIndex is 1420, time overhead is 0.06297731399536133
INFO:__main__:FuncIndex is 1421, start time is 1620723659.0164478
INFO:__main__:FuncIndex is 1421, end time is 1620723659.0463538
INFO:__main__:used memory: -1 M
INFO:__main__:FuncIndex is 1421, time overhead is 0.029906034469604492
INFO:__main__:FuncIndex is 1422, start time is 1620723659.0470152
INFO:__main__:FuncIndex is 1422, end time is 1620723659.0909653
INFO:__main__:used memory: 0 M
INFO:__main__:FuncIndex is 1422, time overhead is 0.04395008087158203
INFO:__main__:FuncIndex is 1423, start time is 1620723659.094127
INFO:__main__:FuncIndex is 1423, end time is 1620723659.1339529
INFO:__main__:used memory: 1 M
INFO:__main__:FuncIndex is 1423, time overhead is 0.0398259162902832
INFO:__main__:FuncIndex is 1424, start time is 1620723659.1369543
INFO:root:fpMin() missing 1 required positional argument: 'b'
INFO:root:fpMin() missing 1 required positional argument: 'b'
INFO:__main__:FuncIndex is 1424, end time is 1620723659.3004415
INFO:__main__:used memory: -1 M
INFO:__main__:FuncIndex is 1424, time overhead is 0.16348719596862793
INFO:__main__:FuncIndex is 1425, start time is 1620723659.3035357
INFO:__main__:FuncIndex is 1425, end time is 1620723659.3379598
INFO:__main__:used memory: 0 M
INFO:__main__:FuncIndex is 1425, time overhead is 0.0344240665435791
INFO:__main__:FuncIndex is 1426, start time is 1620723659.3385592
INFO:__main__:FuncIndex is 1426, end time is 1620723659.4063973
INFO:__main__:used memory: 0 M
INFO:__main__:FuncIndex is 1426, time overhead is 0.06783819198608398
INFO:__main__:FuncIndex is 1427, start time is 1620723659.4095166
INFO:__main__:FuncIndex is 1427, end time is 1620723661.344726
INFO:__main__:used memory: 1 M
INFO:__main__:FuncIndex is 1427, time overhead is 1.9352095127105713
INFO:__main__:FuncIndex is 1428, start time is 1620723661.3477786
INFO:__main__:FuncIndex is 1428, end time is 1620723661.3881607
INFO:__main__:used memory: 1 M
INFO:__main__:FuncIndex is 1428, time overhead is 0.04038214683532715
INFO:__main__:FuncIndex is 1429, start time is 1620723661.3888674
INFO:__main__:FuncIndex is 1429, end time is 1620723661.5066445
INFO:__main__:used memory: -1 M
INFO:__main__:FuncIndex is 1429, time overhead is 0.11777710914611816
INFO:__main__:FuncIndex is 1430, start time is 1620723661.5096772
INFO:__main__:FuncIndex is 1430, end time is 1620723661.5718231
INFO:__main__:used memory: 0 M
INFO:__main__:FuncIndex is 1430, time overhead is 0.06214594841003418
INFO:__main__:FuncIndex is 1431, start time is 1620723661.5725114
INFO:__main__:FuncIndex is 1431, end time is 1620723661.6346734
INFO:__main__:used memory: 0 M
INFO:__main__:FuncIndex is 1431, time overhead is 0.062161922454833984
INFO:__main__:FuncIndex is 1432, start time is 1620723661.6379557
INFO:root:unsupport call_indirect now
INFO:__main__:FuncIndex is 1432, end time is 1620723661.750793
INFO:__main__:used memory: 0 M
INFO:__main__:FuncIndex is 1432, time overhead is 0.11283731460571289
INFO:__main__:FuncIndex is 1433, start time is 1620723661.7536905
INFO:root:fpMin() missing 1 required positional argument: 'b'
INFO:root:fpMin() missing 1 required positional argument: 'b'
INFO:__main__:FuncIndex is 1433, end time is 1620723662.2651978
INFO:__main__:used memory: 6 M
INFO:__main__:FuncIndex is 1433, time overhead is 0.5115072727203369
INFO:__main__:FuncIndex is 1434, start time is 1620723662.267922
INFO:__main__:FuncIndex is 1434, end time is 1620723662.3354223
INFO:__main__:used memory: 0 M
INFO:__main__:FuncIndex is 1434, time overhead is 0.06750035285949707
INFO:__main__:FuncIndex is 1435, start time is 1620723662.3383682
INFO:__main__:[exception] used memory: 0 M
INFO:__main__:[exception] FuncIndex is 1435, time overhead is 0.19614911079406738
INFO:__main__:FuncIndex is 1436, start time is 1620723662.5373938
INFO:__main__:FuncIndex is 1436, end time is 1620723662.8268602
INFO:__main__:used memory: -1 M
INFO:__main__:FuncIndex is 1436, time overhead is 0.28946638107299805
INFO:__main__:FuncIndex is 1437, start time is 1620723662.8277943
INFO:root:unsupport call_indirect now
INFO:__main__:[exception] used memory: 4 M
INFO:__main__:[exception] FuncIndex is 1437, time overhead is 93.49138355255127
INFO:__main__:FuncIndex is 1438, start time is 1620723756.3272247
INFO:__main__:FuncIndex is 1438, end time is 1620723756.3746562
INFO:__main__:used memory: 2 M
INFO:__main__:FuncIndex is 1438, time overhead is 0.04743146896362305
INFO:__main__:FuncIndex is 1439, start time is 1620723756.3753889
INFO:__main__:FuncIndex is 1439, end time is 1620723756.4081163
INFO:__main__:used memory: -1 M
INFO:__main__:FuncIndex is 1439, time overhead is 0.03272747993469238
INFO:__main__:FuncIndex is 1440, start time is 1620723756.4088998
INFO:root:unsupport call_indirect now
INFO:root:unsupport call_indirect now
INFO:__main__:FuncIndex is 1440, end time is 1620723756.5666049
INFO:__main__:used memory: 0 M
INFO:__main__:FuncIndex is 1440, time overhead is 0.15770506858825684
INFO:__main__:FuncIndex is 1441, start time is 1620723756.5674124
INFO:__main__:FuncIndex is 1441, end time is 1620723756.8667822
INFO:__main__:used memory: -5 M
INFO:__main__:FuncIndex is 1441, time overhead is 0.29936981201171875
INFO:__main__:FuncIndex is 1442, start time is 1620723756.8697937
INFO:__main__:FuncIndex is 1442, end time is 1620723757.1315677
INFO:__main__:used memory: 1 M
INFO:__main__:FuncIndex is 1442, time overhead is 0.26177406311035156
INFO:__main__:FuncIndex is 1443, start time is 1620723757.1353602
INFO:__main__:[exception] used memory: 0 M
INFO:__main__:[exception] FuncIndex is 1443, time overhead is 0.0012252330780029297
INFO:__main__:FuncIndex is 1444, start time is 1620723757.137064
INFO:__main__:[exception] used memory: -1 M
INFO:__main__:[exception] FuncIndex is 1444, time overhead is 0.20354843139648438
INFO:__main__:FuncIndex is 1445, start time is 1620723757.342439
INFO:__main__:FuncIndex is 1445, end time is 1620723757.4118252
INFO:__main__:used memory: -1 M
INFO:__main__:FuncIndex is 1445, time overhead is 0.06938624382019043
INFO:__main__:FuncIndex is 1446, start time is 1620723757.4148698
INFO:root:
INFO:root:
INFO:__main__:FuncIndex is 1446, end time is 1620723757.7280583
INFO:__main__:used memory: 0 M
INFO:__main__:FuncIndex is 1446, time overhead is 0.3131885528564453
INFO:__main__:FuncIndex is 1447, start time is 1620723757.73094
INFO:root:Timed out!
INFO:__main__:[exception] used memory: 2 M
INFO:__main__:[exception] FuncIndex is 1447, time overhead is 94.33804750442505
INFO:__main__:FuncIndex is 1448, start time is 1620723852.0748882
INFO:__main__:FuncIndex is 1448, end time is 1620723854.7173374
INFO:__main__:used memory: 1 M
INFO:__main__:FuncIndex is 1448, time overhead is 2.642449140548706
INFO:__main__:FuncIndex is 1449, start time is 1620723854.7205408
INFO:__main__:[exception] used memory: 0 M
INFO:__main__:[exception] FuncIndex is 1449, time overhead is 0.0022025108337402344
INFO:__main__:FuncIndex is 1450, start time is 1620723854.7231696
INFO:__main__:FuncIndex is 1450, end time is 1620723854.7895339
INFO:__main__:used memory: 0 M
INFO:__main__:FuncIndex is 1450, time overhead is 0.06636428833007812
INFO:__main__:FuncIndex is 1451, start time is 1620723854.790275
INFO:__main__:FuncIndex is 1451, end time is 1620723855.7360888
INFO:__main__:used memory: 0 M
INFO:__main__:FuncIndex is 1451, time overhead is 0.9458136558532715
INFO:__main__:FuncIndex is 1452, start time is 1620723855.7388628
INFO:__main__:FuncIndex is 1452, end time is 1620723855.7843447
INFO:__main__:used memory: 0 M
INFO:__main__:FuncIndex is 1452, time overhead is 0.04548192024230957
INFO:__main__:FuncIndex is 1453, start time is 1620723855.7874994
INFO:__main__:FuncIndex is 1453, end time is 1620723855.832921
INFO:__main__:used memory: 0 M
INFO:__main__:FuncIndex is 1453, time overhead is 0.045421600341796875
INFO:__main__:FuncIndex is 1454, start time is 1620723855.833638
INFO:__main__:FuncIndex is 1454, end time is 1620723860.9818707
INFO:__main__:used memory: -1 M
INFO:__main__:FuncIndex is 1454, time overhead is 5.148232698440552
INFO:__main__:FuncIndex is 1455, start time is 1620723860.986477
INFO:__main__:FuncIndex is 1455, end time is 1620723861.044772
INFO:__main__:used memory: 0 M
INFO:__main__:FuncIndex is 1455, time overhead is 0.05829501152038574
INFO:__main__:FuncIndex is 1456, start time is 1620723861.0454934
INFO:__main__:FuncIndex is 1456, end time is 1620723861.1186275
INFO:__main__:used memory: 0 M
INFO:__main__:FuncIndex is 1456, time overhead is 0.07313418388366699
INFO:__main__:FuncIndex is 1457, start time is 1620723861.1193252
INFO:__main__:FuncIndex is 1457, end time is 1620723861.260818
INFO:__main__:used memory: 0 M
INFO:__main__:FuncIndex is 1457, time overhead is 0.1414928436279297
INFO:__main__:FuncIndex is 1458, start time is 1620723861.2615647
INFO:__main__:FuncIndex is 1458, end time is 1620723861.2945578
INFO:__main__:used memory: 1 M
INFO:__main__:FuncIndex is 1458, time overhead is 0.03299307823181152
INFO:__main__:FuncIndex is 1459, start time is 1620723861.2952452
INFO:__main__:FuncIndex is 1459, end time is 1620723861.3548396
INFO:__main__:used memory: -1 M
INFO:__main__:FuncIndex is 1459, time overhead is 0.05959439277648926
INFO:__main__:FuncIndex is 1460, start time is 1620723861.3555095
INFO:__main__:FuncIndex is 1460, end time is 1620723861.945854
INFO:__main__:used memory: 0 M
INFO:__main__:FuncIndex is 1460, time overhead is 0.5903444290161133
INFO:__main__:FuncIndex is 1461, start time is 1620723861.9466488
INFO:__main__:[exception] used memory: 0 M
INFO:__main__:[exception] FuncIndex is 1461, time overhead is 10.000208854675293
INFO:__main__:FuncIndex is 1462, start time is 1620723871.9498005
INFO:__main__:FuncIndex is 1462, end time is 1620723872.0392716
INFO:__main__:used memory: 0 M
INFO:__main__:FuncIndex is 1462, time overhead is 0.08947110176086426
INFO:__main__:FuncIndex is 1463, start time is 1620723872.0424578
INFO:__main__:FuncIndex is 1463, end time is 1620723872.7189596
INFO:__main__:used memory: -1 M
INFO:__main__:FuncIndex is 1463, time overhead is 0.6765017509460449
INFO:__main__:FuncIndex is 1464, start time is 1620723872.7226114
INFO:__main__:FuncIndex is 1464, end time is 1620723875.6053777
INFO:__main__:used memory: 1 M
INFO:__main__:FuncIndex is 1464, time overhead is 2.8827662467956543
INFO:__main__:FuncIndex is 1465, start time is 1620723875.608553
INFO:__main__:[exception] used memory: 0 M
INFO:__main__:[exception] FuncIndex is 1465, time overhead is 0.0026373863220214844
INFO:__main__:FuncIndex is 1466, start time is 1620723875.61153
INFO:__main__:[exception] used memory: 0 M
INFO:__main__:[exception] FuncIndex is 1466, time overhead is 0.021904468536376953
INFO:__main__:FuncIndex is 1467, start time is 1620723875.634706
INFO:__main__:FuncIndex is 1467, end time is 1620723875.7141817
INFO:__main__:used memory: 0 M
INFO:__main__:FuncIndex is 1467, time overhead is 0.07947564125061035
INFO:__main__:FuncIndex is 1468, start time is 1620723875.7148147
INFO:__main__:FuncIndex is 1468, end time is 1620723875.864805
INFO:__main__:used memory: 0 M
INFO:__main__:FuncIndex is 1468, time overhead is 0.14999032020568848
INFO:__main__:FuncIndex is 1469, start time is 1620723875.867782
INFO:__main__:FuncIndex is 1469, end time is 1620723876.2092524
INFO:__main__:used memory: 0 M
INFO:__main__:FuncIndex is 1469, time overhead is 0.34147024154663086
INFO:__main__:FuncIndex is 1470, start time is 1620723876.211724
INFO:__main__:FuncIndex is 1470, end time is 1620723876.3531528
INFO:__main__:used memory: 0 M
INFO:__main__:FuncIndex is 1470, time overhead is 0.14142870903015137
INFO:__main__:FuncIndex is 1471, start time is 1620723876.355737
INFO:__main__:FuncIndex is 1471, end time is 1620723876.503654
INFO:__main__:used memory: 0 M
INFO:__main__:FuncIndex is 1471, time overhead is 0.1479170322418213
INFO:__main__:FuncIndex is 1472, start time is 1620723876.5065362
INFO:__main__:FuncIndex is 1472, end time is 1620723876.679129
INFO:__main__:used memory: 0 M
INFO:__main__:FuncIndex is 1472, time overhead is 0.1725926399230957
INFO:__main__:FuncIndex is 1473, start time is 1620723876.6819284
INFO:__main__:FuncIndex is 1473, end time is 1620723876.7286572
INFO:__main__:used memory: 1 M
INFO:__main__:FuncIndex is 1473, time overhead is 0.04672884941101074
INFO:__main__:FuncIndex is 1474, start time is 1620723876.7316744
INFO:__main__:FuncIndex is 1474, end time is 1620723876.966267
INFO:__main__:used memory: -1 M
INFO:__main__:FuncIndex is 1474, time overhead is 0.23459267616271973
INFO:__main__:FuncIndex is 1475, start time is 1620723876.9691763
INFO:__main__:[exception] used memory: 0 M
INFO:__main__:[exception] FuncIndex is 1475, time overhead is 0.025549650192260742
INFO:__main__:FuncIndex is 1476, start time is 1620723876.9958842
INFO:__main__:FuncIndex is 1476, end time is 1620723877.2604525
INFO:__main__:used memory: 1 M
INFO:__main__:FuncIndex is 1476, time overhead is 0.2645683288574219
INFO:__main__:FuncIndex is 1477, start time is 1620723877.2646606
INFO:root:b'Argument (bvand #x0000000000000000 #x00000000ffffffff) at position 1 does not match declaration (declare-fun bvsle ((_ BitVec 32) (_ BitVec 32)) Bool)'
INFO:__main__:[exception] used memory: -1 M
INFO:__main__:[exception] FuncIndex is 1477, time overhead is 0.1492476463317871
INFO:__main__:FuncIndex is 1478, start time is 1620723877.414705
INFO:__main__:FuncIndex is 1478, end time is 1620723877.465563
INFO:__main__:used memory: 1 M
INFO:__main__:FuncIndex is 1478, time overhead is 0.0508580207824707
INFO:__main__:FuncIndex is 1479, start time is 1620723877.468178
INFO:__main__:[exception] used memory: -1 M
INFO:__main__:[exception] FuncIndex is 1479, time overhead is 2.385396957397461
INFO:__main__:FuncIndex is 1480, start time is 1620723879.857637
INFO:__main__:FuncIndex is 1480, end time is 1620723879.905548
INFO:__main__:used memory: 0 M
INFO:__main__:FuncIndex is 1480, time overhead is 0.04791116714477539
INFO:__main__:FuncIndex is 1481, start time is 1620723879.9062877
INFO:__main__:FuncIndex is 1481, end time is 1620723879.9626043
INFO:__main__:used memory: 0 M
INFO:__main__:FuncIndex is 1481, time overhead is 0.05631661415100098
INFO:__main__:FuncIndex is 1482, start time is 1620723879.96558
INFO:__main__:FuncIndex is 1482, end time is 1620723880.0140584
INFO:__main__:used memory: 0 M
INFO:__main__:FuncIndex is 1482, time overhead is 0.04847836494445801
INFO:__main__:FuncIndex is 1483, start time is 1620723880.0147688
INFO:__main__:FuncIndex is 1483, end time is 1620723880.0734181
INFO:__main__:used memory: 1 M
INFO:__main__:FuncIndex is 1483, time overhead is 0.058649301528930664
INFO:__main__:FuncIndex is 1484, start time is 1620723880.0762
INFO:__main__:FuncIndex is 1484, end time is 1620723880.1344857
INFO:__main__:used memory: 1 M
INFO:__main__:FuncIndex is 1484, time overhead is 0.05828571319580078
INFO:__main__:FuncIndex is 1485, start time is 1620723880.1372485
INFO:__main__:FuncIndex is 1485, end time is 1620723880.1653242
INFO:__main__:used memory: -1 M
INFO:__main__:FuncIndex is 1485, time overhead is 0.028075695037841797
INFO:__main__:FuncIndex is 1486, start time is 1620723880.1660037
INFO:__main__:FuncIndex is 1486, end time is 1620723882.835458
INFO:__main__:used memory: 0 M
INFO:__main__:FuncIndex is 1486, time overhead is 2.669454336166382
INFO:__main__:FuncIndex is 1487, start time is 1620723882.8397772
INFO:__main__:[exception] used memory: 0 M
INFO:__main__:[exception] FuncIndex is 1487, time overhead is 0.0032739639282226562
INFO:__main__:FuncIndex is 1488, start time is 1620723882.8436446
INFO:__main__:FuncIndex is 1488, end time is 1620723882.915616
INFO:__main__:used memory: 1 M
INFO:__main__:FuncIndex is 1488, time overhead is 0.07197141647338867
INFO:__main__:FuncIndex is 1489, start time is 1620723882.91629
INFO:root:
INFO:__main__:FuncIndex is 1489, end time is 1620723882.9613245
INFO:__main__:used memory: -1 M
INFO:__main__:FuncIndex is 1489, time overhead is 0.04503440856933594
INFO:__main__:FuncIndex is 1490, start time is 1620723882.962014
INFO:__main__:[exception] used memory: 1 M
INFO:__main__:[exception] FuncIndex is 1490, time overhead is 179.81571459770203
INFO:__main__:FuncIndex is 1491, start time is 1620724062.7809937
INFO:__main__:[exception] used memory: 0 M
INFO:__main__:[exception] FuncIndex is 1491, time overhead is 91.47125601768494
INFO:__main__:FuncIndex is 1492, start time is 1620724154.2551904
INFO:__main__:[exception] used memory: 0 M
INFO:__main__:[exception] FuncIndex is 1492, time overhead is 0.3498227596282959
INFO:__main__:FuncIndex is 1493, start time is 1620724154.6087317
INFO:__main__:FuncIndex is 1493, end time is 1620724154.9458828
INFO:__main__:used memory: -1 M
INFO:__main__:FuncIndex is 1493, time overhead is 0.33715105056762695
INFO:__main__:FuncIndex is 1494, start time is 1620724154.9468822
INFO:root:unsupport call_indirect now
INFO:__main__:FuncIndex is 1494, end time is 1620724155.1679409
INFO:__main__:used memory: 1 M
INFO:__main__:FuncIndex is 1494, time overhead is 0.22105860710144043
INFO:__main__:FuncIndex is 1495, start time is 1620724155.1686723
INFO:__main__:FuncIndex is 1495, end time is 1620724155.2939115
INFO:__main__:used memory: -1 M
INFO:__main__:FuncIndex is 1495, time overhead is 0.12523913383483887
INFO:__main__:FuncIndex is 1496, start time is 1620724155.296985
INFO:__main__:FuncIndex is 1496, end time is 1620724155.355429
INFO:__main__:used memory: -1 M
INFO:__main__:FuncIndex is 1496, time overhead is 0.05844402313232422
INFO:__main__:FuncIndex is 1497, start time is 1620724155.356094
INFO:__main__:FuncIndex is 1497, end time is 1620724155.3964202
INFO:__main__:used memory: 0 M
INFO:__main__:FuncIndex is 1497, time overhead is 0.04032635688781738
INFO:__main__:FuncIndex is 1498, start time is 1620724155.3995602
INFO:__main__:FuncIndex is 1498, end time is 1620724155.439443
INFO:__main__:used memory: 1 M
INFO:__main__:FuncIndex is 1498, time overhead is 0.03988289833068848
INFO:__main__:FuncIndex is 1499, start time is 1620724155.442679
INFO:__main__:[exception] used memory: 0 M
INFO:__main__:[exception] FuncIndex is 1499, time overhead is 0.11631131172180176
INFO:__main__:FuncIndex is 1500, start time is 1620724155.5596921
INFO:__main__:[exception] used memory: 1 M
INFO:__main__:[exception] FuncIndex is 1500, time overhead is 0.1167149543762207
INFO:__main__:FuncIndex is 1501, start time is 1620724155.6771264
INFO:__main__:FuncIndex is 1501, end time is 1620724155.758361
INFO:__main__:used memory: 1 M
INFO:__main__:FuncIndex is 1501, time overhead is 0.08123469352722168
INFO:__main__:FuncIndex is 1502, start time is 1620724155.759041
INFO:__main__:FuncIndex is 1502, end time is 1620724155.834362
INFO:__main__:used memory: 0 M
INFO:__main__:FuncIndex is 1502, time overhead is 0.07532095909118652
INFO:__main__:FuncIndex is 1503, start time is 1620724155.8350644
INFO:__main__:FuncIndex is 1503, end time is 1620724155.8751194
INFO:__main__:used memory: 0 M
INFO:__main__:FuncIndex is 1503, time overhead is 0.040055036544799805
INFO:__main__:FuncIndex is 1504, start time is 1620724155.8782248
INFO:__main__:FuncIndex is 1504, end time is 1620724156.118534
INFO:__main__:used memory: -1 M
INFO:__main__:FuncIndex is 1504, time overhead is 0.2403092384338379
INFO:__main__:FuncIndex is 1505, start time is 1620724156.1192994
INFO:__main__:FuncIndex is 1505, end time is 1620724156.4367075
INFO:__main__:used memory: 0 M
INFO:__main__:FuncIndex is 1505, time overhead is 0.31740808486938477
INFO:__main__:FuncIndex is 1506, start time is 1620724156.4398763
INFO:__main__:FuncIndex is 1506, end time is 1620724156.5700085
INFO:__main__:used memory: 0 M
INFO:__main__:FuncIndex is 1506, time overhead is 0.13013219833374023
INFO:__main__:FuncIndex is 1507, start time is 1620724156.5706422
INFO:__main__:FuncIndex is 1507, end time is 1620724156.6052547
INFO:__main__:used memory: 0 M
INFO:__main__:FuncIndex is 1507, time overhead is 0.034612417221069336
INFO:__main__:FuncIndex is 1508, start time is 1620724156.6058984
INFO:__main__:FuncIndex is 1508, end time is 1620724156.8832753
INFO:__main__:used memory: 0 M
INFO:__main__:FuncIndex is 1508, time overhead is 0.2773768901824951
INFO:__main__:FuncIndex is 1509, start time is 1620724156.886219
INFO:root:
INFO:__main__:FuncIndex is 1509, end time is 1620724156.923218
INFO:__main__:used memory: 1 M
INFO:__main__:FuncIndex is 1509, time overhead is 0.03699898719787598
INFO:__main__:FuncIndex is 1510, start time is 1620724156.9238837
INFO:__main__:FuncIndex is 1510, end time is 1620724156.988219
INFO:__main__:used memory: -1 M
INFO:__main__:FuncIndex is 1510, time overhead is 0.06433534622192383
INFO:__main__:FuncIndex is 1511, start time is 1620724156.9911003
INFO:root:
INFO:__main__:FuncIndex is 1511, end time is 1620724157.0351558
INFO:__main__:used memory: 0 M
INFO:__main__:FuncIndex is 1511, time overhead is 0.04405546188354492
INFO:__main__:FuncIndex is 1512, start time is 1620724157.0382428
INFO:__main__:FuncIndex is 1512, end time is 1620724157.0818796
INFO:__main__:used memory: 1 M
INFO:__main__:FuncIndex is 1512, time overhead is 0.04363679885864258
INFO:__main__:FuncIndex is 1513, start time is 1620724157.0825288
INFO:__main__:FuncIndex is 1513, end time is 1620724157.138903
INFO:__main__:used memory: -1 M
INFO:__main__:FuncIndex is 1513, time overhead is 0.05637407302856445
INFO:__main__:FuncIndex is 1514, start time is 1620724157.1395664
INFO:__main__:FuncIndex is 1514, end time is 1620724157.3362958
INFO:__main__:used memory: 0 M
INFO:__main__:FuncIndex is 1514, time overhead is 0.19672942161560059
INFO:__main__:FuncIndex is 1515, start time is 1620724157.3395498
INFO:__main__:FuncIndex is 1515, end time is 1620724157.6484144
INFO:__main__:used memory: -1 M
INFO:__main__:FuncIndex is 1515, time overhead is 0.3088645935058594
INFO:__main__:FuncIndex is 1516, start time is 1620724157.6514542
INFO:root:
INFO:__main__:FuncIndex is 1516, end time is 1620724157.7321715
INFO:__main__:used memory: 1 M
INFO:__main__:FuncIndex is 1516, time overhead is 0.08071732521057129
INFO:__main__:FuncIndex is 1517, start time is 1620724157.7328906
INFO:__main__:FuncIndex is 1517, end time is 1620724157.7880423
INFO:__main__:used memory: 0 M
INFO:__main__:FuncIndex is 1517, time overhead is 0.05515170097351074
INFO:__main__:FuncIndex is 1518, start time is 1620724157.7887216
INFO:__main__:FuncIndex is 1518, end time is 1620724157.8309999
INFO:__main__:used memory: 1 M
INFO:__main__:FuncIndex is 1518, time overhead is 0.042278289794921875
INFO:__main__:FuncIndex is 1519, start time is 1620724157.8316493
INFO:root:First argument must be a Z3 bit-vector expression
INFO:root:First argument must be a Z3 bit-vector expression
INFO:__main__:FuncIndex is 1519, end time is 1620724158.1598036
INFO:__main__:used memory: -1 M
INFO:__main__:FuncIndex is 1519, time overhead is 0.3281543254852295
INFO:__main__:FuncIndex is 1520, start time is 1620724158.1631804
INFO:__main__:FuncIndex is 1520, end time is 1620724158.2543192
INFO:__main__:used memory: 0 M
INFO:__main__:FuncIndex is 1520, time overhead is 0.09113883972167969
INFO:__main__:FuncIndex is 1521, start time is 1620724158.2549353
INFO:__main__:FuncIndex is 1521, end time is 1620724158.289542
INFO:__main__:used memory: 0 M
INFO:__main__:FuncIndex is 1521, time overhead is 0.0346066951751709
INFO:__main__:FuncIndex is 1522, start time is 1620724158.2902515
INFO:__main__:FuncIndex is 1522, end time is 1620724158.3440685
INFO:__main__:used memory: 0 M
INFO:__main__:FuncIndex is 1522, time overhead is 0.053817033767700195
INFO:__main__:FuncIndex is 1523, start time is 1620724158.3447332
INFO:__main__:FuncIndex is 1523, end time is 1620724158.4254956
INFO:__main__:used memory: 0 M
INFO:__main__:FuncIndex is 1523, time overhead is 0.08076238632202148
INFO:__main__:FuncIndex is 1524, start time is 1620724158.4280732
INFO:__main__:FuncIndex is 1524, end time is 1620724158.5253873
INFO:__main__:used memory: 0 M
INFO:__main__:FuncIndex is 1524, time overhead is 0.09731411933898926
INFO:__main__:FuncIndex is 1525, start time is 1620724158.5280643
INFO:__main__:[exception] used memory: 0 M
INFO:__main__:[exception] FuncIndex is 1525, time overhead is 0.08428287506103516
INFO:__main__:FuncIndex is 1526, start time is 1620724158.6144288
INFO:__main__:FuncIndex is 1526, end time is 1620724158.9040203
INFO:__main__:used memory: 0 M
INFO:__main__:FuncIndex is 1526, time overhead is 0.28959155082702637
INFO:__main__:FuncIndex is 1527, start time is 1620724158.9047222
INFO:__main__:FuncIndex is 1527, end time is 1620724159.1962078
INFO:__main__:used memory: 0 M
INFO:__main__:FuncIndex is 1527, time overhead is 0.2914855480194092
INFO:__main__:FuncIndex is 1528, start time is 1620724159.1970682
INFO:__main__:FuncIndex is 1528, end time is 1620724159.2428045
INFO:__main__:used memory: -1 M
INFO:__main__:FuncIndex is 1528, time overhead is 0.04573631286621094
INFO:__main__:FuncIndex is 1529, start time is 1620724159.243492
INFO:__main__:FuncIndex is 1529, end time is 1620724159.4309604
INFO:__main__:used memory: 1 M
INFO:__main__:FuncIndex is 1529, time overhead is 0.1874685287475586
INFO:__main__:FuncIndex is 1530, start time is 1620724159.4316382
INFO:__main__:[exception] used memory: 6 M
INFO:__main__:[exception] FuncIndex is 1530, time overhead is 117.08928894996643
INFO:__main__:FuncIndex is 1531, start time is 1620724276.5231254
INFO:__main__:[exception] used memory: 0 M
INFO:__main__:[exception] FuncIndex is 1531, time overhead is 0.0007750988006591797
INFO:__main__:FuncIndex is 1532, start time is 1620724276.524231
INFO:__main__:[exception] used memory: 0 M
INFO:__main__:[exception] FuncIndex is 1532, time overhead is 0.010902881622314453
INFO:__main__:FuncIndex is 1533, start time is 1620724276.5361392
INFO:root:
INFO:__main__:FuncIndex is 1533, end time is 1620724276.615503
INFO:__main__:used memory: 1 M
INFO:__main__:FuncIndex is 1533, time overhead is 0.07936382293701172
INFO:__main__:FuncIndex is 1534, start time is 1620724276.6185555
INFO:__main__:[exception] used memory: 0 M
INFO:__main__:[exception] FuncIndex is 1534, time overhead is 0.020494699478149414
INFO:__main__:FuncIndex is 1535, start time is 1620724276.6402588
INFO:__main__:FuncIndex is 1535, end time is 1620724276.806292
INFO:__main__:used memory: 1 M
INFO:__main__:FuncIndex is 1535, time overhead is 0.16603326797485352
INFO:__main__:FuncIndex is 1536, start time is 1620724276.8092606
INFO:__main__:FuncIndex is 1536, end time is 1620724276.8605757
INFO:__main__:used memory: 1 M
INFO:__main__:FuncIndex is 1536, time overhead is 0.0513150691986084
INFO:__main__:FuncIndex is 1537, start time is 1620724276.8638453
INFO:__main__:FuncIndex is 1537, end time is 1620724276.9514039
INFO:__main__:used memory: 0 M
INFO:__main__:FuncIndex is 1537, time overhead is 0.08755850791931152
INFO:__main__:FuncIndex is 1538, start time is 1620724276.9545195
INFO:__main__:FuncIndex is 1538, end time is 1620724277.0687811
INFO:__main__:used memory: 0 M
INFO:__main__:FuncIndex is 1538, time overhead is 0.11426162719726562
INFO:__main__:FuncIndex is 1539, start time is 1620724277.069657
INFO:__main__:FuncIndex is 1539, end time is 1620724277.2120361
INFO:__main__:used memory: 0 M
INFO:__main__:FuncIndex is 1539, time overhead is 0.1423790454864502
INFO:__main__:FuncIndex is 1540, start time is 1620724277.2151842
INFO:__main__:FuncIndex is 1540, end time is 1620724277.4796832
INFO:__main__:used memory: -1 M
INFO:__main__:FuncIndex is 1540, time overhead is 0.2644989490509033
INFO:__main__:FuncIndex is 1541, start time is 1620724277.483436
INFO:__main__:FuncIndex is 1541, end time is 1620724278.2129095
INFO:__main__:used memory: 1 M
INFO:__main__:FuncIndex is 1541, time overhead is 0.729473352432251
INFO:__main__:FuncIndex is 1542, start time is 1620724278.2168078
INFO:__main__:FuncIndex is 1542, end time is 1620724278.2870774
INFO:__main__:used memory: 0 M
INFO:__main__:FuncIndex is 1542, time overhead is 0.07026958465576172
INFO:__main__:FuncIndex is 1543, start time is 1620724278.287769
INFO:__main__:FuncIndex is 1543, end time is 1620724278.4829924
INFO:__main__:used memory: 0 M
INFO:__main__:FuncIndex is 1543, time overhead is 0.19522333145141602
INFO:__main__:FuncIndex is 1544, start time is 1620724278.4858944
INFO:__main__:FuncIndex is 1544, end time is 1620724278.523718
INFO:__main__:used memory: 1 M
INFO:__main__:FuncIndex is 1544, time overhead is 0.03782367706298828
INFO:__main__:FuncIndex is 1545, start time is 1620724278.5243604
INFO:__main__:FuncIndex is 1545, end time is 1620724278.56147
INFO:__main__:used memory: -1 M
INFO:__main__:FuncIndex is 1545, time overhead is 0.0371096134185791
INFO:__main__:FuncIndex is 1546, start time is 1620724278.5621357
INFO:__main__:FuncIndex is 1546, end time is 1620724278.589086
INFO:__main__:used memory: 1 M
INFO:__main__:FuncIndex is 1546, time overhead is 0.026950359344482422
INFO:__main__:FuncIndex is 1547, start time is 1620724278.5898068
INFO:__main__:FuncIndex is 1547, end time is 1620724278.616004
INFO:__main__:used memory: 0 M
INFO:__main__:FuncIndex is 1547, time overhead is 0.026197195053100586
INFO:__main__:FuncIndex is 1548, start time is 1620724278.6167245
INFO:__main__:FuncIndex is 1548, end time is 1620724278.6429453
INFO:__main__:used memory: 0 M
INFO:__main__:FuncIndex is 1548, time overhead is 0.02622079849243164
INFO:__main__:FuncIndex is 1549, start time is 1620724278.6436708
INFO:__main__:FuncIndex is 1549, end time is 1620724279.1211262
INFO:__main__:used memory: -1 M
INFO:__main__:FuncIndex is 1549, time overhead is 0.47745537757873535
INFO:__main__:FuncIndex is 1550, start time is 1620724279.1242325
INFO:__main__:[exception] used memory: -1 M
INFO:__main__:[exception] FuncIndex is 1550, time overhead is 6.095631122589111
INFO:__main__:FuncIndex is 1551, start time is 1620724285.2246
INFO:__main__:FuncIndex is 1551, end time is 1620724285.3610053
INFO:__main__:used memory: 0 M
INFO:__main__:FuncIndex is 1551, time overhead is 0.13640522956848145
INFO:__main__:FuncIndex is 1552, start time is 1620724285.363987
INFO:__main__:FuncIndex is 1552, end time is 1620724285.4457076
INFO:__main__:used memory: -1 M
INFO:__main__:FuncIndex is 1552, time overhead is 0.08172059059143066
INFO:__main__:FuncIndex is 1553, start time is 1620724285.44869
INFO:__main__:FuncIndex is 1553, end time is 1620724285.5592482
INFO:__main__:used memory: 0 M
INFO:__main__:FuncIndex is 1553, time overhead is 0.11055827140808105
INFO:__main__:FuncIndex is 1554, start time is 1620724285.5598245
INFO:__main__:FuncIndex is 1554, end time is 1620724285.6214657
INFO:__main__:used memory: 0 M
INFO:__main__:FuncIndex is 1554, time overhead is 0.06164121627807617
INFO:__main__:FuncIndex is 1555, start time is 1620724285.6221447
INFO:root:b'Sorts (_ BitVec 256) and (_ BitVec 32) are incompatible'
INFO:__main__:FuncIndex is 1555, end time is 1620724285.6597066
INFO:__main__:used memory: 1 M
INFO:__main__:FuncIndex is 1555, time overhead is 0.037561893463134766
INFO:__main__:FuncIndex is 1556, start time is 1620724285.6603916
INFO:__main__:FuncIndex is 1556, end time is 1620724286.6300347
INFO:__main__:used memory: 0 M
INFO:__main__:FuncIndex is 1556, time overhead is 0.9696431159973145
INFO:__main__:FuncIndex is 1557, start time is 1620724286.6331432
INFO:root:Timed out!
INFO:__main__:FuncIndex is 1557, end time is 1620724298.118055
INFO:__main__:used memory: 0 M
INFO:__main__:FuncIndex is 1557, time overhead is 11.484911918640137
INFO:__main__:FuncIndex is 1558, start time is 1620724298.1215444
INFO:__main__:FuncIndex is 1558, end time is 1620724298.2035964
INFO:__main__:used memory: -1 M
INFO:__main__:FuncIndex is 1558, time overhead is 0.08205199241638184
INFO:__main__:FuncIndex is 1559, start time is 1620724298.2045023
INFO:__main__:FuncIndex is 1559, end time is 1620724298.2682164
INFO:__main__:used memory: 1 M
INFO:__main__:FuncIndex is 1559, time overhead is 0.06371402740478516
INFO:__main__:FuncIndex is 1560, start time is 1620724298.2690053
INFO:__main__:FuncIndex is 1560, end time is 1620724298.3088717
INFO:__main__:used memory: 0 M
INFO:__main__:FuncIndex is 1560, time overhead is 0.03986644744873047
INFO:__main__:FuncIndex is 1561, start time is 1620724298.3095398
INFO:__main__:[exception] used memory: -1 M
INFO:__main__:[exception] FuncIndex is 1561, time overhead is 10.00006914138794
INFO:__main__:FuncIndex is 1562, start time is 1620724308.3128684
INFO:__main__:FuncIndex is 1562, end time is 1620724312.875603
INFO:__main__:used memory: 0 M
INFO:__main__:FuncIndex is 1562, time overhead is 4.562734603881836
INFO:__main__:FuncIndex is 1563, start time is 1620724312.8789067
INFO:__main__:FuncIndex is 1563, end time is 1620724349.4333878
INFO:__main__:used memory: 58 M
INFO:__main__:FuncIndex is 1563, time overhead is 36.5544810295105
INFO:__main__:FuncIndex is 1564, start time is 1620724349.4372463
INFO:__main__:FuncIndex is 1564, end time is 1620724349.5142827
INFO:__main__:used memory: 0 M
INFO:__main__:FuncIndex is 1564, time overhead is 0.07703638076782227
INFO:__main__:FuncIndex is 1565, start time is 1620724349.5177236
INFO:__main__:[exception] used memory: 0 M
INFO:__main__:[exception] FuncIndex is 1565, time overhead is 0.2311692237854004
INFO:__main__:FuncIndex is 1566, start time is 1620724349.7524285
INFO:__main__:FuncIndex is 1566, end time is 1620724350.3294768
INFO:__main__:used memory: 0 M
INFO:__main__:FuncIndex is 1566, time overhead is 0.5770483016967773
INFO:__main__:FuncIndex is 1567, start time is 1620724350.333642
INFO:__main__:[exception] used memory: 0 M
INFO:__main__:[exception] FuncIndex is 1567, time overhead is 0.35862040519714355
INFO:__main__:FuncIndex is 1568, start time is 1620724350.695851
INFO:__main__:FuncIndex is 1568, end time is 1620724350.7822368
INFO:__main__:used memory: 2 M
INFO:__main__:FuncIndex is 1568, time overhead is 0.08638572692871094
INFO:__main__:FuncIndex is 1569, start time is 1620724350.7829115
INFO:__main__:FuncIndex is 1569, end time is 1620724350.8376062
INFO:__main__:used memory: 0 M
INFO:__main__:FuncIndex is 1569, time overhead is 0.05469465255737305
INFO:__main__:FuncIndex is 1570, start time is 1620724350.8414536
INFO:__main__:[exception] used memory: -42 M
INFO:__main__:[exception] FuncIndex is 1570, time overhead is 9.999857664108276
INFO:__main__:FuncIndex is 1571, start time is 1620724360.8420618
INFO:__main__:FuncIndex is 1571, end time is 1620724360.9012704
INFO:__main__:used memory: 0 M
INFO:__main__:FuncIndex is 1571, time overhead is 0.05920863151550293
INFO:__main__:FuncIndex is 1572, start time is 1620724360.9043238
INFO:__main__:FuncIndex is 1572, end time is 1620724361.1332724
INFO:__main__:used memory: 1 M
INFO:__main__:FuncIndex is 1572, time overhead is 0.22894859313964844
INFO:__main__:FuncIndex is 1573, start time is 1620724361.1369178
INFO:__main__:FuncIndex is 1573, end time is 1620724361.311431
INFO:__main__:used memory: -1 M
INFO:__main__:FuncIndex is 1573, time overhead is 0.1745131015777588
INFO:__main__:FuncIndex is 1574, start time is 1620724361.314671
INFO:__main__:[exception] used memory: 0 M
INFO:__main__:[exception] FuncIndex is 1574, time overhead is 5.633038282394409
INFO:__main__:FuncIndex is 1575, start time is 1620724366.9512134
INFO:__main__:FuncIndex is 1575, end time is 1620724367.20168
INFO:__main__:used memory: 0 M
INFO:__main__:FuncIndex is 1575, time overhead is 0.25046658515930176
INFO:__main__:FuncIndex is 1576, start time is 1620724367.2045715
INFO:__main__:FuncIndex is 1576, end time is 1620724367.2466862
INFO:__main__:used memory: 1 M
INFO:__main__:FuncIndex is 1576, time overhead is 0.0421147346496582
INFO:__main__:FuncIndex is 1577, start time is 1620724367.2501047
INFO:__main__:[exception] used memory: -1 M
INFO:__main__:[exception] FuncIndex is 1577, time overhead is 1.2280280590057373
INFO:__main__:FuncIndex is 1578, start time is 1620724368.481494
INFO:__main__:FuncIndex is 1578, end time is 1620724369.4157486
INFO:__main__:used memory: -11 M
INFO:__main__:FuncIndex is 1578, time overhead is 0.9342546463012695
INFO:__main__:FuncIndex is 1579, start time is 1620724369.4190235
INFO:__main__:[exception] used memory: 0 M
INFO:__main__:[exception] FuncIndex is 1579, time overhead is 0.08243584632873535
INFO:__main__:FuncIndex is 1580, start time is 1620724369.502199
INFO:__main__:FuncIndex is 1580, end time is 1620724369.572136
INFO:__main__:used memory: 0 M
INFO:__main__:FuncIndex is 1580, time overhead is 0.06993699073791504
INFO:__main__:FuncIndex is 1581, start time is 1620724369.5753703
INFO:__main__:[exception] used memory: -1 M
INFO:__main__:[exception] FuncIndex is 1581, time overhead is 10.128029346466064
INFO:__main__:FuncIndex is 1582, start time is 1620724379.7073822
INFO:__main__:FuncIndex is 1582, end time is 1620724379.9585414
INFO:__main__:used memory: 1 M
INFO:__main__:FuncIndex is 1582, time overhead is 0.2511591911315918
INFO:__main__:FuncIndex is 1583, start time is 1620724379.9591732
INFO:__main__:FuncIndex is 1583, end time is 1620724380.0391626
INFO:__main__:used memory: 0 M
INFO:__main__:FuncIndex is 1583, time overhead is 0.07998943328857422
INFO:__main__:FuncIndex is 1584, start time is 1620724380.0398858
INFO:__main__:FuncIndex is 1584, end time is 1620724380.1081853
INFO:__main__:used memory: 1 M
INFO:__main__:FuncIndex is 1584, time overhead is 0.06829953193664551
INFO:__main__:FuncIndex is 1585, start time is 1620724380.1112676
INFO:__main__:[exception] used memory: -1 M
INFO:__main__:[exception] FuncIndex is 1585, time overhead is 0.6300947666168213
INFO:__main__:FuncIndex is 1586, start time is 1620724380.7444408
INFO:root:unsupport call_indirect now
INFO:root:unsupport call_indirect now
INFO:root:unsupport call_indirect now
INFO:root:unsupport call_indirect now
INFO:root:unsupport call_indirect now
INFO:root:unsupport call_indirect now
INFO:root:b'Argument (bvand #xffffffffffffffff #x00000000ffffffff) at position 1 does not match declaration (declare-fun bvsge ((_ BitVec 32) (_ BitVec 32)) Bool)'
INFO:__main__:[exception] used memory: 0 M
INFO:__main__:[exception] FuncIndex is 1586, time overhead is 3.025960683822632
INFO:__main__:FuncIndex is 1587, start time is 1620724383.7737231
INFO:__main__:FuncIndex is 1587, end time is 1620724383.8090055
INFO:__main__:used memory: 0 M
INFO:__main__:FuncIndex is 1587, time overhead is 0.03528237342834473
INFO:__main__:FuncIndex is 1588, start time is 1620724383.8097162
INFO:__main__:FuncIndex is 1588, end time is 1620724383.8590608
INFO:__main__:used memory: 0 M
INFO:__main__:FuncIndex is 1588, time overhead is 0.049344539642333984
INFO:__main__:FuncIndex is 1589, start time is 1620724383.8597965
INFO:__main__:FuncIndex is 1589, end time is 1620724384.0956318
INFO:__main__:used memory: 0 M
INFO:__main__:FuncIndex is 1589, time overhead is 0.23583531379699707
INFO:__main__:FuncIndex is 1590, start time is 1620724384.0985818
INFO:__main__:[exception] used memory: -1 M
INFO:__main__:[exception] FuncIndex is 1590, time overhead is 10.100878477096558
INFO:__main__:FuncIndex is 1591, start time is 1620724394.2034907
INFO:__main__:FuncIndex is 1591, end time is 1620724394.2746387
INFO:__main__:used memory: 0 M
INFO:__main__:FuncIndex is 1591, time overhead is 0.07114791870117188
INFO:__main__:FuncIndex is 1592, start time is 1620724394.2753582
INFO:__main__:FuncIndex is 1592, end time is 1620724394.4704394
INFO:__main__:used memory: -1 M
INFO:__main__:FuncIndex is 1592, time overhead is 0.19508123397827148
INFO:__main__:FuncIndex is 1593, start time is 1620724394.4733958
INFO:__main__:FuncIndex is 1593, end time is 1620724394.5231833
INFO:__main__:used memory: 1 M
INFO:__main__:FuncIndex is 1593, time overhead is 0.04978752136230469
INFO:__main__:FuncIndex is 1594, start time is 1620724394.523889
INFO:__main__:[exception] used memory: 0 M
INFO:__main__:[exception] FuncIndex is 1594, time overhead is 0.07735919952392578
INFO:__main__:FuncIndex is 1595, start time is 1620724394.6024373
INFO:root:Timed out!
INFO:__main__:FuncIndex is 1595, end time is 1620724664.8497877
INFO:__main__:used memory: 913 M
INFO:__main__:FuncIndex is 1595, time overhead is 270.24735045433044
INFO:__main__:FuncIndex is 1596, start time is 1620724664.8593726
INFO:__main__:FuncIndex is 1596, end time is 1620724666.956828
INFO:__main__:used memory: -679 M
INFO:__main__:FuncIndex is 1596, time overhead is 2.0974555015563965
INFO:__main__:FuncIndex is 1597, start time is 1620724666.959444
INFO:__main__:FuncIndex is 1597, end time is 1620724667.148545
INFO:__main__:used memory: -12 M
INFO:__main__:FuncIndex is 1597, time overhead is 0.189100980758667
INFO:__main__:FuncIndex is 1598, start time is 1620724667.153789
INFO:__main__:FuncIndex is 1598, end time is 1620724667.3691883
INFO:__main__:used memory: 0 M
INFO:__main__:FuncIndex is 1598, time overhead is 0.21539926528930664
INFO:__main__:FuncIndex is 1599, start time is 1620724667.3733757
INFO:__main__:FuncIndex is 1599, end time is 1620724667.4236448
INFO:__main__:used memory: -1 M
INFO:__main__:FuncIndex is 1599, time overhead is 0.050269126892089844
INFO:__main__:FuncIndex is 1600, start time is 1620724667.4243329
INFO:__main__:FuncIndex is 1600, end time is 1620724667.4711885
INFO:__main__:used memory: 0 M
INFO:__main__:FuncIndex is 1600, time overhead is 0.04685568809509277
INFO:__main__:All time: 1585.8566586971283
