INFO:__main__:FuncIndex is 1601, start time is 1620731684.7380857
INFO:__main__:FuncIndex is 1601, end time is 1620731685.0207012
INFO:__main__:used memory: 9 M
INFO:__main__:FuncIndex is 1601, time overhead is 0.28261542320251465
INFO:__main__:FuncIndex is 1602, start time is 1620731685.0215833
INFO:__main__:FuncIndex is 1602, end time is 1620731685.117147
INFO:__main__:used memory: 2 M
INFO:__main__:FuncIndex is 1602, time overhead is 0.09556365013122559
INFO:__main__:FuncIndex is 1603, start time is 1620731685.1193366
INFO:__main__:FuncIndex is 1603, end time is 1620731685.6329725
INFO:__main__:used memory: 14 M
INFO:__main__:FuncIndex is 1603, time overhead is 0.5136358737945557
INFO:__main__:FuncIndex is 1604, start time is 1620731685.635418
INFO:__main__:FuncIndex is 1604, end time is 1620731686.1742253
INFO:__main__:used memory: 3 M
INFO:__main__:FuncIndex is 1604, time overhead is 0.5388073921203613
INFO:__main__:FuncIndex is 1605, start time is 1620731686.175043
INFO:__main__:FuncIndex is 1605, end time is 1620731686.2533875
INFO:__main__:used memory: 1 M
INFO:__main__:FuncIndex is 1605, time overhead is 0.07834434509277344
INFO:__main__:FuncIndex is 1606, start time is 1620731686.2539775
INFO:__main__:[exception] used memory: 0 M
INFO:__main__:[exception] FuncIndex is 1606, time overhead is 0.0011165142059326172
INFO:__main__:FuncIndex is 1607, start time is 1620731686.2559862
INFO:root:
INFO:__main__:FuncIndex is 1607, end time is 1620731686.390764
INFO:__main__:used memory: 3 M
INFO:__main__:FuncIndex is 1607, time overhead is 0.13477778434753418
INFO:__main__:FuncIndex is 1608, start time is 1620731686.393367
INFO:__main__:FuncIndex is 1608, end time is 1620731688.06632
INFO:__main__:used memory: 8 M
INFO:__main__:FuncIndex is 1608, time overhead is 1.6729528903961182
INFO:__main__:FuncIndex is 1609, start time is 1620731688.0670567
INFO:__main__:FuncIndex is 1609, end time is 1620731688.3725693
INFO:__main__:used memory: -11 M
INFO:__main__:FuncIndex is 1609, time overhead is 0.3055126667022705
INFO:__main__:FuncIndex is 1610, start time is 1620731688.3734825
INFO:__main__:FuncIndex is 1610, end time is 1620731689.060231
INFO:__main__:used memory: 0 M
INFO:__main__:FuncIndex is 1610, time overhead is 0.6867485046386719
INFO:__main__:FuncIndex is 1611, start time is 1620731689.0627484
INFO:__main__:FuncIndex is 1611, end time is 1620731689.1252
INFO:__main__:used memory: 0 M
INFO:__main__:FuncIndex is 1611, time overhead is 0.06245160102844238
INFO:__main__:FuncIndex is 1612, start time is 1620731689.127357
INFO:__main__:FuncIndex is 1612, end time is 1620731689.1785645
INFO:__main__:used memory: 0 M
INFO:__main__:FuncIndex is 1612, time overhead is 0.051207542419433594
INFO:__main__:FuncIndex is 1613, start time is 1620731689.1809082
INFO:__main__:[exception] used memory: 0 M
INFO:__main__:[exception] FuncIndex is 1613, time overhead is 0.38584470748901367
INFO:__main__:FuncIndex is 1614, start time is 1620731689.5674117
INFO:__main__:FuncIndex is 1614, end time is 1620731690.1566086
INFO:__main__:used memory: 4 M
INFO:__main__:FuncIndex is 1614, time overhead is 0.5891969203948975
INFO:__main__:FuncIndex is 1615, start time is 1620731690.1593072
INFO:__main__:FuncIndex is 1615, end time is 1620731690.2594166
INFO:__main__:used memory: 1 M
INFO:__main__:FuncIndex is 1615, time overhead is 0.10010933876037598
INFO:__main__:FuncIndex is 1616, start time is 1620731690.2647595
INFO:__main__:[exception] used memory: -1 M
INFO:__main__:[exception] FuncIndex is 1616, time overhead is 0.4140493869781494
INFO:__main__:FuncIndex is 1617, start time is 1620731690.6815958
INFO:__main__:FuncIndex is 1617, end time is 1620731690.8080213
INFO:__main__:used memory: 2 M
INFO:__main__:FuncIndex is 1617, time overhead is 0.12642550468444824
INFO:__main__:FuncIndex is 1618, start time is 1620731690.8108785
INFO:__main__:FuncIndex is 1618, end time is 1620731694.189752
INFO:__main__:used memory: 19 M
INFO:__main__:FuncIndex is 1618, time overhead is 3.378873586654663
INFO:__main__:FuncIndex is 1619, start time is 1620731694.195655
INFO:__main__:FuncIndex is 1619, end time is 1620731694.2484276
INFO:__main__:used memory: -1 M
INFO:__main__:FuncIndex is 1619, time overhead is 0.05277252197265625
INFO:__main__:FuncIndex is 1620, start time is 1620731694.249245
INFO:__main__:FuncIndex is 1620, end time is 1620731694.310554
INFO:__main__:used memory: 0 M
INFO:__main__:FuncIndex is 1620, time overhead is 0.061309099197387695
INFO:__main__:FuncIndex is 1621, start time is 1620731694.312196
INFO:__main__:FuncIndex is 1621, end time is 1620731694.3930838
INFO:__main__:used memory: 0 M
INFO:__main__:FuncIndex is 1621, time overhead is 0.0808877944946289
INFO:__main__:FuncIndex is 1622, start time is 1620731694.3937795
INFO:__main__:FuncIndex is 1622, end time is 1620731695.3183231
INFO:__main__:used memory: 7 M
INFO:__main__:FuncIndex is 1622, time overhead is 0.9245436191558838
INFO:__main__:FuncIndex is 1623, start time is 1620731695.3208249
INFO:__main__:FuncIndex is 1623, end time is 1620731695.7493722
INFO:__main__:used memory: -10 M
INFO:__main__:FuncIndex is 1623, time overhead is 0.42854738235473633
INFO:__main__:FuncIndex is 1624, start time is 1620731695.7519836
INFO:__main__:FuncIndex is 1624, end time is 1620731695.8045096
INFO:__main__:used memory: 0 M
INFO:__main__:FuncIndex is 1624, time overhead is 0.052525997161865234
INFO:__main__:FuncIndex is 1625, start time is 1620731695.805201
INFO:__main__:[exception] used memory: 0 M
INFO:__main__:[exception] FuncIndex is 1625, time overhead is 0.0012726783752441406
INFO:__main__:FuncIndex is 1626, start time is 1620731695.8068078
INFO:__main__:FuncIndex is 1626, end time is 1620731695.8379416
INFO:__main__:used memory: 1 M
INFO:__main__:FuncIndex is 1626, time overhead is 0.03113389015197754
INFO:__main__:FuncIndex is 1627, start time is 1620731695.8385913
INFO:__main__:FuncIndex is 1627, end time is 1620731695.8754582
INFO:__main__:used memory: 0 M
INFO:__main__:FuncIndex is 1627, time overhead is 0.03686690330505371
INFO:__main__:FuncIndex is 1628, start time is 1620731695.8779874
INFO:__main__:FuncIndex is 1628, end time is 1620731695.9493248
INFO:__main__:used memory: 0 M
INFO:__main__:FuncIndex is 1628, time overhead is 0.07133746147155762
INFO:__main__:FuncIndex is 1629, start time is 1620731695.9521997
INFO:__main__:FuncIndex is 1629, end time is 1620731696.0186949
INFO:__main__:used memory: -1 M
INFO:__main__:FuncIndex is 1629, time overhead is 0.06649518013000488
INFO:__main__:FuncIndex is 1630, start time is 1620731696.021717
INFO:__main__:FuncIndex is 1630, end time is 1620731696.0634425
INFO:__main__:used memory: 1 M
INFO:__main__:FuncIndex is 1630, time overhead is 0.04172539710998535
INFO:__main__:FuncIndex is 1631, start time is 1620731696.0646555
INFO:__main__:FuncIndex is 1631, end time is 1620731696.10541
INFO:__main__:used memory: 0 M
INFO:__main__:FuncIndex is 1631, time overhead is 0.04075455665588379
INFO:__main__:FuncIndex is 1632, start time is 1620731696.106196
INFO:__main__:FuncIndex is 1632, end time is 1620731696.1471229
INFO:__main__:used memory: -1 M
INFO:__main__:FuncIndex is 1632, time overhead is 0.04092693328857422
INFO:__main__:FuncIndex is 1633, start time is 1620731696.1479974
INFO:__main__:FuncIndex is 1633, end time is 1620731696.1870732
INFO:__main__:used memory: 1 M
INFO:__main__:FuncIndex is 1633, time overhead is 0.03907585144042969
INFO:__main__:FuncIndex is 1634, start time is 1620731696.1895757
INFO:__main__:FuncIndex is 1634, end time is 1620731696.2269928
INFO:__main__:used memory: 0 M
INFO:__main__:FuncIndex is 1634, time overhead is 0.03741717338562012
INFO:__main__:FuncIndex is 1635, start time is 1620731696.2295902
INFO:__main__:FuncIndex is 1635, end time is 1620731706.620036
INFO:__main__:used memory: 0 M
INFO:__main__:FuncIndex is 1635, time overhead is 10.390445709228516
INFO:__main__:FuncIndex is 1636, start time is 1620731706.6227214
INFO:__main__:FuncIndex is 1636, end time is 1620731736.0343933
INFO:__main__:used memory: 3 M
INFO:__main__:FuncIndex is 1636, time overhead is 29.41167187690735
INFO:__main__:FuncIndex is 1637, start time is 1620731736.0373797
INFO:__main__:FuncIndex is 1637, end time is 1620731736.07394
INFO:__main__:used memory: 2 M
INFO:__main__:FuncIndex is 1637, time overhead is 0.0365602970123291
INFO:__main__:FuncIndex is 1638, start time is 1620731736.0746148
INFO:__main__:FuncIndex is 1638, end time is 1620731736.2107618
INFO:__main__:used memory: 2 M
INFO:__main__:FuncIndex is 1638, time overhead is 0.13614702224731445
INFO:__main__:FuncIndex is 1639, start time is 1620731736.2116003
INFO:__main__:FuncIndex is 1639, end time is 1620731736.9820645
INFO:__main__:used memory: -3 M
INFO:__main__:FuncIndex is 1639, time overhead is 0.7704641819000244
INFO:__main__:FuncIndex is 1640, start time is 1620731736.9843626
INFO:__main__:FuncIndex is 1640, end time is 1620731737.0720708
INFO:__main__:used memory: 0 M
INFO:__main__:FuncIndex is 1640, time overhead is 0.0877082347869873
INFO:__main__:FuncIndex is 1641, start time is 1620731737.0743985
INFO:__main__:FuncIndex is 1641, end time is 1620731737.3687441
INFO:__main__:used memory: 0 M
INFO:__main__:FuncIndex is 1641, time overhead is 0.2943456172943115
INFO:__main__:FuncIndex is 1642, start time is 1620731737.371201
INFO:__main__:FuncIndex is 1642, end time is 1620731737.4032915
INFO:__main__:used memory: 1 M
INFO:__main__:FuncIndex is 1642, time overhead is 0.03209042549133301
INFO:__main__:FuncIndex is 1643, start time is 1620731737.4058187
INFO:__main__:[exception] used memory: 0 M
INFO:__main__:[exception] FuncIndex is 1643, time overhead is 0.004051923751831055
INFO:__main__:FuncIndex is 1644, start time is 1620731737.4105937
INFO:__main__:[exception] used memory: 0 M
INFO:__main__:[exception] FuncIndex is 1644, time overhead is 0.004134178161621094
INFO:__main__:FuncIndex is 1645, start time is 1620731737.4150689
INFO:__main__:FuncIndex is 1645, end time is 1620731737.5714505
INFO:__main__:used memory: 2 M
INFO:__main__:FuncIndex is 1645, time overhead is 0.15638160705566406
INFO:__main__:FuncIndex is 1646, start time is 1620731737.5739605
INFO:__main__:FuncIndex is 1646, end time is 1620731737.9312687
INFO:__main__:used memory: -3 M
INFO:__main__:FuncIndex is 1646, time overhead is 0.35730814933776855
INFO:__main__:FuncIndex is 1647, start time is 1620731737.9324565
INFO:__main__:FuncIndex is 1647, end time is 1620731737.9806867
INFO:__main__:used memory: 1 M
INFO:__main__:FuncIndex is 1647, time overhead is 0.04823017120361328
INFO:__main__:FuncIndex is 1648, start time is 1620731737.981395
INFO:__main__:[exception] used memory: -1 M
INFO:__main__:[exception] FuncIndex is 1648, time overhead is 0.043096065521240234
INFO:__main__:FuncIndex is 1649, start time is 1620731738.0254452
INFO:__main__:FuncIndex is 1649, end time is 1620731764.6327598
INFO:__main__:used memory: 1 M
INFO:__main__:FuncIndex is 1649, time overhead is 26.607314586639404
INFO:__main__:FuncIndex is 1650, start time is 1620731764.6362903
INFO:__main__:FuncIndex is 1650, end time is 1620731765.32141
INFO:__main__:used memory: -1 M
INFO:__main__:FuncIndex is 1650, time overhead is 0.68511962890625
INFO:__main__:FuncIndex is 1651, start time is 1620731765.3249917
INFO:__main__:FuncIndex is 1651, end time is 1620731765.5064585
INFO:__main__:used memory: 1 M
INFO:__main__:FuncIndex is 1651, time overhead is 0.18146681785583496
INFO:__main__:FuncIndex is 1652, start time is 1620731765.5092683
INFO:__main__:FuncIndex is 1652, end time is 1620731765.5554585
INFO:__main__:used memory: 0 M
INFO:__main__:FuncIndex is 1652, time overhead is 0.04619026184082031
INFO:__main__:FuncIndex is 1653, start time is 1620731765.5570126
INFO:__main__:FuncIndex is 1653, end time is 1620731765.6023881
INFO:__main__:used memory: 0 M
INFO:__main__:FuncIndex is 1653, time overhead is 0.04537558555603027
INFO:__main__:FuncIndex is 1654, start time is 1620731765.6031168
INFO:__main__:FuncIndex is 1654, end time is 1620731766.3090534
INFO:__main__:used memory: 4 M
INFO:__main__:FuncIndex is 1654, time overhead is 0.7059366703033447
INFO:__main__:FuncIndex is 1655, start time is 1620731766.3118765
INFO:__main__:FuncIndex is 1655, end time is 1620731766.6274946
INFO:__main__:used memory: -1 M
INFO:__main__:FuncIndex is 1655, time overhead is 0.31561803817749023
INFO:__main__:FuncIndex is 1656, start time is 1620731766.630402
INFO:__main__:[exception] used memory: 14 M
INFO:__main__:[exception] FuncIndex is 1656, time overhead is 90.11368346214294
INFO:__main__:FuncIndex is 1657, start time is 1620731856.7587974
INFO:__main__:FuncIndex is 1657, end time is 1620731856.9627573
INFO:__main__:used memory: -2 M
INFO:__main__:FuncIndex is 1657, time overhead is 0.20395994186401367
INFO:__main__:FuncIndex is 1658, start time is 1620731856.9637892
INFO:__main__:FuncIndex is 1658, end time is 1620731857.1606843
INFO:__main__:used memory: 0 M
INFO:__main__:FuncIndex is 1658, time overhead is 0.19689512252807617
INFO:__main__:FuncIndex is 1659, start time is 1620731857.1633346
INFO:__main__:FuncIndex is 1659, end time is 1620731857.2003825
INFO:__main__:used memory: 0 M
INFO:__main__:FuncIndex is 1659, time overhead is 0.0370478630065918
INFO:__main__:FuncIndex is 1660, start time is 1620731857.2013462
INFO:__main__:FuncIndex is 1660, end time is 1620731857.2345347
INFO:__main__:used memory: 1 M
INFO:__main__:FuncIndex is 1660, time overhead is 0.033188581466674805
INFO:__main__:FuncIndex is 1661, start time is 1620731857.2372298
INFO:__main__:FuncIndex is 1661, end time is 1620731857.2782004
INFO:__main__:used memory: -1 M
INFO:__main__:FuncIndex is 1661, time overhead is 0.040970563888549805
INFO:__main__:FuncIndex is 1662, start time is 1620731857.278912
INFO:__main__:FuncIndex is 1662, end time is 1620731857.6459386
INFO:__main__:used memory: 0 M
INFO:__main__:FuncIndex is 1662, time overhead is 0.36702656745910645
INFO:__main__:FuncIndex is 1663, start time is 1620731857.6488588
INFO:__main__:FuncIndex is 1663, end time is 1620731862.0478654
INFO:__main__:used memory: 0 M
INFO:__main__:FuncIndex is 1663, time overhead is 4.399006605148315
INFO:__main__:FuncIndex is 1664, start time is 1620731862.0489438
INFO:__main__:FuncIndex is 1664, end time is 1620731862.2358878
INFO:__main__:used memory: 0 M
INFO:__main__:FuncIndex is 1664, time overhead is 0.18694400787353516
INFO:__main__:FuncIndex is 1665, start time is 1620731862.2386658
INFO:__main__:FuncIndex is 1665, end time is 1620731862.7894146
INFO:__main__:used memory: 5 M
INFO:__main__:FuncIndex is 1665, time overhead is 0.5507488250732422
INFO:__main__:FuncIndex is 1666, start time is 1620731862.792477
INFO:__main__:[exception] used memory: 6 M
INFO:__main__:[exception] FuncIndex is 1666, time overhead is 98.55393290519714
INFO:__main__:FuncIndex is 1667, start time is 1620731961.3528206
INFO:__main__:FuncIndex is 1667, end time is 1620731961.401604
INFO:__main__:used memory: 0 M
INFO:__main__:FuncIndex is 1667, time overhead is 0.048783302307128906
INFO:__main__:FuncIndex is 1668, start time is 1620731961.4044652
INFO:__main__:FuncIndex is 1668, end time is 1620731961.4589624
INFO:__main__:used memory: 0 M
INFO:__main__:FuncIndex is 1668, time overhead is 0.05449724197387695
INFO:__main__:FuncIndex is 1669, start time is 1620731961.4619772
INFO:__main__:FuncIndex is 1669, end time is 1620731961.6546857
INFO:__main__:used memory: 1 M
INFO:__main__:FuncIndex is 1669, time overhead is 0.19270849227905273
INFO:__main__:FuncIndex is 1670, start time is 1620731961.6578944
INFO:__main__:FuncIndex is 1670, end time is 1620731962.1536553
INFO:__main__:used memory: 3 M
INFO:__main__:FuncIndex is 1670, time overhead is 0.4957609176635742
INFO:__main__:FuncIndex is 1671, start time is 1620731962.156781
INFO:__main__:FuncIndex is 1671, end time is 1620731962.2017472
INFO:__main__:used memory: 0 M
INFO:__main__:FuncIndex is 1671, time overhead is 0.04496622085571289
INFO:__main__:FuncIndex is 1672, start time is 1620731962.202545
INFO:__main__:FuncIndex is 1672, end time is 1620731962.2437727
INFO:__main__:used memory: 1 M
INFO:__main__:FuncIndex is 1672, time overhead is 0.04122781753540039
INFO:__main__:FuncIndex is 1673, start time is 1620731962.244561
INFO:__main__:FuncIndex is 1673, end time is 1620731962.414531
INFO:__main__:used memory: -2 M
INFO:__main__:FuncIndex is 1673, time overhead is 0.16997003555297852
INFO:__main__:FuncIndex is 1674, start time is 1620731962.4173017
INFO:__main__:FuncIndex is 1674, end time is 1620731962.5009077
INFO:__main__:used memory: 1 M
INFO:__main__:FuncIndex is 1674, time overhead is 0.08360600471496582
INFO:__main__:FuncIndex is 1675, start time is 1620731962.5034354
INFO:__main__:FuncIndex is 1675, end time is 1620731962.5443263
INFO:__main__:used memory: 0 M
INFO:__main__:FuncIndex is 1675, time overhead is 0.04089093208312988
INFO:__main__:FuncIndex is 1676, start time is 1620731962.5450232
INFO:__main__:FuncIndex is 1676, end time is 1620731962.5849073
INFO:__main__:used memory: 0 M
INFO:__main__:FuncIndex is 1676, time overhead is 0.039884090423583984
INFO:__main__:FuncIndex is 1677, start time is 1620731962.5855453
INFO:__main__:FuncIndex is 1677, end time is 1620731962.6557155
INFO:__main__:used memory: 0 M
INFO:__main__:FuncIndex is 1677, time overhead is 0.07017016410827637
INFO:__main__:FuncIndex is 1678, start time is 1620731962.656485
INFO:__main__:FuncIndex is 1678, end time is 1620731962.720871
INFO:__main__:used memory: -1 M
INFO:__main__:FuncIndex is 1678, time overhead is 0.06438589096069336
INFO:__main__:FuncIndex is 1679, start time is 1620731962.7237196
INFO:root:
INFO:__main__:FuncIndex is 1679, end time is 1620731962.7524524
INFO:__main__:used memory: 1 M
INFO:__main__:FuncIndex is 1679, time overhead is 0.028732776641845703
INFO:__main__:FuncIndex is 1680, start time is 1620731962.753144
INFO:__main__:FuncIndex is 1680, end time is 1620731964.9447062
INFO:__main__:used memory: -3 M
INFO:__main__:FuncIndex is 1680, time overhead is 2.1915621757507324
INFO:__main__:FuncIndex is 1681, start time is 1620731964.948147
INFO:__main__:FuncIndex is 1681, end time is 1620731964.9926956
INFO:__main__:used memory: 1 M
INFO:__main__:FuncIndex is 1681, time overhead is 0.04454851150512695
INFO:__main__:FuncIndex is 1682, start time is 1620731964.9934797
INFO:__main__:FuncIndex is 1682, end time is 1620731965.0331
INFO:__main__:used memory: 0 M
INFO:__main__:FuncIndex is 1682, time overhead is 0.039620161056518555
INFO:__main__:FuncIndex is 1683, start time is 1620731965.0338223
INFO:__main__:FuncIndex is 1683, end time is 1620731965.0618489
INFO:__main__:used memory: 0 M
INFO:__main__:FuncIndex is 1683, time overhead is 0.028026580810546875
INFO:__main__:FuncIndex is 1684, start time is 1620731965.0625546
INFO:__main__:FuncIndex is 1684, end time is 1620731965.0905085
INFO:__main__:used memory: -1 M
INFO:__main__:FuncIndex is 1684, time overhead is 0.0279538631439209
INFO:__main__:FuncIndex is 1685, start time is 1620731965.0911913
INFO:__main__:FuncIndex is 1685, end time is 1620731965.118841
INFO:__main__:used memory: 1 M
INFO:__main__:FuncIndex is 1685, time overhead is 0.027649641036987305
INFO:__main__:FuncIndex is 1686, start time is 1620731965.1196752
INFO:__main__:FuncIndex is 1686, end time is 1620731965.1478357
INFO:__main__:used memory: 0 M
INFO:__main__:FuncIndex is 1686, time overhead is 0.028160572052001953
INFO:__main__:FuncIndex is 1687, start time is 1620731965.1485267
INFO:__main__:FuncIndex is 1687, end time is 1620731965.1976821
INFO:__main__:used memory: 0 M
INFO:__main__:FuncIndex is 1687, time overhead is 0.049155473709106445
INFO:__main__:FuncIndex is 1688, start time is 1620731965.2005272
INFO:__main__:FuncIndex is 1688, end time is 1620731965.2370324
INFO:__main__:used memory: 0 M
INFO:__main__:FuncIndex is 1688, time overhead is 0.03650522232055664
INFO:__main__:FuncIndex is 1689, start time is 1620731965.2377136
INFO:__main__:FuncIndex is 1689, end time is 1620731965.273219
INFO:__main__:used memory: 1 M
INFO:__main__:FuncIndex is 1689, time overhead is 0.03550553321838379
INFO:__main__:FuncIndex is 1690, start time is 1620731965.2739387
INFO:__main__:FuncIndex is 1690, end time is 1620731965.320339
INFO:__main__:used memory: 0 M
INFO:__main__:FuncIndex is 1690, time overhead is 0.04640030860900879
INFO:__main__:FuncIndex is 1691, start time is 1620731965.3228781
INFO:__main__:[exception] used memory: 0 M
INFO:__main__:[exception] FuncIndex is 1691, time overhead is 0.020051002502441406
INFO:__main__:FuncIndex is 1692, start time is 1620731965.3440084
INFO:__main__:FuncIndex is 1692, end time is 1620731965.3876152
INFO:__main__:used memory: 0 M
INFO:__main__:FuncIndex is 1692, time overhead is 0.04360675811767578
INFO:__main__:FuncIndex is 1693, start time is 1620731965.3902702
INFO:__main__:FuncIndex is 1693, end time is 1620731965.42018
INFO:__main__:used memory: 0 M
INFO:__main__:FuncIndex is 1693, time overhead is 0.029909849166870117
INFO:__main__:FuncIndex is 1694, start time is 1620731965.4207633
INFO:__main__:FuncIndex is 1694, end time is 1620731965.450094
INFO:__main__:used memory: 0 M
INFO:__main__:FuncIndex is 1694, time overhead is 0.029330730438232422
INFO:__main__:FuncIndex is 1695, start time is 1620731965.450837
INFO:__main__:FuncIndex is 1695, end time is 1620731965.4788017
INFO:__main__:used memory: 0 M
INFO:__main__:FuncIndex is 1695, time overhead is 0.02796483039855957
INFO:__main__:FuncIndex is 1696, start time is 1620731965.4796495
INFO:__main__:FuncIndex is 1696, end time is 1620731965.5083766
INFO:__main__:used memory: 0 M
INFO:__main__:FuncIndex is 1696, time overhead is 0.028727054595947266
INFO:__main__:FuncIndex is 1697, start time is 1620731965.5090704
INFO:__main__:FuncIndex is 1697, end time is 1620731965.53689
INFO:__main__:used memory: 2 M
INFO:__main__:FuncIndex is 1697, time overhead is 0.02781963348388672
INFO:__main__:FuncIndex is 1698, start time is 1620731965.5375316
INFO:__main__:FuncIndex is 1698, end time is 1620731965.5656607
INFO:__main__:used memory: 0 M
INFO:__main__:FuncIndex is 1698, time overhead is 0.028129100799560547
INFO:__main__:FuncIndex is 1699, start time is 1620731965.566468
INFO:__main__:FuncIndex is 1699, end time is 1620731965.594499
INFO:__main__:used memory: -1 M
INFO:__main__:FuncIndex is 1699, time overhead is 0.028031110763549805
INFO:__main__:FuncIndex is 1700, start time is 1620731965.595165
INFO:__main__:FuncIndex is 1700, end time is 1620731965.6233747
INFO:__main__:used memory: 1 M
INFO:__main__:FuncIndex is 1700, time overhead is 0.028209686279296875
INFO:__main__:FuncIndex is 1701, start time is 1620731965.6242454
INFO:__main__:FuncIndex is 1701, end time is 1620731965.6526115
INFO:__main__:used memory: -1 M
INFO:__main__:FuncIndex is 1701, time overhead is 0.0283660888671875
INFO:__main__:FuncIndex is 1702, start time is 1620731965.6533146
INFO:__main__:FuncIndex is 1702, end time is 1620731965.868347
INFO:__main__:used memory: 8 M
INFO:__main__:FuncIndex is 1702, time overhead is 0.21503233909606934
INFO:__main__:FuncIndex is 1703, start time is 1620731965.8710306
INFO:__main__:FuncIndex is 1703, end time is 1620731965.9569726
INFO:__main__:used memory: 0 M
INFO:__main__:FuncIndex is 1703, time overhead is 0.08594202995300293
INFO:__main__:FuncIndex is 1704, start time is 1620731965.9599392
INFO:root:
INFO:__main__:FuncIndex is 1704, end time is 1620731965.9908338
INFO:__main__:used memory: 0 M
INFO:__main__:FuncIndex is 1704, time overhead is 0.03089451789855957
INFO:__main__:FuncIndex is 1705, start time is 1620731965.991966
INFO:__main__:FuncIndex is 1705, end time is 1620731966.0292823
INFO:__main__:used memory: 0 M
INFO:__main__:FuncIndex is 1705, time overhead is 0.037316322326660156
INFO:__main__:FuncIndex is 1706, start time is 1620731966.0299618
INFO:__main__:[exception] used memory: 0 M
INFO:__main__:[exception] FuncIndex is 1706, time overhead is 0.0013203620910644531
INFO:__main__:FuncIndex is 1707, start time is 1620731966.0320654
INFO:__main__:FuncIndex is 1707, end time is 1620731966.1046414
INFO:__main__:used memory: 1 M
INFO:__main__:FuncIndex is 1707, time overhead is 0.07257604598999023
INFO:__main__:FuncIndex is 1708, start time is 1620731966.1054003
INFO:__main__:FuncIndex is 1708, end time is 1620731966.3453794
INFO:__main__:used memory: 5 M
INFO:__main__:FuncIndex is 1708, time overhead is 0.23997902870178223
INFO:__main__:FuncIndex is 1709, start time is 1620731966.3462822
INFO:__main__:FuncIndex is 1709, end time is 1620731967.2612607
INFO:__main__:used memory: 5 M
INFO:__main__:FuncIndex is 1709, time overhead is 0.9149785041809082
INFO:__main__:FuncIndex is 1710, start time is 1620731967.2620828
INFO:__main__:[exception] used memory: 2 M
INFO:__main__:[exception] FuncIndex is 1710, time overhead is 0.40532779693603516
INFO:__main__:FuncIndex is 1711, start time is 1620731967.6684244
INFO:__main__:[exception] used memory: -13 M
INFO:__main__:[exception] FuncIndex is 1711, time overhead is 10.000199556350708
INFO:__main__:FuncIndex is 1712, start time is 1620731977.6695573
INFO:__main__:FuncIndex is 1712, end time is 1620731977.7460318
INFO:__main__:used memory: -2 M
INFO:__main__:FuncIndex is 1712, time overhead is 0.07647442817687988
INFO:__main__:FuncIndex is 1713, start time is 1620731977.7491207
INFO:__main__:FuncIndex is 1713, end time is 1620731977.9261289
INFO:__main__:used memory: 0 M
INFO:__main__:FuncIndex is 1713, time overhead is 0.17700815200805664
INFO:__main__:FuncIndex is 1714, start time is 1620731977.9268684
INFO:__main__:FuncIndex is 1714, end time is 1620731978.001658
INFO:__main__:used memory: 0 M
INFO:__main__:FuncIndex is 1714, time overhead is 0.07478952407836914
INFO:__main__:FuncIndex is 1715, start time is 1620731978.0024743
INFO:__main__:FuncIndex is 1715, end time is 1620731978.0605342
INFO:__main__:used memory: 0 M
INFO:__main__:FuncIndex is 1715, time overhead is 0.0580599308013916
INFO:__main__:FuncIndex is 1716, start time is 1620731978.0613644
INFO:__main__:FuncIndex is 1716, end time is 1620731980.160418
INFO:__main__:used memory: -1 M
INFO:__main__:FuncIndex is 1716, time overhead is 2.0990536212921143
INFO:__main__:FuncIndex is 1717, start time is 1620731980.1614127
INFO:__main__:FuncIndex is 1717, end time is 1620731980.750124
INFO:__main__:used memory: -2 M
INFO:__main__:FuncIndex is 1717, time overhead is 0.5887112617492676
INFO:__main__:FuncIndex is 1718, start time is 1620731980.7508607
INFO:__main__:FuncIndex is 1718, end time is 1620731980.8608992
INFO:__main__:used memory: 1 M
INFO:__main__:FuncIndex is 1718, time overhead is 0.11003851890563965
INFO:__main__:FuncIndex is 1719, start time is 1620731980.8616107
INFO:__main__:FuncIndex is 1719, end time is 1620731990.4008527
INFO:__main__:used memory: -1 M
INFO:__main__:FuncIndex is 1719, time overhead is 9.539242029190063
INFO:__main__:FuncIndex is 1720, start time is 1620731990.4017923
INFO:__main__:FuncIndex is 1720, end time is 1620731991.9875634
INFO:__main__:used memory: 9 M
INFO:__main__:FuncIndex is 1720, time overhead is 1.585771083831787
INFO:__main__:FuncIndex is 1721, start time is 1620731991.9882271
INFO:__main__:FuncIndex is 1721, end time is 1620731992.3167663
INFO:__main__:used memory: 0 M
INFO:__main__:FuncIndex is 1721, time overhead is 0.3285391330718994
INFO:__main__:FuncIndex is 1722, start time is 1620731992.317627
INFO:__main__:FuncIndex is 1722, end time is 1620731992.4325778
INFO:__main__:used memory: 0 M
INFO:__main__:FuncIndex is 1722, time overhead is 0.11495089530944824
INFO:__main__:FuncIndex is 1723, start time is 1620731992.4333367
INFO:__main__:[exception] used memory: 0 M
INFO:__main__:[exception] FuncIndex is 1723, time overhead is 0.02601337432861328
INFO:__main__:FuncIndex is 1724, start time is 1620731992.461268
INFO:__main__:FuncIndex is 1724, end time is 1620731992.7257102
INFO:__main__:used memory: -8 M
INFO:__main__:FuncIndex is 1724, time overhead is 0.26444220542907715
INFO:__main__:FuncIndex is 1725, start time is 1620731992.7292445
INFO:__main__:FuncIndex is 1725, end time is 1620731992.7980764
INFO:__main__:used memory: -1 M
INFO:__main__:FuncIndex is 1725, time overhead is 0.0688319206237793
INFO:__main__:FuncIndex is 1726, start time is 1620731992.7988966
INFO:__main__:FuncIndex is 1726, end time is 1620731993.2339988
INFO:__main__:used memory: 0 M
INFO:__main__:FuncIndex is 1726, time overhead is 0.4351022243499756
INFO:__main__:FuncIndex is 1727, start time is 1620731993.234749
INFO:__main__:FuncIndex is 1727, end time is 1620731993.4654815
INFO:__main__:used memory: 0 M
INFO:__main__:FuncIndex is 1727, time overhead is 0.23073244094848633
INFO:__main__:FuncIndex is 1728, start time is 1620731993.468557
INFO:__main__:FuncIndex is 1728, end time is 1620731993.4962025
INFO:__main__:used memory: 0 M
INFO:__main__:FuncIndex is 1728, time overhead is 0.027645587921142578
INFO:__main__:FuncIndex is 1729, start time is 1620731993.4969
INFO:__main__:FuncIndex is 1729, end time is 1620731993.5481575
INFO:__main__:used memory: 1 M
INFO:__main__:FuncIndex is 1729, time overhead is 0.05125737190246582
INFO:__main__:FuncIndex is 1730, start time is 1620731993.5508094
INFO:__main__:FuncIndex is 1730, end time is 1620731993.5936816
INFO:__main__:used memory: -2 M
INFO:__main__:FuncIndex is 1730, time overhead is 0.04287219047546387
INFO:__main__:FuncIndex is 1731, start time is 1620731993.596847
INFO:__main__:FuncIndex is 1731, end time is 1620731993.6476362
INFO:__main__:used memory: 1 M
INFO:__main__:FuncIndex is 1731, time overhead is 0.05078911781311035
INFO:__main__:FuncIndex is 1732, start time is 1620731993.6484003
INFO:root:
INFO:__main__:FuncIndex is 1732, end time is 1620731993.9981232
INFO:__main__:used memory: -1 M
INFO:__main__:FuncIndex is 1732, time overhead is 0.34972286224365234
INFO:__main__:FuncIndex is 1733, start time is 1620731993.999066
INFO:__main__:FuncIndex is 1733, end time is 1620731994.1564128
INFO:__main__:used memory: 1 M
INFO:__main__:FuncIndex is 1733, time overhead is 0.1573467254638672
INFO:__main__:FuncIndex is 1734, start time is 1620731994.1574137
INFO:__main__:[exception] used memory: 1 M
INFO:__main__:[exception] FuncIndex is 1734, time overhead is 10.079894542694092
INFO:__main__:FuncIndex is 1735, start time is 1620732004.2380762
INFO:__main__:FuncIndex is 1735, end time is 1620732004.5637476
INFO:__main__:used memory: 0 M
INFO:__main__:FuncIndex is 1735, time overhead is 0.3256714344024658
INFO:__main__:FuncIndex is 1736, start time is 1620732004.5665214
INFO:root:Timed out!
INFO:__main__:[exception] used memory: 11 M
INFO:__main__:[exception] FuncIndex is 1736, time overhead is 144.80727100372314
INFO:__main__:FuncIndex is 1737, start time is 1620732149.3820627
INFO:__main__:FuncIndex is 1737, end time is 1620732149.4146938
INFO:__main__:used memory: 1 M
INFO:__main__:FuncIndex is 1737, time overhead is 0.03263115882873535
INFO:__main__:FuncIndex is 1738, start time is 1620732149.4158003
INFO:__main__:FuncIndex is 1738, end time is 1620732154.300684
INFO:__main__:used memory: 4 M
INFO:__main__:FuncIndex is 1738, time overhead is 4.884883642196655
INFO:__main__:FuncIndex is 1739, start time is 1620732154.3038633
INFO:__main__:FuncIndex is 1739, end time is 1620732155.1476068
INFO:__main__:used memory: 7 M
INFO:__main__:FuncIndex is 1739, time overhead is 0.8437435626983643
INFO:__main__:FuncIndex is 1740, start time is 1620732155.1506596
INFO:__main__:FuncIndex is 1740, end time is 1620732155.2042034
INFO:__main__:used memory: -1 M
INFO:__main__:FuncIndex is 1740, time overhead is 0.053543806076049805
INFO:__main__:FuncIndex is 1741, start time is 1620732155.2071567
INFO:__main__:FuncIndex is 1741, end time is 1620732156.1518373
INFO:__main__:used memory: 0 M
INFO:__main__:FuncIndex is 1741, time overhead is 0.9446806907653809
INFO:__main__:FuncIndex is 1742, start time is 1620732156.152544
INFO:__main__:FuncIndex is 1742, end time is 1620732156.6524162
INFO:__main__:used memory: -5 M
INFO:__main__:FuncIndex is 1742, time overhead is 0.49987220764160156
INFO:__main__:FuncIndex is 1743, start time is 1620732156.655713
INFO:__main__:FuncIndex is 1743, end time is 1620732157.2913456
INFO:__main__:used memory: 0 M
INFO:__main__:FuncIndex is 1743, time overhead is 0.6356325149536133
INFO:__main__:FuncIndex is 1744, start time is 1620732157.2941234
INFO:__main__:FuncIndex is 1744, end time is 1620732157.8210073
INFO:__main__:used memory: -1 M
INFO:__main__:FuncIndex is 1744, time overhead is 0.5268838405609131
INFO:__main__:FuncIndex is 1745, start time is 1620732157.8244638
INFO:__main__:FuncIndex is 1745, end time is 1620732157.9101336
INFO:__main__:used memory: 0 M
INFO:__main__:FuncIndex is 1745, time overhead is 0.08566975593566895
INFO:__main__:FuncIndex is 1746, start time is 1620732157.9144242
INFO:__main__:FuncIndex is 1746, end time is 1620732158.3715818
INFO:__main__:used memory: -1 M
INFO:__main__:FuncIndex is 1746, time overhead is 0.45715761184692383
INFO:__main__:FuncIndex is 1747, start time is 1620732158.3747387
INFO:__main__:[exception] used memory: 0 M
INFO:__main__:[exception] FuncIndex is 1747, time overhead is 14.018757104873657
INFO:__main__:FuncIndex is 1748, start time is 1620732172.3975337
INFO:__main__:[exception] used memory: 1 M
INFO:__main__:[exception] FuncIndex is 1748, time overhead is 0.9471619129180908
INFO:__main__:FuncIndex is 1749, start time is 1620732173.347761
INFO:__main__:FuncIndex is 1749, end time is 1620732173.738903
INFO:__main__:used memory: -1 M
INFO:__main__:FuncIndex is 1749, time overhead is 0.3911421298980713
INFO:__main__:FuncIndex is 1750, start time is 1620732173.742156
INFO:__main__:FuncIndex is 1750, end time is 1620732178.7019608
INFO:__main__:used memory: 36 M
INFO:__main__:FuncIndex is 1750, time overhead is 4.9598047733306885
INFO:__main__:FuncIndex is 1751, start time is 1620732178.7059963
INFO:__main__:FuncIndex is 1751, end time is 1620732179.2912738
INFO:__main__:used memory: -25 M
INFO:__main__:FuncIndex is 1751, time overhead is 0.5852775573730469
INFO:__main__:FuncIndex is 1752, start time is 1620732179.2941124
INFO:__main__:FuncIndex is 1752, end time is 1620732179.3433282
INFO:__main__:used memory: -5 M
INFO:__main__:FuncIndex is 1752, time overhead is 0.04921579360961914
INFO:__main__:FuncIndex is 1753, start time is 1620732179.3462842
INFO:__main__:FuncIndex is 1753, end time is 1620732179.5955875
INFO:__main__:used memory: 0 M
INFO:__main__:FuncIndex is 1753, time overhead is 0.24930334091186523
INFO:__main__:FuncIndex is 1754, start time is 1620732179.5967505
INFO:__main__:[exception] used memory: 0 M
INFO:__main__:[exception] FuncIndex is 1754, time overhead is 0.03925800323486328
INFO:__main__:FuncIndex is 1755, start time is 1620732179.6372342
INFO:__main__:[exception] used memory: 0 M
INFO:__main__:[exception] FuncIndex is 1755, time overhead is 0.016978025436401367
INFO:__main__:FuncIndex is 1756, start time is 1620732179.6545954
INFO:__main__:FuncIndex is 1756, end time is 1620732181.1945958
INFO:__main__:used memory: -2 M
INFO:__main__:FuncIndex is 1756, time overhead is 1.5400004386901855
INFO:__main__:FuncIndex is 1757, start time is 1620732181.195819
INFO:__main__:FuncIndex is 1757, end time is 1620732181.337821
INFO:__main__:used memory: 0 M
INFO:__main__:FuncIndex is 1757, time overhead is 0.14200210571289062
INFO:__main__:FuncIndex is 1758, start time is 1620732181.3407369
INFO:__main__:FuncIndex is 1758, end time is 1620732181.3726728
INFO:__main__:used memory: -1 M
INFO:__main__:FuncIndex is 1758, time overhead is 0.031935930252075195
INFO:__main__:FuncIndex is 1759, start time is 1620732181.3733697
INFO:__main__:FuncIndex is 1759, end time is 1620732181.5496645
INFO:__main__:used memory: 0 M
INFO:__main__:FuncIndex is 1759, time overhead is 0.17629480361938477
INFO:__main__:FuncIndex is 1760, start time is 1620732181.552984
INFO:__main__:FuncIndex is 1760, end time is 1620732181.613086
INFO:__main__:used memory: 0 M
INFO:__main__:FuncIndex is 1760, time overhead is 0.060101985931396484
INFO:__main__:FuncIndex is 1761, start time is 1620732181.6137726
INFO:__main__:FuncIndex is 1761, end time is 1620732181.6629195
INFO:__main__:used memory: 0 M
INFO:__main__:FuncIndex is 1761, time overhead is 0.04914689064025879
INFO:__main__:FuncIndex is 1762, start time is 1620732181.665869
INFO:__main__:FuncIndex is 1762, end time is 1620732181.84475
INFO:__main__:used memory: 0 M
INFO:__main__:FuncIndex is 1762, time overhead is 0.17888092994689941
INFO:__main__:FuncIndex is 1763, start time is 1620732181.8476
INFO:__main__:FuncIndex is 1763, end time is 1620732181.9012682
INFO:__main__:used memory: 1 M
INFO:__main__:FuncIndex is 1763, time overhead is 0.05366826057434082
INFO:__main__:FuncIndex is 1764, start time is 1620732181.90449
INFO:__main__:FuncIndex is 1764, end time is 1620732182.0377333
INFO:__main__:used memory: -1 M
INFO:__main__:FuncIndex is 1764, time overhead is 0.13324332237243652
INFO:__main__:FuncIndex is 1765, start time is 1620732182.0405056
INFO:__main__:FuncIndex is 1765, end time is 1620732182.0680742
INFO:__main__:used memory: 0 M
INFO:__main__:FuncIndex is 1765, time overhead is 0.027568578720092773
INFO:__main__:FuncIndex is 1766, start time is 1620732182.0687926
INFO:__main__:FuncIndex is 1766, end time is 1620732182.4620388
INFO:__main__:used memory: 3 M
INFO:__main__:FuncIndex is 1766, time overhead is 0.3932461738586426
INFO:__main__:FuncIndex is 1767, start time is 1620732182.465242
INFO:__main__:FuncIndex is 1767, end time is 1620732182.5310354
INFO:__main__:used memory: 1 M
INFO:__main__:FuncIndex is 1767, time overhead is 0.06579351425170898
INFO:__main__:FuncIndex is 1768, start time is 1620732182.5341496
INFO:__main__:FuncIndex is 1768, end time is 1620732182.5944555
INFO:__main__:used memory: 0 M
INFO:__main__:FuncIndex is 1768, time overhead is 0.06030583381652832
INFO:__main__:FuncIndex is 1769, start time is 1620732182.5975115
INFO:root:
INFO:__main__:FuncIndex is 1769, end time is 1620732182.7098112
INFO:__main__:used memory: 1 M
INFO:__main__:FuncIndex is 1769, time overhead is 0.11229968070983887
INFO:__main__:FuncIndex is 1770, start time is 1620732182.7128522
INFO:__main__:FuncIndex is 1770, end time is 1620732183.7109048
INFO:__main__:used memory: 7 M
INFO:__main__:FuncIndex is 1770, time overhead is 0.9980525970458984
INFO:__main__:FuncIndex is 1771, start time is 1620732183.7141857
INFO:__main__:FuncIndex is 1771, end time is 1620732184.2956383
INFO:__main__:used memory: 1 M
INFO:__main__:FuncIndex is 1771, time overhead is 0.5814526081085205
INFO:__main__:FuncIndex is 1772, start time is 1620732184.2989135
INFO:__main__:FuncIndex is 1772, end time is 1620732184.342461
INFO:__main__:used memory: 0 M
INFO:__main__:FuncIndex is 1772, time overhead is 0.043547630310058594
INFO:__main__:FuncIndex is 1773, start time is 1620732184.3452652
INFO:__main__:FuncIndex is 1773, end time is 1620732193.0763378
INFO:__main__:used memory: 2 M
INFO:__main__:FuncIndex is 1773, time overhead is 8.731072664260864
INFO:__main__:FuncIndex is 1774, start time is 1620732193.0791147
INFO:__main__:FuncIndex is 1774, end time is 1620732196.4768922
INFO:__main__:used memory: -2 M
INFO:__main__:FuncIndex is 1774, time overhead is 3.397777557373047
INFO:__main__:FuncIndex is 1775, start time is 1620732196.477721
INFO:__main__:FuncIndex is 1775, end time is 1620732196.6102512
INFO:__main__:used memory: 1 M
INFO:__main__:FuncIndex is 1775, time overhead is 0.13253021240234375
INFO:__main__:FuncIndex is 1776, start time is 1620732196.6133354
INFO:__main__:[exception] used memory: 0 M
INFO:__main__:[exception] FuncIndex is 1776, time overhead is 0.020017385482788086
INFO:__main__:FuncIndex is 1777, start time is 1620732196.634371
INFO:__main__:[exception] used memory: 1 M
INFO:__main__:[exception] FuncIndex is 1777, time overhead is 22.427879810333252
INFO:__main__:FuncIndex is 1778, start time is 1620732219.065341
INFO:__main__:FuncIndex is 1778, end time is 1620732219.0909796
INFO:__main__:used memory: 0 M
INFO:__main__:FuncIndex is 1778, time overhead is 0.025638580322265625
INFO:__main__:FuncIndex is 1779, start time is 1620732219.0918481
INFO:__main__:FuncIndex is 1779, end time is 1620732219.4887497
INFO:__main__:used memory: 4 M
INFO:__main__:FuncIndex is 1779, time overhead is 0.39690160751342773
INFO:__main__:FuncIndex is 1780, start time is 1620732219.4921558
INFO:__main__:FuncIndex is 1780, end time is 1620732219.5178442
INFO:__main__:used memory: 2 M
INFO:__main__:FuncIndex is 1780, time overhead is 0.02568840980529785
INFO:__main__:FuncIndex is 1781, start time is 1620732219.5186148
INFO:__main__:FuncIndex is 1781, end time is 1620732219.6090913
INFO:__main__:used memory: -1 M
INFO:__main__:FuncIndex is 1781, time overhead is 0.09047651290893555
INFO:__main__:FuncIndex is 1782, start time is 1620732219.6098776
INFO:__main__:FuncIndex is 1782, end time is 1620732219.8345253
INFO:__main__:used memory: 0 M
INFO:__main__:FuncIndex is 1782, time overhead is 0.22464776039123535
INFO:__main__:FuncIndex is 1783, start time is 1620732219.8388817
INFO:__main__:FuncIndex is 1783, end time is 1620732219.914772
INFO:__main__:used memory: 1 M
INFO:__main__:FuncIndex is 1783, time overhead is 0.07589030265808105
INFO:__main__:FuncIndex is 1784, start time is 1620732219.9182584
INFO:__main__:FuncIndex is 1784, end time is 1620732220.0625641
INFO:__main__:used memory: 2 M
INFO:__main__:FuncIndex is 1784, time overhead is 0.14430570602416992
INFO:__main__:FuncIndex is 1785, start time is 1620732220.0659382
INFO:__main__:[exception] used memory: 0 M
INFO:__main__:[exception] FuncIndex is 1785, time overhead is 0.1421189308166504
INFO:__main__:FuncIndex is 1786, start time is 1620732220.2116158
INFO:__main__:FuncIndex is 1786, end time is 1620732220.2560003
INFO:__main__:used memory: 1 M
INFO:__main__:FuncIndex is 1786, time overhead is 0.04438447952270508
INFO:__main__:FuncIndex is 1787, start time is 1620732220.2594354
INFO:__main__:FuncIndex is 1787, end time is 1620732220.3130665
INFO:__main__:used memory: 0 M
INFO:__main__:FuncIndex is 1787, time overhead is 0.05363106727600098
INFO:__main__:FuncIndex is 1788, start time is 1620732220.3138413
INFO:__main__:FuncIndex is 1788, end time is 1620732220.348399
INFO:__main__:used memory: 0 M
INFO:__main__:FuncIndex is 1788, time overhead is 0.03455758094787598
INFO:__main__:FuncIndex is 1789, start time is 1620732220.349217
INFO:__main__:FuncIndex is 1789, end time is 1620732220.393806
INFO:__main__:used memory: 0 M
INFO:__main__:FuncIndex is 1789, time overhead is 0.04458904266357422
INFO:__main__:FuncIndex is 1790, start time is 1620732220.3972692
INFO:__main__:FuncIndex is 1790, end time is 1620732220.5152068
INFO:__main__:used memory: 1 M
INFO:__main__:FuncIndex is 1790, time overhead is 0.11793756484985352
INFO:__main__:FuncIndex is 1791, start time is 1620732220.5160115
INFO:__main__:FuncIndex is 1791, end time is 1620732221.0325596
INFO:__main__:used memory: -12 M
INFO:__main__:FuncIndex is 1791, time overhead is 0.5165481567382812
INFO:__main__:FuncIndex is 1792, start time is 1620732221.0350332
INFO:__main__:FuncIndex is 1792, end time is 1620732221.082534
INFO:__main__:used memory: 1 M
INFO:__main__:FuncIndex is 1792, time overhead is 0.0475008487701416
INFO:__main__:FuncIndex is 1793, start time is 1620732221.083244
INFO:__main__:[exception] used memory: -1 M
INFO:__main__:[exception] FuncIndex is 1793, time overhead is 0.002947092056274414
INFO:__main__:FuncIndex is 1794, start time is 1620732221.0865486
INFO:__main__:FuncIndex is 1794, end time is 1620732221.1366892
INFO:__main__:used memory: 0 M
INFO:__main__:FuncIndex is 1794, time overhead is 0.0501406192779541
INFO:__main__:FuncIndex is 1795, start time is 1620732221.1381993
INFO:__main__:FuncIndex is 1795, end time is 1620732221.236692
INFO:__main__:used memory: 0 M
INFO:__main__:FuncIndex is 1795, time overhead is 0.09849262237548828
INFO:__main__:FuncIndex is 1796, start time is 1620732221.239642
INFO:__main__:FuncIndex is 1796, end time is 1620732221.3175128
INFO:__main__:used memory: 0 M
INFO:__main__:FuncIndex is 1796, time overhead is 0.07787084579467773
INFO:__main__:FuncIndex is 1797, start time is 1620732221.3203776
INFO:__main__:FuncIndex is 1797, end time is 1620732242.7976954
INFO:__main__:used memory: 0 M
INFO:__main__:FuncIndex is 1797, time overhead is 21.477317810058594
INFO:__main__:FuncIndex is 1798, start time is 1620732242.8008184
INFO:__main__:FuncIndex is 1798, end time is 1620732264.456841
INFO:__main__:used memory: -2 M
INFO:__main__:FuncIndex is 1798, time overhead is 21.656022548675537
INFO:__main__:FuncIndex is 1799, start time is 1620732264.4602728
INFO:__main__:FuncIndex is 1799, end time is 1620732264.5283303
INFO:__main__:used memory: 0 M
INFO:__main__:FuncIndex is 1799, time overhead is 0.06805753707885742
INFO:__main__:FuncIndex is 1800, start time is 1620732264.5291133
INFO:root:
INFO:__main__:FuncIndex is 1800, end time is 1620732264.7192738
INFO:__main__:used memory: 0 M
INFO:__main__:FuncIndex is 1800, time overhead is 0.19016051292419434
INFO:__main__:All time: 581.4143476486206
