INFO:__main__:used memory: 2 M
INFO:__main__:FuncIndex is 801, time overhead is 0.04227590560913086
INFO:__main__:used memory: 2 M
INFO:__main__:FuncIndex is 802, time overhead is 0.03095078468322754
INFO:__main__:used memory: 0 M
INFO:__main__:FuncIndex is 803, time overhead is 0.03148961067199707
INFO:__main__:used memory: -2 M
INFO:__main__:FuncIndex is 804, time overhead is 0.03044295310974121
INFO:__main__:used memory: 1 M
INFO:__main__:FuncIndex is 805, time overhead is 0.03000354766845703
INFO:__main__:used memory: 0 M
INFO:__main__:FuncIndex is 806, time overhead is 0.029173851013183594
INFO:__main__:used memory: 1 M
INFO:__main__:FuncIndex is 807, time overhead is 0.029165267944335938
INFO:__main__:used memory: -1 M
INFO:__main__:FuncIndex is 808, time overhead is 0.14414668083190918
INFO:__main__:used memory: 0 M
INFO:__main__:FuncIndex is 809, time overhead is 0.02997589111328125
INFO:__main__:used memory: -1 M
INFO:__main__:FuncIndex is 810, time overhead is 0.030596017837524414
INFO:__main__:used memory: 1 M
INFO:__main__:FuncIndex is 811, time overhead is 0.030724525451660156
INFO:__main__:used memory: 3 M
INFO:__main__:FuncIndex is 812, time overhead is 0.09850716590881348
INFO:__main__:used memory: 1 M
INFO:__main__:FuncIndex is 813, time overhead is 0.031270503997802734
INFO:__main__:used memory: 0 M
INFO:__main__:FuncIndex is 814, time overhead is 0.029840469360351562
INFO:__main__:used memory: 1 M
INFO:__main__:FuncIndex is 815, time overhead is 0.03167986869812012
INFO:__main__:used memory: -1 M
INFO:__main__:FuncIndex is 816, time overhead is 0.030703067779541016
INFO:__main__:used memory: 0 M
INFO:__main__:FuncIndex is 817, time overhead is 0.03075695037841797
INFO:__main__:used memory: 1 M
INFO:__main__:FuncIndex is 818, time overhead is 0.030094385147094727
INFO:__main__:used memory: 0 M
INFO:__main__:FuncIndex is 819, time overhead is 0.029863357543945312
INFO:__main__:used memory: 1 M
INFO:__main__:FuncIndex is 820, time overhead is 0.03113269805908203
INFO:__main__:used memory: 0 M
INFO:__main__:FuncIndex is 821, time overhead is 0.03016829490661621
INFO:__main__:used memory: 0 M
INFO:__main__:FuncIndex is 822, time overhead is 0.030490636825561523
INFO:__main__:used memory: -1 M
INFO:__main__:FuncIndex is 823, time overhead is 0.031241416931152344
INFO:__main__:used memory: 0 M
INFO:__main__:FuncIndex is 824, time overhead is 0.03101372718811035
INFO:__main__:used memory: 0 M
INFO:__main__:FuncIndex is 825, time overhead is 0.03192591667175293
INFO:__main__:used memory: 0 M
INFO:__main__:FuncIndex is 826, time overhead is 0.029181957244873047
INFO:__main__:used memory: 0 M
INFO:__main__:FuncIndex is 827, time overhead is 0.030376434326171875
INFO:__main__:used memory: 1 M
INFO:__main__:FuncIndex is 828, time overhead is 0.029795169830322266
INFO:__main__:used memory: 0 M
INFO:__main__:FuncIndex is 829, time overhead is 0.029736042022705078
INFO:__main__:used memory: 1 M
INFO:__main__:FuncIndex is 830, time overhead is 0.029578447341918945
INFO:__main__:used memory: 0 M
INFO:__main__:FuncIndex is 831, time overhead is 0.029064416885375977
INFO:__main__:used memory: -1 M
INFO:__main__:FuncIndex is 832, time overhead is 0.030457258224487305
INFO:__main__:used memory: 4 M
INFO:__main__:FuncIndex is 833, time overhead is 0.1499483585357666
INFO:__main__:used memory: 1 M
INFO:__main__:FuncIndex is 834, time overhead is 0.0275576114654541
INFO:__main__:used memory: 1 M
INFO:__main__:FuncIndex is 835, time overhead is 0.02968621253967285
INFO:__main__:used memory: -1 M
INFO:__main__:FuncIndex is 836, time overhead is 0.02909255027770996
INFO:__main__:used memory: 1 M
INFO:__main__:FuncIndex is 837, time overhead is 0.030397891998291016
INFO:__main__:used memory: 0 M
INFO:__main__:FuncIndex is 838, time overhead is 0.030327320098876953
INFO:__main__:used memory: 0 M
INFO:__main__:FuncIndex is 839, time overhead is 0.030119895935058594
INFO:__main__:used memory: 0 M
INFO:__main__:FuncIndex is 840, time overhead is 0.030959367752075195
INFO:__main__:used memory: -1 M
INFO:__main__:FuncIndex is 841, time overhead is 0.030988454818725586
INFO:__main__:used memory: 0 M
INFO:__main__:FuncIndex is 842, time overhead is 0.03034687042236328
INFO:__main__:used memory: 1 M
INFO:__main__:FuncIndex is 843, time overhead is 0.030536174774169922
INFO:__main__:used memory: 0 M
INFO:__main__:FuncIndex is 844, time overhead is 0.029685497283935547
INFO:__main__:used memory: 1 M
INFO:__main__:FuncIndex is 845, time overhead is 0.02985382080078125
INFO:__main__:used memory: -1 M
INFO:__main__:FuncIndex is 846, time overhead is 0.029350996017456055
INFO:__main__:used memory: 1 M
INFO:__main__:FuncIndex is 847, time overhead is 0.030086517333984375
INFO:__main__:used memory: -1 M
INFO:__main__:FuncIndex is 848, time overhead is 0.03140592575073242
INFO:__main__:used memory: 1 M
INFO:__main__:FuncIndex is 849, time overhead is 0.032938241958618164
INFO:__main__:used memory: 0 M
INFO:__main__:FuncIndex is 850, time overhead is 0.032152414321899414
INFO:__main__:used memory: 0 M
INFO:__main__:FuncIndex is 851, time overhead is 0.03073406219482422
INFO:__main__:used memory: -1 M
INFO:__main__:FuncIndex is 852, time overhead is 0.030189990997314453
INFO:__main__:used memory: 0 M
INFO:__main__:FuncIndex is 853, time overhead is 0.030012130737304688
INFO:__main__:used memory: 0 M
INFO:__main__:FuncIndex is 854, time overhead is 0.029623031616210938
INFO:__main__:used memory: 1 M
INFO:__main__:FuncIndex is 855, time overhead is 0.028571605682373047
INFO:__main__:used memory: 1 M
INFO:__main__:FuncIndex is 856, time overhead is 0.03118276596069336
INFO:__main__:used memory: 0 M
INFO:__main__:FuncIndex is 857, time overhead is 0.03033161163330078
INFO:__main__:used memory: 0 M
INFO:__main__:FuncIndex is 858, time overhead is 0.029546022415161133
INFO:__main__:used memory: 0 M
INFO:__main__:FuncIndex is 859, time overhead is 0.030013561248779297
INFO:__main__:used memory: 1 M
INFO:__main__:FuncIndex is 860, time overhead is 0.03104257583618164
INFO:__main__:used memory: 0 M
INFO:__main__:FuncIndex is 861, time overhead is 0.030292987823486328
INFO:__main__:used memory: -1 M
INFO:__main__:FuncIndex is 862, time overhead is 0.031508445739746094
INFO:__main__:used memory: 1 M
INFO:__main__:FuncIndex is 863, time overhead is 0.0317988395690918
INFO:__main__:used memory: 0 M
INFO:__main__:FuncIndex is 864, time overhead is 0.03126835823059082
INFO:__main__:used memory: 1 M
INFO:__main__:FuncIndex is 865, time overhead is 0.03140401840209961
INFO:__main__:used memory: 0 M
INFO:__main__:FuncIndex is 866, time overhead is 0.03272557258605957
INFO:__main__:used memory: -1 M
INFO:__main__:FuncIndex is 867, time overhead is 0.03050708770751953
INFO:__main__:used memory: 1 M
INFO:__main__:FuncIndex is 868, time overhead is 0.02966594696044922
INFO:__main__:used memory: 0 M
INFO:__main__:FuncIndex is 869, time overhead is 0.029378414154052734
INFO:__main__:used memory: 0 M
INFO:__main__:FuncIndex is 870, time overhead is 0.030037879943847656
INFO:__main__:used memory: 0 M
INFO:__main__:FuncIndex is 871, time overhead is 0.029775142669677734
INFO:root:b'Sorts (_ BitVec 256) and (_ BitVec 32) are incompatible'
INFO:__main__:used memory: 0 M
INFO:__main__:FuncIndex is 872, time overhead is 0.029515504837036133
INFO:__main__:used memory: 0 M
INFO:__main__:FuncIndex is 873, time overhead is 0.029664278030395508
INFO:__main__:used memory: 0 M
INFO:__main__:FuncIndex is 874, time overhead is 0.029721736907958984
INFO:__main__:used memory: 1 M
INFO:__main__:FuncIndex is 875, time overhead is 0.030683517456054688
INFO:__main__:used memory: -1 M
INFO:__main__:FuncIndex is 876, time overhead is 0.03081059455871582
INFO:__main__:used memory: 1 M
INFO:__main__:FuncIndex is 877, time overhead is 0.030327320098876953
INFO:__main__:used memory: 0 M
INFO:__main__:FuncIndex is 878, time overhead is 0.03163933753967285
INFO:__main__:used memory: 0 M
INFO:__main__:FuncIndex is 879, time overhead is 0.03107476234436035
INFO:__main__:used memory: 0 M
INFO:__main__:FuncIndex is 880, time overhead is 0.030736446380615234
INFO:__main__:used memory: 1 M
INFO:__main__:FuncIndex is 881, time overhead is 0.029740571975708008
INFO:__main__:used memory: 0 M
INFO:__main__:FuncIndex is 882, time overhead is 0.05627846717834473
INFO:__main__:used memory: -1 M
INFO:__main__:FuncIndex is 883, time overhead is 0.03183889389038086
INFO:__main__:used memory: 1 M
INFO:__main__:FuncIndex is 884, time overhead is 0.03139901161193848
INFO:__main__:used memory: 1 M
INFO:__main__:FuncIndex is 885, time overhead is 0.03232312202453613
INFO:__main__:used memory: 0 M
INFO:__main__:FuncIndex is 886, time overhead is 0.03080010414123535
INFO:__main__:used memory: -1 M
INFO:__main__:FuncIndex is 887, time overhead is 0.03016519546508789
INFO:__main__:used memory: 1 M
INFO:__main__:FuncIndex is 888, time overhead is 0.029952049255371094
INFO:__main__:used memory: -1 M
INFO:__main__:FuncIndex is 889, time overhead is 0.029995441436767578
INFO:__main__:used memory: 1 M
INFO:__main__:FuncIndex is 890, time overhead is 0.03033614158630371
INFO:__main__:used memory: 1 M
INFO:__main__:FuncIndex is 891, time overhead is 0.030053377151489258
INFO:__main__:used memory: 6 M
INFO:__main__:FuncIndex is 892, time overhead is 0.32277607917785645
INFO:__main__:used memory: 1 M
INFO:__main__:FuncIndex is 893, time overhead is 0.03246593475341797
INFO:__main__:used memory: 1 M
INFO:__main__:FuncIndex is 894, time overhead is 0.03159689903259277
INFO:__main__:used memory: 1 M
INFO:__main__:FuncIndex is 895, time overhead is 0.03350353240966797
INFO:__main__:used memory: -1 M
INFO:__main__:FuncIndex is 896, time overhead is 0.032752275466918945
INFO:__main__:used memory: 1 M
INFO:__main__:FuncIndex is 897, time overhead is 0.03257107734680176
INFO:__main__:used memory: -1 M
INFO:__main__:FuncIndex is 898, time overhead is 0.033678531646728516
INFO:__main__:used memory: 0 M
INFO:__main__:FuncIndex is 899, time overhead is 0.03261828422546387
INFO:__main__:used memory: -9 M
INFO:__main__:FuncIndex is 900, time overhead is 0.20294427871704102
INFO:__main__:used memory: -2 M
INFO:__main__:FuncIndex is 901, time overhead is 0.038004398345947266
INFO:__main__:used memory: -1 M
INFO:__main__:FuncIndex is 902, time overhead is 0.033638954162597656
INFO:__main__:[exception] used memory: -1 M
INFO:__main__:[exception] FuncIndex is 903, time overhead is 0.15712928771972656
INFO:__main__:used memory: 1 M
INFO:__main__:FuncIndex is 904, time overhead is 0.032411813735961914
INFO:__main__:used memory: 0 M
INFO:__main__:FuncIndex is 905, time overhead is 0.03308820724487305
INFO:__main__:used memory: 1 M
INFO:__main__:FuncIndex is 906, time overhead is 0.033231258392333984
INFO:__main__:used memory: -1 M
INFO:__main__:FuncIndex is 907, time overhead is 0.03283858299255371
INFO:__main__:used memory: 0 M
INFO:__main__:FuncIndex is 908, time overhead is 0.03311753273010254
INFO:__main__:used memory: 0 M
INFO:__main__:FuncIndex is 909, time overhead is 0.033144235610961914
INFO:__main__:used memory: 0 M
INFO:__main__:FuncIndex is 910, time overhead is 0.03213024139404297
INFO:__main__:used memory: 0 M
INFO:__main__:FuncIndex is 911, time overhead is 0.03183317184448242
INFO:__main__:used memory: 0 M
INFO:__main__:FuncIndex is 912, time overhead is 0.03274655342102051
INFO:__main__:used memory: 0 M
INFO:__main__:FuncIndex is 913, time overhead is 0.03209686279296875
INFO:__main__:used memory: 0 M
INFO:__main__:FuncIndex is 914, time overhead is 0.06639385223388672
INFO:__main__:used memory: 0 M
INFO:__main__:FuncIndex is 915, time overhead is 0.033960819244384766
INFO:__main__:used memory: 1 M
INFO:__main__:FuncIndex is 916, time overhead is 0.0316009521484375
INFO:__main__:used memory: 0 M
INFO:__main__:FuncIndex is 917, time overhead is 0.032506704330444336
INFO:__main__:used memory: 1 M
INFO:__main__:FuncIndex is 918, time overhead is 0.03303337097167969
INFO:__main__:used memory: 0 M
INFO:__main__:FuncIndex is 919, time overhead is 0.03245091438293457
INFO:__main__:used memory: 0 M
INFO:__main__:FuncIndex is 920, time overhead is 0.032768964767456055
INFO:__main__:used memory: 1 M
INFO:__main__:FuncIndex is 921, time overhead is 0.03502011299133301
INFO:__main__:used memory: -1 M
INFO:__main__:FuncIndex is 922, time overhead is 0.03444838523864746
INFO:__main__:used memory: 0 M
INFO:__main__:FuncIndex is 923, time overhead is 0.03203272819519043
INFO:__main__:used memory: 0 M
INFO:__main__:FuncIndex is 924, time overhead is 0.03227829933166504
INFO:__main__:used memory: 0 M
INFO:__main__:FuncIndex is 925, time overhead is 0.032656192779541016
INFO:__main__:used memory: 1 M
INFO:__main__:FuncIndex is 926, time overhead is 0.03268027305603027
INFO:__main__:used memory: -1 M
INFO:__main__:FuncIndex is 927, time overhead is 0.03198552131652832
INFO:__main__:used memory: -1 M
INFO:__main__:FuncIndex is 928, time overhead is 0.03329730033874512
INFO:__main__:used memory: 1 M
INFO:__main__:FuncIndex is 929, time overhead is 0.032248735427856445
INFO:__main__:used memory: -1 M
INFO:__main__:FuncIndex is 930, time overhead is 0.03230762481689453
INFO:__main__:used memory: 1 M
INFO:__main__:FuncIndex is 931, time overhead is 0.03454256057739258
INFO:__main__:used memory: 0 M
INFO:__main__:FuncIndex is 932, time overhead is 0.03217363357543945
INFO:__main__:used memory: -1 M
INFO:__main__:FuncIndex is 933, time overhead is 0.07120609283447266
INFO:__main__:used memory: 0 M
INFO:__main__:FuncIndex is 934, time overhead is 0.0321345329284668
INFO:__main__:used memory: 0 M
INFO:__main__:FuncIndex is 935, time overhead is 0.032559871673583984
INFO:__main__:used memory: 1 M
INFO:__main__:FuncIndex is 936, time overhead is 0.03127002716064453
INFO:__main__:used memory: 0 M
INFO:__main__:FuncIndex is 937, time overhead is 0.03251457214355469
INFO:__main__:used memory: -1 M
INFO:__main__:FuncIndex is 938, time overhead is 0.03528857231140137
INFO:__main__:used memory: 1 M
INFO:__main__:FuncIndex is 939, time overhead is 0.03114175796508789
INFO:__main__:used memory: 0 M
INFO:__main__:FuncIndex is 940, time overhead is 0.032968759536743164
INFO:__main__:used memory: 0 M
INFO:__main__:FuncIndex is 941, time overhead is 0.03366446495056152
INFO:__main__:used memory: 1 M
INFO:__main__:FuncIndex is 942, time overhead is 0.030913352966308594
INFO:__main__:used memory: -1 M
INFO:__main__:FuncIndex is 943, time overhead is 0.032537221908569336
INFO:__main__:used memory: 13 M
INFO:__main__:FuncIndex is 944, time overhead is 0.9554519653320312
INFO:__main__:used memory: 0 M
INFO:__main__:FuncIndex is 945, time overhead is 0.033416032791137695
INFO:__main__:used memory: 0 M
INFO:__main__:FuncIndex is 946, time overhead is 0.029967546463012695
INFO:__main__:used memory: 0 M
INFO:__main__:FuncIndex is 947, time overhead is 0.028966665267944336
INFO:__main__:used memory: 1 M
INFO:__main__:FuncIndex is 948, time overhead is 0.031191349029541016
INFO:__main__:used memory: -1 M
INFO:__main__:FuncIndex is 949, time overhead is 0.029627084732055664
INFO:__main__:used memory: 0 M
INFO:__main__:FuncIndex is 950, time overhead is 0.029740571975708008
INFO:__main__:used memory: 1 M
INFO:__main__:FuncIndex is 951, time overhead is 0.02980351448059082
INFO:__main__:used memory: 0 M
INFO:__main__:FuncIndex is 952, time overhead is 0.030626535415649414
INFO:__main__:used memory: -1 M
INFO:__main__:FuncIndex is 953, time overhead is 0.030327796936035156
INFO:__main__:used memory: 0 M
INFO:__main__:FuncIndex is 954, time overhead is 0.031516075134277344
INFO:__main__:used memory: -1 M
INFO:__main__:FuncIndex is 955, time overhead is 0.06017637252807617
INFO:__main__:used memory: 0 M
INFO:__main__:FuncIndex is 956, time overhead is 0.03174448013305664
INFO:__main__:used memory: 0 M
INFO:__main__:FuncIndex is 957, time overhead is 0.032164812088012695
INFO:__main__:used memory: 0 M
INFO:__main__:FuncIndex is 958, time overhead is 0.032000064849853516
INFO:__main__:used memory: 0 M
INFO:__main__:FuncIndex is 959, time overhead is 0.03342294692993164
INFO:__main__:used memory: -1 M
INFO:__main__:FuncIndex is 960, time overhead is 0.033278465270996094
INFO:__main__:used memory: 1 M
INFO:__main__:FuncIndex is 961, time overhead is 0.03356027603149414
INFO:__main__:used memory: 0 M
INFO:__main__:FuncIndex is 962, time overhead is 0.034630775451660156
INFO:__main__:used memory: 0 M
INFO:__main__:FuncIndex is 963, time overhead is 0.032431602478027344
INFO:__main__:used memory: 0 M
INFO:__main__:FuncIndex is 964, time overhead is 0.031592369079589844
INFO:root:
INFO:__main__:used memory: 1 M
INFO:__main__:FuncIndex is 965, time overhead is 0.03942561149597168
INFO:__main__:used memory: 0 M
INFO:__main__:FuncIndex is 966, time overhead is 0.030193805694580078
INFO:__main__:used memory: 0 M
INFO:__main__:FuncIndex is 967, time overhead is 0.029390335083007812
INFO:__main__:used memory: 0 M
INFO:__main__:FuncIndex is 968, time overhead is 0.029517173767089844
INFO:__main__:used memory: 1 M
INFO:__main__:FuncIndex is 969, time overhead is 0.029715776443481445
INFO:__main__:used memory: 0 M
INFO:__main__:FuncIndex is 970, time overhead is 0.029209613800048828
INFO:__main__:used memory: 1 M
INFO:__main__:FuncIndex is 971, time overhead is 0.03020167350769043
INFO:__main__:used memory: 0 M
INFO:__main__:FuncIndex is 972, time overhead is 0.029452800750732422
INFO:__main__:used memory: 0 M
INFO:__main__:FuncIndex is 973, time overhead is 0.029462575912475586
INFO:__main__:used memory: -1 M
INFO:__main__:FuncIndex is 974, time overhead is 0.02917027473449707
INFO:__main__:used memory: 1 M
INFO:__main__:FuncIndex is 975, time overhead is 0.02971029281616211
INFO:__main__:used memory: -1 M
INFO:__main__:FuncIndex is 976, time overhead is 0.029680490493774414
INFO:__main__:used memory: 1 M
INFO:__main__:FuncIndex is 977, time overhead is 0.02878427505493164
INFO:__main__:used memory: 0 M
INFO:__main__:FuncIndex is 978, time overhead is 0.028779983520507812
INFO:__main__:used memory: 0 M
INFO:__main__:FuncIndex is 979, time overhead is 0.0310211181640625
INFO:__main__:used memory: 0 M
INFO:__main__:FuncIndex is 980, time overhead is 0.03164863586425781
INFO:__main__:used memory: 0 M
INFO:__main__:FuncIndex is 981, time overhead is 0.02999114990234375
INFO:__main__:used memory: 0 M
INFO:__main__:FuncIndex is 982, time overhead is 0.029886484146118164
INFO:__main__:used memory: 0 M
INFO:__main__:FuncIndex is 983, time overhead is 0.029709577560424805
INFO:__main__:used memory: 0 M
INFO:__main__:FuncIndex is 984, time overhead is 0.028823137283325195
INFO:__main__:used memory: 1 M
INFO:__main__:FuncIndex is 985, time overhead is 0.028904438018798828
INFO:__main__:used memory: 1 M
INFO:__main__:FuncIndex is 986, time overhead is 0.029811620712280273
INFO:__main__:used memory: -1 M
INFO:__main__:FuncIndex is 987, time overhead is 0.029494762420654297
INFO:__main__:used memory: 0 M
INFO:__main__:FuncIndex is 988, time overhead is 0.030206918716430664
INFO:__main__:used memory: 1 M
INFO:__main__:FuncIndex is 989, time overhead is 0.03239130973815918
INFO:__main__:used memory: -1 M
INFO:__main__:FuncIndex is 990, time overhead is 0.032894134521484375
INFO:__main__:used memory: 1 M
INFO:__main__:FuncIndex is 991, time overhead is 0.032775163650512695
INFO:__main__:used memory: -1 M
INFO:__main__:FuncIndex is 992, time overhead is 0.032654523849487305
INFO:__main__:used memory: 1 M
INFO:__main__:FuncIndex is 993, time overhead is 0.033170461654663086
INFO:__main__:used memory: -2 M
INFO:__main__:FuncIndex is 994, time overhead is 0.03280472755432129
INFO:__main__:used memory: 2 M
INFO:__main__:FuncIndex is 995, time overhead is 0.032071828842163086
INFO:__main__:used memory: -1 M
INFO:__main__:FuncIndex is 996, time overhead is 0.03211855888366699
INFO:__main__:used memory: 1 M
INFO:__main__:FuncIndex is 997, time overhead is 0.03310132026672363
INFO:__main__:used memory: 0 M
INFO:__main__:FuncIndex is 998, time overhead is 0.03455042839050293
INFO:__main__:used memory: -2 M
INFO:__main__:FuncIndex is 999, time overhead is 0.034230947494506836
INFO:__main__:used memory: 1 M
INFO:__main__:FuncIndex is 1000, time overhead is 0.03478264808654785
INFO:__main__:used memory: 0 M
INFO:__main__:FuncIndex is 1001, time overhead is 0.03249955177307129
INFO:__main__:used memory: 0 M
INFO:__main__:FuncIndex is 1002, time overhead is 0.03316831588745117
INFO:__main__:used memory: 1 M
INFO:__main__:FuncIndex is 1003, time overhead is 0.03233027458190918
INFO:__main__:used memory: -1 M
INFO:__main__:FuncIndex is 1004, time overhead is 0.03162074089050293
INFO:__main__:used memory: 0 M
INFO:__main__:FuncIndex is 1005, time overhead is 0.03258156776428223
INFO:__main__:used memory: 1 M
INFO:__main__:FuncIndex is 1006, time overhead is 0.03366374969482422
INFO:__main__:used memory: 0 M
INFO:__main__:FuncIndex is 1007, time overhead is 0.03329873085021973
INFO:__main__:used memory: 0 M
INFO:__main__:FuncIndex is 1008, time overhead is 0.03399038314819336
INFO:__main__:used memory: -1 M
INFO:__main__:FuncIndex is 1009, time overhead is 0.033247947692871094
INFO:__main__:used memory: 0 M
INFO:__main__:FuncIndex is 1010, time overhead is 0.031828880310058594
INFO:__main__:used memory: 0 M
INFO:__main__:FuncIndex is 1011, time overhead is 0.03132224082946777
INFO:__main__:used memory: 1 M
INFO:__main__:FuncIndex is 1012, time overhead is 0.03151059150695801
INFO:__main__:used memory: 0 M
INFO:__main__:FuncIndex is 1013, time overhead is 0.03412628173828125
INFO:__main__:used memory: -1 M
INFO:__main__:FuncIndex is 1014, time overhead is 0.032808780670166016
INFO:__main__:used memory: 1 M
INFO:__main__:FuncIndex is 1015, time overhead is 0.03264260292053223
INFO:__main__:used memory: -1 M
INFO:__main__:FuncIndex is 1016, time overhead is 0.03383612632751465
INFO:__main__:used memory: 1 M
INFO:__main__:FuncIndex is 1017, time overhead is 0.032065629959106445
INFO:__main__:used memory: 0 M
INFO:__main__:FuncIndex is 1018, time overhead is 0.03143453598022461
INFO:__main__:used memory: -1 M
INFO:__main__:FuncIndex is 1019, time overhead is 0.03084421157836914
INFO:__main__:used memory: 1 M
INFO:__main__:FuncIndex is 1020, time overhead is 0.030781269073486328
INFO:__main__:used memory: -1 M
INFO:__main__:FuncIndex is 1021, time overhead is 0.03068709373474121
INFO:__main__:used memory: 0 M
INFO:__main__:FuncIndex is 1022, time overhead is 0.03042292594909668
INFO:__main__:used memory: 1 M
INFO:__main__:FuncIndex is 1023, time overhead is 0.03205132484436035
INFO:__main__:used memory: 0 M
INFO:__main__:FuncIndex is 1024, time overhead is 0.031679630279541016
INFO:__main__:used memory: -1 M
INFO:__main__:FuncIndex is 1025, time overhead is 0.03232455253601074
INFO:__main__:used memory: 1 M
INFO:__main__:FuncIndex is 1026, time overhead is 0.0330815315246582
INFO:__main__:used memory: 0 M
INFO:__main__:FuncIndex is 1027, time overhead is 0.03418922424316406
INFO:__main__:used memory: 0 M
INFO:__main__:FuncIndex is 1028, time overhead is 0.03425908088684082
INFO:__main__:used memory: 0 M
INFO:__main__:FuncIndex is 1029, time overhead is 0.03456926345825195
INFO:__main__:used memory: 1 M
INFO:__main__:FuncIndex is 1030, time overhead is 0.03399538993835449
INFO:__main__:used memory: -1 M
INFO:__main__:FuncIndex is 1031, time overhead is 0.03395724296569824
INFO:__main__:used memory: 1 M
INFO:__main__:FuncIndex is 1032, time overhead is 0.03585934638977051
INFO:__main__:used memory: -1 M
INFO:__main__:FuncIndex is 1033, time overhead is 0.03318381309509277
INFO:__main__:used memory: 0 M
INFO:__main__:FuncIndex is 1034, time overhead is 0.03721785545349121
INFO:__main__:used memory: 0 M
INFO:__main__:FuncIndex is 1035, time overhead is 0.03755974769592285
INFO:__main__:[exception] used memory: 0 M
INFO:__main__:[exception] FuncIndex is 1036, time overhead is 0.047892093658447266
INFO:__main__:used memory: 0 M
INFO:__main__:FuncIndex is 1037, time overhead is 0.04398536682128906
INFO:__main__:used memory: 0 M
INFO:__main__:FuncIndex is 1038, time overhead is 0.046947479248046875
INFO:__main__:used memory: 5 M
INFO:__main__:FuncIndex is 1039, time overhead is 0.23306870460510254
INFO:__main__:used memory: 0 M
INFO:__main__:FuncIndex is 1040, time overhead is 0.0739283561706543
INFO:__main__:used memory: -1 M
INFO:__main__:FuncIndex is 1041, time overhead is 0.07173323631286621
INFO:__main__:used memory: 8 M
INFO:__main__:FuncIndex is 1042, time overhead is 0.23614931106567383
INFO:__main__:used memory: 0 M
INFO:__main__:FuncIndex is 1043, time overhead is 0.030346393585205078
INFO:__main__:used memory: 1 M
INFO:__main__:FuncIndex is 1044, time overhead is 0.03173351287841797
INFO:__main__:used memory: -1 M
INFO:__main__:FuncIndex is 1045, time overhead is 0.030732393264770508
INFO:__main__:used memory: 1 M
INFO:__main__:FuncIndex is 1046, time overhead is 0.032174110412597656
INFO:__main__:used memory: -1 M
INFO:__main__:FuncIndex is 1047, time overhead is 0.030443906784057617
INFO:__main__:used memory: 1 M
INFO:__main__:FuncIndex is 1048, time overhead is 0.030086755752563477
INFO:__main__:used memory: -1 M
INFO:__main__:FuncIndex is 1049, time overhead is 0.032340288162231445
INFO:__main__:used memory: 0 M
INFO:__main__:FuncIndex is 1050, time overhead is 0.03394150733947754
INFO:__main__:used memory: 1 M
INFO:__main__:FuncIndex is 1051, time overhead is 0.03135490417480469
INFO:__main__:used memory: 0 M
INFO:__main__:FuncIndex is 1052, time overhead is 0.030687808990478516
INFO:__main__:used memory: -1 M
INFO:__main__:FuncIndex is 1053, time overhead is 0.03173208236694336
INFO:__main__:used memory: 1 M
INFO:__main__:FuncIndex is 1054, time overhead is 0.03048419952392578
INFO:__main__:used memory: -1 M
INFO:__main__:FuncIndex is 1055, time overhead is 0.03126192092895508
INFO:__main__:used memory: 2 M
INFO:__main__:FuncIndex is 1056, time overhead is 0.03130149841308594
INFO:__main__:used memory: 0 M
INFO:__main__:FuncIndex is 1057, time overhead is 0.0320892333984375
INFO:__main__:used memory: -1 M
INFO:__main__:FuncIndex is 1058, time overhead is 0.0314640998840332
INFO:__main__:used memory: 0 M
INFO:__main__:FuncIndex is 1059, time overhead is 0.03204989433288574
INFO:__main__:used memory: 1 M
INFO:__main__:FuncIndex is 1060, time overhead is 0.03149557113647461
INFO:__main__:used memory: 0 M
INFO:__main__:FuncIndex is 1061, time overhead is 0.03238248825073242
INFO:__main__:used memory: -1 M
INFO:__main__:FuncIndex is 1062, time overhead is 0.0321345329284668
INFO:__main__:used memory: 1 M
INFO:__main__:FuncIndex is 1063, time overhead is 0.034514665603637695
INFO:__main__:used memory: 0 M
INFO:__main__:FuncIndex is 1064, time overhead is 0.034076690673828125
INFO:__main__:used memory: 0 M
INFO:__main__:FuncIndex is 1065, time overhead is 0.03301548957824707
INFO:__main__:used memory: 0 M
INFO:__main__:FuncIndex is 1066, time overhead is 0.09526920318603516
INFO:__main__:used memory: 0 M
INFO:__main__:FuncIndex is 1067, time overhead is 0.032747507095336914
INFO:__main__:used memory: 0 M
INFO:__main__:FuncIndex is 1068, time overhead is 0.03245854377746582
INFO:__main__:used memory: 0 M
INFO:__main__:FuncIndex is 1069, time overhead is 0.031659841537475586
INFO:__main__:used memory: 0 M
INFO:__main__:FuncIndex is 1070, time overhead is 0.032293081283569336
INFO:__main__:used memory: 1 M
INFO:__main__:FuncIndex is 1071, time overhead is 0.03151273727416992
INFO:__main__:used memory: 0 M
INFO:__main__:FuncIndex is 1072, time overhead is 0.031701087951660156
INFO:__main__:used memory: 0 M
INFO:__main__:FuncIndex is 1073, time overhead is 0.03194904327392578
INFO:__main__:used memory: -1 M
INFO:__main__:FuncIndex is 1074, time overhead is 0.03137636184692383
INFO:__main__:used memory: 0 M
INFO:__main__:FuncIndex is 1075, time overhead is 0.032510995864868164
INFO:__main__:used memory: 0 M
INFO:__main__:FuncIndex is 1076, time overhead is 0.032572269439697266
INFO:__main__:used memory: 1 M
INFO:__main__:FuncIndex is 1077, time overhead is 0.0314786434173584
INFO:__main__:used memory: 0 M
INFO:__main__:FuncIndex is 1078, time overhead is 0.029841899871826172
INFO:__main__:used memory: 0 M
INFO:__main__:FuncIndex is 1079, time overhead is 0.03137493133544922
INFO:__main__:used memory: 0 M
INFO:__main__:FuncIndex is 1080, time overhead is 0.03198409080505371
INFO:__main__:used memory: 0 M
INFO:__main__:FuncIndex is 1081, time overhead is 0.030986309051513672
INFO:__main__:used memory: -13 M
INFO:__main__:FuncIndex is 1082, time overhead is 0.20029020309448242
INFO:__main__:used memory: 0 M
INFO:__main__:FuncIndex is 1083, time overhead is 0.03201031684875488
INFO:__main__:used memory: 0 M
INFO:__main__:FuncIndex is 1084, time overhead is 0.030190229415893555
INFO:__main__:used memory: -1 M
INFO:__main__:FuncIndex is 1085, time overhead is 0.18788409233093262
INFO:__main__:used memory: 1 M
INFO:__main__:FuncIndex is 1086, time overhead is 0.025589942932128906
INFO:__main__:used memory: -1 M
INFO:__main__:FuncIndex is 1087, time overhead is 0.03037118911743164
INFO:__main__:used memory: 1 M
INFO:__main__:FuncIndex is 1088, time overhead is 0.03156399726867676
INFO:__main__:used memory: -1 M
INFO:__main__:FuncIndex is 1089, time overhead is 0.030230283737182617
INFO:__main__:used memory: 0 M
INFO:__main__:FuncIndex is 1090, time overhead is 0.02927398681640625
INFO:__main__:used memory: 0 M
INFO:__main__:FuncIndex is 1091, time overhead is 0.029933452606201172
INFO:__main__:used memory: 0 M
INFO:__main__:FuncIndex is 1092, time overhead is 0.02951526641845703
INFO:__main__:used memory: 0 M
INFO:__main__:FuncIndex is 1093, time overhead is 0.028495311737060547
INFO:__main__:used memory: 0 M
INFO:__main__:FuncIndex is 1094, time overhead is 0.02938055992126465
INFO:__main__:used memory: 0 M
INFO:__main__:FuncIndex is 1095, time overhead is 0.03029632568359375
INFO:__main__:used memory: 0 M
INFO:__main__:FuncIndex is 1096, time overhead is 0.04859137535095215
INFO:__main__:used memory: 0 M
INFO:__main__:FuncIndex is 1097, time overhead is 0.029125452041625977
INFO:__main__:used memory: -1 M
INFO:__main__:FuncIndex is 1098, time overhead is 0.029478073120117188
INFO:__main__:used memory: 0 M
INFO:__main__:FuncIndex is 1099, time overhead is 0.02930617332458496
INFO:__main__:used memory: 0 M
INFO:__main__:FuncIndex is 1100, time overhead is 0.028581619262695312
INFO:__main__:used memory: 1 M
INFO:__main__:FuncIndex is 1101, time overhead is 0.02986931800842285
INFO:__main__:used memory: 0 M
INFO:__main__:FuncIndex is 1102, time overhead is 0.029984235763549805
INFO:__main__:used memory: -1 M
INFO:__main__:FuncIndex is 1103, time overhead is 0.029056072235107422
INFO:__main__:used memory: 0 M
INFO:__main__:FuncIndex is 1104, time overhead is 0.029411792755126953
INFO:__main__:used memory: 0 M
INFO:__main__:FuncIndex is 1105, time overhead is 0.03097987174987793
INFO:__main__:used memory: 1 M
INFO:__main__:FuncIndex is 1106, time overhead is 0.03063678741455078
INFO:__main__:used memory: 1 M
INFO:__main__:FuncIndex is 1107, time overhead is 0.030405521392822266
INFO:__main__:used memory: -1 M
INFO:__main__:FuncIndex is 1108, time overhead is 0.029665231704711914
INFO:__main__:used memory: 1 M
INFO:__main__:FuncIndex is 1109, time overhead is 0.030582189559936523
INFO:__main__:used memory: 0 M
INFO:__main__:FuncIndex is 1110, time overhead is 0.030421018600463867
INFO:__main__:used memory: -1 M
INFO:__main__:FuncIndex is 1111, time overhead is 0.030655860900878906
INFO:__main__:used memory: 1 M
INFO:__main__:FuncIndex is 1112, time overhead is 0.030444622039794922
INFO:__main__:used memory: -1 M
INFO:__main__:FuncIndex is 1113, time overhead is 0.031213760375976562
INFO:__main__:used memory: 0 M
INFO:__main__:FuncIndex is 1114, time overhead is 0.030363082885742188
INFO:__main__:used memory: 0 M
INFO:__main__:FuncIndex is 1115, time overhead is 0.03213644027709961
INFO:__main__:used memory: 0 M
INFO:__main__:FuncIndex is 1116, time overhead is 0.028859615325927734
INFO:__main__:used memory: 1 M
INFO:__main__:FuncIndex is 1117, time overhead is 0.02923727035522461
INFO:__main__:used memory: -1 M
INFO:__main__:FuncIndex is 1118, time overhead is 0.030178308486938477
INFO:__main__:used memory: 0 M
INFO:__main__:FuncIndex is 1119, time overhead is 0.02992105484008789
INFO:__main__:used memory: 0 M
INFO:__main__:FuncIndex is 1120, time overhead is 0.0292050838470459
INFO:__main__:used memory: 0 M
INFO:__main__:FuncIndex is 1121, time overhead is 0.029567718505859375
INFO:__main__:used memory: 1 M
INFO:__main__:FuncIndex is 1122, time overhead is 0.02952718734741211
INFO:__main__:used memory: 0 M
INFO:__main__:FuncIndex is 1123, time overhead is 0.03052973747253418
INFO:__main__:used memory: -1 M
INFO:__main__:FuncIndex is 1124, time overhead is 0.031839847564697266
INFO:__main__:used memory: 1 M
INFO:__main__:FuncIndex is 1125, time overhead is 0.034703731536865234
INFO:__main__:used memory: -1 M
INFO:__main__:FuncIndex is 1126, time overhead is 0.031272172927856445
INFO:__main__:used memory: 0 M
INFO:__main__:FuncIndex is 1127, time overhead is 0.031021595001220703
INFO:__main__:used memory: 0 M
INFO:__main__:FuncIndex is 1128, time overhead is 0.02965688705444336
INFO:__main__:used memory: 0 M
INFO:__main__:FuncIndex is 1129, time overhead is 0.03037571907043457
INFO:__main__:used memory: 3 M
INFO:__main__:FuncIndex is 1130, time overhead is 1.556100606918335
INFO:__main__:used memory: 0 M
INFO:__main__:FuncIndex is 1131, time overhead is 0.2762181758880615
INFO:root:unsupport call_indirect now
INFO:__main__:used memory: 1 M
INFO:__main__:FuncIndex is 1132, time overhead is 0.06886076927185059
INFO:root:unsupport call_indirect now
INFO:root:unsupport call_indirect now
INFO:root:unsupport call_indirect now
INFO:root:unsupport call_indirect now
INFO:__main__:used memory: 0 M
INFO:__main__:FuncIndex is 1133, time overhead is 0.10530948638916016
INFO:__main__:used memory: -1 M
INFO:__main__:FuncIndex is 1134, time overhead is 0.027568340301513672
INFO:__main__:used memory: 0 M
INFO:__main__:FuncIndex is 1135, time overhead is 0.032670021057128906
INFO:__main__:used memory: 0 M
INFO:__main__:FuncIndex is 1136, time overhead is 0.03358817100524902
INFO:__main__:used memory: 1 M
INFO:__main__:FuncIndex is 1137, time overhead is 0.03438735008239746
INFO:__main__:used memory: 0 M
INFO:__main__:FuncIndex is 1138, time overhead is 0.03351712226867676
INFO:__main__:used memory: 0 M
INFO:__main__:FuncIndex is 1139, time overhead is 0.03524422645568848
INFO:__main__:used memory: 0 M
INFO:__main__:FuncIndex is 1140, time overhead is 0.03337502479553223
INFO:__main__:used memory: 1 M
INFO:__main__:FuncIndex is 1141, time overhead is 0.03295779228210449
INFO:__main__:used memory: -1 M
INFO:__main__:FuncIndex is 1142, time overhead is 0.03250694274902344
INFO:__main__:used memory: 0 M
INFO:__main__:FuncIndex is 1143, time overhead is 0.032456159591674805
INFO:__main__:used memory: 1 M
INFO:__main__:FuncIndex is 1144, time overhead is 0.03299307823181152
INFO:__main__:used memory: -1 M
INFO:__main__:FuncIndex is 1145, time overhead is 0.027549028396606445
INFO:__main__:used memory: 0 M
INFO:__main__:FuncIndex is 1146, time overhead is 0.03284573554992676
INFO:__main__:used memory: 0 M
INFO:__main__:FuncIndex is 1147, time overhead is 0.033133745193481445
INFO:__main__:used memory: 1 M
INFO:__main__:FuncIndex is 1148, time overhead is 0.03317451477050781
INFO:__main__:used memory: -1 M
INFO:__main__:FuncIndex is 1149, time overhead is 0.0320432186126709
INFO:__main__:used memory: 1 M
INFO:__main__:FuncIndex is 1150, time overhead is 0.03233003616333008
INFO:__main__:used memory: -1 M
INFO:__main__:FuncIndex is 1151, time overhead is 0.03249859809875488
INFO:__main__:used memory: 0 M
INFO:__main__:FuncIndex is 1152, time overhead is 0.0317842960357666
INFO:__main__:used memory: 1 M
INFO:__main__:FuncIndex is 1153, time overhead is 0.031462669372558594
INFO:__main__:used memory: -1 M
INFO:__main__:FuncIndex is 1154, time overhead is 0.032372236251831055
INFO:__main__:used memory: 1 M
INFO:__main__:FuncIndex is 1155, time overhead is 0.03277754783630371
INFO:__main__:used memory: -1 M
INFO:__main__:FuncIndex is 1156, time overhead is 0.031784772872924805
INFO:__main__:used memory: 0 M
INFO:__main__:FuncIndex is 1157, time overhead is 0.03199481964111328
INFO:__main__:used memory: 0 M
INFO:__main__:FuncIndex is 1158, time overhead is 0.03221893310546875
INFO:__main__:used memory: 0 M
INFO:__main__:FuncIndex is 1159, time overhead is 0.0314788818359375
INFO:__main__:used memory: 0 M
INFO:__main__:FuncIndex is 1160, time overhead is 0.032111167907714844
INFO:__main__:used memory: 0 M
INFO:__main__:FuncIndex is 1161, time overhead is 0.03074336051940918
INFO:__main__:used memory: 0 M
INFO:__main__:FuncIndex is 1162, time overhead is 0.03054666519165039
INFO:__main__:used memory: -1 M
INFO:__main__:FuncIndex is 1163, time overhead is 0.04786515235900879
INFO:__main__:used memory: 1 M
INFO:__main__:FuncIndex is 1164, time overhead is 0.03147697448730469
INFO:__main__:used memory: 0 M
INFO:__main__:FuncIndex is 1165, time overhead is 0.029647111892700195
INFO:__main__:used memory: 1 M
INFO:__main__:FuncIndex is 1166, time overhead is 0.03108382225036621
INFO:__main__:used memory: -1 M
INFO:__main__:FuncIndex is 1167, time overhead is 0.031105995178222656
INFO:__main__:used memory: 1 M
INFO:__main__:FuncIndex is 1168, time overhead is 0.029820919036865234
INFO:__main__:used memory: 0 M
INFO:__main__:FuncIndex is 1169, time overhead is 0.029566526412963867
INFO:__main__:used memory: 0 M
INFO:__main__:FuncIndex is 1170, time overhead is 0.030506610870361328
INFO:__main__:used memory: 1 M
INFO:__main__:FuncIndex is 1171, time overhead is 0.02997422218322754
INFO:__main__:used memory: -1 M
INFO:__main__:FuncIndex is 1172, time overhead is 0.0323483943939209
INFO:__main__:used memory: 1 M
INFO:__main__:FuncIndex is 1173, time overhead is 0.03219270706176758
INFO:__main__:used memory: 0 M
INFO:__main__:FuncIndex is 1174, time overhead is 0.046164751052856445
INFO:__main__:used memory: -1 M
INFO:__main__:FuncIndex is 1175, time overhead is 0.031538963317871094
INFO:__main__:used memory: 0 M
INFO:__main__:FuncIndex is 1176, time overhead is 0.030904531478881836
INFO:__main__:used memory: 0 M
INFO:__main__:FuncIndex is 1177, time overhead is 0.0302731990814209
INFO:__main__:used memory: 1 M
INFO:__main__:FuncIndex is 1178, time overhead is 0.029401779174804688
INFO:__main__:used memory: -1 M
INFO:__main__:FuncIndex is 1179, time overhead is 0.03055262565612793
INFO:__main__:used memory: 1 M
INFO:__main__:FuncIndex is 1180, time overhead is 0.06111264228820801
INFO:__main__:used memory: 1 M
INFO:__main__:FuncIndex is 1181, time overhead is 0.06799173355102539
INFO:__main__:used memory: 0 M
INFO:__main__:FuncIndex is 1182, time overhead is 0.10702919960021973
INFO:__main__:used memory: 1 M
INFO:__main__:FuncIndex is 1183, time overhead is 0.07238578796386719
INFO:__main__:used memory: -1 M
INFO:__main__:FuncIndex is 1184, time overhead is 0.06408405303955078
INFO:root:b'Sorts (_ BitVec 32) and (_ BitVec 64) are incompatible'
INFO:__main__:used memory: 1 M
INFO:__main__:FuncIndex is 1185, time overhead is 0.032033681869506836
INFO:__main__:used memory: 42 M
INFO:__main__:FuncIndex is 1186, time overhead is 84.23668670654297
INFO:__main__:used memory: 0 M
INFO:__main__:FuncIndex is 1187, time overhead is 0.05412602424621582
INFO:__main__:used memory: 0 M
INFO:__main__:FuncIndex is 1188, time overhead is 0.057747840881347656
INFO:__main__:[exception] used memory: 0 M
INFO:__main__:[exception] FuncIndex is 1189, time overhead is 0.053434133529663086
INFO:__main__:used memory: 1 M
INFO:__main__:FuncIndex is 1190, time overhead is 0.04185676574707031
INFO:__main__:used memory: 23 M
INFO:__main__:FuncIndex is 1191, time overhead is 81.67269444465637
INFO:__main__:[exception] used memory: 1 M
INFO:__main__:[exception] FuncIndex is 1192, time overhead is 0.06241130828857422
INFO:__main__:[exception] used memory: 5 M
INFO:__main__:[exception] FuncIndex is 1193, time overhead is 99.37066864967346
INFO:__main__:used memory: 0 M
INFO:__main__:FuncIndex is 1194, time overhead is 0.24228191375732422
INFO:__main__:used memory: 0 M
INFO:__main__:FuncIndex is 1195, time overhead is 0.5799367427825928
INFO:__main__:used memory: 2 M
INFO:__main__:FuncIndex is 1196, time overhead is 0.17010188102722168
INFO:__main__:used memory: 1 M
INFO:__main__:FuncIndex is 1197, time overhead is 0.03640580177307129
INFO:__main__:used memory: 3 M
INFO:__main__:FuncIndex is 1198, time overhead is 1.022031307220459
INFO:__main__:used memory: 2 M
INFO:__main__:FuncIndex is 1199, time overhead is 0.1436309814453125
INFO:__main__:used memory: 1 M
INFO:__main__:FuncIndex is 1200, time overhead is 0.12036633491516113
INFO:__main__:All time: 286.67337918281555
