INFO:__main__:FuncIndex is 801, start time is 1620722347.1895156
INFO:__main__:FuncIndex is 801, end time is 1620722347.330182
INFO:__main__:used memory: 2 M
INFO:__main__:FuncIndex is 801, time overhead is 0.14066648483276367
INFO:__main__:FuncIndex is 802, start time is 1620722347.3316007
INFO:__main__:FuncIndex is 802, end time is 1620722347.3699512
INFO:__main__:used memory: 1 M
INFO:__main__:FuncIndex is 802, time overhead is 0.038350582122802734
INFO:__main__:FuncIndex is 803, start time is 1620722347.3707435
INFO:__main__:FuncIndex is 803, end time is 1620722347.4031532
INFO:__main__:used memory: 0 M
INFO:__main__:FuncIndex is 803, time overhead is 0.03240966796875
INFO:__main__:FuncIndex is 804, start time is 1620722347.4038622
INFO:__main__:FuncIndex is 804, end time is 1620722347.4352705
INFO:__main__:used memory: 0 M
INFO:__main__:FuncIndex is 804, time overhead is 0.03140830993652344
INFO:__main__:FuncIndex is 805, start time is 1620722347.4359672
INFO:__main__:FuncIndex is 805, end time is 1620722347.4668427
INFO:__main__:used memory: 0 M
INFO:__main__:FuncIndex is 805, time overhead is 0.030875444412231445
INFO:__main__:FuncIndex is 806, start time is 1620722347.467503
INFO:__main__:FuncIndex is 806, end time is 1620722347.4982734
INFO:__main__:used memory: 0 M
INFO:__main__:FuncIndex is 806, time overhead is 0.030770301818847656
INFO:__main__:FuncIndex is 807, start time is 1620722347.4989226
INFO:__main__:FuncIndex is 807, end time is 1620722347.5296588
INFO:__main__:used memory: 0 M
INFO:__main__:FuncIndex is 807, time overhead is 0.030736207962036133
INFO:__main__:FuncIndex is 808, start time is 1620722347.5303168
INFO:__main__:FuncIndex is 808, end time is 1620722347.5613446
INFO:__main__:used memory: 0 M
INFO:__main__:FuncIndex is 808, time overhead is 0.031027793884277344
INFO:__main__:FuncIndex is 809, start time is 1620722347.5620632
INFO:__main__:FuncIndex is 809, end time is 1620722347.593672
INFO:__main__:used memory: 0 M
INFO:__main__:FuncIndex is 809, time overhead is 0.03160881996154785
INFO:__main__:FuncIndex is 810, start time is 1620722347.594376
INFO:__main__:FuncIndex is 810, end time is 1620722347.6260781
INFO:__main__:used memory: 0 M
INFO:__main__:FuncIndex is 810, time overhead is 0.03170204162597656
INFO:__main__:FuncIndex is 811, start time is 1620722347.6267664
INFO:__main__:FuncIndex is 811, end time is 1620722347.6584008
INFO:__main__:used memory: 0 M
INFO:__main__:FuncIndex is 811, time overhead is 0.03163433074951172
INFO:__main__:FuncIndex is 812, start time is 1620722347.6590862
INFO:__main__:FuncIndex is 812, end time is 1620722347.7587962
INFO:__main__:used memory: 5 M
INFO:__main__:FuncIndex is 812, time overhead is 0.09970998764038086
INFO:__main__:FuncIndex is 813, start time is 1620722347.7608473
INFO:__main__:FuncIndex is 813, end time is 1620722347.7925715
INFO:__main__:used memory: 0 M
INFO:__main__:FuncIndex is 813, time overhead is 0.03172421455383301
INFO:__main__:FuncIndex is 814, start time is 1620722347.7933028
INFO:__main__:FuncIndex is 814, end time is 1620722347.825061
INFO:__main__:used memory: 0 M
INFO:__main__:FuncIndex is 814, time overhead is 0.03175830841064453
INFO:__main__:FuncIndex is 815, start time is 1620722347.8257592
INFO:__main__:FuncIndex is 815, end time is 1620722347.8577836
INFO:__main__:used memory: 0 M
INFO:__main__:FuncIndex is 815, time overhead is 0.032024383544921875
INFO:__main__:FuncIndex is 816, start time is 1620722347.8584998
INFO:__main__:FuncIndex is 816, end time is 1620722347.890641
INFO:__main__:used memory: 1 M
INFO:__main__:FuncIndex is 816, time overhead is 0.03214120864868164
INFO:__main__:FuncIndex is 817, start time is 1620722347.8913443
INFO:__main__:FuncIndex is 817, end time is 1620722347.922678
INFO:__main__:used memory: -1 M
INFO:__main__:FuncIndex is 817, time overhead is 0.03133368492126465
INFO:__main__:FuncIndex is 818, start time is 1620722347.9234512
INFO:__main__:FuncIndex is 818, end time is 1620722347.954932
INFO:__main__:used memory: 0 M
INFO:__main__:FuncIndex is 818, time overhead is 0.03148078918457031
INFO:__main__:FuncIndex is 819, start time is 1620722347.9556937
INFO:__main__:FuncIndex is 819, end time is 1620722347.9881654
INFO:__main__:used memory: 2 M
INFO:__main__:FuncIndex is 819, time overhead is 0.032471656799316406
INFO:__main__:FuncIndex is 820, start time is 1620722347.9888957
INFO:__main__:FuncIndex is 820, end time is 1620722348.0180278
INFO:__main__:used memory: -1 M
INFO:__main__:FuncIndex is 820, time overhead is 0.02913212776184082
INFO:__main__:FuncIndex is 821, start time is 1620722348.0186849
INFO:__main__:FuncIndex is 821, end time is 1620722348.046658
INFO:__main__:used memory: 0 M
INFO:__main__:FuncIndex is 821, time overhead is 0.027973175048828125
INFO:__main__:FuncIndex is 822, start time is 1620722348.047287
INFO:__main__:FuncIndex is 822, end time is 1620722348.0735197
INFO:__main__:used memory: 1 M
INFO:__main__:FuncIndex is 822, time overhead is 0.02623271942138672
INFO:__main__:FuncIndex is 823, start time is 1620722348.074127
INFO:__main__:FuncIndex is 823, end time is 1620722348.1005058
INFO:__main__:used memory: 0 M
INFO:__main__:FuncIndex is 823, time overhead is 0.026378870010375977
INFO:__main__:FuncIndex is 824, start time is 1620722348.1011832
INFO:__main__:FuncIndex is 824, end time is 1620722348.1282449
INFO:__main__:used memory: 1 M
INFO:__main__:FuncIndex is 824, time overhead is 0.02706170082092285
INFO:__main__:FuncIndex is 825, start time is 1620722348.1289628
INFO:__main__:FuncIndex is 825, end time is 1620722348.1550784
INFO:__main__:used memory: 1 M
INFO:__main__:FuncIndex is 825, time overhead is 0.02611565589904785
INFO:__main__:FuncIndex is 826, start time is 1620722348.1556451
INFO:__main__:FuncIndex is 826, end time is 1620722348.1800685
INFO:__main__:used memory: 0 M
INFO:__main__:FuncIndex is 826, time overhead is 0.02442336082458496
INFO:__main__:FuncIndex is 827, start time is 1620722348.1806316
INFO:__main__:FuncIndex is 827, end time is 1620722348.2060158
INFO:__main__:used memory: 1 M
INFO:__main__:FuncIndex is 827, time overhead is 0.025384187698364258
INFO:__main__:FuncIndex is 828, start time is 1620722348.2066867
INFO:__main__:FuncIndex is 828, end time is 1620722348.2327585
INFO:__main__:used memory: -1 M
INFO:__main__:FuncIndex is 828, time overhead is 0.026071786880493164
INFO:__main__:FuncIndex is 829, start time is 1620722348.2334707
INFO:__main__:FuncIndex is 829, end time is 1620722348.2624443
INFO:__main__:used memory: 1 M
INFO:__main__:FuncIndex is 829, time overhead is 0.02897357940673828
INFO:__main__:FuncIndex is 830, start time is 1620722348.2632735
INFO:__main__:FuncIndex is 830, end time is 1620722348.295385
INFO:__main__:used memory: -1 M
INFO:__main__:FuncIndex is 830, time overhead is 0.032111406326293945
INFO:__main__:FuncIndex is 831, start time is 1620722348.2963333
INFO:__main__:FuncIndex is 831, end time is 1620722348.3289459
INFO:__main__:used memory: 0 M
INFO:__main__:FuncIndex is 831, time overhead is 0.03261256217956543
INFO:__main__:FuncIndex is 832, start time is 1620722348.3296635
INFO:__main__:FuncIndex is 832, end time is 1620722348.3625278
INFO:__main__:used memory: 1 M
INFO:__main__:FuncIndex is 832, time overhead is 0.03286433219909668
INFO:__main__:FuncIndex is 833, start time is 1620722348.3633213
INFO:__main__:FuncIndex is 833, end time is 1620722348.5143492
INFO:__main__:used memory: 4 M
INFO:__main__:FuncIndex is 833, time overhead is 0.15102791786193848
INFO:__main__:FuncIndex is 834, start time is 1620722348.5164065
INFO:__main__:FuncIndex is 834, end time is 1620722348.544869
INFO:__main__:used memory: 1 M
INFO:__main__:FuncIndex is 834, time overhead is 0.02846240997314453
INFO:__main__:FuncIndex is 835, start time is 1620722348.545665
INFO:__main__:FuncIndex is 835, end time is 1620722348.5750966
INFO:__main__:used memory: 1 M
INFO:__main__:FuncIndex is 835, time overhead is 0.029431581497192383
INFO:__main__:FuncIndex is 836, start time is 1620722348.5758004
INFO:__main__:FuncIndex is 836, end time is 1620722348.6051235
INFO:__main__:used memory: -1 M
INFO:__main__:FuncIndex is 836, time overhead is 0.029323101043701172
INFO:__main__:FuncIndex is 837, start time is 1620722348.6058133
INFO:__main__:FuncIndex is 837, end time is 1620722348.6349292
INFO:__main__:used memory: 2 M
INFO:__main__:FuncIndex is 837, time overhead is 0.029115915298461914
INFO:__main__:FuncIndex is 838, start time is 1620722348.6355963
INFO:__main__:FuncIndex is 838, end time is 1620722348.6647093
INFO:__main__:used memory: -1 M
INFO:__main__:FuncIndex is 838, time overhead is 0.029113054275512695
INFO:__main__:FuncIndex is 839, start time is 1620722348.665452
INFO:__main__:FuncIndex is 839, end time is 1620722348.6946015
INFO:__main__:used memory: -1 M
INFO:__main__:FuncIndex is 839, time overhead is 0.029149532318115234
INFO:__main__:FuncIndex is 840, start time is 1620722348.69531
INFO:__main__:FuncIndex is 840, end time is 1620722348.7247748
INFO:__main__:used memory: 0 M
INFO:__main__:FuncIndex is 840, time overhead is 0.0294647216796875
INFO:__main__:FuncIndex is 841, start time is 1620722348.7255619
INFO:__main__:FuncIndex is 841, end time is 1620722348.7545316
INFO:__main__:used memory: 1 M
INFO:__main__:FuncIndex is 841, time overhead is 0.028969764709472656
INFO:__main__:FuncIndex is 842, start time is 1620722348.7552261
INFO:__main__:FuncIndex is 842, end time is 1620722348.7844334
INFO:__main__:used memory: 1 M
INFO:__main__:FuncIndex is 842, time overhead is 0.029207229614257812
INFO:__main__:FuncIndex is 843, start time is 1620722348.7851143
INFO:__main__:FuncIndex is 843, end time is 1620722348.8152587
INFO:__main__:used memory: 0 M
INFO:__main__:FuncIndex is 843, time overhead is 0.030144453048706055
INFO:__main__:FuncIndex is 844, start time is 1620722348.8159804
INFO:__main__:FuncIndex is 844, end time is 1620722348.8529096
INFO:__main__:used memory: 0 M
INFO:__main__:FuncIndex is 844, time overhead is 0.03692913055419922
INFO:__main__:FuncIndex is 845, start time is 1620722348.8543873
INFO:__main__:FuncIndex is 845, end time is 1620722348.889355
INFO:__main__:used memory: 0 M
INFO:__main__:FuncIndex is 845, time overhead is 0.034967660903930664
INFO:__main__:FuncIndex is 846, start time is 1620722348.8900845
INFO:__main__:FuncIndex is 846, end time is 1620722348.9211113
INFO:__main__:used memory: 0 M
INFO:__main__:FuncIndex is 846, time overhead is 0.031026840209960938
INFO:__main__:FuncIndex is 847, start time is 1620722348.9218085
INFO:__main__:FuncIndex is 847, end time is 1620722348.9524548
INFO:__main__:used memory: 0 M
INFO:__main__:FuncIndex is 847, time overhead is 0.030646324157714844
INFO:__main__:FuncIndex is 848, start time is 1620722348.953212
INFO:__main__:FuncIndex is 848, end time is 1620722348.9826517
INFO:__main__:used memory: 0 M
INFO:__main__:FuncIndex is 848, time overhead is 0.029439687728881836
INFO:__main__:FuncIndex is 849, start time is 1620722348.9833384
INFO:__main__:FuncIndex is 849, end time is 1620722349.01203
INFO:__main__:used memory: 1 M
INFO:__main__:FuncIndex is 849, time overhead is 0.028691530227661133
INFO:__main__:FuncIndex is 850, start time is 1620722349.0126927
INFO:__main__:FuncIndex is 850, end time is 1620722349.0421417
INFO:__main__:used memory: 0 M
INFO:__main__:FuncIndex is 850, time overhead is 0.029448986053466797
INFO:__main__:FuncIndex is 851, start time is 1620722349.0427797
INFO:__main__:FuncIndex is 851, end time is 1620722349.0718265
INFO:__main__:used memory: 0 M
INFO:__main__:FuncIndex is 851, time overhead is 0.02904677391052246
INFO:__main__:FuncIndex is 852, start time is 1620722349.0725186
INFO:__main__:FuncIndex is 852, end time is 1620722349.101842
INFO:__main__:used memory: 1 M
INFO:__main__:FuncIndex is 852, time overhead is 0.029323339462280273
INFO:__main__:FuncIndex is 853, start time is 1620722349.102508
INFO:__main__:FuncIndex is 853, end time is 1620722349.1313157
INFO:__main__:used memory: 0 M
INFO:__main__:FuncIndex is 853, time overhead is 0.028807640075683594
INFO:__main__:FuncIndex is 854, start time is 1620722349.1319754
INFO:__main__:FuncIndex is 854, end time is 1620722349.1602137
INFO:__main__:used memory: 0 M
INFO:__main__:FuncIndex is 854, time overhead is 0.028238296508789062
INFO:__main__:FuncIndex is 855, start time is 1620722349.1610107
INFO:__main__:FuncIndex is 855, end time is 1620722349.1896214
INFO:__main__:used memory: -1 M
INFO:__main__:FuncIndex is 855, time overhead is 0.028610706329345703
INFO:__main__:FuncIndex is 856, start time is 1620722349.1902454
INFO:__main__:FuncIndex is 856, end time is 1620722349.2190595
INFO:__main__:used memory: 1 M
INFO:__main__:FuncIndex is 856, time overhead is 0.028814077377319336
INFO:__main__:FuncIndex is 857, start time is 1620722349.2197063
INFO:__main__:FuncIndex is 857, end time is 1620722349.2482345
INFO:__main__:used memory: -1 M
INFO:__main__:FuncIndex is 857, time overhead is 0.028528213500976562
INFO:__main__:FuncIndex is 858, start time is 1620722349.2489047
INFO:__main__:FuncIndex is 858, end time is 1620722349.2760968
INFO:__main__:used memory: 1 M
INFO:__main__:FuncIndex is 858, time overhead is 0.027192115783691406
INFO:__main__:FuncIndex is 859, start time is 1620722349.2766664
INFO:__main__:FuncIndex is 859, end time is 1620722349.3017704
INFO:__main__:used memory: -1 M
INFO:__main__:FuncIndex is 859, time overhead is 0.025104045867919922
INFO:__main__:FuncIndex is 860, start time is 1620722349.3023279
INFO:__main__:FuncIndex is 860, end time is 1620722349.3281915
INFO:__main__:used memory: 1 M
INFO:__main__:FuncIndex is 860, time overhead is 0.0258636474609375
INFO:__main__:FuncIndex is 861, start time is 1620722349.3289652
INFO:__main__:FuncIndex is 861, end time is 1620722349.3547215
INFO:__main__:used memory: 0 M
INFO:__main__:FuncIndex is 861, time overhead is 0.025756359100341797
INFO:__main__:FuncIndex is 862, start time is 1620722349.3554058
INFO:__main__:FuncIndex is 862, end time is 1620722349.3874037
INFO:__main__:used memory: 0 M
INFO:__main__:FuncIndex is 862, time overhead is 0.0319979190826416
INFO:__main__:FuncIndex is 863, start time is 1620722349.3881705
INFO:__main__:FuncIndex is 863, end time is 1620722349.4186678
INFO:__main__:used memory: 1 M
INFO:__main__:FuncIndex is 863, time overhead is 0.030497312545776367
INFO:__main__:FuncIndex is 864, start time is 1620722349.4193323
INFO:__main__:FuncIndex is 864, end time is 1620722349.4476807
INFO:__main__:used memory: 0 M
INFO:__main__:FuncIndex is 864, time overhead is 0.028348445892333984
INFO:__main__:FuncIndex is 865, start time is 1620722349.4482994
INFO:__main__:FuncIndex is 865, end time is 1620722349.475979
INFO:__main__:used memory: 1 M
INFO:__main__:FuncIndex is 865, time overhead is 0.0276796817779541
INFO:__main__:FuncIndex is 866, start time is 1620722349.476556
INFO:__main__:FuncIndex is 866, end time is 1620722349.503431
INFO:__main__:used memory: -1 M
INFO:__main__:FuncIndex is 866, time overhead is 0.026875019073486328
INFO:__main__:FuncIndex is 867, start time is 1620722349.504043
INFO:__main__:FuncIndex is 867, end time is 1620722349.5309484
INFO:__main__:used memory: 0 M
INFO:__main__:FuncIndex is 867, time overhead is 0.026905298233032227
INFO:__main__:FuncIndex is 868, start time is 1620722349.531511
INFO:__main__:FuncIndex is 868, end time is 1620722349.5574064
INFO:__main__:used memory: 0 M
INFO:__main__:FuncIndex is 868, time overhead is 0.025895357131958008
INFO:__main__:FuncIndex is 869, start time is 1620722349.558037
INFO:__main__:FuncIndex is 869, end time is 1620722349.5831013
INFO:__main__:used memory: 0 M
INFO:__main__:FuncIndex is 869, time overhead is 0.02506422996520996
INFO:__main__:FuncIndex is 870, start time is 1620722349.5836902
INFO:__main__:FuncIndex is 870, end time is 1620722349.6084082
INFO:__main__:used memory: 0 M
INFO:__main__:FuncIndex is 870, time overhead is 0.024718046188354492
INFO:__main__:FuncIndex is 871, start time is 1620722349.609076
INFO:__main__:FuncIndex is 871, end time is 1620722349.6368747
INFO:__main__:used memory: 0 M
INFO:__main__:FuncIndex is 871, time overhead is 0.02779865264892578
INFO:__main__:FuncIndex is 872, start time is 1620722349.63747
INFO:root:b'Sorts (_ BitVec 256) and (_ BitVec 32) are incompatible'
INFO:__main__:FuncIndex is 872, end time is 1620722349.6636176
INFO:__main__:used memory: 1 M
INFO:__main__:FuncIndex is 872, time overhead is 0.02614760398864746
INFO:__main__:FuncIndex is 873, start time is 1620722349.6642253
INFO:__main__:FuncIndex is 873, end time is 1620722349.6898909
INFO:__main__:used memory: -1 M
INFO:__main__:FuncIndex is 873, time overhead is 0.0256655216217041
INFO:__main__:FuncIndex is 874, start time is 1620722349.6904516
INFO:__main__:FuncIndex is 874, end time is 1620722349.7171707
INFO:__main__:used memory: 1 M
INFO:__main__:FuncIndex is 874, time overhead is 0.026719093322753906
INFO:__main__:FuncIndex is 875, start time is 1620722349.7177331
INFO:__main__:FuncIndex is 875, end time is 1620722349.7440772
INFO:__main__:used memory: 0 M
INFO:__main__:FuncIndex is 875, time overhead is 0.02634406089782715
INFO:__main__:FuncIndex is 876, start time is 1620722349.7446358
INFO:__main__:FuncIndex is 876, end time is 1620722349.770713
INFO:__main__:used memory: 0 M
INFO:__main__:FuncIndex is 876, time overhead is 0.0260772705078125
INFO:__main__:FuncIndex is 877, start time is 1620722349.7712977
INFO:__main__:FuncIndex is 877, end time is 1620722349.7974653
INFO:__main__:used memory: 0 M
INFO:__main__:FuncIndex is 877, time overhead is 0.026167631149291992
INFO:__main__:FuncIndex is 878, start time is 1620722349.7980003
INFO:__main__:FuncIndex is 878, end time is 1620722349.82355
INFO:__main__:used memory: 0 M
INFO:__main__:FuncIndex is 878, time overhead is 0.025549650192260742
INFO:__main__:FuncIndex is 879, start time is 1620722349.8241706
INFO:__main__:FuncIndex is 879, end time is 1620722349.8498592
INFO:__main__:used memory: 1 M
INFO:__main__:FuncIndex is 879, time overhead is 0.025688648223876953
INFO:__main__:FuncIndex is 880, start time is 1620722349.850415
INFO:__main__:FuncIndex is 880, end time is 1620722349.8754535
INFO:__main__:used memory: 0 M
INFO:__main__:FuncIndex is 880, time overhead is 0.025038480758666992
INFO:__main__:FuncIndex is 881, start time is 1620722349.8760135
INFO:__main__:FuncIndex is 881, end time is 1620722349.9045565
INFO:__main__:used memory: 0 M
INFO:__main__:FuncIndex is 881, time overhead is 0.02854299545288086
INFO:__main__:FuncIndex is 882, start time is 1620722349.9052055
INFO:__main__:FuncIndex is 882, end time is 1620722349.9500148
INFO:__main__:used memory: 0 M
INFO:__main__:FuncIndex is 882, time overhead is 0.04480934143066406
INFO:__main__:FuncIndex is 883, start time is 1620722349.9520087
INFO:__main__:FuncIndex is 883, end time is 1620722349.9803822
INFO:__main__:used memory: 1 M
INFO:__main__:FuncIndex is 883, time overhead is 0.02837347984313965
INFO:__main__:FuncIndex is 884, start time is 1620722349.9811492
INFO:__main__:FuncIndex is 884, end time is 1620722350.0077803
INFO:__main__:used memory: 1 M
INFO:__main__:FuncIndex is 884, time overhead is 0.02663111686706543
INFO:__main__:FuncIndex is 885, start time is 1620722350.008334
INFO:__main__:FuncIndex is 885, end time is 1620722350.0342424
INFO:__main__:used memory: -1 M
INFO:__main__:FuncIndex is 885, time overhead is 0.025908470153808594
INFO:__main__:FuncIndex is 886, start time is 1620722350.0348065
INFO:__main__:FuncIndex is 886, end time is 1620722350.0607617
INFO:__main__:used memory: 0 M
INFO:__main__:FuncIndex is 886, time overhead is 0.0259552001953125
INFO:__main__:FuncIndex is 887, start time is 1620722350.06146
INFO:__main__:FuncIndex is 887, end time is 1620722350.0878005
INFO:__main__:used memory: 1 M
INFO:__main__:FuncIndex is 887, time overhead is 0.026340484619140625
INFO:__main__:FuncIndex is 888, start time is 1620722350.0883574
INFO:__main__:FuncIndex is 888, end time is 1620722350.1150217
INFO:__main__:used memory: -1 M
INFO:__main__:FuncIndex is 888, time overhead is 0.026664257049560547
INFO:__main__:FuncIndex is 889, start time is 1620722350.1155868
INFO:__main__:FuncIndex is 889, end time is 1620722350.1420784
INFO:__main__:used memory: 0 M
INFO:__main__:FuncIndex is 889, time overhead is 0.026491641998291016
INFO:__main__:FuncIndex is 890, start time is 1620722350.1426399
INFO:__main__:FuncIndex is 890, end time is 1620722350.1696885
INFO:__main__:used memory: 1 M
INFO:__main__:FuncIndex is 890, time overhead is 0.027048587799072266
INFO:__main__:FuncIndex is 891, start time is 1620722350.1702983
INFO:__main__:FuncIndex is 891, end time is 1620722350.1960557
INFO:__main__:used memory: 0 M
INFO:__main__:FuncIndex is 891, time overhead is 0.025757312774658203
INFO:__main__:FuncIndex is 892, start time is 1620722350.1966062
INFO:__main__:FuncIndex is 892, end time is 1620722350.5965161
INFO:__main__:used memory: 2 M
INFO:__main__:FuncIndex is 892, time overhead is 0.39990997314453125
INFO:__main__:FuncIndex is 893, start time is 1620722350.5991604
INFO:__main__:FuncIndex is 893, end time is 1620722350.6331005
INFO:__main__:used memory: 1 M
INFO:__main__:FuncIndex is 893, time overhead is 0.03394007682800293
INFO:__main__:FuncIndex is 894, start time is 1620722350.6337943
INFO:__main__:FuncIndex is 894, end time is 1620722350.6630955
INFO:__main__:used memory: 0 M
INFO:__main__:FuncIndex is 894, time overhead is 0.029301166534423828
INFO:__main__:FuncIndex is 895, start time is 1620722350.663749
INFO:__main__:FuncIndex is 895, end time is 1620722350.692624
INFO:__main__:used memory: 0 M
INFO:__main__:FuncIndex is 895, time overhead is 0.028875112533569336
INFO:__main__:FuncIndex is 896, start time is 1620722350.6932986
INFO:__main__:FuncIndex is 896, end time is 1620722350.722167
INFO:__main__:used memory: 0 M
INFO:__main__:FuncIndex is 896, time overhead is 0.028868436813354492
INFO:__main__:FuncIndex is 897, start time is 1620722350.7228463
INFO:__main__:FuncIndex is 897, end time is 1620722350.751266
INFO:__main__:used memory: 0 M
INFO:__main__:FuncIndex is 897, time overhead is 0.02841973304748535
INFO:__main__:FuncIndex is 898, start time is 1620722350.7518878
INFO:__main__:FuncIndex is 898, end time is 1620722350.779218
INFO:__main__:used memory: -1 M
INFO:__main__:FuncIndex is 898, time overhead is 0.02733016014099121
INFO:__main__:FuncIndex is 899, start time is 1620722350.7797487
INFO:__main__:FuncIndex is 899, end time is 1620722350.8047838
INFO:__main__:used memory: -1 M
INFO:__main__:FuncIndex is 899, time overhead is 0.02503514289855957
INFO:__main__:FuncIndex is 900, start time is 1620722350.8054228
INFO:__main__:FuncIndex is 900, end time is 1620722350.8313608
INFO:__main__:used memory: 1 M
INFO:__main__:FuncIndex is 900, time overhead is 0.025938034057617188
INFO:__main__:FuncIndex is 901, start time is 1620722350.8319347
INFO:__main__:FuncIndex is 901, end time is 1620722350.85944
INFO:__main__:used memory: 0 M
INFO:__main__:FuncIndex is 901, time overhead is 0.02750539779663086
INFO:__main__:FuncIndex is 902, start time is 1620722350.8600929
INFO:__main__:FuncIndex is 902, end time is 1620722350.8890324
INFO:__main__:used memory: 0 M
INFO:__main__:FuncIndex is 902, time overhead is 0.028939485549926758
INFO:__main__:FuncIndex is 903, start time is 1620722350.8896863
INFO:__main__:[exception] used memory: 0 M
INFO:__main__:[exception] FuncIndex is 903, time overhead is 0.12692856788635254
INFO:__main__:FuncIndex is 904, start time is 1620722351.0181818
INFO:__main__:FuncIndex is 904, end time is 1620722351.0437515
INFO:__main__:used memory: 0 M
INFO:__main__:FuncIndex is 904, time overhead is 0.025569677352905273
INFO:__main__:FuncIndex is 905, start time is 1620722351.0443137
INFO:__main__:FuncIndex is 905, end time is 1620722351.069932
INFO:__main__:used memory: 0 M
INFO:__main__:FuncIndex is 905, time overhead is 0.025618314743041992
INFO:__main__:FuncIndex is 906, start time is 1620722351.07057
INFO:__main__:FuncIndex is 906, end time is 1620722351.0962903
INFO:__main__:used memory: 0 M
INFO:__main__:FuncIndex is 906, time overhead is 0.02572035789489746
INFO:__main__:FuncIndex is 907, start time is 1620722351.0968702
INFO:__main__:FuncIndex is 907, end time is 1620722351.1219213
INFO:__main__:used memory: 1 M
INFO:__main__:FuncIndex is 907, time overhead is 0.025051116943359375
INFO:__main__:FuncIndex is 908, start time is 1620722351.1225188
INFO:__main__:FuncIndex is 908, end time is 1620722351.147748
INFO:__main__:used memory: 0 M
INFO:__main__:FuncIndex is 908, time overhead is 0.025229215621948242
INFO:__main__:FuncIndex is 909, start time is 1620722351.1483624
INFO:__main__:FuncIndex is 909, end time is 1620722351.1759868
INFO:__main__:used memory: 1 M
INFO:__main__:FuncIndex is 909, time overhead is 0.02762436866760254
INFO:__main__:FuncIndex is 910, start time is 1620722351.176593
INFO:__main__:FuncIndex is 910, end time is 1620722351.2020445
INFO:__main__:used memory: -1 M
INFO:__main__:FuncIndex is 910, time overhead is 0.0254514217376709
INFO:__main__:FuncIndex is 911, start time is 1620722351.2026463
INFO:__main__:FuncIndex is 911, end time is 1620722351.2323382
INFO:__main__:used memory: -1 M
INFO:__main__:FuncIndex is 911, time overhead is 0.02969193458557129
INFO:__main__:FuncIndex is 912, start time is 1620722351.232995
INFO:__main__:FuncIndex is 912, end time is 1620722351.2602494
INFO:__main__:used memory: 0 M
INFO:__main__:FuncIndex is 912, time overhead is 0.027254343032836914
INFO:__main__:FuncIndex is 913, start time is 1620722351.260841
INFO:__main__:FuncIndex is 913, end time is 1620722351.2871513
INFO:__main__:used memory: 0 M
INFO:__main__:FuncIndex is 913, time overhead is 0.026310443878173828
INFO:__main__:FuncIndex is 914, start time is 1620722351.287756
INFO:__main__:FuncIndex is 914, end time is 1620722351.3413727
INFO:__main__:used memory: 0 M
INFO:__main__:FuncIndex is 914, time overhead is 0.05361676216125488
INFO:__main__:FuncIndex is 915, start time is 1620722351.3432653
INFO:__main__:FuncIndex is 915, end time is 1620722351.3704758
INFO:__main__:used memory: 0 M
INFO:__main__:FuncIndex is 915, time overhead is 0.027210474014282227
INFO:__main__:FuncIndex is 916, start time is 1620722351.3710995
INFO:__main__:FuncIndex is 916, end time is 1620722351.3983326
INFO:__main__:used memory: 1 M
INFO:__main__:FuncIndex is 916, time overhead is 0.027233123779296875
INFO:__main__:FuncIndex is 917, start time is 1620722351.3989806
INFO:__main__:FuncIndex is 917, end time is 1620722351.4263437
INFO:__main__:used memory: -2 M
INFO:__main__:FuncIndex is 917, time overhead is 0.027363061904907227
INFO:__main__:FuncIndex is 918, start time is 1620722351.426898
INFO:__main__:FuncIndex is 918, end time is 1620722351.4530804
INFO:__main__:used memory: 1 M
INFO:__main__:FuncIndex is 918, time overhead is 0.02618241310119629
INFO:__main__:FuncIndex is 919, start time is 1620722351.453644
INFO:__main__:FuncIndex is 919, end time is 1620722351.4791594
INFO:__main__:used memory: 0 M
INFO:__main__:FuncIndex is 919, time overhead is 0.025515317916870117
INFO:__main__:FuncIndex is 920, start time is 1620722351.479736
INFO:__main__:FuncIndex is 920, end time is 1620722351.5091662
INFO:__main__:used memory: 0 M
INFO:__main__:FuncIndex is 920, time overhead is 0.029430150985717773
INFO:__main__:FuncIndex is 921, start time is 1620722351.5099218
INFO:__main__:FuncIndex is 921, end time is 1620722351.538556
INFO:__main__:used memory: 0 M
INFO:__main__:FuncIndex is 921, time overhead is 0.028634309768676758
INFO:__main__:FuncIndex is 922, start time is 1620722351.5391524
INFO:__main__:FuncIndex is 922, end time is 1620722351.565128
INFO:__main__:used memory: -1 M
INFO:__main__:FuncIndex is 922, time overhead is 0.025975704193115234
INFO:__main__:FuncIndex is 923, start time is 1620722351.5657134
INFO:__main__:FuncIndex is 923, end time is 1620722351.5921764
INFO:__main__:used memory: 2 M
INFO:__main__:FuncIndex is 923, time overhead is 0.026463031768798828
INFO:__main__:FuncIndex is 924, start time is 1620722351.59275
INFO:__main__:FuncIndex is 924, end time is 1620722351.6184711
INFO:__main__:used memory: -1 M
INFO:__main__:FuncIndex is 924, time overhead is 0.025721073150634766
INFO:__main__:FuncIndex is 925, start time is 1620722351.6190348
INFO:__main__:FuncIndex is 925, end time is 1620722351.6456242
INFO:__main__:used memory: 0 M
INFO:__main__:FuncIndex is 925, time overhead is 0.026589393615722656
INFO:__main__:FuncIndex is 926, start time is 1620722351.6461926
INFO:__main__:FuncIndex is 926, end time is 1620722351.670684
INFO:__main__:used memory: 0 M
INFO:__main__:FuncIndex is 926, time overhead is 0.024491548538208008
INFO:__main__:FuncIndex is 927, start time is 1620722351.671267
INFO:__main__:FuncIndex is 927, end time is 1620722351.6959286
INFO:__main__:used memory: 0 M
INFO:__main__:FuncIndex is 927, time overhead is 0.024661540985107422
INFO:__main__:FuncIndex is 928, start time is 1620722351.6964955
INFO:__main__:FuncIndex is 928, end time is 1620722351.7229936
INFO:__main__:used memory: 0 M
INFO:__main__:FuncIndex is 928, time overhead is 0.026498079299926758
INFO:__main__:FuncIndex is 929, start time is 1620722351.7235534
INFO:__main__:FuncIndex is 929, end time is 1620722351.7494652
INFO:__main__:used memory: 0 M
INFO:__main__:FuncIndex is 929, time overhead is 0.025911808013916016
INFO:__main__:FuncIndex is 930, start time is 1620722351.7500565
INFO:__main__:FuncIndex is 930, end time is 1620722351.7769797
INFO:__main__:used memory: 1 M
INFO:__main__:FuncIndex is 930, time overhead is 0.026923179626464844
INFO:__main__:FuncIndex is 931, start time is 1620722351.7776287
INFO:__main__:FuncIndex is 931, end time is 1620722351.804473
INFO:__main__:used memory: 0 M
INFO:__main__:FuncIndex is 931, time overhead is 0.026844263076782227
INFO:__main__:FuncIndex is 932, start time is 1620722351.8051238
INFO:__main__:FuncIndex is 932, end time is 1620722351.8317957
INFO:__main__:used memory: 0 M
INFO:__main__:FuncIndex is 932, time overhead is 0.026671886444091797
INFO:__main__:FuncIndex is 933, start time is 1620722351.8323746
INFO:__main__:FuncIndex is 933, end time is 1620722351.8884685
INFO:__main__:used memory: 0 M
INFO:__main__:FuncIndex is 933, time overhead is 0.05609393119812012
INFO:__main__:FuncIndex is 934, start time is 1620722351.889246
INFO:__main__:FuncIndex is 934, end time is 1620722351.9161673
INFO:__main__:used memory: 1 M
INFO:__main__:FuncIndex is 934, time overhead is 0.02692127227783203
INFO:__main__:FuncIndex is 935, start time is 1620722351.9167402
INFO:__main__:FuncIndex is 935, end time is 1620722351.9424927
INFO:__main__:used memory: 0 M
INFO:__main__:FuncIndex is 935, time overhead is 0.025752544403076172
INFO:__main__:FuncIndex is 936, start time is 1620722351.9430616
INFO:__main__:FuncIndex is 936, end time is 1620722351.9679394
INFO:__main__:used memory: 0 M
INFO:__main__:FuncIndex is 936, time overhead is 0.02487778663635254
INFO:__main__:FuncIndex is 937, start time is 1620722351.968478
INFO:__main__:FuncIndex is 937, end time is 1620722351.9937894
INFO:__main__:used memory: -1 M
INFO:__main__:FuncIndex is 937, time overhead is 0.02531147003173828
INFO:__main__:FuncIndex is 938, start time is 1620722351.9943433
INFO:__main__:FuncIndex is 938, end time is 1620722352.0201952
INFO:__main__:used memory: 0 M
INFO:__main__:FuncIndex is 938, time overhead is 0.025851964950561523
INFO:__main__:FuncIndex is 939, start time is 1620722352.0210965
INFO:__main__:FuncIndex is 939, end time is 1620722352.0475574
INFO:__main__:used memory: 1 M
INFO:__main__:FuncIndex is 939, time overhead is 0.026460886001586914
INFO:__main__:FuncIndex is 940, start time is 1620722352.0481477
INFO:__main__:FuncIndex is 940, end time is 1620722352.074042
INFO:__main__:used memory: 0 M
INFO:__main__:FuncIndex is 940, time overhead is 0.0258944034576416
INFO:__main__:FuncIndex is 941, start time is 1620722352.0746174
INFO:__main__:FuncIndex is 941, end time is 1620722352.1013708
INFO:__main__:used memory: -1 M
INFO:__main__:FuncIndex is 941, time overhead is 0.02675342559814453
INFO:__main__:FuncIndex is 942, start time is 1620722352.1020496
INFO:__main__:FuncIndex is 942, end time is 1620722352.1301315
INFO:__main__:used memory: 0 M
INFO:__main__:FuncIndex is 942, time overhead is 0.028081893920898438
INFO:__main__:FuncIndex is 943, start time is 1620722352.1306813
INFO:__main__:FuncIndex is 943, end time is 1620722352.157318
INFO:__main__:used memory: 0 M
INFO:__main__:FuncIndex is 943, time overhead is 0.026636838912963867
INFO:__main__:FuncIndex is 944, start time is 1620722352.157878
INFO:__main__:FuncIndex is 944, end time is 1620722352.9343178
INFO:__main__:used memory: 9 M
INFO:__main__:FuncIndex is 944, time overhead is 0.776439905166626
INFO:__main__:FuncIndex is 945, start time is 1620722352.937169
INFO:__main__:FuncIndex is 945, end time is 1620722352.971847
INFO:__main__:used memory: 0 M
INFO:__main__:FuncIndex is 945, time overhead is 0.034677982330322266
INFO:__main__:FuncIndex is 946, start time is 1620722352.9725623
INFO:__main__:FuncIndex is 946, end time is 1620722353.0017595
INFO:__main__:used memory: 0 M
INFO:__main__:FuncIndex is 946, time overhead is 0.029197216033935547
INFO:__main__:FuncIndex is 947, start time is 1620722353.002412
INFO:__main__:FuncIndex is 947, end time is 1620722353.0306444
INFO:__main__:used memory: 1 M
INFO:__main__:FuncIndex is 947, time overhead is 0.028232336044311523
INFO:__main__:FuncIndex is 948, start time is 1620722353.0312881
INFO:__main__:FuncIndex is 948, end time is 1620722353.0585816
INFO:__main__:used memory: 0 M
INFO:__main__:FuncIndex is 948, time overhead is 0.02729344367980957
INFO:__main__:FuncIndex is 949, start time is 1620722353.059167
INFO:__main__:FuncIndex is 949, end time is 1620722353.0869915
INFO:__main__:used memory: -1 M
INFO:__main__:FuncIndex is 949, time overhead is 0.02782464027404785
INFO:__main__:FuncIndex is 950, start time is 1620722353.0876758
INFO:__main__:FuncIndex is 950, end time is 1620722353.1161573
INFO:__main__:used memory: 0 M
INFO:__main__:FuncIndex is 950, time overhead is 0.028481483459472656
INFO:__main__:FuncIndex is 951, start time is 1620722353.1168277
INFO:__main__:FuncIndex is 951, end time is 1620722353.1440036
INFO:__main__:used memory: 0 M
INFO:__main__:FuncIndex is 951, time overhead is 0.0271759033203125
INFO:__main__:FuncIndex is 952, start time is 1620722353.144588
INFO:__main__:FuncIndex is 952, end time is 1620722353.1708648
INFO:__main__:used memory: 1 M
INFO:__main__:FuncIndex is 952, time overhead is 0.026276826858520508
INFO:__main__:FuncIndex is 953, start time is 1620722353.1714203
INFO:__main__:FuncIndex is 953, end time is 1620722353.1971092
INFO:__main__:used memory: 0 M
INFO:__main__:FuncIndex is 953, time overhead is 0.025688886642456055
INFO:__main__:FuncIndex is 954, start time is 1620722353.1977558
INFO:__main__:FuncIndex is 954, end time is 1620722353.2241704
INFO:__main__:used memory: 0 M
INFO:__main__:FuncIndex is 954, time overhead is 0.02641463279724121
INFO:__main__:FuncIndex is 955, start time is 1620722353.2247734
INFO:__main__:FuncIndex is 955, end time is 1620722353.2740846
INFO:__main__:used memory: -1 M
INFO:__main__:FuncIndex is 955, time overhead is 0.049311161041259766
INFO:__main__:FuncIndex is 956, start time is 1620722353.2761502
INFO:__main__:FuncIndex is 956, end time is 1620722353.3045292
INFO:__main__:used memory: 1 M
INFO:__main__:FuncIndex is 956, time overhead is 0.028378963470458984
INFO:__main__:FuncIndex is 957, start time is 1620722353.3052351
INFO:__main__:FuncIndex is 957, end time is 1620722353.3331943
INFO:__main__:used memory: 0 M
INFO:__main__:FuncIndex is 957, time overhead is 0.027959108352661133
INFO:__main__:FuncIndex is 958, start time is 1620722353.3338451
INFO:__main__:FuncIndex is 958, end time is 1620722353.3624249
INFO:__main__:used memory: -1 M
INFO:__main__:FuncIndex is 958, time overhead is 0.0285797119140625
INFO:__main__:FuncIndex is 959, start time is 1620722353.3631418
INFO:__main__:FuncIndex is 959, end time is 1620722353.3915308
INFO:__main__:used memory: 1 M
INFO:__main__:FuncIndex is 959, time overhead is 0.02838897705078125
INFO:__main__:FuncIndex is 960, start time is 1620722353.392216
INFO:__main__:FuncIndex is 960, end time is 1620722353.4212718
INFO:__main__:used memory: 0 M
INFO:__main__:FuncIndex is 960, time overhead is 0.02905583381652832
INFO:__main__:FuncIndex is 961, start time is 1620722353.4219086
INFO:__main__:FuncIndex is 961, end time is 1620722353.450186
INFO:__main__:used memory: -1 M
INFO:__main__:FuncIndex is 961, time overhead is 0.02827739715576172
INFO:__main__:FuncIndex is 962, start time is 1620722353.4508517
INFO:__main__:FuncIndex is 962, end time is 1620722353.4785938
INFO:__main__:used memory: 1 M
INFO:__main__:FuncIndex is 962, time overhead is 0.02774214744567871
INFO:__main__:FuncIndex is 963, start time is 1620722353.4791427
INFO:__main__:FuncIndex is 963, end time is 1620722353.5058095
INFO:__main__:used memory: -1 M
INFO:__main__:FuncIndex is 963, time overhead is 0.026666879653930664
INFO:__main__:FuncIndex is 964, start time is 1620722353.5064287
INFO:__main__:FuncIndex is 964, end time is 1620722353.534264
INFO:__main__:used memory: 0 M
INFO:__main__:FuncIndex is 964, time overhead is 0.027835369110107422
INFO:__main__:FuncIndex is 965, start time is 1620722353.5348241
INFO:root:
INFO:__main__:FuncIndex is 965, end time is 1620722353.5687072
INFO:__main__:used memory: 1 M
INFO:__main__:FuncIndex is 965, time overhead is 0.033883094787597656
INFO:__main__:FuncIndex is 966, start time is 1620722353.5710082
INFO:__main__:FuncIndex is 966, end time is 1620722353.5993469
INFO:__main__:used memory: -1 M
INFO:__main__:FuncIndex is 966, time overhead is 0.02833867073059082
INFO:__main__:FuncIndex is 967, start time is 1620722353.5999901
INFO:__main__:FuncIndex is 967, end time is 1620722353.6279228
INFO:__main__:used memory: 0 M
INFO:__main__:FuncIndex is 967, time overhead is 0.02793264389038086
INFO:__main__:FuncIndex is 968, start time is 1620722353.6284852
INFO:__main__:FuncIndex is 968, end time is 1620722353.654547
INFO:__main__:used memory: 0 M
INFO:__main__:FuncIndex is 968, time overhead is 0.0260617733001709
INFO:__main__:FuncIndex is 969, start time is 1620722353.65525
INFO:__main__:FuncIndex is 969, end time is 1620722353.680895
INFO:__main__:used memory: 1 M
INFO:__main__:FuncIndex is 969, time overhead is 0.025645017623901367
INFO:__main__:FuncIndex is 970, start time is 1620722353.6815066
INFO:__main__:FuncIndex is 970, end time is 1620722353.7059925
INFO:__main__:used memory: 0 M
INFO:__main__:FuncIndex is 970, time overhead is 0.02448582649230957
INFO:__main__:FuncIndex is 971, start time is 1620722353.7065296
INFO:__main__:FuncIndex is 971, end time is 1620722353.731786
INFO:__main__:used memory: -1 M
INFO:__main__:FuncIndex is 971, time overhead is 0.02525639533996582
INFO:__main__:FuncIndex is 972, start time is 1620722353.7323842
INFO:__main__:FuncIndex is 972, end time is 1620722353.758968
INFO:__main__:used memory: 0 M
INFO:__main__:FuncIndex is 972, time overhead is 0.02658390998840332
INFO:__main__:FuncIndex is 973, start time is 1620722353.7596025
INFO:__main__:FuncIndex is 973, end time is 1620722353.7847674
INFO:__main__:used memory: 0 M
INFO:__main__:FuncIndex is 973, time overhead is 0.02516484260559082
INFO:__main__:FuncIndex is 974, start time is 1620722353.7855496
INFO:__main__:FuncIndex is 974, end time is 1620722353.8103487
INFO:__main__:used memory: 1 M
INFO:__main__:FuncIndex is 974, time overhead is 0.024799108505249023
INFO:__main__:FuncIndex is 975, start time is 1620722353.810887
INFO:__main__:FuncIndex is 975, end time is 1620722353.8396518
INFO:__main__:used memory: 0 M
INFO:__main__:FuncIndex is 975, time overhead is 0.028764724731445312
INFO:__main__:FuncIndex is 976, start time is 1620722353.8402355
INFO:__main__:FuncIndex is 976, end time is 1620722353.8684454
INFO:__main__:used memory: -1 M
INFO:__main__:FuncIndex is 976, time overhead is 0.028209924697875977
INFO:__main__:FuncIndex is 977, start time is 1620722353.869163
INFO:__main__:FuncIndex is 977, end time is 1620722353.8970668
INFO:__main__:used memory: 0 M
INFO:__main__:FuncIndex is 977, time overhead is 0.02790379524230957
INFO:__main__:FuncIndex is 978, start time is 1620722353.8978212
INFO:__main__:FuncIndex is 978, end time is 1620722353.9266813
INFO:__main__:used memory: 1 M
INFO:__main__:FuncIndex is 978, time overhead is 0.028860092163085938
INFO:__main__:FuncIndex is 979, start time is 1620722353.927331
INFO:__main__:FuncIndex is 979, end time is 1620722353.9554756
INFO:__main__:used memory: 0 M
INFO:__main__:FuncIndex is 979, time overhead is 0.02814459800720215
INFO:__main__:FuncIndex is 980, start time is 1620722353.956071
INFO:__main__:FuncIndex is 980, end time is 1620722353.9820566
INFO:__main__:used memory: 0 M
INFO:__main__:FuncIndex is 980, time overhead is 0.0259857177734375
INFO:__main__:FuncIndex is 981, start time is 1620722353.982616
INFO:__main__:FuncIndex is 981, end time is 1620722354.0087159
INFO:__main__:used memory: 0 M
INFO:__main__:FuncIndex is 981, time overhead is 0.02609992027282715
INFO:__main__:FuncIndex is 982, start time is 1620722354.0093381
INFO:__main__:FuncIndex is 982, end time is 1620722354.0353267
INFO:__main__:used memory: 0 M
INFO:__main__:FuncIndex is 982, time overhead is 0.02598857879638672
INFO:__main__:FuncIndex is 983, start time is 1620722354.035887
INFO:__main__:FuncIndex is 983, end time is 1620722354.0623345
INFO:__main__:used memory: -1 M
INFO:__main__:FuncIndex is 983, time overhead is 0.026447534561157227
INFO:__main__:FuncIndex is 984, start time is 1620722354.0629442
INFO:__main__:FuncIndex is 984, end time is 1620722354.089355
INFO:__main__:used memory: 1 M
INFO:__main__:FuncIndex is 984, time overhead is 0.026410818099975586
INFO:__main__:FuncIndex is 985, start time is 1620722354.0900142
INFO:__main__:FuncIndex is 985, end time is 1620722354.1180432
INFO:__main__:used memory: -1 M
INFO:__main__:FuncIndex is 985, time overhead is 0.02802896499633789
INFO:__main__:FuncIndex is 986, start time is 1620722354.11872
INFO:__main__:FuncIndex is 986, end time is 1620722354.1460178
INFO:__main__:used memory: 0 M
INFO:__main__:FuncIndex is 986, time overhead is 0.0272977352142334
INFO:__main__:FuncIndex is 987, start time is 1620722354.1465635
INFO:__main__:FuncIndex is 987, end time is 1620722354.1725743
INFO:__main__:used memory: 1 M
INFO:__main__:FuncIndex is 987, time overhead is 0.026010751724243164
INFO:__main__:FuncIndex is 988, start time is 1620722354.1734436
INFO:__main__:FuncIndex is 988, end time is 1620722354.1978283
INFO:__main__:used memory: 0 M
INFO:__main__:FuncIndex is 988, time overhead is 0.024384737014770508
INFO:__main__:FuncIndex is 989, start time is 1620722354.198384
INFO:__main__:FuncIndex is 989, end time is 1620722354.2235243
INFO:__main__:used memory: 0 M
INFO:__main__:FuncIndex is 989, time overhead is 0.02514028549194336
INFO:__main__:FuncIndex is 990, start time is 1620722354.224113
INFO:__main__:FuncIndex is 990, end time is 1620722354.2495906
INFO:__main__:used memory: -1 M
INFO:__main__:FuncIndex is 990, time overhead is 0.02547764778137207
INFO:__main__:FuncIndex is 991, start time is 1620722354.2501924
INFO:__main__:FuncIndex is 991, end time is 1620722354.2764785
INFO:__main__:used memory: 0 M
INFO:__main__:FuncIndex is 991, time overhead is 0.02628612518310547
INFO:__main__:FuncIndex is 992, start time is 1620722354.2772722
INFO:__main__:FuncIndex is 992, end time is 1620722354.3018634
INFO:__main__:used memory: 0 M
INFO:__main__:FuncIndex is 992, time overhead is 0.02459120750427246
INFO:__main__:FuncIndex is 993, start time is 1620722354.3024333
INFO:__main__:FuncIndex is 993, end time is 1620722354.327373
INFO:__main__:used memory: 1 M
INFO:__main__:FuncIndex is 993, time overhead is 0.024939775466918945
INFO:__main__:FuncIndex is 994, start time is 1620722354.327925
INFO:__main__:FuncIndex is 994, end time is 1620722354.3547733
INFO:__main__:used memory: 0 M
INFO:__main__:FuncIndex is 994, time overhead is 0.026848316192626953
INFO:__main__:FuncIndex is 995, start time is 1620722354.3553917
INFO:__main__:FuncIndex is 995, end time is 1620722354.3859985
INFO:__main__:used memory: -1 M
INFO:__main__:FuncIndex is 995, time overhead is 0.030606746673583984
INFO:__main__:FuncIndex is 996, start time is 1620722354.386687
INFO:__main__:FuncIndex is 996, end time is 1620722354.4152145
INFO:__main__:used memory: 0 M
INFO:__main__:FuncIndex is 996, time overhead is 0.028527498245239258
INFO:__main__:FuncIndex is 997, start time is 1620722354.4158688
INFO:__main__:FuncIndex is 997, end time is 1620722354.4444466
INFO:__main__:used memory: 0 M
INFO:__main__:FuncIndex is 997, time overhead is 0.028577804565429688
INFO:__main__:FuncIndex is 998, start time is 1620722354.4453168
INFO:__main__:FuncIndex is 998, end time is 1620722354.4743729
INFO:__main__:used memory: -1 M
INFO:__main__:FuncIndex is 998, time overhead is 0.029056072235107422
INFO:__main__:FuncIndex is 999, start time is 1620722354.475075
INFO:__main__:FuncIndex is 999, end time is 1620722354.5033472
INFO:__main__:used memory: 2 M
INFO:__main__:FuncIndex is 999, time overhead is 0.028272151947021484
INFO:__main__:FuncIndex is 1000, start time is 1620722354.5040174
INFO:__main__:FuncIndex is 1000, end time is 1620722354.532247
INFO:__main__:used memory: -1 M
INFO:__main__:FuncIndex is 1000, time overhead is 0.028229713439941406
INFO:__main__:FuncIndex is 1001, start time is 1620722354.532958
INFO:__main__:FuncIndex is 1001, end time is 1620722354.5589876
INFO:__main__:used memory: 1 M
INFO:__main__:FuncIndex is 1001, time overhead is 0.026029586791992188
INFO:__main__:FuncIndex is 1002, start time is 1620722354.559552
INFO:__main__:FuncIndex is 1002, end time is 1620722354.5864625
INFO:__main__:used memory: 0 M
INFO:__main__:FuncIndex is 1002, time overhead is 0.02691054344177246
INFO:__main__:FuncIndex is 1003, start time is 1620722354.587052
INFO:__main__:FuncIndex is 1003, end time is 1620722354.6120586
INFO:__main__:used memory: 0 M
INFO:__main__:FuncIndex is 1003, time overhead is 0.025006532669067383
INFO:__main__:FuncIndex is 1004, start time is 1620722354.6126158
INFO:__main__:FuncIndex is 1004, end time is 1620722354.639668
INFO:__main__:used memory: 0 M
INFO:__main__:FuncIndex is 1004, time overhead is 0.02705216407775879
INFO:__main__:FuncIndex is 1005, start time is 1620722354.640393
INFO:__main__:FuncIndex is 1005, end time is 1620722354.6670213
INFO:__main__:used memory: -1 M
INFO:__main__:FuncIndex is 1005, time overhead is 0.02662825584411621
INFO:__main__:FuncIndex is 1006, start time is 1620722354.6675837
INFO:__main__:FuncIndex is 1006, end time is 1620722354.6955297
INFO:__main__:used memory: 1 M
INFO:__main__:FuncIndex is 1006, time overhead is 0.027945995330810547
INFO:__main__:FuncIndex is 1007, start time is 1620722354.6961696
INFO:__main__:FuncIndex is 1007, end time is 1620722354.723963
INFO:__main__:used memory: -1 M
INFO:__main__:FuncIndex is 1007, time overhead is 0.027793407440185547
INFO:__main__:FuncIndex is 1008, start time is 1620722354.7245615
INFO:__main__:FuncIndex is 1008, end time is 1620722354.7511835
INFO:__main__:used memory: 0 M
INFO:__main__:FuncIndex is 1008, time overhead is 0.02662205696105957
INFO:__main__:FuncIndex is 1009, start time is 1620722354.7518177
INFO:__main__:FuncIndex is 1009, end time is 1620722354.7781656
INFO:__main__:used memory: 0 M
INFO:__main__:FuncIndex is 1009, time overhead is 0.026347875595092773
INFO:__main__:FuncIndex is 1010, start time is 1620722354.7787664
INFO:__main__:FuncIndex is 1010, end time is 1620722354.804631
INFO:__main__:used memory: 0 M
INFO:__main__:FuncIndex is 1010, time overhead is 0.025864601135253906
INFO:__main__:FuncIndex is 1011, start time is 1620722354.805358
INFO:__main__:FuncIndex is 1011, end time is 1620722354.8315613
INFO:__main__:used memory: 1 M
INFO:__main__:FuncIndex is 1011, time overhead is 0.026203393936157227
INFO:__main__:FuncIndex is 1012, start time is 1620722354.8321848
INFO:__main__:FuncIndex is 1012, end time is 1620722354.8587692
INFO:__main__:used memory: -1 M
INFO:__main__:FuncIndex is 1012, time overhead is 0.026584386825561523
INFO:__main__:FuncIndex is 1013, start time is 1620722354.8594131
INFO:__main__:FuncIndex is 1013, end time is 1620722354.8863404
INFO:__main__:used memory: 0 M
INFO:__main__:FuncIndex is 1013, time overhead is 0.02692723274230957
INFO:__main__:FuncIndex is 1014, start time is 1620722354.8871186
INFO:__main__:FuncIndex is 1014, end time is 1620722354.9172926
INFO:__main__:used memory: 0 M
INFO:__main__:FuncIndex is 1014, time overhead is 0.03017401695251465
INFO:__main__:FuncIndex is 1015, start time is 1620722354.91797
INFO:__main__:FuncIndex is 1015, end time is 1620722354.948343
INFO:__main__:used memory: 1 M
INFO:__main__:FuncIndex is 1015, time overhead is 0.030373096466064453
INFO:__main__:FuncIndex is 1016, start time is 1620722354.9490662
INFO:__main__:FuncIndex is 1016, end time is 1620722354.9789128
INFO:__main__:used memory: 0 M
INFO:__main__:FuncIndex is 1016, time overhead is 0.029846668243408203
INFO:__main__:FuncIndex is 1017, start time is 1620722354.9795861
INFO:__main__:FuncIndex is 1017, end time is 1620722355.0083709
INFO:__main__:used memory: 1 M
INFO:__main__:FuncIndex is 1017, time overhead is 0.028784751892089844
INFO:__main__:FuncIndex is 1018, start time is 1620722355.0090988
INFO:__main__:FuncIndex is 1018, end time is 1620722355.0355577
INFO:__main__:used memory: 1 M
INFO:__main__:FuncIndex is 1018, time overhead is 0.0264589786529541
INFO:__main__:FuncIndex is 1019, start time is 1620722355.0361865
INFO:__main__:FuncIndex is 1019, end time is 1620722355.0627577
INFO:__main__:used memory: -1 M
INFO:__main__:FuncIndex is 1019, time overhead is 0.026571273803710938
INFO:__main__:FuncIndex is 1020, start time is 1620722355.0633879
INFO:__main__:FuncIndex is 1020, end time is 1620722355.0892017
INFO:__main__:used memory: 0 M
INFO:__main__:FuncIndex is 1020, time overhead is 0.025813817977905273
INFO:__main__:FuncIndex is 1021, start time is 1620722355.0898235
INFO:__main__:FuncIndex is 1021, end time is 1620722355.1193757
INFO:__main__:used memory: 0 M
INFO:__main__:FuncIndex is 1021, time overhead is 0.029552221298217773
INFO:__main__:FuncIndex is 1022, start time is 1620722355.1200008
INFO:__main__:FuncIndex is 1022, end time is 1620722355.1472976
INFO:__main__:used memory: 1 M
INFO:__main__:FuncIndex is 1022, time overhead is 0.027296781539916992
INFO:__main__:FuncIndex is 1023, start time is 1620722355.147842
INFO:__main__:FuncIndex is 1023, end time is 1620722355.1776922
INFO:__main__:used memory: -1 M
INFO:__main__:FuncIndex is 1023, time overhead is 0.029850244522094727
INFO:__main__:FuncIndex is 1024, start time is 1620722355.1783223
INFO:__main__:FuncIndex is 1024, end time is 1620722355.2069812
INFO:__main__:used memory: 0 M
INFO:__main__:FuncIndex is 1024, time overhead is 0.02865886688232422
INFO:__main__:FuncIndex is 1025, start time is 1620722355.2075937
INFO:__main__:FuncIndex is 1025, end time is 1620722355.235277
INFO:__main__:used memory: 1 M
INFO:__main__:FuncIndex is 1025, time overhead is 0.027683258056640625
INFO:__main__:FuncIndex is 1026, start time is 1620722355.235849
INFO:__main__:FuncIndex is 1026, end time is 1620722355.26375
INFO:__main__:used memory: 0 M
INFO:__main__:FuncIndex is 1026, time overhead is 0.027901172637939453
INFO:__main__:FuncIndex is 1027, start time is 1620722355.2643526
INFO:__main__:FuncIndex is 1027, end time is 1620722355.2916782
INFO:__main__:used memory: 0 M
INFO:__main__:FuncIndex is 1027, time overhead is 0.02732563018798828
INFO:__main__:FuncIndex is 1028, start time is 1620722355.292262
INFO:__main__:FuncIndex is 1028, end time is 1620722355.318972
INFO:__main__:used memory: -1 M
INFO:__main__:FuncIndex is 1028, time overhead is 0.026710033416748047
INFO:__main__:FuncIndex is 1029, start time is 1620722355.3195868
INFO:__main__:FuncIndex is 1029, end time is 1620722355.3459275
INFO:__main__:used memory: 0 M
INFO:__main__:FuncIndex is 1029, time overhead is 0.026340723037719727
INFO:__main__:FuncIndex is 1030, start time is 1620722355.3465576
INFO:__main__:FuncIndex is 1030, end time is 1620722355.3724358
INFO:__main__:used memory: 0 M
INFO:__main__:FuncIndex is 1030, time overhead is 0.025878190994262695
INFO:__main__:FuncIndex is 1031, start time is 1620722355.3730762
INFO:__main__:FuncIndex is 1031, end time is 1620722355.4006104
INFO:__main__:used memory: 0 M
INFO:__main__:FuncIndex is 1031, time overhead is 0.02753424644470215
INFO:__main__:FuncIndex is 1032, start time is 1620722355.4013724
INFO:__main__:FuncIndex is 1032, end time is 1620722355.4285724
INFO:__main__:used memory: 0 M
INFO:__main__:FuncIndex is 1032, time overhead is 0.027199983596801758
INFO:__main__:FuncIndex is 1033, start time is 1620722355.4292886
INFO:__main__:FuncIndex is 1033, end time is 1620722355.4587111
INFO:__main__:used memory: 0 M
INFO:__main__:FuncIndex is 1033, time overhead is 0.029422521591186523
INFO:__main__:FuncIndex is 1034, start time is 1620722355.4593494
INFO:__main__:FuncIndex is 1034, end time is 1620722355.4900079
INFO:__main__:used memory: 0 M
INFO:__main__:FuncIndex is 1034, time overhead is 0.030658483505249023
INFO:__main__:FuncIndex is 1035, start time is 1620722355.4905987
INFO:__main__:FuncIndex is 1035, end time is 1620722355.5215778
INFO:__main__:used memory: 1 M
INFO:__main__:FuncIndex is 1035, time overhead is 0.030979156494140625
INFO:__main__:FuncIndex is 1036, start time is 1620722355.5221844
INFO:__main__:[exception] used memory: -1 M
INFO:__main__:[exception] FuncIndex is 1036, time overhead is 0.037793874740600586
INFO:__main__:FuncIndex is 1037, start time is 1620722355.5610213
INFO:__main__:FuncIndex is 1037, end time is 1620722355.5973754
INFO:__main__:used memory: 1 M
INFO:__main__:FuncIndex is 1037, time overhead is 0.03635406494140625
INFO:__main__:FuncIndex is 1038, start time is 1620722355.5979352
INFO:__main__:FuncIndex is 1038, end time is 1620722355.6360233
INFO:__main__:used memory: 0 M
INFO:__main__:FuncIndex is 1038, time overhead is 0.038088083267211914
INFO:__main__:FuncIndex is 1039, start time is 1620722355.6367075
INFO:__main__:FuncIndex is 1039, end time is 1620722355.8247387
INFO:__main__:used memory: 2 M
INFO:__main__:FuncIndex is 1039, time overhead is 0.18803119659423828
INFO:__main__:FuncIndex is 1040, start time is 1620722355.8275657
INFO:__main__:FuncIndex is 1040, end time is 1620722355.883682
INFO:__main__:used memory: 0 M
INFO:__main__:FuncIndex is 1040, time overhead is 0.056116342544555664
INFO:__main__:FuncIndex is 1041, start time is 1620722355.8843932
INFO:__main__:FuncIndex is 1041, end time is 1620722355.940324
INFO:__main__:used memory: 0 M
INFO:__main__:FuncIndex is 1041, time overhead is 0.05593085289001465
INFO:__main__:FuncIndex is 1042, start time is 1620722355.9409657
INFO:__main__:FuncIndex is 1042, end time is 1620722356.1327507
INFO:__main__:used memory: 6 M
INFO:__main__:FuncIndex is 1042, time overhead is 0.19178509712219238
INFO:__main__:FuncIndex is 1043, start time is 1620722356.1357782
INFO:__main__:FuncIndex is 1043, end time is 1620722356.1632307
INFO:__main__:used memory: 1 M
INFO:__main__:FuncIndex is 1043, time overhead is 0.027452468872070312
INFO:__main__:FuncIndex is 1044, start time is 1620722356.1638365
INFO:__main__:FuncIndex is 1044, end time is 1620722356.189446
INFO:__main__:used memory: 0 M
INFO:__main__:FuncIndex is 1044, time overhead is 0.025609493255615234
INFO:__main__:FuncIndex is 1045, start time is 1620722356.1900423
INFO:__main__:FuncIndex is 1045, end time is 1620722356.2148798
INFO:__main__:used memory: 1 M
INFO:__main__:FuncIndex is 1045, time overhead is 0.024837493896484375
INFO:__main__:FuncIndex is 1046, start time is 1620722356.2155304
INFO:__main__:FuncIndex is 1046, end time is 1620722356.2432735
INFO:__main__:used memory: -2 M
INFO:__main__:FuncIndex is 1046, time overhead is 0.027743101119995117
INFO:__main__:FuncIndex is 1047, start time is 1620722356.243881
INFO:__main__:FuncIndex is 1047, end time is 1620722356.2707396
INFO:__main__:used memory: 1 M
INFO:__main__:FuncIndex is 1047, time overhead is 0.02685856819152832
INFO:__main__:FuncIndex is 1048, start time is 1620722356.2713068
INFO:__main__:FuncIndex is 1048, end time is 1620722356.2977905
INFO:__main__:used memory: 1 M
INFO:__main__:FuncIndex is 1048, time overhead is 0.026483774185180664
INFO:__main__:FuncIndex is 1049, start time is 1620722356.2983677
INFO:__main__:FuncIndex is 1049, end time is 1620722356.3249257
INFO:__main__:used memory: 0 M
INFO:__main__:FuncIndex is 1049, time overhead is 0.02655792236328125
INFO:__main__:FuncIndex is 1050, start time is 1620722356.325676
INFO:__main__:FuncIndex is 1050, end time is 1620722356.3516872
INFO:__main__:used memory: -1 M
INFO:__main__:FuncIndex is 1050, time overhead is 0.026011228561401367
INFO:__main__:FuncIndex is 1051, start time is 1620722356.352289
INFO:__main__:FuncIndex is 1051, end time is 1620722356.3780181
INFO:__main__:used memory: 1 M
INFO:__main__:FuncIndex is 1051, time overhead is 0.02572917938232422
INFO:__main__:FuncIndex is 1052, start time is 1620722356.378596
INFO:__main__:FuncIndex is 1052, end time is 1620722356.405465
INFO:__main__:used memory: 0 M
INFO:__main__:FuncIndex is 1052, time overhead is 0.026868820190429688
INFO:__main__:FuncIndex is 1053, start time is 1620722356.4060469
INFO:__main__:FuncIndex is 1053, end time is 1620722356.433408
INFO:__main__:used memory: -1 M
INFO:__main__:FuncIndex is 1053, time overhead is 0.027361154556274414
INFO:__main__:FuncIndex is 1054, start time is 1620722356.4340665
INFO:__main__:FuncIndex is 1054, end time is 1620722356.4618778
INFO:__main__:used memory: 0 M
INFO:__main__:FuncIndex is 1054, time overhead is 0.027811288833618164
INFO:__main__:FuncIndex is 1055, start time is 1620722356.4624643
INFO:__main__:FuncIndex is 1055, end time is 1620722356.4892132
INFO:__main__:used memory: 1 M
INFO:__main__:FuncIndex is 1055, time overhead is 0.0267488956451416
INFO:__main__:FuncIndex is 1056, start time is 1620722356.4905372
INFO:__main__:FuncIndex is 1056, end time is 1620722356.518919
INFO:__main__:used memory: -1 M
INFO:__main__:FuncIndex is 1056, time overhead is 0.028381824493408203
INFO:__main__:FuncIndex is 1057, start time is 1620722356.519543
INFO:__main__:FuncIndex is 1057, end time is 1620722356.5454147
INFO:__main__:used memory: 1 M
INFO:__main__:FuncIndex is 1057, time overhead is 0.025871753692626953
INFO:__main__:FuncIndex is 1058, start time is 1620722356.5460064
INFO:__main__:FuncIndex is 1058, end time is 1620722356.5710258
INFO:__main__:used memory: 0 M
INFO:__main__:FuncIndex is 1058, time overhead is 0.025019407272338867
INFO:__main__:FuncIndex is 1059, start time is 1620722356.571583
INFO:__main__:FuncIndex is 1059, end time is 1620722356.5965054
INFO:__main__:used memory: -1 M
INFO:__main__:FuncIndex is 1059, time overhead is 0.02492237091064453
INFO:__main__:FuncIndex is 1060, start time is 1620722356.5972083
INFO:__main__:FuncIndex is 1060, end time is 1620722356.622237
INFO:__main__:used memory: 1 M
INFO:__main__:FuncIndex is 1060, time overhead is 0.025028705596923828
INFO:__main__:FuncIndex is 1061, start time is 1620722356.6228776
INFO:__main__:FuncIndex is 1061, end time is 1620722356.6483128
INFO:__main__:used memory: 0 M
INFO:__main__:FuncIndex is 1061, time overhead is 0.025435209274291992
INFO:__main__:FuncIndex is 1062, start time is 1620722356.649056
INFO:__main__:FuncIndex is 1062, end time is 1620722356.6750135
INFO:__main__:used memory: 1 M
INFO:__main__:FuncIndex is 1062, time overhead is 0.025957584381103516
INFO:__main__:FuncIndex is 1063, start time is 1620722356.6756155
INFO:__main__:FuncIndex is 1063, end time is 1620722356.7025568
INFO:__main__:used memory: 0 M
INFO:__main__:FuncIndex is 1063, time overhead is 0.026941299438476562
INFO:__main__:FuncIndex is 1064, start time is 1620722356.7031453
INFO:__main__:FuncIndex is 1064, end time is 1620722356.729429
INFO:__main__:used memory: 0 M
INFO:__main__:FuncIndex is 1064, time overhead is 0.026283740997314453
INFO:__main__:FuncIndex is 1065, start time is 1620722356.7300186
INFO:__main__:FuncIndex is 1065, end time is 1620722356.7557373
INFO:__main__:used memory: 0 M
INFO:__main__:FuncIndex is 1065, time overhead is 0.02571868896484375
INFO:__main__:FuncIndex is 1066, start time is 1620722356.756335
INFO:__main__:FuncIndex is 1066, end time is 1620722356.8329988
INFO:__main__:used memory: 0 M
INFO:__main__:FuncIndex is 1066, time overhead is 0.07666373252868652
INFO:__main__:FuncIndex is 1067, start time is 1620722356.8335688
INFO:__main__:FuncIndex is 1067, end time is 1620722356.8589337
INFO:__main__:used memory: 1 M
INFO:__main__:FuncIndex is 1067, time overhead is 0.02536487579345703
INFO:__main__:FuncIndex is 1068, start time is 1620722356.8595326
INFO:__main__:FuncIndex is 1068, end time is 1620722356.8854647
INFO:__main__:used memory: 0 M
INFO:__main__:FuncIndex is 1068, time overhead is 0.02593207359313965
INFO:__main__:FuncIndex is 1069, start time is 1620722356.886117
INFO:__main__:FuncIndex is 1069, end time is 1620722356.912301
INFO:__main__:used memory: 0 M
INFO:__main__:FuncIndex is 1069, time overhead is 0.02618408203125
INFO:__main__:FuncIndex is 1070, start time is 1620722356.9129124
INFO:__main__:FuncIndex is 1070, end time is 1620722356.939496
INFO:__main__:used memory: 1 M
INFO:__main__:FuncIndex is 1070, time overhead is 0.02658367156982422
INFO:__main__:FuncIndex is 1071, start time is 1620722356.9400482
INFO:__main__:FuncIndex is 1071, end time is 1620722356.9658632
INFO:__main__:used memory: -1 M
INFO:__main__:FuncIndex is 1071, time overhead is 0.02581501007080078
INFO:__main__:FuncIndex is 1072, start time is 1620722356.9664738
INFO:__main__:FuncIndex is 1072, end time is 1620722356.9916956
INFO:__main__:used memory: 0 M
INFO:__main__:FuncIndex is 1072, time overhead is 0.025221824645996094
INFO:__main__:FuncIndex is 1073, start time is 1620722356.9922645
INFO:__main__:FuncIndex is 1073, end time is 1620722357.0193079
INFO:__main__:used memory: 0 M
INFO:__main__:FuncIndex is 1073, time overhead is 0.02704334259033203
INFO:__main__:FuncIndex is 1074, start time is 1620722357.0199053
INFO:__main__:FuncIndex is 1074, end time is 1620722357.0466142
INFO:__main__:used memory: 1 M
INFO:__main__:FuncIndex is 1074, time overhead is 0.02670884132385254
INFO:__main__:FuncIndex is 1075, start time is 1620722357.0472286
INFO:__main__:FuncIndex is 1075, end time is 1620722357.0742254
INFO:__main__:used memory: 0 M
INFO:__main__:FuncIndex is 1075, time overhead is 0.026996850967407227
INFO:__main__:FuncIndex is 1076, start time is 1620722357.0748374
INFO:__main__:FuncIndex is 1076, end time is 1620722357.1013281
INFO:__main__:used memory: -1 M
INFO:__main__:FuncIndex is 1076, time overhead is 0.02649068832397461
INFO:__main__:FuncIndex is 1077, start time is 1620722357.1019397
INFO:__main__:FuncIndex is 1077, end time is 1620722357.1275673
INFO:__main__:used memory: 0 M
INFO:__main__:FuncIndex is 1077, time overhead is 0.025627613067626953
INFO:__main__:FuncIndex is 1078, start time is 1620722357.1281598
INFO:__main__:FuncIndex is 1078, end time is 1620722357.1545057
INFO:__main__:used memory: 1 M
INFO:__main__:FuncIndex is 1078, time overhead is 0.02634596824645996
INFO:__main__:FuncIndex is 1079, start time is 1620722357.1551073
INFO:__main__:FuncIndex is 1079, end time is 1620722357.1817932
INFO:__main__:used memory: 0 M
INFO:__main__:FuncIndex is 1079, time overhead is 0.02668595314025879
INFO:__main__:FuncIndex is 1080, start time is 1620722357.1824098
INFO:__main__:FuncIndex is 1080, end time is 1620722357.2083404
INFO:__main__:used memory: 0 M
INFO:__main__:FuncIndex is 1080, time overhead is 0.02593064308166504
INFO:__main__:FuncIndex is 1081, start time is 1620722357.2090619
INFO:__main__:FuncIndex is 1081, end time is 1620722357.2351325
INFO:__main__:used memory: 0 M
INFO:__main__:FuncIndex is 1081, time overhead is 0.026070594787597656
INFO:__main__:FuncIndex is 1082, start time is 1620722357.2358959
INFO:__main__:FuncIndex is 1082, end time is 1620722357.2624478
INFO:__main__:used memory: 0 M
INFO:__main__:FuncIndex is 1082, time overhead is 0.02655196189880371
INFO:__main__:FuncIndex is 1083, start time is 1620722357.2630582
INFO:__main__:FuncIndex is 1083, end time is 1620722357.2888415
INFO:__main__:used memory: 1 M
INFO:__main__:FuncIndex is 1083, time overhead is 0.025783300399780273
INFO:__main__:FuncIndex is 1084, start time is 1620722357.2896214
INFO:__main__:FuncIndex is 1084, end time is 1620722357.3174093
INFO:__main__:used memory: 0 M
INFO:__main__:FuncIndex is 1084, time overhead is 0.02778792381286621
INFO:__main__:FuncIndex is 1085, start time is 1620722357.3180199
INFO:__main__:FuncIndex is 1085, end time is 1620722357.6737697
INFO:__main__:used memory: -14 M
INFO:__main__:FuncIndex is 1085, time overhead is 0.35574984550476074
INFO:__main__:FuncIndex is 1086, start time is 1620722357.6759214
INFO:__main__:FuncIndex is 1086, end time is 1620722357.70514
INFO:__main__:used memory: 0 M
INFO:__main__:FuncIndex is 1086, time overhead is 0.029218673706054688
INFO:__main__:FuncIndex is 1087, start time is 1620722357.7058592
INFO:__main__:FuncIndex is 1087, end time is 1620722357.733914
INFO:__main__:used memory: -1 M
INFO:__main__:FuncIndex is 1087, time overhead is 0.02805471420288086
INFO:__main__:FuncIndex is 1088, start time is 1620722357.7345645
INFO:__main__:FuncIndex is 1088, end time is 1620722357.7620234
INFO:__main__:used memory: 1 M
INFO:__main__:FuncIndex is 1088, time overhead is 0.027458906173706055
INFO:__main__:FuncIndex is 1089, start time is 1620722357.7626204
INFO:__main__:FuncIndex is 1089, end time is 1620722357.7882514
INFO:__main__:used memory: 0 M
INFO:__main__:FuncIndex is 1089, time overhead is 0.025630950927734375
INFO:__main__:FuncIndex is 1090, start time is 1620722357.788989
INFO:__main__:FuncIndex is 1090, end time is 1620722357.8142893
INFO:__main__:used memory: -1 M
INFO:__main__:FuncIndex is 1090, time overhead is 0.025300264358520508
INFO:__main__:FuncIndex is 1091, start time is 1620722357.8148937
INFO:__main__:FuncIndex is 1091, end time is 1620722357.8411572
INFO:__main__:used memory: 1 M
INFO:__main__:FuncIndex is 1091, time overhead is 0.02626347541809082
INFO:__main__:FuncIndex is 1092, start time is 1620722357.8417625
INFO:__main__:FuncIndex is 1092, end time is 1620722357.868262
INFO:__main__:used memory: -1 M
INFO:__main__:FuncIndex is 1092, time overhead is 0.026499509811401367
INFO:__main__:FuncIndex is 1093, start time is 1620722357.8689728
INFO:__main__:FuncIndex is 1093, end time is 1620722357.8954432
INFO:__main__:used memory: 0 M
INFO:__main__:FuncIndex is 1093, time overhead is 0.026470422744750977
INFO:__main__:FuncIndex is 1094, start time is 1620722357.896068
INFO:__main__:FuncIndex is 1094, end time is 1620722357.92352
INFO:__main__:used memory: 1 M
INFO:__main__:FuncIndex is 1094, time overhead is 0.02745199203491211
INFO:__main__:FuncIndex is 1095, start time is 1620722357.9241076
INFO:__main__:FuncIndex is 1095, end time is 1620722357.951693
INFO:__main__:used memory: -1 M
INFO:__main__:FuncIndex is 1095, time overhead is 0.027585506439208984
INFO:__main__:FuncIndex is 1096, start time is 1620722357.952391
INFO:__main__:FuncIndex is 1096, end time is 1620722358.0041912
INFO:__main__:used memory: 0 M
INFO:__main__:FuncIndex is 1096, time overhead is 0.05180025100708008
INFO:__main__:FuncIndex is 1097, start time is 1620722358.00491
INFO:__main__:FuncIndex is 1097, end time is 1620722358.0301538
INFO:__main__:used memory: 0 M
INFO:__main__:FuncIndex is 1097, time overhead is 0.025243759155273438
INFO:__main__:FuncIndex is 1098, start time is 1620722358.030708
INFO:__main__:FuncIndex is 1098, end time is 1620722358.0560045
INFO:__main__:used memory: 0 M
INFO:__main__:FuncIndex is 1098, time overhead is 0.025296449661254883
INFO:__main__:FuncIndex is 1099, start time is 1620722358.0565627
INFO:__main__:FuncIndex is 1099, end time is 1620722358.0817244
INFO:__main__:used memory: 0 M
INFO:__main__:FuncIndex is 1099, time overhead is 0.0251617431640625
INFO:__main__:FuncIndex is 1100, start time is 1620722358.0823295
INFO:__main__:FuncIndex is 1100, end time is 1620722358.1077597
INFO:__main__:used memory: 0 M
INFO:__main__:FuncIndex is 1100, time overhead is 0.02543020248413086
INFO:__main__:FuncIndex is 1101, start time is 1620722358.1083102
INFO:__main__:FuncIndex is 1101, end time is 1620722358.134031
INFO:__main__:used memory: 0 M
INFO:__main__:FuncIndex is 1101, time overhead is 0.025720834732055664
INFO:__main__:FuncIndex is 1102, start time is 1620722358.134637
INFO:__main__:FuncIndex is 1102, end time is 1620722358.1595461
INFO:__main__:used memory: 1 M
INFO:__main__:FuncIndex is 1102, time overhead is 0.024909019470214844
INFO:__main__:FuncIndex is 1103, start time is 1620722358.1601832
INFO:__main__:FuncIndex is 1103, end time is 1620722358.186253
INFO:__main__:used memory: -1 M
INFO:__main__:FuncIndex is 1103, time overhead is 0.02606987953186035
INFO:__main__:FuncIndex is 1104, start time is 1620722358.1868465
INFO:__main__:FuncIndex is 1104, end time is 1620722358.2118459
INFO:__main__:used memory: 1 M
INFO:__main__:FuncIndex is 1104, time overhead is 0.024999380111694336
INFO:__main__:FuncIndex is 1105, start time is 1620722358.2124538
INFO:__main__:FuncIndex is 1105, end time is 1620722358.2393482
INFO:__main__:used memory: 0 M
INFO:__main__:FuncIndex is 1105, time overhead is 0.026894330978393555
INFO:__main__:FuncIndex is 1106, start time is 1620722358.2401705
INFO:__main__:FuncIndex is 1106, end time is 1620722358.266149
INFO:__main__:used memory: -1 M
INFO:__main__:FuncIndex is 1106, time overhead is 0.025978565216064453
INFO:__main__:FuncIndex is 1107, start time is 1620722358.266694
INFO:__main__:FuncIndex is 1107, end time is 1620722358.29187
INFO:__main__:used memory: 0 M
INFO:__main__:FuncIndex is 1107, time overhead is 0.025176048278808594
INFO:__main__:FuncIndex is 1108, start time is 1620722358.2924795
INFO:__main__:FuncIndex is 1108, end time is 1620722358.3194182
INFO:__main__:used memory: 1 M
INFO:__main__:FuncIndex is 1108, time overhead is 0.026938676834106445
INFO:__main__:FuncIndex is 1109, start time is 1620722358.3200195
INFO:__main__:FuncIndex is 1109, end time is 1620722358.3483758
INFO:__main__:used memory: -1 M
INFO:__main__:FuncIndex is 1109, time overhead is 0.028356313705444336
INFO:__main__:FuncIndex is 1110, start time is 1620722358.3490868
INFO:__main__:FuncIndex is 1110, end time is 1620722358.3772027
INFO:__main__:used memory: 0 M
INFO:__main__:FuncIndex is 1110, time overhead is 0.02811598777770996
INFO:__main__:FuncIndex is 1111, start time is 1620722358.377834
INFO:__main__:FuncIndex is 1111, end time is 1620722358.4060178
INFO:__main__:used memory: 0 M
INFO:__main__:FuncIndex is 1111, time overhead is 0.028183698654174805
INFO:__main__:FuncIndex is 1112, start time is 1620722358.406664
INFO:__main__:FuncIndex is 1112, end time is 1620722358.4347856
INFO:__main__:used memory: 0 M
INFO:__main__:FuncIndex is 1112, time overhead is 0.0281217098236084
INFO:__main__:FuncIndex is 1113, start time is 1620722358.4353445
INFO:__main__:FuncIndex is 1113, end time is 1620722358.462505
INFO:__main__:used memory: 0 M
INFO:__main__:FuncIndex is 1113, time overhead is 0.02716064453125
INFO:__main__:FuncIndex is 1114, start time is 1620722358.463097
INFO:__main__:FuncIndex is 1114, end time is 1620722358.4890518
INFO:__main__:used memory: 0 M
INFO:__main__:FuncIndex is 1114, time overhead is 0.025954723358154297
INFO:__main__:FuncIndex is 1115, start time is 1620722358.489969
INFO:__main__:FuncIndex is 1115, end time is 1620722358.5161965
INFO:__main__:used memory: 0 M
INFO:__main__:FuncIndex is 1115, time overhead is 0.026227474212646484
INFO:__main__:FuncIndex is 1116, start time is 1620722358.5169258
INFO:__main__:FuncIndex is 1116, end time is 1620722358.5422752
INFO:__main__:used memory: 0 M
INFO:__main__:FuncIndex is 1116, time overhead is 0.02534937858581543
INFO:__main__:FuncIndex is 1117, start time is 1620722358.542861
INFO:__main__:FuncIndex is 1117, end time is 1620722358.5714653
INFO:__main__:used memory: 1 M
INFO:__main__:FuncIndex is 1117, time overhead is 0.02860426902770996
INFO:__main__:FuncIndex is 1118, start time is 1620722358.5720482
INFO:__main__:FuncIndex is 1118, end time is 1620722358.5988748
INFO:__main__:used memory: -1 M
INFO:__main__:FuncIndex is 1118, time overhead is 0.02682662010192871
INFO:__main__:FuncIndex is 1119, start time is 1620722358.5995295
INFO:__main__:FuncIndex is 1119, end time is 1620722358.625603
INFO:__main__:used memory: 0 M
INFO:__main__:FuncIndex is 1119, time overhead is 0.026073455810546875
INFO:__main__:FuncIndex is 1120, start time is 1620722358.6262374
INFO:__main__:FuncIndex is 1120, end time is 1620722358.6529284
INFO:__main__:used memory: 0 M
INFO:__main__:FuncIndex is 1120, time overhead is 0.026690959930419922
INFO:__main__:FuncIndex is 1121, start time is 1620722358.653598
INFO:__main__:FuncIndex is 1121, end time is 1620722358.6788793
INFO:__main__:used memory: 1 M
INFO:__main__:FuncIndex is 1121, time overhead is 0.025281190872192383
INFO:__main__:FuncIndex is 1122, start time is 1620722358.6794498
INFO:__main__:FuncIndex is 1122, end time is 1620722358.705972
INFO:__main__:used memory: -1 M
INFO:__main__:FuncIndex is 1122, time overhead is 0.026522159576416016
INFO:__main__:FuncIndex is 1123, start time is 1620722358.706555
INFO:__main__:FuncIndex is 1123, end time is 1620722358.7321846
INFO:__main__:used memory: 0 M
INFO:__main__:FuncIndex is 1123, time overhead is 0.025629758834838867
INFO:__main__:FuncIndex is 1124, start time is 1620722358.732868
INFO:__main__:FuncIndex is 1124, end time is 1620722358.7602835
INFO:__main__:used memory: 0 M
INFO:__main__:FuncIndex is 1124, time overhead is 0.02741551399230957
INFO:__main__:FuncIndex is 1125, start time is 1620722358.7609782
INFO:__main__:FuncIndex is 1125, end time is 1620722358.7867746
INFO:__main__:used memory: 0 M
INFO:__main__:FuncIndex is 1125, time overhead is 0.02579641342163086
INFO:__main__:FuncIndex is 1126, start time is 1620722358.787355
INFO:__main__:FuncIndex is 1126, end time is 1620722358.8124468
INFO:__main__:used memory: 1 M
INFO:__main__:FuncIndex is 1126, time overhead is 0.025091886520385742
INFO:__main__:FuncIndex is 1127, start time is 1620722358.8131766
INFO:__main__:FuncIndex is 1127, end time is 1620722358.837668
INFO:__main__:used memory: 0 M
INFO:__main__:FuncIndex is 1127, time overhead is 0.024491310119628906
INFO:__main__:FuncIndex is 1128, start time is 1620722358.838379
INFO:__main__:FuncIndex is 1128, end time is 1620722358.8679988
INFO:__main__:used memory: 0 M
INFO:__main__:FuncIndex is 1128, time overhead is 0.029619932174682617
INFO:__main__:FuncIndex is 1129, start time is 1620722358.8686523
INFO:__main__:FuncIndex is 1129, end time is 1620722358.896171
INFO:__main__:used memory: -1 M
INFO:__main__:FuncIndex is 1129, time overhead is 0.027518749237060547
INFO:__main__:FuncIndex is 1130, start time is 1620722358.8967376
INFO:__main__:FuncIndex is 1130, end time is 1620722360.297088
INFO:__main__:used memory: 3 M
INFO:__main__:FuncIndex is 1130, time overhead is 1.4003503322601318
INFO:__main__:FuncIndex is 1131, start time is 1620722360.2994437
INFO:__main__:FuncIndex is 1131, end time is 1620722360.5422642
INFO:__main__:used memory: 0 M
INFO:__main__:FuncIndex is 1131, time overhead is 0.24282050132751465
INFO:__main__:FuncIndex is 1132, start time is 1620722360.542987
INFO:root:unsupport call_indirect now
INFO:__main__:FuncIndex is 1132, end time is 1620722360.5991971
INFO:__main__:used memory: 1 M
INFO:__main__:FuncIndex is 1132, time overhead is 0.05621004104614258
INFO:__main__:FuncIndex is 1133, start time is 1620722360.6001472
INFO:root:unsupport call_indirect now
INFO:root:unsupport call_indirect now
INFO:root:unsupport call_indirect now
INFO:root:unsupport call_indirect now
INFO:__main__:FuncIndex is 1133, end time is 1620722360.6946077
INFO:__main__:used memory: -1 M
INFO:__main__:FuncIndex is 1133, time overhead is 0.09446048736572266
INFO:__main__:FuncIndex is 1134, start time is 1620722360.6952472
INFO:__main__:FuncIndex is 1134, end time is 1620722360.7220392
INFO:__main__:used memory: 0 M
INFO:__main__:FuncIndex is 1134, time overhead is 0.026792049407958984
INFO:__main__:FuncIndex is 1135, start time is 1620722360.7226644
INFO:__main__:FuncIndex is 1135, end time is 1620722360.7503276
INFO:__main__:used memory: 1 M
INFO:__main__:FuncIndex is 1135, time overhead is 0.027663230895996094
INFO:__main__:FuncIndex is 1136, start time is 1620722360.7508874
INFO:__main__:FuncIndex is 1136, end time is 1620722360.7780166
INFO:__main__:used memory: -1 M
INFO:__main__:FuncIndex is 1136, time overhead is 0.027129173278808594
INFO:__main__:FuncIndex is 1137, start time is 1620722360.7786064
INFO:__main__:FuncIndex is 1137, end time is 1620722360.8047647
INFO:__main__:used memory: 0 M
INFO:__main__:FuncIndex is 1137, time overhead is 0.02615833282470703
INFO:__main__:FuncIndex is 1138, start time is 1620722360.8054273
INFO:__main__:FuncIndex is 1138, end time is 1620722360.8316536
INFO:__main__:used memory: 1 M
INFO:__main__:FuncIndex is 1138, time overhead is 0.026226282119750977
INFO:__main__:FuncIndex is 1139, start time is 1620722360.832255
INFO:__main__:FuncIndex is 1139, end time is 1620722360.8601906
INFO:__main__:used memory: 0 M
INFO:__main__:FuncIndex is 1139, time overhead is 0.02793574333190918
INFO:__main__:FuncIndex is 1140, start time is 1620722360.8607802
INFO:__main__:FuncIndex is 1140, end time is 1620722360.8885937
INFO:__main__:used memory: -1 M
INFO:__main__:FuncIndex is 1140, time overhead is 0.027813434600830078
INFO:__main__:FuncIndex is 1141, start time is 1620722360.8893266
INFO:__main__:FuncIndex is 1141, end time is 1620722360.9169774
INFO:__main__:used memory: -1 M
INFO:__main__:FuncIndex is 1141, time overhead is 0.027650833129882812
INFO:__main__:FuncIndex is 1142, start time is 1620722360.917653
INFO:__main__:FuncIndex is 1142, end time is 1620722360.9450812
INFO:__main__:used memory: 1 M
INFO:__main__:FuncIndex is 1142, time overhead is 0.027428150177001953
INFO:__main__:FuncIndex is 1143, start time is 1620722360.9456587
INFO:__main__:FuncIndex is 1143, end time is 1620722360.9747376
INFO:__main__:used memory: 1 M
INFO:__main__:FuncIndex is 1143, time overhead is 0.029078960418701172
INFO:__main__:FuncIndex is 1144, start time is 1620722360.9754179
INFO:__main__:FuncIndex is 1144, end time is 1620722361.0055265
INFO:__main__:used memory: 1 M
INFO:__main__:FuncIndex is 1144, time overhead is 0.03010869026184082
INFO:__main__:FuncIndex is 1145, start time is 1620722361.0061727
INFO:__main__:FuncIndex is 1145, end time is 1620722361.0314684
INFO:__main__:used memory: -2 M
INFO:__main__:FuncIndex is 1145, time overhead is 0.025295734405517578
INFO:__main__:FuncIndex is 1146, start time is 1620722361.032075
INFO:__main__:FuncIndex is 1146, end time is 1620722361.060363
INFO:__main__:used memory: 0 M
INFO:__main__:FuncIndex is 1146, time overhead is 0.02828812599182129
INFO:__main__:FuncIndex is 1147, start time is 1620722361.0610044
INFO:__main__:FuncIndex is 1147, end time is 1620722361.0878665
INFO:__main__:used memory: 1 M
INFO:__main__:FuncIndex is 1147, time overhead is 0.026862144470214844
INFO:__main__:FuncIndex is 1148, start time is 1620722361.0884304
INFO:__main__:FuncIndex is 1148, end time is 1620722361.115653
INFO:__main__:used memory: 0 M
INFO:__main__:FuncIndex is 1148, time overhead is 0.027222633361816406
INFO:__main__:FuncIndex is 1149, start time is 1620722361.1162252
INFO:__main__:FuncIndex is 1149, end time is 1620722361.1425104
INFO:__main__:used memory: 0 M
INFO:__main__:FuncIndex is 1149, time overhead is 0.026285171508789062
INFO:__main__:FuncIndex is 1150, start time is 1620722361.1431072
INFO:__main__:FuncIndex is 1150, end time is 1620722361.1685174
INFO:__main__:used memory: 0 M
INFO:__main__:FuncIndex is 1150, time overhead is 0.025410175323486328
INFO:__main__:FuncIndex is 1151, start time is 1620722361.1693404
INFO:__main__:FuncIndex is 1151, end time is 1620722361.1958618
INFO:__main__:used memory: 0 M
INFO:__main__:FuncIndex is 1151, time overhead is 0.02652144432067871
INFO:__main__:FuncIndex is 1152, start time is 1620722361.1964543
INFO:__main__:FuncIndex is 1152, end time is 1620722361.2228239
INFO:__main__:used memory: -1 M
INFO:__main__:FuncIndex is 1152, time overhead is 0.026369571685791016
INFO:__main__:FuncIndex is 1153, start time is 1620722361.2234173
INFO:__main__:FuncIndex is 1153, end time is 1620722361.2518275
INFO:__main__:used memory: 0 M
INFO:__main__:FuncIndex is 1153, time overhead is 0.02841019630432129
INFO:__main__:FuncIndex is 1154, start time is 1620722361.2524326
INFO:__main__:FuncIndex is 1154, end time is 1620722361.2805483
INFO:__main__:used memory: 0 M
INFO:__main__:FuncIndex is 1154, time overhead is 0.02811574935913086
INFO:__main__:FuncIndex is 1155, start time is 1620722361.2812808
INFO:__main__:FuncIndex is 1155, end time is 1620722361.308038
INFO:__main__:used memory: 0 M
INFO:__main__:FuncIndex is 1155, time overhead is 0.026757240295410156
INFO:__main__:FuncIndex is 1156, start time is 1620722361.3086271
INFO:__main__:FuncIndex is 1156, end time is 1620722361.335811
INFO:__main__:used memory: 0 M
INFO:__main__:FuncIndex is 1156, time overhead is 0.02718377113342285
INFO:__main__:FuncIndex is 1157, start time is 1620722361.336368
INFO:__main__:FuncIndex is 1157, end time is 1620722361.3633096
INFO:__main__:used memory: 0 M
INFO:__main__:FuncIndex is 1157, time overhead is 0.026941537857055664
INFO:__main__:FuncIndex is 1158, start time is 1620722361.3638718
INFO:__main__:FuncIndex is 1158, end time is 1620722361.3905432
INFO:__main__:used memory: 0 M
INFO:__main__:FuncIndex is 1158, time overhead is 0.026671409606933594
INFO:__main__:FuncIndex is 1159, start time is 1620722361.3911612
INFO:__main__:FuncIndex is 1159, end time is 1620722361.4179814
INFO:__main__:used memory: 0 M
INFO:__main__:FuncIndex is 1159, time overhead is 0.02682018280029297
INFO:__main__:FuncIndex is 1160, start time is 1620722361.4185264
INFO:__main__:FuncIndex is 1160, end time is 1620722361.4449186
INFO:__main__:used memory: 0 M
INFO:__main__:FuncIndex is 1160, time overhead is 0.026392221450805664
INFO:__main__:FuncIndex is 1161, start time is 1620722361.445601
INFO:__main__:FuncIndex is 1161, end time is 1620722361.4714754
INFO:__main__:used memory: 0 M
INFO:__main__:FuncIndex is 1161, time overhead is 0.02587437629699707
INFO:__main__:FuncIndex is 1162, start time is 1620722361.4722104
INFO:__main__:FuncIndex is 1162, end time is 1620722361.502023
INFO:__main__:used memory: 1 M
INFO:__main__:FuncIndex is 1162, time overhead is 0.02981257438659668
INFO:__main__:FuncIndex is 1163, start time is 1620722361.5029507
INFO:__main__:FuncIndex is 1163, end time is 1620722361.5447443
INFO:__main__:used memory: 1 M
INFO:__main__:FuncIndex is 1163, time overhead is 0.0417935848236084
INFO:__main__:FuncIndex is 1164, start time is 1620722361.5456562
INFO:__main__:FuncIndex is 1164, end time is 1620722361.5734363
INFO:__main__:used memory: -1 M
INFO:__main__:FuncIndex is 1164, time overhead is 0.02778005599975586
INFO:__main__:FuncIndex is 1165, start time is 1620722361.5740528
INFO:__main__:FuncIndex is 1165, end time is 1620722361.599854
INFO:__main__:used memory: 0 M
INFO:__main__:FuncIndex is 1165, time overhead is 0.02580118179321289
INFO:__main__:FuncIndex is 1166, start time is 1620722361.600401
INFO:__main__:FuncIndex is 1166, end time is 1620722361.6265967
INFO:__main__:used memory: 1 M
INFO:__main__:FuncIndex is 1166, time overhead is 0.026195764541625977
INFO:__main__:FuncIndex is 1167, start time is 1620722361.6271532
INFO:__main__:FuncIndex is 1167, end time is 1620722361.6537228
INFO:__main__:used memory: -1 M
INFO:__main__:FuncIndex is 1167, time overhead is 0.026569604873657227
INFO:__main__:FuncIndex is 1168, start time is 1620722361.654318
INFO:__main__:FuncIndex is 1168, end time is 1620722361.680538
INFO:__main__:used memory: 1 M
INFO:__main__:FuncIndex is 1168, time overhead is 0.026219844818115234
INFO:__main__:FuncIndex is 1169, start time is 1620722361.681253
INFO:__main__:FuncIndex is 1169, end time is 1620722361.707654
INFO:__main__:used memory: -1 M
INFO:__main__:FuncIndex is 1169, time overhead is 0.026401042938232422
INFO:__main__:FuncIndex is 1170, start time is 1620722361.708247
INFO:__main__:FuncIndex is 1170, end time is 1620722361.734921
INFO:__main__:used memory: 0 M
INFO:__main__:FuncIndex is 1170, time overhead is 0.02667403221130371
INFO:__main__:FuncIndex is 1171, start time is 1620722361.7355206
INFO:__main__:FuncIndex is 1171, end time is 1620722361.7644205
INFO:__main__:used memory: 0 M
INFO:__main__:FuncIndex is 1171, time overhead is 0.0288999080657959
INFO:__main__:FuncIndex is 1172, start time is 1620722361.7651324
INFO:__main__:FuncIndex is 1172, end time is 1620722361.7910106
INFO:__main__:used memory: 1 M
INFO:__main__:FuncIndex is 1172, time overhead is 0.025878190994262695
INFO:__main__:FuncIndex is 1173, start time is 1620722361.7916343
INFO:__main__:FuncIndex is 1173, end time is 1620722361.818892
INFO:__main__:used memory: 0 M
INFO:__main__:FuncIndex is 1173, time overhead is 0.027257680892944336
INFO:__main__:FuncIndex is 1174, start time is 1620722361.8196142
INFO:__main__:FuncIndex is 1174, end time is 1620722361.857067
INFO:__main__:used memory: 1 M
INFO:__main__:FuncIndex is 1174, time overhead is 0.03745293617248535
INFO:__main__:FuncIndex is 1175, start time is 1620722361.857767
INFO:__main__:FuncIndex is 1175, end time is 1620722361.883957
INFO:__main__:used memory: 0 M
INFO:__main__:FuncIndex is 1175, time overhead is 0.026189804077148438
INFO:__main__:FuncIndex is 1176, start time is 1620722361.8845942
INFO:__main__:FuncIndex is 1176, end time is 1620722361.9117548
INFO:__main__:used memory: -1 M
INFO:__main__:FuncIndex is 1176, time overhead is 0.02716064453125
INFO:__main__:FuncIndex is 1177, start time is 1620722361.912335
INFO:__main__:FuncIndex is 1177, end time is 1620722361.9386709
INFO:__main__:used memory: 1 M
INFO:__main__:FuncIndex is 1177, time overhead is 0.026335954666137695
INFO:__main__:FuncIndex is 1178, start time is 1620722361.9392993
INFO:__main__:FuncIndex is 1178, end time is 1620722361.9648814
INFO:__main__:used memory: -1 M
INFO:__main__:FuncIndex is 1178, time overhead is 0.025582075119018555
INFO:__main__:FuncIndex is 1179, start time is 1620722361.9658055
INFO:__main__:FuncIndex is 1179, end time is 1620722361.9924488
INFO:__main__:used memory: 1 M
INFO:__main__:FuncIndex is 1179, time overhead is 0.02664327621459961
INFO:__main__:FuncIndex is 1180, start time is 1620722361.9932647
INFO:__main__:FuncIndex is 1180, end time is 1620722362.045586
INFO:__main__:used memory: -1 M
INFO:__main__:FuncIndex is 1180, time overhead is 0.052321434020996094
INFO:__main__:FuncIndex is 1181, start time is 1620722362.0477965
INFO:__main__:FuncIndex is 1181, end time is 1620722362.1009555
INFO:__main__:used memory: 1 M
INFO:__main__:FuncIndex is 1181, time overhead is 0.05315899848937988
INFO:__main__:FuncIndex is 1182, start time is 1620722362.103307
INFO:__main__:FuncIndex is 1182, end time is 1620722362.1903577
INFO:__main__:used memory: 1 M
INFO:__main__:FuncIndex is 1182, time overhead is 0.0870506763458252
INFO:__main__:FuncIndex is 1183, start time is 1620722362.1913748
INFO:__main__:FuncIndex is 1183, end time is 1620722362.258355
INFO:__main__:used memory: 0 M
INFO:__main__:FuncIndex is 1183, time overhead is 0.06698012351989746
INFO:__main__:FuncIndex is 1184, start time is 1620722362.2589798
INFO:__main__:FuncIndex is 1184, end time is 1620722362.3198867
INFO:__main__:used memory: 0 M
INFO:__main__:FuncIndex is 1184, time overhead is 0.06090688705444336
INFO:__main__:FuncIndex is 1185, start time is 1620722362.3205552
INFO:root:b'Sorts (_ BitVec 32) and (_ BitVec 64) are incompatible'
INFO:__main__:FuncIndex is 1185, end time is 1620722362.3482215
INFO:__main__:used memory: 2 M
INFO:__main__:FuncIndex is 1185, time overhead is 0.027666330337524414
INFO:__main__:FuncIndex is 1186, start time is 1620722362.3491356
INFO:__main__:FuncIndex is 1186, end time is 1620722440.3600998
INFO:__main__:used memory: 33 M
INFO:__main__:FuncIndex is 1186, time overhead is 78.01096415519714
INFO:__main__:FuncIndex is 1187, start time is 1620722440.3637922
INFO:__main__:FuncIndex is 1187, end time is 1620722440.4181268
INFO:__main__:used memory: 0 M
INFO:__main__:FuncIndex is 1187, time overhead is 0.05433464050292969
INFO:__main__:FuncIndex is 1188, start time is 1620722440.418807
INFO:__main__:FuncIndex is 1188, end time is 1620722440.4715185
INFO:__main__:used memory: -1 M
INFO:__main__:FuncIndex is 1188, time overhead is 0.05271148681640625
INFO:__main__:FuncIndex is 1189, start time is 1620722440.4724407
INFO:__main__:[exception] used memory: 1 M
INFO:__main__:[exception] FuncIndex is 1189, time overhead is 0.049082040786743164
INFO:__main__:FuncIndex is 1190, start time is 1620722440.5221117
INFO:__main__:FuncIndex is 1190, end time is 1620722440.5595603
INFO:__main__:used memory: 0 M
INFO:__main__:FuncIndex is 1190, time overhead is 0.03744864463806152
INFO:__main__:FuncIndex is 1191, start time is 1620722440.560172
INFO:__main__:FuncIndex is 1191, end time is 1620722510.9125166
INFO:__main__:used memory: 25 M
INFO:__main__:FuncIndex is 1191, time overhead is 70.35234451293945
INFO:__main__:FuncIndex is 1192, start time is 1620722510.916722
INFO:__main__:[exception] used memory: 1 M
INFO:__main__:[exception] FuncIndex is 1192, time overhead is 0.05947136878967285
INFO:__main__:FuncIndex is 1193, start time is 1620722510.9770317
INFO:__main__:[exception] used memory: 3 M
INFO:__main__:[exception] FuncIndex is 1193, time overhead is 93.46319913864136
INFO:__main__:FuncIndex is 1194, start time is 1620722604.4448414
INFO:__main__:FuncIndex is 1194, end time is 1620722604.6523438
INFO:__main__:used memory: 0 M
INFO:__main__:FuncIndex is 1194, time overhead is 0.2075023651123047
INFO:__main__:FuncIndex is 1195, start time is 1620722604.653384
INFO:__main__:FuncIndex is 1195, end time is 1620722605.1813028
INFO:__main__:used memory: 0 M
INFO:__main__:FuncIndex is 1195, time overhead is 0.527918815612793
INFO:__main__:FuncIndex is 1196, start time is 1620722605.1820548
INFO:__main__:FuncIndex is 1196, end time is 1620722605.337522
INFO:__main__:used memory: 3 M
INFO:__main__:FuncIndex is 1196, time overhead is 0.15546727180480957
INFO:__main__:FuncIndex is 1197, start time is 1620722605.3407242
INFO:__main__:FuncIndex is 1197, end time is 1620722605.3762045
INFO:__main__:used memory: 1 M
INFO:__main__:FuncIndex is 1197, time overhead is 0.03548026084899902
INFO:__main__:FuncIndex is 1198, start time is 1620722605.3769307
INFO:__main__:FuncIndex is 1198, end time is 1620722606.258618
INFO:__main__:used memory: 3 M
INFO:__main__:FuncIndex is 1198, time overhead is 0.8816874027252197
INFO:__main__:FuncIndex is 1199, start time is 1620722606.2617807
INFO:__main__:FuncIndex is 1199, end time is 1620722606.391421
INFO:__main__:used memory: 1 M
INFO:__main__:FuncIndex is 1199, time overhead is 0.1296403408050537
INFO:__main__:FuncIndex is 1200, start time is 1620722606.3943787
INFO:__main__:FuncIndex is 1200, end time is 1620722606.4990003
INFO:__main__:used memory: 1 M
INFO:__main__:FuncIndex is 1200, time overhead is 0.10462164878845215
INFO:__main__:All time: 260.64724612236023
