INFO:__main__:FuncIndex is 401, start time is 1620702984.5216744
INFO:__main__:FuncIndex is 401, end time is 1620702984.8785598
INFO:__main__:used memory: 13 M
INFO:__main__:FuncIndex is 401, time overhead is 0.3568854331970215
INFO:__main__:FuncIndex is 402, start time is 1620702984.8836198
INFO:__main__:FuncIndex is 402, end time is 1620702985.1991572
INFO:__main__:used memory: 2 M
INFO:__main__:FuncIndex is 402, time overhead is 0.3155374526977539
INFO:__main__:FuncIndex is 403, start time is 1620702985.1998713
INFO:__main__:FuncIndex is 403, end time is 1620702985.2527468
INFO:__main__:used memory: 0 M
INFO:__main__:FuncIndex is 403, time overhead is 0.052875518798828125
INFO:__main__:FuncIndex is 404, start time is 1620702985.2550418
INFO:__main__:FuncIndex is 404, end time is 1620702985.2941768
INFO:__main__:used memory: 0 M
INFO:__main__:FuncIndex is 404, time overhead is 0.039134979248046875
INFO:__main__:FuncIndex is 405, start time is 1620702985.2948964
INFO:__main__:FuncIndex is 405, end time is 1620702989.2615752
INFO:__main__:used memory: 39 M
INFO:__main__:FuncIndex is 405, time overhead is 3.9666788578033447
INFO:__main__:FuncIndex is 406, start time is 1620702989.2640185
INFO:__main__:FuncIndex is 406, end time is 1620702989.400483
INFO:__main__:used memory: 1 M
INFO:__main__:FuncIndex is 406, time overhead is 0.13646435737609863
INFO:__main__:FuncIndex is 407, start time is 1620702989.4012988
INFO:__main__:FuncIndex is 407, end time is 1620702989.43263
INFO:__main__:used memory: 0 M
INFO:__main__:FuncIndex is 407, time overhead is 0.03133130073547363
INFO:__main__:FuncIndex is 408, start time is 1620702989.4336398
INFO:__main__:FuncIndex is 408, end time is 1620702993.3411846
INFO:__main__:used memory: 13 M
INFO:__main__:FuncIndex is 408, time overhead is 3.9075448513031006
INFO:__main__:FuncIndex is 409, start time is 1620702993.3437634
INFO:__main__:[exception] used memory: 0 M
INFO:__main__:[exception] FuncIndex is 409, time overhead is 0.0016219615936279297
INFO:__main__:FuncIndex is 410, start time is 1620702993.3458116
INFO:root:
INFO:root:
INFO:__main__:FuncIndex is 410, end time is 1620702999.9861634
INFO:__main__:used memory: 20 M
INFO:__main__:FuncIndex is 410, time overhead is 6.64035177230835
INFO:__main__:FuncIndex is 411, start time is 1620702999.9888084
INFO:__main__:FuncIndex is 411, end time is 1620703000.0232537
INFO:__main__:used memory: 2 M
INFO:__main__:FuncIndex is 411, time overhead is 0.03444528579711914
INFO:__main__:FuncIndex is 412, start time is 1620703000.0239239
INFO:__main__:FuncIndex is 412, end time is 1620703000.092803
INFO:__main__:used memory: -1 M
INFO:__main__:FuncIndex is 412, time overhead is 0.0688791275024414
INFO:__main__:FuncIndex is 413, start time is 1620703000.0933924
INFO:__main__:FuncIndex is 413, end time is 1620703000.11907
INFO:__main__:used memory: 1 M
INFO:__main__:FuncIndex is 413, time overhead is 0.02567768096923828
INFO:__main__:FuncIndex is 414, start time is 1620703000.1196942
INFO:__main__:FuncIndex is 414, end time is 1620703000.1503887
INFO:__main__:used memory: 0 M
INFO:__main__:FuncIndex is 414, time overhead is 0.03069448471069336
INFO:__main__:FuncIndex is 415, start time is 1620703000.1510756
INFO:__main__:FuncIndex is 415, end time is 1620703000.19635
INFO:__main__:used memory: 0 M
INFO:__main__:FuncIndex is 415, time overhead is 0.04527449607849121
INFO:__main__:FuncIndex is 416, start time is 1620703000.197072
INFO:root:unsupport call_indirect now
INFO:root:unsupport call_indirect now
INFO:root:unsupport call_indirect now
INFO:root:unsupport call_indirect now
INFO:__main__:FuncIndex is 416, end time is 1620703000.6045997
INFO:__main__:used memory: 5 M
INFO:__main__:FuncIndex is 416, time overhead is 0.4075276851654053
INFO:__main__:FuncIndex is 417, start time is 1620703000.605242
INFO:root:unsupport call_indirect now
INFO:root:unsupport call_indirect now
INFO:__main__:FuncIndex is 417, end time is 1620703000.8700216
INFO:__main__:used memory: 5 M
INFO:__main__:FuncIndex is 417, time overhead is 0.26477956771850586
INFO:__main__:FuncIndex is 418, start time is 1620703000.8729448
INFO:__main__:FuncIndex is 418, end time is 1620703002.083834
INFO:__main__:used memory: -43 M
INFO:__main__:FuncIndex is 418, time overhead is 1.2108891010284424
INFO:__main__:FuncIndex is 419, start time is 1620703002.0864356
INFO:__main__:FuncIndex is 419, end time is 1620703002.9806662
INFO:__main__:used memory: 5 M
INFO:__main__:FuncIndex is 419, time overhead is 0.8942306041717529
INFO:__main__:FuncIndex is 420, start time is 1620703002.9832044
INFO:__main__:FuncIndex is 420, end time is 1620703011.4104788
INFO:__main__:used memory: 55 M
INFO:__main__:FuncIndex is 420, time overhead is 8.427274465560913
INFO:__main__:FuncIndex is 421, start time is 1620703011.413066
INFO:__main__:FuncIndex is 421, end time is 1620703011.6299248
INFO:__main__:used memory: 1 M
INFO:__main__:FuncIndex is 421, time overhead is 0.2168588638305664
INFO:__main__:FuncIndex is 422, start time is 1620703011.6327198
INFO:__main__:FuncIndex is 422, end time is 1620703011.8422296
INFO:__main__:used memory: 3 M
INFO:__main__:FuncIndex is 422, time overhead is 0.20950984954833984
INFO:__main__:FuncIndex is 423, start time is 1620703011.8452084
INFO:__main__:FuncIndex is 423, end time is 1620703012.0423136
INFO:__main__:used memory: 4 M
INFO:__main__:FuncIndex is 423, time overhead is 0.19710516929626465
INFO:__main__:FuncIndex is 424, start time is 1620703012.0454245
INFO:__main__:FuncIndex is 424, end time is 1620703018.4491656
INFO:__main__:used memory: -51 M
INFO:__main__:FuncIndex is 424, time overhead is 6.403741121292114
INFO:__main__:FuncIndex is 425, start time is 1620703018.4518702
INFO:__main__:FuncIndex is 425, end time is 1620703027.8273044
INFO:__main__:used memory: -2 M
INFO:__main__:FuncIndex is 425, time overhead is 9.375434160232544
INFO:__main__:FuncIndex is 426, start time is 1620703027.8306556
INFO:__main__:FuncIndex is 426, end time is 1620703027.8755143
INFO:__main__:used memory: 1 M
INFO:__main__:FuncIndex is 426, time overhead is 0.044858694076538086
INFO:__main__:FuncIndex is 427, start time is 1620703027.8762696
INFO:__main__:FuncIndex is 427, end time is 1620703027.9093955
INFO:__main__:used memory: 0 M
INFO:__main__:FuncIndex is 427, time overhead is 0.033125877380371094
INFO:__main__:FuncIndex is 428, start time is 1620703027.9100935
INFO:__main__:[exception] used memory: -1 M
INFO:__main__:[exception] FuncIndex is 428, time overhead is 0.007586479187011719
INFO:__main__:FuncIndex is 429, start time is 1620703027.9181423
INFO:__main__:FuncIndex is 429, end time is 1620703027.9490626
INFO:__main__:used memory: 1 M
INFO:__main__:FuncIndex is 429, time overhead is 0.03092026710510254
INFO:__main__:FuncIndex is 430, start time is 1620703027.9498534
INFO:__main__:FuncIndex is 430, end time is 1620703028.0293016
INFO:__main__:used memory: -1 M
INFO:__main__:FuncIndex is 430, time overhead is 0.07944822311401367
INFO:__main__:FuncIndex is 431, start time is 1620703028.032193
INFO:root:unsupport call_indirect now
INFO:root:unsupport call_indirect now
INFO:__main__:FuncIndex is 431, end time is 1620703028.0898907
INFO:__main__:used memory: 1 M
INFO:__main__:FuncIndex is 431, time overhead is 0.05769777297973633
INFO:__main__:FuncIndex is 432, start time is 1620703028.0930955
INFO:__main__:[exception] used memory: 1 M
INFO:__main__:[exception] FuncIndex is 432, time overhead is 0.2761721611022949
INFO:__main__:FuncIndex is 433, start time is 1620703028.3723633
INFO:__main__:[exception] used memory: 0 M
INFO:__main__:[exception] FuncIndex is 433, time overhead is 0.017421483993530273
INFO:__main__:FuncIndex is 434, start time is 1620703028.3908503
INFO:__main__:FuncIndex is 434, end time is 1620703028.455296
INFO:__main__:used memory: 0 M
INFO:__main__:FuncIndex is 434, time overhead is 0.06444573402404785
INFO:__main__:FuncIndex is 435, start time is 1620703028.4580107
INFO:root:sort mismatch
INFO:__main__:FuncIndex is 435, end time is 1620703028.4900334
INFO:__main__:used memory: 0 M
INFO:__main__:FuncIndex is 435, time overhead is 0.032022714614868164
INFO:__main__:FuncIndex is 436, start time is 1620703028.4907417
INFO:__main__:FuncIndex is 436, end time is 1620703028.5299637
INFO:__main__:used memory: 0 M
INFO:__main__:FuncIndex is 436, time overhead is 0.039222002029418945
INFO:__main__:FuncIndex is 437, start time is 1620703028.5306025
INFO:__main__:FuncIndex is 437, end time is 1620703028.6557107
INFO:__main__:used memory: -1 M
INFO:__main__:FuncIndex is 437, time overhead is 0.1251082420349121
INFO:__main__:FuncIndex is 438, start time is 1620703028.6585388
INFO:root:sort mismatch
INFO:__main__:FuncIndex is 438, end time is 1620703028.7110374
INFO:__main__:used memory: 1 M
INFO:__main__:FuncIndex is 438, time overhead is 0.052498579025268555
INFO:__main__:FuncIndex is 439, start time is 1620703028.7116768
INFO:__main__:FuncIndex is 439, end time is 1620703028.7410517
INFO:__main__:used memory: 0 M
INFO:__main__:FuncIndex is 439, time overhead is 0.02937483787536621
INFO:__main__:FuncIndex is 440, start time is 1620703028.7416615
INFO:__main__:FuncIndex is 440, end time is 1620703028.7731583
INFO:__main__:used memory: -1 M
INFO:__main__:FuncIndex is 440, time overhead is 0.03149676322937012
INFO:__main__:FuncIndex is 441, start time is 1620703028.7738183
INFO:__main__:FuncIndex is 441, end time is 1620703028.8061922
INFO:__main__:used memory: 1 M
INFO:__main__:FuncIndex is 441, time overhead is 0.032373905181884766
INFO:__main__:FuncIndex is 442, start time is 1620703028.8069222
INFO:__main__:FuncIndex is 442, end time is 1620703028.8390586
INFO:__main__:used memory: -1 M
INFO:__main__:FuncIndex is 442, time overhead is 0.03213644027709961
INFO:__main__:FuncIndex is 443, start time is 1620703028.839779
INFO:__main__:FuncIndex is 443, end time is 1620703028.8730931
INFO:__main__:used memory: 0 M
INFO:__main__:FuncIndex is 443, time overhead is 0.03331422805786133
INFO:__main__:FuncIndex is 444, start time is 1620703028.873797
INFO:__main__:FuncIndex is 444, end time is 1620703028.9079394
INFO:__main__:used memory: 1 M
INFO:__main__:FuncIndex is 444, time overhead is 0.034142494201660156
INFO:__main__:FuncIndex is 445, start time is 1620703028.9086778
INFO:__main__:FuncIndex is 445, end time is 1620703028.9550605
INFO:__main__:used memory: -2 M
INFO:__main__:FuncIndex is 445, time overhead is 0.04638266563415527
INFO:__main__:FuncIndex is 446, start time is 1620703028.9557855
INFO:__main__:FuncIndex is 446, end time is 1620703028.9913135
INFO:__main__:used memory: 0 M
INFO:__main__:FuncIndex is 446, time overhead is 0.035527944564819336
INFO:__main__:FuncIndex is 447, start time is 1620703028.99218
INFO:root:fpMin() missing 1 required positional argument: 'b'
INFO:__main__:FuncIndex is 447, end time is 1620703029.1095304
INFO:__main__:used memory: 0 M
INFO:__main__:FuncIndex is 447, time overhead is 0.11735033988952637
INFO:__main__:FuncIndex is 448, start time is 1620703029.1131952
INFO:__main__:FuncIndex is 448, end time is 1620703029.157476
INFO:__main__:used memory: 0 M
INFO:__main__:FuncIndex is 448, time overhead is 0.0442807674407959
INFO:__main__:FuncIndex is 449, start time is 1620703029.160977
INFO:__main__:FuncIndex is 449, end time is 1620703029.2053719
INFO:__main__:used memory: 1 M
INFO:__main__:FuncIndex is 449, time overhead is 0.04439496994018555
INFO:__main__:FuncIndex is 450, start time is 1620703029.208985
INFO:__main__:FuncIndex is 450, end time is 1620703029.246206
INFO:__main__:used memory: 1 M
INFO:__main__:FuncIndex is 450, time overhead is 0.03722095489501953
INFO:__main__:FuncIndex is 451, start time is 1620703029.2493215
INFO:__main__:[exception] used memory: -1 M
INFO:__main__:[exception] FuncIndex is 451, time overhead is 4.193331003189087
INFO:__main__:FuncIndex is 452, start time is 1620703033.4446952
INFO:__main__:FuncIndex is 452, end time is 1620703033.6072133
INFO:__main__:used memory: -1 M
INFO:__main__:FuncIndex is 452, time overhead is 0.16251802444458008
INFO:__main__:FuncIndex is 453, start time is 1620703033.6082985
INFO:__main__:FuncIndex is 453, end time is 1620703033.645577
INFO:__main__:used memory: 2 M
INFO:__main__:FuncIndex is 453, time overhead is 0.03727841377258301
INFO:__main__:FuncIndex is 454, start time is 1620703033.646304
INFO:root:Timed out!
INFO:__main__:FuncIndex is 454, end time is 1620703046.2793422
INFO:__main__:used memory: -13 M
INFO:__main__:FuncIndex is 454, time overhead is 12.63303828239441
INFO:__main__:FuncIndex is 455, start time is 1620703046.2820206
INFO:__main__:FuncIndex is 455, end time is 1620703046.5661995
INFO:__main__:used memory: 2 M
INFO:__main__:FuncIndex is 455, time overhead is 0.2841789722442627
INFO:__main__:FuncIndex is 456, start time is 1620703046.567414
INFO:__main__:FuncIndex is 456, end time is 1620703046.6046057
INFO:__main__:used memory: 0 M
INFO:__main__:FuncIndex is 456, time overhead is 0.03719162940979004
INFO:__main__:FuncIndex is 457, start time is 1620703046.6052804
INFO:__main__:FuncIndex is 457, end time is 1620703046.6671202
INFO:__main__:used memory: 0 M
INFO:__main__:FuncIndex is 457, time overhead is 0.06183981895446777
INFO:__main__:FuncIndex is 458, start time is 1620703046.6703367
INFO:__main__:FuncIndex is 458, end time is 1620703046.7181942
INFO:__main__:used memory: 1 M
INFO:__main__:FuncIndex is 458, time overhead is 0.04785752296447754
INFO:__main__:FuncIndex is 459, start time is 1620703046.7218328
INFO:__main__:FuncIndex is 459, end time is 1620703046.8752832
INFO:__main__:used memory: 2 M
INFO:__main__:FuncIndex is 459, time overhead is 0.15345048904418945
INFO:__main__:FuncIndex is 460, start time is 1620703046.8760324
INFO:__main__:FuncIndex is 460, end time is 1620703046.9084964
INFO:__main__:used memory: 1 M
INFO:__main__:FuncIndex is 460, time overhead is 0.032464027404785156
INFO:__main__:FuncIndex is 461, start time is 1620703046.9091682
INFO:__main__:FuncIndex is 461, end time is 1620703046.9592035
INFO:__main__:used memory: 0 M
INFO:__main__:FuncIndex is 461, time overhead is 0.05003523826599121
INFO:__main__:FuncIndex is 462, start time is 1620703046.96236
INFO:__main__:FuncIndex is 462, end time is 1620703047.6578703
INFO:__main__:used memory: 3 M
INFO:__main__:FuncIndex is 462, time overhead is 0.6955103874206543
INFO:__main__:FuncIndex is 463, start time is 1620703047.6586843
INFO:__main__:FuncIndex is 463, end time is 1620703047.716649
INFO:__main__:used memory: 0 M
INFO:__main__:FuncIndex is 463, time overhead is 0.05796480178833008
INFO:__main__:FuncIndex is 464, start time is 1620703047.719545
INFO:__main__:FuncIndex is 464, end time is 1620703047.8153834
INFO:__main__:used memory: 1 M
INFO:__main__:FuncIndex is 464, time overhead is 0.09583854675292969
INFO:__main__:FuncIndex is 465, start time is 1620703047.818195
INFO:__main__:FuncIndex is 465, end time is 1620703047.8480265
INFO:__main__:used memory: 2 M
INFO:__main__:FuncIndex is 465, time overhead is 0.029831409454345703
INFO:__main__:FuncIndex is 466, start time is 1620703047.8486924
INFO:__main__:FuncIndex is 466, end time is 1620703047.9021738
INFO:__main__:used memory: -1 M
INFO:__main__:FuncIndex is 466, time overhead is 0.053481340408325195
INFO:__main__:FuncIndex is 467, start time is 1620703047.9028962
INFO:__main__:FuncIndex is 467, end time is 1620703048.4766455
INFO:__main__:used memory: 1 M
INFO:__main__:FuncIndex is 467, time overhead is 0.573749303817749
INFO:__main__:FuncIndex is 468, start time is 1620703048.477478
INFO:__main__:FuncIndex is 468, end time is 1620703048.569553
INFO:__main__:used memory: 1 M
INFO:__main__:FuncIndex is 468, time overhead is 0.09207487106323242
INFO:__main__:FuncIndex is 469, start time is 1620703048.5702775
INFO:__main__:FuncIndex is 469, end time is 1620703048.6140392
INFO:__main__:used memory: 0 M
INFO:__main__:FuncIndex is 469, time overhead is 0.0437617301940918
INFO:__main__:FuncIndex is 470, start time is 1620703048.6147933
INFO:__main__:FuncIndex is 470, end time is 1620703048.6989496
INFO:__main__:used memory: 0 M
INFO:__main__:FuncIndex is 470, time overhead is 0.08415627479553223
INFO:__main__:FuncIndex is 471, start time is 1620703048.7023275
INFO:root:unsupport call_indirect now
INFO:root:unsupport call_indirect now
INFO:__main__:FuncIndex is 471, end time is 1620703049.4793582
INFO:__main__:used memory: -8 M
INFO:__main__:FuncIndex is 471, time overhead is 0.7770307064056396
INFO:__main__:FuncIndex is 472, start time is 1620703049.4817672
INFO:__main__:FuncIndex is 472, end time is 1620703049.7166214
INFO:__main__:used memory: 1 M
INFO:__main__:FuncIndex is 472, time overhead is 0.23485422134399414
INFO:__main__:FuncIndex is 473, start time is 1620703049.717352
INFO:__main__:FuncIndex is 473, end time is 1620703049.7767987
INFO:__main__:used memory: -2 M
INFO:__main__:FuncIndex is 473, time overhead is 0.05944681167602539
INFO:__main__:FuncIndex is 474, start time is 1620703049.7794287
INFO:__main__:[exception] used memory: 0 M
INFO:__main__:[exception] FuncIndex is 474, time overhead is 10.000427961349487
INFO:__main__:FuncIndex is 475, start time is 1620703059.7824295
INFO:__main__:FuncIndex is 475, end time is 1620703059.8932817
INFO:__main__:used memory: 0 M
INFO:__main__:FuncIndex is 475, time overhead is 0.11085224151611328
INFO:__main__:FuncIndex is 476, start time is 1620703059.8961558
INFO:root:unsupport call_indirect now
INFO:root:unsupport call_indirect now
INFO:root:unsupport call_indirect now
INFO:root:unsupport call_indirect now
INFO:root:unsupport call_indirect now
INFO:__main__:FuncIndex is 476, end time is 1620703061.0874178
INFO:__main__:used memory: 0 M
INFO:__main__:FuncIndex is 476, time overhead is 1.1912620067596436
INFO:__main__:FuncIndex is 477, start time is 1620703061.0910022
INFO:root:
INFO:__main__:FuncIndex is 477, end time is 1620703061.1754181
INFO:__main__:used memory: 0 M
INFO:__main__:FuncIndex is 477, time overhead is 0.08441591262817383
INFO:__main__:FuncIndex is 478, start time is 1620703061.178494
INFO:root:unsupport call_indirect now
INFO:__main__:FuncIndex is 478, end time is 1620703061.2350004
INFO:__main__:used memory: 1 M
INFO:__main__:FuncIndex is 478, time overhead is 0.05650639533996582
INFO:__main__:FuncIndex is 479, start time is 1620703061.2378554
INFO:__main__:FuncIndex is 479, end time is 1620703062.6458719
INFO:__main__:used memory: -1 M
INFO:__main__:FuncIndex is 479, time overhead is 1.4080164432525635
INFO:__main__:FuncIndex is 480, start time is 1620703062.64896
INFO:__main__:FuncIndex is 480, end time is 1620703066.8466287
INFO:__main__:used memory: 0 M
INFO:__main__:FuncIndex is 480, time overhead is 4.197668552398682
INFO:__main__:FuncIndex is 481, start time is 1620703066.8494914
INFO:__main__:FuncIndex is 481, end time is 1620703069.0831156
INFO:__main__:used memory: 2 M
INFO:__main__:FuncIndex is 481, time overhead is 2.233624219894409
INFO:__main__:FuncIndex is 482, start time is 1620703069.0866442
INFO:__main__:FuncIndex is 482, end time is 1620703074.8516223
INFO:__main__:used memory: 27 M
INFO:__main__:FuncIndex is 482, time overhead is 5.7649781703948975
INFO:__main__:FuncIndex is 483, start time is 1620703074.8557613
INFO:__main__:FuncIndex is 483, end time is 1620703075.0173533
INFO:__main__:used memory: 0 M
INFO:__main__:FuncIndex is 483, time overhead is 0.1615920066833496
INFO:__main__:FuncIndex is 484, start time is 1620703075.0203524
INFO:__main__:FuncIndex is 484, end time is 1620703075.122561
INFO:__main__:used memory: 1 M
INFO:__main__:FuncIndex is 484, time overhead is 0.10220861434936523
INFO:__main__:FuncIndex is 485, start time is 1620703075.1259952
INFO:__main__:[exception] used memory: 0 M
INFO:__main__:[exception] FuncIndex is 485, time overhead is 0.14127039909362793
INFO:__main__:FuncIndex is 486, start time is 1620703075.2704382
INFO:__main__:FuncIndex is 486, end time is 1620703075.3988528
INFO:__main__:used memory: 3 M
INFO:__main__:FuncIndex is 486, time overhead is 0.12841463088989258
INFO:__main__:FuncIndex is 487, start time is 1620703075.4020452
INFO:__main__:FuncIndex is 487, end time is 1620703075.4561958
INFO:__main__:used memory: 1 M
INFO:__main__:FuncIndex is 487, time overhead is 0.05415058135986328
INFO:__main__:FuncIndex is 488, start time is 1620703075.457023
INFO:__main__:[exception] used memory: 1 M
INFO:__main__:[exception] FuncIndex is 488, time overhead is 0.5734868049621582
INFO:__main__:FuncIndex is 489, start time is 1620703076.0339684
INFO:__main__:FuncIndex is 489, end time is 1620703079.9412818
INFO:__main__:used memory: 1 M
INFO:__main__:FuncIndex is 489, time overhead is 3.907313346862793
INFO:__main__:FuncIndex is 490, start time is 1620703079.9442132
INFO:__main__:[exception] used memory: -15 M
INFO:__main__:[exception] FuncIndex is 490, time overhead is 10.015122175216675
INFO:__main__:FuncIndex is 491, start time is 1620703089.9637961
INFO:__main__:FuncIndex is 491, end time is 1620703090.1468134
INFO:__main__:used memory: -5 M
INFO:__main__:FuncIndex is 491, time overhead is 0.18301725387573242
INFO:__main__:FuncIndex is 492, start time is 1620703090.1474535
INFO:__main__:FuncIndex is 492, end time is 1620703090.2473059
INFO:__main__:used memory: 0 M
INFO:__main__:FuncIndex is 492, time overhead is 0.09985232353210449
INFO:__main__:FuncIndex is 493, start time is 1620703090.2504714
INFO:__main__:FuncIndex is 493, end time is 1620703090.6006901
INFO:__main__:used memory: 0 M
INFO:__main__:FuncIndex is 493, time overhead is 0.3502187728881836
INFO:__main__:FuncIndex is 494, start time is 1620703090.6015785
INFO:__main__:FuncIndex is 494, end time is 1620703090.6396177
INFO:__main__:used memory: 0 M
INFO:__main__:FuncIndex is 494, time overhead is 0.038039207458496094
INFO:__main__:FuncIndex is 495, start time is 1620703090.6402788
INFO:__main__:[exception] used memory: -6 M
INFO:__main__:[exception] FuncIndex is 495, time overhead is 10.000172853469849
INFO:__main__:FuncIndex is 496, start time is 1620703100.6411538
INFO:__main__:FuncIndex is 496, end time is 1620703100.6820755
INFO:__main__:used memory: 0 M
INFO:__main__:FuncIndex is 496, time overhead is 0.040921688079833984
INFO:__main__:FuncIndex is 497, start time is 1620703100.6846545
INFO:__main__:FuncIndex is 497, end time is 1620703101.1347375
INFO:__main__:used memory: -1 M
INFO:__main__:FuncIndex is 497, time overhead is 0.45008301734924316
INFO:__main__:FuncIndex is 498, start time is 1620703101.1374285
INFO:__main__:FuncIndex is 498, end time is 1620703101.23096
INFO:__main__:used memory: 0 M
INFO:__main__:FuncIndex is 498, time overhead is 0.09353137016296387
INFO:__main__:FuncIndex is 499, start time is 1620703101.2335703
INFO:__main__:FuncIndex is 499, end time is 1620703101.264417
INFO:__main__:used memory: 1 M
INFO:__main__:FuncIndex is 499, time overhead is 0.030846595764160156
INFO:__main__:FuncIndex is 500, start time is 1620703101.265068
INFO:__main__:FuncIndex is 500, end time is 1620703101.3824143
INFO:__main__:used memory: 0 M
INFO:__main__:FuncIndex is 500, time overhead is 0.11734628677368164
INFO:__main__:FuncIndex is 501, start time is 1620703101.3853767
INFO:__main__:FuncIndex is 501, end time is 1620703101.413409
INFO:__main__:used memory: 0 M
INFO:__main__:FuncIndex is 501, time overhead is 0.028032302856445312
INFO:__main__:FuncIndex is 502, start time is 1620703101.4140892
INFO:__main__:FuncIndex is 502, end time is 1620703101.472129
INFO:__main__:used memory: 0 M
INFO:__main__:FuncIndex is 502, time overhead is 0.05803990364074707
INFO:__main__:FuncIndex is 503, start time is 1620703101.4727995
INFO:__main__:FuncIndex is 503, end time is 1620703101.8469925
INFO:__main__:used memory: 0 M
INFO:__main__:FuncIndex is 503, time overhead is 0.3741929531097412
INFO:__main__:FuncIndex is 504, start time is 1620703101.84991
INFO:__main__:FuncIndex is 504, end time is 1620703101.9124134
INFO:__main__:used memory: 0 M
INFO:__main__:FuncIndex is 504, time overhead is 0.06250333786010742
INFO:__main__:FuncIndex is 505, start time is 1620703101.914892
INFO:__main__:FuncIndex is 505, end time is 1620703101.9720616
INFO:__main__:used memory: 0 M
INFO:__main__:FuncIndex is 505, time overhead is 0.05716967582702637
INFO:__main__:FuncIndex is 506, start time is 1620703101.9752002
INFO:__main__:FuncIndex is 506, end time is 1620703102.161257
INFO:__main__:used memory: -1 M
INFO:__main__:FuncIndex is 506, time overhead is 0.18605685234069824
INFO:__main__:FuncIndex is 507, start time is 1620703102.164517
INFO:__main__:FuncIndex is 507, end time is 1620703102.1995664
INFO:__main__:used memory: 0 M
INFO:__main__:FuncIndex is 507, time overhead is 0.0350494384765625
INFO:__main__:FuncIndex is 508, start time is 1620703102.2002363
INFO:__main__:FuncIndex is 508, end time is 1620703103.2190657
INFO:__main__:used memory: 0 M
INFO:__main__:FuncIndex is 508, time overhead is 1.018829345703125
INFO:__main__:FuncIndex is 509, start time is 1620703103.2217221
INFO:__main__:FuncIndex is 509, end time is 1620703107.4527967
INFO:__main__:used memory: -1 M
INFO:__main__:FuncIndex is 509, time overhead is 4.231074571609497
INFO:__main__:FuncIndex is 510, start time is 1620703107.4554465
INFO:__main__:FuncIndex is 510, end time is 1620703108.0684307
INFO:__main__:used memory: 0 M
INFO:__main__:FuncIndex is 510, time overhead is 0.6129841804504395
INFO:__main__:FuncIndex is 511, start time is 1620703108.0711668
INFO:__main__:FuncIndex is 511, end time is 1620703108.1459155
INFO:__main__:used memory: 0 M
INFO:__main__:FuncIndex is 511, time overhead is 0.07474875450134277
INFO:__main__:FuncIndex is 512, start time is 1620703108.1485581
INFO:__main__:FuncIndex is 512, end time is 1620703108.845829
INFO:__main__:used memory: 1 M
INFO:__main__:FuncIndex is 512, time overhead is 0.6972708702087402
INFO:__main__:FuncIndex is 513, start time is 1620703108.8484762
INFO:__main__:FuncIndex is 513, end time is 1620703108.8866174
INFO:__main__:used memory: 0 M
INFO:__main__:FuncIndex is 513, time overhead is 0.03814125061035156
INFO:__main__:FuncIndex is 514, start time is 1620703108.8893657
INFO:__main__:FuncIndex is 514, end time is 1620703108.9825
INFO:__main__:used memory: 0 M
INFO:__main__:FuncIndex is 514, time overhead is 0.09313440322875977
INFO:__main__:FuncIndex is 515, start time is 1620703108.986152
INFO:__main__:FuncIndex is 515, end time is 1620703109.0159807
INFO:__main__:used memory: 0 M
INFO:__main__:FuncIndex is 515, time overhead is 0.029828786849975586
INFO:__main__:FuncIndex is 516, start time is 1620703109.0167038
INFO:__main__:FuncIndex is 516, end time is 1620703109.6987581
INFO:__main__:used memory: -1 M
INFO:__main__:FuncIndex is 516, time overhead is 0.6820542812347412
INFO:__main__:FuncIndex is 517, start time is 1620703109.7023695
INFO:__main__:FuncIndex is 517, end time is 1620703109.729109
INFO:__main__:used memory: 1 M
INFO:__main__:FuncIndex is 517, time overhead is 0.02673959732055664
INFO:__main__:FuncIndex is 518, start time is 1620703109.7297392
INFO:__main__:FuncIndex is 518, end time is 1620703109.9867277
INFO:__main__:used memory: -2 M
INFO:__main__:FuncIndex is 518, time overhead is 0.256988525390625
INFO:__main__:FuncIndex is 519, start time is 1620703109.990164
INFO:__main__:FuncIndex is 519, end time is 1620703110.0288699
INFO:__main__:used memory: 1 M
INFO:__main__:FuncIndex is 519, time overhead is 0.03870582580566406
INFO:__main__:FuncIndex is 520, start time is 1620703110.0295248
INFO:__main__:FuncIndex is 520, end time is 1620703110.0697916
INFO:__main__:used memory: 1 M
INFO:__main__:FuncIndex is 520, time overhead is 0.04026675224304199
INFO:__main__:FuncIndex is 521, start time is 1620703110.072694
INFO:__main__:FuncIndex is 521, end time is 1620703110.1533206
INFO:__main__:used memory: -2 M
INFO:__main__:FuncIndex is 521, time overhead is 0.0806264877319336
INFO:__main__:FuncIndex is 522, start time is 1620703110.156438
INFO:__main__:FuncIndex is 522, end time is 1620703110.5208812
INFO:__main__:used memory: 1 M
INFO:__main__:FuncIndex is 522, time overhead is 0.3644430637359619
INFO:__main__:FuncIndex is 523, start time is 1620703110.5242364
INFO:__main__:FuncIndex is 523, end time is 1620703110.5509405
INFO:__main__:used memory: 0 M
INFO:__main__:FuncIndex is 523, time overhead is 0.026704072952270508
INFO:__main__:FuncIndex is 524, start time is 1620703110.5516768
INFO:__main__:FuncIndex is 524, end time is 1620703112.0033083
INFO:__main__:used memory: -1 M
INFO:__main__:FuncIndex is 524, time overhead is 1.4516315460205078
INFO:__main__:FuncIndex is 525, start time is 1620703112.006497
INFO:__main__:FuncIndex is 525, end time is 1620703112.096631
INFO:__main__:used memory: 1 M
INFO:__main__:FuncIndex is 525, time overhead is 0.0901341438293457
INFO:__main__:FuncIndex is 526, start time is 1620703112.0972803
INFO:__main__:FuncIndex is 526, end time is 1620703112.1343737
INFO:__main__:used memory: 0 M
INFO:__main__:FuncIndex is 526, time overhead is 0.037093400955200195
INFO:__main__:FuncIndex is 527, start time is 1620703112.1349826
INFO:__main__:FuncIndex is 527, end time is 1620703112.4443681
INFO:__main__:used memory: 0 M
INFO:__main__:FuncIndex is 527, time overhead is 0.3093855381011963
INFO:__main__:FuncIndex is 528, start time is 1620703112.4468355
INFO:__main__:FuncIndex is 528, end time is 1620703112.4714396
INFO:__main__:used memory: 1 M
INFO:__main__:FuncIndex is 528, time overhead is 0.024604082107543945
INFO:__main__:FuncIndex is 529, start time is 1620703112.4722428
INFO:__main__:FuncIndex is 529, end time is 1620703112.501799
INFO:__main__:used memory: 0 M
INFO:__main__:FuncIndex is 529, time overhead is 0.0295562744140625
INFO:__main__:FuncIndex is 530, start time is 1620703112.50252
INFO:__main__:FuncIndex is 530, end time is 1620703112.5532386
INFO:__main__:used memory: -2 M
INFO:__main__:FuncIndex is 530, time overhead is 0.05071854591369629
INFO:__main__:FuncIndex is 531, start time is 1620703112.5562372
INFO:__main__:FuncIndex is 531, end time is 1620703112.5931594
INFO:__main__:used memory: 2 M
INFO:__main__:FuncIndex is 531, time overhead is 0.03692221641540527
INFO:__main__:FuncIndex is 532, start time is 1620703112.5961518
INFO:__main__:FuncIndex is 532, end time is 1620703112.77009
INFO:__main__:used memory: -2 M
INFO:__main__:FuncIndex is 532, time overhead is 0.17393827438354492
INFO:__main__:FuncIndex is 533, start time is 1620703112.7726636
INFO:__main__:FuncIndex is 533, end time is 1620703112.8583205
INFO:__main__:used memory: 1 M
INFO:__main__:FuncIndex is 533, time overhead is 0.08565688133239746
INFO:__main__:FuncIndex is 534, start time is 1620703112.858967
INFO:__main__:FuncIndex is 534, end time is 1620703112.905408
INFO:__main__:used memory: 0 M
INFO:__main__:FuncIndex is 534, time overhead is 0.046440839767456055
INFO:__main__:FuncIndex is 535, start time is 1620703112.9059784
INFO:__main__:FuncIndex is 535, end time is 1620703113.833249
INFO:__main__:used memory: 0 M
INFO:__main__:FuncIndex is 535, time overhead is 0.9272706508636475
INFO:__main__:FuncIndex is 536, start time is 1620703113.8364866
INFO:__main__:FuncIndex is 536, end time is 1620703113.8753707
INFO:__main__:used memory: -1 M
INFO:__main__:FuncIndex is 536, time overhead is 0.03888416290283203
INFO:__main__:FuncIndex is 537, start time is 1620703113.8761392
INFO:__main__:FuncIndex is 537, end time is 1620703113.9130993
INFO:__main__:used memory: 1 M
INFO:__main__:FuncIndex is 537, time overhead is 0.03696012496948242
INFO:__main__:FuncIndex is 538, start time is 1620703113.9138732
INFO:__main__:FuncIndex is 538, end time is 1620703113.9449008
INFO:__main__:used memory: 0 M
INFO:__main__:FuncIndex is 538, time overhead is 0.031027555465698242
INFO:__main__:FuncIndex is 539, start time is 1620703113.9456117
INFO:__main__:FuncIndex is 539, end time is 1620703113.9892094
INFO:__main__:used memory: 1 M
INFO:__main__:FuncIndex is 539, time overhead is 0.04359769821166992
INFO:__main__:FuncIndex is 540, start time is 1620703113.9899952
INFO:__main__:FuncIndex is 540, end time is 1620703117.602898
INFO:__main__:used memory: -2 M
INFO:__main__:FuncIndex is 540, time overhead is 3.6129026412963867
INFO:__main__:FuncIndex is 541, start time is 1620703117.606246
INFO:__main__:FuncIndex is 541, end time is 1620703117.6661294
INFO:__main__:used memory: 1 M
INFO:__main__:FuncIndex is 541, time overhead is 0.05988335609436035
INFO:__main__:FuncIndex is 542, start time is 1620703117.6693296
INFO:__main__:FuncIndex is 542, end time is 1620703117.9626067
INFO:__main__:used memory: 0 M
INFO:__main__:FuncIndex is 542, time overhead is 0.2932770252227783
INFO:__main__:FuncIndex is 543, start time is 1620703117.9634345
INFO:__main__:[exception] used memory: 0 M
INFO:__main__:[exception] FuncIndex is 543, time overhead is 0.0011365413665771484
INFO:__main__:FuncIndex is 544, start time is 1620703117.964945
INFO:__main__:FuncIndex is 544, end time is 1620703118.0275595
INFO:__main__:used memory: 1 M
INFO:__main__:FuncIndex is 544, time overhead is 0.06261444091796875
INFO:__main__:FuncIndex is 545, start time is 1620703118.0302987
INFO:__main__:FuncIndex is 545, end time is 1620703118.075215
INFO:__main__:used memory: -1 M
INFO:__main__:FuncIndex is 545, time overhead is 0.044916391372680664
INFO:__main__:FuncIndex is 546, start time is 1620703118.0759206
INFO:__main__:FuncIndex is 546, end time is 1620703118.24988
INFO:__main__:used memory: 0 M
INFO:__main__:FuncIndex is 546, time overhead is 0.17395949363708496
INFO:__main__:FuncIndex is 547, start time is 1620703118.2533276
INFO:__main__:FuncIndex is 547, end time is 1620703118.2869925
INFO:__main__:used memory: 0 M
INFO:__main__:FuncIndex is 547, time overhead is 0.03366494178771973
INFO:__main__:FuncIndex is 548, start time is 1620703118.2878065
INFO:__main__:FuncIndex is 548, end time is 1620703118.3226833
INFO:__main__:used memory: 2 M
INFO:__main__:FuncIndex is 548, time overhead is 0.03487682342529297
INFO:__main__:FuncIndex is 549, start time is 1620703118.323453
INFO:__main__:FuncIndex is 549, end time is 1620703118.3559089
INFO:__main__:used memory: -1 M
INFO:__main__:FuncIndex is 549, time overhead is 0.0324559211730957
INFO:__main__:FuncIndex is 550, start time is 1620703118.3567321
INFO:__main__:FuncIndex is 550, end time is 1620703118.3889937
INFO:__main__:used memory: 1 M
INFO:__main__:FuncIndex is 550, time overhead is 0.03226161003112793
INFO:__main__:FuncIndex is 551, start time is 1620703118.3898478
INFO:__main__:FuncIndex is 551, end time is 1620703118.5821884
INFO:__main__:used memory: -1 M
INFO:__main__:FuncIndex is 551, time overhead is 0.19234061241149902
INFO:__main__:FuncIndex is 552, start time is 1620703118.5851161
INFO:__main__:FuncIndex is 552, end time is 1620703120.684953
INFO:__main__:used memory: 0 M
INFO:__main__:FuncIndex is 552, time overhead is 2.099836826324463
INFO:__main__:FuncIndex is 553, start time is 1620703120.6858435
INFO:__main__:FuncIndex is 553, end time is 1620703120.7175207
INFO:__main__:used memory: 1 M
INFO:__main__:FuncIndex is 553, time overhead is 0.03167724609375
INFO:__main__:FuncIndex is 554, start time is 1620703120.7181697
INFO:__main__:FuncIndex is 554, end time is 1620703120.960923
INFO:__main__:used memory: 7 M
INFO:__main__:FuncIndex is 554, time overhead is 0.242753267288208
INFO:__main__:FuncIndex is 555, start time is 1620703120.9636621
INFO:root:b'Argument (bvand #x0000000000000000 #x00000000ffffffff) at position 1 does not match declaration (declare-fun bvslt ((_ BitVec 32) (_ BitVec 32)) Bool)'
INFO:__main__:FuncIndex is 555, end time is 1620703121.017352
INFO:__main__:used memory: 0 M
INFO:__main__:FuncIndex is 555, time overhead is 0.05368995666503906
INFO:__main__:FuncIndex is 556, start time is 1620703121.0180376
INFO:__main__:FuncIndex is 556, end time is 1620703121.0465248
INFO:__main__:used memory: 2 M
INFO:__main__:FuncIndex is 556, time overhead is 0.028487205505371094
INFO:__main__:FuncIndex is 557, start time is 1620703121.0471234
INFO:__main__:FuncIndex is 557, end time is 1620703121.1334229
INFO:__main__:used memory: 2 M
INFO:__main__:FuncIndex is 557, time overhead is 0.08629941940307617
INFO:__main__:FuncIndex is 558, start time is 1620703121.1339967
INFO:__main__:FuncIndex is 558, end time is 1620703121.223899
INFO:__main__:used memory: 1 M
INFO:__main__:FuncIndex is 558, time overhead is 0.08990216255187988
INFO:__main__:FuncIndex is 559, start time is 1620703121.2246416
INFO:__main__:[exception] used memory: 0 M
INFO:__main__:[exception] FuncIndex is 559, time overhead is 0.0009407997131347656
INFO:__main__:FuncIndex is 560, start time is 1620703121.225881
INFO:__main__:FuncIndex is 560, end time is 1620703121.2582304
INFO:__main__:used memory: 0 M
INFO:__main__:FuncIndex is 560, time overhead is 0.032349348068237305
INFO:__main__:FuncIndex is 561, start time is 1620703121.2588656
INFO:__main__:FuncIndex is 561, end time is 1620703121.786067
INFO:__main__:used memory: -5 M
INFO:__main__:FuncIndex is 561, time overhead is 0.5272014141082764
INFO:__main__:FuncIndex is 562, start time is 1620703121.7887998
INFO:__main__:FuncIndex is 562, end time is 1620703121.8151991
INFO:__main__:used memory: 2 M
INFO:__main__:FuncIndex is 562, time overhead is 0.02639937400817871
INFO:__main__:FuncIndex is 563, start time is 1620703121.8160222
INFO:__main__:FuncIndex is 563, end time is 1620703121.8883395
INFO:__main__:used memory: 0 M
INFO:__main__:FuncIndex is 563, time overhead is 0.07231736183166504
INFO:__main__:FuncIndex is 564, start time is 1620703121.8889813
INFO:__main__:FuncIndex is 564, end time is 1620703121.9202342
INFO:__main__:used memory: 0 M
INFO:__main__:FuncIndex is 564, time overhead is 0.03125286102294922
INFO:__main__:FuncIndex is 565, start time is 1620703121.9208171
INFO:__main__:FuncIndex is 565, end time is 1620703121.9491253
INFO:__main__:used memory: -1 M
INFO:__main__:FuncIndex is 565, time overhead is 0.02830815315246582
INFO:__main__:FuncIndex is 566, start time is 1620703121.9497545
INFO:root:Timed out!
INFO:__main__:FuncIndex is 566, end time is 1620703149.103836
INFO:__main__:used memory: 118 M
INFO:__main__:FuncIndex is 566, time overhead is 27.15408158302307
INFO:__main__:FuncIndex is 567, start time is 1620703149.1075366
INFO:__main__:FuncIndex is 567, end time is 1620703149.1715372
INFO:__main__:used memory: 1 M
INFO:__main__:FuncIndex is 567, time overhead is 0.06400060653686523
INFO:__main__:FuncIndex is 568, start time is 1620703149.172255
INFO:__main__:FuncIndex is 568, end time is 1620703149.2298844
INFO:__main__:used memory: 0 M
INFO:__main__:FuncIndex is 568, time overhead is 0.05762934684753418
INFO:__main__:FuncIndex is 569, start time is 1620703149.2306018
INFO:__main__:[exception] used memory: -1 M
INFO:__main__:[exception] FuncIndex is 569, time overhead is 0.6592891216278076
INFO:__main__:FuncIndex is 570, start time is 1620703149.8941545
INFO:__main__:FuncIndex is 570, end time is 1620703149.9607494
INFO:__main__:used memory: 0 M
INFO:__main__:FuncIndex is 570, time overhead is 0.06659483909606934
INFO:__main__:FuncIndex is 571, start time is 1620703149.9644516
INFO:__main__:FuncIndex is 571, end time is 1620703150.026092
INFO:__main__:used memory: 0 M
INFO:__main__:FuncIndex is 571, time overhead is 0.06164050102233887
INFO:__main__:FuncIndex is 572, start time is 1620703150.027016
INFO:__main__:FuncIndex is 572, end time is 1620703150.073713
INFO:__main__:used memory: -1 M
INFO:__main__:FuncIndex is 572, time overhead is 0.046697139739990234
INFO:__main__:FuncIndex is 573, start time is 1620703150.0744193
INFO:__main__:FuncIndex is 573, end time is 1620703150.6655374
INFO:__main__:used memory: -110 M
INFO:__main__:FuncIndex is 573, time overhead is 0.5911180973052979
INFO:__main__:FuncIndex is 574, start time is 1620703150.668135
INFO:__main__:FuncIndex is 574, end time is 1620703150.709597
INFO:__main__:used memory: 0 M
INFO:__main__:FuncIndex is 574, time overhead is 0.04146218299865723
INFO:__main__:FuncIndex is 575, start time is 1620703150.7126768
INFO:__main__:FuncIndex is 575, end time is 1620703150.792564
INFO:__main__:used memory: 0 M
INFO:__main__:FuncIndex is 575, time overhead is 0.07988715171813965
INFO:__main__:FuncIndex is 576, start time is 1620703150.79335
INFO:__main__:FuncIndex is 576, end time is 1620703176.3247972
INFO:__main__:used memory: -1 M
INFO:__main__:FuncIndex is 576, time overhead is 25.531447172164917
INFO:__main__:FuncIndex is 577, start time is 1620703176.3255317
INFO:__main__:FuncIndex is 577, end time is 1620703176.3524384
INFO:__main__:used memory: 2 M
INFO:__main__:FuncIndex is 577, time overhead is 0.026906728744506836
INFO:__main__:FuncIndex is 578, start time is 1620703176.35313
INFO:__main__:FuncIndex is 578, end time is 1620703176.5677223
INFO:__main__:used memory: -2 M
INFO:__main__:FuncIndex is 578, time overhead is 0.21459221839904785
INFO:__main__:FuncIndex is 579, start time is 1620703176.5684948
INFO:__main__:FuncIndex is 579, end time is 1620703176.6634195
INFO:__main__:used memory: 1 M
INFO:__main__:FuncIndex is 579, time overhead is 0.0949246883392334
INFO:__main__:FuncIndex is 580, start time is 1620703176.6663399
INFO:__main__:FuncIndex is 580, end time is 1620703176.727943
INFO:__main__:used memory: 0 M
INFO:__main__:FuncIndex is 580, time overhead is 0.06160306930541992
INFO:__main__:FuncIndex is 581, start time is 1620703176.7286484
INFO:__main__:FuncIndex is 581, end time is 1620703176.7774282
INFO:__main__:used memory: -1 M
INFO:__main__:FuncIndex is 581, time overhead is 0.04877972602844238
INFO:__main__:FuncIndex is 582, start time is 1620703176.7804027
INFO:__main__:FuncIndex is 582, end time is 1620703176.9375663
INFO:__main__:used memory: 0 M
INFO:__main__:FuncIndex is 582, time overhead is 0.1571636199951172
INFO:__main__:FuncIndex is 583, start time is 1620703176.940615
INFO:__main__:FuncIndex is 583, end time is 1620703177.150893
INFO:__main__:used memory: -1 M
INFO:__main__:FuncIndex is 583, time overhead is 0.21027803421020508
INFO:__main__:FuncIndex is 584, start time is 1620703177.1542244
INFO:__main__:FuncIndex is 584, end time is 1620703177.195894
INFO:__main__:used memory: 1 M
INFO:__main__:FuncIndex is 584, time overhead is 0.041669607162475586
INFO:__main__:FuncIndex is 585, start time is 1620703177.1985416
INFO:__main__:FuncIndex is 585, end time is 1620703177.2290847
INFO:__main__:used memory: 1 M
INFO:__main__:FuncIndex is 585, time overhead is 0.030543088912963867
INFO:__main__:FuncIndex is 586, start time is 1620703177.22978
INFO:__main__:FuncIndex is 586, end time is 1620703177.7687747
INFO:__main__:used memory: -4 M
INFO:__main__:FuncIndex is 586, time overhead is 0.5389947891235352
INFO:__main__:FuncIndex is 587, start time is 1620703177.7710912
INFO:root:
INFO:root:
INFO:__main__:FuncIndex is 587, end time is 1620703177.9150066
INFO:__main__:used memory: -1 M
INFO:__main__:FuncIndex is 587, time overhead is 0.14391541481018066
INFO:__main__:FuncIndex is 588, start time is 1620703177.9185195
INFO:__main__:FuncIndex is 588, end time is 1620703177.9607236
INFO:__main__:used memory: 2 M
INFO:__main__:FuncIndex is 588, time overhead is 0.04220414161682129
INFO:__main__:FuncIndex is 589, start time is 1620703177.963328
INFO:__main__:FuncIndex is 589, end time is 1620703183.9861083
INFO:__main__:used memory: -2 M
INFO:__main__:FuncIndex is 589, time overhead is 6.022780418395996
INFO:__main__:FuncIndex is 590, start time is 1620703183.9893034
INFO:__main__:FuncIndex is 590, end time is 1620703184.7566905
INFO:__main__:used memory: 0 M
INFO:__main__:FuncIndex is 590, time overhead is 0.7673871517181396
INFO:__main__:FuncIndex is 591, start time is 1620703184.759304
INFO:__main__:FuncIndex is 591, end time is 1620703184.8598661
INFO:__main__:used memory: 0 M
INFO:__main__:FuncIndex is 591, time overhead is 0.10056209564208984
INFO:__main__:FuncIndex is 592, start time is 1620703184.8628721
INFO:__main__:[exception] used memory: 0 M
INFO:__main__:[exception] FuncIndex is 592, time overhead is 0.027958154678344727
INFO:__main__:FuncIndex is 593, start time is 1620703184.8912597
INFO:__main__:FuncIndex is 593, end time is 1620703184.949182
INFO:__main__:used memory: 0 M
INFO:__main__:FuncIndex is 593, time overhead is 0.05792236328125
INFO:__main__:FuncIndex is 594, start time is 1620703184.9497871
INFO:__main__:FuncIndex is 594, end time is 1620703185.005177
INFO:__main__:used memory: 2 M
INFO:__main__:FuncIndex is 594, time overhead is 0.0553898811340332
INFO:__main__:FuncIndex is 595, start time is 1620703185.0058122
INFO:__main__:FuncIndex is 595, end time is 1620703185.0405376
INFO:__main__:used memory: 0 M
INFO:__main__:FuncIndex is 595, time overhead is 0.03472542762756348
INFO:__main__:FuncIndex is 596, start time is 1620703185.0412598
INFO:__main__:FuncIndex is 596, end time is 1620703185.081052
INFO:__main__:used memory: 0 M
INFO:__main__:FuncIndex is 596, time overhead is 0.03979229927062988
INFO:__main__:FuncIndex is 597, start time is 1620703185.083914
INFO:__main__:FuncIndex is 597, end time is 1620703185.1217594
INFO:__main__:used memory: -1 M
INFO:__main__:FuncIndex is 597, time overhead is 0.03784537315368652
INFO:__main__:FuncIndex is 598, start time is 1620703185.1250114
INFO:__main__:[exception] used memory: 0 M
INFO:__main__:[exception] FuncIndex is 598, time overhead is 0.0016164779663085938
INFO:__main__:FuncIndex is 599, start time is 1620703185.1269703
INFO:root:b'Sorts (_ BitVec 256) and (_ BitVec 32) are incompatible'
INFO:__main__:FuncIndex is 599, end time is 1620703185.1572874
INFO:__main__:used memory: 0 M
INFO:__main__:FuncIndex is 599, time overhead is 0.030317068099975586
INFO:__main__:FuncIndex is 600, start time is 1620703185.1579661
INFO:__main__:FuncIndex is 600, end time is 1620703187.3100913
INFO:__main__:used memory: 8 M
INFO:__main__:FuncIndex is 600, time overhead is 2.152125120162964
INFO:__main__:FuncIndex is 601, start time is 1620703187.3126898
INFO:__main__:FuncIndex is 601, end time is 1620703187.3718011
INFO:__main__:used memory: -1 M
INFO:__main__:FuncIndex is 601, time overhead is 0.05911135673522949
INFO:__main__:FuncIndex is 602, start time is 1620703187.3725612
INFO:__main__:FuncIndex is 602, end time is 1620703187.467662
INFO:__main__:used memory: 1 M
INFO:__main__:FuncIndex is 602, time overhead is 0.09510087966918945
INFO:__main__:FuncIndex is 603, start time is 1620703187.468398
INFO:__main__:FuncIndex is 603, end time is 1620703187.5270226
INFO:__main__:used memory: -1 M
INFO:__main__:FuncIndex is 603, time overhead is 0.0586245059967041
INFO:__main__:FuncIndex is 604, start time is 1620703187.527593
INFO:__main__:FuncIndex is 604, end time is 1620703189.0405545
INFO:__main__:used memory: 1 M
INFO:__main__:FuncIndex is 604, time overhead is 1.5129616260528564
INFO:__main__:FuncIndex is 605, start time is 1620703189.0438626
INFO:__main__:[exception] used memory: 0 M
INFO:__main__:[exception] FuncIndex is 605, time overhead is 0.0014791488647460938
INFO:__main__:FuncIndex is 606, start time is 1620703189.0457103
INFO:__main__:FuncIndex is 606, end time is 1620703189.1218197
INFO:__main__:used memory: 1 M
INFO:__main__:FuncIndex is 606, time overhead is 0.07610940933227539
INFO:__main__:FuncIndex is 607, start time is 1620703189.1224842
INFO:__main__:FuncIndex is 607, end time is 1620703189.1989758
INFO:__main__:used memory: -1 M
INFO:__main__:FuncIndex is 607, time overhead is 0.0764915943145752
INFO:__main__:FuncIndex is 608, start time is 1620703189.19965
INFO:__main__:FuncIndex is 608, end time is 1620703189.4616456
INFO:__main__:used memory: -7 M
INFO:__main__:FuncIndex is 608, time overhead is 0.2619955539703369
INFO:__main__:FuncIndex is 609, start time is 1620703189.4624202
INFO:__main__:FuncIndex is 609, end time is 1620703189.50263
INFO:__main__:used memory: 0 M
INFO:__main__:FuncIndex is 609, time overhead is 0.04020977020263672
INFO:__main__:FuncIndex is 610, start time is 1620703189.5055122
INFO:__main__:[exception] used memory: 0 M
INFO:__main__:[exception] FuncIndex is 610, time overhead is 0.1252133846282959
INFO:__main__:FuncIndex is 611, start time is 1620703189.6336877
INFO:__main__:FuncIndex is 611, end time is 1620703189.7266858
INFO:__main__:used memory: -1 M
INFO:__main__:FuncIndex is 611, time overhead is 0.09299802780151367
INFO:__main__:FuncIndex is 612, start time is 1620703189.7295847
INFO:__main__:FuncIndex is 612, end time is 1620703190.518409
INFO:__main__:used memory: 0 M
INFO:__main__:FuncIndex is 612, time overhead is 0.7888243198394775
INFO:__main__:FuncIndex is 613, start time is 1620703190.5213444
INFO:__main__:FuncIndex is 613, end time is 1620703191.0686195
INFO:__main__:used memory: -1 M
INFO:__main__:FuncIndex is 613, time overhead is 0.5472750663757324
INFO:__main__:FuncIndex is 614, start time is 1620703191.071432
INFO:__main__:FuncIndex is 614, end time is 1620703191.9365885
INFO:__main__:used memory: 1 M
INFO:__main__:FuncIndex is 614, time overhead is 0.8651564121246338
INFO:__main__:FuncIndex is 615, start time is 1620703191.939292
INFO:__main__:FuncIndex is 615, end time is 1620703192.4308345
INFO:__main__:used memory: 0 M
INFO:__main__:FuncIndex is 615, time overhead is 0.4915425777435303
INFO:__main__:FuncIndex is 616, start time is 1620703192.4336166
INFO:__main__:FuncIndex is 616, end time is 1620703192.5090573
INFO:__main__:used memory: 0 M
INFO:__main__:FuncIndex is 616, time overhead is 0.07544064521789551
INFO:__main__:FuncIndex is 617, start time is 1620703192.5117438
INFO:__main__:FuncIndex is 617, end time is 1620703268.4100487
INFO:__main__:used memory: 7 M
INFO:__main__:FuncIndex is 617, time overhead is 75.89830493927002
INFO:__main__:FuncIndex is 618, start time is 1620703268.4128413
INFO:__main__:FuncIndex is 618, end time is 1620703292.7861152
INFO:__main__:used memory: 10 M
INFO:__main__:FuncIndex is 618, time overhead is 24.373273849487305
INFO:__main__:FuncIndex is 619, start time is 1620703292.7892523
INFO:__main__:FuncIndex is 619, end time is 1620703393.1011784
INFO:__main__:used memory: 14 M
INFO:__main__:FuncIndex is 619, time overhead is 100.3119261264801
INFO:__main__:FuncIndex is 620, start time is 1620703393.1019769
INFO:__main__:FuncIndex is 620, end time is 1620703393.2259862
INFO:__main__:used memory: 0 M
INFO:__main__:FuncIndex is 620, time overhead is 0.12400937080383301
INFO:__main__:FuncIndex is 621, start time is 1620703393.2288125
INFO:root:unsupport call_indirect now
INFO:root:unsupport call_indirect now
INFO:__main__:FuncIndex is 621, end time is 1620703393.402021
INFO:__main__:used memory: 0 M
INFO:__main__:FuncIndex is 621, time overhead is 0.17320847511291504
INFO:__main__:FuncIndex is 622, start time is 1620703393.4054174
INFO:__main__:FuncIndex is 622, end time is 1620703393.4515686
INFO:__main__:used memory: 0 M
INFO:__main__:FuncIndex is 622, time overhead is 0.046151161193847656
INFO:__main__:FuncIndex is 623, start time is 1620703393.452301
INFO:root:unsupport call_indirect now
INFO:root:unsupport call_indirect now
INFO:__main__:FuncIndex is 623, end time is 1620703393.6272268
INFO:__main__:used memory: -1 M
INFO:__main__:FuncIndex is 623, time overhead is 0.1749258041381836
INFO:__main__:FuncIndex is 624, start time is 1620703393.630359
INFO:__main__:FuncIndex is 624, end time is 1620703393.6744654
INFO:__main__:used memory: 1 M
INFO:__main__:FuncIndex is 624, time overhead is 0.044106483459472656
INFO:__main__:FuncIndex is 625, start time is 1620703393.675143
INFO:__main__:FuncIndex is 625, end time is 1620703394.4030147
INFO:__main__:used memory: -1 M
INFO:__main__:FuncIndex is 625, time overhead is 0.7278716564178467
INFO:__main__:FuncIndex is 626, start time is 1620703394.4061742
INFO:__main__:FuncIndex is 626, end time is 1620703394.4480054
INFO:__main__:used memory: 0 M
INFO:__main__:FuncIndex is 626, time overhead is 0.041831254959106445
INFO:__main__:FuncIndex is 627, start time is 1620703394.4487388
INFO:__main__:FuncIndex is 627, end time is 1620703394.4902418
INFO:__main__:used memory: 1 M
INFO:__main__:FuncIndex is 627, time overhead is 0.041502952575683594
INFO:__main__:FuncIndex is 628, start time is 1620703394.4909759
INFO:root:unsupport call_indirect now
INFO:root:unsupport call_indirect now
INFO:root:unsupport call_indirect now
INFO:root:unsupport call_indirect now
INFO:root:unsupport call_indirect now
INFO:root:unsupport call_indirect now
INFO:root:unsupport call_indirect now
INFO:root:unsupport call_indirect now
INFO:root:unsupport call_indirect now
INFO:root:unsupport call_indirect now
INFO:root:unsupport call_indirect now
INFO:root:unsupport call_indirect now
INFO:root:unsupport call_indirect now
INFO:root:unsupport call_indirect now
INFO:root:unsupport call_indirect now
INFO:root:unsupport call_indirect now
INFO:root:unsupport call_indirect now
INFO:root:unsupport call_indirect now
INFO:root:unsupport call_indirect now
INFO:root:unsupport call_indirect now
INFO:root:unsupport call_indirect now
INFO:root:argument 1: <class 'Exception'>: Timed out!
INFO:root:unsupport call_indirect now
INFO:root:unsupport call_indirect now
INFO:root:unsupport call_indirect now
INFO:root:unsupport call_indirect now
INFO:root:unsupport call_indirect now
INFO:root:unsupport call_indirect now
INFO:root:unsupport call_indirect now
INFO:root:unsupport call_indirect now
INFO:root:unsupport call_indirect now
INFO:root:unsupport call_indirect now
INFO:__main__:FuncIndex is 628, end time is 1620703504.6492121
INFO:__main__:used memory: 374 M
INFO:__main__:FuncIndex is 628, time overhead is 110.1582362651825
INFO:__main__:FuncIndex is 629, start time is 1620703504.6537442
INFO:root:unsupport call_indirect now
INFO:root:unsupport call_indirect now
INFO:root:unsupport call_indirect now
INFO:root:unsupport call_indirect now
INFO:root:unsupport call_indirect now
INFO:root:unsupport call_indirect now
INFO:root:unsupport call_indirect now
INFO:root:unsupport call_indirect now
INFO:root:unsupport call_indirect now
INFO:root:unsupport call_indirect now
INFO:root:unsupport call_indirect now
INFO:root:unsupport call_indirect now
INFO:root:unsupport call_indirect now
INFO:root:unsupport call_indirect now
INFO:root:Timed out!
INFO:root:unsupport call_indirect now
INFO:root:unsupport call_indirect now
INFO:root:unsupport call_indirect now
INFO:root:unsupport call_indirect now
INFO:root:unsupport call_indirect now
INFO:root:unsupport call_indirect now
INFO:root:unsupport call_indirect now
INFO:root:unsupport call_indirect now
INFO:root:unsupport call_indirect now
INFO:root:unsupport call_indirect now
INFO:root:unsupport call_indirect now
INFO:root:unsupport call_indirect now
INFO:root:unsupport call_indirect now
INFO:root:unsupport call_indirect now
INFO:root:unsupport call_indirect now
INFO:root:unsupport call_indirect now
INFO:root:unsupport call_indirect now
INFO:root:unsupport call_indirect now
INFO:__main__:FuncIndex is 629, end time is 1620703650.3939624
INFO:__main__:used memory: 22 M
INFO:__main__:FuncIndex is 629, time overhead is 145.74021816253662
INFO:__main__:FuncIndex is 630, start time is 1620703650.3966098
INFO:__main__:FuncIndex is 630, end time is 1620703651.5967999
INFO:__main__:used memory: 10 M
INFO:__main__:FuncIndex is 630, time overhead is 1.2001900672912598
INFO:__main__:FuncIndex is 631, start time is 1620703651.6009016
INFO:__main__:FuncIndex is 631, end time is 1620703652.2339535
INFO:__main__:used memory: 0 M
INFO:__main__:FuncIndex is 631, time overhead is 0.633051872253418
INFO:__main__:FuncIndex is 632, start time is 1620703652.2385795
INFO:__main__:[exception] used memory: 0 M
INFO:__main__:[exception] FuncIndex is 632, time overhead is 0.0007436275482177734
INFO:__main__:FuncIndex is 633, start time is 1620703652.2396028
INFO:__main__:FuncIndex is 633, end time is 1620703653.0668852
INFO:__main__:used memory: 12 M
INFO:__main__:FuncIndex is 633, time overhead is 0.8272824287414551
INFO:__main__:FuncIndex is 634, start time is 1620703653.0703642
INFO:__main__:FuncIndex is 634, end time is 1620703656.7501254
INFO:__main__:used memory: -363 M
INFO:__main__:FuncIndex is 634, time overhead is 3.6797611713409424
INFO:__main__:FuncIndex is 635, start time is 1620703656.753083
INFO:__main__:FuncIndex is 635, end time is 1620703678.576314
INFO:__main__:used memory: -7 M
INFO:__main__:FuncIndex is 635, time overhead is 21.823230981826782
INFO:__main__:FuncIndex is 636, start time is 1620703678.5794737
INFO:__main__:FuncIndex is 636, end time is 1620703685.954208
INFO:__main__:used memory: -3 M
INFO:__main__:FuncIndex is 636, time overhead is 7.374734163284302
INFO:__main__:FuncIndex is 637, start time is 1620703685.957245
INFO:__main__:FuncIndex is 637, end time is 1620703688.3529117
INFO:__main__:used memory: -8 M
INFO:__main__:FuncIndex is 637, time overhead is 2.3956665992736816
INFO:__main__:FuncIndex is 638, start time is 1620703688.3553421
INFO:root:Timed out!
INFO:__main__:FuncIndex is 638, end time is 1620703705.1770425
INFO:__main__:used memory: -1 M
INFO:__main__:FuncIndex is 638, time overhead is 16.82170033454895
INFO:__main__:FuncIndex is 639, start time is 1620703705.17969
INFO:__main__:FuncIndex is 639, end time is 1620703708.802002
INFO:__main__:used memory: -1 M
INFO:__main__:FuncIndex is 639, time overhead is 3.622312068939209
INFO:__main__:FuncIndex is 640, start time is 1620703708.8049474
INFO:__main__:FuncIndex is 640, end time is 1620703708.8407397
INFO:__main__:used memory: 0 M
INFO:__main__:FuncIndex is 640, time overhead is 0.03579235076904297
INFO:__main__:FuncIndex is 641, start time is 1620703708.8414977
INFO:__main__:FuncIndex is 641, end time is 1620703708.8742332
INFO:__main__:used memory: 0 M
INFO:__main__:FuncIndex is 641, time overhead is 0.032735586166381836
INFO:__main__:FuncIndex is 642, start time is 1620703708.8748925
INFO:__main__:FuncIndex is 642, end time is 1620703708.9079092
INFO:__main__:used memory: 0 M
INFO:__main__:FuncIndex is 642, time overhead is 0.03301668167114258
INFO:__main__:FuncIndex is 643, start time is 1620703708.908664
INFO:__main__:FuncIndex is 643, end time is 1620703708.9415264
INFO:__main__:used memory: 1 M
INFO:__main__:FuncIndex is 643, time overhead is 0.03286242485046387
INFO:__main__:FuncIndex is 644, start time is 1620703708.9422317
INFO:__main__:FuncIndex is 644, end time is 1620703708.9748917
INFO:__main__:used memory: -1 M
INFO:__main__:FuncIndex is 644, time overhead is 0.03266000747680664
INFO:__main__:FuncIndex is 645, start time is 1620703708.9755628
INFO:__main__:FuncIndex is 645, end time is 1620703709.0071855
INFO:__main__:used memory: 1 M
INFO:__main__:FuncIndex is 645, time overhead is 0.03162264823913574
INFO:__main__:FuncIndex is 646, start time is 1620703709.0078943
INFO:__main__:FuncIndex is 646, end time is 1620703709.0399206
INFO:__main__:used memory: -1 M
INFO:__main__:FuncIndex is 646, time overhead is 0.03202629089355469
INFO:__main__:FuncIndex is 647, start time is 1620703709.0406444
INFO:__main__:FuncIndex is 647, end time is 1620703709.0734265
INFO:__main__:used memory: 1 M
INFO:__main__:FuncIndex is 647, time overhead is 0.03278207778930664
INFO:__main__:FuncIndex is 648, start time is 1620703709.0741124
INFO:__main__:FuncIndex is 648, end time is 1620703709.1077623
INFO:__main__:used memory: -1 M
INFO:__main__:FuncIndex is 648, time overhead is 0.03364992141723633
INFO:__main__:FuncIndex is 649, start time is 1620703709.1085293
INFO:__main__:FuncIndex is 649, end time is 1620703709.1412308
INFO:__main__:used memory: 1 M
INFO:__main__:FuncIndex is 649, time overhead is 0.03270149230957031
INFO:__main__:FuncIndex is 650, start time is 1620703709.141942
INFO:__main__:FuncIndex is 650, end time is 1620703709.1741054
INFO:__main__:used memory: 2 M
INFO:__main__:FuncIndex is 650, time overhead is 0.032163381576538086
INFO:__main__:FuncIndex is 651, start time is 1620703709.1747909
INFO:__main__:FuncIndex is 651, end time is 1620703709.20709
INFO:__main__:used memory: -2 M
INFO:__main__:FuncIndex is 651, time overhead is 0.032299041748046875
INFO:__main__:FuncIndex is 652, start time is 1620703709.2078536
INFO:__main__:FuncIndex is 652, end time is 1620703709.240151
INFO:__main__:used memory: 0 M
INFO:__main__:FuncIndex is 652, time overhead is 0.032297372817993164
INFO:__main__:FuncIndex is 653, start time is 1620703709.2408545
INFO:__main__:FuncIndex is 653, end time is 1620703709.2723796
INFO:__main__:used memory: 1 M
INFO:__main__:FuncIndex is 653, time overhead is 0.0315251350402832
INFO:__main__:FuncIndex is 654, start time is 1620703709.2730355
INFO:__main__:FuncIndex is 654, end time is 1620703709.3046799
INFO:__main__:used memory: 0 M
INFO:__main__:FuncIndex is 654, time overhead is 0.031644344329833984
INFO:__main__:FuncIndex is 655, start time is 1620703709.3053827
INFO:__main__:FuncIndex is 655, end time is 1620703709.3372216
INFO:__main__:used memory: 1 M
INFO:__main__:FuncIndex is 655, time overhead is 0.03183889389038086
INFO:__main__:FuncIndex is 656, start time is 1620703709.3378925
INFO:__main__:FuncIndex is 656, end time is 1620703709.3696954
INFO:__main__:used memory: -1 M
INFO:__main__:FuncIndex is 656, time overhead is 0.03180289268493652
INFO:__main__:FuncIndex is 657, start time is 1620703709.370369
INFO:__main__:FuncIndex is 657, end time is 1620703709.4033544
INFO:__main__:used memory: -2 M
INFO:__main__:FuncIndex is 657, time overhead is 0.03298544883728027
INFO:__main__:FuncIndex is 658, start time is 1620703709.4041228
INFO:__main__:FuncIndex is 658, end time is 1620703709.4365993
INFO:__main__:used memory: -1 M
INFO:__main__:FuncIndex is 658, time overhead is 0.03247642517089844
INFO:__main__:FuncIndex is 659, start time is 1620703709.437331
INFO:__main__:FuncIndex is 659, end time is 1620703709.469455
INFO:__main__:used memory: 1 M
INFO:__main__:FuncIndex is 659, time overhead is 0.03212404251098633
INFO:__main__:FuncIndex is 660, start time is 1620703709.470102
INFO:__main__:FuncIndex is 660, end time is 1620703709.502139
INFO:__main__:used memory: 1 M
INFO:__main__:FuncIndex is 660, time overhead is 0.03203701972961426
INFO:__main__:FuncIndex is 661, start time is 1620703709.502804
INFO:__main__:FuncIndex is 661, end time is 1620703709.533973
INFO:__main__:used memory: 0 M
INFO:__main__:FuncIndex is 661, time overhead is 0.03116893768310547
INFO:__main__:FuncIndex is 662, start time is 1620703709.534681
INFO:__main__:FuncIndex is 662, end time is 1620703709.5664244
INFO:__main__:used memory: 1 M
INFO:__main__:FuncIndex is 662, time overhead is 0.03174328804016113
INFO:__main__:FuncIndex is 663, start time is 1620703709.5670872
INFO:__main__:FuncIndex is 663, end time is 1620703709.5992072
INFO:__main__:used memory: -2 M
INFO:__main__:FuncIndex is 663, time overhead is 0.0321199893951416
INFO:__main__:FuncIndex is 664, start time is 1620703709.600024
INFO:__main__:FuncIndex is 664, end time is 1620703709.6315274
INFO:__main__:used memory: 0 M
INFO:__main__:FuncIndex is 664, time overhead is 0.03150343894958496
INFO:__main__:FuncIndex is 665, start time is 1620703709.6324103
INFO:__main__:FuncIndex is 665, end time is 1620703709.6657665
INFO:__main__:used memory: 0 M
INFO:__main__:FuncIndex is 665, time overhead is 0.0333561897277832
INFO:__main__:FuncIndex is 666, start time is 1620703709.6664457
INFO:__main__:FuncIndex is 666, end time is 1620703709.6982474
INFO:__main__:used memory: 0 M
INFO:__main__:FuncIndex is 666, time overhead is 0.031801700592041016
INFO:__main__:FuncIndex is 667, start time is 1620703709.6989315
INFO:__main__:FuncIndex is 667, end time is 1620703709.7308917
INFO:__main__:used memory: 0 M
INFO:__main__:FuncIndex is 667, time overhead is 0.031960248947143555
INFO:__main__:FuncIndex is 668, start time is 1620703709.7315533
INFO:__main__:FuncIndex is 668, end time is 1620703709.762915
INFO:__main__:used memory: 0 M
INFO:__main__:FuncIndex is 668, time overhead is 0.03136157989501953
INFO:__main__:FuncIndex is 669, start time is 1620703709.7635853
INFO:__main__:FuncIndex is 669, end time is 1620703709.7945771
INFO:__main__:used memory: 0 M
INFO:__main__:FuncIndex is 669, time overhead is 0.030991792678833008
INFO:__main__:FuncIndex is 670, start time is 1620703709.7952816
INFO:__main__:FuncIndex is 670, end time is 1620703709.8271732
INFO:__main__:used memory: 0 M
INFO:__main__:FuncIndex is 670, time overhead is 0.031891584396362305
INFO:__main__:FuncIndex is 671, start time is 1620703709.8278663
INFO:__main__:FuncIndex is 671, end time is 1620703709.8594396
INFO:__main__:used memory: 0 M
INFO:__main__:FuncIndex is 671, time overhead is 0.03157329559326172
INFO:__main__:FuncIndex is 672, start time is 1620703709.8601696
INFO:__main__:FuncIndex is 672, end time is 1620703709.891386
INFO:__main__:used memory: 1 M
INFO:__main__:FuncIndex is 672, time overhead is 0.03121638298034668
INFO:__main__:FuncIndex is 673, start time is 1620703709.8921838
INFO:__main__:FuncIndex is 673, end time is 1620703709.9263787
INFO:__main__:used memory: 2 M
INFO:__main__:FuncIndex is 673, time overhead is 0.0341949462890625
INFO:__main__:FuncIndex is 674, start time is 1620703709.9270792
INFO:__main__:FuncIndex is 674, end time is 1620703709.959083
INFO:__main__:used memory: 1 M
INFO:__main__:FuncIndex is 674, time overhead is 0.03200387954711914
INFO:__main__:FuncIndex is 675, start time is 1620703709.9597638
INFO:__main__:FuncIndex is 675, end time is 1620703709.9916787
INFO:__main__:used memory: -2 M
INFO:__main__:FuncIndex is 675, time overhead is 0.03191494941711426
INFO:__main__:FuncIndex is 676, start time is 1620703709.9923801
INFO:__main__:FuncIndex is 676, end time is 1620703710.0238473
INFO:__main__:used memory: 1 M
INFO:__main__:FuncIndex is 676, time overhead is 0.03146719932556152
INFO:__main__:FuncIndex is 677, start time is 1620703710.024485
INFO:__main__:FuncIndex is 677, end time is 1620703710.056336
INFO:__main__:used memory: 0 M
INFO:__main__:FuncIndex is 677, time overhead is 0.03185081481933594
INFO:__main__:FuncIndex is 678, start time is 1620703710.0570402
INFO:__main__:FuncIndex is 678, end time is 1620703710.0890083
INFO:__main__:used memory: -1 M
INFO:__main__:FuncIndex is 678, time overhead is 0.031968116760253906
INFO:__main__:FuncIndex is 679, start time is 1620703710.0896904
INFO:root:unsupport call_indirect now
INFO:root:unsupport call_indirect now
INFO:root:unsupport call_indirect now
INFO:__main__:FuncIndex is 679, end time is 1620703710.1747034
INFO:__main__:used memory: -1 M
INFO:__main__:FuncIndex is 679, time overhead is 0.08501291275024414
INFO:__main__:FuncIndex is 680, start time is 1620703710.1787267
INFO:__main__:FuncIndex is 680, end time is 1620703710.2114868
INFO:__main__:used memory: 2 M
INFO:__main__:FuncIndex is 680, time overhead is 0.0327601432800293
INFO:__main__:FuncIndex is 681, start time is 1620703710.2122977
INFO:__main__:FuncIndex is 681, end time is 1620703710.244375
INFO:__main__:used memory: 0 M
INFO:__main__:FuncIndex is 681, time overhead is 0.03207731246948242
INFO:__main__:FuncIndex is 682, start time is 1620703710.2450712
INFO:__main__:FuncIndex is 682, end time is 1620703710.2767687
INFO:__main__:used memory: 0 M
INFO:__main__:FuncIndex is 682, time overhead is 0.03169751167297363
INFO:__main__:FuncIndex is 683, start time is 1620703710.2774417
INFO:__main__:FuncIndex is 683, end time is 1620703710.309063
INFO:__main__:used memory: -1 M
INFO:__main__:FuncIndex is 683, time overhead is 0.03162121772766113
INFO:__main__:FuncIndex is 684, start time is 1620703710.3097486
INFO:__main__:FuncIndex is 684, end time is 1620703710.340873
INFO:__main__:used memory: 0 M
INFO:__main__:FuncIndex is 684, time overhead is 0.031124353408813477
INFO:__main__:FuncIndex is 685, start time is 1620703710.341555
INFO:__main__:FuncIndex is 685, end time is 1620703710.3735125
INFO:__main__:used memory: 0 M
INFO:__main__:FuncIndex is 685, time overhead is 0.031957387924194336
INFO:__main__:FuncIndex is 686, start time is 1620703710.3741724
INFO:__main__:FuncIndex is 686, end time is 1620703710.4052072
INFO:__main__:used memory: 1 M
INFO:__main__:FuncIndex is 686, time overhead is 0.03103470802307129
INFO:__main__:FuncIndex is 687, start time is 1620703710.405875
INFO:__main__:FuncIndex is 687, end time is 1620703710.4379847
INFO:__main__:used memory: -1 M
INFO:__main__:FuncIndex is 687, time overhead is 0.032109737396240234
INFO:__main__:FuncIndex is 688, start time is 1620703710.4389007
INFO:__main__:FuncIndex is 688, end time is 1620703710.4713762
INFO:__main__:used memory: 1 M
INFO:__main__:FuncIndex is 688, time overhead is 0.03247547149658203
INFO:__main__:FuncIndex is 689, start time is 1620703710.4720867
INFO:__main__:FuncIndex is 689, end time is 1620703710.5045056
INFO:__main__:used memory: -1 M
INFO:__main__:FuncIndex is 689, time overhead is 0.03241896629333496
INFO:__main__:FuncIndex is 690, start time is 1620703710.505175
INFO:__main__:FuncIndex is 690, end time is 1620703710.5370827
INFO:__main__:used memory: 1 M
INFO:__main__:FuncIndex is 690, time overhead is 0.03190755844116211
INFO:__main__:FuncIndex is 691, start time is 1620703710.5377803
INFO:__main__:FuncIndex is 691, end time is 1620703710.5696435
INFO:__main__:used memory: -1 M
INFO:__main__:FuncIndex is 691, time overhead is 0.03186321258544922
INFO:__main__:FuncIndex is 692, start time is 1620703710.5703502
INFO:__main__:FuncIndex is 692, end time is 1620703710.6017866
INFO:__main__:used memory: 0 M
INFO:__main__:FuncIndex is 692, time overhead is 0.03143644332885742
INFO:__main__:FuncIndex is 693, start time is 1620703710.6024694
INFO:__main__:FuncIndex is 693, end time is 1620703710.6345975
INFO:__main__:used memory: 0 M
INFO:__main__:FuncIndex is 693, time overhead is 0.032128095626831055
INFO:__main__:FuncIndex is 694, start time is 1620703710.6352673
INFO:__main__:FuncIndex is 694, end time is 1620703710.666873
INFO:__main__:used memory: 0 M
INFO:__main__:FuncIndex is 694, time overhead is 0.03160572052001953
INFO:__main__:FuncIndex is 695, start time is 1620703710.6675494
INFO:__main__:FuncIndex is 695, end time is 1620703710.6988223
INFO:__main__:used memory: 0 M
INFO:__main__:FuncIndex is 695, time overhead is 0.03127288818359375
INFO:__main__:FuncIndex is 696, start time is 1620703710.6995053
INFO:__main__:FuncIndex is 696, end time is 1620703710.732168
INFO:__main__:used memory: 0 M
INFO:__main__:FuncIndex is 696, time overhead is 0.03266263008117676
INFO:__main__:FuncIndex is 697, start time is 1620703710.7329092
INFO:__main__:FuncIndex is 697, end time is 1620703710.765042
INFO:__main__:used memory: 0 M
INFO:__main__:FuncIndex is 697, time overhead is 0.032132863998413086
INFO:__main__:FuncIndex is 698, start time is 1620703710.7657444
INFO:__main__:FuncIndex is 698, end time is 1620703710.835155
INFO:__main__:used memory: 0 M
INFO:__main__:FuncIndex is 698, time overhead is 0.06941056251525879
INFO:__main__:FuncIndex is 699, start time is 1620703710.838007
INFO:__main__:FuncIndex is 699, end time is 1620703710.8689363
INFO:__main__:used memory: 1 M
INFO:__main__:FuncIndex is 699, time overhead is 0.0309293270111084
INFO:__main__:FuncIndex is 700, start time is 1620703710.869617
INFO:__main__:FuncIndex is 700, end time is 1620703710.9008203
INFO:__main__:used memory: 0 M
INFO:__main__:FuncIndex is 700, time overhead is 0.031203269958496094
INFO:__main__:FuncIndex is 701, start time is 1620703710.901502
INFO:__main__:FuncIndex is 701, end time is 1620703710.9329143
INFO:__main__:used memory: 1 M
INFO:__main__:FuncIndex is 701, time overhead is 0.031412363052368164
INFO:__main__:FuncIndex is 702, start time is 1620703710.9335966
INFO:__main__:FuncIndex is 702, end time is 1620703710.96554
INFO:__main__:used memory: -1 M
INFO:__main__:FuncIndex is 702, time overhead is 0.031943321228027344
INFO:__main__:FuncIndex is 703, start time is 1620703710.9663126
INFO:__main__:FuncIndex is 703, end time is 1620703710.998911
INFO:__main__:used memory: 0 M
INFO:__main__:FuncIndex is 703, time overhead is 0.032598257064819336
INFO:__main__:FuncIndex is 704, start time is 1620703710.9995866
INFO:__main__:FuncIndex is 704, end time is 1620703711.0314114
INFO:__main__:used memory: 1 M
INFO:__main__:FuncIndex is 704, time overhead is 0.03182482719421387
INFO:__main__:FuncIndex is 705, start time is 1620703711.032136
INFO:__main__:FuncIndex is 705, end time is 1620703711.0639818
INFO:__main__:used memory: 0 M
INFO:__main__:FuncIndex is 705, time overhead is 0.031845808029174805
INFO:__main__:FuncIndex is 706, start time is 1620703711.0646665
INFO:__main__:FuncIndex is 706, end time is 1620703711.097301
INFO:__main__:used memory: 0 M
INFO:__main__:FuncIndex is 706, time overhead is 0.03263449668884277
INFO:__main__:FuncIndex is 707, start time is 1620703711.0980015
INFO:__main__:FuncIndex is 707, end time is 1620703711.1298635
INFO:__main__:used memory: -1 M
INFO:__main__:FuncIndex is 707, time overhead is 0.03186202049255371
INFO:__main__:FuncIndex is 708, start time is 1620703711.130536
INFO:__main__:FuncIndex is 708, end time is 1620703711.1618109
INFO:__main__:used memory: -1 M
INFO:__main__:FuncIndex is 708, time overhead is 0.03127479553222656
INFO:__main__:FuncIndex is 709, start time is 1620703711.1624725
INFO:__main__:FuncIndex is 709, end time is 1620703711.1938207
INFO:__main__:used memory: 0 M
INFO:__main__:FuncIndex is 709, time overhead is 0.031348228454589844
INFO:__main__:FuncIndex is 710, start time is 1620703711.19452
INFO:__main__:FuncIndex is 710, end time is 1620703711.226275
INFO:__main__:used memory: 1 M
INFO:__main__:FuncIndex is 710, time overhead is 0.03175497055053711
INFO:__main__:FuncIndex is 711, start time is 1620703711.2269285
INFO:__main__:FuncIndex is 711, end time is 1620703711.2595518
INFO:__main__:used memory: -2 M
INFO:__main__:FuncIndex is 711, time overhead is 0.032623291015625
INFO:__main__:FuncIndex is 712, start time is 1620703711.2603054
INFO:__main__:FuncIndex is 712, end time is 1620703711.2933762
INFO:__main__:used memory: 1 M
INFO:__main__:FuncIndex is 712, time overhead is 0.03307080268859863
INFO:__main__:FuncIndex is 713, start time is 1620703711.2941175
INFO:__main__:FuncIndex is 713, end time is 1620703711.3267653
INFO:__main__:used memory: 1 M
INFO:__main__:FuncIndex is 713, time overhead is 0.03264784812927246
INFO:__main__:FuncIndex is 714, start time is 1620703711.327458
INFO:__main__:FuncIndex is 714, end time is 1620703711.3595834
INFO:__main__:used memory: -1 M
INFO:__main__:FuncIndex is 714, time overhead is 0.03212547302246094
INFO:__main__:FuncIndex is 715, start time is 1620703711.3603272
INFO:__main__:FuncIndex is 715, end time is 1620703711.392
INFO:__main__:used memory: 0 M
INFO:__main__:FuncIndex is 715, time overhead is 0.03167271614074707
INFO:__main__:FuncIndex is 716, start time is 1620703711.3927064
INFO:__main__:FuncIndex is 716, end time is 1620703711.4244845
INFO:__main__:used memory: -1 M
INFO:__main__:FuncIndex is 716, time overhead is 0.03177809715270996
INFO:__main__:FuncIndex is 717, start time is 1620703711.4251883
INFO:__main__:FuncIndex is 717, end time is 1620703711.457157
INFO:__main__:used memory: 0 M
INFO:__main__:FuncIndex is 717, time overhead is 0.03196859359741211
INFO:__main__:FuncIndex is 718, start time is 1620703711.4578192
INFO:__main__:FuncIndex is 718, end time is 1620703711.4893343
INFO:__main__:used memory: 1 M
INFO:__main__:FuncIndex is 718, time overhead is 0.03151512145996094
INFO:__main__:FuncIndex is 719, start time is 1620703711.4899833
INFO:__main__:FuncIndex is 719, end time is 1620703711.523138
INFO:__main__:used memory: 0 M
INFO:__main__:FuncIndex is 719, time overhead is 0.03315472602844238
INFO:__main__:FuncIndex is 720, start time is 1620703711.5238996
INFO:__main__:FuncIndex is 720, end time is 1620703711.5557191
INFO:__main__:used memory: 1 M
INFO:__main__:FuncIndex is 720, time overhead is 0.03181958198547363
INFO:__main__:FuncIndex is 721, start time is 1620703711.556444
INFO:__main__:FuncIndex is 721, end time is 1620703711.5890725
INFO:__main__:used memory: -1 M
INFO:__main__:FuncIndex is 721, time overhead is 0.032628536224365234
INFO:__main__:FuncIndex is 722, start time is 1620703711.5897493
INFO:__main__:FuncIndex is 722, end time is 1620703711.621135
INFO:__main__:used memory: 0 M
INFO:__main__:FuncIndex is 722, time overhead is 0.03138566017150879
INFO:__main__:FuncIndex is 723, start time is 1620703711.6218195
INFO:__main__:FuncIndex is 723, end time is 1620703711.6537862
INFO:__main__:used memory: 1 M
INFO:__main__:FuncIndex is 723, time overhead is 0.0319666862487793
INFO:__main__:FuncIndex is 724, start time is 1620703711.6544678
INFO:__main__:FuncIndex is 724, end time is 1620703711.6856897
INFO:__main__:used memory: 0 M
INFO:__main__:FuncIndex is 724, time overhead is 0.031221866607666016
INFO:__main__:FuncIndex is 725, start time is 1620703711.6863432
INFO:__main__:FuncIndex is 725, end time is 1620703711.7184985
INFO:__main__:used memory: 0 M
INFO:__main__:FuncIndex is 725, time overhead is 0.03215527534484863
INFO:__main__:FuncIndex is 726, start time is 1620703711.719176
INFO:__main__:FuncIndex is 726, end time is 1620703711.7508595
INFO:__main__:used memory: -1 M
INFO:__main__:FuncIndex is 726, time overhead is 0.03168344497680664
INFO:__main__:FuncIndex is 727, start time is 1620703711.7515287
INFO:__main__:FuncIndex is 727, end time is 1620703711.7827642
INFO:__main__:used memory: 0 M
INFO:__main__:FuncIndex is 727, time overhead is 0.031235456466674805
INFO:__main__:FuncIndex is 728, start time is 1620703711.7834985
INFO:__main__:FuncIndex is 728, end time is 1620703711.8161755
INFO:__main__:used memory: 1 M
INFO:__main__:FuncIndex is 728, time overhead is 0.03267693519592285
INFO:__main__:FuncIndex is 729, start time is 1620703711.8168545
INFO:__main__:FuncIndex is 729, end time is 1620703711.8489413
INFO:__main__:used memory: -1 M
INFO:__main__:FuncIndex is 729, time overhead is 0.032086849212646484
INFO:__main__:FuncIndex is 730, start time is 1620703711.8496068
INFO:__main__:FuncIndex is 730, end time is 1620703711.8807085
INFO:__main__:used memory: 1 M
INFO:__main__:FuncIndex is 730, time overhead is 0.031101703643798828
INFO:__main__:FuncIndex is 731, start time is 1620703711.881379
INFO:__main__:FuncIndex is 731, end time is 1620703711.9127529
INFO:__main__:used memory: 1 M
INFO:__main__:FuncIndex is 731, time overhead is 0.03137397766113281
INFO:__main__:FuncIndex is 732, start time is 1620703711.9134986
INFO:__main__:FuncIndex is 732, end time is 1620703711.9456081
INFO:__main__:used memory: -1 M
INFO:__main__:FuncIndex is 732, time overhead is 0.03210949897766113
INFO:__main__:FuncIndex is 733, start time is 1620703711.9462693
INFO:__main__:FuncIndex is 733, end time is 1620703711.9786837
INFO:__main__:used memory: 0 M
INFO:__main__:FuncIndex is 733, time overhead is 0.03241443634033203
INFO:__main__:FuncIndex is 734, start time is 1620703711.9793444
INFO:__main__:FuncIndex is 734, end time is 1620703712.01066
INFO:__main__:used memory: 0 M
INFO:__main__:FuncIndex is 734, time overhead is 0.03131556510925293
INFO:__main__:FuncIndex is 735, start time is 1620703712.011331
INFO:__main__:FuncIndex is 735, end time is 1620703712.043853
INFO:__main__:used memory: 0 M
INFO:__main__:FuncIndex is 735, time overhead is 0.032521963119506836
INFO:__main__:FuncIndex is 736, start time is 1620703712.044641
INFO:__main__:FuncIndex is 736, end time is 1620703712.077687
INFO:__main__:used memory: 1 M
INFO:__main__:FuncIndex is 736, time overhead is 0.03304600715637207
INFO:__main__:FuncIndex is 737, start time is 1620703712.078361
INFO:__main__:FuncIndex is 737, end time is 1620703712.1096897
INFO:__main__:used memory: -2 M
INFO:__main__:FuncIndex is 737, time overhead is 0.031328678131103516
INFO:__main__:FuncIndex is 738, start time is 1620703712.110405
INFO:__main__:FuncIndex is 738, end time is 1620703712.1421201
INFO:__main__:used memory: 1 M
INFO:__main__:FuncIndex is 738, time overhead is 0.03171515464782715
INFO:__main__:FuncIndex is 739, start time is 1620703712.142772
INFO:__main__:FuncIndex is 739, end time is 1620703712.1738048
INFO:__main__:used memory: -1 M
INFO:__main__:FuncIndex is 739, time overhead is 0.031032800674438477
INFO:__main__:FuncIndex is 740, start time is 1620703712.1744978
INFO:__main__:FuncIndex is 740, end time is 1620703712.2065995
INFO:__main__:used memory: 0 M
INFO:__main__:FuncIndex is 740, time overhead is 0.03210163116455078
INFO:__main__:FuncIndex is 741, start time is 1620703712.2072737
INFO:__main__:FuncIndex is 741, end time is 1620703712.2390902
INFO:__main__:used memory: 1 M
INFO:__main__:FuncIndex is 741, time overhead is 0.03181648254394531
INFO:__main__:FuncIndex is 742, start time is 1620703712.2397578
INFO:__main__:FuncIndex is 742, end time is 1620703712.2697575
INFO:__main__:used memory: 1 M
INFO:__main__:FuncIndex is 742, time overhead is 0.029999732971191406
INFO:__main__:FuncIndex is 743, start time is 1620703712.2704256
INFO:__main__:FuncIndex is 743, end time is 1620703712.3017378
INFO:__main__:used memory: -1 M
INFO:__main__:FuncIndex is 743, time overhead is 0.03131222724914551
INFO:__main__:FuncIndex is 744, start time is 1620703712.3024807
INFO:__main__:FuncIndex is 744, end time is 1620703712.334008
INFO:__main__:used memory: 0 M
INFO:__main__:FuncIndex is 744, time overhead is 0.03152728080749512
INFO:__main__:FuncIndex is 745, start time is 1620703712.3347
INFO:__main__:FuncIndex is 745, end time is 1620703712.366357
INFO:__main__:used memory: 0 M
INFO:__main__:FuncIndex is 745, time overhead is 0.03165698051452637
INFO:__main__:FuncIndex is 746, start time is 1620703712.3670318
INFO:__main__:FuncIndex is 746, end time is 1620703712.3978024
INFO:__main__:used memory: -1 M
INFO:__main__:FuncIndex is 746, time overhead is 0.030770540237426758
INFO:__main__:FuncIndex is 747, start time is 1620703712.3984692
INFO:__main__:FuncIndex is 747, end time is 1620703712.430067
INFO:__main__:used memory: 1 M
INFO:__main__:FuncIndex is 747, time overhead is 0.03159785270690918
INFO:__main__:FuncIndex is 748, start time is 1620703712.4307826
INFO:__main__:FuncIndex is 748, end time is 1620703712.4642627
INFO:__main__:used memory: -1 M
INFO:__main__:FuncIndex is 748, time overhead is 0.033480167388916016
INFO:__main__:FuncIndex is 749, start time is 1620703712.464953
INFO:__main__:FuncIndex is 749, end time is 1620703712.4963934
INFO:__main__:used memory: 1 M
INFO:__main__:FuncIndex is 749, time overhead is 0.03144049644470215
INFO:__main__:FuncIndex is 750, start time is 1620703712.4970584
INFO:__main__:FuncIndex is 750, end time is 1620703712.5282962
INFO:__main__:used memory: 0 M
INFO:__main__:FuncIndex is 750, time overhead is 0.03123784065246582
INFO:__main__:FuncIndex is 751, start time is 1620703712.5289776
INFO:__main__:FuncIndex is 751, end time is 1620703712.5596895
INFO:__main__:used memory: 0 M
INFO:__main__:FuncIndex is 751, time overhead is 0.030711889266967773
INFO:__main__:FuncIndex is 752, start time is 1620703712.5605154
INFO:__main__:FuncIndex is 752, end time is 1620703712.5920172
INFO:__main__:used memory: 0 M
INFO:__main__:FuncIndex is 752, time overhead is 0.03150177001953125
INFO:__main__:FuncIndex is 753, start time is 1620703712.5926821
INFO:__main__:FuncIndex is 753, end time is 1620703712.623595
INFO:__main__:used memory: 1 M
INFO:__main__:FuncIndex is 753, time overhead is 0.03091287612915039
INFO:__main__:FuncIndex is 754, start time is 1620703712.6243255
INFO:__main__:FuncIndex is 754, end time is 1620703712.6556976
INFO:__main__:used memory: -1 M
INFO:__main__:FuncIndex is 754, time overhead is 0.0313720703125
INFO:__main__:FuncIndex is 755, start time is 1620703712.6564496
INFO:__main__:FuncIndex is 755, end time is 1620703712.687312
INFO:__main__:used memory: 0 M
INFO:__main__:FuncIndex is 755, time overhead is 0.03086233139038086
INFO:__main__:FuncIndex is 756, start time is 1620703712.688016
INFO:__main__:FuncIndex is 756, end time is 1620703712.7205262
INFO:__main__:used memory: 1 M
INFO:__main__:FuncIndex is 756, time overhead is 0.03251028060913086
INFO:__main__:FuncIndex is 757, start time is 1620703712.7212312
INFO:__main__:FuncIndex is 757, end time is 1620703712.7527833
INFO:__main__:used memory: -1 M
INFO:__main__:FuncIndex is 757, time overhead is 0.03155207633972168
INFO:__main__:FuncIndex is 758, start time is 1620703712.75345
INFO:__main__:FuncIndex is 758, end time is 1620703712.7862835
INFO:__main__:used memory: 0 M
INFO:__main__:FuncIndex is 758, time overhead is 0.03283357620239258
INFO:__main__:FuncIndex is 759, start time is 1620703712.786992
INFO:__main__:FuncIndex is 759, end time is 1620703712.8200476
INFO:__main__:used memory: 0 M
INFO:__main__:FuncIndex is 759, time overhead is 0.03305554389953613
INFO:__main__:FuncIndex is 760, start time is 1620703712.820859
INFO:__main__:FuncIndex is 760, end time is 1620703712.8525891
INFO:__main__:used memory: 0 M
INFO:__main__:FuncIndex is 760, time overhead is 0.03173017501831055
INFO:__main__:FuncIndex is 761, start time is 1620703712.8532948
INFO:__main__:FuncIndex is 761, end time is 1620703712.886024
INFO:__main__:used memory: 1 M
INFO:__main__:FuncIndex is 761, time overhead is 0.032729148864746094
INFO:__main__:FuncIndex is 762, start time is 1620703712.8866918
INFO:__main__:FuncIndex is 762, end time is 1620703712.9180236
INFO:__main__:used memory: -1 M
INFO:__main__:FuncIndex is 762, time overhead is 0.031331777572631836
INFO:__main__:FuncIndex is 763, start time is 1620703712.9186912
INFO:__main__:FuncIndex is 763, end time is 1620703712.9504745
INFO:__main__:used memory: 0 M
INFO:__main__:FuncIndex is 763, time overhead is 0.031783342361450195
INFO:__main__:FuncIndex is 764, start time is 1620703712.951194
INFO:__main__:FuncIndex is 764, end time is 1620703712.9825516
INFO:__main__:used memory: 1 M
INFO:__main__:FuncIndex is 764, time overhead is 0.031357526779174805
INFO:__main__:FuncIndex is 765, start time is 1620703712.9832404
INFO:__main__:FuncIndex is 765, end time is 1620703713.014423
INFO:__main__:used memory: -1 M
INFO:__main__:FuncIndex is 765, time overhead is 0.031182527542114258
INFO:__main__:FuncIndex is 766, start time is 1620703713.015077
INFO:__main__:FuncIndex is 766, end time is 1620703713.0479252
INFO:__main__:used memory: 0 M
INFO:__main__:FuncIndex is 766, time overhead is 0.03284811973571777
INFO:__main__:FuncIndex is 767, start time is 1620703713.0486434
INFO:__main__:FuncIndex is 767, end time is 1620703713.0813825
INFO:__main__:used memory: 2 M
INFO:__main__:FuncIndex is 767, time overhead is 0.03273916244506836
INFO:__main__:FuncIndex is 768, start time is 1620703713.082039
INFO:__main__:FuncIndex is 768, end time is 1620703713.114998
INFO:__main__:used memory: -3 M
INFO:__main__:FuncIndex is 768, time overhead is 0.032958984375
INFO:__main__:FuncIndex is 769, start time is 1620703713.1156507
INFO:__main__:FuncIndex is 769, end time is 1620703713.1485047
INFO:__main__:used memory: 1 M
INFO:__main__:FuncIndex is 769, time overhead is 0.03285408020019531
INFO:__main__:FuncIndex is 770, start time is 1620703713.1491883
INFO:__main__:FuncIndex is 770, end time is 1620703713.1818411
INFO:__main__:used memory: 0 M
INFO:__main__:FuncIndex is 770, time overhead is 0.032652854919433594
INFO:__main__:FuncIndex is 771, start time is 1620703713.1825044
INFO:__main__:FuncIndex is 771, end time is 1620703713.2145407
INFO:__main__:used memory: 0 M
INFO:__main__:FuncIndex is 771, time overhead is 0.03203630447387695
INFO:__main__:FuncIndex is 772, start time is 1620703713.2152457
INFO:__main__:FuncIndex is 772, end time is 1620703713.2473655
INFO:__main__:used memory: 1 M
INFO:__main__:FuncIndex is 772, time overhead is 0.0321197509765625
INFO:__main__:FuncIndex is 773, start time is 1620703713.2481291
INFO:__main__:FuncIndex is 773, end time is 1620703713.2804646
INFO:__main__:used memory: 0 M
INFO:__main__:FuncIndex is 773, time overhead is 0.032335519790649414
INFO:__main__:FuncIndex is 774, start time is 1620703713.2811174
INFO:__main__:FuncIndex is 774, end time is 1620703713.3138826
INFO:__main__:used memory: -2 M
INFO:__main__:FuncIndex is 774, time overhead is 0.03276515007019043
INFO:__main__:FuncIndex is 775, start time is 1620703713.3145895
INFO:__main__:FuncIndex is 775, end time is 1620703713.347276
INFO:__main__:used memory: 2 M
INFO:__main__:FuncIndex is 775, time overhead is 0.032686471939086914
INFO:__main__:FuncIndex is 776, start time is 1620703713.3479912
INFO:__main__:FuncIndex is 776, end time is 1620703713.3794186
INFO:__main__:used memory: -2 M
INFO:__main__:FuncIndex is 776, time overhead is 0.03142738342285156
INFO:__main__:FuncIndex is 777, start time is 1620703713.3801196
INFO:__main__:FuncIndex is 777, end time is 1620703713.411967
INFO:__main__:used memory: 0 M
INFO:__main__:FuncIndex is 777, time overhead is 0.031847476959228516
INFO:__main__:FuncIndex is 778, start time is 1620703713.41267
INFO:__main__:FuncIndex is 778, end time is 1620703713.4450424
INFO:__main__:used memory: 1 M
INFO:__main__:FuncIndex is 778, time overhead is 0.032372474670410156
INFO:__main__:FuncIndex is 779, start time is 1620703713.445743
INFO:__main__:FuncIndex is 779, end time is 1620703713.4778726
INFO:__main__:used memory: 0 M
INFO:__main__:FuncIndex is 779, time overhead is 0.032129526138305664
INFO:__main__:FuncIndex is 780, start time is 1620703713.4785347
INFO:__main__:FuncIndex is 780, end time is 1620703713.5103269
INFO:__main__:used memory: -1 M
INFO:__main__:FuncIndex is 780, time overhead is 0.03179216384887695
INFO:__main__:FuncIndex is 781, start time is 1620703713.5109847
INFO:__main__:FuncIndex is 781, end time is 1620703713.5427303
INFO:__main__:used memory: 1 M
INFO:__main__:FuncIndex is 781, time overhead is 0.03174567222595215
INFO:__main__:FuncIndex is 782, start time is 1620703713.5434213
INFO:__main__:FuncIndex is 782, end time is 1620703713.577094
INFO:__main__:used memory: -1 M
INFO:__main__:FuncIndex is 782, time overhead is 0.03367280960083008
INFO:__main__:FuncIndex is 783, start time is 1620703713.5778346
INFO:__main__:FuncIndex is 783, end time is 1620703713.6107004
INFO:__main__:used memory: 1 M
INFO:__main__:FuncIndex is 783, time overhead is 0.03286576271057129
INFO:__main__:FuncIndex is 784, start time is 1620703713.6113555
INFO:__main__:FuncIndex is 784, end time is 1620703713.6441183
INFO:__main__:used memory: 0 M
INFO:__main__:FuncIndex is 784, time overhead is 0.032762765884399414
INFO:__main__:FuncIndex is 785, start time is 1620703713.6448646
INFO:__main__:FuncIndex is 785, end time is 1620703713.6776404
INFO:__main__:used memory: 0 M
INFO:__main__:FuncIndex is 785, time overhead is 0.03277587890625
INFO:__main__:FuncIndex is 786, start time is 1620703713.6783204
INFO:__main__:FuncIndex is 786, end time is 1620703713.7107048
INFO:__main__:used memory: 0 M
INFO:__main__:FuncIndex is 786, time overhead is 0.032384395599365234
INFO:__main__:FuncIndex is 787, start time is 1620703713.711399
INFO:__main__:FuncIndex is 787, end time is 1620703713.7440722
INFO:__main__:used memory: 0 M
INFO:__main__:FuncIndex is 787, time overhead is 0.03267312049865723
INFO:__main__:FuncIndex is 788, start time is 1620703713.7447622
INFO:__main__:FuncIndex is 788, end time is 1620703713.7767582
INFO:__main__:used memory: 0 M
INFO:__main__:FuncIndex is 788, time overhead is 0.03199601173400879
INFO:__main__:FuncIndex is 789, start time is 1620703713.777426
INFO:__main__:FuncIndex is 789, end time is 1620703713.8091547
INFO:__main__:used memory: 1 M
INFO:__main__:FuncIndex is 789, time overhead is 0.03172874450683594
INFO:__main__:FuncIndex is 790, start time is 1620703713.8098137
INFO:__main__:FuncIndex is 790, end time is 1620703713.842673
INFO:__main__:used memory: -1 M
INFO:__main__:FuncIndex is 790, time overhead is 0.03285932540893555
INFO:__main__:FuncIndex is 791, start time is 1620703713.8434594
INFO:__main__:FuncIndex is 791, end time is 1620703713.8757489
INFO:__main__:used memory: -1 M
INFO:__main__:FuncIndex is 791, time overhead is 0.03228950500488281
INFO:__main__:FuncIndex is 792, start time is 1620703713.876476
INFO:__main__:FuncIndex is 792, end time is 1620703714.1018662
INFO:__main__:used memory: -1 M
INFO:__main__:FuncIndex is 792, time overhead is 0.22539019584655762
INFO:__main__:FuncIndex is 793, start time is 1620703714.1028047
INFO:__main__:FuncIndex is 793, end time is 1620703714.142024
INFO:__main__:used memory: 1 M
INFO:__main__:FuncIndex is 793, time overhead is 0.03921937942504883
INFO:__main__:FuncIndex is 794, start time is 1620703714.1427002
INFO:__main__:FuncIndex is 794, end time is 1620703714.1764843
INFO:__main__:used memory: 0 M
INFO:__main__:FuncIndex is 794, time overhead is 0.03378415107727051
INFO:__main__:FuncIndex is 795, start time is 1620703714.177125
INFO:__main__:FuncIndex is 795, end time is 1620703715.2285726
INFO:__main__:used memory: 0 M
INFO:__main__:FuncIndex is 795, time overhead is 1.0514476299285889
INFO:__main__:FuncIndex is 796, start time is 1620703715.2312143
INFO:__main__:FuncIndex is 796, end time is 1620703715.2636347
INFO:__main__:used memory: 0 M
INFO:__main__:FuncIndex is 796, time overhead is 0.03242039680480957
INFO:__main__:FuncIndex is 797, start time is 1620703715.2643538
INFO:__main__:FuncIndex is 797, end time is 1620703715.2969527
INFO:__main__:used memory: -1 M
INFO:__main__:FuncIndex is 797, time overhead is 0.03259897232055664
INFO:__main__:FuncIndex is 798, start time is 1620703715.2975943
INFO:__main__:FuncIndex is 798, end time is 1620703715.3298578
INFO:__main__:used memory: 1 M
INFO:__main__:FuncIndex is 798, time overhead is 0.03226351737976074
INFO:__main__:FuncIndex is 799, start time is 1620703715.3304853
INFO:__main__:FuncIndex is 799, end time is 1620703715.362384
INFO:__main__:used memory: 1 M
INFO:__main__:FuncIndex is 799, time overhead is 0.03189873695373535
INFO:__main__:FuncIndex is 800, start time is 1620703715.36308
INFO:__main__:FuncIndex is 800, end time is 1620703715.395484
INFO:__main__:used memory: -2 M
INFO:__main__:FuncIndex is 800, time overhead is 0.03240394592285156
INFO:__main__:All time: 732.1834173202515
mprof: Sampling memory every 0.1s
running new process
