INFO:__main__:used memory: 9 M
INFO:__main__:FuncIndex is 1601, time overhead is 0.1678483486175537
INFO:__main__:used memory: 0 M
INFO:__main__:FuncIndex is 1602, time overhead is 0.19435477256774902
INFO:__main__:used memory: 16 M
INFO:__main__:FuncIndex is 1603, time overhead is 0.5120313167572021
INFO:__main__:used memory: 5 M
INFO:__main__:FuncIndex is 1604, time overhead is 0.5939123630523682
INFO:__main__:used memory: 1 M
INFO:__main__:FuncIndex is 1605, time overhead is 0.0895237922668457
INFO:__main__:[exception] used memory: 0 M
INFO:__main__:[exception] FuncIndex is 1606, time overhead is 0.0007512569427490234
INFO:root:
INFO:__main__:used memory: 3 M
INFO:__main__:FuncIndex is 1607, time overhead is 0.1809830665588379
INFO:__main__:used memory: -6 M
INFO:__main__:FuncIndex is 1608, time overhead is 1.8767077922821045
INFO:__main__:used memory: 0 M
INFO:__main__:FuncIndex is 1609, time overhead is 0.1505577564239502
INFO:__main__:used memory: 0 M
INFO:__main__:FuncIndex is 1610, time overhead is 0.671715259552002
INFO:__main__:used memory: 0 M
INFO:__main__:FuncIndex is 1611, time overhead is 0.06411004066467285
INFO:__main__:used memory: 1 M
INFO:__main__:FuncIndex is 1612, time overhead is 0.0563206672668457
INFO:__main__:[exception] used memory: 0 M
INFO:__main__:[exception] FuncIndex is 1613, time overhead is 0.35201215744018555
INFO:__main__:used memory: 6 M
INFO:__main__:FuncIndex is 1614, time overhead is 0.6096701622009277
INFO:__main__:used memory: 2 M
INFO:__main__:FuncIndex is 1615, time overhead is 0.10409855842590332
INFO:__main__:[exception] used memory: -1 M
INFO:__main__:[exception] FuncIndex is 1616, time overhead is 0.4384603500366211
INFO:__main__:used memory: 2 M
INFO:__main__:FuncIndex is 1617, time overhead is 0.1351308822631836
INFO:__main__:used memory: 16 M
INFO:__main__:FuncIndex is 1618, time overhead is 3.7201595306396484
INFO:__main__:used memory: 0 M
INFO:__main__:FuncIndex is 1619, time overhead is 0.05165839195251465
INFO:__main__:used memory: 0 M
INFO:__main__:FuncIndex is 1620, time overhead is 0.06186532974243164
INFO:__main__:used memory: 0 M
INFO:__main__:FuncIndex is 1621, time overhead is 0.08124160766601562
INFO:__main__:used memory: 7 M
INFO:__main__:FuncIndex is 1622, time overhead is 1.1277787685394287
INFO:__main__:used memory: 0 M
INFO:__main__:FuncIndex is 1623, time overhead is 0.3260838985443115
INFO:__main__:used memory: 1 M
INFO:__main__:FuncIndex is 1624, time overhead is 0.055733442306518555
INFO:__main__:[exception] used memory: -1 M
INFO:__main__:[exception] FuncIndex is 1625, time overhead is 0.0012733936309814453
INFO:__main__:used memory: 1 M
INFO:__main__:FuncIndex is 1626, time overhead is 0.03252077102661133
INFO:__main__:used memory: -1 M
INFO:__main__:FuncIndex is 1627, time overhead is 0.04317879676818848
INFO:__main__:used memory: 1 M
INFO:__main__:FuncIndex is 1628, time overhead is 0.07756161689758301
INFO:__main__:used memory: 0 M
INFO:__main__:FuncIndex is 1629, time overhead is 0.07356667518615723
INFO:__main__:used memory: 1 M
INFO:__main__:FuncIndex is 1630, time overhead is 0.04697704315185547
INFO:__main__:used memory: 0 M
INFO:__main__:FuncIndex is 1631, time overhead is 0.04915499687194824
INFO:__main__:used memory: -1 M
INFO:__main__:FuncIndex is 1632, time overhead is 0.05019092559814453
INFO:__main__:used memory: 0 M
INFO:__main__:FuncIndex is 1633, time overhead is 0.049933671951293945
INFO:__main__:used memory: 0 M
INFO:__main__:FuncIndex is 1634, time overhead is 0.04474043846130371
INFO:__main__:used memory: 0 M
INFO:__main__:FuncIndex is 1635, time overhead is 10.48778510093689
INFO:__main__:used memory: -1 M
INFO:__main__:FuncIndex is 1636, time overhead is 30.78122067451477
INFO:__main__:used memory: 1 M
INFO:__main__:FuncIndex is 1637, time overhead is 0.04676485061645508
INFO:__main__:used memory: 2 M
INFO:__main__:FuncIndex is 1638, time overhead is 0.1409609317779541
INFO:__main__:used memory: -7 M
INFO:__main__:FuncIndex is 1639, time overhead is 0.8171610832214355
INFO:__main__:used memory: 0 M
INFO:__main__:FuncIndex is 1640, time overhead is 0.0892326831817627
INFO:__main__:used memory: 0 M
INFO:__main__:FuncIndex is 1641, time overhead is 0.3053905963897705
INFO:__main__:used memory: 1 M
INFO:__main__:FuncIndex is 1642, time overhead is 0.034171104431152344
INFO:__main__:[exception] used memory: 0 M
INFO:__main__:[exception] FuncIndex is 1643, time overhead is 0.003893136978149414
INFO:__main__:[exception] used memory: -1 M
INFO:__main__:[exception] FuncIndex is 1644, time overhead is 0.004479169845581055
INFO:__main__:used memory: 2 M
INFO:__main__:FuncIndex is 1645, time overhead is 0.15883445739746094
INFO:__main__:used memory: 2 M
INFO:__main__:FuncIndex is 1646, time overhead is 0.18806123733520508
INFO:__main__:used memory: -4 M
INFO:__main__:FuncIndex is 1647, time overhead is 0.18377470970153809
INFO:__main__:[exception] used memory: 0 M
INFO:__main__:[exception] FuncIndex is 1648, time overhead is 0.046231746673583984
INFO:__main__:used memory: 1 M
INFO:__main__:FuncIndex is 1649, time overhead is 25.986659288406372
INFO:__main__:used memory: -1 M
INFO:__main__:FuncIndex is 1650, time overhead is 0.94053053855896
INFO:__main__:used memory: 0 M
INFO:__main__:FuncIndex is 1651, time overhead is 0.22321367263793945
INFO:__main__:used memory: 0 M
INFO:__main__:FuncIndex is 1652, time overhead is 0.046660423278808594
INFO:__main__:used memory: 0 M
INFO:__main__:FuncIndex is 1653, time overhead is 0.04479861259460449
INFO:__main__:used memory: 3 M
INFO:__main__:FuncIndex is 1654, time overhead is 0.7363476753234863
INFO:__main__:used memory: -1 M
INFO:__main__:FuncIndex is 1655, time overhead is 0.3052842617034912
INFO:__main__:[exception] used memory: 10 M
INFO:__main__:[exception] FuncIndex is 1656, time overhead is 95.80352807044983
INFO:__main__:used memory: 0 M
INFO:__main__:FuncIndex is 1657, time overhead is 0.0669708251953125
INFO:__main__:used memory: -1 M
INFO:__main__:FuncIndex is 1658, time overhead is 0.3754560947418213
INFO:__main__:used memory: 1 M
INFO:__main__:FuncIndex is 1659, time overhead is 0.04171037673950195
INFO:__main__:used memory: -1 M
INFO:__main__:FuncIndex is 1660, time overhead is 0.037798166275024414
INFO:__main__:used memory: 0 M
INFO:__main__:FuncIndex is 1661, time overhead is 0.049488067626953125
INFO:__main__:used memory: -1 M
INFO:__main__:FuncIndex is 1662, time overhead is 0.4315187931060791
INFO:__main__:used memory: -2 M
INFO:__main__:FuncIndex is 1663, time overhead is 4.52991509437561
INFO:__main__:used memory: 1 M
INFO:__main__:FuncIndex is 1664, time overhead is 0.1960740089416504
INFO:__main__:used memory: 5 M
INFO:__main__:FuncIndex is 1665, time overhead is 0.522005558013916
INFO:__main__:[exception] used memory: 8 M
INFO:__main__:[exception] FuncIndex is 1666, time overhead is 99.7047770023346
INFO:__main__:used memory: 1 M
INFO:__main__:FuncIndex is 1667, time overhead is 0.052947998046875
INFO:__main__:used memory: -1 M
INFO:__main__:FuncIndex is 1668, time overhead is 0.06033492088317871
INFO:__main__:used memory: 2 M
INFO:__main__:FuncIndex is 1669, time overhead is 0.2041614055633545
INFO:__main__:used memory: 7 M
INFO:__main__:FuncIndex is 1670, time overhead is 0.5371384620666504
INFO:__main__:used memory: 1 M
INFO:__main__:FuncIndex is 1671, time overhead is 0.046766042709350586
INFO:__main__:used memory: -1 M
INFO:__main__:FuncIndex is 1672, time overhead is 0.041313886642456055
INFO:__main__:used memory: 0 M
INFO:__main__:FuncIndex is 1673, time overhead is 0.17946338653564453
INFO:__main__:used memory: 0 M
INFO:__main__:FuncIndex is 1674, time overhead is 0.09344100952148438
INFO:__main__:used memory: 1 M
INFO:__main__:FuncIndex is 1675, time overhead is 0.0531468391418457
INFO:__main__:used memory: 0 M
INFO:__main__:FuncIndex is 1676, time overhead is 0.04526233673095703
INFO:__main__:used memory: 0 M
INFO:__main__:FuncIndex is 1677, time overhead is 0.08602738380432129
INFO:__main__:used memory: -1 M
INFO:__main__:FuncIndex is 1678, time overhead is 0.0739433765411377
INFO:root:
INFO:__main__:used memory: 1 M
INFO:__main__:FuncIndex is 1679, time overhead is 0.03424215316772461
INFO:__main__:used memory: 10 M
INFO:__main__:FuncIndex is 1680, time overhead is 2.332376480102539
INFO:__main__:used memory: 2 M
INFO:__main__:FuncIndex is 1681, time overhead is 0.04552769660949707
INFO:__main__:used memory: 4 M
INFO:__main__:FuncIndex is 1682, time overhead is 0.04152250289916992
INFO:__main__:used memory: -21 M
INFO:__main__:FuncIndex is 1683, time overhead is 0.033592939376831055
INFO:__main__:used memory: 0 M
INFO:__main__:FuncIndex is 1684, time overhead is 0.035878896713256836
INFO:__main__:used memory: 1 M
INFO:__main__:FuncIndex is 1685, time overhead is 0.0341649055480957
INFO:__main__:used memory: -1 M
INFO:__main__:FuncIndex is 1686, time overhead is 0.03466057777404785
INFO:__main__:used memory: 1 M
INFO:__main__:FuncIndex is 1687, time overhead is 0.05249643325805664
INFO:__main__:used memory: 0 M
INFO:__main__:FuncIndex is 1688, time overhead is 0.037567853927612305
INFO:__main__:used memory: 1 M
INFO:__main__:FuncIndex is 1689, time overhead is 0.0395665168762207
INFO:__main__:used memory: 0 M
INFO:__main__:FuncIndex is 1690, time overhead is 0.04955792427062988
INFO:__main__:[exception] used memory: 0 M
INFO:__main__:[exception] FuncIndex is 1691, time overhead is 0.02276134490966797
INFO:__main__:used memory: 0 M
INFO:__main__:FuncIndex is 1692, time overhead is 0.04895591735839844
INFO:__main__:used memory: 1 M
INFO:__main__:FuncIndex is 1693, time overhead is 0.03169584274291992
INFO:__main__:used memory: 1 M
INFO:__main__:FuncIndex is 1694, time overhead is 0.03263521194458008
INFO:__main__:used memory: -1 M
INFO:__main__:FuncIndex is 1695, time overhead is 0.03399348258972168
INFO:__main__:used memory: 1 M
INFO:__main__:FuncIndex is 1696, time overhead is 0.03328680992126465
INFO:__main__:used memory: 0 M
INFO:__main__:FuncIndex is 1697, time overhead is 0.03295636177062988
INFO:__main__:used memory: 0 M
INFO:__main__:FuncIndex is 1698, time overhead is 0.03346967697143555
INFO:__main__:used memory: 0 M
INFO:__main__:FuncIndex is 1699, time overhead is 0.030802011489868164
INFO:__main__:used memory: 0 M
INFO:__main__:FuncIndex is 1700, time overhead is 0.031720876693725586
INFO:__main__:used memory: 0 M
INFO:__main__:FuncIndex is 1701, time overhead is 0.03251028060913086
INFO:__main__:used memory: 7 M
INFO:__main__:FuncIndex is 1702, time overhead is 0.22397875785827637
INFO:__main__:used memory: 1 M
INFO:__main__:FuncIndex is 1703, time overhead is 0.08836030960083008
INFO:root:
INFO:__main__:used memory: 1 M
INFO:__main__:FuncIndex is 1704, time overhead is 0.03576493263244629
INFO:__main__:used memory: 0 M
INFO:__main__:FuncIndex is 1705, time overhead is 0.03151249885559082
INFO:__main__:[exception] used memory: 0 M
INFO:__main__:[exception] FuncIndex is 1706, time overhead is 0.0013959407806396484
INFO:__main__:used memory: 0 M
INFO:__main__:FuncIndex is 1707, time overhead is 0.07385087013244629
INFO:__main__:used memory: 4 M
INFO:__main__:FuncIndex is 1708, time overhead is 0.24220514297485352
INFO:__main__:used memory: 6 M
INFO:__main__:FuncIndex is 1709, time overhead is 0.884263277053833
INFO:__main__:[exception] used memory: 0 M
INFO:__main__:[exception] FuncIndex is 1710, time overhead is 0.4055917263031006
INFO:__main__:used memory: 24 M
INFO:__main__:FuncIndex is 1711, time overhead is 83.43723011016846
INFO:__main__:used memory: 1 M
INFO:__main__:FuncIndex is 1712, time overhead is 0.0656440258026123
INFO:__main__:used memory: 0 M
INFO:__main__:FuncIndex is 1713, time overhead is 0.1644458770751953
INFO:__main__:used memory: 0 M
INFO:__main__:FuncIndex is 1714, time overhead is 0.07732129096984863
INFO:__main__:used memory: 0 M
INFO:__main__:FuncIndex is 1715, time overhead is 0.057062387466430664
INFO:__main__:used memory: -29 M
INFO:__main__:FuncIndex is 1716, time overhead is 2.236388683319092
INFO:__main__:used memory: -1 M
INFO:__main__:FuncIndex is 1717, time overhead is 0.3975186347961426
INFO:__main__:used memory: -5 M
INFO:__main__:FuncIndex is 1718, time overhead is 0.2818794250488281
INFO:__main__:used memory: -2 M
INFO:__main__:FuncIndex is 1719, time overhead is 8.991955995559692
INFO:__main__:used memory: 10 M
INFO:__main__:FuncIndex is 1720, time overhead is 1.4768190383911133
INFO:__main__:used memory: -1 M
INFO:__main__:FuncIndex is 1721, time overhead is 0.30329036712646484
INFO:__main__:used memory: 1 M
INFO:__main__:FuncIndex is 1722, time overhead is 0.10317182540893555
INFO:__main__:[exception] used memory: 0 M
INFO:__main__:[exception] FuncIndex is 1723, time overhead is 0.02103281021118164
INFO:__main__:used memory: -1 M
INFO:__main__:FuncIndex is 1724, time overhead is 0.08646249771118164
INFO:__main__:used memory: 0 M
INFO:__main__:FuncIndex is 1725, time overhead is 0.05754399299621582
INFO:__main__:used memory: 1 M
INFO:__main__:FuncIndex is 1726, time overhead is 0.3737185001373291
INFO:__main__:used memory: -10 M
INFO:__main__:FuncIndex is 1727, time overhead is 0.40183448791503906
INFO:__main__:used memory: 0 M
INFO:__main__:FuncIndex is 1728, time overhead is 0.03668093681335449
INFO:__main__:used memory: 0 M
INFO:__main__:FuncIndex is 1729, time overhead is 0.06051754951477051
INFO:__main__:used memory: 0 M
INFO:__main__:FuncIndex is 1730, time overhead is 0.04475808143615723
INFO:__main__:used memory: 1 M
INFO:__main__:FuncIndex is 1731, time overhead is 0.04785799980163574
INFO:root:
INFO:__main__:used memory: -1 M
INFO:__main__:FuncIndex is 1732, time overhead is 0.3084292411804199
INFO:__main__:used memory: -1 M
INFO:__main__:FuncIndex is 1733, time overhead is 0.12726211547851562
INFO:__main__:used memory: 191 M
INFO:__main__:FuncIndex is 1734, time overhead is 47.762595653533936
INFO:__main__:used memory: 12 M
INFO:__main__:FuncIndex is 1735, time overhead is 0.3480947017669678
INFO:__main__:[exception] used memory: 21 M
INFO:__main__:[exception] FuncIndex is 1736, time overhead is 171.73543119430542
INFO:__main__:used memory: 0 M
INFO:__main__:FuncIndex is 1737, time overhead is 0.03812456130981445
INFO:__main__:used memory: -162 M
INFO:__main__:FuncIndex is 1738, time overhead is 5.1694440841674805
INFO:__main__:used memory: -20 M
INFO:__main__:FuncIndex is 1739, time overhead is 0.7276184558868408
INFO:__main__:used memory: 0 M
INFO:__main__:FuncIndex is 1740, time overhead is 0.04679369926452637
INFO:__main__:used memory: -9 M
INFO:__main__:FuncIndex is 1741, time overhead is 1.1249048709869385
INFO:__main__:used memory: 0 M
INFO:__main__:FuncIndex is 1742, time overhead is 0.32573437690734863
INFO:__main__:used memory: 0 M
INFO:__main__:FuncIndex is 1743, time overhead is 0.7714335918426514
INFO:__main__:used memory: 0 M
INFO:__main__:FuncIndex is 1744, time overhead is 0.5162773132324219
INFO:__main__:used memory: 1 M
INFO:__main__:FuncIndex is 1745, time overhead is 0.07421755790710449
INFO:__main__:used memory: -1 M
INFO:__main__:FuncIndex is 1746, time overhead is 0.46386075019836426
INFO:__main__:[exception] used memory: 0 M
INFO:__main__:[exception] FuncIndex is 1747, time overhead is 14.147886276245117
INFO:__main__:[exception] used memory: -1 M
INFO:__main__:[exception] FuncIndex is 1748, time overhead is 0.9334416389465332
INFO:__main__:used memory: 0 M
INFO:__main__:FuncIndex is 1749, time overhead is 0.36688756942749023
INFO:__main__:used memory: 21 M
INFO:__main__:FuncIndex is 1750, time overhead is 4.905595064163208
INFO:__main__:used memory: -11 M
INFO:__main__:FuncIndex is 1751, time overhead is 0.6315689086914062
INFO:__main__:used memory: -3 M
INFO:__main__:FuncIndex is 1752, time overhead is 0.05204153060913086
INFO:__main__:used memory: -1 M
INFO:__main__:FuncIndex is 1753, time overhead is 0.4354257583618164
INFO:__main__:[exception] used memory: 0 M
INFO:__main__:[exception] FuncIndex is 1754, time overhead is 0.04810738563537598
INFO:__main__:[exception] used memory: 0 M
INFO:__main__:[exception] FuncIndex is 1755, time overhead is 0.01949286460876465
INFO:__main__:used memory: -3 M
INFO:__main__:FuncIndex is 1756, time overhead is 1.7485198974609375
INFO:__main__:used memory: 0 M
INFO:__main__:FuncIndex is 1757, time overhead is 0.15131640434265137
INFO:__main__:used memory: 1 M
INFO:__main__:FuncIndex is 1758, time overhead is 0.03722071647644043
INFO:__main__:used memory: -1 M
INFO:__main__:FuncIndex is 1759, time overhead is 0.17887496948242188
INFO:__main__:used memory: 1 M
INFO:__main__:FuncIndex is 1760, time overhead is 0.06590104103088379
INFO:__main__:used memory: -1 M
INFO:__main__:FuncIndex is 1761, time overhead is 0.06205558776855469
INFO:__main__:used memory: 0 M
INFO:__main__:FuncIndex is 1762, time overhead is 0.1934366226196289
INFO:__main__:used memory: 0 M
INFO:__main__:FuncIndex is 1763, time overhead is 0.04960894584655762
INFO:__main__:used memory: 0 M
INFO:__main__:FuncIndex is 1764, time overhead is 0.1436917781829834
INFO:__main__:used memory: 0 M
INFO:__main__:FuncIndex is 1765, time overhead is 0.03521466255187988
INFO:__main__:used memory: 0 M
INFO:__main__:FuncIndex is 1766, time overhead is 0.4247419834136963
INFO:__main__:used memory: 1 M
INFO:__main__:FuncIndex is 1767, time overhead is 0.06377935409545898
INFO:__main__:used memory: 1 M
INFO:__main__:FuncIndex is 1768, time overhead is 0.05939149856567383
INFO:root:
INFO:__main__:used memory: -1 M
INFO:__main__:FuncIndex is 1769, time overhead is 0.12357902526855469
INFO:__main__:used memory: 1 M
INFO:__main__:FuncIndex is 1770, time overhead is 1.0853395462036133
INFO:__main__:used memory: 0 M
INFO:__main__:FuncIndex is 1771, time overhead is 0.6427617073059082
INFO:__main__:used memory: 0 M
INFO:__main__:FuncIndex is 1772, time overhead is 0.048058509826660156
INFO:__main__:used memory: -1 M
INFO:__main__:FuncIndex is 1773, time overhead is 9.09465503692627
INFO:__main__:used memory: 15 M
INFO:__main__:FuncIndex is 1774, time overhead is 3.423243761062622
INFO:__main__:used memory: -1 M
INFO:__main__:FuncIndex is 1775, time overhead is 0.15558648109436035
INFO:__main__:[exception] used memory: 0 M
INFO:__main__:[exception] FuncIndex is 1776, time overhead is 0.020220041275024414
INFO:__main__:[exception] used memory: 1 M
INFO:__main__:[exception] FuncIndex is 1777, time overhead is 23.451794147491455
INFO:__main__:used memory: 1 M
INFO:__main__:FuncIndex is 1778, time overhead is 0.025798559188842773
INFO:__main__:used memory: -2 M
INFO:__main__:FuncIndex is 1779, time overhead is 0.36062192916870117
INFO:__main__:used memory: 1 M
INFO:__main__:FuncIndex is 1780, time overhead is 0.025497913360595703
INFO:__main__:used memory: 0 M
INFO:__main__:FuncIndex is 1781, time overhead is 0.0811762809753418
INFO:__main__:used memory: -1 M
INFO:__main__:FuncIndex is 1782, time overhead is 0.20492339134216309
INFO:__main__:used memory: 0 M
INFO:__main__:FuncIndex is 1783, time overhead is 0.07036638259887695
INFO:__main__:used memory: 0 M
INFO:__main__:FuncIndex is 1784, time overhead is 0.12865376472473145
INFO:__main__:[exception] used memory: 0 M
INFO:__main__:[exception] FuncIndex is 1785, time overhead is 0.12826228141784668
INFO:__main__:used memory: 1 M
INFO:__main__:FuncIndex is 1786, time overhead is 0.04530048370361328
INFO:__main__:used memory: -1 M
INFO:__main__:FuncIndex is 1787, time overhead is 0.05519294738769531
INFO:__main__:used memory: 1 M
INFO:__main__:FuncIndex is 1788, time overhead is 0.03566265106201172
INFO:__main__:used memory: 0 M
INFO:__main__:FuncIndex is 1789, time overhead is 0.04089999198913574
INFO:__main__:used memory: 1 M
INFO:__main__:FuncIndex is 1790, time overhead is 0.10747361183166504
INFO:__main__:used memory: 3 M
INFO:__main__:FuncIndex is 1791, time overhead is 0.22342753410339355
INFO:__main__:used memory: 1 M
INFO:__main__:FuncIndex is 1792, time overhead is 0.04799509048461914
INFO:__main__:[exception] used memory: 0 M
INFO:__main__:[exception] FuncIndex is 1793, time overhead is 0.002572298049926758
INFO:__main__:used memory: 0 M
INFO:__main__:FuncIndex is 1794, time overhead is 0.05363893508911133
INFO:__main__:used memory: 2 M
INFO:__main__:FuncIndex is 1795, time overhead is 0.09754014015197754
INFO:__main__:used memory: 2 M
INFO:__main__:FuncIndex is 1796, time overhead is 0.08189010620117188
INFO:__main__:used memory: -12 M
INFO:__main__:FuncIndex is 1797, time overhead is 21.799323558807373
INFO:__main__:used memory: 0 M
INFO:__main__:FuncIndex is 1798, time overhead is 21.494272470474243
INFO:__main__:used memory: 0 M
INFO:__main__:FuncIndex is 1799, time overhead is 0.060544729232788086
INFO:root:
INFO:__main__:used memory: 1 M
INFO:__main__:FuncIndex is 1800, time overhead is 0.1760725975036621
INFO:__main__:All time: 730.214480638504
