INFO:__main__:FuncIndex is 32, start time is 1620701362.0602572
INFO:__main__:FuncIndex is 32, end time is 1620701362.2526503
INFO:__main__:used memory: 5 M
INFO:__main__:FuncIndex is 32, time overhead is 0.19239306449890137
INFO:__main__:FuncIndex is 33, start time is 1620701362.2534213
INFO:__main__:FuncIndex is 33, end time is 1620701362.8969119
INFO:__main__:used memory: 17 M
INFO:__main__:FuncIndex is 33, time overhead is 0.6434905529022217
INFO:__main__:FuncIndex is 34, start time is 1620701362.8978145
INFO:__main__:FuncIndex is 34, end time is 1620701379.9506981
INFO:__main__:used memory: 63 M
INFO:__main__:FuncIndex is 34, time overhead is 17.052883625030518
INFO:__main__:FuncIndex is 35, start time is 1620701379.9535096
INFO:__main__:FuncIndex is 35, end time is 1620701380.0080128
INFO:__main__:used memory: 0 M
INFO:__main__:FuncIndex is 35, time overhead is 0.05450320243835449
INFO:__main__:FuncIndex is 36, start time is 1620701380.010848
INFO:root:reached unreachable
INFO:root:reached unreachable
INFO:__main__:FuncIndex is 36, end time is 1620701380.094692
INFO:__main__:used memory: 0 M
INFO:__main__:FuncIndex is 36, time overhead is 0.08384394645690918
INFO:__main__:FuncIndex is 37, start time is 1620701380.0953794
INFO:root:unsupport call_indirect now
INFO:__main__:FuncIndex is 37, end time is 1620701380.1388292
INFO:__main__:used memory: 0 M
INFO:__main__:FuncIndex is 37, time overhead is 0.04344987869262695
INFO:__main__:FuncIndex is 38, start time is 1620701380.139518
INFO:__main__:FuncIndex is 38, end time is 1620701381.904413
INFO:__main__:used memory: -45 M
INFO:__main__:FuncIndex is 38, time overhead is 1.764894962310791
INFO:__main__:FuncIndex is 39, start time is 1620701381.9070308
INFO:__main__:FuncIndex is 39, end time is 1620701381.9561121
INFO:__main__:used memory: 0 M
INFO:__main__:FuncIndex is 39, time overhead is 0.04908132553100586
INFO:__main__:FuncIndex is 40, start time is 1620701381.9589
INFO:__main__:FuncIndex is 40, end time is 1620701381.9926624
INFO:__main__:used memory: 0 M
INFO:__main__:FuncIndex is 40, time overhead is 0.033762454986572266
INFO:__main__:FuncIndex is 41, start time is 1620701381.993328
INFO:__main__:FuncIndex is 41, end time is 1620701382.0279074
INFO:__main__:used memory: -1 M
INFO:__main__:FuncIndex is 41, time overhead is 0.03457927703857422
INFO:__main__:FuncIndex is 42, start time is 1620701382.0288763
INFO:__main__:FuncIndex is 42, end time is 1620701382.0559847
INFO:__main__:used memory: 0 M
INFO:__main__:FuncIndex is 42, time overhead is 0.027108430862426758
INFO:__main__:FuncIndex is 43, start time is 1620701382.0566885
INFO:__main__:FuncIndex is 43, end time is 1620701382.1268682
INFO:__main__:used memory: 0 M
INFO:__main__:FuncIndex is 43, time overhead is 0.07017970085144043
INFO:__main__:FuncIndex is 44, start time is 1620701382.12755
INFO:__main__:FuncIndex is 44, end time is 1620701382.164786
INFO:__main__:used memory: 0 M
INFO:__main__:FuncIndex is 44, time overhead is 0.03723621368408203
INFO:__main__:FuncIndex is 45, start time is 1620701382.1655705
INFO:__main__:FuncIndex is 45, end time is 1620701382.1905684
INFO:__main__:used memory: 0 M
INFO:__main__:FuncIndex is 45, time overhead is 0.024997949600219727
INFO:__main__:FuncIndex is 46, start time is 1620701382.191281
INFO:__main__:FuncIndex is 46, end time is 1620701382.2456672
INFO:__main__:used memory: -1 M
INFO:__main__:FuncIndex is 46, time overhead is 0.054386138916015625
INFO:__main__:FuncIndex is 47, start time is 1620701382.2462614
INFO:__main__:FuncIndex is 47, end time is 1620701382.366653
INFO:__main__:used memory: 0 M
INFO:__main__:FuncIndex is 47, time overhead is 0.1203916072845459
INFO:__main__:FuncIndex is 48, start time is 1620701382.3690498
INFO:__main__:FuncIndex is 48, end time is 1620701382.3909721
INFO:__main__:used memory: 1 M
INFO:__main__:FuncIndex is 48, time overhead is 0.02192234992980957
INFO:__main__:FuncIndex is 49, start time is 1620701382.3915803
INFO:__main__:FuncIndex is 49, end time is 1620701382.4251668
INFO:__main__:used memory: 0 M
INFO:__main__:FuncIndex is 49, time overhead is 0.03358650207519531
INFO:__main__:FuncIndex is 50, start time is 1620701382.425918
INFO:__main__:FuncIndex is 50, end time is 1620701382.4507766
INFO:__main__:used memory: 0 M
INFO:__main__:FuncIndex is 50, time overhead is 0.024858474731445312
INFO:__main__:FuncIndex is 51, start time is 1620701382.451314
INFO:__main__:FuncIndex is 51, end time is 1620701382.4999998
INFO:__main__:used memory: -1 M
INFO:__main__:FuncIndex is 51, time overhead is 0.04868578910827637
INFO:__main__:FuncIndex is 52, start time is 1620701382.5024154
INFO:__main__:FuncIndex is 52, end time is 1620701382.534932
INFO:__main__:used memory: 1 M
INFO:__main__:FuncIndex is 52, time overhead is 0.0325164794921875
INFO:__main__:FuncIndex is 53, start time is 1620701382.5355527
INFO:__main__:FuncIndex is 53, end time is 1620701382.5655525
INFO:__main__:used memory: 0 M
INFO:__main__:FuncIndex is 53, time overhead is 0.029999732971191406
INFO:__main__:FuncIndex is 54, start time is 1620701382.56613
INFO:__main__:FuncIndex is 54, end time is 1620701382.5996332
INFO:__main__:used memory: -1 M
INFO:__main__:FuncIndex is 54, time overhead is 0.03350329399108887
INFO:__main__:FuncIndex is 55, start time is 1620701382.6003542
INFO:__main__:FuncIndex is 55, end time is 1620701382.6401474
INFO:__main__:used memory: 0 M
INFO:__main__:FuncIndex is 55, time overhead is 0.03979325294494629
INFO:__main__:FuncIndex is 56, start time is 1620701382.64079
INFO:__main__:FuncIndex is 56, end time is 1620701382.6625822
INFO:__main__:used memory: 0 M
INFO:__main__:FuncIndex is 56, time overhead is 0.021792173385620117
INFO:__main__:FuncIndex is 57, start time is 1620701382.6631997
INFO:__main__:FuncIndex is 57, end time is 1620701382.7304692
INFO:__main__:used memory: 0 M
INFO:__main__:FuncIndex is 57, time overhead is 0.06726956367492676
INFO:__main__:FuncIndex is 58, start time is 1620701382.733127
INFO:__main__:FuncIndex is 58, end time is 1620701382.7741737
INFO:__main__:used memory: 1 M
INFO:__main__:FuncIndex is 58, time overhead is 0.0410466194152832
INFO:__main__:FuncIndex is 59, start time is 1620701382.7766705
INFO:__main__:FuncIndex is 59, end time is 1620701382.81181
INFO:__main__:used memory: 0 M
INFO:__main__:FuncIndex is 59, time overhead is 0.03513956069946289
INFO:__main__:FuncIndex is 60, start time is 1620701382.8125706
INFO:__main__:FuncIndex is 60, end time is 1620701382.8435445
INFO:__main__:used memory: 0 M
INFO:__main__:FuncIndex is 60, time overhead is 0.03097391128540039
INFO:__main__:FuncIndex is 61, start time is 1620701382.8443363
INFO:__main__:FuncIndex is 61, end time is 1620701382.8700879
INFO:__main__:used memory: 0 M
INFO:__main__:FuncIndex is 61, time overhead is 0.025751590728759766
INFO:__main__:FuncIndex is 62, start time is 1620701382.8707232
INFO:__main__:FuncIndex is 62, end time is 1620701382.9507053
INFO:__main__:used memory: -1 M
INFO:__main__:FuncIndex is 62, time overhead is 0.07998204231262207
INFO:__main__:FuncIndex is 63, start time is 1620701382.953529
INFO:root:b'Sorts (_ BitVec 32) and (_ BitVec 64) are incompatible'
INFO:__main__:FuncIndex is 63, end time is 1620701382.980784
INFO:__main__:used memory: 2 M
INFO:__main__:FuncIndex is 63, time overhead is 0.02725505828857422
INFO:__main__:FuncIndex is 64, start time is 1620701382.9814646
INFO:__main__:FuncIndex is 64, end time is 1620701383.02729
INFO:__main__:used memory: -1 M
INFO:__main__:FuncIndex is 64, time overhead is 0.04582548141479492
INFO:__main__:FuncIndex is 65, start time is 1620701383.0280707
INFO:__main__:FuncIndex is 65, end time is 1620701383.055295
INFO:__main__:used memory: 0 M
INFO:__main__:FuncIndex is 65, time overhead is 0.027224302291870117
INFO:__main__:FuncIndex is 66, start time is 1620701383.056094
INFO:__main__:FuncIndex is 66, end time is 1620701383.0925663
INFO:__main__:used memory: 0 M
INFO:__main__:FuncIndex is 66, time overhead is 0.036472320556640625
INFO:__main__:FuncIndex is 67, start time is 1620701383.0931592
INFO:__main__:FuncIndex is 67, end time is 1620701383.1654272
INFO:__main__:used memory: 0 M
INFO:__main__:FuncIndex is 67, time overhead is 0.07226800918579102
INFO:__main__:FuncIndex is 68, start time is 1620701383.1682568
INFO:__main__:FuncIndex is 68, end time is 1620701383.2284205
INFO:__main__:used memory: 0 M
INFO:__main__:FuncIndex is 68, time overhead is 0.06016373634338379
INFO:__main__:FuncIndex is 69, start time is 1620701383.2307677
INFO:__main__:FuncIndex is 69, end time is 1620701383.2977335
INFO:__main__:used memory: 0 M
INFO:__main__:FuncIndex is 69, time overhead is 0.06696581840515137
INFO:__main__:FuncIndex is 70, start time is 1620701383.3004463
INFO:__main__:FuncIndex is 70, end time is 1620701383.3525498
INFO:__main__:used memory: 0 M
INFO:__main__:FuncIndex is 70, time overhead is 0.052103519439697266
INFO:__main__:FuncIndex is 71, start time is 1620701383.3549912
INFO:__main__:FuncIndex is 71, end time is 1620701383.4032912
INFO:__main__:used memory: 0 M
INFO:__main__:FuncIndex is 71, time overhead is 0.04830002784729004
INFO:__main__:FuncIndex is 72, start time is 1620701383.4060428
INFO:__main__:FuncIndex is 72, end time is 1620701383.4461477
INFO:__main__:used memory: 0 M
INFO:__main__:FuncIndex is 72, time overhead is 0.04010486602783203
INFO:__main__:FuncIndex is 73, start time is 1620701383.448875
INFO:__main__:FuncIndex is 73, end time is 1620701383.515459
INFO:__main__:used memory: 0 M
INFO:__main__:FuncIndex is 73, time overhead is 0.06658411026000977
INFO:__main__:FuncIndex is 74, start time is 1620701383.5179033
INFO:__main__:FuncIndex is 74, end time is 1620701383.5903034
INFO:__main__:used memory: 1 M
INFO:__main__:FuncIndex is 74, time overhead is 0.07240009307861328
INFO:__main__:FuncIndex is 75, start time is 1620701383.5929456
INFO:__main__:FuncIndex is 75, end time is 1620701383.7698333
INFO:__main__:used memory: 2 M
INFO:__main__:FuncIndex is 75, time overhead is 0.17688775062561035
INFO:__main__:FuncIndex is 76, start time is 1620701383.772216
INFO:__main__:FuncIndex is 76, end time is 1620701383.9096625
INFO:__main__:used memory: 3 M
INFO:__main__:FuncIndex is 76, time overhead is 0.13744640350341797
INFO:__main__:FuncIndex is 77, start time is 1620701383.912239
INFO:__main__:FuncIndex is 77, end time is 1620701384.1087728
INFO:__main__:used memory: 1 M
INFO:__main__:FuncIndex is 77, time overhead is 0.1965336799621582
INFO:__main__:FuncIndex is 78, start time is 1620701384.1116514
INFO:__main__:FuncIndex is 78, end time is 1620701384.4481788
INFO:__main__:used memory: -4 M
INFO:__main__:FuncIndex is 78, time overhead is 0.33652734756469727
INFO:__main__:FuncIndex is 79, start time is 1620701384.4509442
INFO:__main__:FuncIndex is 79, end time is 1620701384.819779
INFO:__main__:used memory: 0 M
INFO:__main__:FuncIndex is 79, time overhead is 0.3688347339630127
INFO:__main__:FuncIndex is 80, start time is 1620701384.8234823
INFO:__main__:FuncIndex is 80, end time is 1620701385.0696533
INFO:__main__:used memory: 0 M
INFO:__main__:FuncIndex is 80, time overhead is 0.2461709976196289
INFO:__main__:FuncIndex is 81, start time is 1620701385.0722032
INFO:__main__:FuncIndex is 81, end time is 1620701385.1218014
INFO:__main__:used memory: 0 M
INFO:__main__:FuncIndex is 81, time overhead is 0.04959821701049805
INFO:__main__:FuncIndex is 82, start time is 1620701385.1242993
INFO:__main__:FuncIndex is 82, end time is 1620701385.1776357
INFO:__main__:used memory: -1 M
INFO:__main__:FuncIndex is 82, time overhead is 0.053336381912231445
INFO:__main__:FuncIndex is 83, start time is 1620701385.1805794
INFO:__main__:FuncIndex is 83, end time is 1620701385.2357528
INFO:__main__:used memory: 0 M
INFO:__main__:FuncIndex is 83, time overhead is 0.055173397064208984
INFO:__main__:FuncIndex is 84, start time is 1620701385.23848
INFO:__main__:FuncIndex is 84, end time is 1620701385.2908158
INFO:__main__:used memory: 0 M
INFO:__main__:FuncIndex is 84, time overhead is 0.05233573913574219
INFO:__main__:FuncIndex is 85, start time is 1620701385.2937381
INFO:__main__:FuncIndex is 85, end time is 1620701385.3283904
INFO:__main__:used memory: 1 M
INFO:__main__:FuncIndex is 85, time overhead is 0.0346522331237793
INFO:__main__:FuncIndex is 86, start time is 1620701385.3290727
INFO:__main__:FuncIndex is 86, end time is 1620701385.3730373
INFO:__main__:used memory: 0 M
INFO:__main__:FuncIndex is 86, time overhead is 0.04396462440490723
INFO:__main__:FuncIndex is 87, start time is 1620701385.373821
INFO:__main__:FuncIndex is 87, end time is 1620701385.4146883
INFO:__main__:used memory: 0 M
INFO:__main__:FuncIndex is 87, time overhead is 0.04086732864379883
INFO:__main__:FuncIndex is 88, start time is 1620701385.4154267
INFO:__main__:FuncIndex is 88, end time is 1620701385.4651563
INFO:__main__:used memory: 0 M
INFO:__main__:FuncIndex is 88, time overhead is 0.04972958564758301
INFO:__main__:FuncIndex is 89, start time is 1620701385.4678435
INFO:__main__:FuncIndex is 89, end time is 1620701385.5076475
INFO:__main__:used memory: -1 M
INFO:__main__:FuncIndex is 89, time overhead is 0.03980398178100586
INFO:__main__:FuncIndex is 90, start time is 1620701385.5083487
INFO:__main__:FuncIndex is 90, end time is 1620701385.5373433
INFO:__main__:used memory: 1 M
INFO:__main__:FuncIndex is 90, time overhead is 0.02899456024169922
INFO:__main__:FuncIndex is 91, start time is 1620701385.5379734
INFO:root:reached unreachable
INFO:__main__:FuncIndex is 91, end time is 1620701385.5703964
INFO:__main__:used memory: -1 M
INFO:__main__:FuncIndex is 91, time overhead is 0.03242301940917969
INFO:__main__:FuncIndex is 92, start time is 1620701385.5712237
INFO:__main__:FuncIndex is 92, end time is 1620701385.6041832
INFO:__main__:used memory: 0 M
INFO:__main__:FuncIndex is 92, time overhead is 0.0329594612121582
INFO:__main__:FuncIndex is 93, start time is 1620701385.6048532
INFO:__main__:FuncIndex is 93, end time is 1620701385.6405334
INFO:__main__:used memory: 1 M
INFO:__main__:FuncIndex is 93, time overhead is 0.035680294036865234
INFO:__main__:FuncIndex is 94, start time is 1620701385.6411483
INFO:root:'Context' object has no attribute 'mem'
INFO:root:'Context' object has no attribute 'mem'
INFO:root:'Context' object has no attribute 'mem'
INFO:root:'Context' object has no attribute 'mem'
INFO:root:Timed out!
INFO:root:'Context' object has no attribute 'mem'
INFO:root:'Context' object has no attribute 'mem'
INFO:root:'Context' object has no attribute 'mem'
INFO:root:'Context' object has no attribute 'mem'
INFO:root:'Context' object has no attribute 'mem'
INFO:root:'Context' object has no attribute 'mem'
INFO:root:'Context' object has no attribute 'mem'
INFO:root:'Context' object has no attribute 'mem'
INFO:__main__:FuncIndex is 94, end time is 1620701404.9892662
INFO:__main__:used memory: 14 M
INFO:__main__:FuncIndex is 94, time overhead is 19.34811782836914
INFO:__main__:FuncIndex is 95, start time is 1620701404.9922264
INFO:__main__:FuncIndex is 95, end time is 1620701405.136517
INFO:__main__:used memory: 1 M
INFO:__main__:FuncIndex is 95, time overhead is 0.14429068565368652
INFO:__main__:FuncIndex is 96, start time is 1620701405.1393337
INFO:__main__:FuncIndex is 96, end time is 1620701405.2139776
INFO:__main__:used memory: 0 M
INFO:__main__:FuncIndex is 96, time overhead is 0.07464385032653809
INFO:__main__:FuncIndex is 97, start time is 1620701405.2166333
INFO:__main__:FuncIndex is 97, end time is 1620701405.2400792
INFO:__main__:used memory: 0 M
INFO:__main__:FuncIndex is 97, time overhead is 0.023445844650268555
INFO:__main__:FuncIndex is 98, start time is 1620701405.2407722
INFO:__main__:FuncIndex is 98, end time is 1620701405.2866943
INFO:__main__:used memory: 1 M
INFO:__main__:FuncIndex is 98, time overhead is 0.045922040939331055
INFO:__main__:FuncIndex is 99, start time is 1620701405.2872598
INFO:__main__:FuncIndex is 99, end time is 1620701405.316717
INFO:__main__:used memory: 0 M
INFO:__main__:FuncIndex is 99, time overhead is 0.02945709228515625
INFO:__main__:FuncIndex is 100, start time is 1620701405.3172991
INFO:__main__:FuncIndex is 100, end time is 1620701405.3726156
INFO:__main__:used memory: 0 M
INFO:__main__:FuncIndex is 100, time overhead is 0.05531644821166992
INFO:__main__:FuncIndex is 101, start time is 1620701405.3732517
INFO:__main__:FuncIndex is 101, end time is 1620701405.4321747
INFO:__main__:used memory: 0 M
INFO:__main__:FuncIndex is 101, time overhead is 0.05892300605773926
INFO:__main__:FuncIndex is 102, start time is 1620701405.4337146
INFO:__main__:FuncIndex is 102, end time is 1620701405.5997193
INFO:__main__:used memory: 3 M
INFO:__main__:FuncIndex is 102, time overhead is 0.16600465774536133
INFO:__main__:FuncIndex is 103, start time is 1620701405.6024325
INFO:__main__:FuncIndex is 103, end time is 1620701405.7394106
INFO:__main__:used memory: 3 M
INFO:__main__:FuncIndex is 103, time overhead is 0.1369781494140625
INFO:__main__:FuncIndex is 104, start time is 1620701405.7423415
INFO:__main__:FuncIndex is 104, end time is 1620701405.8553774
INFO:__main__:used memory: 1 M
INFO:__main__:FuncIndex is 104, time overhead is 0.11303591728210449
INFO:__main__:FuncIndex is 105, start time is 1620701405.8584857
INFO:__main__:FuncIndex is 105, end time is 1620701405.9842176
INFO:__main__:used memory: 1 M
INFO:__main__:FuncIndex is 105, time overhead is 0.1257319450378418
INFO:__main__:FuncIndex is 106, start time is 1620701405.9870858
INFO:__main__:FuncIndex is 106, end time is 1620701406.1492124
INFO:__main__:used memory: 2 M
INFO:__main__:FuncIndex is 106, time overhead is 0.1621265411376953
INFO:__main__:FuncIndex is 107, start time is 1620701406.1524887
INFO:__main__:FuncIndex is 107, end time is 1620701406.2564385
INFO:__main__:used memory: 1 M
INFO:__main__:FuncIndex is 107, time overhead is 0.10394978523254395
INFO:__main__:FuncIndex is 108, start time is 1620701406.2597141
INFO:__main__:FuncIndex is 108, end time is 1620701406.363662
INFO:__main__:used memory: 1 M
INFO:__main__:FuncIndex is 108, time overhead is 0.10394787788391113
INFO:__main__:FuncIndex is 109, start time is 1620701406.3666112
INFO:__main__:FuncIndex is 109, end time is 1620701406.5105793
INFO:__main__:used memory: 2 M
INFO:__main__:FuncIndex is 109, time overhead is 0.1439681053161621
INFO:__main__:FuncIndex is 110, start time is 1620701406.5133696
INFO:__main__:FuncIndex is 110, end time is 1620701406.578568
INFO:__main__:used memory: 1 M
INFO:__main__:FuncIndex is 110, time overhead is 0.06519842147827148
INFO:__main__:FuncIndex is 111, start time is 1620701406.5813239
INFO:__main__:FuncIndex is 111, end time is 1620701406.6517143
INFO:__main__:used memory: 1 M
INFO:__main__:FuncIndex is 111, time overhead is 0.07039046287536621
INFO:__main__:FuncIndex is 112, start time is 1620701406.6549022
INFO:__main__:FuncIndex is 112, end time is 1620701406.9505932
INFO:__main__:used memory: 2 M
INFO:__main__:FuncIndex is 112, time overhead is 0.29569101333618164
INFO:__main__:FuncIndex is 113, start time is 1620701406.9535673
INFO:__main__:FuncIndex is 113, end time is 1620701407.3542705
INFO:__main__:used memory: -25 M
INFO:__main__:FuncIndex is 113, time overhead is 0.40070319175720215
INFO:__main__:FuncIndex is 114, start time is 1620701407.3564894
INFO:__main__:FuncIndex is 114, end time is 1620701407.4082136
INFO:__main__:used memory: 1 M
INFO:__main__:FuncIndex is 114, time overhead is 0.05172419548034668
INFO:__main__:FuncIndex is 115, start time is 1620701407.410908
INFO:__main__:FuncIndex is 115, end time is 1620701407.4535735
INFO:__main__:used memory: 0 M
INFO:__main__:FuncIndex is 115, time overhead is 0.04266548156738281
INFO:__main__:FuncIndex is 116, start time is 1620701407.4542782
INFO:__main__:FuncIndex is 116, end time is 1620701407.4859853
INFO:__main__:used memory: 0 M
INFO:__main__:FuncIndex is 116, time overhead is 0.031707048416137695
INFO:__main__:FuncIndex is 117, start time is 1620701407.4866464
INFO:__main__:FuncIndex is 117, end time is 1620701407.553791
INFO:__main__:used memory: 0 M
INFO:__main__:FuncIndex is 117, time overhead is 0.06714463233947754
INFO:__main__:FuncIndex is 118, start time is 1620701407.55439
INFO:__main__:FuncIndex is 118, end time is 1620701407.5843337
INFO:__main__:used memory: 0 M
INFO:__main__:FuncIndex is 118, time overhead is 0.02994370460510254
INFO:__main__:FuncIndex is 119, start time is 1620701407.5850255
INFO:__main__:FuncIndex is 119, end time is 1620701407.6191242
INFO:__main__:used memory: 0 M
INFO:__main__:FuncIndex is 119, time overhead is 0.03409862518310547
INFO:__main__:FuncIndex is 120, start time is 1620701407.6198897
INFO:__main__:FuncIndex is 120, end time is 1620701407.6473236
INFO:__main__:used memory: 0 M
INFO:__main__:FuncIndex is 120, time overhead is 0.02743387222290039
INFO:__main__:FuncIndex is 121, start time is 1620701407.6481223
INFO:__main__:FuncIndex is 121, end time is 1620701407.9218435
INFO:__main__:used memory: 0 M
INFO:__main__:FuncIndex is 121, time overhead is 0.27372121810913086
INFO:__main__:FuncIndex is 122, start time is 1620701407.9242072
INFO:__main__:FuncIndex is 122, end time is 1620701408.5251052
INFO:__main__:used memory: 0 M
INFO:__main__:FuncIndex is 122, time overhead is 0.600898027420044
INFO:__main__:FuncIndex is 123, start time is 1620701408.5257647
INFO:__main__:FuncIndex is 123, end time is 1620701408.7137632
INFO:__main__:used memory: -1 M
INFO:__main__:FuncIndex is 123, time overhead is 0.18799853324890137
INFO:__main__:FuncIndex is 124, start time is 1620701408.7145634
INFO:__main__:FuncIndex is 124, end time is 1620701408.7378185
INFO:__main__:used memory: 2 M
INFO:__main__:FuncIndex is 124, time overhead is 0.023255109786987305
INFO:__main__:FuncIndex is 125, start time is 1620701408.7384408
INFO:__main__:FuncIndex is 125, end time is 1620701409.0061302
INFO:__main__:used memory: -2 M
INFO:__main__:FuncIndex is 125, time overhead is 0.26768946647644043
INFO:__main__:FuncIndex is 126, start time is 1620701409.0087206
INFO:__main__:FuncIndex is 126, end time is 1620701409.0333984
INFO:__main__:used memory: 2 M
INFO:__main__:FuncIndex is 126, time overhead is 0.024677753448486328
INFO:__main__:FuncIndex is 127, start time is 1620701409.0340965
INFO:__main__:FuncIndex is 127, end time is 1620701409.7358398
INFO:__main__:used memory: 0 M
INFO:__main__:FuncIndex is 127, time overhead is 0.7017433643341064
INFO:__main__:FuncIndex is 128, start time is 1620701409.7389174
INFO:__main__:FuncIndex is 128, end time is 1620701409.8083763
INFO:__main__:used memory: 0 M
INFO:__main__:FuncIndex is 128, time overhead is 0.0694589614868164
INFO:__main__:FuncIndex is 129, start time is 1620701409.811062
INFO:root:sort mismatch
INFO:__main__:FuncIndex is 129, end time is 1620701409.849026
INFO:__main__:used memory: 0 M
INFO:__main__:FuncIndex is 129, time overhead is 0.0379638671875
INFO:__main__:FuncIndex is 130, start time is 1620701409.8496475
INFO:__main__:FuncIndex is 130, end time is 1620701409.915059
INFO:__main__:used memory: -1 M
INFO:__main__:FuncIndex is 130, time overhead is 0.06541156768798828
INFO:__main__:FuncIndex is 131, start time is 1620701409.917593
INFO:__main__:[exception] used memory: 0 M
INFO:__main__:[exception] FuncIndex is 131, time overhead is 0.0010731220245361328
INFO:__main__:FuncIndex is 132, start time is 1620701409.9189372
INFO:__main__:[exception] used memory: 0 M
INFO:__main__:[exception] FuncIndex is 132, time overhead is 0.0008177757263183594
INFO:__main__:FuncIndex is 133, start time is 1620701409.9200134
INFO:__main__:FuncIndex is 133, end time is 1620701409.983141
INFO:__main__:used memory: 0 M
INFO:__main__:FuncIndex is 133, time overhead is 0.06312751770019531
INFO:__main__:FuncIndex is 134, start time is 1620701409.9840035
INFO:__main__:FuncIndex is 134, end time is 1620701410.0117936
INFO:__main__:used memory: 0 M
INFO:__main__:FuncIndex is 134, time overhead is 0.027790069580078125
INFO:__main__:FuncIndex is 135, start time is 1620701410.0126019
INFO:__main__:FuncIndex is 135, end time is 1620701410.0372355
INFO:__main__:used memory: -1 M
INFO:__main__:FuncIndex is 135, time overhead is 0.02463364601135254
INFO:__main__:FuncIndex is 136, start time is 1620701410.0378923
INFO:__main__:FuncIndex is 136, end time is 1620701410.0634766
INFO:__main__:used memory: 1 M
INFO:__main__:FuncIndex is 136, time overhead is 0.02558422088623047
INFO:__main__:FuncIndex is 137, start time is 1620701410.0642378
INFO:__main__:FuncIndex is 137, end time is 1620701410.1029568
INFO:__main__:used memory: 1 M
INFO:__main__:FuncIndex is 137, time overhead is 0.03871893882751465
INFO:__main__:FuncIndex is 138, start time is 1620701410.1035528
INFO:__main__:[exception] used memory: 0 M
INFO:__main__:[exception] FuncIndex is 138, time overhead is 0.0013904571533203125
INFO:__main__:FuncIndex is 139, start time is 1620701410.1052313
INFO:__main__:FuncIndex is 139, end time is 1620701411.0424385
INFO:__main__:used memory: -2 M
INFO:__main__:FuncIndex is 139, time overhead is 0.9372072219848633
INFO:__main__:FuncIndex is 140, start time is 1620701411.0431774
INFO:__main__:FuncIndex is 140, end time is 1620701411.0696084
INFO:__main__:used memory: 0 M
INFO:__main__:FuncIndex is 140, time overhead is 0.02643108367919922
INFO:__main__:FuncIndex is 141, start time is 1620701411.0702856
INFO:__main__:FuncIndex is 141, end time is 1620701411.0987306
INFO:__main__:used memory: 0 M
INFO:__main__:FuncIndex is 141, time overhead is 0.028445005416870117
INFO:__main__:FuncIndex is 142, start time is 1620701411.099439
INFO:__main__:FuncIndex is 142, end time is 1620701411.7952197
INFO:__main__:used memory: 0 M
INFO:__main__:FuncIndex is 142, time overhead is 0.6957807540893555
INFO:__main__:FuncIndex is 143, start time is 1620701411.7959442
INFO:__main__:FuncIndex is 143, end time is 1620701411.9415457
INFO:__main__:used memory: 0 M
INFO:__main__:FuncIndex is 143, time overhead is 0.14560151100158691
INFO:__main__:FuncIndex is 144, start time is 1620701411.9422295
INFO:__main__:FuncIndex is 144, end time is 1620701411.975487
INFO:__main__:used memory: 1 M
INFO:__main__:FuncIndex is 144, time overhead is 0.033257484436035156
INFO:__main__:FuncIndex is 145, start time is 1620701411.9771273
INFO:__main__:FuncIndex is 145, end time is 1620701412.0735288
INFO:__main__:used memory: -1 M
INFO:__main__:FuncIndex is 145, time overhead is 0.09640145301818848
INFO:__main__:FuncIndex is 146, start time is 1620701412.0760112
INFO:__main__:[exception] used memory: 0 M
INFO:__main__:[exception] FuncIndex is 146, time overhead is 1.4796373844146729
INFO:__main__:FuncIndex is 147, start time is 1620701413.5588412
INFO:__main__:FuncIndex is 147, end time is 1620701413.5892339
INFO:__main__:used memory: 1 M
INFO:__main__:FuncIndex is 147, time overhead is 0.03039264678955078
INFO:__main__:FuncIndex is 148, start time is 1620701413.589991
INFO:__main__:FuncIndex is 148, end time is 1620701415.6988676
INFO:__main__:used memory: 1 M
INFO:__main__:FuncIndex is 148, time overhead is 2.1088764667510986
INFO:__main__:FuncIndex is 149, start time is 1620701415.7022045
INFO:__main__:FuncIndex is 149, end time is 1620701415.7361112
INFO:__main__:used memory: 0 M
INFO:__main__:FuncIndex is 149, time overhead is 0.03390669822692871
INFO:__main__:FuncIndex is 150, start time is 1620701415.7367382
INFO:__main__:FuncIndex is 150, end time is 1620701415.7692163
INFO:__main__:used memory: 0 M
INFO:__main__:FuncIndex is 150, time overhead is 0.03247809410095215
INFO:__main__:FuncIndex is 151, start time is 1620701415.7698066
INFO:__main__:FuncIndex is 151, end time is 1620701415.7943742
INFO:__main__:used memory: 1 M
INFO:__main__:FuncIndex is 151, time overhead is 0.024567604064941406
INFO:__main__:FuncIndex is 152, start time is 1620701415.795098
INFO:__main__:[exception] used memory: 0 M
INFO:__main__:[exception] FuncIndex is 152, time overhead is 0.0016751289367675781
INFO:__main__:FuncIndex is 153, start time is 1620701415.7971485
INFO:__main__:FuncIndex is 153, end time is 1620701415.8257885
INFO:__main__:used memory: 1 M
INFO:__main__:FuncIndex is 153, time overhead is 0.028640031814575195
INFO:__main__:FuncIndex is 154, start time is 1620701415.826521
INFO:__main__:FuncIndex is 154, end time is 1620701415.8516397
INFO:__main__:used memory: 0 M
INFO:__main__:FuncIndex is 154, time overhead is 0.02511882781982422
INFO:__main__:FuncIndex is 155, start time is 1620701415.8523786
INFO:__main__:FuncIndex is 155, end time is 1620701415.8775778
INFO:__main__:used memory: -1 M
INFO:__main__:FuncIndex is 155, time overhead is 0.025199174880981445
INFO:__main__:FuncIndex is 156, start time is 1620701415.8781838
INFO:__main__:FuncIndex is 156, end time is 1620701415.9027467
INFO:__main__:used memory: -1 M
INFO:__main__:FuncIndex is 156, time overhead is 0.024562835693359375
INFO:__main__:FuncIndex is 157, start time is 1620701415.9033885
INFO:__main__:FuncIndex is 157, end time is 1620701415.949062
INFO:__main__:used memory: 0 M
INFO:__main__:FuncIndex is 157, time overhead is 0.04567360877990723
INFO:__main__:FuncIndex is 158, start time is 1620701415.9516263
INFO:__main__:[exception] used memory: 0 M
INFO:__main__:[exception] FuncIndex is 158, time overhead is 0.007790088653564453
INFO:__main__:FuncIndex is 159, start time is 1620701415.9597383
INFO:__main__:FuncIndex is 159, end time is 1620701417.3094707
INFO:__main__:used memory: -1 M
INFO:__main__:FuncIndex is 159, time overhead is 1.3497323989868164
INFO:__main__:FuncIndex is 160, start time is 1620701417.3102782
INFO:__main__:FuncIndex is 160, end time is 1620701418.2760227
INFO:__main__:used memory: 1 M
INFO:__main__:FuncIndex is 160, time overhead is 0.9657444953918457
INFO:__main__:FuncIndex is 161, start time is 1620701418.2767093
INFO:__main__:FuncIndex is 161, end time is 1620701418.4521017
INFO:__main__:used memory: 0 M
INFO:__main__:FuncIndex is 161, time overhead is 0.17539238929748535
INFO:__main__:FuncIndex is 162, start time is 1620701418.454615
INFO:__main__:FuncIndex is 162, end time is 1620701418.492227
INFO:__main__:used memory: 1 M
INFO:__main__:FuncIndex is 162, time overhead is 0.037611961364746094
INFO:__main__:FuncIndex is 163, start time is 1620701418.494997
INFO:__main__:FuncIndex is 163, end time is 1620701418.521115
INFO:__main__:used memory: 0 M
INFO:__main__:FuncIndex is 163, time overhead is 0.026118040084838867
INFO:__main__:FuncIndex is 164, start time is 1620701418.5218127
INFO:root:b'Sorts (_ BitVec 32) and (_ BitVec 64) are incompatible'
INFO:__main__:FuncIndex is 164, end time is 1620701418.5523372
INFO:__main__:used memory: 1 M
INFO:__main__:FuncIndex is 164, time overhead is 0.030524492263793945
INFO:__main__:FuncIndex is 165, start time is 1620701418.5530806
INFO:__main__:FuncIndex is 165, end time is 1620701418.8164947
INFO:__main__:used memory: -2 M
INFO:__main__:FuncIndex is 165, time overhead is 0.2634141445159912
INFO:__main__:FuncIndex is 166, start time is 1620701418.8171535
INFO:__main__:[exception] used memory: 0 M
INFO:__main__:[exception] FuncIndex is 166, time overhead is 0.0014688968658447266
INFO:__main__:FuncIndex is 167, start time is 1620701418.818914
INFO:__main__:FuncIndex is 167, end time is 1620701419.0480833
INFO:__main__:used memory: -1 M
INFO:__main__:FuncIndex is 167, time overhead is 0.22916936874389648
INFO:__main__:FuncIndex is 168, start time is 1620701419.051078
INFO:__main__:FuncIndex is 168, end time is 1620701419.1092935
INFO:__main__:used memory: 1 M
INFO:__main__:FuncIndex is 168, time overhead is 0.05821537971496582
INFO:__main__:FuncIndex is 169, start time is 1620701419.111883
INFO:__main__:[exception] used memory: -1 M
INFO:__main__:[exception] FuncIndex is 169, time overhead is 0.07534384727478027
INFO:__main__:FuncIndex is 170, start time is 1620701419.188992
INFO:__main__:FuncIndex is 170, end time is 1620701419.2181895
INFO:__main__:used memory: 1 M
INFO:__main__:FuncIndex is 170, time overhead is 0.02919745445251465
INFO:__main__:FuncIndex is 171, start time is 1620701419.2188232
INFO:__main__:FuncIndex is 171, end time is 1620701419.2491171
INFO:__main__:used memory: 0 M
INFO:__main__:FuncIndex is 171, time overhead is 0.030293941497802734
INFO:__main__:FuncIndex is 172, start time is 1620701419.2498155
INFO:__main__:FuncIndex is 172, end time is 1620701419.2753394
INFO:__main__:used memory: 1 M
INFO:__main__:FuncIndex is 172, time overhead is 0.025523900985717773
INFO:__main__:FuncIndex is 173, start time is 1620701419.276235
INFO:__main__:FuncIndex is 173, end time is 1620701419.3618712
INFO:__main__:used memory: 0 M
INFO:__main__:FuncIndex is 173, time overhead is 0.08563613891601562
INFO:__main__:FuncIndex is 174, start time is 1620701419.3667014
INFO:__main__:FuncIndex is 174, end time is 1620701419.7371504
INFO:__main__:used memory: -1 M
INFO:__main__:FuncIndex is 174, time overhead is 0.3704490661621094
INFO:__main__:FuncIndex is 175, start time is 1620701419.7396133
INFO:__main__:FuncIndex is 175, end time is 1620701420.0861323
INFO:__main__:used memory: 1 M
INFO:__main__:FuncIndex is 175, time overhead is 0.34651899337768555
INFO:__main__:FuncIndex is 176, start time is 1620701420.0868042
INFO:__main__:FuncIndex is 176, end time is 1620701420.12101
INFO:__main__:used memory: 0 M
INFO:__main__:FuncIndex is 176, time overhead is 0.03420591354370117
INFO:__main__:FuncIndex is 177, start time is 1620701420.1215775
INFO:__main__:FuncIndex is 177, end time is 1620701420.155196
INFO:__main__:used memory: 0 M
INFO:__main__:FuncIndex is 177, time overhead is 0.03361845016479492
INFO:__main__:FuncIndex is 178, start time is 1620701420.1559823
INFO:root:
INFO:__main__:FuncIndex is 178, end time is 1620701420.1829343
INFO:__main__:used memory: 0 M
INFO:__main__:FuncIndex is 178, time overhead is 0.026952028274536133
INFO:__main__:FuncIndex is 179, start time is 1620701420.1835659
INFO:__main__:FuncIndex is 179, end time is 1620701420.3967874
INFO:__main__:used memory: -1 M
INFO:__main__:FuncIndex is 179, time overhead is 0.21322154998779297
INFO:__main__:FuncIndex is 180, start time is 1620701420.39918
INFO:__main__:FuncIndex is 180, end time is 1620701420.4641294
INFO:__main__:used memory: 0 M
INFO:__main__:FuncIndex is 180, time overhead is 0.06494951248168945
INFO:__main__:FuncIndex is 181, start time is 1620701420.464795
INFO:__main__:FuncIndex is 181, end time is 1620701420.4886057
INFO:__main__:used memory: 1 M
INFO:__main__:FuncIndex is 181, time overhead is 0.023810625076293945
INFO:__main__:FuncIndex is 182, start time is 1620701420.489234
INFO:__main__:[exception] used memory: 0 M
INFO:__main__:[exception] FuncIndex is 182, time overhead is 0.0027332305908203125
INFO:__main__:FuncIndex is 183, start time is 1620701420.4924402
INFO:__main__:FuncIndex is 183, end time is 1620701420.5333033
INFO:__main__:used memory: 0 M
INFO:__main__:FuncIndex is 183, time overhead is 0.040863037109375
INFO:__main__:FuncIndex is 184, start time is 1620701420.53399
INFO:__main__:FuncIndex is 184, end time is 1620701420.5678277
INFO:__main__:used memory: 1 M
INFO:__main__:FuncIndex is 184, time overhead is 0.03383779525756836
INFO:__main__:FuncIndex is 185, start time is 1620701420.5686433
INFO:__main__:FuncIndex is 185, end time is 1620701420.8690522
INFO:__main__:used memory: -2 M
INFO:__main__:FuncIndex is 185, time overhead is 0.30040884017944336
INFO:__main__:FuncIndex is 186, start time is 1620701420.8715818
INFO:__main__:FuncIndex is 186, end time is 1620701421.044849
INFO:__main__:used memory: 0 M
INFO:__main__:FuncIndex is 186, time overhead is 0.17326712608337402
INFO:__main__:FuncIndex is 187, start time is 1620701421.0474212
INFO:__main__:FuncIndex is 187, end time is 1620701421.0843744
INFO:__main__:used memory: 1 M
INFO:__main__:FuncIndex is 187, time overhead is 0.03695321083068848
INFO:__main__:FuncIndex is 188, start time is 1620701421.0849743
INFO:__main__:FuncIndex is 188, end time is 1620701421.1103728
INFO:__main__:used memory: 0 M
INFO:__main__:FuncIndex is 188, time overhead is 0.02539849281311035
INFO:__main__:FuncIndex is 189, start time is 1620701421.1110022
INFO:__main__:FuncIndex is 189, end time is 1620701421.140376
INFO:__main__:used memory: 0 M
INFO:__main__:FuncIndex is 189, time overhead is 0.029373884201049805
INFO:__main__:FuncIndex is 190, start time is 1620701421.1410584
INFO:__main__:FuncIndex is 190, end time is 1620701421.2380621
INFO:__main__:used memory: 0 M
INFO:__main__:FuncIndex is 190, time overhead is 0.09700369834899902
INFO:__main__:FuncIndex is 191, start time is 1620701421.23867
INFO:__main__:FuncIndex is 191, end time is 1620701421.270849
INFO:__main__:used memory: 0 M
INFO:__main__:FuncIndex is 191, time overhead is 0.03217887878417969
INFO:__main__:FuncIndex is 192, start time is 1620701421.2715032
INFO:__main__:FuncIndex is 192, end time is 1620701421.2963874
INFO:__main__:used memory: 0 M
INFO:__main__:FuncIndex is 192, time overhead is 0.02488422393798828
INFO:__main__:FuncIndex is 193, start time is 1620701421.297091
INFO:root:WASM: Signature mismatch in call for function 1294
INFO:__main__:[exception] used memory: -1 M
INFO:__main__:[exception] FuncIndex is 193, time overhead is 0.044203758239746094
INFO:__main__:FuncIndex is 194, start time is 1620701421.3424377
INFO:__main__:FuncIndex is 194, end time is 1620701421.4539814
INFO:__main__:used memory: 0 M
INFO:__main__:FuncIndex is 194, time overhead is 0.11154365539550781
INFO:__main__:FuncIndex is 195, start time is 1620701421.4566495
INFO:__main__:FuncIndex is 195, end time is 1620701421.4796233
INFO:__main__:used memory: 1 M
INFO:__main__:FuncIndex is 195, time overhead is 0.02297377586364746
INFO:__main__:FuncIndex is 196, start time is 1620701421.4803867
INFO:__main__:FuncIndex is 196, end time is 1620701422.1248162
INFO:__main__:used memory: -1 M
INFO:__main__:FuncIndex is 196, time overhead is 0.6444294452667236
INFO:__main__:FuncIndex is 197, start time is 1620701422.1276433
INFO:__main__:[exception] used memory: 1 M
INFO:__main__:[exception] FuncIndex is 197, time overhead is 0.3191390037536621
INFO:__main__:FuncIndex is 198, start time is 1620701422.4493358
INFO:__main__:FuncIndex is 198, end time is 1620701422.5920563
INFO:__main__:used memory: 0 M
INFO:__main__:FuncIndex is 198, time overhead is 0.14272046089172363
INFO:__main__:FuncIndex is 199, start time is 1620701422.5928876
INFO:__main__:FuncIndex is 199, end time is 1620701422.665985
INFO:__main__:used memory: 0 M
INFO:__main__:FuncIndex is 199, time overhead is 0.07309746742248535
INFO:__main__:FuncIndex is 200, start time is 1620701422.6686563
INFO:__main__:FuncIndex is 200, end time is 1620701422.7018101
INFO:__main__:used memory: 0 M
INFO:__main__:FuncIndex is 200, time overhead is 0.03315377235412598
INFO:__main__:FuncIndex is 201, start time is 1620701422.7023559
INFO:__main__:FuncIndex is 201, end time is 1620701422.7926826
INFO:__main__:used memory: 0 M
INFO:__main__:FuncIndex is 201, time overhead is 0.09032678604125977
INFO:__main__:FuncIndex is 202, start time is 1620701422.795249
INFO:__main__:FuncIndex is 202, end time is 1620701423.1259878
INFO:__main__:used memory: 0 M
INFO:__main__:FuncIndex is 202, time overhead is 0.33073878288269043
INFO:__main__:FuncIndex is 203, start time is 1620701423.1268923
INFO:__main__:[exception] used memory: 0 M
INFO:__main__:[exception] FuncIndex is 203, time overhead is 0.0010099411010742188
INFO:__main__:FuncIndex is 204, start time is 1620701423.1281946
INFO:__main__:FuncIndex is 204, end time is 1620701423.171441
INFO:__main__:used memory: 0 M
INFO:__main__:FuncIndex is 204, time overhead is 0.04324650764465332
INFO:__main__:FuncIndex is 205, start time is 1620701423.17408
INFO:__main__:FuncIndex is 205, end time is 1620701423.2079132
INFO:__main__:used memory: 0 M
INFO:__main__:FuncIndex is 205, time overhead is 0.03383326530456543
INFO:__main__:FuncIndex is 206, start time is 1620701423.2085962
INFO:__main__:FuncIndex is 206, end time is 1620701423.3538408
INFO:__main__:used memory: -1 M
INFO:__main__:FuncIndex is 206, time overhead is 0.14524459838867188
INFO:__main__:FuncIndex is 207, start time is 1620701423.354467
INFO:__main__:[exception] used memory: 0 M
INFO:__main__:[exception] FuncIndex is 207, time overhead is 0.029567480087280273
INFO:__main__:FuncIndex is 208, start time is 1620701423.3850667
INFO:__main__:[exception] used memory: 0 M
INFO:__main__:[exception] FuncIndex is 208, time overhead is 0.0033876895904541016
INFO:__main__:FuncIndex is 209, start time is 1620701423.3887732
INFO:__main__:FuncIndex is 209, end time is 1620701423.4130669
INFO:__main__:used memory: 1 M
INFO:__main__:FuncIndex is 209, time overhead is 0.02429366111755371
INFO:__main__:FuncIndex is 210, start time is 1620701423.4136336
INFO:__main__:FuncIndex is 210, end time is 1620701423.4354055
INFO:__main__:used memory: 0 M
INFO:__main__:FuncIndex is 210, time overhead is 0.021771907806396484
INFO:__main__:FuncIndex is 211, start time is 1620701423.436242
INFO:__main__:FuncIndex is 211, end time is 1620701423.4600897
INFO:__main__:used memory: 0 M
INFO:__main__:FuncIndex is 211, time overhead is 0.023847579956054688
INFO:__main__:FuncIndex is 212, start time is 1620701423.4606874
INFO:__main__:FuncIndex is 212, end time is 1620701423.4965568
INFO:__main__:used memory: 0 M
INFO:__main__:FuncIndex is 212, time overhead is 0.03586935997009277
INFO:__main__:FuncIndex is 213, start time is 1620701423.4993894
INFO:__main__:FuncIndex is 213, end time is 1620701423.541128
INFO:__main__:used memory: 0 M
INFO:__main__:FuncIndex is 213, time overhead is 0.04173851013183594
INFO:__main__:FuncIndex is 214, start time is 1620701423.541731
INFO:__main__:FuncIndex is 214, end time is 1620701423.601601
INFO:__main__:used memory: 0 M
INFO:__main__:FuncIndex is 214, time overhead is 0.05986976623535156
INFO:__main__:FuncIndex is 215, start time is 1620701423.6022184
INFO:__main__:FuncIndex is 215, end time is 1620701423.714432
INFO:__main__:used memory: -1 M
INFO:__main__:FuncIndex is 215, time overhead is 0.1122136116027832
INFO:__main__:FuncIndex is 216, start time is 1620701423.7172477
INFO:__main__:[exception] used memory: 4 M
INFO:__main__:[exception] FuncIndex is 216, time overhead is 9.999718189239502
INFO:__main__:FuncIndex is 217, start time is 1620701433.7195272
INFO:__main__:FuncIndex is 217, end time is 1620701433.7598355
INFO:__main__:used memory: 0 M
INFO:__main__:FuncIndex is 217, time overhead is 0.040308237075805664
INFO:__main__:FuncIndex is 218, start time is 1620701433.7606566
INFO:__main__:FuncIndex is 218, end time is 1620701433.7999473
INFO:__main__:used memory: 0 M
INFO:__main__:FuncIndex is 218, time overhead is 0.039290666580200195
INFO:__main__:FuncIndex is 219, start time is 1620701433.8006551
INFO:__main__:FuncIndex is 219, end time is 1620701437.398461
INFO:__main__:used memory: -1 M
INFO:__main__:FuncIndex is 219, time overhead is 3.597805976867676
INFO:__main__:FuncIndex is 220, start time is 1620701437.399381
INFO:__main__:FuncIndex is 220, end time is 1620701439.699414
INFO:__main__:used memory: 0 M
INFO:__main__:FuncIndex is 220, time overhead is 2.3000330924987793
INFO:__main__:FuncIndex is 221, start time is 1620701439.7005146
INFO:__main__:FuncIndex is 221, end time is 1620701439.7262297
INFO:__main__:used memory: 1 M
INFO:__main__:FuncIndex is 221, time overhead is 0.025715112686157227
INFO:__main__:FuncIndex is 222, start time is 1620701439.72688
INFO:__main__:FuncIndex is 222, end time is 1620701439.7516265
INFO:__main__:used memory: -1 M
INFO:__main__:FuncIndex is 222, time overhead is 0.024746417999267578
INFO:__main__:FuncIndex is 223, start time is 1620701439.7524095
INFO:__main__:FuncIndex is 223, end time is 1620701439.7890077
INFO:__main__:used memory: -1 M
INFO:__main__:FuncIndex is 223, time overhead is 0.03659820556640625
INFO:__main__:FuncIndex is 224, start time is 1620701439.7896526
INFO:__main__:FuncIndex is 224, end time is 1620701440.3359566
INFO:__main__:used memory: 0 M
INFO:__main__:FuncIndex is 224, time overhead is 0.5463039875030518
INFO:__main__:FuncIndex is 225, start time is 1620701440.3396401
INFO:__main__:FuncIndex is 225, end time is 1620701440.4279904
INFO:__main__:used memory: 1 M
INFO:__main__:FuncIndex is 225, time overhead is 0.08835029602050781
INFO:__main__:FuncIndex is 226, start time is 1620701440.4305973
INFO:root:unsupport call_indirect now
INFO:__main__:FuncIndex is 226, end time is 1620701440.465079
INFO:__main__:used memory: 0 M
INFO:__main__:FuncIndex is 226, time overhead is 0.03448176383972168
INFO:__main__:FuncIndex is 227, start time is 1620701440.4663265
INFO:__main__:FuncIndex is 227, end time is 1620701440.5209935
INFO:__main__:used memory: 0 M
INFO:__main__:FuncIndex is 227, time overhead is 0.054666996002197266
INFO:__main__:FuncIndex is 228, start time is 1620701440.5221317
INFO:__main__:FuncIndex is 228, end time is 1620701440.5517557
INFO:__main__:used memory: 1 M
INFO:__main__:FuncIndex is 228, time overhead is 0.029623985290527344
INFO:__main__:FuncIndex is 229, start time is 1620701440.552574
INFO:root:unsupport call_indirect now
INFO:root:unsupport call_indirect now
INFO:__main__:FuncIndex is 229, end time is 1620701440.5980067
INFO:__main__:used memory: -2 M
INFO:__main__:FuncIndex is 229, time overhead is 0.04543280601501465
INFO:__main__:FuncIndex is 230, start time is 1620701440.598709
INFO:__main__:FuncIndex is 230, end time is 1620701440.6446955
INFO:__main__:used memory: 0 M
INFO:__main__:FuncIndex is 230, time overhead is 0.04598641395568848
INFO:__main__:FuncIndex is 231, start time is 1620701440.6475658
INFO:__main__:FuncIndex is 231, end time is 1620701440.740691
INFO:__main__:used memory: 0 M
INFO:__main__:FuncIndex is 231, time overhead is 0.0931251049041748
INFO:__main__:FuncIndex is 232, start time is 1620701440.7413394
INFO:root:unsupport call_indirect now
INFO:__main__:FuncIndex is 232, end time is 1620701440.8311265
INFO:__main__:used memory: 0 M
INFO:__main__:FuncIndex is 232, time overhead is 0.08978700637817383
INFO:__main__:FuncIndex is 233, start time is 1620701440.833538
INFO:__main__:FuncIndex is 233, end time is 1620701440.9119213
INFO:__main__:used memory: 0 M
INFO:__main__:FuncIndex is 233, time overhead is 0.07838320732116699
INFO:__main__:FuncIndex is 234, start time is 1620701440.912635
INFO:root:unsupport call_indirect now
INFO:__main__:FuncIndex is 234, end time is 1620701440.998263
INFO:__main__:used memory: 0 M
INFO:__main__:FuncIndex is 234, time overhead is 0.08562779426574707
INFO:__main__:FuncIndex is 235, start time is 1620701441.0009115
INFO:__main__:FuncIndex is 235, end time is 1620701443.8784056
INFO:__main__:used memory: 0 M
INFO:__main__:FuncIndex is 235, time overhead is 2.8774940967559814
INFO:__main__:FuncIndex is 236, start time is 1620701443.8791707
INFO:__main__:FuncIndex is 236, end time is 1620701446.8883967
INFO:__main__:used memory: 0 M
INFO:__main__:FuncIndex is 236, time overhead is 3.009226083755493
INFO:__main__:FuncIndex is 237, start time is 1620701446.8892107
INFO:__main__:FuncIndex is 237, end time is 1620701446.925089
INFO:__main__:used memory: 1 M
INFO:__main__:FuncIndex is 237, time overhead is 0.03587818145751953
INFO:__main__:FuncIndex is 238, start time is 1620701446.9259343
INFO:__main__:FuncIndex is 238, end time is 1620701447.115359
INFO:__main__:used memory: 0 M
INFO:__main__:FuncIndex is 238, time overhead is 0.18942475318908691
INFO:__main__:FuncIndex is 239, start time is 1620701447.1184874
INFO:__main__:FuncIndex is 239, end time is 1620701447.2671864
INFO:__main__:used memory: 1 M
INFO:__main__:FuncIndex is 239, time overhead is 0.14869904518127441
INFO:__main__:FuncIndex is 240, start time is 1620701447.2679994
INFO:__main__:FuncIndex is 240, end time is 1620701447.3299787
INFO:__main__:used memory: 0 M
INFO:__main__:FuncIndex is 240, time overhead is 0.06197929382324219
INFO:__main__:FuncIndex is 241, start time is 1620701447.3307028
INFO:__main__:FuncIndex is 241, end time is 1620701447.487709
INFO:__main__:used memory: -1 M
INFO:__main__:FuncIndex is 241, time overhead is 0.15700626373291016
INFO:__main__:FuncIndex is 242, start time is 1620701447.491268
INFO:__main__:FuncIndex is 242, end time is 1620701447.574319
INFO:__main__:used memory: 1 M
INFO:__main__:FuncIndex is 242, time overhead is 0.08305096626281738
INFO:__main__:FuncIndex is 243, start time is 1620701447.5771816
INFO:__main__:FuncIndex is 243, end time is 1620701447.6083627
INFO:__main__:used memory: 0 M
INFO:__main__:FuncIndex is 243, time overhead is 0.03118109703063965
INFO:__main__:FuncIndex is 244, start time is 1620701447.609172
INFO:__main__:FuncIndex is 244, end time is 1620701447.6564887
INFO:__main__:used memory: 0 M
INFO:__main__:FuncIndex is 244, time overhead is 0.047316551208496094
INFO:__main__:FuncIndex is 245, start time is 1620701447.6572475
INFO:__main__:FuncIndex is 245, end time is 1620701447.7456396
INFO:__main__:used memory: 0 M
INFO:__main__:FuncIndex is 245, time overhead is 0.08839201927185059
INFO:__main__:FuncIndex is 246, start time is 1620701447.7488377
INFO:__main__:FuncIndex is 246, end time is 1620701447.7771783
INFO:__main__:used memory: 2 M
INFO:__main__:FuncIndex is 246, time overhead is 0.028340578079223633
INFO:__main__:FuncIndex is 247, start time is 1620701447.7778625
INFO:__main__:FuncIndex is 247, end time is 1620701447.8070781
INFO:__main__:used memory: 0 M
INFO:__main__:FuncIndex is 247, time overhead is 0.029215574264526367
INFO:__main__:FuncIndex is 248, start time is 1620701447.8079135
INFO:__main__:FuncIndex is 248, end time is 1620701447.8391545
INFO:__main__:used memory: 1 M
INFO:__main__:FuncIndex is 248, time overhead is 0.03124094009399414
INFO:__main__:FuncIndex is 249, start time is 1620701447.839895
INFO:__main__:FuncIndex is 249, end time is 1620701449.5210996
INFO:__main__:used memory: 1 M
INFO:__main__:FuncIndex is 249, time overhead is 1.6812045574188232
INFO:__main__:FuncIndex is 250, start time is 1620701449.5248132
INFO:__main__:[exception] used memory: 0 M
INFO:__main__:[exception] FuncIndex is 250, time overhead is 0.003996133804321289
INFO:__main__:FuncIndex is 251, start time is 1620701449.5293972
INFO:__main__:[exception] used memory: 0 M
INFO:__main__:[exception] FuncIndex is 251, time overhead is 0.002707242965698242
INFO:__main__:FuncIndex is 252, start time is 1620701449.5326617
INFO:__main__:FuncIndex is 252, end time is 1620701449.573227
INFO:__main__:used memory: -1 M
INFO:__main__:FuncIndex is 252, time overhead is 0.04056525230407715
INFO:__main__:FuncIndex is 253, start time is 1620701449.574135
INFO:root:b'Sorts (_ BitVec 32) and (_ BitVec 64) are incompatible'
INFO:__main__:FuncIndex is 253, end time is 1620701451.7201822
INFO:__main__:used memory: 3 M
INFO:__main__:FuncIndex is 253, time overhead is 2.1460471153259277
INFO:__main__:FuncIndex is 254, start time is 1620701451.721295
INFO:__main__:FuncIndex is 254, end time is 1620701451.8726735
INFO:__main__:used memory: 0 M
INFO:__main__:FuncIndex is 254, time overhead is 0.15137839317321777
INFO:__main__:FuncIndex is 255, start time is 1620701451.875315
INFO:__main__:FuncIndex is 255, end time is 1620701451.9043274
INFO:__main__:used memory: 1 M
INFO:__main__:FuncIndex is 255, time overhead is 0.029012441635131836
INFO:__main__:FuncIndex is 256, start time is 1620701451.9053988
INFO:root:unsupport call_indirect now
INFO:root:unsupport call_indirect now
INFO:__main__:[exception] used memory: 0 M
INFO:__main__:[exception] FuncIndex is 256, time overhead is 1.6322352886199951
INFO:__main__:FuncIndex is 257, start time is 1620701453.5418434
INFO:__main__:FuncIndex is 257, end time is 1620701455.7873926
INFO:__main__:used memory: 12 M
INFO:__main__:FuncIndex is 257, time overhead is 2.245549201965332
INFO:__main__:FuncIndex is 258, start time is 1620701455.7899601
INFO:__main__:FuncIndex is 258, end time is 1620701455.8303246
INFO:__main__:used memory: 0 M
INFO:__main__:FuncIndex is 258, time overhead is 0.04036450386047363
INFO:__main__:FuncIndex is 259, start time is 1620701455.8310127
INFO:__main__:FuncIndex is 259, end time is 1620701455.871076
INFO:__main__:used memory: 1 M
INFO:__main__:FuncIndex is 259, time overhead is 0.04006338119506836
INFO:__main__:FuncIndex is 260, start time is 1620701455.8717313
INFO:__main__:FuncIndex is 260, end time is 1620701455.8999748
INFO:__main__:used memory: -1 M
INFO:__main__:FuncIndex is 260, time overhead is 0.028243541717529297
INFO:__main__:FuncIndex is 261, start time is 1620701455.9006932
INFO:__main__:FuncIndex is 261, end time is 1620701456.1068475
INFO:__main__:used memory: 0 M
INFO:__main__:FuncIndex is 261, time overhead is 0.20615434646606445
INFO:__main__:FuncIndex is 262, start time is 1620701456.1075702
INFO:__main__:FuncIndex is 262, end time is 1620701456.342436
INFO:__main__:used memory: 0 M
INFO:__main__:FuncIndex is 262, time overhead is 0.23486590385437012
INFO:__main__:FuncIndex is 263, start time is 1620701456.343353
INFO:__main__:FuncIndex is 263, end time is 1620701456.3698642
INFO:__main__:used memory: 1 M
INFO:__main__:FuncIndex is 263, time overhead is 0.026511192321777344
INFO:__main__:FuncIndex is 264, start time is 1620701456.3706005
INFO:__main__:FuncIndex is 264, end time is 1620701460.8019087
INFO:__main__:used memory: -10 M
INFO:__main__:FuncIndex is 264, time overhead is 4.431308269500732
INFO:__main__:FuncIndex is 265, start time is 1620701460.805977
INFO:__main__:FuncIndex is 265, end time is 1620701461.773123
INFO:__main__:used memory: 0 M
INFO:__main__:FuncIndex is 265, time overhead is 0.9671459197998047
INFO:__main__:FuncIndex is 266, start time is 1620701461.7739077
INFO:__main__:[exception] used memory: 1 M
INFO:__main__:[exception] FuncIndex is 266, time overhead is 0.0385892391204834
INFO:__main__:FuncIndex is 267, start time is 1620701461.8131068
INFO:__main__:FuncIndex is 267, end time is 1620701461.8430178
INFO:__main__:used memory: -1 M
INFO:__main__:FuncIndex is 267, time overhead is 0.029911041259765625
INFO:__main__:FuncIndex is 268, start time is 1620701461.8436964
INFO:__main__:FuncIndex is 268, end time is 1620701461.8716817
INFO:__main__:used memory: 0 M
INFO:__main__:FuncIndex is 268, time overhead is 0.027985334396362305
INFO:__main__:FuncIndex is 269, start time is 1620701461.8724673
INFO:__main__:FuncIndex is 269, end time is 1620701463.784133
INFO:__main__:used memory: 4 M
INFO:__main__:FuncIndex is 269, time overhead is 1.911665678024292
INFO:__main__:FuncIndex is 270, start time is 1620701463.786582
INFO:__main__:FuncIndex is 270, end time is 1620701463.838692
INFO:__main__:used memory: 0 M
INFO:__main__:FuncIndex is 270, time overhead is 0.05210995674133301
INFO:__main__:FuncIndex is 271, start time is 1620701463.8394291
INFO:__main__:FuncIndex is 271, end time is 1620701463.912611
INFO:__main__:used memory: 0 M
INFO:__main__:FuncIndex is 271, time overhead is 0.0731818675994873
INFO:__main__:FuncIndex is 272, start time is 1620701463.9132266
INFO:__main__:FuncIndex is 272, end time is 1620701463.9828901
INFO:__main__:used memory: 0 M
INFO:__main__:FuncIndex is 272, time overhead is 0.06966352462768555
INFO:__main__:FuncIndex is 273, start time is 1620701463.983583
INFO:__main__:FuncIndex is 273, end time is 1620701464.0324745
INFO:__main__:used memory: 0 M
INFO:__main__:FuncIndex is 273, time overhead is 0.048891544342041016
INFO:__main__:FuncIndex is 274, start time is 1620701464.0332165
INFO:__main__:FuncIndex is 274, end time is 1620701464.084317
INFO:__main__:used memory: 1 M
INFO:__main__:FuncIndex is 274, time overhead is 0.05110049247741699
INFO:__main__:FuncIndex is 275, start time is 1620701464.0874865
INFO:__main__:FuncIndex is 275, end time is 1620701464.139818
INFO:__main__:used memory: 0 M
INFO:__main__:FuncIndex is 275, time overhead is 0.05233144760131836
INFO:__main__:FuncIndex is 276, start time is 1620701464.1429694
INFO:__main__:FuncIndex is 276, end time is 1620701464.2221255
INFO:__main__:used memory: 0 M
INFO:__main__:FuncIndex is 276, time overhead is 0.07915616035461426
INFO:__main__:FuncIndex is 277, start time is 1620701464.2249084
INFO:__main__:FuncIndex is 277, end time is 1620701464.2515278
INFO:__main__:used memory: 0 M
INFO:__main__:FuncIndex is 277, time overhead is 0.026619434356689453
INFO:__main__:FuncIndex is 278, start time is 1620701464.2522726
INFO:__main__:[exception] used memory: 1 M
INFO:__main__:[exception] FuncIndex is 278, time overhead is 5.631228446960449
INFO:__main__:FuncIndex is 279, start time is 1620701469.8867447
INFO:root:unsupport call_indirect now
INFO:root:unsupport call_indirect now
INFO:__main__:FuncIndex is 279, end time is 1620701469.929672
INFO:__main__:used memory: 0 M
INFO:__main__:FuncIndex is 279, time overhead is 0.04292726516723633
INFO:__main__:FuncIndex is 280, start time is 1620701469.9303455
INFO:__main__:FuncIndex is 280, end time is 1620701470.028203
INFO:__main__:used memory: 0 M
INFO:__main__:FuncIndex is 280, time overhead is 0.09785747528076172
INFO:__main__:FuncIndex is 281, start time is 1620701470.0310616
INFO:__main__:FuncIndex is 281, end time is 1620701470.0739434
INFO:__main__:used memory: 1 M
INFO:__main__:FuncIndex is 281, time overhead is 0.04288172721862793
INFO:__main__:FuncIndex is 282, start time is 1620701470.0771248
INFO:__main__:FuncIndex is 282, end time is 1620701470.4065945
INFO:__main__:used memory: -6 M
INFO:__main__:FuncIndex is 282, time overhead is 0.3294696807861328
INFO:__main__:FuncIndex is 283, start time is 1620701470.409871
INFO:__main__:FuncIndex is 283, end time is 1620701475.3522785
INFO:__main__:used memory: 19 M
INFO:__main__:FuncIndex is 283, time overhead is 4.9424073696136475
INFO:__main__:FuncIndex is 284, start time is 1620701475.3548164
INFO:__main__:FuncIndex is 284, end time is 1620701475.39414
INFO:__main__:used memory: 0 M
INFO:__main__:FuncIndex is 284, time overhead is 0.03932356834411621
INFO:__main__:FuncIndex is 285, start time is 1620701475.3948343
INFO:root:unsupport call_indirect now
INFO:__main__:FuncIndex is 285, end time is 1620701475.4845505
INFO:__main__:used memory: 0 M
INFO:__main__:FuncIndex is 285, time overhead is 0.08971619606018066
INFO:__main__:FuncIndex is 286, start time is 1620701475.4874358
INFO:__main__:FuncIndex is 286, end time is 1620701475.5252712
INFO:__main__:used memory: 1 M
INFO:__main__:FuncIndex is 286, time overhead is 0.03783535957336426
INFO:__main__:FuncIndex is 287, start time is 1620701475.5260005
INFO:__main__:[exception] used memory: 2 M
INFO:__main__:[exception] FuncIndex is 287, time overhead is 121.44609594345093
INFO:__main__:FuncIndex is 288, start time is 1620701596.9798603
INFO:__main__:[exception] used memory: 0 M
INFO:__main__:[exception] FuncIndex is 288, time overhead is 259.1188323497772
INFO:__main__:FuncIndex is 289, start time is 1620701856.1070228
INFO:__main__:[exception] used memory: 0 M
INFO:__main__:[exception] FuncIndex is 289, time overhead is 0.0020084381103515625
INFO:__main__:FuncIndex is 290, start time is 1620701856.1095028
INFO:__main__:FuncIndex is 290, end time is 1620701856.1798859
INFO:__main__:used memory: -1 M
INFO:__main__:FuncIndex is 290, time overhead is 0.07038307189941406
INFO:__main__:FuncIndex is 291, start time is 1620701856.1806552
INFO:__main__:FuncIndex is 291, end time is 1620701856.5533392
INFO:__main__:used memory: -1 M
INFO:__main__:FuncIndex is 291, time overhead is 0.3726840019226074
INFO:__main__:FuncIndex is 292, start time is 1620701856.55762
INFO:__main__:FuncIndex is 292, end time is 1620701856.6339648
INFO:__main__:used memory: 0 M
INFO:__main__:FuncIndex is 292, time overhead is 0.07634472846984863
INFO:__main__:FuncIndex is 293, start time is 1620701856.6380093
INFO:__main__:FuncIndex is 293, end time is 1620701856.709925
INFO:__main__:used memory: 1 M
INFO:__main__:FuncIndex is 293, time overhead is 0.0719156265258789
INFO:__main__:FuncIndex is 294, start time is 1620701856.7107828
INFO:__main__:FuncIndex is 294, end time is 1620701864.2487655
INFO:__main__:used memory: 12 M
INFO:__main__:FuncIndex is 294, time overhead is 7.537982702255249
INFO:__main__:FuncIndex is 295, start time is 1620701864.251756
INFO:__main__:FuncIndex is 295, end time is 1620701864.2938032
INFO:__main__:used memory: 1 M
INFO:__main__:FuncIndex is 295, time overhead is 0.04204726219177246
INFO:__main__:FuncIndex is 296, start time is 1620701864.2945015
INFO:root:
INFO:__main__:FuncIndex is 296, end time is 1620701864.3422155
INFO:__main__:used memory: 1 M
INFO:__main__:FuncIndex is 296, time overhead is 0.0477139949798584
INFO:__main__:FuncIndex is 297, start time is 1620701864.3428006
INFO:__main__:FuncIndex is 297, end time is 1620701864.7147627
INFO:__main__:used memory: -1 M
INFO:__main__:FuncIndex is 297, time overhead is 0.3719620704650879
INFO:__main__:FuncIndex is 298, start time is 1620701864.7177012
INFO:__main__:FuncIndex is 298, end time is 1620701864.791618
INFO:__main__:used memory: 1 M
INFO:__main__:FuncIndex is 298, time overhead is 0.07391691207885742
INFO:__main__:FuncIndex is 299, start time is 1620701864.7944355
INFO:__main__:FuncIndex is 299, end time is 1620701864.8222582
INFO:__main__:used memory: 1 M
INFO:__main__:FuncIndex is 299, time overhead is 0.02782273292541504
INFO:__main__:FuncIndex is 300, start time is 1620701864.8229625
INFO:__main__:[exception] used memory: 0 M
INFO:__main__:[exception] FuncIndex is 300, time overhead is 0.0016112327575683594
INFO:__main__:FuncIndex is 301, start time is 1620701864.8249414
INFO:__main__:FuncIndex is 301, end time is 1620701865.3012457
INFO:__main__:used memory: 4 M
INFO:__main__:FuncIndex is 301, time overhead is 0.476304292678833
INFO:__main__:FuncIndex is 302, start time is 1620701865.3042724
INFO:__main__:FuncIndex is 302, end time is 1620701866.4349232
INFO:__main__:used memory: 4 M
INFO:__main__:FuncIndex is 302, time overhead is 1.1306507587432861
INFO:__main__:FuncIndex is 303, start time is 1620701866.4387012
INFO:__main__:FuncIndex is 303, end time is 1620701867.750448
INFO:__main__:used memory: -9 M
INFO:__main__:FuncIndex is 303, time overhead is 1.3117468357086182
INFO:__main__:FuncIndex is 304, start time is 1620701867.7529929
INFO:root:b'Sorts (_ BitVec 32) and (_ BitVec 64) are incompatible'
INFO:__main__:FuncIndex is 304, end time is 1620701867.7900677
INFO:__main__:used memory: -1 M
INFO:__main__:FuncIndex is 304, time overhead is 0.03707480430603027
INFO:__main__:FuncIndex is 305, start time is 1620701867.7907748
INFO:root:unsupport call_indirect now
INFO:root:unsupport call_indirect now
INFO:root:unsupport call_indirect now
INFO:root:unsupport call_indirect now
INFO:root:unsupport call_indirect now
INFO:root:unsupport call_indirect now
INFO:root:unsupport call_indirect now
INFO:root:unsupport call_indirect now
INFO:root:unsupport call_indirect now
INFO:root:unsupport call_indirect now
INFO:__main__:FuncIndex is 305, end time is 1620701868.0607536
INFO:__main__:used memory: 0 M
INFO:__main__:FuncIndex is 305, time overhead is 0.26997876167297363
INFO:__main__:FuncIndex is 306, start time is 1620701868.0635562
INFO:__main__:FuncIndex is 306, end time is 1620701868.1260467
INFO:__main__:used memory: 0 M
INFO:__main__:FuncIndex is 306, time overhead is 0.06249046325683594
INFO:__main__:FuncIndex is 307, start time is 1620701868.126892
INFO:__main__:FuncIndex is 307, end time is 1620701868.5038671
INFO:__main__:used memory: -6 M
INFO:__main__:FuncIndex is 307, time overhead is 0.37697505950927734
INFO:__main__:FuncIndex is 308, start time is 1620701868.506307
INFO:__main__:FuncIndex is 308, end time is 1620701868.629848
INFO:__main__:used memory: -1 M
INFO:__main__:FuncIndex is 308, time overhead is 0.12354111671447754
INFO:__main__:FuncIndex is 309, start time is 1620701868.6323678
INFO:__main__:FuncIndex is 309, end time is 1620701868.6553555
INFO:__main__:used memory: 1 M
INFO:__main__:FuncIndex is 309, time overhead is 0.02298760414123535
INFO:__main__:FuncIndex is 310, start time is 1620701868.6561303
INFO:__main__:FuncIndex is 310, end time is 1620701868.7232952
INFO:__main__:used memory: -1 M
INFO:__main__:FuncIndex is 310, time overhead is 0.06716489791870117
INFO:__main__:FuncIndex is 311, start time is 1620701868.726312
INFO:__main__:FuncIndex is 311, end time is 1620701868.7718158
INFO:__main__:used memory: 1 M
INFO:__main__:FuncIndex is 311, time overhead is 0.045503854751586914
INFO:__main__:FuncIndex is 312, start time is 1620701868.77255
INFO:__main__:FuncIndex is 312, end time is 1620701868.8172557
INFO:__main__:used memory: -1 M
INFO:__main__:FuncIndex is 312, time overhead is 0.04470562934875488
INFO:__main__:FuncIndex is 313, start time is 1620701868.8179774
INFO:__main__:FuncIndex is 313, end time is 1620701868.8746839
INFO:__main__:used memory: 0 M
INFO:__main__:FuncIndex is 313, time overhead is 0.05670642852783203
INFO:__main__:FuncIndex is 314, start time is 1620701868.875497
INFO:__main__:FuncIndex is 314, end time is 1620701868.9250584
INFO:__main__:used memory: 0 M
INFO:__main__:FuncIndex is 314, time overhead is 0.049561262130737305
INFO:__main__:FuncIndex is 315, start time is 1620701868.92586
INFO:__main__:FuncIndex is 315, end time is 1620701869.0164213
INFO:__main__:used memory: 1 M
INFO:__main__:FuncIndex is 315, time overhead is 0.0905613899230957
INFO:__main__:FuncIndex is 316, start time is 1620701869.0174086
INFO:__main__:FuncIndex is 316, end time is 1620701869.0682187
INFO:__main__:used memory: -1 M
INFO:__main__:FuncIndex is 316, time overhead is 0.05081009864807129
INFO:__main__:FuncIndex is 317, start time is 1620701869.0690525
INFO:__main__:FuncIndex is 317, end time is 1620701869.115452
INFO:__main__:used memory: 1 M
INFO:__main__:FuncIndex is 317, time overhead is 0.046399593353271484
INFO:__main__:FuncIndex is 318, start time is 1620701869.1195767
INFO:__main__:FuncIndex is 318, end time is 1620701869.1668773
INFO:__main__:used memory: 1 M
INFO:__main__:FuncIndex is 318, time overhead is 0.04730057716369629
INFO:__main__:FuncIndex is 319, start time is 1620701869.1678624
INFO:__main__:FuncIndex is 319, end time is 1620701869.2934515
INFO:__main__:used memory: -2 M
INFO:__main__:FuncIndex is 319, time overhead is 0.12558913230895996
INFO:__main__:FuncIndex is 320, start time is 1620701869.2943244
INFO:__main__:FuncIndex is 320, end time is 1620701869.3543868
INFO:__main__:used memory: 1 M
INFO:__main__:FuncIndex is 320, time overhead is 0.060062408447265625
INFO:__main__:FuncIndex is 321, start time is 1620701869.3552136
INFO:__main__:FuncIndex is 321, end time is 1620701869.4387012
INFO:__main__:used memory: -1 M
INFO:__main__:FuncIndex is 321, time overhead is 0.08348751068115234
INFO:__main__:FuncIndex is 322, start time is 1620701869.4395282
INFO:__main__:FuncIndex is 322, end time is 1620701871.5722227
INFO:__main__:used memory: 0 M
INFO:__main__:FuncIndex is 322, time overhead is 2.1326944828033447
INFO:__main__:FuncIndex is 323, start time is 1620701871.5754511
INFO:__main__:FuncIndex is 323, end time is 1620701871.6353192
INFO:__main__:used memory: 2 M
INFO:__main__:FuncIndex is 323, time overhead is 0.05986809730529785
INFO:__main__:FuncIndex is 324, start time is 1620701871.6361926
INFO:__main__:FuncIndex is 324, end time is 1620701871.8574176
INFO:__main__:used memory: -2 M
INFO:__main__:FuncIndex is 324, time overhead is 0.22122502326965332
INFO:__main__:FuncIndex is 325, start time is 1620701871.8582516
INFO:__main__:FuncIndex is 325, end time is 1620701871.9444406
INFO:__main__:used memory: 1 M
INFO:__main__:FuncIndex is 325, time overhead is 0.08618903160095215
INFO:__main__:FuncIndex is 326, start time is 1620701871.9478416
INFO:__main__:[exception] used memory: 6 M
INFO:__main__:[exception] FuncIndex is 326, time overhead is 90.2239248752594
INFO:__main__:FuncIndex is 327, start time is 1620701962.176789
INFO:__main__:FuncIndex is 327, end time is 1620701962.3051813
INFO:__main__:used memory: 0 M
INFO:__main__:FuncIndex is 327, time overhead is 0.12839221954345703
INFO:__main__:FuncIndex is 328, start time is 1620701962.3058994
INFO:__main__:FuncIndex is 328, end time is 1620701962.366125
INFO:__main__:used memory: 1 M
INFO:__main__:FuncIndex is 328, time overhead is 0.060225725173950195
INFO:__main__:FuncIndex is 329, start time is 1620701962.366763
INFO:__main__:FuncIndex is 329, end time is 1620701962.4585948
INFO:__main__:used memory: -1 M
INFO:__main__:FuncIndex is 329, time overhead is 0.09183168411254883
INFO:__main__:FuncIndex is 330, start time is 1620701962.46157
INFO:__main__:FuncIndex is 330, end time is 1620701962.5495534
INFO:__main__:used memory: 0 M
INFO:__main__:FuncIndex is 330, time overhead is 0.08798336982727051
INFO:__main__:FuncIndex is 331, start time is 1620701962.5525897
INFO:__main__:FuncIndex is 331, end time is 1620701962.6245975
INFO:__main__:used memory: 0 M
INFO:__main__:FuncIndex is 331, time overhead is 0.07200789451599121
INFO:__main__:FuncIndex is 332, start time is 1620701962.6252801
INFO:__main__:FuncIndex is 332, end time is 1620701962.6990821
INFO:__main__:used memory: 1 M
INFO:__main__:FuncIndex is 332, time overhead is 0.07380199432373047
INFO:__main__:FuncIndex is 333, start time is 1620701962.6997268
INFO:__main__:FuncIndex is 333, end time is 1620701962.7715569
INFO:__main__:used memory: 0 M
INFO:__main__:FuncIndex is 333, time overhead is 0.07183003425598145
INFO:__main__:FuncIndex is 334, start time is 1620701962.772294
INFO:__main__:FuncIndex is 334, end time is 1620701962.822118
INFO:__main__:used memory: 0 M
INFO:__main__:FuncIndex is 334, time overhead is 0.04982399940490723
INFO:__main__:FuncIndex is 335, start time is 1620701962.8228323
INFO:__main__:FuncIndex is 335, end time is 1620701962.9197712
INFO:__main__:used memory: -1 M
INFO:__main__:FuncIndex is 335, time overhead is 0.0969388484954834
INFO:__main__:FuncIndex is 336, start time is 1620701962.9205208
INFO:__main__:FuncIndex is 336, end time is 1620701962.94926
INFO:__main__:used memory: 2 M
INFO:__main__:FuncIndex is 336, time overhead is 0.028739213943481445
INFO:__main__:FuncIndex is 337, start time is 1620701962.9499562
INFO:root:b'Argument #xfffffffc at position 1 does not match declaration (declare-fun bvadd ((_ BitVec 64) (_ BitVec 64)) (_ BitVec 64))'
INFO:__main__:[exception] used memory: -1 M
INFO:__main__:[exception] FuncIndex is 337, time overhead is 0.04582571983337402
INFO:__main__:FuncIndex is 338, start time is 1620701962.9964232
INFO:__main__:FuncIndex is 338, end time is 1620701963.0269868
INFO:__main__:used memory: 0 M
INFO:__main__:FuncIndex is 338, time overhead is 0.0305635929107666
INFO:__main__:FuncIndex is 339, start time is 1620701963.0277154
INFO:root:b'Argument #xfffffffc at position 1 does not match declaration (declare-fun bvadd ((_ BitVec 64) (_ BitVec 64)) (_ BitVec 64))'
INFO:__main__:[exception] used memory: 0 M
INFO:__main__:[exception] FuncIndex is 339, time overhead is 0.04657578468322754
INFO:__main__:FuncIndex is 340, start time is 1620701963.0749125
INFO:__main__:FuncIndex is 340, end time is 1620701963.125714
INFO:__main__:used memory: 1 M
INFO:__main__:FuncIndex is 340, time overhead is 0.05080151557922363
INFO:__main__:FuncIndex is 341, start time is 1620701963.126397
INFO:__main__:FuncIndex is 341, end time is 1620701963.1512618
INFO:__main__:used memory: 0 M
INFO:__main__:FuncIndex is 341, time overhead is 0.024864912033081055
INFO:__main__:FuncIndex is 342, start time is 1620701963.1520107
INFO:__main__:FuncIndex is 342, end time is 1620701963.464998
INFO:__main__:used memory: -1 M
INFO:__main__:FuncIndex is 342, time overhead is 0.3129873275756836
INFO:__main__:FuncIndex is 343, start time is 1620701963.4687467
INFO:__main__:FuncIndex is 343, end time is 1620701963.5129182
INFO:__main__:used memory: 0 M
INFO:__main__:FuncIndex is 343, time overhead is 0.04417157173156738
INFO:__main__:FuncIndex is 344, start time is 1620701963.5135546
INFO:__main__:FuncIndex is 344, end time is 1620701963.6914523
INFO:__main__:used memory: 0 M
INFO:__main__:FuncIndex is 344, time overhead is 0.17789769172668457
INFO:__main__:FuncIndex is 345, start time is 1620701963.6942976
INFO:__main__:FuncIndex is 345, end time is 1620701963.7536156
INFO:__main__:used memory: 0 M
INFO:__main__:FuncIndex is 345, time overhead is 0.05931806564331055
INFO:__main__:FuncIndex is 346, start time is 1620701963.7542672
INFO:__main__:FuncIndex is 346, end time is 1620701963.8030453
INFO:__main__:used memory: 1 M
INFO:__main__:FuncIndex is 346, time overhead is 0.04877805709838867
INFO:__main__:FuncIndex is 347, start time is 1620701963.803654
INFO:__main__:FuncIndex is 347, end time is 1620701963.827641
INFO:__main__:used memory: -1 M
INFO:__main__:FuncIndex is 347, time overhead is 0.0239870548248291
INFO:__main__:FuncIndex is 348, start time is 1620701963.8285272
INFO:__main__:[exception] used memory: 0 M
INFO:__main__:[exception] FuncIndex is 348, time overhead is 0.001041412353515625
INFO:__main__:FuncIndex is 349, start time is 1620701963.8298595
INFO:__main__:FuncIndex is 349, end time is 1620701963.8653512
INFO:__main__:used memory: 1 M
INFO:__main__:FuncIndex is 349, time overhead is 0.0354917049407959
INFO:__main__:FuncIndex is 350, start time is 1620701963.865973
INFO:__main__:FuncIndex is 350, end time is 1620701964.0248961
INFO:__main__:used memory: -1 M
INFO:__main__:FuncIndex is 350, time overhead is 0.15892314910888672
INFO:__main__:FuncIndex is 351, start time is 1620701964.0255916
INFO:__main__:FuncIndex is 351, end time is 1620701970.709322
INFO:__main__:used memory: 22 M
INFO:__main__:FuncIndex is 351, time overhead is 6.683730363845825
INFO:__main__:FuncIndex is 352, start time is 1620701970.7129657
INFO:__main__:FuncIndex is 352, end time is 1620701976.2672615
INFO:__main__:used memory: 14 M
INFO:__main__:FuncIndex is 352, time overhead is 5.554295778274536
INFO:__main__:FuncIndex is 353, start time is 1620701976.269736
INFO:__main__:FuncIndex is 353, end time is 1620701976.3301878
INFO:__main__:used memory: -3 M
INFO:__main__:FuncIndex is 353, time overhead is 0.06045174598693848
INFO:__main__:FuncIndex is 354, start time is 1620701976.3331308
INFO:__main__:FuncIndex is 354, end time is 1620701976.4277139
INFO:__main__:used memory: 0 M
INFO:__main__:FuncIndex is 354, time overhead is 0.09458303451538086
INFO:__main__:FuncIndex is 355, start time is 1620701976.4307868
INFO:__main__:FuncIndex is 355, end time is 1620701976.5080984
INFO:__main__:used memory: 0 M
INFO:__main__:FuncIndex is 355, time overhead is 0.07731151580810547
INFO:__main__:FuncIndex is 356, start time is 1620701976.5109808
INFO:__main__:FuncIndex is 356, end time is 1620701976.5704868
INFO:__main__:used memory: -1 M
INFO:__main__:FuncIndex is 356, time overhead is 0.05950593948364258
INFO:__main__:FuncIndex is 357, start time is 1620701976.5734057
INFO:__main__:[exception] used memory: 0 M
INFO:__main__:[exception] FuncIndex is 357, time overhead is 114.8252866268158
INFO:__main__:FuncIndex is 358, start time is 1620702091.4012816
INFO:__main__:[exception] used memory: 7 M
INFO:__main__:[exception] FuncIndex is 358, time overhead is 98.80209851264954
INFO:__main__:FuncIndex is 359, start time is 1620702190.2058623
INFO:__main__:FuncIndex is 359, end time is 1620702190.5908222
INFO:__main__:used memory: 0 M
INFO:__main__:FuncIndex is 359, time overhead is 0.3849599361419678
INFO:__main__:FuncIndex is 360, start time is 1620702190.594006
INFO:__main__:FuncIndex is 360, end time is 1620702190.9675052
INFO:__main__:used memory: 0 M
INFO:__main__:FuncIndex is 360, time overhead is 0.37349915504455566
INFO:__main__:FuncIndex is 361, start time is 1620702190.970695
INFO:__main__:FuncIndex is 361, end time is 1620702191.5689032
INFO:__main__:used memory: -19 M
INFO:__main__:FuncIndex is 361, time overhead is 0.5982081890106201
INFO:__main__:FuncIndex is 362, start time is 1620702191.5712688
INFO:__main__:FuncIndex is 362, end time is 1620702191.6300993
INFO:__main__:used memory: 0 M
INFO:__main__:FuncIndex is 362, time overhead is 0.05883049964904785
INFO:__main__:FuncIndex is 363, start time is 1620702191.63296
INFO:__main__:FuncIndex is 363, end time is 1620702191.7232893
INFO:__main__:used memory: 0 M
INFO:__main__:FuncIndex is 363, time overhead is 0.09032917022705078
INFO:__main__:FuncIndex is 364, start time is 1620702191.7262218
INFO:__main__:FuncIndex is 364, end time is 1620702191.7998953
INFO:__main__:used memory: 0 M
INFO:__main__:FuncIndex is 364, time overhead is 0.07367348670959473
INFO:__main__:FuncIndex is 365, start time is 1620702191.8028533
INFO:__main__:FuncIndex is 365, end time is 1620702192.409664
INFO:__main__:used memory: 0 M
INFO:__main__:FuncIndex is 365, time overhead is 0.6068105697631836
INFO:__main__:FuncIndex is 366, start time is 1620702192.4127464
INFO:__main__:FuncIndex is 366, end time is 1620702192.437765
INFO:__main__:used memory: 1 M
INFO:__main__:FuncIndex is 366, time overhead is 0.02501845359802246
INFO:__main__:FuncIndex is 367, start time is 1620702192.438471
INFO:__main__:FuncIndex is 367, end time is 1620702192.9576437
INFO:__main__:used memory: -3 M
INFO:__main__:FuncIndex is 367, time overhead is 0.5191726684570312
INFO:__main__:FuncIndex is 368, start time is 1620702192.960113
INFO:__main__:FuncIndex is 368, end time is 1620702193.0013168
INFO:__main__:used memory: 0 M
INFO:__main__:FuncIndex is 368, time overhead is 0.04120373725891113
INFO:__main__:FuncIndex is 369, start time is 1620702193.0019708
INFO:__main__:FuncIndex is 369, end time is 1620702193.0706441
INFO:__main__:used memory: -1 M
INFO:__main__:FuncIndex is 369, time overhead is 0.06867337226867676
INFO:__main__:FuncIndex is 370, start time is 1620702193.0737808
INFO:__main__:FuncIndex is 370, end time is 1620702193.1319695
INFO:__main__:used memory: 0 M
INFO:__main__:FuncIndex is 370, time overhead is 0.058188676834106445
INFO:__main__:FuncIndex is 371, start time is 1620702193.1326077
INFO:__main__:FuncIndex is 371, end time is 1620702193.1801524
INFO:__main__:used memory: 1 M
INFO:__main__:FuncIndex is 371, time overhead is 0.04754471778869629
INFO:__main__:FuncIndex is 372, start time is 1620702193.1807382
INFO:__main__:FuncIndex is 372, end time is 1620702193.2091336
INFO:__main__:used memory: 0 M
INFO:__main__:FuncIndex is 372, time overhead is 0.028395414352416992
INFO:__main__:FuncIndex is 373, start time is 1620702193.2097354
INFO:__main__:FuncIndex is 373, end time is 1620702193.2354918
INFO:__main__:used memory: 1 M
INFO:__main__:FuncIndex is 373, time overhead is 0.025756359100341797
INFO:__main__:FuncIndex is 374, start time is 1620702193.2363226
INFO:__main__:FuncIndex is 374, end time is 1620702193.2812178
INFO:__main__:used memory: -1 M
INFO:__main__:FuncIndex is 374, time overhead is 0.044895172119140625
INFO:__main__:FuncIndex is 375, start time is 1620702193.2838995
INFO:__main__:FuncIndex is 375, end time is 1620702193.5367503
INFO:__main__:used memory: 0 M
INFO:__main__:FuncIndex is 375, time overhead is 0.2528507709503174
INFO:__main__:FuncIndex is 376, start time is 1620702193.5375562
INFO:__main__:FuncIndex is 376, end time is 1620702193.5607965
INFO:__main__:used memory: 0 M
INFO:__main__:FuncIndex is 376, time overhead is 0.023240327835083008
INFO:__main__:FuncIndex is 377, start time is 1620702193.5614088
INFO:__main__:FuncIndex is 377, end time is 1620702193.591386
INFO:__main__:used memory: 1 M
INFO:__main__:FuncIndex is 377, time overhead is 0.02997732162475586
INFO:__main__:FuncIndex is 378, start time is 1620702193.5922081
INFO:__main__:[exception] used memory: 0 M
INFO:__main__:[exception] FuncIndex is 378, time overhead is 0.0017974376678466797
INFO:__main__:FuncIndex is 379, start time is 1620702193.5944002
INFO:root:unsupport call_indirect now
INFO:root:unsupport call_indirect now
INFO:root:unsupport call_indirect now
INFO:root:unsupport call_indirect now
INFO:__main__:FuncIndex is 379, end time is 1620702194.5100365
INFO:__main__:used memory: -1 M
INFO:__main__:FuncIndex is 379, time overhead is 0.9156363010406494
INFO:__main__:FuncIndex is 380, start time is 1620702194.5106478
INFO:__main__:FuncIndex is 380, end time is 1620702194.5652485
INFO:__main__:used memory: 1 M
INFO:__main__:FuncIndex is 380, time overhead is 0.05460071563720703
INFO:__main__:FuncIndex is 381, start time is 1620702194.5683587
INFO:__main__:FuncIndex is 381, end time is 1620702194.5990198
INFO:__main__:used memory: 1 M
INFO:__main__:FuncIndex is 381, time overhead is 0.03066110610961914
INFO:__main__:FuncIndex is 382, start time is 1620702194.599676
INFO:__main__:FuncIndex is 382, end time is 1620702194.6303556
INFO:__main__:used memory: 0 M
INFO:__main__:FuncIndex is 382, time overhead is 0.030679702758789062
INFO:__main__:FuncIndex is 383, start time is 1620702194.6310244
INFO:__main__:FuncIndex is 383, end time is 1620702194.663465
INFO:__main__:used memory: 0 M
INFO:__main__:FuncIndex is 383, time overhead is 0.0324406623840332
INFO:__main__:FuncIndex is 384, start time is 1620702194.6642013
INFO:__main__:FuncIndex is 384, end time is 1620702194.6938412
INFO:__main__:used memory: -1 M
INFO:__main__:FuncIndex is 384, time overhead is 0.02963995933532715
INFO:__main__:FuncIndex is 385, start time is 1620702194.6945164
INFO:__main__:FuncIndex is 385, end time is 1620702194.7668808
INFO:__main__:used memory: 0 M
INFO:__main__:FuncIndex is 385, time overhead is 0.07236433029174805
INFO:__main__:FuncIndex is 386, start time is 1620702194.7674613
INFO:root:b'Sorts (_ BitVec 32) and (_ BitVec 64) are incompatible'
INFO:__main__:FuncIndex is 386, end time is 1620702194.8350732
INFO:__main__:used memory: 1 M
INFO:__main__:FuncIndex is 386, time overhead is 0.0676119327545166
INFO:__main__:FuncIndex is 387, start time is 1620702194.8357215
INFO:root:b'Sorts (_ BitVec 32) and (_ BitVec 64) are incompatible'
INFO:__main__:FuncIndex is 387, end time is 1620702194.905151
INFO:__main__:used memory: -1 M
INFO:__main__:FuncIndex is 387, time overhead is 0.06942939758300781
INFO:__main__:FuncIndex is 388, start time is 1620702194.9058154
INFO:__main__:FuncIndex is 388, end time is 1620702194.9435232
INFO:__main__:used memory: 0 M
INFO:__main__:FuncIndex is 388, time overhead is 0.03770780563354492
INFO:__main__:FuncIndex is 389, start time is 1620702194.9442399
INFO:__main__:FuncIndex is 389, end time is 1620702194.9874656
INFO:__main__:used memory: 1 M
INFO:__main__:FuncIndex is 389, time overhead is 0.043225765228271484
INFO:__main__:FuncIndex is 390, start time is 1620702194.9903977
INFO:__main__:FuncIndex is 390, end time is 1620702196.9703548
INFO:__main__:used memory: -3 M
INFO:__main__:FuncIndex is 390, time overhead is 1.979957103729248
INFO:__main__:FuncIndex is 391, start time is 1620702196.9711874
INFO:__main__:FuncIndex is 391, end time is 1620702197.1555765
INFO:__main__:used memory: 0 M
INFO:__main__:FuncIndex is 391, time overhead is 0.1843891143798828
INFO:__main__:FuncIndex is 392, start time is 1620702197.15643
INFO:__main__:FuncIndex is 392, end time is 1620702197.9387603
INFO:__main__:used memory: 1 M
INFO:__main__:FuncIndex is 392, time overhead is 0.7823302745819092
INFO:__main__:FuncIndex is 393, start time is 1620702197.9394834
INFO:__main__:FuncIndex is 393, end time is 1620702200.1595306
INFO:__main__:used memory: 0 M
INFO:__main__:FuncIndex is 393, time overhead is 2.2200472354888916
INFO:__main__:FuncIndex is 394, start time is 1620702200.1605806
INFO:__main__:FuncIndex is 394, end time is 1620702202.0736103
INFO:__main__:used memory: 0 M
INFO:__main__:FuncIndex is 394, time overhead is 1.913029670715332
INFO:__main__:FuncIndex is 395, start time is 1620702202.0746572
INFO:__main__:FuncIndex is 395, end time is 1620702202.1117566
INFO:__main__:used memory: 0 M
INFO:__main__:FuncIndex is 395, time overhead is 0.037099361419677734
INFO:__main__:FuncIndex is 396, start time is 1620702202.112523
INFO:__main__:FuncIndex is 396, end time is 1620702202.2624915
INFO:__main__:used memory: -1 M
INFO:__main__:FuncIndex is 396, time overhead is 0.14996838569641113
INFO:__main__:FuncIndex is 397, start time is 1620702202.2633972
INFO:__main__:FuncIndex is 397, end time is 1620702202.764898
INFO:__main__:used memory: 1 M
INFO:__main__:FuncIndex is 397, time overhead is 0.5015008449554443
INFO:__main__:FuncIndex is 398, start time is 1620702202.7657256
INFO:__main__:FuncIndex is 398, end time is 1620702204.3475099
INFO:__main__:used memory: 0 M
INFO:__main__:FuncIndex is 398, time overhead is 1.5817842483520508
INFO:__main__:FuncIndex is 399, start time is 1620702204.3483732
INFO:root:reached unreachable
INFO:__main__:FuncIndex is 399, end time is 1620702204.3882334
INFO:__main__:used memory: 0 M
INFO:__main__:FuncIndex is 399, time overhead is 0.03986024856567383
INFO:__main__:FuncIndex is 400, start time is 1620702204.3910546
INFO:root:unsupport call_indirect now
INFO:__main__:FuncIndex is 400, end time is 1620702204.4200153
INFO:__main__:used memory: 1 M
INFO:__main__:FuncIndex is 400, time overhead is 0.028960704803466797
INFO:__main__:All time: 843.8244173526764
mprof: Sampling memory every 0.1s
running new process
