INFO:__main__:used memory: 8 M
INFO:__main__:FuncIndex is 1201, time overhead is 0.4006025791168213
INFO:__main__:used memory: 0 M
INFO:__main__:FuncIndex is 1202, time overhead is 0.03567099571228027
INFO:__main__:used memory: 3 M
INFO:__main__:FuncIndex is 1203, time overhead is 0.5219688415527344
INFO:__main__:used memory: 2 M
INFO:__main__:FuncIndex is 1204, time overhead is 0.27232956886291504
INFO:__main__:used memory: 5 M
INFO:__main__:FuncIndex is 1205, time overhead is 0.27712154388427734
INFO:__main__:used memory: 2 M
INFO:__main__:FuncIndex is 1206, time overhead is 0.2881002426147461
INFO:__main__:used memory: 2 M
INFO:__main__:FuncIndex is 1207, time overhead is 0.13829827308654785
INFO:__main__:used memory: 3 M
INFO:__main__:FuncIndex is 1208, time overhead is 0.7567386627197266
INFO:__main__:used memory: 2 M
INFO:__main__:FuncIndex is 1209, time overhead is 0.11181020736694336
INFO:__main__:used memory: 1 M
INFO:__main__:FuncIndex is 1210, time overhead is 0.09672784805297852
INFO:__main__:used memory: 2 M
INFO:__main__:FuncIndex is 1211, time overhead is 0.4648149013519287
INFO:__main__:used memory: 2 M
INFO:__main__:FuncIndex is 1212, time overhead is 0.25850939750671387
INFO:__main__:used memory: -8 M
INFO:__main__:FuncIndex is 1213, time overhead is 0.3725287914276123
INFO:__main__:used memory: -1 M
INFO:__main__:FuncIndex is 1214, time overhead is 0.20900368690490723
INFO:__main__:used memory: 0 M
INFO:__main__:FuncIndex is 1215, time overhead is 0.2277522087097168
INFO:root:
INFO:__main__:used memory: 0 M
INFO:__main__:FuncIndex is 1216, time overhead is 0.03570556640625
INFO:root:unsupport call_indirect now
INFO:__main__:used memory: 0 M
INFO:__main__:FuncIndex is 1217, time overhead is 0.031006813049316406
INFO:__main__:[exception] used memory: 0 M
INFO:__main__:[exception] FuncIndex is 1218, time overhead is 0.12070608139038086
INFO:__main__:used memory: 0 M
INFO:__main__:FuncIndex is 1219, time overhead is 0.09975528717041016
INFO:__main__:[exception] used memory: 3 M
INFO:__main__:[exception] FuncIndex is 1220, time overhead is 10.28576922416687
INFO:__main__:used memory: 0 M
INFO:__main__:FuncIndex is 1221, time overhead is 0.0723569393157959
INFO:__main__:used memory: 0 M
INFO:__main__:FuncIndex is 1222, time overhead is 0.06437802314758301
INFO:__main__:used memory: -1 M
INFO:__main__:FuncIndex is 1223, time overhead is 0.06470060348510742
INFO:__main__:used memory: 1 M
INFO:__main__:FuncIndex is 1224, time overhead is 0.03618884086608887
INFO:__main__:used memory: -1 M
INFO:__main__:FuncIndex is 1225, time overhead is 0.04241061210632324
INFO:__main__:used memory: 0 M
INFO:__main__:FuncIndex is 1226, time overhead is 0.17897987365722656
INFO:__main__:used memory: 0 M
INFO:__main__:FuncIndex is 1227, time overhead is 0.1541895866394043
INFO:root:unsupport call_indirect now
INFO:root:unsupport call_indirect now
INFO:__main__:used memory: 1 M
INFO:__main__:FuncIndex is 1228, time overhead is 0.07880067825317383
INFO:__main__:used memory: 0 M
INFO:__main__:FuncIndex is 1229, time overhead is 0.04849505424499512
INFO:root:reached unreachable
INFO:__main__:used memory: 3 M
INFO:__main__:FuncIndex is 1230, time overhead is 0.26151585578918457
INFO:__main__:used memory: 1 M
INFO:__main__:FuncIndex is 1231, time overhead is 0.10197973251342773
INFO:__main__:used memory: 2 M
INFO:__main__:FuncIndex is 1232, time overhead is 0.1179957389831543
INFO:__main__:used memory: 1 M
INFO:__main__:FuncIndex is 1233, time overhead is 0.085479736328125
INFO:__main__:used memory: 2 M
INFO:__main__:FuncIndex is 1234, time overhead is 0.10734248161315918
INFO:__main__:used memory: -6 M
INFO:__main__:FuncIndex is 1235, time overhead is 0.21850132942199707
INFO:__main__:used memory: -1 M
INFO:__main__:FuncIndex is 1236, time overhead is 0.09040284156799316
INFO:__main__:used memory: 1 M
INFO:__main__:FuncIndex is 1237, time overhead is 1.729834794998169
INFO:__main__:used memory: 13 M
INFO:__main__:FuncIndex is 1238, time overhead is 7.510562181472778
INFO:__main__:used memory: 0 M
INFO:__main__:FuncIndex is 1239, time overhead is 0.12118363380432129
INFO:__main__:used memory: 0 M
INFO:__main__:FuncIndex is 1240, time overhead is 0.04447674751281738
INFO:__main__:used memory: 0 M
INFO:__main__:FuncIndex is 1241, time overhead is 0.06789827346801758
INFO:__main__:[exception] used memory: 0 M
INFO:__main__:[exception] FuncIndex is 1242, time overhead is 46.779114723205566
INFO:__main__:used memory: 145 M
INFO:__main__:FuncIndex is 1243, time overhead is 71.88385963439941
INFO:__main__:used memory: -64 M
INFO:__main__:FuncIndex is 1244, time overhead is 7.451877117156982
INFO:__main__:used memory: -1 M
INFO:__main__:FuncIndex is 1245, time overhead is 23.56593918800354
INFO:__main__:used memory: -30 M
INFO:__main__:FuncIndex is 1246, time overhead is 5.057828187942505
INFO:__main__:used memory: -5 M
INFO:__main__:FuncIndex is 1247, time overhead is 0.08053779602050781
INFO:__main__:used memory: 0 M
INFO:__main__:FuncIndex is 1248, time overhead is 2.724949836730957
INFO:__main__:used memory: -8 M
INFO:__main__:FuncIndex is 1249, time overhead is 7.4317872524261475
INFO:__main__:used memory: 1 M
INFO:__main__:FuncIndex is 1250, time overhead is 0.08801865577697754
INFO:root:unsupport call_indirect now
INFO:root:unsupport call_indirect now
INFO:__main__:used memory: -12 M
INFO:__main__:FuncIndex is 1251, time overhead is 0.4540567398071289
INFO:__main__:used memory: 0 M
INFO:__main__:FuncIndex is 1252, time overhead is 0.04565739631652832
INFO:__main__:used memory: 0 M
INFO:__main__:FuncIndex is 1253, time overhead is 0.1764376163482666
INFO:__main__:used memory: 32 M
INFO:__main__:FuncIndex is 1254, time overhead is 9.262326717376709
INFO:__main__:used memory: -13 M
INFO:__main__:FuncIndex is 1255, time overhead is 7.3670878410339355
INFO:__main__:used memory: 1 M
INFO:__main__:FuncIndex is 1256, time overhead is 0.7497785091400146
INFO:__main__:used memory: 0 M
INFO:__main__:FuncIndex is 1257, time overhead is 0.03733253479003906
INFO:__main__:used memory: 1 M
INFO:__main__:FuncIndex is 1258, time overhead is 0.4441561698913574
INFO:__main__:[exception] used memory: 1 M
INFO:__main__:[exception] FuncIndex is 1259, time overhead is 1.1566088199615479
INFO:__main__:used memory: 0 M
INFO:__main__:FuncIndex is 1260, time overhead is 0.10770153999328613
INFO:__main__:used memory: 0 M
INFO:__main__:FuncIndex is 1261, time overhead is 0.04624176025390625
INFO:root:unsupport call_indirect now
INFO:__main__:used memory: 1 M
INFO:__main__:FuncIndex is 1262, time overhead is 0.03781008720397949
INFO:__main__:used memory: 6 M
INFO:__main__:FuncIndex is 1263, time overhead is 3.1775949001312256
INFO:__main__:used memory: -12 M
INFO:__main__:FuncIndex is 1264, time overhead is 3.909217596054077
INFO:__main__:used memory: 0 M
INFO:__main__:FuncIndex is 1265, time overhead is 0.10905313491821289
INFO:__main__:used memory: 0 M
INFO:__main__:FuncIndex is 1266, time overhead is 0.0474543571472168
INFO:__main__:used memory: 0 M
INFO:__main__:FuncIndex is 1267, time overhead is 2.558011770248413
INFO:__main__:used memory: 0 M
INFO:__main__:FuncIndex is 1268, time overhead is 1.5915415287017822
INFO:__main__:used memory: -1 M
INFO:__main__:FuncIndex is 1269, time overhead is 0.14184355735778809
INFO:__main__:[exception] used memory: 16 M
INFO:__main__:[exception] FuncIndex is 1270, time overhead is 94.02937269210815
INFO:__main__:used memory: -8 M
INFO:__main__:FuncIndex is 1271, time overhead is 7.3160624504089355
INFO:__main__:used memory: -2 M
INFO:__main__:FuncIndex is 1272, time overhead is 5.592333793640137
INFO:__main__:used memory: 19 M
INFO:__main__:FuncIndex is 1273, time overhead is 4.794980049133301
INFO:__main__:[exception] used memory: -17 M
INFO:__main__:[exception] FuncIndex is 1274, time overhead is 91.00891733169556
INFO:__main__:used memory: 60 M
INFO:__main__:FuncIndex is 1275, time overhead is 57.758840799331665
INFO:__main__:used memory: -33 M
INFO:__main__:FuncIndex is 1276, time overhead is 1.3214447498321533
INFO:__main__:used memory: -13 M
INFO:__main__:FuncIndex is 1277, time overhead is 1.1925649642944336
INFO:__main__:used memory: 0 M
INFO:__main__:FuncIndex is 1278, time overhead is 0.09023857116699219
INFO:__main__:used memory: 59 M
INFO:__main__:FuncIndex is 1279, time overhead is 27.398857593536377
INFO:__main__:used memory: -30 M
INFO:__main__:FuncIndex is 1280, time overhead is 1.8287372589111328
INFO:__main__:used memory: -24 M
INFO:__main__:FuncIndex is 1281, time overhead is 2.314565658569336
INFO:__main__:used memory: -5 M
INFO:__main__:FuncIndex is 1282, time overhead is 2.278808355331421
INFO:__main__:used memory: 111 M
INFO:__main__:FuncIndex is 1283, time overhead is 18.164809226989746
INFO:__main__:used memory: 0 M
INFO:__main__:FuncIndex is 1284, time overhead is 0.08996391296386719
INFO:__main__:used memory: 0 M
INFO:__main__:FuncIndex is 1285, time overhead is 0.05659651756286621
INFO:__main__:used memory: 13 M
INFO:__main__:FuncIndex is 1286, time overhead is 1.5671520233154297
INFO:__main__:used memory: 15 M
INFO:__main__:FuncIndex is 1287, time overhead is 1.279754638671875
INFO:__main__:used memory: 1 M
INFO:__main__:FuncIndex is 1288, time overhead is 0.037101030349731445
INFO:__main__:used memory: 1 M
INFO:__main__:FuncIndex is 1289, time overhead is 0.03749203681945801
INFO:__main__:used memory: 0 M
INFO:__main__:FuncIndex is 1290, time overhead is 0.2260289192199707
INFO:__main__:used memory: 1 M
INFO:__main__:FuncIndex is 1291, time overhead is 0.03490877151489258
INFO:__main__:used memory: 8 M
INFO:__main__:FuncIndex is 1292, time overhead is 0.3433089256286621
INFO:__main__:used memory: 6 M
INFO:__main__:FuncIndex is 1293, time overhead is 0.34315991401672363
INFO:root:b'Sorts (_ BitVec 32) and (_ BitVec 64) are incompatible'
INFO:__main__:used memory: 0 M
INFO:__main__:FuncIndex is 1294, time overhead is 0.05689525604248047
INFO:__main__:used memory: -142 M
INFO:__main__:FuncIndex is 1295, time overhead is 3.9264838695526123
INFO:__main__:used memory: 2 M
INFO:__main__:FuncIndex is 1296, time overhead is 0.07111644744873047
INFO:__main__:used memory: -2 M
INFO:__main__:FuncIndex is 1297, time overhead is 0.10670971870422363
INFO:__main__:used memory: 0 M
INFO:__main__:FuncIndex is 1298, time overhead is 0.05699634552001953
INFO:__main__:used memory: -1 M
INFO:__main__:FuncIndex is 1299, time overhead is 0.10140037536621094
INFO:root:unsupport call_indirect now
INFO:__main__:used memory: 1 M
INFO:__main__:FuncIndex is 1300, time overhead is 0.02921748161315918
INFO:__main__:used memory: -1 M
INFO:__main__:FuncIndex is 1301, time overhead is 0.24703574180603027
INFO:__main__:used memory: 1 M
INFO:__main__:FuncIndex is 1302, time overhead is 0.0501704216003418
INFO:__main__:used memory: -3 M
INFO:__main__:FuncIndex is 1303, time overhead is 1.8013463020324707
INFO:root:unsupport call_indirect now
INFO:__main__:used memory: 1 M
INFO:__main__:FuncIndex is 1304, time overhead is 0.03173685073852539
INFO:root:unsupport call_indirect now
INFO:__main__:used memory: 0 M
INFO:__main__:FuncIndex is 1305, time overhead is 0.03169846534729004
INFO:root:unsupport call_indirect now
INFO:__main__:used memory: 0 M
INFO:__main__:FuncIndex is 1306, time overhead is 0.028385639190673828
INFO:root:unsupport call_indirect now
INFO:__main__:used memory: 1 M
INFO:__main__:FuncIndex is 1307, time overhead is 0.03102588653564453
INFO:root:unsupport call_indirect now
INFO:__main__:used memory: -1 M
INFO:__main__:FuncIndex is 1308, time overhead is 0.030238866806030273
INFO:root:unsupport call_indirect now
INFO:__main__:used memory: 1 M
INFO:__main__:FuncIndex is 1309, time overhead is 0.03098607063293457
INFO:root:unsupport call_indirect now
INFO:__main__:used memory: 1 M
INFO:__main__:FuncIndex is 1310, time overhead is 0.02940201759338379
INFO:root:unsupport call_indirect now
INFO:__main__:used memory: -1 M
INFO:__main__:FuncIndex is 1311, time overhead is 0.0328822135925293
INFO:root:unsupport call_indirect now
INFO:__main__:used memory: 0 M
INFO:__main__:FuncIndex is 1312, time overhead is 0.03158926963806152
INFO:root:unsupport call_indirect now
INFO:__main__:used memory: 0 M
INFO:__main__:FuncIndex is 1313, time overhead is 0.030014753341674805
INFO:root:unsupport call_indirect now
INFO:__main__:used memory: -1 M
INFO:__main__:FuncIndex is 1314, time overhead is 0.03090691566467285
INFO:root:unsupport call_indirect now
INFO:__main__:used memory: 0 M
INFO:__main__:FuncIndex is 1315, time overhead is 0.03153252601623535
INFO:root:unsupport call_indirect now
INFO:__main__:used memory: 0 M
INFO:__main__:FuncIndex is 1316, time overhead is 0.029967784881591797
INFO:root:unsupport call_indirect now
INFO:__main__:used memory: 0 M
INFO:__main__:FuncIndex is 1317, time overhead is 0.029377222061157227
INFO:root:unsupport call_indirect now
INFO:__main__:used memory: 1 M
INFO:__main__:FuncIndex is 1318, time overhead is 0.030197858810424805
INFO:root:unsupport call_indirect now
INFO:__main__:used memory: -1 M
INFO:__main__:FuncIndex is 1319, time overhead is 0.028670787811279297
INFO:root:unsupport call_indirect now
INFO:__main__:used memory: 1 M
INFO:__main__:FuncIndex is 1320, time overhead is 0.03049159049987793
INFO:root:unsupport call_indirect now
INFO:__main__:used memory: 0 M
INFO:__main__:FuncIndex is 1321, time overhead is 0.029775142669677734
INFO:root:unsupport call_indirect now
INFO:__main__:used memory: 1 M
INFO:__main__:FuncIndex is 1322, time overhead is 0.02880096435546875
INFO:root:unsupport call_indirect now
INFO:__main__:used memory: 0 M
INFO:__main__:FuncIndex is 1323, time overhead is 0.028445720672607422
INFO:__main__:used memory: 0 M
INFO:__main__:FuncIndex is 1324, time overhead is 0.04059123992919922
INFO:__main__:used memory: -2 M
INFO:__main__:FuncIndex is 1325, time overhead is 0.0915994644165039
INFO:__main__:used memory: -1 M
INFO:__main__:FuncIndex is 1326, time overhead is 0.14153432846069336
INFO:__main__:[exception] used memory: 1 M
INFO:__main__:[exception] FuncIndex is 1327, time overhead is 0.14851164817810059
INFO:__main__:used memory: 1 M
INFO:__main__:FuncIndex is 1328, time overhead is 0.05124974250793457
INFO:__main__:used memory: 0 M
INFO:__main__:FuncIndex is 1329, time overhead is 0.03901076316833496
INFO:root:unsupport call_indirect now
INFO:__main__:used memory: 0 M
INFO:__main__:FuncIndex is 1330, time overhead is 0.042737722396850586
INFO:root:unsupport call_indirect now
INFO:root:unsupport call_indirect now
INFO:__main__:used memory: 0 M
INFO:__main__:FuncIndex is 1331, time overhead is 0.14899086952209473
INFO:root:unsupport call_indirect now
INFO:__main__:used memory: 0 M
INFO:__main__:FuncIndex is 1332, time overhead is 0.04183483123779297
INFO:root:unsupport call_indirect now
INFO:root:unsupport call_indirect now
INFO:__main__:used memory: 0 M
INFO:__main__:FuncIndex is 1333, time overhead is 0.07526206970214844
INFO:root:unsupport call_indirect now
INFO:__main__:used memory: 0 M
INFO:__main__:FuncIndex is 1334, time overhead is 0.10242199897766113
INFO:__main__:used memory: 1 M
INFO:__main__:FuncIndex is 1335, time overhead is 0.028945446014404297
INFO:__main__:used memory: 1 M
INFO:__main__:FuncIndex is 1336, time overhead is 0.030471324920654297
INFO:__main__:used memory: -2 M
INFO:__main__:FuncIndex is 1337, time overhead is 0.027222156524658203
INFO:__main__:used memory: 0 M
INFO:__main__:FuncIndex is 1338, time overhead is 0.030042409896850586
INFO:__main__:used memory: 1 M
INFO:__main__:FuncIndex is 1339, time overhead is 0.02664923667907715
INFO:root:b'Sorts (_ BitVec 256) and (_ BitVec 32) are incompatible'
INFO:__main__:used memory: -1 M
INFO:__main__:FuncIndex is 1340, time overhead is 0.033827781677246094
INFO:__main__:[exception] used memory: 1 M
INFO:__main__:[exception] FuncIndex is 1341, time overhead is 0.40396618843078613
INFO:__main__:used memory: -1 M
INFO:__main__:FuncIndex is 1342, time overhead is 0.03009033203125
INFO:__main__:used memory: 0 M
INFO:__main__:FuncIndex is 1343, time overhead is 0.0460820198059082
INFO:root:sort mismatch
INFO:__main__:used memory: -1 M
INFO:__main__:FuncIndex is 1344, time overhead is 0.18355560302734375
INFO:root:b'Sorts (_ BitVec 32) and (_ BitVec 64) are incompatible'
INFO:__main__:used memory: 1 M
INFO:__main__:FuncIndex is 1345, time overhead is 0.03265047073364258
INFO:root:b'Sorts (_ BitVec 32) and (_ BitVec 64) are incompatible'
INFO:__main__:used memory: 1 M
INFO:__main__:FuncIndex is 1346, time overhead is 0.03300189971923828
INFO:root:unsupport call_indirect now
INFO:root:unsupport call_indirect now
INFO:root:unsupport call_indirect now
INFO:root:unsupport call_indirect now
INFO:__main__:used memory: -1 M
INFO:__main__:FuncIndex is 1347, time overhead is 1.301222562789917
INFO:__main__:used memory: 0 M
INFO:__main__:FuncIndex is 1348, time overhead is 0.19548511505126953
INFO:__main__:used memory: -1 M
INFO:__main__:FuncIndex is 1349, time overhead is 0.11953210830688477
INFO:__main__:used memory: 0 M
INFO:__main__:FuncIndex is 1350, time overhead is 0.03599262237548828
INFO:__main__:used memory: 0 M
INFO:__main__:FuncIndex is 1351, time overhead is 0.04868888854980469
INFO:__main__:used memory: 1 M
INFO:__main__:FuncIndex is 1352, time overhead is 0.034700870513916016
INFO:__main__:used memory: 1 M
INFO:__main__:FuncIndex is 1353, time overhead is 0.04272270202636719
INFO:__main__:used memory: -1 M
INFO:__main__:FuncIndex is 1354, time overhead is 0.035935401916503906
INFO:__main__:used memory: 0 M
INFO:__main__:FuncIndex is 1355, time overhead is 0.033742666244506836
INFO:__main__:used memory: 0 M
INFO:__main__:FuncIndex is 1356, time overhead is 0.03362321853637695
INFO:__main__:used memory: 1 M
INFO:__main__:FuncIndex is 1357, time overhead is 0.03368067741394043
INFO:__main__:used memory: 0 M
INFO:__main__:FuncIndex is 1358, time overhead is 0.030623674392700195
INFO:__main__:used memory: -1 M
INFO:__main__:FuncIndex is 1359, time overhead is 0.03362274169921875
INFO:__main__:used memory: 0 M
INFO:__main__:FuncIndex is 1360, time overhead is 0.03316974639892578
INFO:__main__:used memory: 0 M
INFO:__main__:FuncIndex is 1361, time overhead is 0.03344273567199707
INFO:__main__:used memory: 1 M
INFO:__main__:FuncIndex is 1362, time overhead is 0.03327226638793945
INFO:root:fpMin() missing 1 required positional argument: 'b'
INFO:root:fpMin() missing 1 required positional argument: 'b'
INFO:root:fpMin() missing 1 required positional argument: 'b'
INFO:root:fpMin() missing 1 required positional argument: 'b'
INFO:root:fpMin() missing 1 required positional argument: 'b'
INFO:root:fpMin() missing 1 required positional argument: 'b'
INFO:root:fpMin() missing 1 required positional argument: 'b'
INFO:root:fpMin() missing 1 required positional argument: 'b'
INFO:root:fpMin() missing 1 required positional argument: 'b'
INFO:root:fpMin() missing 1 required positional argument: 'b'
INFO:root:fpMin() missing 1 required positional argument: 'b'
INFO:root:fpMin() missing 1 required positional argument: 'b'
INFO:root:fpMin() missing 1 required positional argument: 'b'
INFO:root:fpMin() missing 1 required positional argument: 'b'
INFO:root:fpMin() missing 1 required positional argument: 'b'
INFO:root:fpMin() missing 1 required positional argument: 'b'
INFO:root:fpMin() missing 1 required positional argument: 'b'
INFO:root:fpMin() missing 1 required positional argument: 'b'
INFO:root:fpMin() missing 1 required positional argument: 'b'
INFO:root:fpMin() missing 1 required positional argument: 'b'
INFO:root:fpMin() missing 1 required positional argument: 'b'
INFO:root:fpMin() missing 1 required positional argument: 'b'
INFO:root:fpMin() missing 1 required positional argument: 'b'
INFO:root:fpMin() missing 1 required positional argument: 'b'
INFO:root:fpMin() missing 1 required positional argument: 'b'
INFO:root:fpMin() missing 1 required positional argument: 'b'
INFO:root:fpMin() missing 1 required positional argument: 'b'
INFO:root:fpMin() missing 1 required positional argument: 'b'
INFO:root:fpMin() missing 1 required positional argument: 'b'
INFO:root:fpMin() missing 1 required positional argument: 'b'
INFO:root:fpMin() missing 1 required positional argument: 'b'
INFO:root:fpMin() missing 1 required positional argument: 'b'
INFO:root:fpMin() missing 1 required positional argument: 'b'
INFO:root:fpMin() missing 1 required positional argument: 'b'
INFO:root:fpMin() missing 1 required positional argument: 'b'
INFO:root:fpMin() missing 1 required positional argument: 'b'
INFO:__main__:used memory: 99 M
INFO:__main__:FuncIndex is 1363, time overhead is 247.70978116989136
INFO:root:b'Sorts (_ BitVec 32) and (_ BitVec 64) are incompatible'
INFO:__main__:used memory: 1 M
INFO:__main__:FuncIndex is 1364, time overhead is 0.04855775833129883
INFO:__main__:used memory: -1 M
INFO:__main__:FuncIndex is 1365, time overhead is 0.03602123260498047
INFO:__main__:used memory: 1 M
INFO:__main__:FuncIndex is 1366, time overhead is 0.03583168983459473
INFO:__main__:used memory: 0 M
INFO:__main__:FuncIndex is 1367, time overhead is 0.0362699031829834
INFO:__main__:used memory: 0 M
INFO:__main__:FuncIndex is 1368, time overhead is 0.03579425811767578
INFO:__main__:used memory: 1 M
INFO:__main__:FuncIndex is 1369, time overhead is 0.0348050594329834
INFO:__main__:used memory: 0 M
INFO:__main__:FuncIndex is 1370, time overhead is 0.03636932373046875
INFO:__main__:used memory: -1 M
INFO:__main__:FuncIndex is 1371, time overhead is 0.03476858139038086
INFO:__main__:used memory: 1 M
INFO:__main__:FuncIndex is 1372, time overhead is 0.03578042984008789
INFO:__main__:used memory: -1 M
INFO:__main__:FuncIndex is 1373, time overhead is 0.03664827346801758
INFO:root:fpMin() missing 1 required positional argument: 'b'
INFO:__main__:used memory: 0 M
INFO:__main__:FuncIndex is 1374, time overhead is 0.11667418479919434
INFO:__main__:used memory: 1 M
INFO:__main__:FuncIndex is 1375, time overhead is 0.03394031524658203
INFO:__main__:used memory: 0 M
INFO:__main__:FuncIndex is 1376, time overhead is 0.0493161678314209
INFO:__main__:used memory: 0 M
INFO:__main__:FuncIndex is 1377, time overhead is 0.08217859268188477
INFO:__main__:[exception] used memory: -1 M
INFO:__main__:[exception] FuncIndex is 1378, time overhead is 0.06956839561462402
INFO:__main__:[exception] used memory: 8 M
INFO:__main__:[exception] FuncIndex is 1379, time overhead is 7.823110818862915
INFO:__main__:used memory: 0 M
INFO:__main__:FuncIndex is 1380, time overhead is 0.16013288497924805
INFO:__main__:used memory: 0 M
INFO:__main__:FuncIndex is 1381, time overhead is 0.05710721015930176
INFO:root:b'Sorts (_ BitVec 256) and (_ BitVec 32) are incompatible'
INFO:__main__:used memory: 2 M
INFO:__main__:FuncIndex is 1382, time overhead is 0.034529924392700195
INFO:__main__:used memory: 0 M
INFO:__main__:FuncIndex is 1383, time overhead is 0.02864217758178711
INFO:__main__:used memory: -2 M
INFO:__main__:FuncIndex is 1384, time overhead is 0.10165238380432129
INFO:__main__:used memory: 1 M
INFO:__main__:FuncIndex is 1385, time overhead is 0.07095861434936523
INFO:__main__:used memory: 0 M
INFO:__main__:FuncIndex is 1386, time overhead is 0.053843021392822266
INFO:__main__:used memory: 1 M
INFO:__main__:FuncIndex is 1387, time overhead is 0.047911643981933594
INFO:__main__:used memory: 0 M
INFO:__main__:FuncIndex is 1388, time overhead is 0.1350400447845459
INFO:__main__:used memory: 1 M
INFO:__main__:FuncIndex is 1389, time overhead is 0.055591583251953125
INFO:__main__:used memory: 0 M
INFO:__main__:FuncIndex is 1390, time overhead is 0.06147265434265137
INFO:__main__:used memory: 1 M
INFO:__main__:FuncIndex is 1391, time overhead is 0.050098419189453125
INFO:root:fpMin() missing 1 required positional argument: 'b'
INFO:root:fpMin() missing 1 required positional argument: 'b'
INFO:__main__:used memory: -93 M
INFO:__main__:FuncIndex is 1392, time overhead is 0.7193913459777832
INFO:__main__:used memory: 0 M
INFO:__main__:FuncIndex is 1393, time overhead is 0.03751683235168457
INFO:__main__:used memory: 0 M
INFO:__main__:FuncIndex is 1394, time overhead is 0.039562225341796875
INFO:__main__:used memory: 1 M
INFO:__main__:FuncIndex is 1395, time overhead is 0.03568291664123535
INFO:__main__:used memory: -1 M
INFO:__main__:FuncIndex is 1396, time overhead is 0.049442291259765625
INFO:__main__:used memory: 0 M
INFO:__main__:FuncIndex is 1397, time overhead is 0.049840450286865234
INFO:__main__:used memory: 0 M
INFO:__main__:FuncIndex is 1398, time overhead is 0.03829503059387207
INFO:__main__:used memory: -1 M
INFO:__main__:FuncIndex is 1399, time overhead is 0.04282855987548828
INFO:__main__:used memory: 2 M
INFO:__main__:FuncIndex is 1400, time overhead is 0.06229567527770996
INFO:__main__:used memory: 0 M
INFO:__main__:FuncIndex is 1401, time overhead is 0.04358363151550293
INFO:__main__:used memory: 1 M
INFO:__main__:FuncIndex is 1402, time overhead is 0.037444114685058594
INFO:root:fpMin() missing 1 required positional argument: 'b'
INFO:__main__:used memory: -2 M
INFO:__main__:FuncIndex is 1403, time overhead is 0.10656428337097168
INFO:__main__:used memory: 2 M
INFO:__main__:FuncIndex is 1404, time overhead is 0.03676295280456543
INFO:__main__:used memory: -2 M
INFO:__main__:FuncIndex is 1405, time overhead is 0.03474855422973633
INFO:__main__:used memory: 0 M
INFO:__main__:FuncIndex is 1406, time overhead is 0.04058694839477539
INFO:__main__:used memory: 1 M
INFO:__main__:FuncIndex is 1407, time overhead is 0.05114269256591797
INFO:__main__:used memory: -1 M
INFO:__main__:FuncIndex is 1408, time overhead is 0.0693807601928711
INFO:__main__:used memory: 0 M
INFO:__main__:FuncIndex is 1409, time overhead is 0.03013324737548828
INFO:__main__:used memory: 2 M
INFO:__main__:FuncIndex is 1410, time overhead is 0.029098987579345703
INFO:__main__:used memory: 0 M
INFO:__main__:FuncIndex is 1411, time overhead is 0.026616811752319336
INFO:__main__:used memory: -1 M
INFO:__main__:FuncIndex is 1412, time overhead is 0.030217647552490234
INFO:__main__:used memory: 1 M
INFO:__main__:FuncIndex is 1413, time overhead is 0.029387235641479492
INFO:root:fpMin() missing 1 required positional argument: 'b'
INFO:__main__:used memory: -1 M
INFO:__main__:FuncIndex is 1414, time overhead is 0.12055301666259766
INFO:__main__:used memory: 0 M
INFO:__main__:FuncIndex is 1415, time overhead is 0.02882838249206543
INFO:__main__:used memory: 1 M
INFO:__main__:FuncIndex is 1416, time overhead is 0.029282331466674805
INFO:__main__:used memory: -1 M
INFO:__main__:FuncIndex is 1417, time overhead is 0.029305696487426758
INFO:__main__:used memory: 0 M
INFO:__main__:FuncIndex is 1418, time overhead is 0.029122591018676758
INFO:__main__:used memory: -1 M
INFO:__main__:FuncIndex is 1419, time overhead is 0.04930734634399414
INFO:root:Value cannot be converted into a Z3 Boolean value
INFO:__main__:used memory: 0 M
INFO:__main__:FuncIndex is 1420, time overhead is 0.06579709053039551
INFO:__main__:used memory: 2 M
INFO:__main__:FuncIndex is 1421, time overhead is 0.03186297416687012
INFO:__main__:used memory: -1 M
INFO:__main__:FuncIndex is 1422, time overhead is 0.04496574401855469
INFO:__main__:used memory: -1 M
INFO:__main__:FuncIndex is 1423, time overhead is 0.04203462600708008
INFO:root:fpMin() missing 1 required positional argument: 'b'
INFO:root:fpMin() missing 1 required positional argument: 'b'
INFO:__main__:used memory: -6 M
INFO:__main__:FuncIndex is 1424, time overhead is 0.3461339473724365
INFO:__main__:used memory: 0 M
INFO:__main__:FuncIndex is 1425, time overhead is 0.04341483116149902
INFO:__main__:used memory: 1 M
INFO:__main__:FuncIndex is 1426, time overhead is 0.07703423500061035
INFO:__main__:used memory: 13 M
INFO:__main__:FuncIndex is 1427, time overhead is 1.8909261226654053
INFO:__main__:used memory: -14 M
INFO:__main__:FuncIndex is 1428, time overhead is 0.04206347465515137
INFO:__main__:used memory: 0 M
INFO:__main__:FuncIndex is 1429, time overhead is 0.1360180377960205
INFO:__main__:used memory: 1 M
INFO:__main__:FuncIndex is 1430, time overhead is 0.06934952735900879
INFO:__main__:used memory: 0 M
INFO:__main__:FuncIndex is 1431, time overhead is 0.0698854923248291
INFO:root:unsupport call_indirect now
INFO:__main__:used memory: -1 M
INFO:__main__:FuncIndex is 1432, time overhead is 0.14435148239135742
INFO:root:fpMin() missing 1 required positional argument: 'b'
INFO:root:fpMin() missing 1 required positional argument: 'b'
INFO:__main__:used memory: 0 M
INFO:__main__:FuncIndex is 1433, time overhead is 0.5206327438354492
INFO:__main__:used memory: 1 M
INFO:__main__:FuncIndex is 1434, time overhead is 0.06766510009765625
INFO:__main__:[exception] used memory: 1 M
INFO:__main__:[exception] FuncIndex is 1435, time overhead is 0.20228362083435059
INFO:__main__:used memory: -1 M
INFO:__main__:FuncIndex is 1436, time overhead is 0.3377993106842041
INFO:root:unsupport call_indirect now
INFO:__main__:[exception] used memory: 1 M
INFO:__main__:[exception] FuncIndex is 1437, time overhead is 93.6740369796753
INFO:__main__:used memory: 1 M
INFO:__main__:FuncIndex is 1438, time overhead is 0.04915785789489746
INFO:__main__:used memory: -1 M
INFO:__main__:FuncIndex is 1439, time overhead is 0.03288722038269043
INFO:root:unsupport call_indirect now
INFO:root:unsupport call_indirect now
INFO:__main__:used memory: 0 M
INFO:__main__:FuncIndex is 1440, time overhead is 0.17969369888305664
INFO:__main__:used memory: 0 M
INFO:__main__:FuncIndex is 1441, time overhead is 0.12925148010253906
INFO:__main__:used memory: -1 M
INFO:__main__:FuncIndex is 1442, time overhead is 0.28582334518432617
INFO:__main__:[exception] used memory: 0 M
INFO:__main__:[exception] FuncIndex is 1443, time overhead is 0.0013051033020019531
INFO:__main__:[exception] used memory: 0 M
INFO:__main__:[exception] FuncIndex is 1444, time overhead is 0.2117781639099121
INFO:__main__:used memory: 1 M
INFO:__main__:FuncIndex is 1445, time overhead is 0.0703742504119873
INFO:root:
INFO:root:
INFO:__main__:used memory: 0 M
INFO:__main__:FuncIndex is 1446, time overhead is 0.3754696846008301
INFO:__main__:[exception] used memory: 0 M
INFO:__main__:[exception] FuncIndex is 1447, time overhead is 90.12486863136292
INFO:__main__:used memory: 8 M
INFO:__main__:FuncIndex is 1448, time overhead is 2.739377498626709
INFO:__main__:[exception] used memory: 0 M
INFO:__main__:[exception] FuncIndex is 1449, time overhead is 0.001680135726928711
INFO:__main__:used memory: 0 M
INFO:__main__:FuncIndex is 1450, time overhead is 0.0597989559173584
INFO:__main__:used memory: 1 M
INFO:__main__:FuncIndex is 1451, time overhead is 1.0540204048156738
INFO:__main__:used memory: 1 M
INFO:__main__:FuncIndex is 1452, time overhead is 0.04871082305908203
INFO:__main__:used memory: 0 M
INFO:__main__:FuncIndex is 1453, time overhead is 0.04633307456970215
INFO:__main__:used memory: 0 M
INFO:__main__:FuncIndex is 1454, time overhead is 4.896901607513428
INFO:__main__:used memory: 0 M
INFO:__main__:FuncIndex is 1455, time overhead is 0.05273175239562988
INFO:__main__:used memory: 0 M
INFO:__main__:FuncIndex is 1456, time overhead is 0.06739163398742676
INFO:__main__:used memory: 0 M
INFO:__main__:FuncIndex is 1457, time overhead is 0.12843918800354004
INFO:__main__:used memory: -1 M
INFO:__main__:FuncIndex is 1458, time overhead is 0.03260397911071777
INFO:__main__:used memory: 0 M
INFO:__main__:FuncIndex is 1459, time overhead is 0.057531118392944336
INFO:__main__:used memory: 0 M
INFO:__main__:FuncIndex is 1460, time overhead is 0.5371098518371582
INFO:__main__:used memory: 27 M
INFO:__main__:FuncIndex is 1461, time overhead is 15.387308120727539
INFO:__main__:used memory: 0 M
INFO:__main__:FuncIndex is 1462, time overhead is 0.09316086769104004
INFO:__main__:used memory: 14 M
INFO:__main__:FuncIndex is 1463, time overhead is 0.5116071701049805
INFO:__main__:used memory: 11 M
INFO:__main__:FuncIndex is 1464, time overhead is 2.914872884750366
INFO:__main__:[exception] used memory: 0 M
INFO:__main__:[exception] FuncIndex is 1465, time overhead is 0.0025720596313476562
INFO:__main__:[exception] used memory: 0 M
INFO:__main__:[exception] FuncIndex is 1466, time overhead is 0.018291950225830078
INFO:__main__:used memory: 2 M
INFO:__main__:FuncIndex is 1467, time overhead is 0.08182096481323242
INFO:__main__:used memory: -40 M
INFO:__main__:FuncIndex is 1468, time overhead is 0.5444393157958984
INFO:__main__:used memory: 0 M
INFO:__main__:FuncIndex is 1469, time overhead is 0.1522822380065918
INFO:__main__:used memory: 0 M
INFO:__main__:FuncIndex is 1470, time overhead is 0.14016246795654297
INFO:__main__:used memory: 0 M
INFO:__main__:FuncIndex is 1471, time overhead is 0.1433725357055664
INFO:__main__:used memory: 0 M
INFO:__main__:FuncIndex is 1472, time overhead is 0.17238736152648926
INFO:__main__:used memory: 0 M
INFO:__main__:FuncIndex is 1473, time overhead is 0.04465794563293457
INFO:__main__:used memory: -1 M
INFO:__main__:FuncIndex is 1474, time overhead is 0.24340152740478516
INFO:__main__:[exception] used memory: 0 M
INFO:__main__:[exception] FuncIndex is 1475, time overhead is 0.03003692626953125
INFO:__main__:used memory: 1 M
INFO:__main__:FuncIndex is 1476, time overhead is 0.10766720771789551
INFO:root:b'Argument (bvand #x0000000000000000 #x00000000ffffffff) at position 1 does not match declaration (declare-fun bvsle ((_ BitVec 32) (_ BitVec 32)) Bool)'
INFO:__main__:[exception] used memory: 0 M
INFO:__main__:[exception] FuncIndex is 1477, time overhead is 0.12967729568481445
INFO:__main__:used memory: -5 M
INFO:__main__:FuncIndex is 1478, time overhead is 0.2277812957763672
INFO:__main__:[exception] used memory: -1 M
INFO:__main__:[exception] FuncIndex is 1479, time overhead is 2.265299081802368
INFO:__main__:used memory: 1 M
INFO:__main__:FuncIndex is 1480, time overhead is 0.04996180534362793
INFO:__main__:used memory: 0 M
INFO:__main__:FuncIndex is 1481, time overhead is 0.055314064025878906
INFO:__main__:used memory: -1 M
INFO:__main__:FuncIndex is 1482, time overhead is 0.04847097396850586
INFO:__main__:used memory: 1 M
INFO:__main__:FuncIndex is 1483, time overhead is 0.05944657325744629
INFO:__main__:used memory: 1 M
INFO:__main__:FuncIndex is 1484, time overhead is 0.05582761764526367
INFO:__main__:used memory: 1 M
INFO:__main__:FuncIndex is 1485, time overhead is 0.028156042098999023
INFO:__main__:used memory: -1 M
INFO:__main__:FuncIndex is 1486, time overhead is 2.7014122009277344
INFO:__main__:[exception] used memory: 0 M
INFO:__main__:[exception] FuncIndex is 1487, time overhead is 0.002734661102294922
INFO:__main__:used memory: 0 M
INFO:__main__:FuncIndex is 1488, time overhead is 0.06999969482421875
INFO:root:
INFO:__main__:used memory: 0 M
INFO:__main__:FuncIndex is 1489, time overhead is 0.04620528221130371
INFO:__main__:[exception] used memory: 0 M
INFO:__main__:[exception] FuncIndex is 1490, time overhead is 181.4064679145813
INFO:__main__:[exception] used memory: 0 M
INFO:__main__:[exception] FuncIndex is 1491, time overhead is 95.63177680969238
INFO:__main__:[exception] used memory: 0 M
INFO:__main__:[exception] FuncIndex is 1492, time overhead is 0.3459796905517578
INFO:__main__:used memory: -1 M
INFO:__main__:FuncIndex is 1493, time overhead is 0.20676875114440918
INFO:root:unsupport call_indirect now
INFO:__main__:used memory: 0 M
INFO:__main__:FuncIndex is 1494, time overhead is 0.22394037246704102
INFO:__main__:used memory: 0 M
INFO:__main__:FuncIndex is 1495, time overhead is 0.12712597846984863
INFO:__main__:used memory: 1 M
INFO:__main__:FuncIndex is 1496, time overhead is 0.05997204780578613
INFO:__main__:used memory: 0 M
INFO:__main__:FuncIndex is 1497, time overhead is 0.04033350944519043
INFO:__main__:used memory: 0 M
INFO:__main__:FuncIndex is 1498, time overhead is 0.03943586349487305
INFO:__main__:[exception] used memory: 1 M
INFO:__main__:[exception] FuncIndex is 1499, time overhead is 0.11479020118713379
INFO:__main__:[exception] used memory: -2 M
INFO:__main__:[exception] FuncIndex is 1500, time overhead is 0.1209573745727539
INFO:__main__:used memory: 1 M
INFO:__main__:FuncIndex is 1501, time overhead is 0.07985711097717285
INFO:__main__:used memory: 0 M
INFO:__main__:FuncIndex is 1502, time overhead is 0.07935190200805664
INFO:__main__:used memory: -1 M
INFO:__main__:FuncIndex is 1503, time overhead is 0.03708910942077637
INFO:__main__:used memory: 0 M
INFO:__main__:FuncIndex is 1504, time overhead is 0.4208669662475586
INFO:__main__:used memory: 1 M
INFO:__main__:FuncIndex is 1505, time overhead is 0.16342949867248535
INFO:__main__:used memory: 0 M
INFO:__main__:FuncIndex is 1506, time overhead is 0.11563992500305176
INFO:__main__:used memory: 0 M
INFO:__main__:FuncIndex is 1507, time overhead is 0.03131365776062012
INFO:__main__:used memory: 0 M
INFO:__main__:FuncIndex is 1508, time overhead is 0.28447651863098145
INFO:root:
INFO:__main__:used memory: 1 M
INFO:__main__:FuncIndex is 1509, time overhead is 0.03723573684692383
INFO:__main__:used memory: -1 M
INFO:__main__:FuncIndex is 1510, time overhead is 0.06962847709655762
INFO:root:
INFO:__main__:used memory: 1 M
INFO:__main__:FuncIndex is 1511, time overhead is 0.04546928405761719
INFO:__main__:used memory: 0 M
INFO:__main__:FuncIndex is 1512, time overhead is 0.04337906837463379
INFO:__main__:used memory: -1 M
INFO:__main__:FuncIndex is 1513, time overhead is 0.057032108306884766
INFO:__main__:used memory: 0 M
INFO:__main__:FuncIndex is 1514, time overhead is 0.20223474502563477
INFO:__main__:used memory: -1 M
INFO:__main__:FuncIndex is 1515, time overhead is 0.3462536334991455
INFO:root:
INFO:__main__:used memory: 0 M
INFO:__main__:FuncIndex is 1516, time overhead is 0.2571983337402344
INFO:__main__:used memory: 1 M
INFO:__main__:FuncIndex is 1517, time overhead is 0.06377243995666504
INFO:__main__:used memory: 0 M
INFO:__main__:FuncIndex is 1518, time overhead is 0.04279470443725586
INFO:root:First argument must be a Z3 bit-vector expression
INFO:root:First argument must be a Z3 bit-vector expression
INFO:__main__:used memory: -1 M
INFO:__main__:FuncIndex is 1519, time overhead is 0.17116737365722656
INFO:__main__:used memory: 1 M
INFO:__main__:FuncIndex is 1520, time overhead is 0.08000874519348145
INFO:__main__:used memory: 0 M
INFO:__main__:FuncIndex is 1521, time overhead is 0.03441023826599121
INFO:__main__:used memory: 1 M
INFO:__main__:FuncIndex is 1522, time overhead is 0.05444693565368652
INFO:__main__:used memory: -1 M
INFO:__main__:FuncIndex is 1523, time overhead is 0.07819223403930664
INFO:__main__:used memory: -1 M
INFO:__main__:FuncIndex is 1524, time overhead is 0.10840773582458496
INFO:__main__:[exception] used memory: 0 M
INFO:__main__:[exception] FuncIndex is 1525, time overhead is 0.09748506546020508
INFO:__main__:used memory: 0 M
INFO:__main__:FuncIndex is 1526, time overhead is 0.28740382194519043
INFO:__main__:used memory: 0 M
INFO:__main__:FuncIndex is 1527, time overhead is 0.2974238395690918
INFO:__main__:used memory: 0 M
INFO:__main__:FuncIndex is 1528, time overhead is 0.04891324043273926
INFO:__main__:used memory: 0 M
INFO:__main__:FuncIndex is 1529, time overhead is 0.18140435218811035
INFO:__main__:[exception] used memory: 8 M
INFO:__main__:[exception] FuncIndex is 1530, time overhead is 117.18895053863525
INFO:__main__:[exception] used memory: 0 M
INFO:__main__:[exception] FuncIndex is 1531, time overhead is 0.0006189346313476562
INFO:__main__:[exception] used memory: 0 M
INFO:__main__:[exception] FuncIndex is 1532, time overhead is 0.014202117919921875
INFO:root:
INFO:__main__:used memory: 0 M
INFO:__main__:FuncIndex is 1533, time overhead is 0.09014725685119629
INFO:__main__:[exception] used memory: 0 M
INFO:__main__:[exception] FuncIndex is 1534, time overhead is 0.025960445404052734
INFO:__main__:used memory: 1 M
INFO:__main__:FuncIndex is 1535, time overhead is 0.20696258544921875
INFO:__main__:used memory: 0 M
INFO:__main__:FuncIndex is 1536, time overhead is 0.0617060661315918
INFO:__main__:used memory: 0 M
INFO:__main__:FuncIndex is 1537, time overhead is 0.10307836532592773
INFO:__main__:used memory: 0 M
INFO:__main__:FuncIndex is 1538, time overhead is 0.15451717376708984
INFO:__main__:used memory: -1 M
INFO:__main__:FuncIndex is 1539, time overhead is 0.3729817867279053
INFO:__main__:used memory: 1 M
INFO:__main__:FuncIndex is 1540, time overhead is 0.138596773147583
INFO:__main__:used memory: -1 M
INFO:__main__:FuncIndex is 1541, time overhead is 1.0026860237121582
INFO:__main__:used memory: 1 M
INFO:__main__:FuncIndex is 1542, time overhead is 0.07318925857543945
INFO:__main__:used memory: 0 M
INFO:__main__:FuncIndex is 1543, time overhead is 0.26511502265930176
INFO:__main__:used memory: 1 M
INFO:__main__:FuncIndex is 1544, time overhead is 0.04698824882507324
INFO:__main__:used memory: -1 M
INFO:__main__:FuncIndex is 1545, time overhead is 0.04235506057739258
INFO:__main__:used memory: 1 M
INFO:__main__:FuncIndex is 1546, time overhead is 0.03067612648010254
INFO:__main__:used memory: 0 M
INFO:__main__:FuncIndex is 1547, time overhead is 0.030810832977294922
INFO:__main__:used memory: 0 M
INFO:__main__:FuncIndex is 1548, time overhead is 0.030347824096679688
INFO:__main__:used memory: -1 M
INFO:__main__:FuncIndex is 1549, time overhead is 0.680396556854248
INFO:__main__:[exception] used memory: -1 M
INFO:__main__:[exception] FuncIndex is 1550, time overhead is 6.706818580627441
INFO:__main__:used memory: 0 M
INFO:__main__:FuncIndex is 1551, time overhead is 0.19611310958862305
INFO:__main__:used memory: 1 M
INFO:__main__:FuncIndex is 1552, time overhead is 0.12145853042602539
INFO:__main__:used memory: 0 M
INFO:__main__:FuncIndex is 1553, time overhead is 0.16984820365905762
INFO:__main__:used memory: -1 M
INFO:__main__:FuncIndex is 1554, time overhead is 0.3086574077606201
INFO:root:b'Sorts (_ BitVec 256) and (_ BitVec 32) are incompatible'
INFO:__main__:used memory: 1 M
INFO:__main__:FuncIndex is 1555, time overhead is 0.04792284965515137
INFO:__main__:used memory: 0 M
INFO:__main__:FuncIndex is 1556, time overhead is 1.1926965713500977
INFO:__main__:used memory: 0 M
INFO:__main__:FuncIndex is 1557, time overhead is 21.114768505096436
INFO:__main__:used memory: 0 M
INFO:__main__:FuncIndex is 1558, time overhead is 0.10669684410095215
INFO:__main__:used memory: 0 M
INFO:__main__:FuncIndex is 1559, time overhead is 0.07457160949707031
INFO:__main__:used memory: 0 M
INFO:__main__:FuncIndex is 1560, time overhead is 0.0470123291015625
INFO:__main__:used memory: 54 M
INFO:__main__:FuncIndex is 1561, time overhead is 28.490753173828125
INFO:__main__:used memory: -24 M
INFO:__main__:FuncIndex is 1562, time overhead is 4.9408674240112305
INFO:__main__:used memory: 0 M
INFO:__main__:FuncIndex is 1563, time overhead is 38.587942123413086
INFO:__main__:used memory: 0 M
INFO:__main__:FuncIndex is 1564, time overhead is 0.07559084892272949
INFO:__main__:[exception] used memory: 0 M
INFO:__main__:[exception] FuncIndex is 1565, time overhead is 0.2515909671783447
INFO:__main__:used memory: 1 M
INFO:__main__:FuncIndex is 1566, time overhead is 0.6324644088745117
INFO:__main__:[exception] used memory: 2 M
INFO:__main__:[exception] FuncIndex is 1567, time overhead is 0.3868889808654785
INFO:__main__:used memory: 0 M
INFO:__main__:FuncIndex is 1568, time overhead is 0.09104204177856445
INFO:__main__:used memory: 1 M
INFO:__main__:FuncIndex is 1569, time overhead is 0.057976484298706055
INFO:__main__:used memory: 6 M
INFO:__main__:FuncIndex is 1570, time overhead is 21.502312660217285
INFO:__main__:used memory: 0 M
INFO:__main__:FuncIndex is 1571, time overhead is 0.056999921798706055
INFO:__main__:used memory: 1 M
INFO:__main__:FuncIndex is 1572, time overhead is 0.27077341079711914
INFO:__main__:used memory: -26 M
INFO:__main__:FuncIndex is 1573, time overhead is 0.5867452621459961
INFO:__main__:[exception] used memory: 0 M
INFO:__main__:[exception] FuncIndex is 1574, time overhead is 6.058287620544434
INFO:__main__:used memory: 0 M
INFO:__main__:FuncIndex is 1575, time overhead is 0.31920289993286133
INFO:__main__:used memory: 0 M
INFO:__main__:FuncIndex is 1576, time overhead is 0.046391963958740234
INFO:__main__:[exception] used memory: -1 M
INFO:__main__:[exception] FuncIndex is 1577, time overhead is 1.4085638523101807
INFO:__main__:used memory: -3 M
INFO:__main__:FuncIndex is 1578, time overhead is 0.7942557334899902
INFO:__main__:[exception] used memory: 2 M
INFO:__main__:[exception] FuncIndex is 1579, time overhead is 0.08003687858581543
INFO:__main__:used memory: -2 M
INFO:__main__:FuncIndex is 1580, time overhead is 0.07171249389648438
INFO:__main__:used memory: 503 M
INFO:__main__:FuncIndex is 1581, time overhead is 69.81395244598389
INFO:__main__:used memory: 0 M
INFO:__main__:FuncIndex is 1582, time overhead is 0.2563319206237793
INFO:__main__:used memory: 1 M
INFO:__main__:FuncIndex is 1583, time overhead is 0.0853569507598877
INFO:__main__:used memory: 0 M
INFO:__main__:FuncIndex is 1584, time overhead is 0.06826972961425781
INFO:__main__:[exception] used memory: 0 M
INFO:__main__:[exception] FuncIndex is 1585, time overhead is 0.6256084442138672
INFO:root:unsupport call_indirect now
INFO:root:unsupport call_indirect now
INFO:root:unsupport call_indirect now
INFO:root:unsupport call_indirect now
INFO:root:unsupport call_indirect now
INFO:root:unsupport call_indirect now
INFO:root:b'Argument (bvand #xffffffffffffffff #x00000000ffffffff) at position 1 does not match declaration (declare-fun bvsge ((_ BitVec 32) (_ BitVec 32)) Bool)'
INFO:__main__:[exception] used memory: 0 M
INFO:__main__:[exception] FuncIndex is 1586, time overhead is 3.193157196044922
INFO:__main__:used memory: 0 M
INFO:__main__:FuncIndex is 1587, time overhead is 0.041347503662109375
INFO:__main__:used memory: 0 M
INFO:__main__:FuncIndex is 1588, time overhead is 0.05637621879577637
INFO:__main__:used memory: -1 M
INFO:__main__:FuncIndex is 1589, time overhead is 0.24138450622558594
INFO:__main__:used memory: -457 M
INFO:__main__:FuncIndex is 1590, time overhead is 12.343294858932495
INFO:__main__:used memory: 0 M
INFO:__main__:FuncIndex is 1591, time overhead is 0.07848954200744629
INFO:__main__:used memory: -1 M
INFO:__main__:FuncIndex is 1592, time overhead is 0.19505858421325684
INFO:__main__:used memory: 0 M
INFO:__main__:FuncIndex is 1593, time overhead is 0.051818132400512695
INFO:__main__:[exception] used memory: 0 M
INFO:__main__:[exception] FuncIndex is 1594, time overhead is 0.07621645927429199
INFO:__main__:used memory: 835 M
INFO:__main__:FuncIndex is 1595, time overhead is 278.6488609313965
INFO:__main__:used memory: 0 M
INFO:__main__:FuncIndex is 1596, time overhead is 0.46523499488830566
INFO:__main__:used memory: 0 M
INFO:__main__:FuncIndex is 1597, time overhead is 0.19146943092346191
INFO:__main__:used memory: 0 M
INFO:__main__:FuncIndex is 1598, time overhead is 0.21747326850891113
INFO:__main__:used memory: 0 M
INFO:__main__:FuncIndex is 1599, time overhead is 0.050994157791137695
INFO:__main__:used memory: 0 M
INFO:__main__:FuncIndex is 1600, time overhead is 0.052271366119384766
INFO:__main__:All time: 1943.5678820610046
