INFO:__main__:FuncIndex is 801, start time is 1620721672.16975
INFO:__main__:FuncIndex is 801, end time is 1620721672.3146694
INFO:__main__:used memory: 1 M
INFO:__main__:FuncIndex is 801, time overhead is 0.14491939544677734
INFO:__main__:FuncIndex is 802, start time is 1620721672.315619
INFO:__main__:FuncIndex is 802, end time is 1620721672.3529966
INFO:__main__:used memory: 1 M
INFO:__main__:FuncIndex is 802, time overhead is 0.03737759590148926
INFO:__main__:FuncIndex is 803, start time is 1620721672.3543549
INFO:__main__:FuncIndex is 803, end time is 1620721672.3856304
INFO:__main__:used memory: -1 M
INFO:__main__:FuncIndex is 803, time overhead is 0.03127551078796387
INFO:__main__:FuncIndex is 804, start time is 1620721672.3866105
INFO:__main__:FuncIndex is 804, end time is 1620721672.4187555
INFO:__main__:used memory: 1 M
INFO:__main__:FuncIndex is 804, time overhead is 0.032145023345947266
INFO:__main__:FuncIndex is 805, start time is 1620721672.4194734
INFO:__main__:FuncIndex is 805, end time is 1620721672.4487286
INFO:__main__:used memory: 1 M
INFO:__main__:FuncIndex is 805, time overhead is 0.029255151748657227
INFO:__main__:FuncIndex is 806, start time is 1620721672.4495902
INFO:__main__:FuncIndex is 806, end time is 1620721672.4803252
INFO:__main__:used memory: 0 M
INFO:__main__:FuncIndex is 806, time overhead is 0.030735015869140625
INFO:__main__:FuncIndex is 807, start time is 1620721672.4811323
INFO:__main__:FuncIndex is 807, end time is 1620721672.5113287
INFO:__main__:used memory: 1 M
INFO:__main__:FuncIndex is 807, time overhead is 0.030196428298950195
INFO:__main__:FuncIndex is 808, start time is 1620721672.5119991
INFO:__main__:FuncIndex is 808, end time is 1620721672.5430312
INFO:__main__:used memory: -1 M
INFO:__main__:FuncIndex is 808, time overhead is 0.031032085418701172
INFO:__main__:FuncIndex is 809, start time is 1620721672.5437195
INFO:__main__:FuncIndex is 809, end time is 1620721672.5751853
INFO:__main__:used memory: 0 M
INFO:__main__:FuncIndex is 809, time overhead is 0.031465768814086914
INFO:__main__:FuncIndex is 810, start time is 1620721672.5758617
INFO:__main__:FuncIndex is 810, end time is 1620721672.6071637
INFO:__main__:used memory: 0 M
INFO:__main__:FuncIndex is 810, time overhead is 0.03130197525024414
INFO:__main__:FuncIndex is 811, start time is 1620721672.6078541
INFO:__main__:FuncIndex is 811, end time is 1620721672.639934
INFO:__main__:used memory: 0 M
INFO:__main__:FuncIndex is 811, time overhead is 0.03207993507385254
INFO:__main__:FuncIndex is 812, start time is 1620721672.6406136
INFO:__main__:FuncIndex is 812, end time is 1620721672.7374656
INFO:__main__:used memory: 5 M
INFO:__main__:FuncIndex is 812, time overhead is 0.09685206413269043
INFO:__main__:FuncIndex is 813, start time is 1620721672.739541
INFO:__main__:FuncIndex is 813, end time is 1620721672.770197
INFO:__main__:used memory: 0 M
INFO:__main__:FuncIndex is 813, time overhead is 0.030655860900878906
INFO:__main__:FuncIndex is 814, start time is 1620721672.7708693
INFO:__main__:FuncIndex is 814, end time is 1620721672.7992523
INFO:__main__:used memory: 0 M
INFO:__main__:FuncIndex is 814, time overhead is 0.02838301658630371
INFO:__main__:FuncIndex is 815, start time is 1620721672.7999308
INFO:__main__:FuncIndex is 815, end time is 1620721672.8284094
INFO:__main__:used memory: 2 M
INFO:__main__:FuncIndex is 815, time overhead is 0.028478622436523438
INFO:__main__:FuncIndex is 816, start time is 1620721672.8291929
INFO:__main__:FuncIndex is 816, end time is 1620721672.857845
INFO:__main__:used memory: -1 M
INFO:__main__:FuncIndex is 816, time overhead is 0.028652191162109375
INFO:__main__:FuncIndex is 817, start time is 1620721672.8585608
INFO:__main__:FuncIndex is 817, end time is 1620721672.8871598
INFO:__main__:used memory: 1 M
INFO:__main__:FuncIndex is 817, time overhead is 0.028599023818969727
INFO:__main__:FuncIndex is 818, start time is 1620721672.8878498
INFO:__main__:FuncIndex is 818, end time is 1620721672.9185262
INFO:__main__:used memory: -2 M
INFO:__main__:FuncIndex is 818, time overhead is 0.03067636489868164
INFO:__main__:FuncIndex is 819, start time is 1620721672.9193075
INFO:__main__:FuncIndex is 819, end time is 1620721672.950475
INFO:__main__:used memory: 2 M
INFO:__main__:FuncIndex is 819, time overhead is 0.03116750717163086
INFO:__main__:FuncIndex is 820, start time is 1620721672.9511862
INFO:__main__:FuncIndex is 820, end time is 1620721672.9817092
INFO:__main__:used memory: 0 M
INFO:__main__:FuncIndex is 820, time overhead is 0.030523061752319336
INFO:__main__:FuncIndex is 821, start time is 1620721672.9824433
INFO:__main__:FuncIndex is 821, end time is 1620721673.0126433
INFO:__main__:used memory: -1 M
INFO:__main__:FuncIndex is 821, time overhead is 0.03020000457763672
INFO:__main__:FuncIndex is 822, start time is 1620721673.0134258
INFO:__main__:FuncIndex is 822, end time is 1620721673.042121
INFO:__main__:used memory: 1 M
INFO:__main__:FuncIndex is 822, time overhead is 0.028695106506347656
INFO:__main__:FuncIndex is 823, start time is 1620721673.0428257
INFO:__main__:FuncIndex is 823, end time is 1620721673.0715656
INFO:__main__:used memory: 0 M
INFO:__main__:FuncIndex is 823, time overhead is 0.02873992919921875
INFO:__main__:FuncIndex is 824, start time is 1620721673.072248
INFO:__main__:FuncIndex is 824, end time is 1620721673.1005015
INFO:__main__:used memory: 0 M
INFO:__main__:FuncIndex is 824, time overhead is 0.028253555297851562
INFO:__main__:FuncIndex is 825, start time is 1620721673.101186
INFO:__main__:FuncIndex is 825, end time is 1620721673.128074
INFO:__main__:used memory: 1 M
INFO:__main__:FuncIndex is 825, time overhead is 0.026887893676757812
INFO:__main__:FuncIndex is 826, start time is 1620721673.1286654
INFO:__main__:FuncIndex is 826, end time is 1620721673.153905
INFO:__main__:used memory: 0 M
INFO:__main__:FuncIndex is 826, time overhead is 0.02523946762084961
INFO:__main__:FuncIndex is 827, start time is 1620721673.154475
INFO:__main__:FuncIndex is 827, end time is 1620721673.1792502
INFO:__main__:used memory: -1 M
INFO:__main__:FuncIndex is 827, time overhead is 0.024775266647338867
INFO:__main__:FuncIndex is 828, start time is 1620721673.1798332
INFO:__main__:FuncIndex is 828, end time is 1620721673.210694
INFO:__main__:used memory: 1 M
INFO:__main__:FuncIndex is 828, time overhead is 0.03086090087890625
INFO:__main__:FuncIndex is 829, start time is 1620721673.211419
INFO:__main__:FuncIndex is 829, end time is 1620721673.244061
INFO:__main__:used memory: 0 M
INFO:__main__:FuncIndex is 829, time overhead is 0.03264188766479492
INFO:__main__:FuncIndex is 830, start time is 1620721673.2447486
INFO:__main__:FuncIndex is 830, end time is 1620721673.276148
INFO:__main__:used memory: 0 M
INFO:__main__:FuncIndex is 830, time overhead is 0.03139948844909668
INFO:__main__:FuncIndex is 831, start time is 1620721673.2769907
INFO:__main__:FuncIndex is 831, end time is 1620721673.3088737
INFO:__main__:used memory: -1 M
INFO:__main__:FuncIndex is 831, time overhead is 0.03188300132751465
INFO:__main__:FuncIndex is 832, start time is 1620721673.3096135
INFO:__main__:FuncIndex is 832, end time is 1620721673.3396647
INFO:__main__:used memory: 1 M
INFO:__main__:FuncIndex is 832, time overhead is 0.030051231384277344
INFO:__main__:FuncIndex is 833, start time is 1620721673.3403714
INFO:__main__:FuncIndex is 833, end time is 1620721673.475632
INFO:__main__:used memory: 4 M
INFO:__main__:FuncIndex is 833, time overhead is 0.13526058197021484
INFO:__main__:FuncIndex is 834, start time is 1620721673.4776492
INFO:__main__:FuncIndex is 834, end time is 1620721673.509901
INFO:__main__:used memory: 1 M
INFO:__main__:FuncIndex is 834, time overhead is 0.032251834869384766
INFO:__main__:FuncIndex is 835, start time is 1620721673.5105767
INFO:__main__:FuncIndex is 835, end time is 1620721673.5411463
INFO:__main__:used memory: 0 M
INFO:__main__:FuncIndex is 835, time overhead is 0.03056955337524414
INFO:__main__:FuncIndex is 836, start time is 1620721673.5418358
INFO:__main__:FuncIndex is 836, end time is 1620721673.573317
INFO:__main__:used memory: 1 M
INFO:__main__:FuncIndex is 836, time overhead is 0.031481266021728516
INFO:__main__:FuncIndex is 837, start time is 1620721673.5740204
INFO:__main__:FuncIndex is 837, end time is 1620721673.6048758
INFO:__main__:used memory: 0 M
INFO:__main__:FuncIndex is 837, time overhead is 0.030855417251586914
INFO:__main__:FuncIndex is 838, start time is 1620721673.6055725
INFO:__main__:FuncIndex is 838, end time is 1620721673.636044
INFO:__main__:used memory: -1 M
INFO:__main__:FuncIndex is 838, time overhead is 0.0304715633392334
INFO:__main__:FuncIndex is 839, start time is 1620721673.636725
INFO:__main__:FuncIndex is 839, end time is 1620721673.6674187
INFO:__main__:used memory: 0 M
INFO:__main__:FuncIndex is 839, time overhead is 0.030693769454956055
INFO:__main__:FuncIndex is 840, start time is 1620721673.6680725
INFO:__main__:FuncIndex is 840, end time is 1620721673.6969228
INFO:__main__:used memory: 1 M
INFO:__main__:FuncIndex is 840, time overhead is 0.028850317001342773
INFO:__main__:FuncIndex is 841, start time is 1620721673.6977072
INFO:__main__:FuncIndex is 841, end time is 1620721673.7255998
INFO:__main__:used memory: -1 M
INFO:__main__:FuncIndex is 841, time overhead is 0.027892589569091797
INFO:__main__:FuncIndex is 842, start time is 1620721673.7262418
INFO:__main__:FuncIndex is 842, end time is 1620721673.755291
INFO:__main__:used memory: 1 M
INFO:__main__:FuncIndex is 842, time overhead is 0.029049158096313477
INFO:__main__:FuncIndex is 843, start time is 1620721673.7559454
INFO:__main__:FuncIndex is 843, end time is 1620721673.7841363
INFO:__main__:used memory: 1 M
INFO:__main__:FuncIndex is 843, time overhead is 0.02819085121154785
INFO:__main__:FuncIndex is 844, start time is 1620721673.7847855
INFO:__main__:FuncIndex is 844, end time is 1620721673.815345
INFO:__main__:used memory: -1 M
INFO:__main__:FuncIndex is 844, time overhead is 0.030559539794921875
INFO:__main__:FuncIndex is 845, start time is 1620721673.816016
INFO:__main__:FuncIndex is 845, end time is 1620721673.8473835
INFO:__main__:used memory: 0 M
INFO:__main__:FuncIndex is 845, time overhead is 0.03136754035949707
INFO:__main__:FuncIndex is 846, start time is 1620721673.8480647
INFO:__main__:FuncIndex is 846, end time is 1620721673.8780105
INFO:__main__:used memory: 1 M
INFO:__main__:FuncIndex is 846, time overhead is 0.029945850372314453
INFO:__main__:FuncIndex is 847, start time is 1620721673.8787177
INFO:__main__:FuncIndex is 847, end time is 1620721673.9081018
INFO:__main__:used memory: -1 M
INFO:__main__:FuncIndex is 847, time overhead is 0.029384136199951172
INFO:__main__:FuncIndex is 848, start time is 1620721673.9087749
INFO:__main__:FuncIndex is 848, end time is 1620721673.9385316
INFO:__main__:used memory: 0 M
INFO:__main__:FuncIndex is 848, time overhead is 0.029756784439086914
INFO:__main__:FuncIndex is 849, start time is 1620721673.9392393
INFO:__main__:FuncIndex is 849, end time is 1620721673.9694812
INFO:__main__:used memory: 0 M
INFO:__main__:FuncIndex is 849, time overhead is 0.030241966247558594
INFO:__main__:FuncIndex is 850, start time is 1620721673.9701395
INFO:__main__:FuncIndex is 850, end time is 1620721674.0002306
INFO:__main__:used memory: 0 M
INFO:__main__:FuncIndex is 850, time overhead is 0.030091047286987305
INFO:__main__:FuncIndex is 851, start time is 1620721674.0010052
INFO:__main__:FuncIndex is 851, end time is 1620721674.0308387
INFO:__main__:used memory: 0 M
INFO:__main__:FuncIndex is 851, time overhead is 0.029833555221557617
INFO:__main__:FuncIndex is 852, start time is 1620721674.031505
INFO:__main__:FuncIndex is 852, end time is 1620721674.0605805
INFO:__main__:used memory: 1 M
INFO:__main__:FuncIndex is 852, time overhead is 0.02907538414001465
INFO:__main__:FuncIndex is 853, start time is 1620721674.0613906
INFO:__main__:FuncIndex is 853, end time is 1620721674.0904758
INFO:__main__:used memory: 1 M
INFO:__main__:FuncIndex is 853, time overhead is 0.029085159301757812
INFO:__main__:FuncIndex is 854, start time is 1620721674.0911672
INFO:__main__:FuncIndex is 854, end time is 1620721674.1210535
INFO:__main__:used memory: 0 M
INFO:__main__:FuncIndex is 854, time overhead is 0.029886245727539062
INFO:__main__:FuncIndex is 855, start time is 1620721674.1217191
INFO:__main__:FuncIndex is 855, end time is 1620721674.1538699
INFO:__main__:used memory: -1 M
INFO:__main__:FuncIndex is 855, time overhead is 0.0321507453918457
INFO:__main__:FuncIndex is 856, start time is 1620721674.1546147
INFO:__main__:FuncIndex is 856, end time is 1620721674.1859736
INFO:__main__:used memory: 0 M
INFO:__main__:FuncIndex is 856, time overhead is 0.031358957290649414
INFO:__main__:FuncIndex is 857, start time is 1620721674.1867614
INFO:__main__:FuncIndex is 857, end time is 1620721674.2168138
INFO:__main__:used memory: 1 M
INFO:__main__:FuncIndex is 857, time overhead is 0.03005242347717285
INFO:__main__:FuncIndex is 858, start time is 1620721674.2175658
INFO:__main__:FuncIndex is 858, end time is 1620721674.2487392
INFO:__main__:used memory: 0 M
INFO:__main__:FuncIndex is 858, time overhead is 0.0311734676361084
INFO:__main__:FuncIndex is 859, start time is 1620721674.2494478
INFO:__main__:FuncIndex is 859, end time is 1620721674.2791016
INFO:__main__:used memory: -1 M
INFO:__main__:FuncIndex is 859, time overhead is 0.02965378761291504
INFO:__main__:FuncIndex is 860, start time is 1620721674.2798073
INFO:__main__:FuncIndex is 860, end time is 1620721674.311239
INFO:__main__:used memory: 1 M
INFO:__main__:FuncIndex is 860, time overhead is 0.03143167495727539
INFO:__main__:FuncIndex is 861, start time is 1620721674.311942
INFO:__main__:FuncIndex is 861, end time is 1620721674.341561
INFO:__main__:used memory: 0 M
INFO:__main__:FuncIndex is 861, time overhead is 0.02961897850036621
INFO:__main__:FuncIndex is 862, start time is 1620721674.3422446
INFO:__main__:FuncIndex is 862, end time is 1620721674.3720624
INFO:__main__:used memory: -1 M
INFO:__main__:FuncIndex is 862, time overhead is 0.029817819595336914
INFO:__main__:FuncIndex is 863, start time is 1620721674.3728497
INFO:__main__:FuncIndex is 863, end time is 1620721674.403038
INFO:__main__:used memory: 1 M
INFO:__main__:FuncIndex is 863, time overhead is 0.030188322067260742
INFO:__main__:FuncIndex is 864, start time is 1620721674.4037561
INFO:__main__:FuncIndex is 864, end time is 1620721674.4335878
INFO:__main__:used memory: 0 M
INFO:__main__:FuncIndex is 864, time overhead is 0.029831647872924805
INFO:__main__:FuncIndex is 865, start time is 1620721674.4342341
INFO:__main__:FuncIndex is 865, end time is 1620721674.4627597
INFO:__main__:used memory: 0 M
INFO:__main__:FuncIndex is 865, time overhead is 0.028525590896606445
INFO:__main__:FuncIndex is 866, start time is 1620721674.4634147
INFO:__main__:FuncIndex is 866, end time is 1620721674.4915218
INFO:__main__:used memory: 0 M
INFO:__main__:FuncIndex is 866, time overhead is 0.028107166290283203
INFO:__main__:FuncIndex is 867, start time is 1620721674.4921227
INFO:__main__:FuncIndex is 867, end time is 1620721674.518317
INFO:__main__:used memory: 0 M
INFO:__main__:FuncIndex is 867, time overhead is 0.026194334030151367
INFO:__main__:FuncIndex is 868, start time is 1620721674.518875
INFO:__main__:FuncIndex is 868, end time is 1620721674.5467775
INFO:__main__:used memory: 0 M
INFO:__main__:FuncIndex is 868, time overhead is 0.027902603149414062
INFO:__main__:FuncIndex is 869, start time is 1620721674.5473661
INFO:__main__:FuncIndex is 869, end time is 1620721674.5738611
INFO:__main__:used memory: 0 M
INFO:__main__:FuncIndex is 869, time overhead is 0.026494979858398438
INFO:__main__:FuncIndex is 870, start time is 1620721674.5744417
INFO:__main__:FuncIndex is 870, end time is 1620721674.60347
INFO:__main__:used memory: 1 M
INFO:__main__:FuncIndex is 870, time overhead is 0.02902841567993164
INFO:__main__:FuncIndex is 871, start time is 1620721674.604172
INFO:__main__:FuncIndex is 871, end time is 1620721674.6328616
INFO:__main__:used memory: 0 M
INFO:__main__:FuncIndex is 871, time overhead is 0.02868962287902832
INFO:__main__:FuncIndex is 872, start time is 1620721674.6335676
INFO:root:b'Sorts (_ BitVec 256) and (_ BitVec 32) are incompatible'
INFO:__main__:FuncIndex is 872, end time is 1620721674.6637204
INFO:__main__:used memory: 0 M
INFO:__main__:FuncIndex is 872, time overhead is 0.03015279769897461
INFO:__main__:FuncIndex is 873, start time is 1620721674.6644177
INFO:__main__:FuncIndex is 873, end time is 1620721674.6952121
INFO:__main__:used memory: 0 M
INFO:__main__:FuncIndex is 873, time overhead is 0.030794382095336914
INFO:__main__:FuncIndex is 874, start time is 1620721674.6959293
INFO:__main__:FuncIndex is 874, end time is 1620721674.7287893
INFO:__main__:used memory: 0 M
INFO:__main__:FuncIndex is 874, time overhead is 0.03286004066467285
INFO:__main__:FuncIndex is 875, start time is 1620721674.7295082
INFO:__main__:FuncIndex is 875, end time is 1620721674.7627034
INFO:__main__:used memory: 0 M
INFO:__main__:FuncIndex is 875, time overhead is 0.03319525718688965
INFO:__main__:FuncIndex is 876, start time is 1620721674.7633579
INFO:__main__:FuncIndex is 876, end time is 1620721674.7941709
INFO:__main__:used memory: 0 M
INFO:__main__:FuncIndex is 876, time overhead is 0.030812978744506836
INFO:__main__:FuncIndex is 877, start time is 1620721674.7949107
INFO:__main__:FuncIndex is 877, end time is 1620721674.8259819
INFO:__main__:used memory: 1 M
INFO:__main__:FuncIndex is 877, time overhead is 0.031071186065673828
INFO:__main__:FuncIndex is 878, start time is 1620721674.8266654
INFO:__main__:FuncIndex is 878, end time is 1620721674.8560152
INFO:__main__:used memory: 0 M
INFO:__main__:FuncIndex is 878, time overhead is 0.029349803924560547
INFO:__main__:FuncIndex is 879, start time is 1620721674.856655
INFO:__main__:FuncIndex is 879, end time is 1620721674.8855834
INFO:__main__:used memory: 0 M
INFO:__main__:FuncIndex is 879, time overhead is 0.028928518295288086
INFO:__main__:FuncIndex is 880, start time is 1620721674.8862321
INFO:__main__:FuncIndex is 880, end time is 1620721674.9137814
INFO:__main__:used memory: -1 M
INFO:__main__:FuncIndex is 880, time overhead is 0.027549266815185547
INFO:__main__:FuncIndex is 881, start time is 1620721674.9143863
INFO:__main__:FuncIndex is 881, end time is 1620721674.9410796
INFO:__main__:used memory: 0 M
INFO:__main__:FuncIndex is 881, time overhead is 0.026693344116210938
INFO:__main__:FuncIndex is 882, start time is 1620721674.9418023
INFO:__main__:FuncIndex is 882, end time is 1620721674.9856107
INFO:__main__:used memory: 1 M
INFO:__main__:FuncIndex is 882, time overhead is 0.0438084602355957
INFO:__main__:FuncIndex is 883, start time is 1620721674.9875474
INFO:__main__:FuncIndex is 883, end time is 1620721675.0139287
INFO:__main__:used memory: 0 M
INFO:__main__:FuncIndex is 883, time overhead is 0.026381254196166992
INFO:__main__:FuncIndex is 884, start time is 1620721675.014514
INFO:__main__:FuncIndex is 884, end time is 1620721675.038832
INFO:__main__:used memory: 0 M
INFO:__main__:FuncIndex is 884, time overhead is 0.02431797981262207
INFO:__main__:FuncIndex is 885, start time is 1620721675.0397122
INFO:__main__:FuncIndex is 885, end time is 1620721675.0676732
INFO:__main__:used memory: 0 M
INFO:__main__:FuncIndex is 885, time overhead is 0.027961015701293945
INFO:__main__:FuncIndex is 886, start time is 1620721675.068509
INFO:__main__:FuncIndex is 886, end time is 1620721675.0989473
INFO:__main__:used memory: 1 M
INFO:__main__:FuncIndex is 886, time overhead is 0.03043818473815918
INFO:__main__:FuncIndex is 887, start time is 1620721675.099639
INFO:__main__:FuncIndex is 887, end time is 1620721675.1262355
INFO:__main__:used memory: -1 M
INFO:__main__:FuncIndex is 887, time overhead is 0.026596546173095703
INFO:__main__:FuncIndex is 888, start time is 1620721675.1268375
INFO:__main__:FuncIndex is 888, end time is 1620721675.1522071
INFO:__main__:used memory: 1 M
INFO:__main__:FuncIndex is 888, time overhead is 0.025369644165039062
INFO:__main__:FuncIndex is 889, start time is 1620721675.1527815
INFO:__main__:FuncIndex is 889, end time is 1620721675.1783535
INFO:__main__:used memory: -1 M
INFO:__main__:FuncIndex is 889, time overhead is 0.02557206153869629
INFO:__main__:FuncIndex is 890, start time is 1620721675.1789076
INFO:__main__:FuncIndex is 890, end time is 1620721675.203324
INFO:__main__:used memory: 1 M
INFO:__main__:FuncIndex is 890, time overhead is 0.024416446685791016
INFO:__main__:FuncIndex is 891, start time is 1620721675.2038834
INFO:__main__:FuncIndex is 891, end time is 1620721675.2289643
INFO:__main__:used memory: -1 M
INFO:__main__:FuncIndex is 891, time overhead is 0.02508091926574707
INFO:__main__:FuncIndex is 892, start time is 1620721675.2296813
INFO:__main__:FuncIndex is 892, end time is 1620721675.6258805
INFO:__main__:used memory: 4 M
INFO:__main__:FuncIndex is 892, time overhead is 0.39619922637939453
INFO:__main__:FuncIndex is 893, start time is 1620721675.628327
INFO:__main__:FuncIndex is 893, end time is 1620721675.661547
INFO:__main__:used memory: 0 M
INFO:__main__:FuncIndex is 893, time overhead is 0.03322005271911621
INFO:__main__:FuncIndex is 894, start time is 1620721675.6621895
INFO:__main__:FuncIndex is 894, end time is 1620721675.6911018
INFO:__main__:used memory: 1 M
INFO:__main__:FuncIndex is 894, time overhead is 0.02891230583190918
INFO:__main__:FuncIndex is 895, start time is 1620721675.6917365
INFO:__main__:FuncIndex is 895, end time is 1620721675.7199001
INFO:__main__:used memory: 0 M
INFO:__main__:FuncIndex is 895, time overhead is 0.028163671493530273
INFO:__main__:FuncIndex is 896, start time is 1620721675.7205002
INFO:__main__:FuncIndex is 896, end time is 1620721675.7474704
INFO:__main__:used memory: 0 M
INFO:__main__:FuncIndex is 896, time overhead is 0.02697014808654785
INFO:__main__:FuncIndex is 897, start time is 1620721675.748047
INFO:__main__:FuncIndex is 897, end time is 1620721675.773361
INFO:__main__:used memory: -1 M
INFO:__main__:FuncIndex is 897, time overhead is 0.025313854217529297
INFO:__main__:FuncIndex is 898, start time is 1620721675.773905
INFO:__main__:FuncIndex is 898, end time is 1620721675.7989414
INFO:__main__:used memory: 1 M
INFO:__main__:FuncIndex is 898, time overhead is 0.025036334991455078
INFO:__main__:FuncIndex is 899, start time is 1620721675.7994883
INFO:__main__:FuncIndex is 899, end time is 1620721675.8242388
INFO:__main__:used memory: 0 M
INFO:__main__:FuncIndex is 899, time overhead is 0.024750471115112305
INFO:__main__:FuncIndex is 900, start time is 1620721675.8249145
INFO:__main__:FuncIndex is 900, end time is 1620721675.850043
INFO:__main__:used memory: -1 M
INFO:__main__:FuncIndex is 900, time overhead is 0.025128602981567383
INFO:__main__:FuncIndex is 901, start time is 1620721675.8506644
INFO:__main__:FuncIndex is 901, end time is 1620721675.8768864
INFO:__main__:used memory: 1 M
INFO:__main__:FuncIndex is 901, time overhead is 0.02622199058532715
INFO:__main__:FuncIndex is 902, start time is 1620721675.877618
INFO:__main__:FuncIndex is 902, end time is 1620721675.9070084
INFO:__main__:used memory: -1 M
INFO:__main__:FuncIndex is 902, time overhead is 0.029390335083007812
INFO:__main__:FuncIndex is 903, start time is 1620721675.9075685
INFO:__main__:[exception] used memory: 0 M
INFO:__main__:[exception] FuncIndex is 903, time overhead is 0.12300300598144531
INFO:__main__:FuncIndex is 904, start time is 1620721676.0320506
INFO:__main__:FuncIndex is 904, end time is 1620721676.0588243
INFO:__main__:used memory: 0 M
INFO:__main__:FuncIndex is 904, time overhead is 0.026773691177368164
INFO:__main__:FuncIndex is 905, start time is 1620721676.0594199
INFO:__main__:FuncIndex is 905, end time is 1620721676.084212
INFO:__main__:used memory: 1 M
INFO:__main__:FuncIndex is 905, time overhead is 0.024792194366455078
INFO:__main__:FuncIndex is 906, start time is 1620721676.0847883
INFO:__main__:FuncIndex is 906, end time is 1620721676.112562
INFO:__main__:used memory: 0 M
INFO:__main__:FuncIndex is 906, time overhead is 0.027773618698120117
INFO:__main__:FuncIndex is 907, start time is 1620721676.113233
INFO:__main__:FuncIndex is 907, end time is 1620721676.1422465
INFO:__main__:used memory: 0 M
INFO:__main__:FuncIndex is 907, time overhead is 0.029013395309448242
INFO:__main__:FuncIndex is 908, start time is 1620721676.1429846
INFO:__main__:FuncIndex is 908, end time is 1620721676.1707923
INFO:__main__:used memory: -1 M
INFO:__main__:FuncIndex is 908, time overhead is 0.02780771255493164
INFO:__main__:FuncIndex is 909, start time is 1620721676.171374
INFO:__main__:FuncIndex is 909, end time is 1620721676.197807
INFO:__main__:used memory: 1 M
INFO:__main__:FuncIndex is 909, time overhead is 0.02643299102783203
INFO:__main__:FuncIndex is 910, start time is 1620721676.1983452
INFO:__main__:FuncIndex is 910, end time is 1620721676.2231946
INFO:__main__:used memory: 0 M
INFO:__main__:FuncIndex is 910, time overhead is 0.024849414825439453
INFO:__main__:FuncIndex is 911, start time is 1620721676.223767
INFO:__main__:FuncIndex is 911, end time is 1620721676.2488568
INFO:__main__:used memory: -1 M
INFO:__main__:FuncIndex is 911, time overhead is 0.025089740753173828
INFO:__main__:FuncIndex is 912, start time is 1620721676.2496681
INFO:__main__:FuncIndex is 912, end time is 1620721676.2752306
INFO:__main__:used memory: 0 M
INFO:__main__:FuncIndex is 912, time overhead is 0.025562524795532227
INFO:__main__:FuncIndex is 913, start time is 1620721676.2758038
INFO:__main__:FuncIndex is 913, end time is 1620721676.3015857
INFO:__main__:used memory: 1 M
INFO:__main__:FuncIndex is 913, time overhead is 0.025781869888305664
INFO:__main__:FuncIndex is 914, start time is 1620721676.302146
INFO:__main__:FuncIndex is 914, end time is 1620721676.3553703
INFO:__main__:used memory: -1 M
INFO:__main__:FuncIndex is 914, time overhead is 0.05322432518005371
INFO:__main__:FuncIndex is 915, start time is 1620721676.3574643
INFO:__main__:FuncIndex is 915, end time is 1620721676.3832064
INFO:__main__:used memory: 0 M
INFO:__main__:FuncIndex is 915, time overhead is 0.025742053985595703
INFO:__main__:FuncIndex is 916, start time is 1620721676.3837862
INFO:__main__:FuncIndex is 916, end time is 1620721676.4106793
INFO:__main__:used memory: 0 M
INFO:__main__:FuncIndex is 916, time overhead is 0.026893138885498047
INFO:__main__:FuncIndex is 917, start time is 1620721676.4112387
INFO:__main__:FuncIndex is 917, end time is 1620721676.438537
INFO:__main__:used memory: 1 M
INFO:__main__:FuncIndex is 917, time overhead is 0.0272982120513916
INFO:__main__:FuncIndex is 918, start time is 1620721676.4391048
INFO:__main__:FuncIndex is 918, end time is 1620721676.46434
INFO:__main__:used memory: -1 M
INFO:__main__:FuncIndex is 918, time overhead is 0.02523517608642578
INFO:__main__:FuncIndex is 919, start time is 1620721676.4650042
INFO:__main__:FuncIndex is 919, end time is 1620721676.4905393
INFO:__main__:used memory: 1 M
INFO:__main__:FuncIndex is 919, time overhead is 0.025535106658935547
INFO:__main__:FuncIndex is 920, start time is 1620721676.491075
INFO:__main__:FuncIndex is 920, end time is 1620721676.5164523
INFO:__main__:used memory: -1 M
INFO:__main__:FuncIndex is 920, time overhead is 0.025377273559570312
INFO:__main__:FuncIndex is 921, start time is 1620721676.5170765
INFO:__main__:FuncIndex is 921, end time is 1620721676.5427926
INFO:__main__:used memory: 1 M
INFO:__main__:FuncIndex is 921, time overhead is 0.025716066360473633
INFO:__main__:FuncIndex is 922, start time is 1620721676.5433948
INFO:__main__:FuncIndex is 922, end time is 1620721676.571603
INFO:__main__:used memory: -1 M
INFO:__main__:FuncIndex is 922, time overhead is 0.028208255767822266
INFO:__main__:FuncIndex is 923, start time is 1620721676.5722404
INFO:__main__:FuncIndex is 923, end time is 1620721676.6000853
INFO:__main__:used memory: 1 M
INFO:__main__:FuncIndex is 923, time overhead is 0.027844905853271484
INFO:__main__:FuncIndex is 924, start time is 1620721676.6006048
INFO:__main__:FuncIndex is 924, end time is 1620721676.6261833
INFO:__main__:used memory: 0 M
INFO:__main__:FuncIndex is 924, time overhead is 0.02557849884033203
INFO:__main__:FuncIndex is 925, start time is 1620721676.6267517
INFO:__main__:FuncIndex is 925, end time is 1620721676.653328
INFO:__main__:used memory: 0 M
INFO:__main__:FuncIndex is 925, time overhead is 0.02657628059387207
INFO:__main__:FuncIndex is 926, start time is 1620721676.6539063
INFO:__main__:FuncIndex is 926, end time is 1620721676.6794739
INFO:__main__:used memory: -1 M
INFO:__main__:FuncIndex is 926, time overhead is 0.02556753158569336
INFO:__main__:FuncIndex is 927, start time is 1620721676.6802197
INFO:__main__:FuncIndex is 927, end time is 1620721676.7055507
INFO:__main__:used memory: 1 M
INFO:__main__:FuncIndex is 927, time overhead is 0.02533102035522461
INFO:__main__:FuncIndex is 928, start time is 1620721676.7061002
INFO:__main__:FuncIndex is 928, end time is 1620721676.7303205
INFO:__main__:used memory: -1 M
INFO:__main__:FuncIndex is 928, time overhead is 0.02422022819519043
INFO:__main__:FuncIndex is 929, start time is 1620721676.7308848
INFO:__main__:FuncIndex is 929, end time is 1620721676.7557018
INFO:__main__:used memory: 1 M
INFO:__main__:FuncIndex is 929, time overhead is 0.02481698989868164
INFO:__main__:FuncIndex is 930, start time is 1620721676.7562785
INFO:__main__:FuncIndex is 930, end time is 1620721676.7813654
INFO:__main__:used memory: 0 M
INFO:__main__:FuncIndex is 930, time overhead is 0.02508687973022461
INFO:__main__:FuncIndex is 931, start time is 1620721676.7819471
INFO:__main__:FuncIndex is 931, end time is 1620721676.8079073
INFO:__main__:used memory: 0 M
INFO:__main__:FuncIndex is 931, time overhead is 0.025960206985473633
INFO:__main__:FuncIndex is 932, start time is 1620721676.8084795
INFO:__main__:FuncIndex is 932, end time is 1620721676.83302
INFO:__main__:used memory: -1 M
INFO:__main__:FuncIndex is 932, time overhead is 0.024540424346923828
INFO:__main__:FuncIndex is 933, start time is 1620721676.8341599
INFO:__main__:FuncIndex is 933, end time is 1620721676.8896143
INFO:__main__:used memory: 0 M
INFO:__main__:FuncIndex is 933, time overhead is 0.05545449256896973
INFO:__main__:FuncIndex is 934, start time is 1620721676.8902488
INFO:__main__:FuncIndex is 934, end time is 1620721676.9181156
INFO:__main__:used memory: 0 M
INFO:__main__:FuncIndex is 934, time overhead is 0.027866840362548828
INFO:__main__:FuncIndex is 935, start time is 1620721676.9187105
INFO:__main__:FuncIndex is 935, end time is 1620721676.9463885
INFO:__main__:used memory: 0 M
INFO:__main__:FuncIndex is 935, time overhead is 0.02767801284790039
INFO:__main__:FuncIndex is 936, start time is 1620721676.9470077
INFO:__main__:FuncIndex is 936, end time is 1620721676.9726732
INFO:__main__:used memory: 0 M
INFO:__main__:FuncIndex is 936, time overhead is 0.0256655216217041
INFO:__main__:FuncIndex is 937, start time is 1620721676.973344
INFO:__main__:FuncIndex is 937, end time is 1620721676.9978228
INFO:__main__:used memory: 1 M
INFO:__main__:FuncIndex is 937, time overhead is 0.024478673934936523
INFO:__main__:FuncIndex is 938, start time is 1620721676.9984422
INFO:__main__:FuncIndex is 938, end time is 1620721677.022807
INFO:__main__:used memory: 0 M
INFO:__main__:FuncIndex is 938, time overhead is 0.024364709854125977
INFO:__main__:FuncIndex is 939, start time is 1620721677.0234008
INFO:__main__:FuncIndex is 939, end time is 1620721677.0483327
INFO:__main__:used memory: 0 M
INFO:__main__:FuncIndex is 939, time overhead is 0.024931907653808594
INFO:__main__:FuncIndex is 940, start time is 1620721677.0490746
INFO:__main__:FuncIndex is 940, end time is 1620721677.0745726
INFO:__main__:used memory: 0 M
INFO:__main__:FuncIndex is 940, time overhead is 0.025497913360595703
INFO:__main__:FuncIndex is 941, start time is 1620721677.0751595
INFO:__main__:FuncIndex is 941, end time is 1620721677.0992548
INFO:__main__:used memory: 1 M
INFO:__main__:FuncIndex is 941, time overhead is 0.02409529685974121
INFO:__main__:FuncIndex is 942, start time is 1620721677.1000226
INFO:__main__:FuncIndex is 942, end time is 1620721677.124243
INFO:__main__:used memory: 0 M
INFO:__main__:FuncIndex is 942, time overhead is 0.02422046661376953
INFO:__main__:FuncIndex is 943, start time is 1620721677.1248822
INFO:__main__:FuncIndex is 943, end time is 1620721677.15115
INFO:__main__:used memory: -1 M
INFO:__main__:FuncIndex is 943, time overhead is 0.02626776695251465
INFO:__main__:FuncIndex is 944, start time is 1620721677.151774
INFO:__main__:FuncIndex is 944, end time is 1620721677.934536
INFO:__main__:used memory: 8 M
INFO:__main__:FuncIndex is 944, time overhead is 0.7827620506286621
INFO:__main__:FuncIndex is 945, start time is 1620721677.9373198
INFO:__main__:FuncIndex is 945, end time is 1620721677.970595
INFO:__main__:used memory: 0 M
INFO:__main__:FuncIndex is 945, time overhead is 0.03327512741088867
INFO:__main__:FuncIndex is 946, start time is 1620721677.9712594
INFO:__main__:FuncIndex is 946, end time is 1620721677.9998274
INFO:__main__:used memory: 1 M
INFO:__main__:FuncIndex is 946, time overhead is 0.028568029403686523
INFO:__main__:FuncIndex is 947, start time is 1620721678.000522
INFO:__main__:FuncIndex is 947, end time is 1620721678.0288005
INFO:__main__:used memory: -1 M
INFO:__main__:FuncIndex is 947, time overhead is 0.028278589248657227
INFO:__main__:FuncIndex is 948, start time is 1620721678.0295446
INFO:__main__:FuncIndex is 948, end time is 1620721678.0576057
INFO:__main__:used memory: 0 M
INFO:__main__:FuncIndex is 948, time overhead is 0.0280611515045166
INFO:__main__:FuncIndex is 949, start time is 1620721678.0582871
INFO:__main__:FuncIndex is 949, end time is 1620721678.0860875
INFO:__main__:used memory: 0 M
INFO:__main__:FuncIndex is 949, time overhead is 0.027800321578979492
INFO:__main__:FuncIndex is 950, start time is 1620721678.0866635
INFO:__main__:FuncIndex is 950, end time is 1620721678.113382
INFO:__main__:used memory: 0 M
INFO:__main__:FuncIndex is 950, time overhead is 0.026718616485595703
INFO:__main__:FuncIndex is 951, start time is 1620721678.1139436
INFO:__main__:FuncIndex is 951, end time is 1620721678.1398995
INFO:__main__:used memory: 1 M
INFO:__main__:FuncIndex is 951, time overhead is 0.025955915451049805
INFO:__main__:FuncIndex is 952, start time is 1620721678.1405098
INFO:__main__:FuncIndex is 952, end time is 1620721678.1672895
INFO:__main__:used memory: -1 M
INFO:__main__:FuncIndex is 952, time overhead is 0.026779651641845703
INFO:__main__:FuncIndex is 953, start time is 1620721678.167834
INFO:__main__:FuncIndex is 953, end time is 1620721678.192944
INFO:__main__:used memory: 1 M
INFO:__main__:FuncIndex is 953, time overhead is 0.02511000633239746
INFO:__main__:FuncIndex is 954, start time is 1620721678.193659
INFO:__main__:FuncIndex is 954, end time is 1620721678.2199266
INFO:__main__:used memory: 0 M
INFO:__main__:FuncIndex is 954, time overhead is 0.026267528533935547
INFO:__main__:FuncIndex is 955, start time is 1620721678.2205007
INFO:__main__:FuncIndex is 955, end time is 1620721678.268808
INFO:__main__:used memory: -1 M
INFO:__main__:FuncIndex is 955, time overhead is 0.048307180404663086
INFO:__main__:FuncIndex is 956, start time is 1620721678.2709734
INFO:__main__:FuncIndex is 956, end time is 1620721678.2965958
INFO:__main__:used memory: 1 M
INFO:__main__:FuncIndex is 956, time overhead is 0.02562236785888672
INFO:__main__:FuncIndex is 957, start time is 1620721678.2973576
INFO:__main__:FuncIndex is 957, end time is 1620721678.3221896
INFO:__main__:used memory: -1 M
INFO:__main__:FuncIndex is 957, time overhead is 0.02483201026916504
INFO:__main__:FuncIndex is 958, start time is 1620721678.3227584
INFO:__main__:FuncIndex is 958, end time is 1620721678.3489945
INFO:__main__:used memory: 1 M
INFO:__main__:FuncIndex is 958, time overhead is 0.02623605728149414
INFO:__main__:FuncIndex is 959, start time is 1620721678.349687
INFO:__main__:FuncIndex is 959, end time is 1620721678.3771183
INFO:__main__:used memory: -1 M
INFO:__main__:FuncIndex is 959, time overhead is 0.027431249618530273
INFO:__main__:FuncIndex is 960, start time is 1620721678.3777828
INFO:__main__:FuncIndex is 960, end time is 1620721678.4063802
INFO:__main__:used memory: 0 M
INFO:__main__:FuncIndex is 960, time overhead is 0.028597354888916016
INFO:__main__:FuncIndex is 961, start time is 1620721678.4070752
INFO:__main__:FuncIndex is 961, end time is 1620721678.4344087
INFO:__main__:used memory: 0 M
INFO:__main__:FuncIndex is 961, time overhead is 0.027333498001098633
INFO:__main__:FuncIndex is 962, start time is 1620721678.4349837
INFO:__main__:FuncIndex is 962, end time is 1620721678.4613857
INFO:__main__:used memory: 0 M
INFO:__main__:FuncIndex is 962, time overhead is 0.026401996612548828
INFO:__main__:FuncIndex is 963, start time is 1620721678.4619782
INFO:__main__:FuncIndex is 963, end time is 1620721678.4886942
INFO:__main__:used memory: 0 M
INFO:__main__:FuncIndex is 963, time overhead is 0.026715993881225586
INFO:__main__:FuncIndex is 964, start time is 1620721678.4898257
INFO:__main__:FuncIndex is 964, end time is 1620721678.5153754
INFO:__main__:used memory: 0 M
INFO:__main__:FuncIndex is 964, time overhead is 0.025549650192260742
INFO:__main__:FuncIndex is 965, start time is 1620721678.5159233
INFO:root:
INFO:__main__:FuncIndex is 965, end time is 1620721678.548655
INFO:__main__:used memory: 0 M
INFO:__main__:FuncIndex is 965, time overhead is 0.03273177146911621
INFO:__main__:FuncIndex is 966, start time is 1620721678.5507975
INFO:__main__:FuncIndex is 966, end time is 1620721678.5770285
INFO:__main__:used memory: 0 M
INFO:__main__:FuncIndex is 966, time overhead is 0.026231050491333008
INFO:__main__:FuncIndex is 967, start time is 1620721678.5775886
INFO:__main__:FuncIndex is 967, end time is 1620721678.6061327
INFO:__main__:used memory: 0 M
INFO:__main__:FuncIndex is 967, time overhead is 0.028544187545776367
INFO:__main__:FuncIndex is 968, start time is 1620721678.6067016
INFO:__main__:FuncIndex is 968, end time is 1620721678.631705
INFO:__main__:used memory: 0 M
INFO:__main__:FuncIndex is 968, time overhead is 0.025003433227539062
INFO:__main__:FuncIndex is 969, start time is 1620721678.6322696
INFO:__main__:FuncIndex is 969, end time is 1620721678.658162
INFO:__main__:used memory: 0 M
INFO:__main__:FuncIndex is 969, time overhead is 0.02589249610900879
INFO:__main__:FuncIndex is 970, start time is 1620721678.6587737
INFO:__main__:FuncIndex is 970, end time is 1620721678.6841588
INFO:__main__:used memory: 1 M
INFO:__main__:FuncIndex is 970, time overhead is 0.025385141372680664
INFO:__main__:FuncIndex is 971, start time is 1620721678.6847215
INFO:__main__:FuncIndex is 971, end time is 1620721678.710346
INFO:__main__:used memory: -1 M
INFO:__main__:FuncIndex is 971, time overhead is 0.025624513626098633
INFO:__main__:FuncIndex is 972, start time is 1620721678.7108867
INFO:__main__:FuncIndex is 972, end time is 1620721678.735995
INFO:__main__:used memory: 0 M
INFO:__main__:FuncIndex is 972, time overhead is 0.02510833740234375
INFO:__main__:FuncIndex is 973, start time is 1620721678.7365482
INFO:__main__:FuncIndex is 973, end time is 1620721678.7630558
INFO:__main__:used memory: 0 M
INFO:__main__:FuncIndex is 973, time overhead is 0.02650761604309082
INFO:__main__:FuncIndex is 974, start time is 1620721678.7636466
INFO:__main__:FuncIndex is 974, end time is 1620721678.7879236
INFO:__main__:used memory: 0 M
INFO:__main__:FuncIndex is 974, time overhead is 0.0242769718170166
INFO:__main__:FuncIndex is 975, start time is 1620721678.788496
INFO:__main__:FuncIndex is 975, end time is 1620721678.8142738
INFO:__main__:used memory: 0 M
INFO:__main__:FuncIndex is 975, time overhead is 0.025777816772460938
INFO:__main__:FuncIndex is 976, start time is 1620721678.814812
INFO:__main__:FuncIndex is 976, end time is 1620721678.8397288
INFO:__main__:used memory: 0 M
INFO:__main__:FuncIndex is 976, time overhead is 0.024916887283325195
INFO:__main__:FuncIndex is 977, start time is 1620721678.840287
INFO:__main__:FuncIndex is 977, end time is 1620721678.868907
INFO:__main__:used memory: 0 M
INFO:__main__:FuncIndex is 977, time overhead is 0.028620004653930664
INFO:__main__:FuncIndex is 978, start time is 1620721678.8695931
INFO:__main__:FuncIndex is 978, end time is 1620721678.8970768
INFO:__main__:used memory: 1 M
INFO:__main__:FuncIndex is 978, time overhead is 0.027483701705932617
INFO:__main__:FuncIndex is 979, start time is 1620721678.8977492
INFO:__main__:FuncIndex is 979, end time is 1620721678.9240744
INFO:__main__:used memory: -1 M
INFO:__main__:FuncIndex is 979, time overhead is 0.026325225830078125
INFO:__main__:FuncIndex is 980, start time is 1620721678.924631
INFO:__main__:FuncIndex is 980, end time is 1620721678.949869
INFO:__main__:used memory: 0 M
INFO:__main__:FuncIndex is 980, time overhead is 0.0252377986907959
INFO:__main__:FuncIndex is 981, start time is 1620721678.9504325
INFO:__main__:FuncIndex is 981, end time is 1620721678.9779048
INFO:__main__:used memory: 0 M
INFO:__main__:FuncIndex is 981, time overhead is 0.027472257614135742
INFO:__main__:FuncIndex is 982, start time is 1620721678.978546
INFO:__main__:FuncIndex is 982, end time is 1620721679.0061085
INFO:__main__:used memory: 0 M
INFO:__main__:FuncIndex is 982, time overhead is 0.027562618255615234
INFO:__main__:FuncIndex is 983, start time is 1620721679.006667
INFO:__main__:FuncIndex is 983, end time is 1620721679.0344572
INFO:__main__:used memory: 0 M
INFO:__main__:FuncIndex is 983, time overhead is 0.027790307998657227
INFO:__main__:FuncIndex is 984, start time is 1620721679.035066
INFO:__main__:FuncIndex is 984, end time is 1620721679.0604007
INFO:__main__:used memory: 0 M
INFO:__main__:FuncIndex is 984, time overhead is 0.025334835052490234
INFO:__main__:FuncIndex is 985, start time is 1620721679.0616817
INFO:__main__:FuncIndex is 985, end time is 1620721679.086893
INFO:__main__:used memory: 0 M
INFO:__main__:FuncIndex is 985, time overhead is 0.025211334228515625
INFO:__main__:FuncIndex is 986, start time is 1620721679.0874574
INFO:__main__:FuncIndex is 986, end time is 1620721679.112597
INFO:__main__:used memory: 0 M
INFO:__main__:FuncIndex is 986, time overhead is 0.025139570236206055
INFO:__main__:FuncIndex is 987, start time is 1620721679.1132817
INFO:__main__:FuncIndex is 987, end time is 1620721679.1382298
INFO:__main__:used memory: 0 M
INFO:__main__:FuncIndex is 987, time overhead is 0.0249481201171875
INFO:__main__:FuncIndex is 988, start time is 1620721679.138779
INFO:__main__:FuncIndex is 988, end time is 1620721679.1625092
INFO:__main__:used memory: 1 M
INFO:__main__:FuncIndex is 988, time overhead is 0.02373027801513672
INFO:__main__:FuncIndex is 989, start time is 1620721679.1630983
INFO:__main__:FuncIndex is 989, end time is 1620721679.187875
INFO:__main__:used memory: 0 M
INFO:__main__:FuncIndex is 989, time overhead is 0.024776697158813477
INFO:__main__:FuncIndex is 990, start time is 1620721679.1884294
INFO:__main__:FuncIndex is 990, end time is 1620721679.213688
INFO:__main__:used memory: -1 M
INFO:__main__:FuncIndex is 990, time overhead is 0.025258541107177734
INFO:__main__:FuncIndex is 991, start time is 1620721679.2142367
INFO:__main__:FuncIndex is 991, end time is 1620721679.238859
INFO:__main__:used memory: 0 M
INFO:__main__:FuncIndex is 991, time overhead is 0.024622201919555664
INFO:__main__:FuncIndex is 992, start time is 1620721679.2394352
INFO:__main__:FuncIndex is 992, end time is 1620721679.2644846
INFO:__main__:used memory: 1 M
INFO:__main__:FuncIndex is 992, time overhead is 0.025049448013305664
INFO:__main__:FuncIndex is 993, start time is 1620721679.2651055
INFO:__main__:FuncIndex is 993, end time is 1620721679.293768
INFO:__main__:used memory: -1 M
INFO:__main__:FuncIndex is 993, time overhead is 0.028662443161010742
INFO:__main__:FuncIndex is 994, start time is 1620721679.2944403
INFO:__main__:FuncIndex is 994, end time is 1620721679.3221776
INFO:__main__:used memory: 0 M
INFO:__main__:FuncIndex is 994, time overhead is 0.02773737907409668
INFO:__main__:FuncIndex is 995, start time is 1620721679.3227372
INFO:__main__:FuncIndex is 995, end time is 1620721679.3479753
INFO:__main__:used memory: 0 M
INFO:__main__:FuncIndex is 995, time overhead is 0.025238037109375
INFO:__main__:FuncIndex is 996, start time is 1620721679.3485658
INFO:__main__:FuncIndex is 996, end time is 1620721679.373722
INFO:__main__:used memory: 1 M
INFO:__main__:FuncIndex is 996, time overhead is 0.025156259536743164
INFO:__main__:FuncIndex is 997, start time is 1620721679.3744276
INFO:__main__:FuncIndex is 997, end time is 1620721679.401051
INFO:__main__:used memory: 0 M
INFO:__main__:FuncIndex is 997, time overhead is 0.02662348747253418
INFO:__main__:FuncIndex is 998, start time is 1620721679.4017766
INFO:__main__:FuncIndex is 998, end time is 1620721679.427766
INFO:__main__:used memory: 0 M
INFO:__main__:FuncIndex is 998, time overhead is 0.025989532470703125
INFO:__main__:FuncIndex is 999, start time is 1620721679.4283247
INFO:__main__:FuncIndex is 999, end time is 1620721679.4564383
INFO:__main__:used memory: -1 M
INFO:__main__:FuncIndex is 999, time overhead is 0.028113603591918945
INFO:__main__:FuncIndex is 1000, start time is 1620721679.4571633
INFO:__main__:FuncIndex is 1000, end time is 1620721679.483415
INFO:__main__:used memory: 1 M
INFO:__main__:FuncIndex is 1000, time overhead is 0.026251554489135742
INFO:__main__:FuncIndex is 1001, start time is 1620721679.4840035
INFO:__main__:FuncIndex is 1001, end time is 1620721679.5098453
INFO:__main__:used memory: -1 M
INFO:__main__:FuncIndex is 1001, time overhead is 0.025841712951660156
INFO:__main__:FuncIndex is 1002, start time is 1620721679.510455
INFO:__main__:FuncIndex is 1002, end time is 1620721679.5367055
INFO:__main__:used memory: 1 M
INFO:__main__:FuncIndex is 1002, time overhead is 0.026250600814819336
INFO:__main__:FuncIndex is 1003, start time is 1620721679.5374198
INFO:__main__:FuncIndex is 1003, end time is 1620721679.5664158
INFO:__main__:used memory: -1 M
INFO:__main__:FuncIndex is 1003, time overhead is 0.028995990753173828
INFO:__main__:FuncIndex is 1004, start time is 1620721679.56707
INFO:__main__:FuncIndex is 1004, end time is 1620721679.5949728
INFO:__main__:used memory: 0 M
INFO:__main__:FuncIndex is 1004, time overhead is 0.027902841567993164
INFO:__main__:FuncIndex is 1005, start time is 1620721679.5956724
INFO:__main__:FuncIndex is 1005, end time is 1620721679.6239054
INFO:__main__:used memory: 0 M
INFO:__main__:FuncIndex is 1005, time overhead is 0.028233051300048828
INFO:__main__:FuncIndex is 1006, start time is 1620721679.6245518
INFO:__main__:FuncIndex is 1006, end time is 1620721679.6535275
INFO:__main__:used memory: 0 M
INFO:__main__:FuncIndex is 1006, time overhead is 0.028975725173950195
INFO:__main__:FuncIndex is 1007, start time is 1620721679.6541471
INFO:__main__:FuncIndex is 1007, end time is 1620721679.685053
INFO:__main__:used memory: 0 M
INFO:__main__:FuncIndex is 1007, time overhead is 0.030905961990356445
INFO:__main__:FuncIndex is 1008, start time is 1620721679.6857598
INFO:__main__:FuncIndex is 1008, end time is 1620721679.716913
INFO:__main__:used memory: 0 M
INFO:__main__:FuncIndex is 1008, time overhead is 0.031153202056884766
INFO:__main__:FuncIndex is 1009, start time is 1620721679.7175956
INFO:__main__:FuncIndex is 1009, end time is 1620721679.7489743
INFO:__main__:used memory: 0 M
INFO:__main__:FuncIndex is 1009, time overhead is 0.031378746032714844
INFO:__main__:FuncIndex is 1010, start time is 1620721679.749714
INFO:__main__:FuncIndex is 1010, end time is 1620721679.7844558
INFO:__main__:used memory: 0 M
INFO:__main__:FuncIndex is 1010, time overhead is 0.034741878509521484
INFO:__main__:FuncIndex is 1011, start time is 1620721679.7853522
INFO:__main__:FuncIndex is 1011, end time is 1620721679.8206422
INFO:__main__:used memory: 0 M
INFO:__main__:FuncIndex is 1011, time overhead is 0.03529000282287598
INFO:__main__:FuncIndex is 1012, start time is 1620721679.8214872
INFO:__main__:FuncIndex is 1012, end time is 1620721679.8546185
INFO:__main__:used memory: 0 M
INFO:__main__:FuncIndex is 1012, time overhead is 0.03313136100769043
INFO:__main__:FuncIndex is 1013, start time is 1620721679.8553689
INFO:__main__:FuncIndex is 1013, end time is 1620721679.8874493
INFO:__main__:used memory: 0 M
INFO:__main__:FuncIndex is 1013, time overhead is 0.03208041191101074
INFO:__main__:FuncIndex is 1014, start time is 1620721679.8881922
INFO:__main__:FuncIndex is 1014, end time is 1620721679.919077
INFO:__main__:used memory: 0 M
INFO:__main__:FuncIndex is 1014, time overhead is 0.030884742736816406
INFO:__main__:FuncIndex is 1015, start time is 1620721679.919772
INFO:__main__:FuncIndex is 1015, end time is 1620721679.9501421
INFO:__main__:used memory: 0 M
INFO:__main__:FuncIndex is 1015, time overhead is 0.030370235443115234
INFO:__main__:FuncIndex is 1016, start time is 1620721679.9508405
INFO:__main__:FuncIndex is 1016, end time is 1620721679.9810925
INFO:__main__:used memory: 0 M
INFO:__main__:FuncIndex is 1016, time overhead is 0.03025197982788086
INFO:__main__:FuncIndex is 1017, start time is 1620721679.9818058
INFO:__main__:FuncIndex is 1017, end time is 1620721680.0129669
INFO:__main__:used memory: 1 M
INFO:__main__:FuncIndex is 1017, time overhead is 0.031161069869995117
INFO:__main__:FuncIndex is 1018, start time is 1620721680.0138001
INFO:__main__:FuncIndex is 1018, end time is 1620721680.0468144
INFO:__main__:used memory: -1 M
INFO:__main__:FuncIndex is 1018, time overhead is 0.03301429748535156
INFO:__main__:FuncIndex is 1019, start time is 1620721680.0474892
INFO:__main__:FuncIndex is 1019, end time is 1620721680.078148
INFO:__main__:used memory: 1 M
INFO:__main__:FuncIndex is 1019, time overhead is 0.030658721923828125
INFO:__main__:FuncIndex is 1020, start time is 1620721680.0788205
INFO:__main__:FuncIndex is 1020, end time is 1620721680.109545
INFO:__main__:used memory: -2 M
INFO:__main__:FuncIndex is 1020, time overhead is 0.030724525451660156
INFO:__main__:FuncIndex is 1021, start time is 1620721680.1103308
INFO:__main__:FuncIndex is 1021, end time is 1620721680.140344
INFO:__main__:used memory: 1 M
INFO:__main__:FuncIndex is 1021, time overhead is 0.030013084411621094
INFO:__main__:FuncIndex is 1022, start time is 1620721680.1410556
INFO:__main__:FuncIndex is 1022, end time is 1620721680.1724298
INFO:__main__:used memory: 0 M
INFO:__main__:FuncIndex is 1022, time overhead is 0.031374216079711914
INFO:__main__:FuncIndex is 1023, start time is 1620721680.1732712
INFO:__main__:FuncIndex is 1023, end time is 1620721680.2179837
INFO:__main__:used memory: 0 M
INFO:__main__:FuncIndex is 1023, time overhead is 0.04471254348754883
INFO:__main__:FuncIndex is 1024, start time is 1620721680.219599
INFO:__main__:FuncIndex is 1024, end time is 1620721680.2600677
INFO:__main__:used memory: 0 M
INFO:__main__:FuncIndex is 1024, time overhead is 0.040468692779541016
INFO:__main__:FuncIndex is 1025, start time is 1620721680.2609026
INFO:__main__:FuncIndex is 1025, end time is 1620721680.295747
INFO:__main__:used memory: -1 M
INFO:__main__:FuncIndex is 1025, time overhead is 0.034844398498535156
INFO:__main__:FuncIndex is 1026, start time is 1620721680.2968786
INFO:__main__:FuncIndex is 1026, end time is 1620721680.3325837
INFO:__main__:used memory: 0 M
INFO:__main__:FuncIndex is 1026, time overhead is 0.0357050895690918
INFO:__main__:FuncIndex is 1027, start time is 1620721680.3334992
INFO:__main__:FuncIndex is 1027, end time is 1620721680.3687203
INFO:__main__:used memory: 0 M
INFO:__main__:FuncIndex is 1027, time overhead is 0.035221099853515625
INFO:__main__:FuncIndex is 1028, start time is 1620721680.3695583
INFO:__main__:FuncIndex is 1028, end time is 1620721680.400801
INFO:__main__:used memory: 0 M
INFO:__main__:FuncIndex is 1028, time overhead is 0.03124260902404785
INFO:__main__:FuncIndex is 1029, start time is 1620721680.4015768
INFO:__main__:FuncIndex is 1029, end time is 1620721680.4325259
INFO:__main__:used memory: 0 M
INFO:__main__:FuncIndex is 1029, time overhead is 0.030949115753173828
INFO:__main__:FuncIndex is 1030, start time is 1620721680.4333203
INFO:__main__:FuncIndex is 1030, end time is 1620721680.4636009
INFO:__main__:used memory: 0 M
INFO:__main__:FuncIndex is 1030, time overhead is 0.030280590057373047
INFO:__main__:FuncIndex is 1031, start time is 1620721680.4642842
INFO:__main__:FuncIndex is 1031, end time is 1620721680.494542
INFO:__main__:used memory: 0 M
INFO:__main__:FuncIndex is 1031, time overhead is 0.030257701873779297
INFO:__main__:FuncIndex is 1032, start time is 1620721680.4952085
INFO:__main__:FuncIndex is 1032, end time is 1620721680.5267508
INFO:__main__:used memory: 0 M
INFO:__main__:FuncIndex is 1032, time overhead is 0.031542301177978516
INFO:__main__:FuncIndex is 1033, start time is 1620721680.5274496
INFO:__main__:FuncIndex is 1033, end time is 1620721680.560592
INFO:__main__:used memory: 0 M
INFO:__main__:FuncIndex is 1033, time overhead is 0.0331423282623291
INFO:__main__:FuncIndex is 1034, start time is 1620721680.5613291
INFO:__main__:FuncIndex is 1034, end time is 1620721680.5997329
INFO:__main__:used memory: -1 M
INFO:__main__:FuncIndex is 1034, time overhead is 0.03840374946594238
INFO:__main__:FuncIndex is 1035, start time is 1620721680.6004295
INFO:__main__:FuncIndex is 1035, end time is 1620721680.6391802
INFO:__main__:used memory: 1 M
INFO:__main__:FuncIndex is 1035, time overhead is 0.038750648498535156
INFO:__main__:FuncIndex is 1036, start time is 1620721680.63989
INFO:__main__:[exception] used memory: -1 M
INFO:__main__:[exception] FuncIndex is 1036, time overhead is 0.04240679740905762
INFO:__main__:FuncIndex is 1037, start time is 1620721680.6834838
INFO:__main__:FuncIndex is 1037, end time is 1620721680.7205653
INFO:__main__:used memory: 2 M
INFO:__main__:FuncIndex is 1037, time overhead is 0.03708148002624512
INFO:__main__:FuncIndex is 1038, start time is 1620721680.7212887
INFO:__main__:FuncIndex is 1038, end time is 1620721680.7606766
INFO:__main__:used memory: -1 M
INFO:__main__:FuncIndex is 1038, time overhead is 0.03938794136047363
INFO:__main__:FuncIndex is 1039, start time is 1620721680.7614067
INFO:__main__:FuncIndex is 1039, end time is 1620721680.984568
INFO:__main__:used memory: 2 M
INFO:__main__:FuncIndex is 1039, time overhead is 0.2231614589691162
INFO:__main__:FuncIndex is 1040, start time is 1620721680.9875424
INFO:__main__:FuncIndex is 1040, end time is 1620721681.055439
INFO:__main__:used memory: 0 M
INFO:__main__:FuncIndex is 1040, time overhead is 0.06789660453796387
INFO:__main__:FuncIndex is 1041, start time is 1620721681.0561664
INFO:__main__:FuncIndex is 1041, end time is 1620721681.1236887
INFO:__main__:used memory: 0 M
INFO:__main__:FuncIndex is 1041, time overhead is 0.06752228736877441
INFO:__main__:FuncIndex is 1042, start time is 1620721681.124431
INFO:__main__:FuncIndex is 1042, end time is 1620721681.3541944
INFO:__main__:used memory: 7 M
INFO:__main__:FuncIndex is 1042, time overhead is 0.22976350784301758
INFO:__main__:FuncIndex is 1043, start time is 1620721681.3572912
INFO:__main__:FuncIndex is 1043, end time is 1620721681.3880904
INFO:__main__:used memory: 1 M
INFO:__main__:FuncIndex is 1043, time overhead is 0.030799150466918945
INFO:__main__:FuncIndex is 1044, start time is 1620721681.388726
INFO:__main__:FuncIndex is 1044, end time is 1620721681.420216
INFO:__main__:used memory: 1 M
INFO:__main__:FuncIndex is 1044, time overhead is 0.03149008750915527
INFO:__main__:FuncIndex is 1045, start time is 1620721681.421112
INFO:__main__:FuncIndex is 1045, end time is 1620721681.4509075
INFO:__main__:used memory: -1 M
INFO:__main__:FuncIndex is 1045, time overhead is 0.029795408248901367
INFO:__main__:FuncIndex is 1046, start time is 1620721681.4515686
INFO:__main__:FuncIndex is 1046, end time is 1620721681.480913
INFO:__main__:used memory: 1 M
INFO:__main__:FuncIndex is 1046, time overhead is 0.02934432029724121
INFO:__main__:FuncIndex is 1047, start time is 1620721681.4816165
INFO:__main__:FuncIndex is 1047, end time is 1620721681.510448
INFO:__main__:used memory: 0 M
INFO:__main__:FuncIndex is 1047, time overhead is 0.02883148193359375
INFO:__main__:FuncIndex is 1048, start time is 1620721681.5110996
INFO:__main__:FuncIndex is 1048, end time is 1620721681.5411777
INFO:__main__:used memory: 0 M
INFO:__main__:FuncIndex is 1048, time overhead is 0.03007817268371582
INFO:__main__:FuncIndex is 1049, start time is 1620721681.541908
INFO:__main__:FuncIndex is 1049, end time is 1620721681.5848126
INFO:__main__:used memory: 0 M
INFO:__main__:FuncIndex is 1049, time overhead is 0.04290461540222168
INFO:__main__:FuncIndex is 1050, start time is 1620721681.5857537
INFO:__main__:FuncIndex is 1050, end time is 1620721681.6182754
INFO:__main__:used memory: -1 M
INFO:__main__:FuncIndex is 1050, time overhead is 0.032521724700927734
INFO:__main__:FuncIndex is 1051, start time is 1620721681.6191192
INFO:__main__:FuncIndex is 1051, end time is 1620721681.649781
INFO:__main__:used memory: 1 M
INFO:__main__:FuncIndex is 1051, time overhead is 0.030661821365356445
INFO:__main__:FuncIndex is 1052, start time is 1620721681.6506083
INFO:__main__:FuncIndex is 1052, end time is 1620721681.6879468
INFO:__main__:used memory: 0 M
INFO:__main__:FuncIndex is 1052, time overhead is 0.0373384952545166
INFO:__main__:FuncIndex is 1053, start time is 1620721681.6888883
INFO:__main__:FuncIndex is 1053, end time is 1620721681.720671
INFO:__main__:used memory: 0 M
INFO:__main__:FuncIndex is 1053, time overhead is 0.03178262710571289
INFO:__main__:FuncIndex is 1054, start time is 1620721681.7214732
INFO:__main__:FuncIndex is 1054, end time is 1620721681.7507315
INFO:__main__:used memory: 1 M
INFO:__main__:FuncIndex is 1054, time overhead is 0.029258251190185547
INFO:__main__:FuncIndex is 1055, start time is 1620721681.7514098
INFO:__main__:FuncIndex is 1055, end time is 1620721681.7803712
INFO:__main__:used memory: -1 M
INFO:__main__:FuncIndex is 1055, time overhead is 0.0289614200592041
INFO:__main__:FuncIndex is 1056, start time is 1620721681.781148
INFO:__main__:FuncIndex is 1056, end time is 1620721681.8119836
INFO:__main__:used memory: 0 M
INFO:__main__:FuncIndex is 1056, time overhead is 0.030835628509521484
INFO:__main__:FuncIndex is 1057, start time is 1620721681.81267
INFO:__main__:FuncIndex is 1057, end time is 1620721681.8426573
INFO:__main__:used memory: 1 M
INFO:__main__:FuncIndex is 1057, time overhead is 0.029987335205078125
INFO:__main__:FuncIndex is 1058, start time is 1620721681.843353
INFO:__main__:FuncIndex is 1058, end time is 1620721681.8731449
INFO:__main__:used memory: 0 M
INFO:__main__:FuncIndex is 1058, time overhead is 0.029791831970214844
INFO:__main__:FuncIndex is 1059, start time is 1620721681.8739295
INFO:__main__:FuncIndex is 1059, end time is 1620721681.9027393
INFO:__main__:used memory: 0 M
INFO:__main__:FuncIndex is 1059, time overhead is 0.028809785842895508
INFO:__main__:FuncIndex is 1060, start time is 1620721681.9034216
INFO:__main__:FuncIndex is 1060, end time is 1620721681.93239
INFO:__main__:used memory: 1 M
INFO:__main__:FuncIndex is 1060, time overhead is 0.028968334197998047
INFO:__main__:FuncIndex is 1061, start time is 1620721681.9332058
INFO:__main__:FuncIndex is 1061, end time is 1620721681.9634144
INFO:__main__:used memory: -1 M
INFO:__main__:FuncIndex is 1061, time overhead is 0.030208587646484375
INFO:__main__:FuncIndex is 1062, start time is 1620721681.964085
INFO:__main__:FuncIndex is 1062, end time is 1620721681.9923878
INFO:__main__:used memory: 0 M
INFO:__main__:FuncIndex is 1062, time overhead is 0.028302669525146484
INFO:__main__:FuncIndex is 1063, start time is 1620721681.993165
INFO:__main__:FuncIndex is 1063, end time is 1620721682.0219598
INFO:__main__:used memory: 0 M
INFO:__main__:FuncIndex is 1063, time overhead is 0.02879476547241211
INFO:__main__:FuncIndex is 1064, start time is 1620721682.0226252
INFO:__main__:FuncIndex is 1064, end time is 1620721682.0501297
INFO:__main__:used memory: 1 M
INFO:__main__:FuncIndex is 1064, time overhead is 0.027504444122314453
INFO:__main__:FuncIndex is 1065, start time is 1620721682.050756
INFO:__main__:FuncIndex is 1065, end time is 1620721682.077924
INFO:__main__:used memory: -2 M
INFO:__main__:FuncIndex is 1065, time overhead is 0.02716803550720215
INFO:__main__:FuncIndex is 1066, start time is 1620721682.078535
INFO:__main__:FuncIndex is 1066, end time is 1620721682.153624
INFO:__main__:used memory: 1 M
INFO:__main__:FuncIndex is 1066, time overhead is 0.0750889778137207
INFO:__main__:FuncIndex is 1067, start time is 1620721682.1542442
INFO:__main__:FuncIndex is 1067, end time is 1620721682.180121
INFO:__main__:used memory: 0 M
INFO:__main__:FuncIndex is 1067, time overhead is 0.025876760482788086
INFO:__main__:FuncIndex is 1068, start time is 1620721682.1811903
INFO:__main__:FuncIndex is 1068, end time is 1620721682.2115285
INFO:__main__:used memory: 0 M
INFO:__main__:FuncIndex is 1068, time overhead is 0.030338287353515625
INFO:__main__:FuncIndex is 1069, start time is 1620721682.2122762
INFO:__main__:FuncIndex is 1069, end time is 1620721682.2449374
INFO:__main__:used memory: 1 M
INFO:__main__:FuncIndex is 1069, time overhead is 0.03266119956970215
INFO:__main__:FuncIndex is 1070, start time is 1620721682.2464287
INFO:__main__:FuncIndex is 1070, end time is 1620721682.2803454
INFO:__main__:used memory: -1 M
INFO:__main__:FuncIndex is 1070, time overhead is 0.03391671180725098
INFO:__main__:FuncIndex is 1071, start time is 1620721682.281135
INFO:__main__:FuncIndex is 1071, end time is 1620721682.313729
INFO:__main__:used memory: 0 M
INFO:__main__:FuncIndex is 1071, time overhead is 0.03259396553039551
INFO:__main__:FuncIndex is 1072, start time is 1620721682.3144405
INFO:__main__:FuncIndex is 1072, end time is 1620721682.3459747
INFO:__main__:used memory: 0 M
INFO:__main__:FuncIndex is 1072, time overhead is 0.03153419494628906
INFO:__main__:FuncIndex is 1073, start time is 1620721682.3466802
INFO:__main__:FuncIndex is 1073, end time is 1620721682.3768394
INFO:__main__:used memory: 1 M
INFO:__main__:FuncIndex is 1073, time overhead is 0.03015923500061035
INFO:__main__:FuncIndex is 1074, start time is 1620721682.3776152
INFO:__main__:FuncIndex is 1074, end time is 1620721682.4062686
INFO:__main__:used memory: 0 M
INFO:__main__:FuncIndex is 1074, time overhead is 0.028653383255004883
INFO:__main__:FuncIndex is 1075, start time is 1620721682.4069335
INFO:__main__:FuncIndex is 1075, end time is 1620721682.4357934
INFO:__main__:used memory: 1 M
INFO:__main__:FuncIndex is 1075, time overhead is 0.028859853744506836
INFO:__main__:FuncIndex is 1076, start time is 1620721682.4365234
INFO:__main__:FuncIndex is 1076, end time is 1620721682.4653227
INFO:__main__:used memory: -1 M
INFO:__main__:FuncIndex is 1076, time overhead is 0.02879929542541504
INFO:__main__:FuncIndex is 1077, start time is 1620721682.466002
INFO:__main__:FuncIndex is 1077, end time is 1620721682.4955647
INFO:__main__:used memory: 1 M
INFO:__main__:FuncIndex is 1077, time overhead is 0.029562711715698242
INFO:__main__:FuncIndex is 1078, start time is 1620721682.4962654
INFO:__main__:FuncIndex is 1078, end time is 1620721682.5249493
INFO:__main__:used memory: 0 M
INFO:__main__:FuncIndex is 1078, time overhead is 0.028683900833129883
INFO:__main__:FuncIndex is 1079, start time is 1620721682.5258026
INFO:__main__:FuncIndex is 1079, end time is 1620721682.5551457
INFO:__main__:used memory: -1 M
INFO:__main__:FuncIndex is 1079, time overhead is 0.029343128204345703
INFO:__main__:FuncIndex is 1080, start time is 1620721682.5558267
INFO:__main__:FuncIndex is 1080, end time is 1620721682.5863051
INFO:__main__:used memory: 0 M
INFO:__main__:FuncIndex is 1080, time overhead is 0.030478477478027344
INFO:__main__:FuncIndex is 1081, start time is 1620721682.5870214
INFO:__main__:FuncIndex is 1081, end time is 1620721682.6183896
INFO:__main__:used memory: 0 M
INFO:__main__:FuncIndex is 1081, time overhead is 0.031368255615234375
INFO:__main__:FuncIndex is 1082, start time is 1620721682.6190512
INFO:__main__:FuncIndex is 1082, end time is 1620721682.6515691
INFO:__main__:used memory: 1 M
INFO:__main__:FuncIndex is 1082, time overhead is 0.03251791000366211
INFO:__main__:FuncIndex is 1083, start time is 1620721682.6527698
INFO:__main__:FuncIndex is 1083, end time is 1620721682.6830013
INFO:__main__:used memory: 1 M
INFO:__main__:FuncIndex is 1083, time overhead is 0.030231475830078125
INFO:__main__:FuncIndex is 1084, start time is 1620721682.6837125
INFO:__main__:FuncIndex is 1084, end time is 1620721682.7146935
INFO:__main__:used memory: -1 M
INFO:__main__:FuncIndex is 1084, time overhead is 0.030981063842773438
INFO:__main__:FuncIndex is 1085, start time is 1620721682.7153833
INFO:__main__:FuncIndex is 1085, end time is 1620721683.1185615
INFO:__main__:used memory: -15 M
INFO:__main__:FuncIndex is 1085, time overhead is 0.40317821502685547
INFO:__main__:FuncIndex is 1086, start time is 1620721683.1208222
INFO:__main__:FuncIndex is 1086, end time is 1620721683.1502573
INFO:__main__:used memory: -1 M
INFO:__main__:FuncIndex is 1086, time overhead is 0.029435157775878906
INFO:__main__:FuncIndex is 1087, start time is 1620721683.1509516
INFO:__main__:FuncIndex is 1087, end time is 1620721683.17912
INFO:__main__:used memory: 1 M
INFO:__main__:FuncIndex is 1087, time overhead is 0.028168439865112305
INFO:__main__:FuncIndex is 1088, start time is 1620721683.1797838
INFO:__main__:FuncIndex is 1088, end time is 1620721683.208183
INFO:__main__:used memory: 1 M
INFO:__main__:FuncIndex is 1088, time overhead is 0.028399229049682617
INFO:__main__:FuncIndex is 1089, start time is 1620721683.2087722
INFO:__main__:FuncIndex is 1089, end time is 1620721683.2380702
INFO:__main__:used memory: -1 M
INFO:__main__:FuncIndex is 1089, time overhead is 0.029298067092895508
INFO:__main__:FuncIndex is 1090, start time is 1620721683.238783
INFO:__main__:FuncIndex is 1090, end time is 1620721683.2672107
INFO:__main__:used memory: 0 M
INFO:__main__:FuncIndex is 1090, time overhead is 0.028427839279174805
INFO:__main__:FuncIndex is 1091, start time is 1620721683.2679124
INFO:__main__:FuncIndex is 1091, end time is 1620721683.2968645
INFO:__main__:used memory: 0 M
INFO:__main__:FuncIndex is 1091, time overhead is 0.02895212173461914
INFO:__main__:FuncIndex is 1092, start time is 1620721683.2976055
INFO:__main__:FuncIndex is 1092, end time is 1620721683.3260987
INFO:__main__:used memory: 0 M
INFO:__main__:FuncIndex is 1092, time overhead is 0.028493165969848633
INFO:__main__:FuncIndex is 1093, start time is 1620721683.3267848
INFO:__main__:FuncIndex is 1093, end time is 1620721683.355193
INFO:__main__:used memory: 0 M
INFO:__main__:FuncIndex is 1093, time overhead is 0.028408050537109375
INFO:__main__:FuncIndex is 1094, start time is 1620721683.3558207
INFO:__main__:FuncIndex is 1094, end time is 1620721683.3835835
INFO:__main__:used memory: 0 M
INFO:__main__:FuncIndex is 1094, time overhead is 0.027762889862060547
INFO:__main__:FuncIndex is 1095, start time is 1620721683.38425
INFO:__main__:FuncIndex is 1095, end time is 1620721683.412339
INFO:__main__:used memory: 0 M
INFO:__main__:FuncIndex is 1095, time overhead is 0.028089046478271484
INFO:__main__:FuncIndex is 1096, start time is 1620721683.413116
INFO:__main__:FuncIndex is 1096, end time is 1620721683.4641423
INFO:__main__:used memory: -1 M
INFO:__main__:FuncIndex is 1096, time overhead is 0.051026344299316406
INFO:__main__:FuncIndex is 1097, start time is 1620721683.4648218
INFO:__main__:FuncIndex is 1097, end time is 1620721683.4910688
INFO:__main__:used memory: 1 M
INFO:__main__:FuncIndex is 1097, time overhead is 0.026247024536132812
INFO:__main__:FuncIndex is 1098, start time is 1620721683.4919097
INFO:__main__:FuncIndex is 1098, end time is 1620721683.5184586
INFO:__main__:used memory: 0 M
INFO:__main__:FuncIndex is 1098, time overhead is 0.02654886245727539
INFO:__main__:FuncIndex is 1099, start time is 1620721683.5190268
INFO:__main__:FuncIndex is 1099, end time is 1620721683.5447774
INFO:__main__:used memory: -1 M
INFO:__main__:FuncIndex is 1099, time overhead is 0.02575063705444336
INFO:__main__:FuncIndex is 1100, start time is 1620721683.5455232
INFO:__main__:FuncIndex is 1100, end time is 1620721683.5742316
INFO:__main__:used memory: 0 M
INFO:__main__:FuncIndex is 1100, time overhead is 0.028708457946777344
INFO:__main__:FuncIndex is 1101, start time is 1620721683.5749156
INFO:__main__:FuncIndex is 1101, end time is 1620721683.603673
INFO:__main__:used memory: 0 M
INFO:__main__:FuncIndex is 1101, time overhead is 0.028757333755493164
INFO:__main__:FuncIndex is 1102, start time is 1620721683.6043103
INFO:__main__:FuncIndex is 1102, end time is 1620721683.6319282
INFO:__main__:used memory: 0 M
INFO:__main__:FuncIndex is 1102, time overhead is 0.027617931365966797
INFO:__main__:FuncIndex is 1103, start time is 1620721683.6325936
INFO:__main__:FuncIndex is 1103, end time is 1620721683.6610253
INFO:__main__:used memory: -1 M
INFO:__main__:FuncIndex is 1103, time overhead is 0.02843165397644043
INFO:__main__:FuncIndex is 1104, start time is 1620721683.66173
INFO:__main__:FuncIndex is 1104, end time is 1620721683.688108
INFO:__main__:used memory: 1 M
INFO:__main__:FuncIndex is 1104, time overhead is 0.02637791633605957
INFO:__main__:FuncIndex is 1105, start time is 1620721683.6886997
INFO:__main__:FuncIndex is 1105, end time is 1620721683.7135713
INFO:__main__:used memory: 1 M
INFO:__main__:FuncIndex is 1105, time overhead is 0.0248715877532959
INFO:__main__:FuncIndex is 1106, start time is 1620721683.714128
INFO:__main__:FuncIndex is 1106, end time is 1620721683.7387102
INFO:__main__:used memory: 0 M
INFO:__main__:FuncIndex is 1106, time overhead is 0.0245821475982666
INFO:__main__:FuncIndex is 1107, start time is 1620721683.7393293
INFO:__main__:FuncIndex is 1107, end time is 1620721683.767777
INFO:__main__:used memory: 0 M
INFO:__main__:FuncIndex is 1107, time overhead is 0.028447628021240234
INFO:__main__:FuncIndex is 1108, start time is 1620721683.768464
INFO:__main__:FuncIndex is 1108, end time is 1620721683.796494
INFO:__main__:used memory: -1 M
INFO:__main__:FuncIndex is 1108, time overhead is 0.028029918670654297
INFO:__main__:FuncIndex is 1109, start time is 1620721683.7972322
INFO:__main__:FuncIndex is 1109, end time is 1620721683.825849
INFO:__main__:used memory: 0 M
INFO:__main__:FuncIndex is 1109, time overhead is 0.028616905212402344
INFO:__main__:FuncIndex is 1110, start time is 1620721683.8265057
INFO:__main__:FuncIndex is 1110, end time is 1620721683.8571205
INFO:__main__:used memory: 0 M
INFO:__main__:FuncIndex is 1110, time overhead is 0.030614852905273438
INFO:__main__:FuncIndex is 1111, start time is 1620721683.857882
INFO:__main__:FuncIndex is 1111, end time is 1620721683.8881128
INFO:__main__:used memory: 0 M
INFO:__main__:FuncIndex is 1111, time overhead is 0.03023076057434082
INFO:__main__:FuncIndex is 1112, start time is 1620721683.888847
INFO:__main__:FuncIndex is 1112, end time is 1620721683.9200883
INFO:__main__:used memory: 1 M
INFO:__main__:FuncIndex is 1112, time overhead is 0.031241178512573242
INFO:__main__:FuncIndex is 1113, start time is 1620721683.920799
INFO:__main__:FuncIndex is 1113, end time is 1620721683.9511466
INFO:__main__:used memory: -1 M
INFO:__main__:FuncIndex is 1113, time overhead is 0.030347585678100586
INFO:__main__:FuncIndex is 1114, start time is 1620721683.9518707
INFO:__main__:FuncIndex is 1114, end time is 1620721683.9828954
INFO:__main__:used memory: 0 M
INFO:__main__:FuncIndex is 1114, time overhead is 0.031024694442749023
INFO:__main__:FuncIndex is 1115, start time is 1620721683.9835854
INFO:__main__:FuncIndex is 1115, end time is 1620721684.0143194
INFO:__main__:used memory: 0 M
INFO:__main__:FuncIndex is 1115, time overhead is 0.03073406219482422
INFO:__main__:FuncIndex is 1116, start time is 1620721684.015074
INFO:__main__:FuncIndex is 1116, end time is 1620721684.044754
INFO:__main__:used memory: 0 M
INFO:__main__:FuncIndex is 1116, time overhead is 0.02968001365661621
INFO:__main__:FuncIndex is 1117, start time is 1620721684.045924
INFO:__main__:FuncIndex is 1117, end time is 1620721684.075933
INFO:__main__:used memory: 1 M
INFO:__main__:FuncIndex is 1117, time overhead is 0.030009031295776367
INFO:__main__:FuncIndex is 1118, start time is 1620721684.0766041
INFO:__main__:FuncIndex is 1118, end time is 1620721684.1080284
INFO:__main__:used memory: -1 M
INFO:__main__:FuncIndex is 1118, time overhead is 0.03142428398132324
INFO:__main__:FuncIndex is 1119, start time is 1620721684.1086972
INFO:__main__:FuncIndex is 1119, end time is 1620721684.1396427
INFO:__main__:used memory: 0 M
INFO:__main__:FuncIndex is 1119, time overhead is 0.030945539474487305
INFO:__main__:FuncIndex is 1120, start time is 1620721684.1403275
INFO:__main__:FuncIndex is 1120, end time is 1620721684.1711965
INFO:__main__:used memory: 0 M
INFO:__main__:FuncIndex is 1120, time overhead is 0.030869007110595703
INFO:__main__:FuncIndex is 1121, start time is 1620721684.1719005
INFO:__main__:FuncIndex is 1121, end time is 1620721684.2018762
INFO:__main__:used memory: 0 M
INFO:__main__:FuncIndex is 1121, time overhead is 0.02997565269470215
INFO:__main__:FuncIndex is 1122, start time is 1620721684.2025769
INFO:__main__:FuncIndex is 1122, end time is 1620721684.2321148
INFO:__main__:used memory: 0 M
INFO:__main__:FuncIndex is 1122, time overhead is 0.02953791618347168
INFO:__main__:FuncIndex is 1123, start time is 1620721684.2327929
INFO:__main__:FuncIndex is 1123, end time is 1620721684.2622826
INFO:__main__:used memory: 1 M
INFO:__main__:FuncIndex is 1123, time overhead is 0.029489755630493164
INFO:__main__:FuncIndex is 1124, start time is 1620721684.2630038
INFO:__main__:FuncIndex is 1124, end time is 1620721684.2931418
INFO:__main__:used memory: -1 M
INFO:__main__:FuncIndex is 1124, time overhead is 0.030138015747070312
INFO:__main__:FuncIndex is 1125, start time is 1620721684.2939768
INFO:__main__:FuncIndex is 1125, end time is 1620721684.323606
INFO:__main__:used memory: 1 M
INFO:__main__:FuncIndex is 1125, time overhead is 0.029629230499267578
INFO:__main__:FuncIndex is 1126, start time is 1620721684.3243463
INFO:__main__:FuncIndex is 1126, end time is 1620721684.3555303
INFO:__main__:used memory: 0 M
INFO:__main__:FuncIndex is 1126, time overhead is 0.031183958053588867
INFO:__main__:FuncIndex is 1127, start time is 1620721684.3562403
INFO:__main__:FuncIndex is 1127, end time is 1620721684.3861406
INFO:__main__:used memory: -1 M
INFO:__main__:FuncIndex is 1127, time overhead is 0.029900312423706055
INFO:__main__:FuncIndex is 1128, start time is 1620721684.386834
INFO:__main__:FuncIndex is 1128, end time is 1620721684.41793
INFO:__main__:used memory: 0 M
INFO:__main__:FuncIndex is 1128, time overhead is 0.03109598159790039
INFO:__main__:FuncIndex is 1129, start time is 1620721684.4188178
INFO:__main__:FuncIndex is 1129, end time is 1620721684.4505584
INFO:__main__:used memory: 0 M
INFO:__main__:FuncIndex is 1129, time overhead is 0.031740665435791016
INFO:__main__:FuncIndex is 1130, start time is 1620721684.4512627
INFO:__main__:FuncIndex is 1130, end time is 1620721686.0532076
INFO:__main__:used memory: 4 M
INFO:__main__:FuncIndex is 1130, time overhead is 1.601944923400879
INFO:__main__:FuncIndex is 1131, start time is 1620721686.0555127
INFO:__main__:FuncIndex is 1131, end time is 1620721686.345251
INFO:__main__:used memory: 0 M
INFO:__main__:FuncIndex is 1131, time overhead is 0.28973841667175293
INFO:__main__:FuncIndex is 1132, start time is 1620721686.3459349
INFO:root:unsupport call_indirect now
INFO:__main__:FuncIndex is 1132, end time is 1620721686.414645
INFO:__main__:used memory: 0 M
INFO:__main__:FuncIndex is 1132, time overhead is 0.0687100887298584
INFO:__main__:FuncIndex is 1133, start time is 1620721686.4152834
INFO:root:unsupport call_indirect now
INFO:root:unsupport call_indirect now
INFO:root:unsupport call_indirect now
INFO:root:unsupport call_indirect now
INFO:__main__:FuncIndex is 1133, end time is 1620721686.5312936
INFO:__main__:used memory: -1 M
INFO:__main__:FuncIndex is 1133, time overhead is 0.11601018905639648
INFO:__main__:FuncIndex is 1134, start time is 1620721686.5320237
INFO:__main__:FuncIndex is 1134, end time is 1620721686.558264
INFO:__main__:used memory: 0 M
INFO:__main__:FuncIndex is 1134, time overhead is 0.02624034881591797
INFO:__main__:FuncIndex is 1135, start time is 1620721686.5589771
INFO:__main__:FuncIndex is 1135, end time is 1620721686.5895987
INFO:__main__:used memory: 0 M
INFO:__main__:FuncIndex is 1135, time overhead is 0.03062152862548828
INFO:__main__:FuncIndex is 1136, start time is 1620721686.5902717
INFO:__main__:FuncIndex is 1136, end time is 1620721686.6198902
INFO:__main__:used memory: 1 M
INFO:__main__:FuncIndex is 1136, time overhead is 0.029618501663208008
INFO:__main__:FuncIndex is 1137, start time is 1620721686.620553
INFO:__main__:FuncIndex is 1137, end time is 1620721686.650401
INFO:__main__:used memory: 0 M
INFO:__main__:FuncIndex is 1137, time overhead is 0.029848098754882812
INFO:__main__:FuncIndex is 1138, start time is 1620721686.6510754
INFO:__main__:FuncIndex is 1138, end time is 1620721686.682519
INFO:__main__:used memory: 0 M
INFO:__main__:FuncIndex is 1138, time overhead is 0.03144359588623047
INFO:__main__:FuncIndex is 1139, start time is 1620721686.683226
INFO:__main__:FuncIndex is 1139, end time is 1620721686.713526
INFO:__main__:used memory: 0 M
INFO:__main__:FuncIndex is 1139, time overhead is 0.030299901962280273
INFO:__main__:FuncIndex is 1140, start time is 1620721686.7142165
INFO:__main__:FuncIndex is 1140, end time is 1620721686.7434657
INFO:__main__:used memory: 0 M
INFO:__main__:FuncIndex is 1140, time overhead is 0.029249191284179688
INFO:__main__:FuncIndex is 1141, start time is 1620721686.744119
INFO:__main__:FuncIndex is 1141, end time is 1620721686.7730446
INFO:__main__:used memory: 1 M
INFO:__main__:FuncIndex is 1141, time overhead is 0.028925657272338867
INFO:__main__:FuncIndex is 1142, start time is 1620721686.7738016
INFO:__main__:FuncIndex is 1142, end time is 1620721686.8019001
INFO:__main__:used memory: 0 M
INFO:__main__:FuncIndex is 1142, time overhead is 0.028098583221435547
INFO:__main__:FuncIndex is 1143, start time is 1620721686.8024879
INFO:__main__:FuncIndex is 1143, end time is 1620721686.831756
INFO:__main__:used memory: 0 M
INFO:__main__:FuncIndex is 1143, time overhead is 0.029268264770507812
INFO:__main__:FuncIndex is 1144, start time is 1620721686.832435
INFO:__main__:FuncIndex is 1144, end time is 1620721686.861535
INFO:__main__:used memory: 0 M
INFO:__main__:FuncIndex is 1144, time overhead is 0.02910017967224121
INFO:__main__:FuncIndex is 1145, start time is 1620721686.862135
INFO:__main__:FuncIndex is 1145, end time is 1620721686.8866453
INFO:__main__:used memory: -1 M
INFO:__main__:FuncIndex is 1145, time overhead is 0.02451038360595703
INFO:__main__:FuncIndex is 1146, start time is 1620721686.8873355
INFO:__main__:FuncIndex is 1146, end time is 1620721686.9169612
INFO:__main__:used memory: 0 M
INFO:__main__:FuncIndex is 1146, time overhead is 0.029625654220581055
INFO:__main__:FuncIndex is 1147, start time is 1620721686.9176095
INFO:__main__:FuncIndex is 1147, end time is 1620721686.9463975
INFO:__main__:used memory: 1 M
INFO:__main__:FuncIndex is 1147, time overhead is 0.028788089752197266
INFO:__main__:FuncIndex is 1148, start time is 1620721686.9470592
INFO:__main__:FuncIndex is 1148, end time is 1620721686.9764066
INFO:__main__:used memory: 0 M
INFO:__main__:FuncIndex is 1148, time overhead is 0.02934741973876953
INFO:__main__:FuncIndex is 1149, start time is 1620721686.9772055
INFO:__main__:FuncIndex is 1149, end time is 1620721687.010102
INFO:__main__:used memory: 1 M
INFO:__main__:FuncIndex is 1149, time overhead is 0.03289651870727539
INFO:__main__:FuncIndex is 1150, start time is 1620721687.010798
INFO:__main__:FuncIndex is 1150, end time is 1620721687.0421817
INFO:__main__:used memory: -1 M
INFO:__main__:FuncIndex is 1150, time overhead is 0.03138375282287598
INFO:__main__:FuncIndex is 1151, start time is 1620721687.0428972
INFO:__main__:FuncIndex is 1151, end time is 1620721687.0749247
INFO:__main__:used memory: 1 M
INFO:__main__:FuncIndex is 1151, time overhead is 0.032027482986450195
INFO:__main__:FuncIndex is 1152, start time is 1620721687.075627
INFO:__main__:FuncIndex is 1152, end time is 1620721687.1078238
INFO:__main__:used memory: 0 M
INFO:__main__:FuncIndex is 1152, time overhead is 0.032196760177612305
INFO:__main__:FuncIndex is 1153, start time is 1620721687.1085086
INFO:__main__:FuncIndex is 1153, end time is 1620721687.1404722
INFO:__main__:used memory: 0 M
INFO:__main__:FuncIndex is 1153, time overhead is 0.03196358680725098
INFO:__main__:FuncIndex is 1154, start time is 1620721687.1412005
INFO:__main__:FuncIndex is 1154, end time is 1620721687.1726735
INFO:__main__:used memory: -1 M
INFO:__main__:FuncIndex is 1154, time overhead is 0.03147292137145996
INFO:__main__:FuncIndex is 1155, start time is 1620721687.1734424
INFO:__main__:FuncIndex is 1155, end time is 1620721687.204695
INFO:__main__:used memory: 2 M
INFO:__main__:FuncIndex is 1155, time overhead is 0.03125262260437012
INFO:__main__:FuncIndex is 1156, start time is 1620721687.205403
INFO:__main__:FuncIndex is 1156, end time is 1620721687.2383378
INFO:__main__:used memory: -1 M
INFO:__main__:FuncIndex is 1156, time overhead is 0.03293466567993164
INFO:__main__:FuncIndex is 1157, start time is 1620721687.2394655
INFO:__main__:FuncIndex is 1157, end time is 1620721687.2720528
INFO:__main__:used memory: -1 M
INFO:__main__:FuncIndex is 1157, time overhead is 0.032587289810180664
INFO:__main__:FuncIndex is 1158, start time is 1620721687.2729673
INFO:__main__:FuncIndex is 1158, end time is 1620721687.3051279
INFO:__main__:used memory: 0 M
INFO:__main__:FuncIndex is 1158, time overhead is 0.03216052055358887
INFO:__main__:FuncIndex is 1159, start time is 1620721687.305863
INFO:__main__:FuncIndex is 1159, end time is 1620721687.3379
INFO:__main__:used memory: 0 M
INFO:__main__:FuncIndex is 1159, time overhead is 0.03203701972961426
INFO:__main__:FuncIndex is 1160, start time is 1620721687.3386285
INFO:__main__:FuncIndex is 1160, end time is 1620721687.3705218
INFO:__main__:used memory: 0 M
INFO:__main__:FuncIndex is 1160, time overhead is 0.031893253326416016
INFO:__main__:FuncIndex is 1161, start time is 1620721687.3712206
INFO:__main__:FuncIndex is 1161, end time is 1620721687.4021745
INFO:__main__:used memory: 1 M
INFO:__main__:FuncIndex is 1161, time overhead is 0.03095388412475586
INFO:__main__:FuncIndex is 1162, start time is 1620721687.4028378
INFO:__main__:FuncIndex is 1162, end time is 1620721687.432114
INFO:__main__:used memory: 0 M
INFO:__main__:FuncIndex is 1162, time overhead is 0.029276132583618164
INFO:__main__:FuncIndex is 1163, start time is 1620721687.4327984
INFO:__main__:FuncIndex is 1163, end time is 1620721687.4769588
INFO:__main__:used memory: 0 M
INFO:__main__:FuncIndex is 1163, time overhead is 0.04416036605834961
INFO:__main__:FuncIndex is 1164, start time is 1620721687.4776576
INFO:__main__:FuncIndex is 1164, end time is 1620721687.5072322
INFO:__main__:used memory: 0 M
INFO:__main__:FuncIndex is 1164, time overhead is 0.02957463264465332
INFO:__main__:FuncIndex is 1165, start time is 1620721687.5079033
INFO:__main__:FuncIndex is 1165, end time is 1620721687.5365374
INFO:__main__:used memory: 1 M
INFO:__main__:FuncIndex is 1165, time overhead is 0.028634071350097656
INFO:__main__:FuncIndex is 1166, start time is 1620721687.537268
INFO:__main__:FuncIndex is 1166, end time is 1620721687.5648615
INFO:__main__:used memory: 0 M
INFO:__main__:FuncIndex is 1166, time overhead is 0.027593612670898438
INFO:__main__:FuncIndex is 1167, start time is 1620721687.5657003
INFO:__main__:FuncIndex is 1167, end time is 1620721687.5922842
INFO:__main__:used memory: 0 M
INFO:__main__:FuncIndex is 1167, time overhead is 0.02658390998840332
INFO:__main__:FuncIndex is 1168, start time is 1620721687.5930889
INFO:__main__:FuncIndex is 1168, end time is 1620721687.6194885
INFO:__main__:used memory: 1 M
INFO:__main__:FuncIndex is 1168, time overhead is 0.026399612426757812
INFO:__main__:FuncIndex is 1169, start time is 1620721687.6201224
INFO:__main__:FuncIndex is 1169, end time is 1620721687.651895
INFO:__main__:used memory: 0 M
INFO:__main__:FuncIndex is 1169, time overhead is 0.031772613525390625
INFO:__main__:FuncIndex is 1170, start time is 1620721687.6525583
INFO:__main__:FuncIndex is 1170, end time is 1620721687.681773
INFO:__main__:used memory: 0 M
INFO:__main__:FuncIndex is 1170, time overhead is 0.02921462059020996
INFO:__main__:FuncIndex is 1171, start time is 1620721687.6825168
INFO:__main__:FuncIndex is 1171, end time is 1620721687.7123964
INFO:__main__:used memory: 1 M
INFO:__main__:FuncIndex is 1171, time overhead is 0.02987957000732422
INFO:__main__:FuncIndex is 1172, start time is 1620721687.7131171
INFO:__main__:FuncIndex is 1172, end time is 1620721687.743207
INFO:__main__:used memory: 0 M
INFO:__main__:FuncIndex is 1172, time overhead is 0.030089855194091797
INFO:__main__:FuncIndex is 1173, start time is 1620721687.7438722
INFO:__main__:FuncIndex is 1173, end time is 1620721687.7740889
INFO:__main__:used memory: 1 M
INFO:__main__:FuncIndex is 1173, time overhead is 0.030216693878173828
INFO:__main__:FuncIndex is 1174, start time is 1620721687.7748294
INFO:__main__:FuncIndex is 1174, end time is 1620721687.8167596
INFO:__main__:used memory: 0 M
INFO:__main__:FuncIndex is 1174, time overhead is 0.041930198669433594
INFO:__main__:FuncIndex is 1175, start time is 1620721687.8174558
INFO:__main__:FuncIndex is 1175, end time is 1620721687.8452048
INFO:__main__:used memory: 0 M
INFO:__main__:FuncIndex is 1175, time overhead is 0.027749061584472656
INFO:__main__:FuncIndex is 1176, start time is 1620721687.8458087
INFO:__main__:FuncIndex is 1176, end time is 1620721687.8742437
INFO:__main__:used memory: 0 M
INFO:__main__:FuncIndex is 1176, time overhead is 0.02843499183654785
INFO:__main__:FuncIndex is 1177, start time is 1620721687.8748279
INFO:__main__:FuncIndex is 1177, end time is 1620721687.902501
INFO:__main__:used memory: 1 M
INFO:__main__:FuncIndex is 1177, time overhead is 0.02767324447631836
INFO:__main__:FuncIndex is 1178, start time is 1620721687.9031157
INFO:__main__:FuncIndex is 1178, end time is 1620721687.9316769
INFO:__main__:used memory: 0 M
INFO:__main__:FuncIndex is 1178, time overhead is 0.028561115264892578
INFO:__main__:FuncIndex is 1179, start time is 1620721687.9323418
INFO:__main__:FuncIndex is 1179, end time is 1620721687.9616022
INFO:__main__:used memory: 0 M
INFO:__main__:FuncIndex is 1179, time overhead is 0.02926039695739746
INFO:__main__:FuncIndex is 1180, start time is 1620721687.9622605
INFO:__main__:FuncIndex is 1180, end time is 1620721688.0203216
INFO:__main__:used memory: -1 M
INFO:__main__:FuncIndex is 1180, time overhead is 0.05806112289428711
INFO:__main__:FuncIndex is 1181, start time is 1620721688.0234559
INFO:__main__:FuncIndex is 1181, end time is 1620721688.0869203
INFO:__main__:used memory: 0 M
INFO:__main__:FuncIndex is 1181, time overhead is 0.06346440315246582
INFO:__main__:FuncIndex is 1182, start time is 1620721688.0893285
INFO:__main__:FuncIndex is 1182, end time is 1620721688.1836212
INFO:__main__:used memory: 1 M
INFO:__main__:FuncIndex is 1182, time overhead is 0.09429264068603516
INFO:__main__:FuncIndex is 1183, start time is 1620721688.184257
INFO:__main__:FuncIndex is 1183, end time is 1620721688.2567146
INFO:__main__:used memory: 0 M
INFO:__main__:FuncIndex is 1183, time overhead is 0.07245755195617676
INFO:__main__:FuncIndex is 1184, start time is 1620721688.2573676
INFO:__main__:FuncIndex is 1184, end time is 1620721688.316325
INFO:__main__:used memory: 0 M
INFO:__main__:FuncIndex is 1184, time overhead is 0.05895733833312988
INFO:__main__:FuncIndex is 1185, start time is 1620721688.3169534
INFO:root:b'Sorts (_ BitVec 32) and (_ BitVec 64) are incompatible'
INFO:__main__:FuncIndex is 1185, end time is 1620721688.346094
INFO:__main__:used memory: 1 M
INFO:__main__:FuncIndex is 1185, time overhead is 0.029140472412109375
INFO:__main__:FuncIndex is 1186, start time is 1620721688.346802
INFO:__main__:FuncIndex is 1186, end time is 1620721772.1424098
INFO:__main__:used memory: 35 M
INFO:__main__:FuncIndex is 1186, time overhead is 83.79560780525208
INFO:__main__:FuncIndex is 1187, start time is 1620721772.1459093
INFO:__main__:FuncIndex is 1187, end time is 1620721772.2020671
INFO:__main__:used memory: 0 M
INFO:__main__:FuncIndex is 1187, time overhead is 0.056157827377319336
INFO:__main__:FuncIndex is 1188, start time is 1620721772.2028592
INFO:__main__:FuncIndex is 1188, end time is 1620721772.2591937
INFO:__main__:used memory: 0 M
INFO:__main__:FuncIndex is 1188, time overhead is 0.056334495544433594
INFO:__main__:FuncIndex is 1189, start time is 1620721772.2599761
INFO:__main__:[exception] used memory: 0 M
INFO:__main__:[exception] FuncIndex is 1189, time overhead is 0.053566932678222656
INFO:__main__:FuncIndex is 1190, start time is 1620721772.314236
INFO:__main__:FuncIndex is 1190, end time is 1620721772.3561962
INFO:__main__:used memory: 0 M
INFO:__main__:FuncIndex is 1190, time overhead is 0.04196023941040039
INFO:__main__:FuncIndex is 1191, start time is 1620721772.3569434
INFO:__main__:FuncIndex is 1191, end time is 1620721844.609822
INFO:__main__:used memory: 23 M
INFO:__main__:FuncIndex is 1191, time overhead is 72.25287866592407
INFO:__main__:FuncIndex is 1192, start time is 1620721844.613805
INFO:__main__:[exception] used memory: 0 M
INFO:__main__:[exception] FuncIndex is 1192, time overhead is 0.061356544494628906
INFO:__main__:FuncIndex is 1193, start time is 1620721844.6760027
INFO:__main__:[exception] used memory: 3 M
INFO:__main__:[exception] FuncIndex is 1193, time overhead is 90.17348384857178
INFO:__main__:FuncIndex is 1194, start time is 1620721934.8540678
INFO:__main__:FuncIndex is 1194, end time is 1620721935.0644362
INFO:__main__:used memory: 0 M
INFO:__main__:FuncIndex is 1194, time overhead is 0.21036839485168457
INFO:__main__:FuncIndex is 1195, start time is 1620721935.0653732
INFO:__main__:FuncIndex is 1195, end time is 1620721935.6669192
INFO:__main__:used memory: 1 M
INFO:__main__:FuncIndex is 1195, time overhead is 0.601546049118042
INFO:__main__:FuncIndex is 1196, start time is 1620721935.6677988
INFO:__main__:FuncIndex is 1196, end time is 1620721935.846886
INFO:__main__:used memory: 2 M
INFO:__main__:FuncIndex is 1196, time overhead is 0.17908716201782227
INFO:__main__:FuncIndex is 1197, start time is 1620721935.8500094
INFO:__main__:FuncIndex is 1197, end time is 1620721935.8893795
INFO:__main__:used memory: 0 M
INFO:__main__:FuncIndex is 1197, time overhead is 0.039370059967041016
INFO:__main__:FuncIndex is 1198, start time is 1620721935.890143
INFO:__main__:FuncIndex is 1198, end time is 1620721936.9295986
INFO:__main__:used memory: 5 M
INFO:__main__:FuncIndex is 1198, time overhead is 1.0394556522369385
INFO:__main__:FuncIndex is 1199, start time is 1620721936.932775
INFO:__main__:FuncIndex is 1199, end time is 1620721937.0610685
INFO:__main__:used memory: 1 M
INFO:__main__:FuncIndex is 1199, time overhead is 0.12829351425170898
INFO:__main__:FuncIndex is 1200, start time is 1620721937.0654318
INFO:__main__:FuncIndex is 1200, end time is 1620721937.1798134
INFO:__main__:used memory: 1 M
INFO:__main__:FuncIndex is 1200, time overhead is 0.11438155174255371
INFO:__main__:All time: 266.38020062446594
mprof: Sampling memory every 0.1s
running new process
