INFO:root: Executing: func ;0; (i32, i32) ; stack length: 2
INFO:root: Executed: func ;0; (i32, i32) ; stack length: 1
INFO:__main__:used memory: 10 M
INFO:__main__:FuncIndex is 0, time overhead is 0.23613333702087402
INFO:root: Executing: func ;1; (i32, i32) ; stack length: 2
INFO:root:reached unreachable
INFO:root:reached unreachable
INFO:root:reached unreachable
INFO:root:reached unreachable
INFO:root:reached unreachable
INFO:root:reached unreachable
INFO:root:reached unreachable
INFO:root:reached unreachable
INFO:root:reached unreachable
INFO:root:reached unreachable
INFO:root:reached unreachable
INFO:root:reached unreachable
INFO:root:reached unreachable
INFO:root:reached unreachable
INFO:root:reached unreachable
INFO:root:reached unreachable
INFO:root: Executed: func ;1; (i32, i32) ; stack length: 1
INFO:__main__:used memory: 63 M
INFO:__main__:FuncIndex is 1, time overhead is 65.7171061038971
INFO:root: Executing: func ;2; (i32, i32) ; stack length: 2
INFO:root: Executed: func ;2; (i32, i32) ; stack length: 1
INFO:__main__:used memory: -29 M
INFO:__main__:FuncIndex is 2, time overhead is 0.41009998321533203
INFO:root: Executing: func ;3; (i32, i32) ; stack length: 2
INFO:root:reached unreachable
INFO:root:reached unreachable
INFO:root:reached unreachable
INFO:root:reached unreachable
INFO:root:reached unreachable
INFO:root:reached unreachable
INFO:root:reached unreachable
INFO:root:reached unreachable
INFO:root:reached unreachable
INFO:root:reached unreachable
INFO:root:reached unreachable
INFO:root:reached unreachable
INFO:root:reached unreachable
INFO:root:reached unreachable
INFO:root:reached unreachable
INFO:root:reached unreachable
INFO:root: Executed: func ;3; (i32, i32) ; stack length: 1
INFO:__main__:used memory: 31 M
INFO:__main__:FuncIndex is 3, time overhead is 75.8315281867981
INFO:root: Executing: func ;4; (i32, i32, i32) ; stack length: 3
INFO:root:   Executing: func ;0; (i32, i32) ; stack length: 3
INFO:root:   Executed: func ;0; (i32, i32) ; stack length: 1
INFO:root:reached unreachable
INFO:root:   Executing: func ;1; (i32, i32) ; stack length: 3
INFO:root:   Executed: func ;1; (i32, i32) ; stack length: 1
INFO:root:   Executing: func ;2; (i32, i32) ; stack length: 3
INFO:root:   Executed: func ;2; (i32, i32) ; stack length: 1
INFO:root:   Executing: func ;3; (i32, i32) ; stack length: 3
INFO:root:   Executed: func ;3; (i32, i32) ; stack length: 1
INFO:root:reached unreachable
INFO:root: Executed: func ;4; (i32, i32, i32) ; stack length: 1
INFO:__main__:used memory: -33 M
INFO:__main__:FuncIndex is 4, time overhead is 0.2764120101928711
INFO:__main__:All time: 142.50543093681335
