INFO:__main__:FuncIndex is 401, start time is 1620653324.9108224
INFO:root:unsupport call_indirect now
INFO:__main__:FuncIndex is 401, end time is 1620653324.9467404
INFO:__main__:used memory: 2 M
INFO:__main__:FuncIndex is 401, time overhead is 0.03591799736022949
INFO:__main__:FuncIndex is 402, start time is 1620653324.9476197
INFO:root:unsupport call_indirect now
INFO:__main__:FuncIndex is 402, end time is 1620653324.9732647
INFO:__main__:used memory: 0 M
INFO:__main__:FuncIndex is 402, time overhead is 0.025645017623901367
INFO:__main__:FuncIndex is 403, start time is 1620653324.973883
INFO:__main__:FuncIndex is 403, end time is 1620653324.998469
INFO:__main__:used memory: 1 M
INFO:__main__:FuncIndex is 403, time overhead is 0.024586200714111328
INFO:__main__:FuncIndex is 404, start time is 1620653324.999071
INFO:__main__:FuncIndex is 404, end time is 1620653325.0778825
INFO:__main__:used memory: 5 M
INFO:__main__:FuncIndex is 404, time overhead is 0.0788116455078125
INFO:__main__:FuncIndex is 405, start time is 1620653325.0797513
INFO:root:unsupport call_indirect now
INFO:__main__:FuncIndex is 405, end time is 1620653325.1077533
INFO:__main__:used memory: 1 M
INFO:__main__:FuncIndex is 405, time overhead is 0.028002023696899414
INFO:__main__:FuncIndex is 406, start time is 1620653325.1083362
INFO:root:unsupport call_indirect now
INFO:__main__:FuncIndex is 406, end time is 1620653325.1687522
INFO:__main__:used memory: 1 M
INFO:__main__:FuncIndex is 406, time overhead is 0.06041598320007324
INFO:__main__:FuncIndex is 407, start time is 1620653325.1693892
INFO:root:unsupport call_indirect now
INFO:__main__:FuncIndex is 407, end time is 1620653325.213783
INFO:__main__:used memory: 1 M
INFO:__main__:FuncIndex is 407, time overhead is 0.04439377784729004
INFO:__main__:FuncIndex is 408, start time is 1620653325.215692
INFO:root:unsupport call_indirect now
INFO:__main__:FuncIndex is 408, end time is 1620653325.245482
INFO:__main__:used memory: 2 M
INFO:__main__:FuncIndex is 408, time overhead is 0.02978992462158203
INFO:__main__:FuncIndex is 409, start time is 1620653325.2461872
INFO:root:unsupport call_indirect now
INFO:__main__:FuncIndex is 409, end time is 1620653325.2819684
INFO:__main__:used memory: 0 M
INFO:__main__:FuncIndex is 409, time overhead is 0.035781145095825195
INFO:__main__:FuncIndex is 410, start time is 1620653325.2825818
INFO:root:unsupport call_indirect now
INFO:__main__:FuncIndex is 410, end time is 1620653325.31693
INFO:__main__:used memory: -1 M
INFO:__main__:FuncIndex is 410, time overhead is 0.034348249435424805
INFO:__main__:FuncIndex is 411, start time is 1620653325.3174796
INFO:root:unsupport call_indirect now
INFO:__main__:FuncIndex is 411, end time is 1620653325.3485367
INFO:__main__:used memory: 1 M
INFO:__main__:FuncIndex is 411, time overhead is 0.031057119369506836
INFO:__main__:FuncIndex is 412, start time is 1620653325.3491254
INFO:root:unsupport call_indirect now
INFO:__main__:FuncIndex is 412, end time is 1620653325.4129455
INFO:__main__:used memory: 0 M
INFO:__main__:FuncIndex is 412, time overhead is 0.06382012367248535
INFO:__main__:FuncIndex is 413, start time is 1620653325.4142187
INFO:root:unsupport call_indirect now
INFO:__main__:FuncIndex is 413, end time is 1620653325.4701188
INFO:__main__:used memory: 1 M
INFO:__main__:FuncIndex is 413, time overhead is 0.05590009689331055
INFO:__main__:FuncIndex is 414, start time is 1620653325.4708972
INFO:root:unsupport call_indirect now
INFO:__main__:FuncIndex is 414, end time is 1620653325.5254185
INFO:__main__:used memory: 1 M
INFO:__main__:FuncIndex is 414, time overhead is 0.05452132225036621
INFO:__main__:FuncIndex is 415, start time is 1620653325.526588
INFO:root:unsupport call_indirect now
INFO:__main__:FuncIndex is 415, end time is 1620653325.571703
INFO:__main__:used memory: 1 M
INFO:__main__:FuncIndex is 415, time overhead is 0.045114994049072266
INFO:__main__:FuncIndex is 416, start time is 1620653325.5723941
INFO:root:unsupport call_indirect now
INFO:__main__:FuncIndex is 416, end time is 1620653325.6158864
INFO:__main__:used memory: 0 M
INFO:__main__:FuncIndex is 416, time overhead is 0.04349231719970703
INFO:__main__:FuncIndex is 417, start time is 1620653325.6166024
INFO:root:unsupport call_indirect now
INFO:__main__:FuncIndex is 417, end time is 1620653325.7476585
INFO:__main__:used memory: -2 M
INFO:__main__:FuncIndex is 417, time overhead is 0.1310560703277588
INFO:__main__:FuncIndex is 418, start time is 1620653325.7484207
INFO:root:unsupport call_indirect now
INFO:__main__:FuncIndex is 418, end time is 1620653325.7986546
INFO:__main__:used memory: 0 M
INFO:__main__:FuncIndex is 418, time overhead is 0.05023384094238281
INFO:__main__:FuncIndex is 419, start time is 1620653325.7994487
INFO:root:unsupport call_indirect now
INFO:__main__:FuncIndex is 419, end time is 1620653325.8535051
INFO:__main__:used memory: 0 M
INFO:__main__:FuncIndex is 419, time overhead is 0.054056406021118164
INFO:__main__:FuncIndex is 420, start time is 1620653325.8542511
INFO:root:unsupport call_indirect now
INFO:__main__:FuncIndex is 420, end time is 1620653325.9133387
INFO:__main__:used memory: 0 M
INFO:__main__:FuncIndex is 420, time overhead is 0.059087514877319336
INFO:__main__:FuncIndex is 421, start time is 1620653325.9140844
INFO:root:unsupport call_indirect now
INFO:__main__:FuncIndex is 421, end time is 1620653325.9785006
INFO:__main__:used memory: 0 M
INFO:__main__:FuncIndex is 421, time overhead is 0.06441617012023926
INFO:__main__:FuncIndex is 422, start time is 1620653325.9794445
INFO:root:unsupport call_indirect now
INFO:__main__:FuncIndex is 422, end time is 1620653326.0239046
INFO:__main__:used memory: 1 M
INFO:__main__:FuncIndex is 422, time overhead is 0.04446005821228027
INFO:__main__:FuncIndex is 423, start time is 1620653326.0247111
INFO:root:unsupport call_indirect now
INFO:__main__:FuncIndex is 423, end time is 1620653326.07755
INFO:__main__:used memory: -1 M
INFO:__main__:FuncIndex is 423, time overhead is 0.052838802337646484
INFO:__main__:FuncIndex is 424, start time is 1620653326.0783787
INFO:root:Timed out!
INFO:__main__:FuncIndex is 424, end time is 1620653336.2968664
INFO:__main__:used memory: 12 M
INFO:__main__:FuncIndex is 424, time overhead is 10.218487739562988
INFO:__main__:FuncIndex is 425, start time is 1620653336.2977924
INFO:__main__:[exception] used memory: 0 M
INFO:__main__:[exception] FuncIndex is 425, time overhead is 0.001524209976196289
INFO:__main__:FuncIndex is 426, start time is 1620653336.2997708
INFO:root:unsupport call_indirect now
INFO:__main__:FuncIndex is 426, end time is 1620653336.3783774
INFO:__main__:used memory: 0 M
INFO:__main__:FuncIndex is 426, time overhead is 0.07860660552978516
INFO:__main__:FuncIndex is 427, start time is 1620653336.3791397
INFO:__main__:[exception] used memory: 0 M
INFO:__main__:[exception] FuncIndex is 427, time overhead is 0.03991961479187012
INFO:__main__:FuncIndex is 428, start time is 1620653336.4205997
INFO:__main__:[exception] used memory: 0 M
INFO:__main__:[exception] FuncIndex is 428, time overhead is 0.036086320877075195
INFO:__main__:FuncIndex is 429, start time is 1620653336.4576979
INFO:__main__:FuncIndex is 429, end time is 1620653336.4808512
INFO:__main__:used memory: 1 M
INFO:__main__:FuncIndex is 429, time overhead is 0.023153305053710938
INFO:__main__:FuncIndex is 430, start time is 1620653336.481455
INFO:root:reached unreachable
INFO:__main__:FuncIndex is 430, end time is 1620653336.5288599
INFO:__main__:used memory: 0 M
INFO:__main__:FuncIndex is 430, time overhead is 0.04740476608276367
INFO:__main__:FuncIndex is 431, start time is 1620653336.5309405
INFO:root:First argument must be a Z3 bit-vector expression
INFO:__main__:FuncIndex is 431, end time is 1620653336.5903184
INFO:__main__:used memory: 0 M
INFO:__main__:FuncIndex is 431, time overhead is 0.05937790870666504
INFO:__main__:FuncIndex is 432, start time is 1620653336.5924442
INFO:__main__:FuncIndex is 432, end time is 1620653336.6174154
INFO:__main__:used memory: 1 M
INFO:__main__:FuncIndex is 432, time overhead is 0.02497124671936035
INFO:__main__:FuncIndex is 433, start time is 1620653336.6180875
INFO:__main__:FuncIndex is 433, end time is 1620653336.6691756
INFO:__main__:used memory: 0 M
INFO:__main__:FuncIndex is 433, time overhead is 0.05108809471130371
INFO:__main__:FuncIndex is 434, start time is 1620653336.671408
INFO:__main__:FuncIndex is 434, end time is 1620653336.7659297
INFO:__main__:used memory: 0 M
INFO:__main__:FuncIndex is 434, time overhead is 0.09452176094055176
INFO:__main__:FuncIndex is 435, start time is 1620653336.7666411
INFO:__main__:FuncIndex is 435, end time is 1620653336.8067029
INFO:__main__:used memory: 0 M
INFO:__main__:FuncIndex is 435, time overhead is 0.04006171226501465
INFO:__main__:FuncIndex is 436, start time is 1620653336.8094497
INFO:__main__:FuncIndex is 436, end time is 1620653336.8347824
INFO:__main__:used memory: 0 M
INFO:__main__:FuncIndex is 436, time overhead is 0.02533268928527832
INFO:__main__:FuncIndex is 437, start time is 1620653336.8354745
INFO:__main__:FuncIndex is 437, end time is 1620653336.9141233
INFO:__main__:used memory: 0 M
INFO:__main__:FuncIndex is 437, time overhead is 0.07864880561828613
INFO:__main__:FuncIndex is 438, start time is 1620653336.916284
INFO:root:
INFO:__main__:FuncIndex is 438, end time is 1620653336.985014
INFO:__main__:used memory: 0 M
INFO:__main__:FuncIndex is 438, time overhead is 0.06872987747192383
INFO:__main__:FuncIndex is 439, start time is 1620653336.9860888
INFO:__main__:FuncIndex is 439, end time is 1620653337.067278
INFO:__main__:used memory: 0 M
INFO:__main__:FuncIndex is 439, time overhead is 0.08118915557861328
INFO:__main__:FuncIndex is 440, start time is 1620653337.069684
INFO:__main__:FuncIndex is 440, end time is 1620653337.0946217
INFO:__main__:used memory: 1 M
INFO:__main__:FuncIndex is 440, time overhead is 0.02493762969970703
INFO:__main__:FuncIndex is 441, start time is 1620653337.0953836
INFO:__main__:FuncIndex is 441, end time is 1620653337.1426787
INFO:__main__:used memory: 0 M
INFO:__main__:FuncIndex is 441, time overhead is 0.04729509353637695
INFO:__main__:FuncIndex is 442, start time is 1620653337.1450045
INFO:root:sort mismatch
INFO:__main__:FuncIndex is 442, end time is 1620653337.1708124
INFO:__main__:used memory: -1 M
INFO:__main__:FuncIndex is 442, time overhead is 0.025807857513427734
INFO:__main__:FuncIndex is 443, start time is 1620653337.1715105
INFO:__main__:FuncIndex is 443, end time is 1620653337.2185342
INFO:__main__:used memory: 1 M
INFO:__main__:FuncIndex is 443, time overhead is 0.047023773193359375
INFO:__main__:FuncIndex is 444, start time is 1620653337.2216518
INFO:__main__:FuncIndex is 444, end time is 1620653337.245804
INFO:__main__:used memory: 0 M
INFO:__main__:FuncIndex is 444, time overhead is 0.024152278900146484
INFO:__main__:FuncIndex is 445, start time is 1620653337.2464023
INFO:root:reached unreachable
INFO:root:Timed out!
INFO:root:reached unreachable
INFO:__main__:[exception] used memory: -3 M
INFO:__main__:[exception] FuncIndex is 445, time overhead is 30.598511457443237
INFO:__main__:FuncIndex is 446, start time is 1620653367.8483908
INFO:root:reached unreachable
Exception ignored in: <bound method AstRef.__del__ of Extract>
Traceback (most recent call last):
  File "/home/yangzq18/.local/lib/python3.6/site-packages/z3/z3.py", line 314, in __del__
    Z3_dec_ref(self.ctx.ref(), self.as_ast())
  File "/home/yangzq18/.local/lib/python3.6/site-packages/z3/z3core.py", line 1479, in Z3_dec_ref
    _elems.f(a0, a1)
  File "seraph.py", line 249, in signal_handler
    raise Exception("Timed out!")
Exception: Timed out!
INFO:root:reached unreachable
INFO:__main__:[exception] used memory: -1 M
INFO:__main__:[exception] FuncIndex is 446, time overhead is 31.578891038894653
INFO:__main__:FuncIndex is 447, start time is 1620653399.4305158
INFO:__main__:FuncIndex is 447, end time is 1620653399.5420604
INFO:__main__:used memory: 1 M
INFO:__main__:FuncIndex is 447, time overhead is 0.11154460906982422
INFO:__main__:FuncIndex is 448, start time is 1620653399.5427284
INFO:__main__:FuncIndex is 448, end time is 1620653399.6672976
INFO:__main__:used memory: 0 M
INFO:__main__:FuncIndex is 448, time overhead is 0.12456917762756348
INFO:__main__:FuncIndex is 449, start time is 1620653399.6701837
INFO:__main__:FuncIndex is 449, end time is 1620653399.6973822
INFO:__main__:used memory: -1 M
INFO:__main__:FuncIndex is 449, time overhead is 0.02719855308532715
INFO:__main__:FuncIndex is 450, start time is 1620653399.6980212
INFO:__main__:FuncIndex is 450, end time is 1620653399.7872536
INFO:__main__:used memory: 0 M
INFO:__main__:FuncIndex is 450, time overhead is 0.0892324447631836
INFO:__main__:FuncIndex is 451, start time is 1620653399.7896612
INFO:__main__:FuncIndex is 451, end time is 1620653399.8768516
INFO:__main__:used memory: 0 M
INFO:__main__:FuncIndex is 451, time overhead is 0.08719038963317871
INFO:__main__:FuncIndex is 452, start time is 1620653399.8793783
INFO:__main__:FuncIndex is 452, end time is 1620653400.7198248
INFO:__main__:used memory: 4 M
INFO:__main__:FuncIndex is 452, time overhead is 0.8404464721679688
INFO:__main__:FuncIndex is 453, start time is 1620653400.7222223
INFO:__main__:FuncIndex is 453, end time is 1620653400.7491655
INFO:__main__:used memory: 0 M
INFO:__main__:FuncIndex is 453, time overhead is 0.026943206787109375
INFO:__main__:FuncIndex is 454, start time is 1620653400.7498012
INFO:root:First argument must be a Z3 bit-vector expression
INFO:__main__:FuncIndex is 454, end time is 1620653400.807633
INFO:__main__:used memory: 1 M
INFO:__main__:FuncIndex is 454, time overhead is 0.057831764221191406
INFO:__main__:FuncIndex is 455, start time is 1620653400.809906
INFO:__main__:FuncIndex is 455, end time is 1620653400.8411903
INFO:__main__:used memory: 0 M
INFO:__main__:FuncIndex is 455, time overhead is 0.031284332275390625
INFO:__main__:FuncIndex is 456, start time is 1620653400.841791
INFO:root:reached unreachable
INFO:root:reached unreachable
INFO:__main__:[exception] used memory: -1 M
INFO:__main__:[exception] FuncIndex is 456, time overhead is 0.07999372482299805
INFO:__main__:FuncIndex is 457, start time is 1620653400.9232068
INFO:root:reached unreachable
INFO:root:First argument must be a Z3 bit-vector expression
INFO:root:First argument must be a Z3 bit-vector expression
INFO:root:First argument must be a Z3 bit-vector expression
INFO:root:First argument must be a Z3 bit-vector expression
INFO:root:First argument must be a Z3 bit-vector expression
INFO:root:First argument must be a Z3 bit-vector expression
INFO:root:First argument must be a Z3 bit-vector expression
INFO:root:First argument must be a Z3 bit-vector expression
INFO:__main__:FuncIndex is 457, end time is 1620653402.8826866
INFO:__main__:used memory: 12 M
INFO:__main__:FuncIndex is 457, time overhead is 1.959479808807373
INFO:__main__:FuncIndex is 458, start time is 1620653402.8851757
INFO:__main__:FuncIndex is 458, end time is 1620653402.9495592
INFO:__main__:used memory: 0 M
INFO:__main__:FuncIndex is 458, time overhead is 0.06438350677490234
INFO:__main__:FuncIndex is 459, start time is 1620653402.9519675
INFO:__main__:FuncIndex is 459, end time is 1620653403.0097163
INFO:__main__:used memory: 0 M
INFO:__main__:FuncIndex is 459, time overhead is 0.05774879455566406
INFO:__main__:FuncIndex is 460, start time is 1620653403.012139
INFO:root:reached unreachable
INFO:__main__:[exception] used memory: 0 M
INFO:__main__:[exception] FuncIndex is 460, time overhead is 0.038649559020996094
INFO:__main__:FuncIndex is 461, start time is 1620653403.0521052
INFO:root:reached unreachable
INFO:__main__:[exception] used memory: 0 M
INFO:__main__:[exception] FuncIndex is 461, time overhead is 0.052040815353393555
INFO:__main__:FuncIndex is 462, start time is 1620653403.10548
INFO:__main__:FuncIndex is 462, end time is 1620653403.144133
INFO:__main__:used memory: 1 M
INFO:__main__:FuncIndex is 462, time overhead is 0.03865313529968262
INFO:__main__:FuncIndex is 463, start time is 1620653403.1464353
INFO:__main__:FuncIndex is 463, end time is 1620653403.1856282
INFO:__main__:used memory: 0 M
INFO:__main__:FuncIndex is 463, time overhead is 0.039192914962768555
INFO:__main__:FuncIndex is 464, start time is 1620653403.1882374
INFO:__main__:FuncIndex is 464, end time is 1620653403.2236927
INFO:__main__:used memory: 0 M
INFO:__main__:FuncIndex is 464, time overhead is 0.03545522689819336
INFO:__main__:FuncIndex is 465, start time is 1620653403.22603
INFO:__main__:[exception] used memory: 0 M
INFO:__main__:[exception] FuncIndex is 465, time overhead is 0.0009794235229492188
INFO:__main__:FuncIndex is 466, start time is 1620653403.2273738
INFO:root:reached unreachable
INFO:root:reached unreachable
INFO:root:reached unreachable
INFO:root:reached unreachable
INFO:root:reached unreachable
INFO:root:reached unreachable
INFO:root:reached unreachable
INFO:root:reached unreachable
INFO:root:reached unreachable
INFO:root:reached unreachable
INFO:root:reached unreachable
INFO:root:reached unreachable
INFO:root:reached unreachable
INFO:root:reached unreachable
INFO:root:reached unreachable
INFO:root:reached unreachable
INFO:root:Timed out!
INFO:__main__:[exception] used memory: 4 M
INFO:__main__:[exception] FuncIndex is 466, time overhead is 10.369993448257446
INFO:__main__:FuncIndex is 467, start time is 1620653413.6018202
INFO:__main__:FuncIndex is 467, end time is 1620653413.6648204
INFO:__main__:used memory: 1 M
INFO:__main__:FuncIndex is 467, time overhead is 0.06300020217895508
INFO:__main__:FuncIndex is 468, start time is 1620653413.6673372
INFO:__main__:[exception] used memory: 0 M
INFO:__main__:[exception] FuncIndex is 468, time overhead is 0.0011067390441894531
INFO:__main__:FuncIndex is 469, start time is 1620653413.668747
INFO:__main__:FuncIndex is 469, end time is 1620653413.6935062
INFO:__main__:used memory: 1 M
INFO:__main__:FuncIndex is 469, time overhead is 0.024759292602539062
INFO:__main__:FuncIndex is 470, start time is 1620653413.6940975
INFO:root:fpSqrt() missing 1 required positional argument: 'a'
INFO:__main__:FuncIndex is 470, end time is 1620653413.725651
INFO:__main__:used memory: -1 M
INFO:__main__:FuncIndex is 470, time overhead is 0.03155350685119629
INFO:__main__:FuncIndex is 471, start time is 1620653413.7262452
INFO:__main__:FuncIndex is 471, end time is 1620653415.9040236
INFO:__main__:used memory: 8 M
INFO:__main__:FuncIndex is 471, time overhead is 2.177778482437134
INFO:__main__:FuncIndex is 472, start time is 1620653415.9063911
INFO:__main__:FuncIndex is 472, end time is 1620653415.93548
INFO:__main__:used memory: 1 M
INFO:__main__:FuncIndex is 472, time overhead is 0.029088973999023438
INFO:__main__:FuncIndex is 473, start time is 1620653415.9361725
INFO:__main__:FuncIndex is 473, end time is 1620653415.9838154
INFO:__main__:used memory: -1 M
INFO:__main__:FuncIndex is 473, time overhead is 0.04764294624328613
INFO:__main__:FuncIndex is 474, start time is 1620653415.98649
INFO:__main__:FuncIndex is 474, end time is 1620653416.0403092
INFO:__main__:used memory: 0 M
INFO:__main__:FuncIndex is 474, time overhead is 0.05381917953491211
INFO:__main__:All time: 91.97996973991394
