INFO:root:reached unreachable
INFO:__main__:used memory: 4 M
INFO:__main__:FuncIndex is 8, time overhead is 0.0579376220703125
INFO:root:sort mismatch
INFO:root:sort mismatch
INFO:root:sort mismatch
INFO:__main__:used memory: 8 M
INFO:__main__:FuncIndex is 9, time overhead is 0.39243316650390625
INFO:__main__:used memory: 60 M
INFO:__main__:FuncIndex is 10, time overhead is 17.243892431259155
INFO:root:unsupport call_indirect now
INFO:root:reached unreachable
INFO:__main__:used memory: 1 M
INFO:__main__:FuncIndex is 11, time overhead is 0.04833102226257324
INFO:__main__:used memory: -43 M
INFO:__main__:FuncIndex is 12, time overhead is 1.63671875
INFO:root:reached unreachable
INFO:__main__:used memory: 2 M
INFO:__main__:FuncIndex is 13, time overhead is 0.021894216537475586
INFO:__main__:used memory: -1 M
INFO:__main__:FuncIndex is 14, time overhead is 0.02734208106994629
INFO:root:reached unreachable
INFO:__main__:used memory: -1 M
INFO:__main__:FuncIndex is 15, time overhead is 0.04517722129821777
INFO:__main__:used memory: 2 M
INFO:__main__:FuncIndex is 16, time overhead is 0.025281667709350586
INFO:__main__:used memory: -2 M
INFO:__main__:FuncIndex is 17, time overhead is 0.13328981399536133
INFO:__main__:used memory: 1 M
INFO:__main__:FuncIndex is 18, time overhead is 0.034210920333862305
INFO:__main__:used memory: 0 M
INFO:__main__:FuncIndex is 19, time overhead is 0.08291029930114746
INFO:root:unsupport call_indirect now
INFO:__main__:[exception] used memory: 28 M
INFO:__main__:[exception] FuncIndex is 20, time overhead is 185.53794860839844
INFO:root:fpMul() missing 2 required positional arguments: 'a' and 'b'
INFO:__main__:used memory: 1 M
INFO:__main__:FuncIndex is 21, time overhead is 0.024862289428710938
INFO:root:fpMul() missing 2 required positional arguments: 'a' and 'b'
INFO:__main__:used memory: -1 M
INFO:__main__:FuncIndex is 22, time overhead is 0.023526668548583984
INFO:root:unsupport call_indirect now
INFO:__main__:used memory: 0 M
INFO:__main__:FuncIndex is 23, time overhead is 0.030665159225463867
INFO:__main__:[exception] used memory: 0 M
INFO:__main__:[exception] FuncIndex is 24, time overhead is 1.067533016204834
INFO:root:unsupport call_indirect now
INFO:__main__:used memory: 0 M
INFO:__main__:FuncIndex is 25, time overhead is 0.02387261390686035
INFO:__main__:used memory: -1 M
INFO:__main__:FuncIndex is 26, time overhead is 0.3882102966308594
INFO:__main__:used memory: 0 M
INFO:__main__:FuncIndex is 27, time overhead is 0.039496421813964844
INFO:__main__:used memory: -1 M
INFO:__main__:FuncIndex is 28, time overhead is 0.15001392364501953
INFO:__main__:used memory: 2 M
INFO:__main__:FuncIndex is 29, time overhead is 0.02545905113220215
INFO:root:sort mismatch
INFO:__main__:used memory: -1 M
INFO:__main__:FuncIndex is 30, time overhead is 0.029504776000976562
INFO:root:unsupport call_indirect now
INFO:__main__:used memory: 0 M
INFO:__main__:FuncIndex is 31, time overhead is 0.04593014717102051
INFO:root:b'Sorts (_ BitVec 32) and (_ BitVec 64) are incompatible'
INFO:__main__:used memory: 0 M
INFO:__main__:FuncIndex is 32, time overhead is 0.0362248420715332
INFO:__main__:used memory: -1 M
INFO:__main__:FuncIndex is 33, time overhead is 0.08424711227416992
INFO:root:b'Sorts (_ BitVec 32) and (_ BitVec 64) are incompatible'
INFO:__main__:used memory: 1 M
INFO:__main__:FuncIndex is 34, time overhead is 0.02509164810180664
INFO:__main__:used memory: -1 M
INFO:__main__:FuncIndex is 35, time overhead is 0.08585715293884277
INFO:root:fpMul() missing 2 required positional arguments: 'a' and 'b'
INFO:root:fpMul() missing 2 required positional arguments: 'a' and 'b'
INFO:root:fpMul() missing 2 required positional arguments: 'a' and 'b'
INFO:__main__:used memory: 1 M
INFO:__main__:FuncIndex is 36, time overhead is 0.04527616500854492
INFO:root:b'Sorts (_ BitVec 32) and (_ BitVec 64) are incompatible'
INFO:__main__:used memory: -1 M
INFO:__main__:FuncIndex is 37, time overhead is 0.05031776428222656
INFO:root:b'Sorts (_ BitVec 32) and (_ BitVec 64) are incompatible'
INFO:__main__:used memory: 1 M
INFO:__main__:FuncIndex is 38, time overhead is 0.05719423294067383
INFO:root:fpMul() missing 2 required positional arguments: 'a' and 'b'
INFO:__main__:used memory: 1 M
INFO:__main__:FuncIndex is 39, time overhead is 0.021538496017456055
INFO:root:fpMul() missing 2 required positional arguments: 'a' and 'b'
INFO:__main__:used memory: 1 M
INFO:__main__:FuncIndex is 40, time overhead is 0.022211790084838867
INFO:root:sort mismatch
INFO:__main__:used memory: 0 M
INFO:__main__:FuncIndex is 41, time overhead is 0.025345563888549805
INFO:root:unsupport call_indirect now
INFO:__main__:used memory: -1 M
INFO:__main__:FuncIndex is 42, time overhead is 0.05449080467224121
INFO:root:b'Argument (bvand #x0000000000000000 #x00000000ffffffff) at position 1 does not match declaration (declare-fun bvsge ((_ BitVec 32) (_ BitVec 32)) Bool)'
INFO:root:b'Argument (bvand #x0000000000000000 #x00000000ffffffff) at position 1 does not match declaration (declare-fun bvslt ((_ BitVec 32) (_ BitVec 32)) Bool)'
INFO:root:b'Argument ((_ int2bv 32) (bv2int (bvsmod #x0000000000000000 #x000000001194d7ff))) at position 1 does not match declaration (declare-fun bvsle ((_ BitVec 64) (_ BitVec 64)) Bool)'
INFO:__main__:used memory: 0 M
INFO:__main__:FuncIndex is 43, time overhead is 0.09925484657287598
INFO:root:
INFO:root:
INFO:root:
INFO:__main__:used memory: 1 M
INFO:__main__:FuncIndex is 44, time overhead is 0.08446359634399414
INFO:root:sort mismatch
INFO:root:unsupported operand type(s) for &: 'ArithRef' and 'int'
INFO:root:sort mismatch
INFO:__main__:used memory: 62 M
INFO:__main__:FuncIndex is 45, time overhead is 3.1000218391418457
INFO:__main__:used memory: 2 M
INFO:__main__:FuncIndex is 46, time overhead is 0.06697845458984375
INFO:__main__:used memory: 4 M
INFO:__main__:FuncIndex is 47, time overhead is 0.06796002388000488
INFO:__main__:used memory: 3 M
INFO:__main__:FuncIndex is 48, time overhead is 0.05318784713745117
INFO:__main__:used memory: 2 M
INFO:__main__:FuncIndex is 49, time overhead is 0.0497288703918457
INFO:root:reached unreachable
INFO:root:reached unreachable
INFO:__main__:used memory: 10 M
INFO:__main__:FuncIndex is 50, time overhead is 0.6846141815185547
INFO:__main__:[exception] used memory: 0 M
INFO:__main__:[exception] FuncIndex is 51, time overhead is 0.06699013710021973
INFO:__main__:[exception] used memory: 0 M
INFO:__main__:[exception] FuncIndex is 52, time overhead is 0.004613637924194336
INFO:__main__:[exception] used memory: 0 M
INFO:__main__:[exception] FuncIndex is 53, time overhead is 0.002668619155883789
INFO:__main__:used memory: 3 M
INFO:__main__:FuncIndex is 54, time overhead is 0.05183911323547363
INFO:__main__:used memory: 1 M
INFO:__main__:FuncIndex is 55, time overhead is 0.05172109603881836
INFO:__main__:used memory: 0 M
INFO:__main__:FuncIndex is 56, time overhead is 0.05138564109802246
INFO:__main__:used memory: 77 M
INFO:__main__:FuncIndex is 57, time overhead is 13.748185157775879
INFO:root:sort mismatch
INFO:root:sort mismatch
INFO:__main__:used memory: 29 M
INFO:__main__:FuncIndex is 58, time overhead is 7.021699905395508
INFO:root:sort mismatch
INFO:__main__:used memory: 0 M
INFO:__main__:FuncIndex is 59, time overhead is 0.03141927719116211
INFO:__main__:used memory: -1 M
INFO:__main__:FuncIndex is 60, time overhead is 0.11701321601867676
INFO:__main__:used memory: 319 M
INFO:__main__:FuncIndex is 61, time overhead is 7.168446779251099
INFO:__main__:used memory: 1 M
INFO:__main__:FuncIndex is 62, time overhead is 0.04255080223083496
INFO:__main__:[exception] used memory: 12 M
INFO:__main__:[exception] FuncIndex is 63, time overhead is 1.4706189632415771
INFO:__main__:[exception] used memory: 21 M
INFO:__main__:[exception] FuncIndex is 64, time overhead is 1.5494370460510254
INFO:__main__:used memory: 7 M
INFO:__main__:FuncIndex is 65, time overhead is 0.23149347305297852
INFO:__main__:used memory: 2 M
INFO:__main__:FuncIndex is 66, time overhead is 0.047675132751464844
INFO:__main__:used memory: 0 M
INFO:__main__:FuncIndex is 67, time overhead is 0.035761356353759766
INFO:__main__:used memory: 2 M
INFO:__main__:FuncIndex is 68, time overhead is 0.03439640998840332
INFO:root:sort mismatch
INFO:__main__:[exception] used memory: 1 M
INFO:__main__:[exception] FuncIndex is 69, time overhead is 0.2593996524810791
INFO:__main__:used memory: 1 M
INFO:__main__:FuncIndex is 70, time overhead is 0.04665708541870117
INFO:__main__:used memory: 1 M
INFO:__main__:FuncIndex is 71, time overhead is 0.04908347129821777
INFO:root:Value cannot be converted into a Z3 Boolean value
INFO:__main__:used memory: 5 M
INFO:__main__:FuncIndex is 72, time overhead is 0.0329442024230957
INFO:__main__:used memory: 4 M
INFO:__main__:FuncIndex is 73, time overhead is 0.8002645969390869
INFO:__main__:used memory: -336 M
INFO:__main__:FuncIndex is 74, time overhead is 0.9130072593688965
INFO:__main__:used memory: 192 M
INFO:__main__:FuncIndex is 75, time overhead is 1.0204365253448486
INFO:__main__:used memory: 34 M
INFO:__main__:FuncIndex is 76, time overhead is 1.1677985191345215
INFO:root:sort mismatch
INFO:__main__:used memory: 0 M
INFO:__main__:FuncIndex is 77, time overhead is 0.03556394577026367
INFO:root:sort mismatch
INFO:root:sort mismatch
INFO:root:sort mismatch
INFO:root:Timed out!
INFO:__main__:[exception] used memory: 188 M
INFO:__main__:[exception] FuncIndex is 78, time overhead is 10.034274101257324
INFO:__main__:used memory: 0 M
INFO:__main__:FuncIndex is 79, time overhead is 0.027755260467529297
INFO:root:reached unreachable
INFO:__main__:[exception] used memory: -160 M
INFO:__main__:[exception] FuncIndex is 80, time overhead is 10.000261783599854
INFO:root:reached unreachable
INFO:__main__:used memory: 0 M
INFO:__main__:FuncIndex is 81, time overhead is 0.02769327163696289
INFO:__main__:used memory: 0 M
INFO:__main__:FuncIndex is 82, time overhead is 0.04004049301147461
INFO:root:sort mismatch
INFO:root:sort mismatch
INFO:root:sort mismatch
INFO:root:sort mismatch
INFO:__main__:used memory: 0 M
INFO:__main__:FuncIndex is 83, time overhead is 0.10208582878112793
INFO:root:fpMul() missing 2 required positional arguments: 'a' and 'b'
INFO:root:fpMul() missing 2 required positional arguments: 'a' and 'b'
INFO:root:fpMul() missing 2 required positional arguments: 'a' and 'b'
INFO:root:fpMul() missing 2 required positional arguments: 'a' and 'b'
INFO:root:fpMul() missing 2 required positional arguments: 'a' and 'b'
INFO:root:fpMul() missing 2 required positional arguments: 'a' and 'b'
INFO:root:fpMul() missing 2 required positional arguments: 'a' and 'b'
INFO:root:fpMul() missing 2 required positional arguments: 'a' and 'b'
INFO:root:fpMul() missing 2 required positional arguments: 'a' and 'b'
INFO:__main__:used memory: 34 M
INFO:__main__:FuncIndex is 84, time overhead is 4.082163333892822
INFO:root:sort mismatch
INFO:__main__:used memory: 1 M
INFO:__main__:FuncIndex is 85, time overhead is 0.06398200988769531
INFO:root:sort mismatch
INFO:__main__:used memory: 4 M
INFO:__main__:FuncIndex is 86, time overhead is 0.039650917053222656
INFO:root:sort mismatch
INFO:__main__:used memory: 1 M
INFO:__main__:FuncIndex is 87, time overhead is 0.054659128189086914
INFO:root:sort mismatch
INFO:__main__:used memory: 0 M
INFO:__main__:FuncIndex is 88, time overhead is 0.037320852279663086
INFO:root:b'Sorts (_ BitVec 32) and (_ BitVec 64) are incompatible'
INFO:__main__:used memory: 0 M
INFO:__main__:FuncIndex is 89, time overhead is 0.035584449768066406
INFO:__main__:used memory: 0 M
INFO:__main__:FuncIndex is 90, time overhead is 0.03141355514526367
INFO:__main__:[exception] used memory: 0 M
INFO:__main__:[exception] FuncIndex is 91, time overhead is 0.02074909210205078
INFO:__main__:used memory: 0 M
INFO:__main__:FuncIndex is 92, time overhead is 0.05083632469177246
INFO:__main__:used memory: -1 M
INFO:__main__:FuncIndex is 93, time overhead is 0.18609380722045898
INFO:__main__:[exception] used memory: 15 M
INFO:__main__:[exception] FuncIndex is 94, time overhead is 1.226088523864746
INFO:__main__:used memory: -69 M
INFO:__main__:FuncIndex is 95, time overhead is 0.4880506992340088
INFO:__main__:used memory: -26 M
INFO:__main__:FuncIndex is 96, time overhead is 0.04118847846984863
INFO:__main__:used memory: 3 M
INFO:__main__:FuncIndex is 97, time overhead is 0.04605293273925781
INFO:root:sort mismatch
INFO:__main__:used memory: 1 M
INFO:__main__:FuncIndex is 98, time overhead is 0.04135417938232422
INFO:root:unsupport call_indirect now
INFO:__main__:used memory: 1 M
INFO:__main__:FuncIndex is 99, time overhead is 0.03676795959472656
INFO:__main__:[exception] used memory: -185 M
INFO:__main__:[exception] FuncIndex is 100, time overhead is 0.06430530548095703
INFO:__main__:used memory: 11 M
INFO:__main__:FuncIndex is 101, time overhead is 0.10355448722839355
INFO:__main__:used memory: 66 M
INFO:__main__:FuncIndex is 102, time overhead is 0.17078447341918945
INFO:root:reached unreachable
INFO:root:reached unreachable
INFO:root:reached unreachable
INFO:__main__:[exception] used memory: 104 M
INFO:__main__:[exception] FuncIndex is 103, time overhead is 0.5075893402099609
INFO:root:First argument must be a Z3 bit-vector expression
INFO:__main__:used memory: 0 M
INFO:__main__:FuncIndex is 104, time overhead is 0.08942890167236328
INFO:root:reached unreachable
INFO:root:Value cannot be converted into a Z3 Boolean value
INFO:root:Value cannot be converted into a Z3 Boolean value
INFO:root:Value cannot be converted into a Z3 Boolean value
INFO:root:Value cannot be converted into a Z3 Boolean value
INFO:root:Value cannot be converted into a Z3 Boolean value
INFO:root:Value cannot be converted into a Z3 Boolean value
INFO:root:Value cannot be converted into a Z3 Boolean value
INFO:root:Value cannot be converted into a Z3 Boolean value
INFO:root:Value cannot be converted into a Z3 Boolean value
INFO:root:Value cannot be converted into a Z3 Boolean value
INFO:root:Value cannot be converted into a Z3 Boolean value
INFO:root:Value cannot be converted into a Z3 Boolean value
INFO:__main__:used memory: 56 M
INFO:__main__:FuncIndex is 105, time overhead is 4.007638692855835
INFO:root:sort mismatch
INFO:__main__:used memory: 57 M
INFO:__main__:FuncIndex is 106, time overhead is 1.2658987045288086
INFO:root:
INFO:root:
INFO:root:
INFO:root:
INFO:root:
INFO:root:
INFO:__main__:used memory: -86 M
INFO:__main__:FuncIndex is 107, time overhead is 25.195054292678833
INFO:root:reached unreachable
INFO:root:reached unreachable
INFO:root:reached unreachable
INFO:root:reached unreachable
INFO:root:reached unreachable
INFO:__main__:[exception] used memory: -195 M
INFO:__main__:[exception] FuncIndex is 108, time overhead is 99.91942071914673
INFO:__main__:[exception] used memory: 56 M
INFO:__main__:[exception] FuncIndex is 109, time overhead is 63.40677809715271
INFO:__main__:used memory: 0 M
INFO:__main__:FuncIndex is 110, time overhead is 0.18207645416259766
INFO:root:First argument must be a Z3 bit-vector expression
INFO:__main__:used memory: 0 M
INFO:__main__:FuncIndex is 111, time overhead is 0.12447023391723633
INFO:__main__:used memory: 0 M
INFO:__main__:FuncIndex is 112, time overhead is 0.1377260684967041
INFO:__main__:[exception] used memory: 0 M
INFO:__main__:[exception] FuncIndex is 113, time overhead is 0.0012662410736083984
INFO:__main__:[exception] used memory: 0 M
INFO:__main__:[exception] FuncIndex is 114, time overhead is 0.002046346664428711
INFO:__main__:[exception] used memory: 0 M
INFO:__main__:[exception] FuncIndex is 115, time overhead is 0.001383066177368164
INFO:__main__:used memory: 0 M
INFO:__main__:FuncIndex is 116, time overhead is 0.08414268493652344
INFO:__main__:used memory: 0 M
INFO:__main__:FuncIndex is 117, time overhead is 0.03249549865722656
INFO:__main__:used memory: 0 M
INFO:__main__:FuncIndex is 118, time overhead is 0.04657435417175293
INFO:root:reached unreachable
INFO:__main__:[exception] used memory: -1 M
INFO:__main__:[exception] FuncIndex is 119, time overhead is 0.05205821990966797
INFO:root:fpSqrt() missing 1 required positional argument: 'a'
INFO:__main__:used memory: 1 M
INFO:__main__:FuncIndex is 120, time overhead is 0.039928436279296875
INFO:__main__:used memory: 0 M
INFO:__main__:FuncIndex is 121, time overhead is 0.031534433364868164
INFO:root:reached unreachable
INFO:root:First argument must be a Z3 bit-vector expression
INFO:root:First argument must be a Z3 bit-vector expression
INFO:root:First argument must be a Z3 bit-vector expression
INFO:root:First argument must be a Z3 bit-vector expression
INFO:__main__:used memory: 0 M
INFO:__main__:FuncIndex is 122, time overhead is 1.3350803852081299
INFO:root:reached unreachable
INFO:root:reached unreachable
INFO:__main__:used memory: 20 M
INFO:__main__:FuncIndex is 123, time overhead is 8.502974033355713
INFO:__main__:used memory: -10 M
INFO:__main__:FuncIndex is 124, time overhead is 2.5880892276763916
INFO:__main__:used memory: -2 M
INFO:__main__:FuncIndex is 125, time overhead is 0.036470651626586914
INFO:root:First argument must be a Z3 bit-vector expression
INFO:__main__:used memory: 0 M
INFO:__main__:FuncIndex is 126, time overhead is 0.08258843421936035
INFO:__main__:used memory: -1 M
INFO:__main__:FuncIndex is 127, time overhead is 0.02824711799621582
INFO:__main__:used memory: 0 M
INFO:__main__:FuncIndex is 128, time overhead is 0.02987980842590332
INFO:__main__:[exception] used memory: 0 M
INFO:__main__:[exception] FuncIndex is 129, time overhead is 0.0012149810791015625
INFO:__main__:[exception] used memory: 0 M
INFO:__main__:[exception] FuncIndex is 130, time overhead is 0.0008981227874755859
INFO:__main__:used memory: 0 M
INFO:__main__:FuncIndex is 131, time overhead is 0.02965855598449707
INFO:__main__:[exception] used memory: 0 M
INFO:__main__:[exception] FuncIndex is 132, time overhead is 0.0012021064758300781
INFO:root:reached unreachable
INFO:__main__:[exception] used memory: 0 M
INFO:__main__:[exception] FuncIndex is 133, time overhead is 0.12802386283874512
INFO:__main__:used memory: 0 M
INFO:__main__:FuncIndex is 134, time overhead is 0.026250123977661133
INFO:__main__:used memory: 0 M
INFO:__main__:FuncIndex is 135, time overhead is 0.05808591842651367
INFO:__main__:used memory: 0 M
INFO:__main__:FuncIndex is 136, time overhead is 0.054102420806884766
INFO:__main__:[exception] used memory: 0 M
INFO:__main__:[exception] FuncIndex is 137, time overhead is 0.0011146068572998047
INFO:__main__:used memory: 1 M
INFO:__main__:FuncIndex is 138, time overhead is 0.03137922286987305
INFO:__main__:used memory: 0 M
INFO:__main__:FuncIndex is 139, time overhead is 0.032247304916381836
INFO:__main__:used memory: -1 M
INFO:__main__:FuncIndex is 140, time overhead is 0.031288862228393555
INFO:__main__:used memory: 1 M
INFO:__main__:FuncIndex is 141, time overhead is 0.02891397476196289
INFO:__main__:[exception] used memory: 0 M
INFO:__main__:[exception] FuncIndex is 142, time overhead is 0.0011181831359863281
INFO:root:reached unreachable
INFO:__main__:[exception] used memory: 0 M
INFO:__main__:[exception] FuncIndex is 143, time overhead is 0.12079024314880371
INFO:__main__:used memory: 0 M
INFO:__main__:FuncIndex is 144, time overhead is 0.024335384368896484
INFO:__main__:[exception] used memory: -1 M
INFO:__main__:[exception] FuncIndex is 145, time overhead is 0.0014238357543945312
INFO:__main__:used memory: 8 M
INFO:__main__:FuncIndex is 146, time overhead is 0.4917793273925781
INFO:root:First argument must be a Z3 bit-vector expression
INFO:__main__:used memory: 1 M
INFO:__main__:FuncIndex is 147, time overhead is 0.03191494941711426
INFO:__main__:[exception] used memory: 0 M
INFO:__main__:[exception] FuncIndex is 148, time overhead is 0.00115966796875
INFO:__main__:used memory: 0 M
INFO:__main__:FuncIndex is 149, time overhead is 0.6937341690063477
INFO:__main__:used memory: 1 M
INFO:__main__:FuncIndex is 150, time overhead is 0.03292989730834961
INFO:__main__:used memory: -1 M
INFO:__main__:FuncIndex is 151, time overhead is 0.5245673656463623
INFO:__main__:used memory: 0 M
INFO:__main__:FuncIndex is 152, time overhead is 0.07037639617919922
INFO:__main__:used memory: 0 M
INFO:__main__:FuncIndex is 153, time overhead is 0.04791402816772461
INFO:__main__:[exception] used memory: 0 M
INFO:__main__:[exception] FuncIndex is 154, time overhead is 0.00106048583984375
INFO:root:First argument must be a Z3 bit-vector expression
INFO:__main__:used memory: 1 M
INFO:__main__:FuncIndex is 155, time overhead is 0.08102273941040039
INFO:__main__:[exception] used memory: 0 M
INFO:__main__:[exception] FuncIndex is 156, time overhead is 0.0009641647338867188
INFO:__main__:used memory: 0 M
INFO:__main__:FuncIndex is 157, time overhead is 0.030833721160888672
INFO:__main__:[exception] used memory: 0 M
INFO:__main__:[exception] FuncIndex is 158, time overhead is 0.0010912418365478516
INFO:__main__:[exception] used memory: 0 M
INFO:__main__:[exception] FuncIndex is 159, time overhead is 0.0009429454803466797
INFO:root:reached unreachable
INFO:__main__:[exception] used memory: 0 M
INFO:__main__:[exception] FuncIndex is 160, time overhead is 0.04780244827270508
INFO:root:reached unreachable
INFO:__main__:[exception] used memory: 0 M
INFO:__main__:[exception] FuncIndex is 161, time overhead is 0.10188984870910645
INFO:__main__:used memory: 0 M
INFO:__main__:FuncIndex is 162, time overhead is 0.042652130126953125
INFO:__main__:used memory: 0 M
INFO:__main__:FuncIndex is 163, time overhead is 0.04459357261657715
INFO:root:b'Argument #x00000000 at position 1 does not match declaration (declare-fun bvadd ((_ BitVec 64) (_ BitVec 64)) (_ BitVec 64))'
INFO:root:b'Argument #x00000000 at position 1 does not match declaration (declare-fun bvadd ((_ BitVec 64) (_ BitVec 64)) (_ BitVec 64))'
INFO:root:b'Argument #x00000000 at position 1 does not match declaration (declare-fun bvadd ((_ BitVec 64) (_ BitVec 64)) (_ BitVec 64))'
INFO:root:b'Argument #x00000000 at position 1 does not match declaration (declare-fun bvadd ((_ BitVec 64) (_ BitVec 64)) (_ BitVec 64))'
INFO:__main__:used memory: -8 M
INFO:__main__:FuncIndex is 164, time overhead is 0.6024842262268066
INFO:__main__:[exception] used memory: 0 M
INFO:__main__:[exception] FuncIndex is 165, time overhead is 0.0014185905456542969
INFO:root:First argument must be a Z3 bit-vector expression
INFO:__main__:used memory: 0 M
INFO:__main__:FuncIndex is 166, time overhead is 0.1167595386505127
INFO:__main__:used memory: 1 M
INFO:__main__:FuncIndex is 167, time overhead is 0.028285503387451172
INFO:__main__:used memory: 24 M
INFO:__main__:FuncIndex is 168, time overhead is 13.65110468864441
INFO:__main__:used memory: 0 M
INFO:__main__:FuncIndex is 169, time overhead is 0.054100751876831055
INFO:__main__:used memory: 1 M
INFO:__main__:FuncIndex is 170, time overhead is 0.027643203735351562
INFO:__main__:used memory: 0 M
INFO:__main__:FuncIndex is 171, time overhead is 0.025327205657958984
INFO:__main__:used memory: 0 M
INFO:__main__:FuncIndex is 172, time overhead is 0.024343252182006836
INFO:root:unsupport call_indirect now
INFO:root:unsupport call_indirect now
INFO:__main__:[exception] used memory: -1 M
INFO:__main__:[exception] FuncIndex is 173, time overhead is 1.607466459274292
INFO:__main__:used memory: 0 M
INFO:__main__:FuncIndex is 174, time overhead is 0.09025144577026367
INFO:__main__:[exception] used memory: 0 M
INFO:__main__:[exception] FuncIndex is 175, time overhead is 0.0010542869567871094
INFO:root:b'Sorts (_ BitVec 32) and (_ BitVec 64) are incompatible'
INFO:__main__:used memory: 1 M
INFO:__main__:FuncIndex is 176, time overhead is 0.03286170959472656
INFO:root:
INFO:__main__:used memory: -1 M
INFO:__main__:FuncIndex is 177, time overhead is 0.027339696884155273
INFO:root:sort mismatch
INFO:root:sort mismatch
INFO:root:sort mismatch
INFO:__main__:used memory: -31 M
INFO:__main__:FuncIndex is 178, time overhead is 4.164117336273193
INFO:__main__:used memory: -1 M
INFO:__main__:FuncIndex is 179, time overhead is 0.10263681411743164
INFO:__main__:used memory: 0 M
INFO:__main__:FuncIndex is 180, time overhead is 0.02334427833557129
INFO:__main__:used memory: 0 M
INFO:__main__:FuncIndex is 181, time overhead is 0.03888702392578125
INFO:__main__:used memory: 0 M
INFO:__main__:FuncIndex is 182, time overhead is 0.047827959060668945
INFO:__main__:used memory: 1 M
INFO:__main__:FuncIndex is 183, time overhead is 0.13990259170532227
INFO:__main__:used memory: 0 M
INFO:__main__:FuncIndex is 184, time overhead is 0.02880382537841797
INFO:root:reached unreachable
INFO:root:reached unreachable
INFO:root:reached unreachable
INFO:root:reached unreachable
INFO:root:reached unreachable
INFO:root:reached unreachable
INFO:root:reached unreachable
INFO:__main__:[exception] used memory: 0 M
INFO:__main__:[exception] FuncIndex is 185, time overhead is 1.2016549110412598
INFO:root:sort mismatch
INFO:__main__:used memory: 0 M
INFO:__main__:FuncIndex is 186, time overhead is 0.0334932804107666
INFO:root:sort mismatch
INFO:__main__:used memory: 0 M
INFO:__main__:FuncIndex is 187, time overhead is 0.06419038772583008
INFO:__main__:used memory: 1 M
INFO:__main__:FuncIndex is 188, time overhead is 0.028519153594970703
INFO:root:b'Sorts (_ BitVec 32) and (_ BitVec 64) are incompatible'
INFO:__main__:used memory: -1 M
INFO:__main__:FuncIndex is 189, time overhead is 0.03279399871826172
INFO:root:b'Sorts (_ BitVec 32) and (_ BitVec 64) are incompatible'
INFO:__main__:used memory: 0 M
INFO:__main__:FuncIndex is 190, time overhead is 0.0335237979888916
INFO:__main__:used memory: 6 M
INFO:__main__:FuncIndex is 191, time overhead is 7.19699239730835
INFO:root:sort mismatch
INFO:__main__:used memory: 0 M
INFO:__main__:FuncIndex is 192, time overhead is 0.0749204158782959
INFO:root:
INFO:__main__:used memory: 0 M
INFO:__main__:FuncIndex is 193, time overhead is 0.05100369453430176
INFO:__main__:used memory: 0 M
INFO:__main__:FuncIndex is 194, time overhead is 0.12739253044128418
INFO:__main__:used memory: 5 M
INFO:__main__:FuncIndex is 195, time overhead is 1.9561190605163574
INFO:__main__:used memory: 0 M
INFO:__main__:FuncIndex is 196, time overhead is 0.033006906509399414
INFO:__main__:used memory: 0 M
INFO:__main__:FuncIndex is 197, time overhead is 0.05631089210510254
INFO:root:sort mismatch
INFO:__main__:used memory: 1 M
INFO:__main__:FuncIndex is 198, time overhead is 0.04202413558959961
INFO:root:
INFO:__main__:used memory: -9 M
INFO:__main__:FuncIndex is 199, time overhead is 5.603792190551758
INFO:root:sort mismatch
INFO:__main__:used memory: 0 M
INFO:__main__:FuncIndex is 200, time overhead is 0.04135751724243164
INFO:root:sort mismatch
INFO:__main__:used memory: 1 M
INFO:__main__:FuncIndex is 201, time overhead is 0.03334403038024902
INFO:root:sort mismatch
INFO:__main__:used memory: -1 M
INFO:__main__:FuncIndex is 202, time overhead is 0.07456135749816895
INFO:__main__:[exception] used memory: 0 M
INFO:__main__:[exception] FuncIndex is 203, time overhead is 0.0010333061218261719
INFO:root:sort mismatch
INFO:__main__:used memory: 1 M
INFO:__main__:FuncIndex is 204, time overhead is 0.038486480712890625
INFO:root:sort mismatch
INFO:__main__:used memory: 0 M
INFO:__main__:FuncIndex is 205, time overhead is 0.03988528251647949
INFO:root:sort mismatch
INFO:__main__:used memory: 0 M
INFO:__main__:FuncIndex is 206, time overhead is 0.0431370735168457
INFO:__main__:used memory: 1 M
INFO:__main__:FuncIndex is 207, time overhead is 0.024178266525268555
INFO:root:First argument must be a Z3 bit-vector expression
INFO:root:First argument must be a Z3 bit-vector expression
INFO:root:First argument must be a Z3 bit-vector expression
INFO:root:First argument must be a Z3 bit-vector expression
INFO:__main__:used memory: 4 M
INFO:__main__:FuncIndex is 208, time overhead is 1.5153834819793701
INFO:__main__:used memory: 0 M
INFO:__main__:FuncIndex is 209, time overhead is 0.05958199501037598
INFO:root:b'Sorts (_ BitVec 32) and (_ BitVec 64) are incompatible'
INFO:__main__:used memory: 0 M
INFO:__main__:FuncIndex is 210, time overhead is 0.2135915756225586
INFO:root:b'Sorts (_ BitVec 32) and (_ BitVec 64) are incompatible'
INFO:__main__:used memory: 0 M
INFO:__main__:FuncIndex is 211, time overhead is 0.029867887496948242
INFO:root:b'Sorts (_ BitVec 32) and (_ BitVec 64) are incompatible'
INFO:__main__:used memory: 1 M
INFO:__main__:FuncIndex is 212, time overhead is 0.030656099319458008
INFO:root:sort mismatch
INFO:__main__:used memory: -1 M
INFO:__main__:FuncIndex is 213, time overhead is 0.03701901435852051
INFO:root:unsupport call_indirect now
INFO:root:unsupport call_indirect now
INFO:__main__:used memory: -2 M
INFO:__main__:FuncIndex is 214, time overhead is 0.33942604064941406
INFO:__main__:[exception] used memory: 0 M
INFO:__main__:[exception] FuncIndex is 215, time overhead is 0.021679401397705078
INFO:root:sort mismatch
INFO:root:sort mismatch
INFO:__main__:used memory: 9 M
INFO:__main__:FuncIndex is 216, time overhead is 6.78228759765625
INFO:__main__:used memory: 1 M
INFO:__main__:FuncIndex is 217, time overhead is 0.0719766616821289
INFO:__main__:used memory: 4 M
INFO:__main__:FuncIndex is 218, time overhead is 0.19495797157287598
INFO:root:unsupport call_indirect now
INFO:root:unsupport call_indirect now
INFO:root:unsupport call_indirect now
INFO:root:unsupport call_indirect now
INFO:root:unsupport call_indirect now
INFO:root:unsupport call_indirect now
INFO:root:unsupport call_indirect now
INFO:root:unsupport call_indirect now
INFO:root:unsupport call_indirect now
INFO:root:unsupport call_indirect now
INFO:root:unsupport call_indirect now
INFO:root:unsupport call_indirect now
INFO:__main__:used memory: 2 M
INFO:__main__:FuncIndex is 219, time overhead is 3.1173763275146484
INFO:__main__:used memory: -1 M
INFO:__main__:FuncIndex is 220, time overhead is 0.172529935836792
INFO:root:unsupport call_indirect now
INFO:root:unsupport call_indirect now
INFO:root:unsupport call_indirect now
INFO:root:unsupport call_indirect now
INFO:root:unsupport call_indirect now
INFO:root:unsupport call_indirect now
INFO:root:unsupport call_indirect now
INFO:root:unsupport call_indirect now
INFO:root:unsupport call_indirect now
INFO:root:unsupport call_indirect now
INFO:root:unsupport call_indirect now
INFO:root:unsupport call_indirect now
INFO:__main__:used memory: -16 M
INFO:__main__:FuncIndex is 221, time overhead is 2.51741099357605
INFO:root:First argument must be a Z3 bit-vector expression
INFO:__main__:used memory: 0 M
INFO:__main__:FuncIndex is 222, time overhead is 0.08071351051330566
INFO:__main__:used memory: 0 M
INFO:__main__:FuncIndex is 223, time overhead is 0.14958524703979492
INFO:__main__:[exception] used memory: 0 M
INFO:__main__:[exception] FuncIndex is 224, time overhead is 0.02332019805908203
INFO:__main__:used memory: 0 M
INFO:__main__:FuncIndex is 225, time overhead is 0.13063311576843262
INFO:root:unsupport call_indirect now
INFO:root:unsupport call_indirect now
INFO:root:unsupport call_indirect now
INFO:root:unsupport call_indirect now
INFO:root:unsupport call_indirect now
INFO:root:unsupport call_indirect now
INFO:root:unsupport call_indirect now
INFO:root:unsupport call_indirect now
INFO:root:unsupport call_indirect now
INFO:root:unsupport call_indirect now
INFO:root:unsupport call_indirect now
INFO:root:unsupport call_indirect now
INFO:__main__:used memory: 6 M
INFO:__main__:FuncIndex is 226, time overhead is 1.7359318733215332
INFO:__main__:used memory: 0 M
INFO:__main__:FuncIndex is 227, time overhead is 0.1446363925933838
INFO:root:unsupport call_indirect now
INFO:root:unsupport call_indirect now
INFO:root:unsupport call_indirect now
INFO:root:unsupport call_indirect now
INFO:root:unsupport call_indirect now
INFO:root:unsupport call_indirect now
INFO:root:unsupport call_indirect now
INFO:root:unsupport call_indirect now
INFO:root:unsupport call_indirect now
INFO:root:unsupport call_indirect now
INFO:__main__:used memory: -3 M
INFO:__main__:FuncIndex is 228, time overhead is 1.3134758472442627
INFO:__main__:used memory: -3 M
INFO:__main__:FuncIndex is 229, time overhead is 0.2529032230377197
INFO:root:unsupport call_indirect now
INFO:root:unsupport call_indirect now
INFO:root:unsupport call_indirect now
INFO:root:unsupport call_indirect now
INFO:root:unsupport call_indirect now
INFO:root:unsupport call_indirect now
INFO:root:unsupport call_indirect now
INFO:root:unsupport call_indirect now
INFO:__main__:used memory: 0 M
INFO:__main__:FuncIndex is 230, time overhead is 0.6053545475006104
INFO:__main__:used memory: 0 M
INFO:__main__:FuncIndex is 231, time overhead is 0.11268115043640137
INFO:root:unsupport call_indirect now
INFO:root:unsupport call_indirect now
INFO:root:unsupport call_indirect now
INFO:root:unsupport call_indirect now
INFO:root:unsupport call_indirect now
INFO:root:unsupport call_indirect now
INFO:root:unsupport call_indirect now
INFO:root:unsupport call_indirect now
INFO:__main__:used memory: -1 M
INFO:__main__:FuncIndex is 232, time overhead is 0.5734620094299316
INFO:__main__:used memory: 0 M
INFO:__main__:FuncIndex is 233, time overhead is 0.04141426086425781
INFO:__main__:used memory: 0 M
INFO:__main__:FuncIndex is 234, time overhead is 0.2225189208984375
INFO:root:unsupport call_indirect now
INFO:root:unsupport call_indirect now
INFO:root:unsupport call_indirect now
INFO:root:unsupport call_indirect now
INFO:__main__:used memory: 0 M
INFO:__main__:FuncIndex is 235, time overhead is 0.18004250526428223
INFO:__main__:used memory: 1 M
INFO:__main__:FuncIndex is 236, time overhead is 0.07376742362976074
INFO:root:unsupport call_indirect now
INFO:root:unsupport call_indirect now
INFO:root:unsupport call_indirect now
INFO:root:unsupport call_indirect now
INFO:__main__:used memory: 0 M
INFO:__main__:FuncIndex is 237, time overhead is 0.13349652290344238
INFO:__main__:used memory: -1 M
INFO:__main__:FuncIndex is 238, time overhead is 0.07103466987609863
INFO:root:unsupport call_indirect now
INFO:root:unsupport call_indirect now
INFO:root:unsupport call_indirect now
INFO:root:unsupport call_indirect now
INFO:root:unsupport call_indirect now
INFO:root:unsupport call_indirect now
INFO:__main__:used memory: 0 M
INFO:__main__:FuncIndex is 239, time overhead is 0.2547037601470947
INFO:__main__:used memory: 1 M
INFO:__main__:FuncIndex is 240, time overhead is 0.052715301513671875
INFO:root:unsupport call_indirect now
INFO:root:unsupport call_indirect now
INFO:root:unsupport call_indirect now
INFO:__main__:used memory: 0 M
INFO:__main__:FuncIndex is 241, time overhead is 0.08791255950927734
INFO:__main__:used memory: 1 M
INFO:__main__:FuncIndex is 242, time overhead is 0.05989193916320801
INFO:root:unsupport call_indirect now
INFO:root:unsupport call_indirect now
INFO:root:unsupport call_indirect now
INFO:__main__:used memory: 0 M
INFO:__main__:FuncIndex is 243, time overhead is 0.11128997802734375
INFO:root:sort mismatch
INFO:root:sort mismatch
INFO:__main__:used memory: -1 M
INFO:__main__:FuncIndex is 244, time overhead is 0.9697597026824951
INFO:root:fpMax() missing 1 required positional argument: 'b'
INFO:__main__:used memory: 1 M
INFO:__main__:FuncIndex is 245, time overhead is 0.060027360916137695
INFO:root:fpMax() missing 1 required positional argument: 'b'
INFO:root:fpMax() missing 1 required positional argument: 'b'
INFO:__main__:used memory: -1 M
INFO:__main__:FuncIndex is 246, time overhead is 0.05103039741516113
INFO:root:fpMax() missing 1 required positional argument: 'b'
INFO:root:fpMax() missing 1 required positional argument: 'b'
INFO:__main__:used memory: 0 M
INFO:__main__:FuncIndex is 247, time overhead is 0.05263352394104004
INFO:root:fpMax() missing 1 required positional argument: 'b'
INFO:root:fpMax() missing 1 required positional argument: 'b'
INFO:__main__:used memory: 0 M
INFO:__main__:FuncIndex is 248, time overhead is 0.05575823783874512
INFO:root:fpMax() missing 1 required positional argument: 'b'
INFO:root:fpMax() missing 1 required positional argument: 'b'
INFO:__main__:used memory: 1 M
INFO:__main__:FuncIndex is 249, time overhead is 0.04976081848144531
INFO:root:fpMax() missing 1 required positional argument: 'b'
INFO:root:fpMax() missing 1 required positional argument: 'b'
INFO:__main__:used memory: 0 M
INFO:__main__:FuncIndex is 250, time overhead is 0.04187369346618652
INFO:root:fpMax() missing 1 required positional argument: 'b'
INFO:root:fpMax() missing 1 required positional argument: 'b'
INFO:__main__:used memory: 0 M
INFO:__main__:FuncIndex is 251, time overhead is 0.04970574378967285
INFO:root:fpMax() missing 1 required positional argument: 'b'
INFO:root:fpMax() missing 1 required positional argument: 'b'
INFO:__main__:used memory: 0 M
INFO:__main__:FuncIndex is 252, time overhead is 0.05453205108642578
INFO:root:fpMin() missing 1 required positional argument: 'b'
INFO:root:fpMin() missing 1 required positional argument: 'b'
INFO:__main__:used memory: -1 M
INFO:__main__:FuncIndex is 253, time overhead is 0.04133033752441406
INFO:root:fpMin() missing 1 required positional argument: 'b'
INFO:root:fpMin() missing 1 required positional argument: 'b'
INFO:__main__:used memory: 1 M
INFO:__main__:FuncIndex is 254, time overhead is 0.04832792282104492
INFO:root:fpMax() missing 1 required positional argument: 'b'
INFO:root:fpMax() missing 1 required positional argument: 'b'
INFO:__main__:used memory: 0 M
INFO:__main__:FuncIndex is 255, time overhead is 0.04433703422546387
INFO:root:fpMax() missing 1 required positional argument: 'b'
INFO:root:fpMax() missing 1 required positional argument: 'b'
INFO:__main__:used memory: 0 M
INFO:__main__:FuncIndex is 256, time overhead is 0.04790854454040527
INFO:root:fpMax() missing 1 required positional argument: 'b'
INFO:root:fpMax() missing 1 required positional argument: 'b'
INFO:__main__:used memory: 1 M
INFO:__main__:FuncIndex is 257, time overhead is 0.04391026496887207
INFO:root:fpMax() missing 1 required positional argument: 'b'
INFO:root:fpMax() missing 1 required positional argument: 'b'
INFO:__main__:used memory: 0 M
INFO:__main__:FuncIndex is 258, time overhead is 0.05150961875915527
INFO:root:fpMax() missing 1 required positional argument: 'b'
INFO:root:fpMax() missing 1 required positional argument: 'b'
INFO:__main__:used memory: 0 M
INFO:__main__:FuncIndex is 259, time overhead is 0.04990434646606445
INFO:root:fpMax() missing 1 required positional argument: 'b'
INFO:root:fpMax() missing 1 required positional argument: 'b'
INFO:__main__:used memory: 0 M
INFO:__main__:FuncIndex is 260, time overhead is 0.055745601654052734
INFO:root:fpMax() missing 1 required positional argument: 'b'
INFO:root:fpMax() missing 1 required positional argument: 'b'
INFO:__main__:used memory: 0 M
INFO:__main__:FuncIndex is 261, time overhead is 0.04450631141662598
INFO:root:fpMax() missing 1 required positional argument: 'b'
INFO:root:fpMax() missing 1 required positional argument: 'b'
INFO:root:fpMax() missing 1 required positional argument: 'b'
INFO:__main__:used memory: -1 M
INFO:__main__:FuncIndex is 262, time overhead is 0.2576766014099121
INFO:root:fpMax() missing 1 required positional argument: 'b'
INFO:__main__:used memory: 1 M
INFO:__main__:FuncIndex is 263, time overhead is 0.2678864002227783
INFO:root:fpMax() missing 1 required positional argument: 'b'
INFO:root:fpMax() missing 1 required positional argument: 'b'
INFO:root:fpMax() missing 1 required positional argument: 'b'
INFO:root:fpMax() missing 1 required positional argument: 'b'
INFO:__main__:used memory: 0 M
INFO:__main__:FuncIndex is 264, time overhead is 7.3422322273254395
INFO:__main__:used memory: 0 M
INFO:__main__:FuncIndex is 265, time overhead is 0.03499031066894531
INFO:root:fpMax() missing 1 required positional argument: 'b'
INFO:__main__:used memory: 0 M
INFO:__main__:FuncIndex is 266, time overhead is 0.07139182090759277
INFO:__main__:used memory: -1 M
INFO:__main__:FuncIndex is 267, time overhead is 6.358723878860474
INFO:root:fpMax() missing 1 required positional argument: 'b'
INFO:root:fpMax() missing 1 required positional argument: 'b'
INFO:__main__:used memory: 0 M
INFO:__main__:FuncIndex is 268, time overhead is 1.1735100746154785
INFO:root:fpMax() missing 1 required positional argument: 'b'
INFO:root:fpMax() missing 1 required positional argument: 'b'
INFO:__main__:used memory: 1 M
INFO:__main__:FuncIndex is 269, time overhead is 1.1405353546142578
INFO:__main__:used memory: -2 M
INFO:__main__:FuncIndex is 270, time overhead is 2.221254825592041
INFO:root:fpMax() missing 1 required positional argument: 'b'
INFO:root:fpMax() missing 1 required positional argument: 'b'
INFO:__main__:used memory: 1 M
INFO:__main__:FuncIndex is 271, time overhead is 0.6106069087982178
INFO:__main__:used memory: 0 M
INFO:__main__:FuncIndex is 272, time overhead is 0.7480571269989014
INFO:root:fpMax() missing 1 required positional argument: 'b'
INFO:root:fpMax() missing 1 required positional argument: 'b'
INFO:__main__:used memory: -1 M
INFO:__main__:FuncIndex is 273, time overhead is 0.21012091636657715
INFO:root:fpMax() missing 1 required positional argument: 'b'
INFO:root:fpMax() missing 1 required positional argument: 'b'
INFO:__main__:used memory: 0 M
INFO:__main__:FuncIndex is 274, time overhead is 0.20371770858764648
INFO:root:fpMax() missing 1 required positional argument: 'b'
INFO:root:fpMax() missing 1 required positional argument: 'b'
INFO:__main__:used memory: 0 M
INFO:__main__:FuncIndex is 275, time overhead is 0.04799604415893555
INFO:__main__:used memory: 0 M
INFO:__main__:FuncIndex is 276, time overhead is 0.034349679946899414
INFO:__main__:used memory: 0 M
INFO:__main__:FuncIndex is 277, time overhead is 9.8423011302948
INFO:root:fpMax() missing 1 required positional argument: 'b'
INFO:root:fpMax() missing 1 required positional argument: 'b'
INFO:__main__:used memory: 1 M
INFO:__main__:FuncIndex is 278, time overhead is 1.6372101306915283
INFO:root:fpMax() missing 1 required positional argument: 'b'
INFO:root:fpMax() missing 1 required positional argument: 'b'
INFO:__main__:used memory: -1 M
INFO:__main__:FuncIndex is 279, time overhead is 1.6027352809906006
INFO:__main__:used memory: 0 M
INFO:__main__:FuncIndex is 280, time overhead is 4.692004680633545
INFO:root:fpMax() missing 1 required positional argument: 'b'
INFO:root:fpMax() missing 1 required positional argument: 'b'
INFO:__main__:used memory: 1 M
INFO:__main__:FuncIndex is 281, time overhead is 1.1963939666748047
INFO:__main__:used memory: 0 M
INFO:__main__:FuncIndex is 282, time overhead is 0.506007194519043
INFO:root:fpMax() missing 1 required positional argument: 'b'
INFO:root:fpMax() missing 1 required positional argument: 'b'
INFO:__main__:used memory: 0 M
INFO:__main__:FuncIndex is 283, time overhead is 0.12235474586486816
INFO:root:fpMax() missing 1 required positional argument: 'b'
INFO:root:fpMax() missing 1 required positional argument: 'b'
INFO:__main__:used memory: -1 M
INFO:__main__:FuncIndex is 284, time overhead is 0.12398576736450195
INFO:root:fpMax() missing 1 required positional argument: 'b'
INFO:__main__:used memory: 1 M
INFO:__main__:FuncIndex is 285, time overhead is 0.31862831115722656
INFO:root:fpMax() missing 1 required positional argument: 'b'
INFO:root:Timed out!
INFO:root:fpMax() missing 1 required positional argument: 'b'
INFO:root:fpMax() missing 1 required positional argument: 'b'
INFO:__main__:used memory: -1 M
INFO:__main__:FuncIndex is 286, time overhead is 68.56546020507812
INFO:__main__:used memory: 1 M
INFO:__main__:FuncIndex is 287, time overhead is 0.04749321937561035
INFO:__main__:used memory: 4 M
INFO:__main__:FuncIndex is 288, time overhead is 5.36342453956604
INFO:root:fpMax() missing 1 required positional argument: 'b'
INFO:__main__:used memory: -3 M
INFO:__main__:FuncIndex is 289, time overhead is 0.5669679641723633
INFO:__main__:used memory: 0 M
INFO:__main__:FuncIndex is 290, time overhead is 1.058523178100586
INFO:root:fpMax() missing 1 required positional argument: 'b'
INFO:__main__:used memory: -1 M
INFO:__main__:FuncIndex is 291, time overhead is 0.2338414192199707
INFO:__main__:used memory: 0 M
INFO:__main__:FuncIndex is 292, time overhead is 0.4524085521697998
INFO:root:fpMax() missing 1 required positional argument: 'b'
INFO:__main__:used memory: 0 M
INFO:__main__:FuncIndex is 293, time overhead is 0.0624852180480957
INFO:root:fpMax() missing 1 required positional argument: 'b'
INFO:root:fpMax() missing 1 required positional argument: 'b'
INFO:__main__:used memory: 0 M
INFO:__main__:FuncIndex is 294, time overhead is 0.0408930778503418
INFO:root:fpMax() missing 1 required positional argument: 'b'
INFO:__main__:used memory: 0 M
INFO:__main__:FuncIndex is 295, time overhead is 0.275876522064209
INFO:root:fpMax() missing 1 required positional argument: 'b'
INFO:root:fpMax() missing 1 required positional argument: 'b'
INFO:root:fpMax() missing 1 required positional argument: 'b'
INFO:root:fpMax() missing 1 required positional argument: 'b'
INFO:__main__:used memory: -1 M
INFO:__main__:FuncIndex is 296, time overhead is 7.250674724578857
INFO:__main__:used memory: 0 M
INFO:__main__:FuncIndex is 297, time overhead is 0.03574848175048828
INFO:__main__:used memory: 0 M
INFO:__main__:FuncIndex is 298, time overhead is 16.186638593673706
INFO:__main__:used memory: 0 M
INFO:__main__:FuncIndex is 299, time overhead is 0.2526130676269531
INFO:__main__:used memory: 0 M
INFO:__main__:FuncIndex is 300, time overhead is 0.19018220901489258
INFO:__main__:used memory: 0 M
INFO:__main__:FuncIndex is 301, time overhead is 0.2907719612121582
INFO:__main__:[exception] used memory: 0 M
INFO:__main__:[exception] FuncIndex is 302, time overhead is 9.999586820602417
INFO:root:Timed out!
INFO:__main__:[exception] used memory: 3 M
INFO:__main__:[exception] FuncIndex is 303, time overhead is 90.20981621742249
INFO:root:Timed out!
INFO:__main__:used memory: 31 M
INFO:__main__:FuncIndex is 304, time overhead is 49.9032928943634
INFO:__main__:used memory: -17 M
INFO:__main__:FuncIndex is 305, time overhead is 4.05995512008667
INFO:__main__:used memory: -10 M
INFO:__main__:FuncIndex is 306, time overhead is 3.2270147800445557
INFO:__main__:used memory: 0 M
INFO:__main__:FuncIndex is 307, time overhead is 3.2261343002319336
INFO:root:fpSqrt() missing 1 required positional argument: 'a'
INFO:root:fpSqrt() missing 1 required positional argument: 'a'
INFO:__main__:used memory: -2 M
INFO:__main__:FuncIndex is 308, time overhead is 0.06747746467590332
INFO:__main__:used memory: -1 M
INFO:__main__:FuncIndex is 309, time overhead is 3.2268524169921875
INFO:__main__:used memory: 0 M
INFO:__main__:FuncIndex is 310, time overhead is 3.454155445098877
INFO:__main__:used memory: 0 M
INFO:__main__:FuncIndex is 311, time overhead is 3.5653188228607178
INFO:__main__:used memory: -1 M
INFO:__main__:FuncIndex is 312, time overhead is 3.305142879486084
INFO:__main__:used memory: 0 M
INFO:__main__:FuncIndex is 313, time overhead is 0.8636918067932129
INFO:__main__:used memory: 0 M
INFO:__main__:FuncIndex is 314, time overhead is 2.4414055347442627
INFO:__main__:used memory: 0 M
INFO:__main__:FuncIndex is 315, time overhead is 1.1298861503601074
INFO:__main__:used memory: 0 M
INFO:__main__:FuncIndex is 316, time overhead is 1.4553680419921875
INFO:__main__:used memory: 0 M
INFO:__main__:FuncIndex is 317, time overhead is 1.5679466724395752
INFO:__main__:used memory: -1 M
INFO:__main__:FuncIndex is 318, time overhead is 7.221001148223877
INFO:__main__:used memory: 1 M
INFO:__main__:FuncIndex is 319, time overhead is 0.9658734798431396
INFO:root:sort mismatch
INFO:root:sort mismatch
INFO:__main__:used memory: 0 M
INFO:__main__:FuncIndex is 320, time overhead is 0.05638694763183594
INFO:root:Timed out!
INFO:__main__:[exception] used memory: 0 M
INFO:__main__:[exception] FuncIndex is 321, time overhead is 99.32105994224548
INFO:__main__:used memory: -1 M
INFO:__main__:FuncIndex is 322, time overhead is 1.4598753452301025
INFO:__main__:used memory: 0 M
INFO:__main__:FuncIndex is 323, time overhead is 1.9466581344604492
INFO:__main__:used memory: 0 M
INFO:__main__:FuncIndex is 324, time overhead is 3.6129703521728516
INFO:root:Timed out!
INFO:__main__:used memory: 29 M
INFO:__main__:FuncIndex is 325, time overhead is 21.31920313835144
INFO:__main__:used memory: -5 M
INFO:__main__:FuncIndex is 326, time overhead is 1.5495293140411377
INFO:__main__:used memory: -16 M
INFO:__main__:FuncIndex is 327, time overhead is 1.5235652923583984
INFO:__main__:used memory: -1 M
INFO:__main__:FuncIndex is 328, time overhead is 0.46243858337402344
INFO:__main__:used memory: -1 M
INFO:__main__:FuncIndex is 329, time overhead is 1.8541359901428223
INFO:__main__:used memory: -1 M
INFO:__main__:FuncIndex is 330, time overhead is 3.488884210586548
INFO:__main__:used memory: 0 M
INFO:__main__:FuncIndex is 331, time overhead is 0.8128900527954102
INFO:__main__:[exception] used memory: 0 M
INFO:__main__:[exception] FuncIndex is 332, time overhead is 10.070680856704712
INFO:__main__:used memory: 0 M
INFO:__main__:FuncIndex is 333, time overhead is 0.3268561363220215
INFO:root:Timed out!
INFO:__main__:[exception] used memory: 0 M
INFO:__main__:[exception] FuncIndex is 334, time overhead is 90.07025980949402
INFO:root:Timed out!
INFO:__main__:[exception] used memory: 0 M
INFO:__main__:[exception] FuncIndex is 335, time overhead is 94.07641744613647
INFO:__main__:[exception] used memory: 0 M
INFO:__main__:[exception] FuncIndex is 336, time overhead is 92.27380156517029
INFO:root:Timed out!
INFO:__main__:[exception] used memory: 0 M
INFO:__main__:[exception] FuncIndex is 337, time overhead is 121.212819814682
Exception ignored in: <bound method AstRef.__del__ of param_5>
Traceback (most recent call last):
  File "/home/yangzq18/.local/lib/python3.6/site-packages/z3/z3.py", line 314, in __del__
    Z3_dec_ref(self.ctx.ref(), self.as_ast())
  File "/home/yangzq18/.local/lib/python3.6/site-packages/z3/z3core.py", line 1479, in Z3_dec_ref
    _elems.f(a0, a1)
ctypes.ArgumentError: argument 2: <class 'Exception'>: Timed out!
INFO:__main__:[exception] used memory: 0 M
INFO:__main__:[exception] FuncIndex is 338, time overhead is 91.47508764266968
INFO:root:Timed out!
INFO:__main__:[exception] used memory: 1 M
INFO:__main__:[exception] FuncIndex is 339, time overhead is 101.83597111701965
INFO:__main__:[exception] used memory: 0 M
INFO:__main__:[exception] FuncIndex is 340, time overhead is 128.85507822036743
INFO:root:First argument must be a Z3 bit-vector expression
INFO:root:First argument must be a Z3 bit-vector expression
INFO:root:First argument must be a Z3 bit-vector expression
INFO:root:First argument must be a Z3 bit-vector expression
INFO:root:First argument must be a Z3 bit-vector expression
INFO:__main__:used memory: 0 M
INFO:__main__:FuncIndex is 341, time overhead is 0.4438745975494385
INFO:__main__:used memory: 0 M
INFO:__main__:FuncIndex is 342, time overhead is 0.07328987121582031
INFO:root:sort mismatch
INFO:__main__:used memory: -1 M
INFO:__main__:FuncIndex is 343, time overhead is 5.14222526550293
INFO:__main__:used memory: 1 M
INFO:__main__:FuncIndex is 344, time overhead is 0.028411149978637695
INFO:__main__:used memory: 1 M
INFO:__main__:FuncIndex is 345, time overhead is 0.02838587760925293
INFO:__main__:used memory: -1 M
INFO:__main__:FuncIndex is 346, time overhead is 0.027202844619750977
INFO:__main__:used memory: -1 M
INFO:__main__:FuncIndex is 347, time overhead is 0.026878833770751953
INFO:__main__:used memory: 1 M
INFO:__main__:FuncIndex is 348, time overhead is 0.03443646430969238
INFO:__main__:used memory: 1 M
INFO:__main__:FuncIndex is 349, time overhead is 0.03471875190734863
INFO:__main__:used memory: -1 M
INFO:__main__:FuncIndex is 350, time overhead is 0.037369489669799805
INFO:__main__:used memory: -1 M
INFO:__main__:FuncIndex is 351, time overhead is 0.037148475646972656
INFO:__main__:used memory: 1 M
INFO:__main__:FuncIndex is 352, time overhead is 0.03917360305786133
INFO:__main__:used memory: -1 M
INFO:__main__:FuncIndex is 353, time overhead is 0.03724551200866699
INFO:__main__:used memory: 1 M
INFO:__main__:FuncIndex is 354, time overhead is 0.03775215148925781
INFO:__main__:[exception] used memory: 0 M
INFO:__main__:[exception] FuncIndex is 355, time overhead is 0.0021719932556152344
INFO:__main__:used memory: -1 M
INFO:__main__:FuncIndex is 356, time overhead is 0.030400991439819336
INFO:__main__:used memory: 0 M
INFO:__main__:FuncIndex is 357, time overhead is 0.03659462928771973
INFO:__main__:used memory: 1 M
INFO:__main__:FuncIndex is 358, time overhead is 0.03574085235595703
INFO:__main__:used memory: 0 M
INFO:__main__:FuncIndex is 359, time overhead is 0.03657031059265137
INFO:__main__:used memory: -1 M
INFO:__main__:FuncIndex is 360, time overhead is 0.03600907325744629
INFO:__main__:used memory: 1 M
INFO:__main__:FuncIndex is 361, time overhead is 0.03637075424194336
INFO:__main__:used memory: 0 M
INFO:__main__:FuncIndex is 362, time overhead is 0.03879976272583008
INFO:__main__:used memory: 0 M
INFO:__main__:FuncIndex is 363, time overhead is 0.03572845458984375
INFO:__main__:used memory: 0 M
INFO:__main__:FuncIndex is 364, time overhead is 0.5574452877044678
INFO:__main__:used memory: 1 M
INFO:__main__:FuncIndex is 365, time overhead is 0.057585954666137695
INFO:__main__:used memory: 1 M
INFO:__main__:FuncIndex is 366, time overhead is 0.036626577377319336
INFO:__main__:used memory: -1 M
INFO:__main__:FuncIndex is 367, time overhead is 0.03677725791931152
INFO:__main__:used memory: -1 M
INFO:__main__:FuncIndex is 368, time overhead is 0.03783917427062988
INFO:__main__:used memory: 0 M
INFO:__main__:FuncIndex is 369, time overhead is 0.051749229431152344
INFO:__main__:used memory: 1 M
INFO:__main__:FuncIndex is 370, time overhead is 0.04283714294433594
INFO:__main__:used memory: -1 M
INFO:__main__:FuncIndex is 371, time overhead is 0.050571441650390625
INFO:__main__:used memory: 0 M
INFO:__main__:FuncIndex is 372, time overhead is 0.044347524642944336
INFO:__main__:used memory: 0 M
INFO:__main__:FuncIndex is 373, time overhead is 0.04424333572387695
INFO:__main__:[exception] used memory: 15 M
INFO:__main__:[exception] FuncIndex is 374, time overhead is 105.98898673057556
INFO:__main__:used memory: 1 M
INFO:__main__:FuncIndex is 375, time overhead is 0.3932669162750244
INFO:root:sort mismatch
INFO:__main__:used memory: 0 M
INFO:__main__:FuncIndex is 376, time overhead is 0.03147625923156738
INFO:__main__:used memory: -1 M
INFO:__main__:FuncIndex is 377, time overhead is 0.039093732833862305
INFO:__main__:used memory: 0 M
INFO:__main__:FuncIndex is 378, time overhead is 0.04677009582519531
INFO:__main__:used memory: 1 M
INFO:__main__:FuncIndex is 379, time overhead is 0.0607457160949707
INFO:root:sort mismatch
INFO:__main__:used memory: 1 M
INFO:__main__:FuncIndex is 380, time overhead is 0.03274989128112793
INFO:__main__:used memory: -1 M
INFO:__main__:FuncIndex is 381, time overhead is 0.04872274398803711
INFO:__main__:used memory: 0 M
INFO:__main__:FuncIndex is 382, time overhead is 0.08362674713134766
INFO:__main__:used memory: 0 M
INFO:__main__:FuncIndex is 383, time overhead is 0.04739665985107422
INFO:__main__:used memory: 0 M
INFO:__main__:FuncIndex is 384, time overhead is 0.0677039623260498
INFO:__main__:used memory: 0 M
INFO:__main__:FuncIndex is 385, time overhead is 0.043685197830200195
INFO:root:reached unreachable
INFO:__main__:used memory: -1 M
INFO:__main__:FuncIndex is 386, time overhead is 0.5973694324493408
INFO:__main__:used memory: 1 M
INFO:__main__:FuncIndex is 387, time overhead is 0.05247211456298828
INFO:__main__:used memory: -1 M
INFO:__main__:FuncIndex is 388, time overhead is 0.04614090919494629
INFO:__main__:used memory: 0 M
INFO:__main__:FuncIndex is 389, time overhead is 0.04474234580993652
INFO:__main__:used memory: 0 M
INFO:__main__:FuncIndex is 390, time overhead is 0.10486268997192383
INFO:__main__:used memory: 2 M
INFO:__main__:FuncIndex is 391, time overhead is 0.028294801712036133
INFO:__main__:used memory: -1 M
INFO:__main__:FuncIndex is 392, time overhead is 0.030823230743408203
INFO:__main__:used memory: 1 M
INFO:__main__:FuncIndex is 393, time overhead is 0.02967691421508789
INFO:__main__:used memory: -1 M
INFO:__main__:FuncIndex is 394, time overhead is 0.03103327751159668
INFO:root:reached unreachable
INFO:__main__:[exception] used memory: 0 M
INFO:__main__:[exception] FuncIndex is 395, time overhead is 0.08250951766967773
INFO:__main__:used memory: 1 M
INFO:__main__:FuncIndex is 396, time overhead is 0.03124523162841797
INFO:root:First argument must be a Z3 bit-vector expression
INFO:__main__:used memory: -1 M
INFO:__main__:FuncIndex is 397, time overhead is 0.07094526290893555
INFO:__main__:used memory: 0 M
INFO:__main__:FuncIndex is 398, time overhead is 0.06842827796936035
INFO:__main__:used memory: 0 M
INFO:__main__:FuncIndex is 399, time overhead is 0.041265249252319336
INFO:root:unsupport call_indirect now
INFO:__main__:used memory: 0 M
INFO:__main__:FuncIndex is 400, time overhead is 0.036390066146850586
INFO:__main__:All time: 1862.9928121566772
